2020-02-19 16:13:22 [scrapy] DEBUG: Crawled (200) <GET https://www.indeed.fr/robots.txt> (referer: None)
2020-02-19 16:13:22 [scrapy] DEBUG: Redirecting (301) to <GET https://www.indeed.fr/emplois?q=Ing%C3%A9nieur%20> from <GET https://www.indeed.fr/jobs?q=Ing%C3%A9nieur%20>
2020-02-19 16:13:23 [scrapy] DEBUG: Crawled (200) <GET https://www.indeed.fr/emplois?q=Ing%C3%A9nieur%20> (referer: None)
2020-02-19 16:13:23 [indeed] DEBUG: 

 Crawling  https://www.indeed.fr/emplois?q=Ing%C3%A9nieur%20

2020-02-19 16:13:24 [scrapy] DEBUG: Scraped from <200 https://www.indeed.fr/emplois?q=Ing%C3%A9nieur%20>
{'company': '',
 'crawl_url': 'https://www.indeed.fr/emplois?q=Ing%C3%A9nieur%20',
 'job_title': 'Ingénieur REACH H/F',
 'link_url': '/pagead/clk?mo=r&ad=-6NYlbfkN0DUN2b5WQb1EDIJ1VOcXkP2btY8_Jwn5DWOsultnYr2G_N_i2W0F2YhhbmE6xOyA7kuTX3aV-9RXTJFO05ZnRPle1mkrVKFBprOSMqCAjyalkhLnR9p5ihDoC9lmiJHKGLoWuXkSAfbY6s1jLthruOPRJwL3rWC1q1mKSkYrQujA7VRcjDWfk2Pu1z5rAnkeE9y9LhOG_n76OFBUZYmJbG-kePRwSt-8LSjrq0IgEk1Xzhlam0MAQcfQS2QDxEX4neOX4i69TUYoiCFtXaQprUSnFf0ll5FHCP5IbqMCAZ-_ErcJ4gAWTto4nJ8t2iMqWICNf0UxbnJDUv9dNuYpaRdhXUYrj8nD38xr3ejH_YbsbKo-fORvgp1QUNt8CxhzsVMdg1_fqag5TmS25xt8_4vEyB01LghIRU4L3Q1cZ0pSJVvgFwBA2Xiu9x2idu-_7bAmcYlWIelvrdTXkT6xwyAlhQrCu-MDw75ffrXmVVQeTaOQzhshtq3&p=0&fvj=0&vjs=3',
 'location': 'Saint-Dizier (52)',
 'salary': None,
 'site': 'Indeed',
 'summary': 'Dans le cadre de nouveaux projets, nous recherchons un'}
2020-02-19 16:13:24 [scrapy] DEBUG: Scraped from <200 https://www.indeed.fr/emplois?q=Ing%C3%A9nieur%20>
{'company': '',
 'crawl_url': 'https://www.indeed.fr/emplois?q=Ing%C3%A9nieur%20',
 'job_title': 'Ingénieur méthodes & Process H/F',
 'link_url': '/pagead/clk?mo=r&ad=-6NYlbfkN0CJQjIynK2A58ru0dyZMcOug4YnImVAtVGAQVWPfsPR2MSVccHjsg4vrxqs0pzJNxefrr5J92sypTYnGk9HoYW5s3ey5c1Iox6hfmPrg0WiALltidTGHuxuZgw3k7tZeRzS-ltKW9zCWlVn32BnYtw41hWkakPMsJTceQp4iMcCRSK9WkwpPcb4-ZxQSoKRrQDRfphn6ww3vkfwH-JYQp8-NkbGCvkO4tNRW1jj7MfSr82Z_yK1AzzKNhyu-VMDyLcEd-nEustCzFq8S7HeqvH4MMJfH_mYXZzQfhlWEN598dKmlVGWiUuelKavvNB5l1ukan6WV9MfxjOe5KZJIJ1BZx-vIfZlvFFbtujSUFFKI_5fOoGhcEUqitaD2dO1GDu0K6evLgm6UvmFoEbCktYUnjPN0B_OAlpF_8eHUmGQY0Ijxn4ZTN2SgGK2Q6TS95DGwltVzrOnFaly-Hn5pLHYffb__gslc5EQa6KTFP_YKQ==&p=1&fvj=1&vjs=3',
 'location': 'Nantes (44)',
 'salary': None,
 'site': 'Indeed',
 'summary': 'Ingénieur méthodes & process h/f ou similaire: 1 an (Souhaité).'}
2020-02-19 16:13:24 [scrapy] DEBUG: Scraped from <200 https://www.indeed.fr/emplois?q=Ing%C3%A9nieur%20>
{'company': 'CANON',
 'crawl_url': 'https://www.indeed.fr/emplois?q=Ing%C3%A9nieur%20',
 'job_title': "Ingénieur d'affaire H/F",
 'link_url': '/pagead/clk?mo=r&ad=-6NYlbfkN0D8ug2A1gI-D5PoSB-Z4oRM_Cnu0yE0dFauHuLvirspjCVCnEoapHKnEBieo3X3eNmGZylpOAH96JKA5fZcajdZKug108wNicfqRMDOwy20EXQIu0tcylJXka8abGyHyr3SA9Ozo5R7CRHdQI2AwG-JKe5qhkyEsyq-dITjlGO5utNThtrxOGNs4C1kU5yfY6DE77in230Z8pLMim7GzTKE0cnzlhYEbWCfhldLnVciFWktg6B6770qgq-CEnytZfisNBA8oMVDme2tzJbmdfTbzTu-Wkmti2lu9qZBaYcMwwvaY66AEZ3plS25b9F9lFsNUNtU8k9XCGmEN5GDaggS4BYaM9BZxkMI9xiqAgdXLf6eazJPtJxWfHA3jrhN1mld0WVBn9Wiqj7INK4tLu6keGr_Zd9Mkq5IC-GnyDJAMd042qtPkbtMcJhH6Tcx-Y32S_o68morKJ4cRsAt67MWSZDaYc1Y9Uc=&p=2&fvj=1&vjs=3',
 'location': 'Paris (75)',
 'salary': '60 000 € - 80 000 € par an',
 'site': 'Indeed',
 'summary': "Découvrez cette offre d'emploi en vidéo : "
            'https://youtu.be/Ya3z-wNGYSc.'}
2020-02-19 16:13:24 [scrapy] DEBUG: Scraped from <200 https://www.indeed.fr/emplois?q=Ing%C3%A9nieur%20>
{'company': '',
 'crawl_url': 'https://www.indeed.fr/emplois?q=Ing%C3%A9nieur%20',
 'job_title': 'Ingénieur Commercial B to B H/F',
 'link_url': '/pagead/clk?mo=r&ad=-6NYlbfkN0D6b6aVIy2J_FPu3UNxPlDvigZM-IMdydOQiETL7D0i5oItLTKnsUJoDrl52TYe3-F0xSEfnV9cYbCV7XOI4N9avIWoim_xc2iaMYUnzqty1MLzpOEXP19AZrMok3xkw4IjYakLTaecVC9xr8FnFGSh4osgaCn9CfDETwaB-H4Pi-sXyTPrDmfd_f_QVNPrxd-rFoLok3vi-b4337AIPrvYjOqWQLMb9RP2rnAAV84j1zLjFImRBmwR_X0dY5_7kmU3KxB5Gb5Eeim9DR1f5JSs27gcwcCaxiwNqmCrfr5BxqrNYLFHi5iMopVf8jIUhvAlrmB-596Uz2m7_OqAwycj68BTXo1vMi8glEr-Fqg3cv7ufYXwUxUvFu9Vhjzm2Kj0uZDEul4VVb9x7xOq7MjlZpG14R62o0YcWJJBheuuiUbU1FFs8YOX2AgAozbC8proKDHjGJ7Azq9PuMjhSMyGF4t6VY2Zv0Q=&p=3&fvj=1&vjs=3',
 'location': 'Lille (59)',
 'salary': None,
 'site': 'Indeed',
 'summary': 'Ingénieur commercial b to b h/f ou similaire: 3 ans (Souhaité).'}
2020-02-19 16:13:24 [scrapy] DEBUG: Scraped from <200 https://www.indeed.fr/emplois?q=Ing%C3%A9nieur%20>
{'company': 'ILIOS CONFORT',
 'crawl_url': 'https://www.indeed.fr/emplois?q=Ing%C3%A9nieur%20',
 'job_title': 'INGÉNIEUR ETUDE PHOTOVOLTAÏQUE - H/F',
 'link_url': '/pagead/clk?mo=r&ad=-6NYlbfkN0DoVxVWLfYFGsyTEKijx5Hav0VBsccIQE7ui7W7YjePrGpr0FsYuvK4baYqF4sb7UsV_sElzNaKQaMp4b7kEin_AkTUve6NrqYFxI-15AMjZlDxj5CoTSGnY2h4Vlc0epxLmIB8tOlEIpY7kvGHWPu0Wfuk6AdHSvs6dVoclXASO4tIy6ATwrHM7ZXYBJZee6KJal7PRvJvznCiAXyhPkfRRp3W8dNdDFE4q-_8KP3wSIyF3wUTOu3af_Use-1uCgWVZqUYin1PhCT_l6_9DCh3oqc8TnmjVdVgwF95ojIvZxaa85enAex6DEwhZOvhE0SH9k92d4gx69wl-WHNbSFN2OYoXJcCHVzgiA2V99nBNPfaiuAF-NN8fMDXtIpGP10MrOAvv2LFP57eRvptMU-X-68JTtdOxI2iYKNPtkU7liZkqOiof3o5E8VZvjiAtoeuJHYPARvJ1NW5gSRTjvOL9ZbMPzA0UMuGPCrOHCANSgqhUvcdhx4U&p=4&fvj=1&vjs=3',
 'location': 'Lattes (34)',
 'salary': '2 000 € - 3 000 € par mois',
 'site': 'Indeed',
 'summary': 'Le Groupe ILIOS CONFORT est né il y a 10 ans, à Montpellier, dans '
            'le département de l’Hérault..'}
2020-02-19 16:13:25 [scrapy] DEBUG: Scraped from <200 https://www.indeed.fr/emplois?q=Ing%C3%A9nieur%20>
{'company': '',
 'crawl_url': 'https://www.indeed.fr/emplois?q=Ing%C3%A9nieur%20',
 'job_title': "Ingénieur Junior Marché de l'Energie (h/f)",
 'link_url': '/pagead/clk?mo=r&ad=-6NYlbfkN0CTNS0WgMHjtb0Nqr_GGWeKK0BdkbTlBPMLcGLeM92sfgz_Ee6-rOA__7SywUnizlRGH9MUrANh99DFWTY7LmhTZ_QQIjV0X-kfygYb0Y-bLjgzdSB8_iIJOPlPpifWAdVp17bs8kZNud5_nreGwvzaDpGwkhezAcQFYC5E3mk8ZsPpYktuhdzneSFqCXiGtBWKLAxgYPpvbQqXs2_zthdOr4PB3OphHHu1KIut2zWR9J2_HH5GpUxX0qsgZ6bAhOdWlu8Q21AzK0jJxEdeWxmL5I860UwEfbvWKqreM4at4kzs6aa8hpY2xlb2-CdOMlpSwbcfXIOcTvnUPuPn7s1bQs9XTt0kLIKm9tnIVBXWDedUHgcjirp52TeTLPGzhFe7CLqyqp9RaZ3350MnOXvHnhOXdsImoFeZf-tF_n3lBRfM9IB87vFo0sTSU9p_hy_FJx7ukO3-A0qoTzEb9BOHrB5PSNI_WFCxk9EeNr94JRZI2SeSc6lrK747vEm-vhVGnQDGU5wOgHpL425a7ZQDvFltGG4rlrKviwhvGZGw2g==&p=5&fvj=0&vjs=3',
 'location': 'Metz (57)',
 'salary': '38 000 € - 45 000 € par an',
 'site': 'Indeed',
 'summary': 'Titulaire d’un diplôme d’ingénieur de haut niveau avec un intérêt '
            'pour les marchés de l’énergie, vous êtes curieux et rigoureux.'}
2020-02-19 16:13:25 [scrapy] DEBUG: Scraped from <200 https://www.indeed.fr/emplois?q=Ing%C3%A9nieur%20>
{'company': '',
 'crawl_url': 'https://www.indeed.fr/emplois?q=Ing%C3%A9nieur%20',
 'job_title': 'Ingénieur Matériaux',
 'link_url': '/rc/clk?jk=16204fe10408dc3e&fccid=aaec0480e2e19692&vjs=3',
 'location': 'France',
 'salary': None,
 'site': 'Indeed',
 'summary': 'Master ou diplôme d’ingénieur en génie des matériaux ou '
            'équivalent avec une expérience de minimum 3/5 ans dans le '
            'domaine, avec un contact direct avec le client…'}
2020-02-19 16:13:25 [scrapy] DEBUG: Scraped from <200 https://www.indeed.fr/emplois?q=Ing%C3%A9nieur%20>
{'company': 'Département du Lot',
 'crawl_url': 'https://www.indeed.fr/emplois?q=Ing%C3%A9nieur%20',
 'job_title': 'Travailler au Département du Lot',
 'link_url': '/rc/clk?jk=63ed250bc209fd9d&fccid=2ab62c2c8f53a7a4&vjs=3',
 'location': 'Lot',
 'salary': None,
 'site': 'Indeed',
 'summary': 'Travailler au Département du Lot.'}
2020-02-19 16:13:25 [scrapy] DEBUG: Scraped from <200 https://www.indeed.fr/emplois?q=Ing%C3%A9nieur%20>
{'company': '',
 'crawl_url': 'https://www.indeed.fr/emplois?q=Ing%C3%A9nieur%20',
 'job_title': 'Ingénieur amélioration continue (F/H)',
 'link_url': '/rc/clk?jk=eb77cc4baf17541a&fccid=4c1dc7d9791a6941&vjs=3',
 'location': 'Marignier (74)',
 'salary': None,
 'site': 'Indeed',
 'summary': 'Formation supérieure de niveau Ecole d’ingénieur avec une '
            'expérience de 5.'}
2020-02-19 16:13:25 [scrapy] DEBUG: Scraped from <200 https://www.indeed.fr/emplois?q=Ing%C3%A9nieur%20>
{'company': '',
 'crawl_url': 'https://www.indeed.fr/emplois?q=Ing%C3%A9nieur%20',
 'job_title': 'STAGE INGÉNIEUR MÉTHODES UAP',
 'link_url': '/rc/clk?jk=ef9f7e9cfee2c2fe&fccid=ffac1b3685b3c240&vjs=3',
 'location': 'Annemasse (74)',
 'salary': None,
 'site': 'Indeed',
 'summary': 'Envie de relever les défis du véhicule de demain ?'}
2020-02-19 16:13:25 [scrapy] DEBUG: Scraped from <200 https://www.indeed.fr/emplois?q=Ing%C3%A9nieur%20>
{'company': '',
 'crawl_url': 'https://www.indeed.fr/emplois?q=Ing%C3%A9nieur%20',
 'job_title': 'Ingénieur (e) Qualité confirmé (e) H/F',
 'link_url': '/rc/clk?jk=434fd5dc76ca1a14&fccid=90f0cbc4a30f8dba&vjs=3',
 'location': 'Valenciennes (59)',
 'salary': None,
 'site': 'Indeed',
 'summary': "Au sein de la division Qualité, vous intégrerez l'équipe «Quality "
            'Engineering» composée de 7'}
2020-02-19 16:13:26 [scrapy] DEBUG: Scraped from <200 https://www.indeed.fr/emplois?q=Ing%C3%A9nieur%20>
{'company': '',
 'crawl_url': 'https://www.indeed.fr/emplois?q=Ing%C3%A9nieur%20',
 'job_title': 'Ingénieur de développement R&D Confirmé F/H',
 'link_url': '/rc/clk?jk=e92da656a8968d28&fccid=07661a4e5e3582cf&vjs=3',
 'location': 'La Roche-sur-Yon (85)',
 'salary': '35 000 € par an',
 'site': 'Indeed',
 'summary': 'Notre client est un éditeur de logiciels innovants dédiés au '
            'secteur de la restauration.'}
2020-02-19 16:13:26 [scrapy] DEBUG: Scraped from <200 https://www.indeed.fr/emplois?q=Ing%C3%A9nieur%20>
{'company': '',
 'crawl_url': 'https://www.indeed.fr/emplois?q=Ing%C3%A9nieur%20',
 'job_title': 'Ingénieur CI/CD H/F',
 'link_url': '/rc/clk?jk=68605d9baa683947&fccid=43c5b67847a9226c&vjs=3',
 'location': 'Pau (64)',
 'salary': None,
 'site': 'Indeed',
 'summary': "Diplômé-e d'une école d'ingénieur, vous êtes capables d’apporter "
            'des compétences en:'}
2020-02-19 16:13:26 [scrapy] DEBUG: Scraped from <200 https://www.indeed.fr/emplois?q=Ing%C3%A9nieur%20>
{'company': '',
 'crawl_url': 'https://www.indeed.fr/emplois?q=Ing%C3%A9nieur%20',
 'job_title': 'Alternant ingénieur méthode projets ou production',
 'link_url': '/company/Stanley-Black-&-Decker/jobs/Alternant-Ing%C3%A9nieur-M%C3%A9thode-Projets-Ou-Production-75ecd5ce26641058?fccid=d30328706976dba9&vjs=3',
 'location': 'Damparis (39)',
 'salary': None,
 'site': 'Indeed',
 'summary': 'La Société Stanley Black&Decker Manufacturing, *.'}
2020-02-19 16:13:26 [scrapy] DEBUG: Scraped from <200 https://www.indeed.fr/emplois?q=Ing%C3%A9nieur%20>
{'company': '',
 'crawl_url': 'https://www.indeed.fr/emplois?q=Ing%C3%A9nieur%20',
 'job_title': 'ORMES - Techniciens de production en conditionnement',
 'link_url': '/rc/clk?jk=cdcb1234b812a919&fccid=ec8a0bd60be9a6f5&vjs=3',
 'location': 'Orléans (45)',
 'salary': None,
 'site': 'Indeed',
 'summary': 'Technicien de production au sein de nos ateliers de '
            'conditionnement.'}
2020-02-19 16:13:26 [scrapy] DEBUG: Scraped from <200 https://www.indeed.fr/emplois?q=Ing%C3%A9nieur%20>
{'company': '',
 'crawl_url': 'https://www.indeed.fr/emplois?q=Ing%C3%A9nieur%20',
 'job_title': 'Ingénieur Energies Renouvelables - F/H',
 'link_url': '/company/Alterea/jobs/Ing%C3%A9nieur-Energies-Renouvelables-066360c837ec66bf?fccid=efe33954dfb411f8&vjs=3',
 'location': 'Nantes (44)',
 'salary': None,
 'site': 'Indeed',
 'summary': 'Ingénieur energies renouvelables - f/h ou similaire: 5 ans '
            '(Requis).'}
2020-02-19 16:13:27 [scrapy] DEBUG: Scraped from <200 https://www.indeed.fr/emplois?q=Ing%C3%A9nieur%20>
{'company': '',
 'crawl_url': 'https://www.indeed.fr/emplois?q=Ing%C3%A9nieur%20',
 'job_title': 'Ingénieur Etudes et Développement H/F',
 'link_url': '/pagead/clk?mo=r&ad=-6NYlbfkN0C4k4p-k5JzKkeZ2Lr19hfYmMp1S0DcJgPWWdbuG5E_sIArX6VRKNiqDukHdWSMqdSaXofdUfV4m5qo2zmyx-e7fDlIQJCB_TEy075U7HQWLVRnj50s_6kJ0NckY8JbjvawsvFJLqjlSNtMnmXna7r5QOoRF6LdPRrKprm_4-KqoLfsXEh2Ic_SVtS_6iyAnh2e_Uc8B6qpPvd2DpXcMczuOgUqYIAoWCYs73lyoG3vZtPA_P51WL9UlBIzaNT64do9Ol9_BVA8Fxum5fRzzlxdPmmAhbKUAsCdQk4lr9SxYtRl6Ozkgfi7__OJ9nuNoVkB98xkAOAyC2fnAoMPKwMqMVP7-wcp-NEds1tL3bknipBA3vBfp1CwP1KbQXPtKS8w2Zh62m9KEpjG4IpRYbcjCQMs-Z_uLijKMhOuaHBpma_6QMRnCnMDk6HDmXGfmmUxWOi5CYuUPIH6V-xby1r7&p=16&fvj=1&vjs=3',
 'location': "Villeneuve-d'Ascq (59)",
 'salary': None,
 'site': 'Indeed',
 'summary': 'Dans un contexte international et dans un environnement où la '
            'sécurité des systèmes d’information est une composante majeure, '
            'nous recrutons un'}
2020-02-19 16:13:27 [scrapy] DEBUG: Scraped from <200 https://www.indeed.fr/emplois?q=Ing%C3%A9nieur%20>
{'company': 'SEAC',
 'crawl_url': 'https://www.indeed.fr/emplois?q=Ing%C3%A9nieur%20',
 'job_title': "Ingénieur bureau d'études H/F",
 'link_url': '/pagead/clk?mo=r&ad=-6NYlbfkN0CyvmtQexVzx1pixriGlN6W2hH9gkfVFJY8U9CZ34K6-rN36WUcIhek7DViQRM5dn0ihYofntzToGcjiJNRX1qoptK23v6WRL2Fjzvmip0FkXqQtDZfovyHn_YXRlJH7cq0xbcWE3KqXSPNh5Xpy04Xmgf7YXOzha3qvGIzvkWJ1XpdOpfi416KEoTZWjoRNvccmueEisZmflJLAavIXr9YPbvVjYDdkg2Q451mGlAx4yDG5RvfcXFBqutU7SxyAEdRTH7fJ7O1j6RAtkArEMEbiDNm-F2lVSPY3g2BH00Fs0bc_YkOUba-6BVM25XKKv26wByHICgXbrpQT6ADCljxCTHvIuzzyIF204iTLiBxif6ebZ28n44FuJLoBgkRCk4BnWa1dKOpf_-CBfvHTtcUDaprO_5rXE3jDiMwsqO-JhJfgembsIOgryg19L4Dmsw7YGg0FN5F_25VHNMc7h-t&p=17&fvj=1&vjs=3',
 'location': 'Gard',
 'salary': '24 000 € - 28 000 € par an',
 'site': 'Indeed',
 'summary': "Ingénieur bureau d'études h/f ou similaire: 1 an (Requis)."}
2020-02-19 16:13:27 [scrapy] DEBUG: Crawled (200) <GET https://www.indeed.fr/jobs?q=Ing%C3%A9nieur+&start=10> (referer: https://www.indeed.fr/emplois?q=Ing%C3%A9nieur%20)
2020-02-19 16:13:27 [indeed] DEBUG: 

 Crawling  https://www.indeed.fr/jobs?q=Ing%C3%A9nieur+&start=10

2020-02-19 16:13:28 [scrapy] DEBUG: Scraped from <200 https://www.indeed.fr/jobs?q=Ing%C3%A9nieur+&start=10>
{'company': 'SOFALI',
 'crawl_url': 'https://www.indeed.fr/jobs?q=Ing%C3%A9nieur+&start=10',
 'job_title': "Ingénieur d'affaires ESN",
 'link_url': '/pagead/clk?mo=r&ad=-6NYlbfkN0DUwRMpguEI7DT0Tuz45XvOZN5jyjEGR-XH1n6J_PeQ0GTqy4JvT5XKCUFNrf8e7IMamOwLGcCKOXvc7zUOMDSZNnFgLnp8TvFL9E3xzYdk-vqEnf5-m-1RDCkMozfAB4uekoW7MsUs7EosFQCyBfSkrpEUT-LmsdraELntf05GS_EFDBDNi1B46Ew8XZSOtBk3fHxFARr-_KcMChbnSL_RCTgCOb209_YBr542V5iFQKpuN8QutD0NvoazAxGtQq-l6Ev4CUuSwIS9lNFzUUDZclQAj2SBoZjAYQt64V9y9ljcn_PR0jd44_iPl1NABXYOIrq9sA7Efcm7YP_K0XRdN3gHaZYzWY1wB_3A0_efuDm3Brf2nIv9L2CpIe4wl70I038f5h-90oQ7RVTeoLnaQfUX695p3JwpR0Y3sJgMzb5FFqCs8MugPHLyHRdbbQ69MnRBUE70zKlefEt3BPAV&p=0&fvj=1&vjs=3',
 'location': 'Paris (75)',
 'salary': '35 000 € par an',
 'site': 'Indeed',
 'summary': "Ingénieur d'affaires ou similaire: 3 ans (Requis)."}
2020-02-19 16:13:28 [scrapy] DEBUG: Scraped from <200 https://www.indeed.fr/jobs?q=Ing%C3%A9nieur+&start=10>
{'company': '',
 'crawl_url': 'https://www.indeed.fr/jobs?q=Ing%C3%A9nieur+&start=10',
 'job_title': 'Ingénieur REACH H/F',
 'link_url': '/pagead/clk?mo=r&ad=-6NYlbfkN0DUN2b5WQb1EDIJ1VOcXkP2btY8_Jwn5DWOsultnYr2G_N_i2W0F2YhhbmE6xOyA7kuTX3aV-9RXTJFO05ZnRPle1mkrVKFBprOSMqCAjyalkhLnR9p5ihDoC9lmiJHKGLoWuXkSAfbY6s1jLthruOPRJwL3rWC1q1mKSkYrQujA7VRcjDWfk2PuQH3Bx6CL9R1rx67Hv70iunX114ly0AopzQfhGVNPUPRHmbCyMnzupctPh34hKu0yNQBr2xC5ofdk6166ldn9oLNiheBKSTJHJCTRcE7bQDCmfyTkV6LQF7gT0DOwrltXQjGaYzEX6oCURDkbRhcazSwK33eJxKX_7aChy4ZLyxavj46ET5n7FdHFOVRAF649wbmjIryNjjnDPKkp6vRGF-hGxT8saHB_soM4il3H_NUTW3pc3YVKxsdiSLysjVNinlTmf3iQWQHVu5G1W4cjEuxlwAFtHnHSllxrpQynH0deiIBIgXyfQ==&p=1&fvj=0&vjs=3',
 'location': 'Saint-Dizier (52)',
 'salary': None,
 'site': 'Indeed',
 'summary': 'Dans le cadre de nouveaux projets, nous recherchons un'}
2020-02-19 16:13:28 [scrapy] DEBUG: Scraped from <200 https://www.indeed.fr/jobs?q=Ing%C3%A9nieur+&start=10>
{'company': 'APILOG Automatisme Industriel',
 'crawl_url': 'https://www.indeed.fr/jobs?q=Ing%C3%A9nieur+&start=10',
 'job_title': 'Ingénieur Automatismes Industriels',
 'link_url': '/pagead/clk?mo=r&ad=-6NYlbfkN0DF6JVSXUO5BtyVCZTLdT-IfDPjih1FLGqn5AwuUaSI3bbekXVbQI-T0EKuhQQhtClh0SGGQTIrc4ASbo94CfBZ7-ncHKJi8Llh7COsD20xKthGiJGf-n9wOMGniLzUZhtoxef1LJIhYZqdbexbya8smKKjLrou0dRxKJIqBZP3kI9JRRgGuacVdhqmzWt7lQL63DjWNXTBKfdAaSxOgU74CBjjDFYREX_4JRhfsPfgUcApj6fDvZqlEDiM5H1mWSUzKISvdKwNtEjaByXxOrshFOJBv_fHupMcHC3YZoSsztHrKonL7fkTaVJ7H9qi2reztPL3v6yceg_hTtohuMU5aQbh_jqOc6iak0tazXZPHNxqQjzyq9TkzPsx7264ynqTb5Eg7Kda3gS1gvHh8D-7-QT-O5_AkRQIoNW1rcWUJNwOPJzzFf6WCMRsFT3wcNl7zWL-VrUnDfja-z-hN-0h5-QiTvoxTZk=&p=2&fvj=1&vjs=3',
 'location': 'Chanteloup-les-Vignes (78)',
 'salary': '35 000 € - 50 000 € par an',
 'site': 'Indeed',
 'summary': 'Ingénieur automatismes industriels ou similaire: 2 ans '
            '(Souhaité).'}
2020-02-19 16:13:28 [scrapy] DEBUG: Scraped from <200 https://www.indeed.fr/jobs?q=Ing%C3%A9nieur+&start=10>
{'company': 'ILIOS CONFORT',
 'crawl_url': 'https://www.indeed.fr/jobs?q=Ing%C3%A9nieur+&start=10',
 'job_title': 'INGÉNIEUR ETUDE PHOTOVOLTAÏQUE - H/F',
 'link_url': '/pagead/clk?mo=r&ad=-6NYlbfkN0DoVxVWLfYFGsyTEKijx5Hav0VBsccIQE7ui7W7YjePrGpr0FsYuvK4baYqF4sb7UsV_sElzNaKQaMp4b7kEin_AkTUve6NrqYFxI-15AMjZlDxj5CoTSGnY2h4Vlc0epxLmIB8tOlEIpY7kvGHWPu0Wfuk6AdHSvs6dVoclXASO4tIy6ATwrHMRrdjnvBJs9UhSGC2XphuJDS24iywG2AG0dQN1Fc2_dq4F_XhtJr6w8-1QeP16vK7zDrQVcvWlRwQ8xlC_sDyaD8Lfh8C7OQeF8ccJO3k7q6lHDijWcfGzSZaFqwbVTrGoOjFo6btvxnSyvjKkyUAbcyhZgUs_C3zyvgaP4WZp-TRLdg7mIboAj6UO8RK9GP_s1Gr0_A8o8-Xs_z6PXvLwDcyzSDuQZDJYQi5ybPjyWq39ZzIFK4TLQXgQBSn23MqkjEJ7ILfgB0jXWGggedyH_uCLbPte8k5XNhSLnDEF9_HrfI4hg1wJAJCMbfhS6ym&p=3&fvj=1&vjs=3',
 'location': 'Lattes (34)',
 'salary': '2 000 € - 3 000 € par mois',
 'site': 'Indeed',
 'summary': 'Le Groupe ILIOS CONFORT est né il y a 10 ans, à Montpellier, dans '
            'le département de l’Hérault..'}
2020-02-19 16:13:28 [scrapy] DEBUG: Scraped from <200 https://www.indeed.fr/jobs?q=Ing%C3%A9nieur+&start=10>
{'company': '',
 'crawl_url': 'https://www.indeed.fr/jobs?q=Ing%C3%A9nieur+&start=10',
 'job_title': 'Ingénieur Etudes et Développement H/F',
 'link_url': '/pagead/clk?mo=r&ad=-6NYlbfkN0C4k4p-k5JzKkeZ2Lr19hfYmMp1S0DcJgPWWdbuG5E_sIArX6VRKNiqDukHdWSMqdSaXofdUfV4m5qo2zmyx-e7fDlIQJCB_TEy075U7HQWLVRnj50s_6kJ0NckY8JbjvawsvFJLqjlSNtMnmXna7r5QOoRF6LdPRrKprm_4-KqoLfsXEh2Ic_ShSMiSfWE9lUHaOx5Rdyvk0Auv3tganQ8uanif-tLNK1-bVaYf230QpkipFIsgK0ru1HRq5RzTKQIbLMB1VVq62Zx9zY3eEZbNI5M9QMuzxof4e5bXgiIqKAH9TnWOBUISm0DHk0KmmmAoJBdENeYBa0k3D--gUbQEx8cSyPu1ZffPlZlb0mobqTxuWeCGc2Xi_ihCzWAYpUBTr-FUCy3uy10YQPZ65xuDD_3w212nzOAXnx2y2-RUX-QxF11W5UhGOVNZJFUl6vGusTYKIYvEQ==&p=4&fvj=1&vjs=3',
 'location': "Villeneuve-d'Ascq (59)",
 'salary': None,
 'site': 'Indeed',
 'summary': 'Dans un contexte international et dans un environnement où la '
            'sécurité des systèmes d’information est une composante majeure, '
            'nous recrutons un'}
2020-02-19 16:13:29 [scrapy] DEBUG: Scraped from <200 https://www.indeed.fr/jobs?q=Ing%C3%A9nieur+&start=10>
{'company': 'SEAC',
 'crawl_url': 'https://www.indeed.fr/jobs?q=Ing%C3%A9nieur+&start=10',
 'job_title': "Ingénieur bureau d'études H/F",
 'link_url': '/pagead/clk?mo=r&ad=-6NYlbfkN0CyvmtQexVzx1pixriGlN6W2hH9gkfVFJY8U9CZ34K6-rN36WUcIhek7DViQRM5dn0ihYofntzToGcjiJNRX1qoptK23v6WRL2Fjzvmip0FkXqQtDZfovyHn_YXRlJH7cq0xbcWE3KqXSPNh5Xpy04Xmgf7YXOzha3qvGIzvkWJ1XpdOpfi416KWWJSEAsgW56419wjRXCwGQIhHSq40j6M_nhUcKtPTUodJfynXBxxS-enRMiW9d_Woc6NSAZKyo2mgc5Mmn9T3JTiVIMfr66muzARVuYZYZ18WY74M9Pxl4fbFmDRVOMz6CZBUp6mICrLtYMzeZGyRgZkuXBHTI5sf6GYTl8uEvtpN_fbTwmI1f95gL9afEnuouQXmwtmEinoC3UL_RmkVceFN5KGn6l55Rb8bVyL_NAa7s170FQoUqy8nrxiWaFbH4JoL9ODH1TCkop6l_Uf9g==&p=5&fvj=1&vjs=3',
 'location': 'Gard',
 'salary': '24 000 € - 28 000 € par an',
 'site': 'Indeed',
 'summary': "Ingénieur bureau d'études h/f ou similaire: 1 an (Requis)."}
2020-02-19 16:13:29 [scrapy] DEBUG: Scraped from <200 https://www.indeed.fr/jobs?q=Ing%C3%A9nieur+&start=10>
{'company': '',
 'crawl_url': 'https://www.indeed.fr/jobs?q=Ing%C3%A9nieur+&start=10',
 'job_title': "Stage de 4 à 6 mois (H/F) - Préparation de l'industrialisation "
              "d'un projet automobile",
 'link_url': '/rc/clk?jk=f059c9ec497ddfed&fccid=90f0cbc4a30f8dba&vjs=3',
 'location': 'Valenciennes (59)',
 'salary': None,
 'site': 'Indeed',
 'summary': 'Élève'}
2020-02-19 16:13:30 [scrapy] DEBUG: Scraped from <200 https://www.indeed.fr/jobs?q=Ing%C3%A9nieur+&start=10>
{'company': '',
 'crawl_url': 'https://www.indeed.fr/jobs?q=Ing%C3%A9nieur+&start=10',
 'job_title': 'Ingénieur conception mécanique H/F',
 'link_url': '/company/ALTEN-SO/jobs/Ing%C3%A9nieur-Conception-M%C3%A9canique-ac97ce93c6717b89?fccid=ebf537736e70d959&vjs=3',
 'location': 'Gujan-Mestras (33)',
 'salary': '30 000 € - 40 000 € par an',
 'site': 'Indeed',
 'summary': 'Ingenieur concep ou similaire: 1 an (Requis).'}
2020-02-19 16:13:30 [scrapy] DEBUG: Scraped from <200 https://www.indeed.fr/jobs?q=Ing%C3%A9nieur+&start=10>
{'company': 'Jifmar Offshore Services',
 'crawl_url': 'https://www.indeed.fr/jobs?q=Ing%C3%A9nieur+&start=10',
 'job_title': 'Ingénieur Projets H/F',
 'link_url': '/company/JIFMAR-OFFSHORE-SERVICES/jobs/Ing%C3%A9nieur-Projets-7ae4e467751cae1d?fccid=37f032880b03ae75&vjs=3',
 'location': 'Sète (34)',
 'salary': None,
 'site': 'Indeed',
 'summary': 'Ingénieur projets h/f ou similaire: 1 an (Souhaité).'}
2020-02-19 16:13:30 [scrapy] DEBUG: Scraped from <200 https://www.indeed.fr/jobs?q=Ing%C3%A9nieur+&start=10>
{'company': '',
 'crawl_url': 'https://www.indeed.fr/jobs?q=Ing%C3%A9nieur+&start=10',
 'job_title': 'Ingénieur Méthodes Industrialisation H/F',
 'link_url': '/rc/clk?jk=83c066c256c92434&fccid=b3885ca934ed0066&vjs=3',
 'location': 'La Teste-de-Buch (33)',
 'salary': None,
 'site': 'Indeed',
 'summary': 'Le Groupe est en 4ème position du classement Universum des '
            'entreprises préférées des jeunes'}
2020-02-19 16:13:31 [scrapy] DEBUG: Scraped from <200 https://www.indeed.fr/jobs?q=Ing%C3%A9nieur+&start=10>
{'company': 'SAMSON AGRO SASU',
 'crawl_url': 'https://www.indeed.fr/jobs?q=Ing%C3%A9nieur+&start=10',
 'job_title': 'Ingénieur Méthodes Industrialisation H/F',
 'link_url': '/company/SAMSON-AGRO-SASU/jobs/Ing%C3%A9nieur-M%C3%A9thodes-Industrialisation-6b5a6ec9570d33e2?fccid=d9a1e68967e0205c&vjs=3',
 'location': 'Landivisiau (29)',
 'salary': '2 500 € - 3 000 € par mois',
 'site': 'Indeed',
 'summary': 'Ingénieur méthodes industrialisation ou similaire: 1 an '
            '(Souhaité).'}
2020-02-19 16:13:31 [scrapy] DEBUG: Scraped from <200 https://www.indeed.fr/jobs?q=Ing%C3%A9nieur+&start=10>
{'company': 'Jifmar Offshore Services',
 'crawl_url': 'https://www.indeed.fr/jobs?q=Ing%C3%A9nieur+&start=10',
 'job_title': 'Stagiaire Ingénieur projets F/H',
 'link_url': '/company/JIFMAR-OFFSHORE-SERVICES/jobs/Stagiaire-Ing%C3%A9nieur-Projets-F-H-8641666ef6a71e5f?fccid=37f032880b03ae75&vjs=3',
 'location': 'Sète (34)',
 'salary': '561 € par mois',
 'site': 'Indeed',
 'summary': "Dernière année de diplôme d'ingénieur ou équivalent en cours."}
2020-02-19 16:13:31 [scrapy] DEBUG: Scraped from <200 https://www.indeed.fr/jobs?q=Ing%C3%A9nieur+&start=10>
{'company': '',
 'crawl_url': 'https://www.indeed.fr/jobs?q=Ing%C3%A9nieur+&start=10',
 'job_title': 'Ingénieur généraliste polyvalent débutant H/F',
 'link_url': '/rc/clk?jk=b8fe007a9a93393b&fccid=e3ff72a6ad0d45a9&vjs=3',
 'location': 'Dijon (21)',
 'salary': None,
 'site': 'Indeed',
 'summary': 'Vous serez basé sur le secteur Bourgogne Franche Comté , vous '
            "occuperez un poste d'ingénieur débutant , vous pouvez être amené "
            'à travailler dans différents…'}
2020-02-19 16:13:31 [scrapy] DEBUG: Scraped from <200 https://www.indeed.fr/jobs?q=Ing%C3%A9nieur+&start=10>
{'company': '',
 'crawl_url': 'https://www.indeed.fr/jobs?q=Ing%C3%A9nieur+&start=10',
 'job_title': 'Assistant.e Ingénieur.e Qualité - Process critique (F / H)',
 'link_url': '/rc/clk?jk=797f0f5e65689546&fccid=1807e5727f702882&vjs=3',
 'location': 'Ducey (50)',
 'salary': None,
 'site': 'Indeed',
 'summary': "Issu d'une formation de niveau Bac+5, en université ou école "
            "d'ingénieur, spécialisé dans la gestion de la qualité "
            'industrielle, vous êtes motivé par l…'}
2020-02-19 16:13:31 [scrapy] DEBUG: Scraped from <200 https://www.indeed.fr/jobs?q=Ing%C3%A9nieur+&start=10>
{'company': 'Glassolutions Centre Est Vitrage',
 'crawl_url': 'https://www.indeed.fr/jobs?q=Ing%C3%A9nieur+&start=10',
 'job_title': 'Stagiaire ingénieur(e) Amélioration Continue',
 'link_url': '/company/Glassolutions-Centre-Est-Vitrage/jobs/Stagiaire-Ing%C3%A9nieur-Am%C3%A9lioration-Continue-d5ba0391aa90d72c?fccid=3662061c907a1ba3&vjs=3',
 'location': 'Crissey (71)',
 'salary': '800 € - 1 100 € par mois',
 'site': 'Indeed',
 'summary': 'Dans le cadre du programme SAINT-GOBAIN d’amélioration continue « '
            'WCM » (World Class Manufacturing), Glassolutions France propose '
            'des stages de fin d’études…'}
2020-02-19 16:13:31 [scrapy] DEBUG: Scraped from <200 https://www.indeed.fr/jobs?q=Ing%C3%A9nieur+&start=10>
{'company': 'Abylsen STRA',
 'crawl_url': 'https://www.indeed.fr/jobs?q=Ing%C3%A9nieur+&start=10',
 'job_title': 'Ingénieur Qualité',
 'link_url': '/company/Abylsen-STRA/jobs/Ing%C3%A9nieur-Qualit%C3%A9-41ee50da9afdbbd7?fccid=0468cef8de5290ac&vjs=3',
 'location': 'Annecy (74)',
 'salary': '32 000 € - 35 000 € par an',
 'site': 'Indeed',
 'summary': 'Ingénieur qualité ou similaire: 1 an (Souhaité).'}
2020-02-19 16:13:32 [scrapy] DEBUG: Scraped from <200 https://www.indeed.fr/jobs?q=Ing%C3%A9nieur+&start=10>
{'company': '',
 'crawl_url': 'https://www.indeed.fr/jobs?q=Ing%C3%A9nieur+&start=10',
 'job_title': "Ingénieur Junior Marché de l'Energie (h/f)",
 'link_url': '/pagead/clk?mo=r&ad=-6NYlbfkN0CTNS0WgMHjtb0Nqr_GGWeKK0BdkbTlBPMLcGLeM92sfgz_Ee6-rOA__7SywUnizlRGH9MUrANh99DFWTY7LmhTZ_QQIjV0X-kfygYb0Y-bLjgzdSB8_iIJOPlPpifWAdVp17bs8kZNud5_nreGwvzaDpGwkhezAcQFYC5E3mk8ZsPpYktuhdzneSFqCXiGtBWKLAxgYPpvbQqXs2_zthdOr4PB3OphHHu1KIut2zWR9Em4Ye1pMn6ZlkVLT75_L_qhy7rdWA-jJvmDoq3-bSOApIb6-q2ORR3mYONmqMPuTAwG-wUUaNsDcBeiwje_16n0YZTbW8MLY2gcedhQ3A1p3-ZsJzoTU7XPmrFSm9P4TQdUssfBiyVlwP0EkqAyRe_d4KVRXsUuIDSXK7JpGQV-RWwtgJpNL4LE6gh1P_2Qy6LERxWTlDM3e9Im4cvnKFmjF9av4vYjL8vJc_3NMN2jdVFTYkEOAMw2dPg4v7qP4IgfuQ5Dld_UgIT6eZFZ0OV0IF3SMucbCn3-1ZSlE3-1lXH5zILmyuH04rcj6kSwlA==&p=16&fvj=0&vjs=3',
 'location': 'Metz (57)',
 'salary': '38 000 € - 45 000 € par an',
 'site': 'Indeed',
 'summary': 'Titulaire d’un diplôme d’ingénieur de haut niveau avec un intérêt '
            'pour les marchés de l’énergie, vous êtes curieux et rigoureux.'}
2020-02-19 16:13:32 [scrapy] DEBUG: Scraped from <200 https://www.indeed.fr/jobs?q=Ing%C3%A9nieur+&start=10>
{'company': '',
 'crawl_url': 'https://www.indeed.fr/jobs?q=Ing%C3%A9nieur+&start=10',
 'job_title': 'Ingénieur méthodes & Process H/F',
 'link_url': '/pagead/clk?mo=r&ad=-6NYlbfkN0CJQjIynK2A58ru0dyZMcOug4YnImVAtVGAQVWPfsPR2MSVccHjsg4vrxqs0pzJNxefrr5J92sypTYnGk9HoYW5s3ey5c1Iox6hfmPrg0WiALltidTGHuxuZgw3k7tZeRzS-ltKW9zCWlVn32BnYtw41hWkakPMsJTceQp4iMcCRSK9WkwpPcb4oD8isc0VBJUjdIzwJE5PaFPLQsjr7CtwhZSIOeE5TrsXmn6OHmpzqqrhvEBguOTTCk00scYNW8Q_loZTyHCfPoVhKjonGCDKkDHp8JBigKbXpOANIkH13GWkzcPOKxRxl88CNd6LzOQy4WOojVX6OGySKQu_K9HHptA5_O-6JtlRvOWnVdl9-2posq-pshG_9SBbxOJFKSCCllJTwesMUz7ZBsFXPcg5QNHc5YXvg2tuomg1uzl4_5cmkp6CPcMGjUg2BRaIv1OgpJVBBLlEadgxZYHyZVe-dI-1P2vDpu1F2eBGRB-Ahg==&p=17&fvj=1&vjs=3',
 'location': 'Nantes (44)',
 'salary': None,
 'site': 'Indeed',
 'summary': 'Ingénieur méthodes & process h/f ou similaire: 1 an (Souhaité).'}
2020-02-19 16:13:32 [scrapy] DEBUG: Scraped from <200 https://www.indeed.fr/jobs?q=Ing%C3%A9nieur+&start=10>
{'company': 'Groupe FONDASOL',
 'crawl_url': 'https://www.indeed.fr/jobs?q=Ing%C3%A9nieur+&start=10',
 'job_title': 'Fondasolien(ne) Ingénieur études géotechniques H/F - NANCY (54)',
 'link_url': '/pagead/clk?mo=r&ad=-6NYlbfkN0CUDYoHFrKI_rCDjTbfjbwOGoXTOA__xkeyLkEi6s2wzorQny4EN-w-QN7oDKC55OnvBhpyDfnLRYwUsbJc11sUXVX859oDsV68ji-Cnvr6cm5YFT70Cz9i5exvw0GHYo_VbXLE11zREmu5ABElrdILErmOc4DqLzCNFYPKUMN_9Y-DqFrQj6Dy9f7sXh2C551xmsYZ9RnCc_sUtqxBEiewmNVAHrwN4jrBsulUMcQmS8v9tQSGTHSW8V0jFSDhBuyFGUNDEJsh5zqS4KqpS3EOsMpe7Kyk0kQOvCqrlzaP5oGc7Vo7kRX29lPj26YhTN-9E4niOIeYyDAjYwBREEwsbEJ77ux1XIx_kP9YRP_CBVMSxLBcY-77TH-PEEBMXXcQYPFsn-8tq53ZaBWW7ZkghAv72Jl81rVuaOGr8uViwi5RubkhBzDqcxw133XtNjxS4iQ2MDKXbJTtC-ri_lqWvHbeV83Oj2mO0KcW5M5EOplhu72qzb8BHGnDUcy1VDO1Z5AHbTEBM7Un8fH2dD48qfCoLndlEVw=&p=18&fvj=1&vjs=3',
 'location': 'Nancy (54)',
 'salary': None,
 'site': 'Indeed',
 'summary': 'Ingénieur géotechnicien ou similaire: 2 ans (Souhaité).'}
2020-02-19 16:13:33 [scrapy] DEBUG: Crawled (200) <GET https://www.indeed.fr/jobs?q=Ing%C3%A9nieur&start=20> (referer: https://www.indeed.fr/jobs?q=Ing%C3%A9nieur+&start=10)
2020-02-19 16:13:33 [indeed] DEBUG: 

 Crawling  https://www.indeed.fr/jobs?q=Ing%C3%A9nieur&start=20

2020-02-19 16:13:33 [scrapy] DEBUG: Scraped from <200 https://www.indeed.fr/jobs?q=Ing%C3%A9nieur&start=20>
{'company': 'ILIOS CONFORT',
 'crawl_url': 'https://www.indeed.fr/jobs?q=Ing%C3%A9nieur&start=20',
 'job_title': 'INGÉNIEUR ETUDE PHOTOVOLTAÏQUE - H/F',
 'link_url': '/pagead/clk?mo=r&ad=-6NYlbfkN0DoVxVWLfYFGsyTEKijx5Hav0VBsccIQE7ui7W7YjePrGpr0FsYuvK4baYqF4sb7UsV_sElzNaKQaMp4b7kEin_AkTUve6NrqYFxI-15AMjZlDxj5CoTSGnY2h4Vlc0epxLmIB8tOlEIpY7kvGHWPu0Wfuk6AdHSvs6dVoclXASO4tIy6ATwrHMKyjx91IonkFfSzWkgogohqoHwJlsQpBNdy1eJyuvu6IkPEzNJn6fxBihihwjLTlTmCyWhSptLoUaQi-PPd56G52zkFqtHl3kcQC41hUf8W8ZhCEhN2jxVbOAIlEs3a8C0iFfHLvSbpJgjAX_VyRH1gTkIdBw9aWgLJO8Lfxm-sFxvN1PDfwAnBA-qM2MtDXARrSxMarlAd96Ufiei1cIEz0PJNOdxHhQrbp_F3nDxNXvkx7-McWsF6hAB2AI56p4i09SbFREGUuQsltTXoHFAYnUtx4N8v-3j3dVRyFIOVmVkkrJz7lhfsFKN04W52Vc&p=0&fvj=1&vjs=3',
 'location': 'Lattes (34)',
 'salary': '2 000 € - 3 000 € par mois',
 'site': 'Indeed',
 'summary': 'Le Groupe ILIOS CONFORT est né il y a 10 ans, à Montpellier, dans '
            'le département de l’Hérault..'}
2020-02-19 16:13:33 [scrapy] DEBUG: Scraped from <200 https://www.indeed.fr/jobs?q=Ing%C3%A9nieur&start=20>
{'company': 'SOFALI',
 'crawl_url': 'https://www.indeed.fr/jobs?q=Ing%C3%A9nieur&start=20',
 'job_title': "Ingénieur d'affaires ESN",
 'link_url': '/pagead/clk?mo=r&ad=-6NYlbfkN0DUwRMpguEI7DT0Tuz45XvOZN5jyjEGR-XH1n6J_PeQ0GTqy4JvT5XKCUFNrf8e7IMamOwLGcCKOXvc7zUOMDSZNnFgLnp8TvFL9E3xzYdk-vqEnf5-m-1RDCkMozfAB4uekoW7MsUs7EosFQCyBfSkrpEUT-LmsdraELntf05GS_EFDBDNi1B4n9GOLTg9Eks1XZJprFaJUKyHrzqXrj_0mkTuB0a7DOOaWZCsMtmbiEVkfR91xCXQVr1fImM5TQWea8xr1CJVp5hai5qOo0_nn0FnToiZ7lQTsA-WsJQbVo_xvygfcWi1ltjIdehU_1yJX1UIGehdajliCZDXTdVWv3HF_yObj7YQudmn4k7BZF2IFSLXpqc4mKKNktkN8xeM2v9H-Qqtks7JO3GX7DVm2G3N0xD5XfJsLWCTaTABsjgzoYViATXNDdPr-rh58sTNyIgKmNtEOyONe7ENqq5b&p=1&fvj=1&vjs=3',
 'location': 'Paris (75)',
 'salary': '35 000 € par an',
 'site': 'Indeed',
 'summary': "Ingénieur d'affaires ou similaire: 3 ans (Requis)."}
2020-02-19 16:13:33 [scrapy] DEBUG: Scraped from <200 https://www.indeed.fr/jobs?q=Ing%C3%A9nieur&start=20>
{'company': '',
 'crawl_url': 'https://www.indeed.fr/jobs?q=Ing%C3%A9nieur&start=20',
 'job_title': 'Ingénieur méthodes & Process H/F',
 'link_url': '/pagead/clk?mo=r&ad=-6NYlbfkN0CJQjIynK2A58ru0dyZMcOug4YnImVAtVGAQVWPfsPR2MSVccHjsg4vrxqs0pzJNxefrr5J92sypTYnGk9HoYW5s3ey5c1Iox6hfmPrg0WiALltidTGHuxuZgw3k7tZeRzS-ltKW9zCWlVn32BnYtw41hWkakPMsJTceQp4iMcCRSK9WkwpPcb4xMZ7l4j-kqKCRQCSrHCfFaurZKRvkJJWSgpQdRRWwZODOzqWoU5VzNxjjIlvARsg_yJZNjlbHVW0vc-4qbWeRcLRxfcUr1EsPUgObefQA3nRg7SeH2MRDIzOeH_Q_yP2ip8mWYOZZYbLxWkLlTHbTf9kDGc0Cxm7Fqq8EYBVaOGtfk98YzPWHRy8SVsm6AYFnIYJTWaiyYZi5Tx1fdGp03YuZFFfmmnZCx6_JG3hlEYh3m9YHGieGKM4pStLZgpIisaMpmXHR5C3pQJKkayjf8tfFnboKb_0GhMKC_I1hK4DDvAzwcWwgQ==&p=2&fvj=1&vjs=3',
 'location': 'Nantes (44)',
 'salary': None,
 'site': 'Indeed',
 'summary': 'Ingénieur méthodes & process h/f ou similaire: 1 an (Souhaité).'}
2020-02-19 16:13:33 [scrapy] DEBUG: Scraped from <200 https://www.indeed.fr/jobs?q=Ing%C3%A9nieur&start=20>
{'company': 'SEAC',
 'crawl_url': 'https://www.indeed.fr/jobs?q=Ing%C3%A9nieur&start=20',
 'job_title': "Ingénieur bureau d'études H/F",
 'link_url': '/pagead/clk?mo=r&ad=-6NYlbfkN0CyvmtQexVzx1pixriGlN6W2hH9gkfVFJY8U9CZ34K6-rN36WUcIhek7DViQRM5dn0ihYofntzToGcjiJNRX1qoptK23v6WRL2Fjzvmip0FkXqQtDZfovyHn_YXRlJH7cq0xbcWE3KqXSPNh5Xpy04Xmgf7YXOzha3qvGIzvkWJ1XpdOpfi416KPhM6njpuc01Z1TgWE62HS4qAXqsoYX7fo0bv-1R4SwvWf0HXX408NAmMdEfotcPDf8jKnUKwySApaWHhksDNtoZvr_m4DQ2QYwC76phhSGvSgn3Ee9jlZd3jKyMsp_0Jkh9B64LfiHG4PDFWi-fKr9JXk5J4p3KHlJQmHVzGWmaFcF4B-vmKO_5iGiRIPZ-PFJ17fLTOd89iaoKFf8qEysc4oK04QyhtAiFbGCCLMuwJB8_Yfq1uVsp8YUwevuooVBEwNnkWn-Sk-YqHZb-JDQ==&p=3&fvj=1&vjs=3',
 'location': 'Gard',
 'salary': '24 000 € - 28 000 € par an',
 'site': 'Indeed',
 'summary': "Ingénieur bureau d'études h/f ou similaire: 1 an (Requis)."}
2020-02-19 16:13:34 [scrapy] DEBUG: Scraped from <200 https://www.indeed.fr/jobs?q=Ing%C3%A9nieur&start=20>
{'company': '',
 'crawl_url': 'https://www.indeed.fr/jobs?q=Ing%C3%A9nieur&start=20',
 'job_title': 'Ingénieur Etudes et Développement H/F',
 'link_url': '/pagead/clk?mo=r&ad=-6NYlbfkN0C4k4p-k5JzKkeZ2Lr19hfYmMp1S0DcJgPWWdbuG5E_sIArX6VRKNiqDukHdWSMqdSaXofdUfV4m5qo2zmyx-e7fDlIQJCB_TEy075U7HQWLVRnj50s_6kJ0NckY8JbjvawsvFJLqjlSNtMnmXna7r5QOoRF6LdPRrKprm_4-KqoLfsXEh2Ic_Sbsy3ais2_GGUQTY_ZObWzdgt6MOKDdVMDuMGf4nBWxQeXZ6QldoaSqPZAlkZse0tQHwWVZ86vYyy_CH4wTbYyubaKjHhjDK-HitEqavWStja8JpmsqWxfCfO01z7WVnJk4QvRIV3PhSi4rMr4EjmtZVAKgjTmz1e__kdWN0IElCjYrGRonZymrIqyzEAHIre5ojuIVz_6OGdwGSXtDf4EQMqW9XQW8DXOU23pDlixgzqlVb9FYWnC23E3lS6-NZnjf_Fn2crDEDO1F6mI0RrOA==&p=4&fvj=1&vjs=3',
 'location': "Villeneuve-d'Ascq (59)",
 'salary': None,
 'site': 'Indeed',
 'summary': 'Dans un contexte international et dans un environnement où la '
            'sécurité des systèmes d’information est une composante majeure, '
            'nous recrutons un'}
2020-02-19 16:13:34 [scrapy] DEBUG: Scraped from <200 https://www.indeed.fr/jobs?q=Ing%C3%A9nieur&start=20>
{'company': 'APILOG Automatisme Industriel',
 'crawl_url': 'https://www.indeed.fr/jobs?q=Ing%C3%A9nieur&start=20',
 'job_title': 'Ingénieur Automatismes Industriels',
 'link_url': '/pagead/clk?mo=r&ad=-6NYlbfkN0DF6JVSXUO5BtyVCZTLdT-IfDPjih1FLGqn5AwuUaSI3bbekXVbQI-T0EKuhQQhtClh0SGGQTIrc4ASbo94CfBZ7-ncHKJi8Llh7COsD20xKthGiJGf-n9wOMGniLzUZhtoxef1LJIhYZqdbexbya8smKKjLrou0dRxKJIqBZP3kKKyeLv27WpyOJkJFROGRaLvFQe4qQrOwuQf9b3GLrqCCefAqpOnO9HUQTS33ErtzcUR6eNjDjXcGOFjqzgQRSp5EIn0rqUu-mSGzn-cZXNmC5_NDFPCPFruG5UbMwd5mlOHtcKjp_WB5Lt4OROTY7pXtnn51xOtbeUL4VMQB_Np6tySgNADzXGGXcdNj9J0CZ8eguljpMGFlpQQNSUpA7xECipjHB0VOfhbafW8XcG-kwGCswnrirEbj1QAD94CqceMTZg4QZlxuLd6Y9IdwyR4CoVBd028WhuWl3YruMFHhR_ohXzukMQ=&p=5&fvj=1&vjs=3',
 'location': 'Chanteloup-les-Vignes (78)',
 'salary': '35 000 € - 50 000 € par an',
 'site': 'Indeed',
 'summary': 'Ingénieur automatismes industriels ou similaire: 2 ans '
            '(Souhaité).'}
2020-02-19 16:13:35 [scrapy] DEBUG: Scraped from <200 https://www.indeed.fr/jobs?q=Ing%C3%A9nieur&start=20>
{'company': '',
 'crawl_url': 'https://www.indeed.fr/jobs?q=Ing%C3%A9nieur&start=20',
 'job_title': '1 ingénieur(re) Suivi des Projets Packaging en CDD (H/F) de 12 '
              'mois',
 'link_url': '/rc/clk?jk=6d8306f589c62046&fccid=90f0cbc4a30f8dba&vjs=3',
 'location': 'Valenciennes (59)',
 'salary': None,
 'site': 'Indeed',
 'summary': 'Le packaging est un outil clé au centre du TPS (Toyota Production '
            "System) permettant l'application directe des principes "
            'fondamentaux du juste à temps, tout en…'}
2020-02-19 16:13:35 [scrapy] DEBUG: Scraped from <200 https://www.indeed.fr/jobs?q=Ing%C3%A9nieur&start=20>
{'company': 'BERT CONSULTANTS',
 'crawl_url': 'https://www.indeed.fr/jobs?q=Ing%C3%A9nieur&start=20',
 'job_title': 'Ingénieur généraliste - Eau / Environnement',
 'link_url': '/company/JEAN--RAPHAEL-BERT-CONSULTANT/jobs/Ing%C3%A9nieur-G%C3%A9n%C3%A9raliste-58e0681348c2deb6?fccid=ef34e78e94e38dc9&vjs=3',
 'location': 'Orléans (45)',
 'salary': None,
 'site': 'Indeed',
 'summary': 'Ingénieur généraliste - eau / environnement ou similaire: 1 an '
            '(Souhaité).'}
2020-02-19 16:13:35 [scrapy] DEBUG: Scraped from <200 https://www.indeed.fr/jobs?q=Ing%C3%A9nieur&start=20>
{'company': '',
 'crawl_url': 'https://www.indeed.fr/jobs?q=Ing%C3%A9nieur&start=20',
 'job_title': 'Assistant ingénieur optimisation des procédés H/F',
 'link_url': '/company/MINAKEM/jobs/Assistant-Ing%C3%A9nieur-Optimisation-Des-Proc%C3%A9d%C3%A9s-61c7e541d6db1616?fccid=6ff5f7dea088d65f&vjs=3',
 'location': 'Dunkerque (59)',
 'salary': None,
 'site': 'Indeed',
 'summary': 'Assistant'}
2020-02-19 16:13:35 [scrapy] DEBUG: Scraped from <200 https://www.indeed.fr/jobs?q=Ing%C3%A9nieur&start=20>
{'company': '',
 'crawl_url': 'https://www.indeed.fr/jobs?q=Ing%C3%A9nieur&start=20',
 'job_title': 'Ingénieur Spécialiste Méthodes Composites (H/F)',
 'link_url': '/rc/clk?jk=47b1d68943e6fb59&fccid=2d0740e02e80cf22&vjs=3',
 'location': 'Nantes (44)',
 'salary': None,
 'site': 'Indeed',
 'summary': "Bac + 5 - Type diplôme d'ingénieur."}
2020-02-19 16:13:35 [scrapy] DEBUG: Scraped from <200 https://www.indeed.fr/jobs?q=Ing%C3%A9nieur&start=20>
{'company': '',
 'crawl_url': 'https://www.indeed.fr/jobs?q=Ing%C3%A9nieur&start=20',
 'job_title': 'Ingénieur Etude H/F CDI',
 'link_url': '/rc/clk?jk=8dad375cb7c43e61&fccid=d29a3630d238085c&vjs=3',
 'location': 'Annecy (74)',
 'salary': None,
 'site': 'Indeed',
 'summary': 'Située au cœur des Alpes françaises, l’entreprise Pfeiffer Vacuum '
            'SAS, forte et fière de son histoire, est filiale d’un groupe '
            'international numéro 2 mondial…'}
2020-02-19 16:13:35 [scrapy] DEBUG: Scraped from <200 https://www.indeed.fr/jobs?q=Ing%C3%A9nieur&start=20>
{'company': '',
 'crawl_url': 'https://www.indeed.fr/jobs?q=Ing%C3%A9nieur&start=20',
 'job_title': 'Ingénieur.e méthodes F/H',
 'link_url': '/rc/clk?jk=e3e707cd1a6eafec&fccid=1807e5727f702882&vjs=3',
 'location': 'Ducey (50)',
 'salary': None,
 'site': 'Indeed',
 'summary': 'Vous maîtrisez le lean manufacturing et ses outils, et êtes '
            "issu.e d’une formation d'ingénieur spécialisée dans la production "
            'industrielle et l’amélioration…'}
2020-02-19 16:13:35 [scrapy] DEBUG: Scraped from <200 https://www.indeed.fr/jobs?q=Ing%C3%A9nieur&start=20>
{'company': '',
 'crawl_url': 'https://www.indeed.fr/jobs?q=Ing%C3%A9nieur&start=20',
 'job_title': 'Ingénieur(e) Supply Chain junior - Secteur Aéronautique F/H',
 'link_url': '/company/Altran/jobs/Ing%C3%A9nieur-Supply-Chain-Junior-ad880c8b29b9f3ec?fccid=397876ae47f9c1c3&vjs=3',
 'location': 'Aix-en-Provence (13)',
 'salary': None,
 'site': 'Indeed',
 'summary': 'Ingénieur(e) supply chain junior - secteur aéronautique f/h ou '
            'similaire: 1 an (Souhaité).'}
2020-02-19 16:13:36 [scrapy] DEBUG: Scraped from <200 https://www.indeed.fr/jobs?q=Ing%C3%A9nieur&start=20>
{'company': '',
 'crawl_url': 'https://www.indeed.fr/jobs?q=Ing%C3%A9nieur&start=20',
 'job_title': 'Travel Agent Worldwide (English-speaking)',
 'link_url': '/rc/clk?jk=0d634639b1f8b2dd&fccid=7adb2a64a1f812f2&vjs=3',
 'location': 'France',
 'salary': None,
 'site': 'Indeed',
 'summary': 'Founded by travel enthusiasts in 2009, Evaneos is the market '
            'leader in connecting travelers directly with local travel agents '
            'across the planet.'}
2020-02-19 16:13:36 [scrapy] DEBUG: Scraped from <200 https://www.indeed.fr/jobs?q=Ing%C3%A9nieur&start=20>
{'company': '',
 'crawl_url': 'https://www.indeed.fr/jobs?q=Ing%C3%A9nieur&start=20',
 'job_title': 'Ingénieur analytique stabilité R&D',
 'link_url': '/rc/clk?jk=92d729fa54eff0f5&fccid=824e86658e35aee4&vjs=3',
 'location': 'Haute-Savoie',
 'salary': None,
 'site': 'Indeed',
 'summary': 'Le site d’Allergan Industrie Annecy (74) recrute un'}
2020-02-19 16:13:36 [scrapy] DEBUG: Scraped from <200 https://www.indeed.fr/jobs?q=Ing%C3%A9nieur&start=20>
{'company': '',
 'crawl_url': 'https://www.indeed.fr/jobs?q=Ing%C3%A9nieur&start=20',
 'job_title': 'Ingénieur validation fabrication Gel',
 'link_url': '/rc/clk?jk=857721f6a7982c5a&fccid=824e86658e35aee4&vjs=3',
 'location': 'Haute-Savoie',
 'salary': None,
 'site': 'Indeed',
 'summary': 'Le site d’Allergan industrie recrute un'}
2020-02-19 16:13:36 [scrapy] DEBUG: Scraped from <200 https://www.indeed.fr/jobs?q=Ing%C3%A9nieur&start=20>
{'company': '',
 'crawl_url': 'https://www.indeed.fr/jobs?q=Ing%C3%A9nieur&start=20',
 'job_title': "Ingénieur Junior Marché de l'Energie (h/f)",
 'link_url': '/pagead/clk?mo=r&ad=-6NYlbfkN0CTNS0WgMHjtb0Nqr_GGWeKK0BdkbTlBPMLcGLeM92sfgz_Ee6-rOA__7SywUnizlRGH9MUrANh99DFWTY7LmhTZ_QQIjV0X-kfygYb0Y-bLjgzdSB8_iIJOPlPpifWAdVp17bs8kZNud5_nreGwvzaDpGwkhezAcQFYC5E3mk8ZsPpYktuhdzneSFqCXiGtBWKLAxgYPpvbQqXs2_zthdOr4PB3OphHHu1KIut2zWR9HOpGIptjYeuRjRdLjTION4G1GXL4j8lRF2wRRKcSwXH8h4DpEXX4SN3fDs9nX4sF71utoYdVqv6boURGCxgIFIv-soYW7WW0G2ktYqwazBbgJ486hKWBj9GDWuDfqJmszigSKrwO7yI6NEOhpySxbKI-F5lAwhuO-yr3sSLSHQi_CJQhbvOBM5WUq1Mty16NSm_50wbPUDC_oXeIy4N-NKD7CTlQgQFhY2faLoWUXyoB4J1GmCwE10sR0flsBl14od1u9yUSN9bLJfQcClX3l4YRVPKiku1KNFDGOJlkvvD9bENgXIyjGICSRj5eRg0Zw==&p=16&fvj=0&vjs=3',
 'location': 'Metz (57)',
 'salary': '38 000 € - 45 000 € par an',
 'site': 'Indeed',
 'summary': 'Titulaire d’un diplôme d’ingénieur de haut niveau avec un intérêt '
            'pour les marchés de l’énergie, vous êtes curieux et rigoureux.'}
2020-02-19 16:13:36 [scrapy] DEBUG: Scraped from <200 https://www.indeed.fr/jobs?q=Ing%C3%A9nieur&start=20>
{'company': '',
 'crawl_url': 'https://www.indeed.fr/jobs?q=Ing%C3%A9nieur&start=20',
 'job_title': 'Ingénieur Commercial B to B H/F',
 'link_url': '/pagead/clk?mo=r&ad=-6NYlbfkN0D6b6aVIy2J_FPu3UNxPlDvigZM-IMdydOQiETL7D0i5oItLTKnsUJoDrl52TYe3-F0xSEfnV9cYbCV7XOI4N9avIWoim_xc2iaMYUnzqty1MLzpOEXP19AZrMok3xkw4IjYakLTaecVC9xr8FnFGSh4osgaCn9CfDETwaB-H4Pi-sXyTPrDmfdEwsZCudrCccwQDAJpJwkQ7G-tD3F3x5Zv2cw-kmlY3bEuFRzg34JmUSWdsU7kApu_NiU2qYQviUf0kOO7w01qJ3uvnnooWEajLoVRNWJbGpbJ1N4KKLd6dT91yhNkqxSv7cZM5HlTVJX7PNUUCw_y4WyB3CZm9Pl_e0-sckPGPok6uXI2waY3lCnnqTjxrryWaCu_W7LCuFsKTcvIUesGinmhsur9qp_o43v9lfjSx3l4ARxu6iHiyqx4ZWyuNrK2CuTt31Si-8LQvdPbv6hPOUSy_2SwABei0CsI32W6tM=&p=17&fvj=1&vjs=3',
 'location': 'Lille (59)',
 'salary': None,
 'site': 'Indeed',
 'summary': 'Ingénieur commercial b to b h/f ou similaire: 3 ans (Souhaité).'}
2020-02-19 16:13:36 [scrapy] DEBUG: Scraped from <200 https://www.indeed.fr/jobs?q=Ing%C3%A9nieur&start=20>
{'company': '',
 'crawl_url': 'https://www.indeed.fr/jobs?q=Ing%C3%A9nieur&start=20',
 'job_title': 'Ingénieur REACH H/F',
 'link_url': '/pagead/clk?mo=r&ad=-6NYlbfkN0DUN2b5WQb1EDIJ1VOcXkP2btY8_Jwn5DWOsultnYr2G_N_i2W0F2YhhbmE6xOyA7kuTX3aV-9RXTJFO05ZnRPle1mkrVKFBprOSMqCAjyalkhLnR9p5ihDoC9lmiJHKGLoWuXkSAfbY6s1jLthruOPRJwL3rWC1q1mKSkYrQujA7VRcjDWfk2PxzRIGImwF_DzmeqWQSeavwo9oW5dr8939fNgi8OffgPRuNENofXVpkiKkZKVq7xALbsEofS_71HfXYsu16mT_hMJVpDTGhfOasU0o2aYDf27RttG1psFi_JhCtpz9YW_Jq3uank5lNfgmIuyDf5NZH2siGfaQ-wdc-Z0PTVGBBIxu-RNpwAS0wJmmL3kQnWPbG_9glS0y5u2WdQKm1UWV8Hw1fnPos1hA91GOX7Gp0RlluYlT7i7Vdg9oOoChaoD2GPPy0KsRtwPGe8MT6EwIg9JgzMuBkHzWZ2Xmw6aEcBAFtEqyZR9RQ==&p=18&fvj=0&vjs=3',
 'location': 'Saint-Dizier (52)',
 'salary': None,
 'site': 'Indeed',
 'summary': 'Dans le cadre de nouveaux projets, nous recherchons un'}
2020-02-19 16:13:37 [scrapy] DEBUG: Crawled (200) <GET https://www.indeed.fr/jobs?q=Ing%C3%A9nieur&start=30> (referer: https://www.indeed.fr/jobs?q=Ing%C3%A9nieur&start=20)
2020-02-19 16:13:37 [indeed] DEBUG: 

 Crawling  https://www.indeed.fr/jobs?q=Ing%C3%A9nieur&start=30

2020-02-19 16:13:39 [scrapy] DEBUG: Scraped from <200 https://www.indeed.fr/jobs?q=Ing%C3%A9nieur&start=30>
{'company': '',
 'crawl_url': 'https://www.indeed.fr/jobs?q=Ing%C3%A9nieur&start=30',
 'job_title': 'Ingénieur Systèmes et Réseaux - H/F',
 'link_url': '/pagead/clk?mo=r&ad=-6NYlbfkN0Djw8SN3gNsoczWBTRibZQsSK83yu4hguPJOEkmqPjUFZsX-2D3uAv1NaXOM0e2gGM6UaHtEmPLvUZ-Xlxe4eMnjZ5NaKK-OHq73ZzQsjlIOtvcQiHZsYqhBwMVA_YdwW5GusaCaxZ6WJm0CiNG15bLtSjmY9oh8zL4ryjFksLiF9MRMU2b3Mus9KAUoPC9_05y1wYa5vvyPnG38D7gcnsg8Jjii3F82fj4SjtjN5fYFwGLDD7lHUvYLyjm4t3f5tAI44lwA9af4SA5_iE7jrsngMbKFSuP1LpczWSods-1WKOSzKyzyTNMq7av07AA5Ps5izqK_OHhtD4c3ule9DglAgPZUN62rEAf-Ggs4Na93-sKub6VEx6qM0fIB_51psmRoODvmXDjDN13jJ0Cup_jp5mqVccVtUTXTKLrXDB4Yajhn0J3hxGfui9fHfnFjgokDDi6e7DKjFexHQbmiJAYBV-C6bLWn_q-M06JOlOUk6jZVNHMklbzMTK277bOFMuzQ0qADR84PA==&p=0&fvj=0&vjs=3',
 'location': 'Glisy (80)',
 'salary': None,
 'site': 'Indeed',
 'summary': 'Assister les'}
2020-02-19 16:13:39 [scrapy] DEBUG: Scraped from <200 https://www.indeed.fr/jobs?q=Ing%C3%A9nieur&start=30>
{'company': 'OUTREMER TELECOM',
 'crawl_url': 'https://www.indeed.fr/jobs?q=Ing%C3%A9nieur&start=30',
 'job_title': 'Ingénieur Réseau Core & Vas (NSS) H/F',
 'link_url': '/pagead/clk?mo=r&ad=-6NYlbfkN0ANVR7qhJ2D3RLJwT2VKKKxIAtenSzWuHAexBhM6KtDoaBXZroVjMdsdNxpmHZ8xS0agr55qgzsjkOFlWdxyDRDVuY6je58IkWiuPGDC7IYciRsDtWCGjpOXh6VFI17_yBYIfe0uN-8xhuyGSvt_Fqs092slSytq20fJE8zZyT1Oh4woRbpE7U1sS0qg2ABolwGZWjq5xB7r7G2or4ENvzFexbBFoGX9bg2wL734IZwPRNfOA_V5H5P990IB7szBOgBBb4yz9EroEmYgRWskDinN3zfJw6nSi0jJCTKmOd4wQEmAuCDsP-rtSp-3Q33FvYGuH_q1a6Qgsfq7rBBlaZT90NQb-tNS5SA1RgdkV6I6pqyKXOA3CIDUt_1vizn6JmTL2IHv8bM670UMIWiTyI44EEe6FyZZ-aiDilG4DZlVOp05u4SUnbfmSWSgwRpvhE=&p=1&fvj=1&vjs=3',
 'location': 'Fort-de-France (MQ)',
 'salary': None,
 'site': 'Indeed',
 'summary': 'Ingénieur réseau core & vas (nss) ou similaire: 1 an (Souhaité).'}
2020-02-19 16:13:39 [scrapy] DEBUG: Scraped from <200 https://www.indeed.fr/jobs?q=Ing%C3%A9nieur&start=30>
{'company': 'ILIOS CONFORT',
 'crawl_url': 'https://www.indeed.fr/jobs?q=Ing%C3%A9nieur&start=30',
 'job_title': 'INGÉNIEUR ETUDE PHOTOVOLTAÏQUE - H/F',
 'link_url': '/pagead/clk?mo=r&ad=-6NYlbfkN0DoVxVWLfYFGsyTEKijx5Hav0VBsccIQE7ui7W7YjePrGpr0FsYuvK4baYqF4sb7UsV_sElzNaKQaMp4b7kEin_AkTUve6NrqYFxI-15AMjZlDxj5CoTSGnY2h4Vlc0epxLmIB8tOlEIpY7kvGHWPu0Wfuk6AdHSvs6dVoclXASO4tIy6ATwrHM6_JU3h6Eep-GnPc3-1yIE4pzuCjdpl35bIHa-2CZ0-ZzPahaATLV09ooJH91q5fiq5ruM5UHEY3gofR-HbKJABWBWeg0hEuhI9ZMkBcq_biYFmXijNcNegXQBZI2haO_h1DmEoxv-RwVzrdmiJ4UNOSfJU1FGMT_eKmlCalpMNB61ndi_UG1QBkNYD_4UAqZte8GxCevmJR5JZJISjSsagzkzgMDz8WOfEUeTifWeFsCaoQ_KTML1aK8hp-liYXs1nJ-Mvhk5kmJtlaCUgSEYbuTfSL5Xlpes8l_r0ztVC_RRchhxRH_jRjZhIb588Wk&p=2&fvj=1&vjs=3',
 'location': 'Lattes (34)',
 'salary': '2 000 € - 3 000 € par mois',
 'site': 'Indeed',
 'summary': 'Le Groupe ILIOS CONFORT est né il y a 10 ans, à Montpellier, dans '
            'le département de l’Hérault..'}
2020-02-19 16:13:40 [scrapy] DEBUG: Scraped from <200 https://www.indeed.fr/jobs?q=Ing%C3%A9nieur&start=30>
{'company': '',
 'crawl_url': 'https://www.indeed.fr/jobs?q=Ing%C3%A9nieur&start=30',
 'job_title': "Ingénieur Junior Marché de l'Energie (h/f)",
 'link_url': '/pagead/clk?mo=r&ad=-6NYlbfkN0CTNS0WgMHjtb0Nqr_GGWeKK0BdkbTlBPMLcGLeM92sfgz_Ee6-rOA__7SywUnizlRGH9MUrANh99DFWTY7LmhTZ_QQIjV0X-kfygYb0Y-bLjgzdSB8_iIJOPlPpifWAdVp17bs8kZNud5_nreGwvzaDpGwkhezAcQFYC5E3mk8ZsPpYktuhdzneSFqCXiGtBWKLAxgYPpvbQqXs2_zthdOr4PB3OphHHu1KIut2zWR9D_oxeQ2KNbKH5zYrX0Hqs5gbL5pOSrJGjTxUFBQ4OinvSWwOReIYTRGDftemAcrbiX2coX731JwshEnfnhr5COEkjILfdQQ3vaH3DflrI1gO4vB30p1nvbcRDIxOTkck1oNYGvBjrxOwjMJB9zsPKpGoRI3ZNDS0Ed70XRRieedfruZ0TeT0Afag03b4E7WrhcxaQREqPa_K80Xc6qGASNbuhpEQb6qu_PyPKRjbV-eIhdjp0h7G44OASOuoRrijVtxFg1FWXDaRvfH19CbPYReAMHi7nPgLvrJxabkBiiBNH7Hk0kbIWG9oa8O1Tf4Mw==&p=3&fvj=0&vjs=3',
 'location': 'Metz (57)',
 'salary': '38 000 € - 45 000 € par an',
 'site': 'Indeed',
 'summary': 'Titulaire d’un diplôme d’ingénieur de haut niveau avec un intérêt '
            'pour les marchés de l’énergie, vous êtes curieux et rigoureux.'}
2020-02-19 16:13:40 [scrapy] DEBUG: Scraped from <200 https://www.indeed.fr/jobs?q=Ing%C3%A9nieur&start=30>
{'company': '',
 'crawl_url': 'https://www.indeed.fr/jobs?q=Ing%C3%A9nieur&start=30',
 'job_title': 'Ingénieur Propriété Industrielle F/H',
 'link_url': '/rc/clk?jk=82f3780f0f3c23e6&fccid=1ab127ce70437af9&vjs=3',
 'location': 'La Chevrolière (44)',
 'salary': None,
 'site': 'Indeed',
 'summary': 'Profil recherché - Formation : Bac+5 en ingénierie ou formation '
            "d'ingénieur ;"}
2020-02-19 16:13:40 [scrapy] DEBUG: Scraped from <200 https://www.indeed.fr/jobs?q=Ing%C3%A9nieur&start=30>
{'company': '',
 'crawl_url': 'https://www.indeed.fr/jobs?q=Ing%C3%A9nieur&start=30',
 'job_title': 'Ingénieur Conception Mécanique H/F',
 'link_url': '/rc/clk?jk=4a33edafbc74a8a5&fccid=865214cc5e8fd92a&vjs=3',
 'location': 'Haute-Savoie',
 'salary': None,
 'site': 'Indeed',
 'summary': 'Issu(e) d’une formation BAC+5 ou'}
2020-02-19 16:13:40 [scrapy] DEBUG: Scraped from <200 https://www.indeed.fr/jobs?q=Ing%C3%A9nieur&start=30>
{'company': '',
 'crawl_url': 'https://www.indeed.fr/jobs?q=Ing%C3%A9nieur&start=30',
 'job_title': 'Ingénieur R&D Traitement de Surface',
 'link_url': '/rc/clk?jk=38e479bf49ecdf75&fccid=e01d53bb6b51f01b&vjs=3',
 'location': 'France',
 'salary': None,
 'site': 'Indeed',
 'summary': 'Ce service est composé de docteurs,'}
2020-02-19 16:13:40 [scrapy] DEBUG: Scraped from <200 https://www.indeed.fr/jobs?q=Ing%C3%A9nieur&start=30>
{'company': '',
 'crawl_url': 'https://www.indeed.fr/jobs?q=Ing%C3%A9nieur&start=30',
 'job_title': 'Ingénieur qualité projet F/H',
 'link_url': '/rc/clk?jk=e311c1b0eb1eb2dd&fccid=4c1dc7d9791a6941&vjs=3',
 'location': 'Marignier (74)',
 'salary': None,
 'site': 'Indeed',
 'summary': 'Formations de niveaux II et I (MST, DESS, DEA, diplômes '
            "d'ingénieur) avec."}
2020-02-19 16:13:40 [scrapy] DEBUG: Scraped from <200 https://www.indeed.fr/jobs?q=Ing%C3%A9nieur&start=30>
{'company': '',
 'crawl_url': 'https://www.indeed.fr/jobs?q=Ing%C3%A9nieur&start=30',
 'job_title': 'Ingénieur stagiaire Industrialisation Méthodes (F/H)',
 'link_url': '/rc/clk?jk=7be20208ecba0df0&fccid=afcbba7ca395f114&vjs=3',
 'location': 'La Gacilly (56)',
 'salary': None,
 'site': 'Indeed',
 'summary': 'Futur'}
2020-02-19 16:13:40 [scrapy] DEBUG: Scraped from <200 https://www.indeed.fr/jobs?q=Ing%C3%A9nieur&start=30>
{'company': 'MROD',
 'crawl_url': 'https://www.indeed.fr/jobs?q=Ing%C3%A9nieur&start=30',
 'job_title': 'Ingénieur matériaux (H/F)',
 'link_url': '/rc/clk?jk=6ade66e7d0f6faa4&fccid=9b9ed73b9bf9e9ba&vjs=3',
 'location': 'Loire-Atlantique',
 'salary': None,
 'site': 'Indeed',
 'summary': "MROD, société de conseil en ingénierie recherche pour l'un de ses "
            'clients un'}
2020-02-19 16:13:41 [scrapy] DEBUG: Scraped from <200 https://www.indeed.fr/jobs?q=Ing%C3%A9nieur&start=30>
{'company': '',
 'crawl_url': 'https://www.indeed.fr/jobs?q=Ing%C3%A9nieur&start=30',
 'job_title': 'Ingénieur conception mécanique - Systèmes antennes H/F',
 'link_url': '/rc/clk?jk=9006936896299a8a&fccid=b3885ca934ed0066&vjs=3',
 'location': 'La Teste-de-Buch (33)',
 'salary': None,
 'site': 'Indeed',
 'summary': "Vous êtes titulaire d'un diplôme d'ingénieur à dominante "
            'mécanique ou master équivalent.'}
2020-02-19 16:13:41 [scrapy] DEBUG: Scraped from <200 https://www.indeed.fr/jobs?q=Ing%C3%A9nieur&start=30>
{'company': '',
 'crawl_url': 'https://www.indeed.fr/jobs?q=Ing%C3%A9nieur&start=30',
 'job_title': 'Assistant(e) Chef de Projets Site',
 'link_url': '/rc/clk?jk=27d28c1b513a05b2&fccid=1807e5727f702882&vjs=3',
 'location': 'Saint-Pourçain-sur-Sioule (03)',
 'salary': None,
 'site': 'Indeed',
 'summary': 'Sous la responsabilité d’un Chef de Projets, Vous pilotez un '
            'projet de développement d’un Nouveau Produit (Qualité / Coût / '
            'Délai).'}
2020-02-19 16:13:41 [scrapy] DEBUG: Scraped from <200 https://www.indeed.fr/jobs?q=Ing%C3%A9nieur&start=30>
{'company': '',
 'crawl_url': 'https://www.indeed.fr/jobs?q=Ing%C3%A9nieur&start=30',
 'job_title': 'Ingénieur assurance qualité fournisseurs H/F',
 'link_url': '/rc/clk?jk=9db699688e446a07&fccid=b3885ca934ed0066&vjs=3',
 'location': 'La Teste-de-Buch (33)',
 'salary': None,
 'site': 'Indeed',
 'summary': 'Le Groupe est en 4ème position du classement Universum des '
            'entreprises préférées des jeunes'}
2020-02-19 16:13:41 [scrapy] DEBUG: Scraped from <200 https://www.indeed.fr/jobs?q=Ing%C3%A9nieur&start=30>
{'company': 'Compagnie Européenne des Bains',
 'crawl_url': 'https://www.indeed.fr/jobs?q=Ing%C3%A9nieur&start=30',
 'job_title': 'Ingénieur HSE H/F',
 'link_url': '/company/VALVITAL/jobs/Ing%C3%A9nieur-HSE-db7e0dfc0e186729?fccid=a22a275db17a13e0&vjs=3',
 'location': 'Aix-les-Bains (73)',
 'salary': '3 000 € par mois',
 'site': 'Indeed',
 'summary': 'Formation minimale exigée : Formations techniques supérieures de '
            'niveau I (écoles d’ingénieurs, masters universitaires) ou bac+2 '
            'avec expérience en matière de…'}
2020-02-19 16:13:41 [scrapy] DEBUG: Scraped from <200 https://www.indeed.fr/jobs?q=Ing%C3%A9nieur&start=30>
{'company': '',
 'crawl_url': 'https://www.indeed.fr/jobs?q=Ing%C3%A9nieur&start=30',
 'job_title': 'Ingénieur méthodes & Process H/F',
 'link_url': '/pagead/clk?mo=r&ad=-6NYlbfkN0CJQjIynK2A58ru0dyZMcOug4YnImVAtVGAQVWPfsPR2MSVccHjsg4vrxqs0pzJNxefrr5J92sypTYnGk9HoYW5s3ey5c1Iox6hfmPrg0WiALltidTGHuxuZgw3k7tZeRzS-ltKW9zCWlVn32BnYtw41hWkakPMsJTceQp4iMcCRSK9WkwpPcb4YJcTB2gp6arPrAgheUAjr4B4h1GYS_tYq8lJFtWkFiFji1eabSl55QRgjyj8qhcziKt_9SFZRdlE-A_8O56kXZPBTVkkhTgQXNBFeNlqmUc4Ewy972Xps9UmmXJ0eq82UxMbpn5x8yHjIP9EibWqlN7HDg7BGpAIb9PlqvpjC371jTzyePajqsgx5xD0AyG-hFu-ycKBJuY4eSHARwGSIc68hn-bkP51EvRVOLsVV8rDrdg8hW5TvfD1unsy_alDSMUh1ec9FtBU17H5sKNb_y5D5glFh3fltREHKYnWWNksTrn3pot3sg==&p=14&fvj=1&vjs=3',
 'location': 'Nantes (44)',
 'salary': None,
 'site': 'Indeed',
 'summary': 'Ingénieur méthodes & process h/f ou similaire: 1 an (Souhaité).'}
2020-02-19 16:13:42 [scrapy] DEBUG: Scraped from <200 https://www.indeed.fr/jobs?q=Ing%C3%A9nieur&start=30>
{'company': 'SEAC',
 'crawl_url': 'https://www.indeed.fr/jobs?q=Ing%C3%A9nieur&start=30',
 'job_title': "Ingénieur bureau d'études H/F",
 'link_url': '/pagead/clk?mo=r&ad=-6NYlbfkN0CyvmtQexVzx1pixriGlN6W2hH9gkfVFJY8U9CZ34K6-rN36WUcIhek7DViQRM5dn0ihYofntzToGcjiJNRX1qoptK23v6WRL2Fjzvmip0FkXqQtDZfovyHn_YXRlJH7cq0xbcWE3KqXSPNh5Xpy04Xmgf7YXOzha3qvGIzvkWJ1XpdOpfi416K_iaenI-H2WMNeEypVxZHoTyA-ewxykThd6TTBaXnqHtRbgcxW6cSZ0VIwNvhKPgf83UuS7EjFSZajMYzCnimMkYPoDdSt4bf24QMGMUFPy96m_r1pi92ZfCkpLbiCylBCrPFh_TXZ0AC_O3udA-shl8BmV119hLNVn5RqNzh8O28IsUeN9J9VqGRlAHgYmFv269T-6rYZczvQwfmmWNnvTNNDwcn_ZcxGG5Yev4wrz88Ku-C15GBWyOdmFij8JG7YmiHvFaGchCicrcrFMsucg==&p=15&fvj=1&vjs=3',
 'location': 'Gard',
 'salary': '24 000 € - 28 000 € par an',
 'site': 'Indeed',
 'summary': "Ingénieur bureau d'études h/f ou similaire: 1 an (Requis)."}
2020-02-19 16:13:42 [scrapy] DEBUG: Scraped from <200 https://www.indeed.fr/jobs?q=Ing%C3%A9nieur&start=30>
{'company': '',
 'crawl_url': 'https://www.indeed.fr/jobs?q=Ing%C3%A9nieur&start=30',
 'job_title': 'Ingénieur Etudes et Développement H/F',
 'link_url': '/pagead/clk?mo=r&ad=-6NYlbfkN0C4k4p-k5JzKkeZ2Lr19hfYmMp1S0DcJgPWWdbuG5E_sIArX6VRKNiqDukHdWSMqdSaXofdUfV4m5qo2zmyx-e7fDlIQJCB_TEy075U7HQWLVRnj50s_6kJ0NckY8JbjvawsvFJLqjlSNtMnmXna7r5QOoRF6LdPRrKprm_4-KqoLfsXEh2Ic_S074yZsvo9M2MDaK8b9hte2o9P7IwuTXpdz-vd5xqeGOX3YxHf_wGLeRDHXHoqgHCpw4zizpJxFEGmZlWianye1d8x78dZ5kUmYyEmwJZ_jsSJyk0ciqFyC-dQOne_HTd6ztkUtmSry-og_WYBQi2NMdIp8klNGc6CSz6-GTVEScSMW35VfMq26QNmrTkSh-4lL0KqRymCBle6RwBWW7mE5SdVFA9P1o9FYxW9cUesItgSqWji7HvJUG1wxlGxOpWfhks61eB0DBavddTXQrxZQ==&p=16&fvj=1&vjs=3',
 'location': "Villeneuve-d'Ascq (59)",
 'salary': None,
 'site': 'Indeed',
 'summary': 'Dans un contexte international et dans un environnement où la '
            'sécurité des systèmes d’information est une composante majeure, '
            'nous recrutons un'}
2020-02-19 16:13:42 [scrapy] DEBUG: Scraped from <200 https://www.indeed.fr/jobs?q=Ing%C3%A9nieur&start=30>
{'company': 'APILOG Automatisme Industriel',
 'crawl_url': 'https://www.indeed.fr/jobs?q=Ing%C3%A9nieur&start=30',
 'job_title': 'Ingénieur Automatismes Industriels',
 'link_url': '/pagead/clk?mo=r&ad=-6NYlbfkN0DF6JVSXUO5BtyVCZTLdT-IfDPjih1FLGqn5AwuUaSI3bbekXVbQI-T0EKuhQQhtClh0SGGQTIrc4ASbo94CfBZ7-ncHKJi8Llh7COsD20xKthGiJGf-n9wOMGniLzUZhtoxef1LJIhYZqdbexbya8smKKjLrou0dRxKJIqBZP3kAT_jWJV6CF6Vq8GHR0CsgTJTfr6vCsBpLNkDVceWVrW5GTdHvYT1vLUzia84EOEbw3RXuPS_Onompx7Gs-T_4-ubiRbItIeQvRN6PfDNm0Cw2alCD_X3f2RSYQ-4sPBl03oz3kEPnC_z3vdw_lESgJi0zT1-PbfqZXyns0lCIojJ7lcxNJOc1l9l8dO_V9iEg65i1tGJIxKcZK8y7QzDawUyeggRaHU1ZITMt2nBxAUMHEEPk71u9rBCL8EjhDJ6JWGqRTLY4LvnBpkW6Ul9kYGdCNMCk4HHs7pZuZfwa2kesu-0kcX6NA=&p=17&fvj=1&vjs=3',
 'location': 'Chanteloup-les-Vignes (78)',
 'salary': '35 000 € - 50 000 € par an',
 'site': 'Indeed',
 'summary': 'Ingénieur automatismes industriels ou similaire: 2 ans '
            '(Souhaité).'}
2020-02-19 16:13:43 [scrapy] DEBUG: Scraped from <200 https://www.indeed.fr/jobs?q=Ing%C3%A9nieur&start=30>
{'company': '',
 'crawl_url': 'https://www.indeed.fr/jobs?q=Ing%C3%A9nieur&start=30',
 'job_title': 'Ingénieur REACH H/F',
 'link_url': '/pagead/clk?mo=r&ad=-6NYlbfkN0DUN2b5WQb1EDIJ1VOcXkP2btY8_Jwn5DWOsultnYr2G_N_i2W0F2YhhbmE6xOyA7kuTX3aV-9RXTJFO05ZnRPle1mkrVKFBprOSMqCAjyalkhLnR9p5ihDoC9lmiJHKGLoWuXkSAfbY6s1jLthruOPRJwL3rWC1q1mKSkYrQujA7VRcjDWfk2PP9HW-PxzRPW1apUKtTcB5b-fzJeef7p-bYZ3dzlOivZhs7BSE0bF2FLN7604ohSGAKBHqcWzHhznCTxDqeVDsaw_f8lo31qZZfhLW26zGA-wz_aazYIouhQW2JBdCZLIF_0vCx-0-qZHhdCULoYDn_rJYM1AlbMEBNeU_OZs8Gucsv2YwVGfj4uvrzS-wR1mckAIoMY_iGEhPAHv8SZUfCLbimhXB6p11f422qjM0W71KAwfJCXku7VdkO4c0G1GjZBMgh5dzgn3-F6oQNz8hW6jlGAiMgs-cQBQdlcYKLKhK31Yf1uyaA==&p=18&fvj=0&vjs=3',
 'location': 'Saint-Dizier (52)',
 'salary': None,
 'site': 'Indeed',
 'summary': 'Dans le cadre de nouveaux projets, nous recherchons un'}
2020-02-19 16:13:43 [scrapy] INFO: Closing spider (stop generating requests, only 5 requests allowed)
2020-02-19 16:13:43 [scrapy] INFO: Dumping Scrapy stats:
{'downloader/request_bytes': 2914,
 'downloader/request_count': 6,
 'downloader/request_method_count/GET': 6,
 'downloader/response_bytes': 381622,
 'downloader/response_count': 6,
 'downloader/response_status_count/200': 5,
 'downloader/response_status_count/301': 1,
 'elapsed_time_seconds': 20.68215,
 'finish_reason': 'stop generating requests, only 5 requests allowed',
 'finish_time': datetime.datetime(2020, 2, 19, 16, 13, 43, 215967),
 'item_scraped_count': 75,
 'log_count/DEBUG': 311,
 'log_count/INFO': 82,
 'memusage/max': 80986112,
 'memusage/startup': 80986112,
 'request_depth_max': 4,
 'response_received_count': 5,
 'robotstxt/request_count': 1,
 'robotstxt/response_count': 1,
 'robotstxt/response_status_count/200': 1,
 'scheduler/dequeued': 5,
 'scheduler/dequeued/memory': 5,
 'scheduler/enqueued': 6,
 'scheduler/enqueued/memory': 6,
 'start_time': datetime.datetime(2020, 2, 19, 16, 13, 22, 533817)}
2020-02-19 16:13:43 [scrapy] INFO: Spider closed (stop generating requests, only 5 requests allowed)
