2020-01-30 13:26:21 [scrapy] DEBUG: Crawled (200) <GET https://www.indeed.fr/robots.txt> (referer: None)
2020-01-30 13:26:21 [scrapy] DEBUG: Redirecting (301) to <GET https://www.indeed.fr/Emplois-Vendeur> from <GET https://www.indeed.fr/jobs?q=Vendeur>
2020-01-30 13:26:21 [scrapy] DEBUG: Crawled (200) <GET https://www.indeed.fr/Emplois-Vendeur> (referer: None)
2020-01-30 13:26:21 [indeed] DEBUG: 

 Crawling  https://www.indeed.fr/Emplois-Vendeur

2020-01-30 13:26:23 [scrapy] DEBUG: Scraped from <200 https://www.indeed.fr/Emplois-Vendeur>
{'company': 'CONCEPT AUDIO CLUB BOUYGUES TELECOM',
 'crawl_url': 'https://www.indeed.fr/Emplois-Vendeur',
 'job_title': 'Vendeur H/F',
 'link_url': '/pagead/clk?mo=r&ad=-6NYlbfkN0DeMbTlMiH2RBX3Fd38zVwfts_dmsoOtNnS09ITfpYe9eX7TfqT2t4FoeaWA3h0e4sJNaxKa-5HG_b0nMnwExpDr66AMjRItAdsTel5ZjkFA7NhEidvQJN6_ZAQ6Cxqa7ph3CeO9IMPaRrqcNN0mI5saIe0Ayfv0zv4rK8o4MDBfaa9BAZBNqNVq3UwuHAEMtJf3HLRPGAIB-eR3jB_I_DB28s0V6AYOFMnuR1Nad7K5UQr12PPB2FpZPl4jCojTdLGFvdYzuDBex7ZNHGCj_kRS4UqYgFcvvQMzXCjRqUSlM8qhjkD6b_VRYaSDsN5qYOcpivaahFb-ZCm4dagTDf0lKm-iESQb0yFGNqMrIBwv79PltLunNX-lVropXXDImHLfWUdDlvIrxK44ylwT-1Z4J1yopm9tgpcLPZoe9K70g==&p=0&fvj=1&vjs=3',
 'location': 'Gap (05)',
 'salary': None,
 'site': 'Indeed',
 'summary': 'Recherchons'}
2020-01-30 13:26:23 [scrapy] DEBUG: Scraped from <200 https://www.indeed.fr/Emplois-Vendeur>
{'company': '',
 'crawl_url': 'https://www.indeed.fr/Emplois-Vendeur',
 'job_title': 'Vendeur(se) concepteur(trice) cuisine',
 'link_url': '/pagead/clk?mo=r&ad=-6NYlbfkN0DyaHRk5I6PFfXdiOxTgv7caBrTU0X9EaUItNbhpRhQIGLKAzLNWjHKKT8jwv-qgEPXahcepSwpHAjaphmr3w3LMb4TEuGA4pF5aKldVNk_LQgJS8QqD06TNsq8VsInVekR7elmzcNFcfx3i4Mhnz2yN47y5yqrkB4_XkvDOAyW2wkPtJZEKW6b14v7MZcAPRzlNTbMYdYq2JKdR_kmnZ_9zalrAMsEsksyVlsBWBe6whi0E6vbo6n_axewiFnTyukTwlgLg5t3SKyl4-hkYeP-iuSkG7ZE7m6L5RKAYPg_6gDM0X-IsdFoXWN4WZmZxHQAjyn7bdngLs043TlVh58CTG7TwxjWb2-jt732KbxgOEjMJwoW_kxeSxngg14wlhlC2yB5I55y2IsrhY9NSfCgnF8w41bQM3TKU3AuFyfKGFnmJ-URdU06rx0FgSc-K_bAWfwrwo-ZOg==&p=1&fvj=1&vjs=3',
 'location': 'Condé-sur-Sarthe (61)',
 'salary': '1 596 € par mois',
 'site': 'Indeed',
 'summary': 'Réserver le meilleur accueil à VOS clients au sein de VOTRE rayon '
            'et de VOTRE magasin.'}
2020-01-30 13:26:23 [scrapy] DEBUG: Scraped from <200 https://www.indeed.fr/Emplois-Vendeur>
{'company': '',
 'crawl_url': 'https://www.indeed.fr/Emplois-Vendeur',
 'job_title': 'Equipier polyvalent (h/f) - 30h',
 'link_url': '/pagead/clk?mo=r&ad=-6NYlbfkN0Dy4HFEM-rbc--uyOeT2JmGGtW63Bg8eFIVGwG0_vNz5ynKXNnifgdUY34lpFNvVfPu6CCtshAOdqtspDjHld4HR_tDXiKIeHxADqyyKjS9MciKmvfciBk1XkYL1RSSkgPCMdB5KJ-EbU1Gf_ijhhGwkZTw7RsjpyJ1C2-GZCpwU0sG6__TCgjzIxbu7CZoI2laKtMGyBxg8i-c6QCgIk7q98LCh0UrjEzoHjkV9KpwGd986QfXgD335P1ffjwQRfRlzuevMpbpchNDtRAjvBDBvMLjB6c-8pYOGca-3Pi0xWvzma8yhyftqIAIlzHpdvBm2_0V6pzvCmrlJXqXppdHZgpzwRgYeC_xb5oxKFJ8fR-TECjlYVMva6r8oX_yAD8sfoV1FHzLUoPk1i9ca3pqo4LRRoh77p6_NAjyYwJ74WBtLofesQJimDPQRsIUlMvOX_oaPkC-AE7FzGlzJaOCO_sERgcgp0vdb_ng_caWQBATnkSVIdiLlVkHi26UswSv7-qfhPLK--qIp1mWPnXo9KgB5wO5GldtsMiVC7W46bDCErGZ7_g1HofFmAWgB6inmbpCUmSXErZZVM-A6WImcNddsXD5mluXvHpPqGqvpGNSPAL-PPXSeSDhQLelID_ApdBP-9_YPg==&p=2&fvj=0&vjs=3',
 'location': 'Liévin (62)',
 'salary': '1 374 € par mois',
 'site': 'Indeed',
 'summary': 'Garantir la qualité et la fraîcheur des produits,.'}
2020-01-30 13:26:23 [scrapy] DEBUG: Scraped from <200 https://www.indeed.fr/Emplois-Vendeur>
{'company': '',
 'crawl_url': 'https://www.indeed.fr/Emplois-Vendeur',
 'job_title': 'URGENT Vendeur (H/F)',
 'link_url': '/rc/clk?jk=f8162a877699d890&fccid=83fbed243c2e850d&vjs=3',
 'location': 'Paris (75)',
 'salary': None,
 'site': 'Indeed',
 'summary': 'Assurer la bonne tenue de la boutique et la mise en valeur de nos '
            'produits.'}
2020-01-30 13:26:23 [scrapy] DEBUG: Scraped from <200 https://www.indeed.fr/Emplois-Vendeur>
{'company': '',
 'crawl_url': 'https://www.indeed.fr/Emplois-Vendeur',
 'job_title': 'Vendeur H/F - CDI temps complet',
 'link_url': '/rc/clk?jk=8557dd277684704a&fccid=af17ea0d1d6bbbba&vjs=3',
 'location': 'Saint-Étienne (42)',
 'salary': None,
 'site': 'Indeed',
 'summary': 'Tu as envie de contribuer activement à la mise en place de '
            "l'ensemble des services disponibles dans le magasin afin d'aider "
            'les clients à prendre des décisions…'}
2020-01-30 13:26:23 [scrapy] DEBUG: Scraped from <200 https://www.indeed.fr/Emplois-Vendeur>
{'company': '',
 'crawl_url': 'https://www.indeed.fr/Emplois-Vendeur',
 'job_title': 'Vendeuse/Vendeur - Parinor - Aulany-Sous-Bois - CDI - Temps '
              'Partiel - 15H - F/H',
 'link_url': '/rc/clk?jk=2a5e55bb6ee1b622&fccid=339fd0e07baa71f8&vjs=3',
 'location': 'Aulnay-sous-Bois (93)',
 'salary': None,
 'site': 'Indeed',
 'summary': 'Rigoureux et organisé, vous veillez à la bonne tenue et à la '
            'propreté du magasin ainsi qu’au respect des normes de '
            'merchandising.'}
2020-01-30 13:26:23 [scrapy] DEBUG: Scraped from <200 https://www.indeed.fr/Emplois-Vendeur>
{'company': '',
 'crawl_url': 'https://www.indeed.fr/Emplois-Vendeur',
 'job_title': 'Vendeur H/F - CDI Temps partiel H/F',
 'link_url': '/rc/clk?jk=c89a9efa866debe6&fccid=0b96979abd32c08a&vjs=3',
 'location': 'Nancy (54)',
 'salary': None,
 'site': 'Indeed',
 'summary': 'Ambassadeur de la marque JD Sports, tu es un véritable expert de '
            'la vente : maitrise des étapes du service client, analyse des '
            'indicateurs de performance,…'}
2020-01-30 13:26:23 [scrapy] DEBUG: Scraped from <200 https://www.indeed.fr/Emplois-Vendeur>
{'company': '',
 'crawl_url': 'https://www.indeed.fr/Emplois-Vendeur',
 'job_title': 'Vendeur Meuble (h/f)',
 'link_url': '/rc/clk?jk=e47c617a701a92f2&fccid=98a961f3a80790bb&vjs=3',
 'location': 'Bordeaux (33)',
 'salary': None,
 'site': 'Indeed',
 'summary': 'Dans nos magasins, le(la) vendeur(euse) meuble est avant tout '
            'un(e) expert(e) produit.'}
2020-01-30 13:26:24 [scrapy] DEBUG: Scraped from <200 https://www.indeed.fr/Emplois-Vendeur>
{'company': '',
 'crawl_url': 'https://www.indeed.fr/Emplois-Vendeur',
 'job_title': 'VENDEUR H/F CDI TEMPS PARTIEL 30H ET 8H/SEMAINE',
 'link_url': '/rc/clk?jk=594d32695be4d483&fccid=af17ea0d1d6bbbba&vjs=3',
 'location': 'Tours (37)',
 'salary': None,
 'site': 'Indeed',
 'summary': 'Tu as envie de contribuer activement à la mise en place de '
            "l'ensemble des services disponibles dans le magasin afin d'aider "
            'les clients à prendre des décisions…'}
2020-01-30 13:26:24 [scrapy] DEBUG: Scraped from <200 https://www.indeed.fr/Emplois-Vendeur>
{'company': 'Micromania Zing',
 'crawl_url': 'https://www.indeed.fr/Emplois-Vendeur',
 'job_title': 'VENDEUR / VENDEUSE MICROMANIA ZING - H/F',
 'link_url': '/rc/clk?jk=1d112ac97befa5be&fccid=386e39d3c2009a97&vjs=3',
 'location': 'Nîmes (30)',
 'salary': None,
 'site': 'Indeed',
 'summary': "Mais notre vraie force, c'est d'être proche de nos clients, de "
            "partager leurs passions et d'avoir la volonté de répondre à leurs "
            'attentes les plus folles en…'}
2020-01-30 13:26:24 [scrapy] DEBUG: Scraped from <200 https://www.indeed.fr/Emplois-Vendeur>
{'company': '',
 'crawl_url': 'https://www.indeed.fr/Emplois-Vendeur',
 'job_title': 'Vendeur(se) Polyvalent(e) CDI 16h samedi & Dimanche',
 'link_url': '/rc/clk?jk=eeaaf70de11fc11a&fccid=b1a1dea659b6cd13&vjs=3',
 'location': 'Créteil (94)',
 'salary': None,
 'site': 'Indeed',
 'summary': 'Vous suivez la mode et les tendances.'}
2020-01-30 13:26:25 [scrapy] DEBUG: Scraped from <200 https://www.indeed.fr/Emplois-Vendeur>
{'company': '',
 'crawl_url': 'https://www.indeed.fr/Emplois-Vendeur',
 'job_title': 'Vendeur polyvalent H/F',
 'link_url': '/company/JYSK/jobs/Vendeur-Polyvalent-d17a50f07923148f?fccid=a5aea01671306f7a&vjs=3',
 'location': 'Le Grand-Quevilly (76)',
 'salary': None,
 'site': 'Indeed',
 'summary': 'Nous recherchons 1'}
2020-01-30 13:26:25 [scrapy] DEBUG: Scraped from <200 https://www.indeed.fr/Emplois-Vendeur>
{'company': 'BONOBO (Réseau)',
 'crawl_url': 'https://www.indeed.fr/Emplois-Vendeur',
 'job_title': 'VENDEUR 25H (H/F)',
 'link_url': '/rc/clk?jk=113710c0bcee044d&fccid=ad3c92f9c95dcec2&vjs=3',
 'location': 'Berck (62)',
 'salary': None,
 'site': 'Indeed',
 'summary': "Vous participez à l'implantation du magasin: réalisation du "
            'réassort et mise en application des consignes merchandising '
            'transmises par le siège ;'}
2020-01-30 13:26:25 [scrapy] DEBUG: Scraped from <200 https://www.indeed.fr/Emplois-Vendeur>
{'company': 'NUMERO 9',
 'crawl_url': 'https://www.indeed.fr/Emplois-Vendeur',
 'job_title': 'Vendeur conseil H/F',
 'link_url': '/pagead/clk?mo=r&ad=-6NYlbfkN0ATA-ngk4k6jA1ldDdILv3CjxxYvHLMx3rZgq6X_eH25Y2IYfWMQchjxQQ0ZncnFKxX0CP1Fg3VkLcxH_m3QvICYLXDUOMjpNIeA39-h9XS24Pn1m3v9ky-MY3nNmsO8edYiRGihUuRWmmG_dC89-dJVetOhFIkgDL1JapGfFggWDLddF_i7zCbpylSg7f-2Z3-d_qVnX5U2_FJRtX4wwL_a8zhurRwO77IxQ8azZcWoTt4zWuTXnEgA5Ipl9GOyyrs-kwPnaMCl96xbHmdadUi2g7g3b280XQ5JiGzMruPTT3syiasb7aXVEJ3r3wzKE1LTxbVroylS13VovtbjThO48iYaxdi1D-8TTLHcoSb6abWSWiOC89-9SWG3Lv3FTNWd071UeBtqxj24h4oL5A5dcekEgJbFtAfTtup9gtpyG5kfXjSPlHYDlf0qCzvo-w=&p=13&fvj=1&vjs=3',
 'location': 'Langueux (22)',
 'salary': '1 150 € par mois',
 'site': 'Indeed',
 'summary': "Vous ferez de l'accueil, de la vente, de l'ordonnancement de "
            'stocks.'}
2020-01-30 13:26:25 [scrapy] DEBUG: Scraped from <200 https://www.indeed.fr/Emplois-Vendeur>
{'company': '',
 'crawl_url': 'https://www.indeed.fr/Emplois-Vendeur',
 'job_title': 'Vendeur société Citroën (H/F)',
 'link_url': '/pagead/clk?mo=r&ad=-6NYlbfkN0C33Q6zPA6I01Rqm8ZO-KJmlVvxE6AN4yZSi-OR8VoThXYzyWhxdCM3-nzwT2vtdt9ozM9rBtJLPmsxn4D-4-w0l4acoCuZpqt08kt_ABPLRAmw2S5qxUdhsWcRSr-OfoPJkeL7IACb91Lj94isfpoD1zyRV-uskwpiYzaTmfoA527SHcJSmPjTyFBnQtq3gZPvAgg6MprKsHEbFyoF20zuqGut1HqZwWUiHjFFpsaD9YPv4Rrv3EhOZSVRy8aLG0Xom9inPMUs43_3x8Gv1D6jVqztNEqAnAgT0ExZAAB4EOz0OM7VH2cLlaksv4wfA1VqTp2t-ptkYXy0RaV_zS9sPxGGWqnvp_-sCtkdLLZHFYnqndz2QpxpSvkH5xz_oyEdumk5EWF-_fbdYkH-frU0pn-KaYW8lytKDw-eoBkHfJBpREZxbxoWrxQVdyOCkKs=&p=14&fvj=1&vjs=3',
 'location': 'Coulommiers (77)',
 'salary': None,
 'site': 'Indeed',
 'summary': 'Rattaché(e) au directeur du site, votre rôle est de promouvoir la '
            'marque auprès des Entreprises, Sociétés et Administrations de '
            'votre secteur d’activité, en…'}
2020-01-30 13:26:25 [scrapy] DEBUG: Crawled (200) <GET https://www.indeed.fr/jobs?q=Vendeur&start=10> (referer: https://www.indeed.fr/Emplois-Vendeur)
2020-01-30 13:26:26 [indeed] DEBUG: 

 Crawling  https://www.indeed.fr/jobs?q=Vendeur&start=10

2020-01-30 13:26:27 [scrapy] DEBUG: Scraped from <200 https://www.indeed.fr/jobs?q=Vendeur&start=10>
{'company': 'CAP HORN',
 'crawl_url': 'https://www.indeed.fr/jobs?q=Vendeur&start=10',
 'job_title': 'Caissier vendeur H/F',
 'link_url': '/pagead/clk?mo=r&ad=-6NYlbfkN0D6alKF7326OOgDAesd557Y941gxPxcCoTv-xtYHHSJxnNrGRtcdg78TgropdKK8mVla8rrbdqfV-6Va_K58RgBQrjWxXjEYvcU8ICQs97wed2ky4-uwtbud6PLj6l5usOH9j7QL_MGxmTEygYaXeAgkfnpEn1nHfL2k-x8ivFjgAsXw__GB3QZZnUAdvzS0DyhU527UH-eLHMw5-9F-saVzOlhcYOh9DCKfq1vVRC2U6Ff9--qUnfUq0j9mmwmGlMYWz87j_1DeZeEm8VFYnWFcN53UoGldn2RtygOlK85z7P5aENy72cjtGaB9kq38HOZXPP5AZmmDoHoNAEcIGS9MB2p0vXVHpeBHW8cL389hjOhuKO9gKLLosIEft6rxtRnAWSAFSPAjQ5UdlHDbrL50n6BO4LByDMUoqonLLaqk6Si_soAwc2z&p=0&fvj=1&vjs=3',
 'location': 'Châtenay-Malabry (92)',
 'salary': '1 600 € par mois',
 'site': 'Indeed',
 'summary': 'Receptionner la marchandise, la mise en rayon, renseignements '
            'clients.'}
2020-01-30 13:26:27 [scrapy] DEBUG: Scraped from <200 https://www.indeed.fr/jobs?q=Vendeur&start=10>
{'company': 'Selecta',
 'crawl_url': 'https://www.indeed.fr/jobs?q=Vendeur&start=10',
 'job_title': 'Vendeur approvisionneur H/F',
 'link_url': '/pagead/clk?mo=r&ad=-6NYlbfkN0B9_AibcWQEs-jR52uofg-OtEFJHUPOc8QSLcu8d_Dk1FL5tKOXkOhW638eJ65m-C4swsrRqWDjlkS_18_6E4nMMU_5Ew4_83tXmQKZNV54r7KmKP4P4Nzdr4FhvAd9odk-oT_HVZshfpoVHXDTH60bggMkTx6HDunM-Ky02Qna-STDz_5WFcVWDuzUWasVMtSI0w_mWEiWhjEj9S1a25lVPxpWxUcqLNes4vizQEeTEUf9aUWQMEaMRrG4v6bMJr1pMiDhvSAROPFyQl4S6GfzVsGyonvml2SU9JrN8OevoFfMHoaV16pHMHt6rIdVVw6tRDSk9VqxdN7fIvNXSB-A7J2qhqyV4DQp2HPrvtyNia48uWC4ZrcXFU6ZgmtszH2lo3zKTZgpHuMh2pV7obdqzW4PVZ0iG-AYH-efe2U4kkm_J-8JFQHpYTs9s06juoM=&p=1&fvj=1&vjs=3',
 'location': 'Le Creusot (71)',
 'salary': '1 570 € par mois',
 'site': 'Indeed',
 'summary': '_Avec plus de 9000 collaborateurs dans 16 pays, SELECTA doit '
            "l'essentiel de son succès à l'engagement de ses employés, qui "
            'rendent l’expérience de pause…'}
2020-01-30 13:26:27 [scrapy] DEBUG: Scraped from <200 https://www.indeed.fr/jobs?q=Vendeur&start=10>
{'company': '',
 'crawl_url': 'https://www.indeed.fr/jobs?q=Vendeur&start=10',
 'job_title': 'VENDEUR EN ANIMALERIE CDI 35h (H/F)',
 'link_url': '/rc/clk?jk=be278e5b60ffaecf&fccid=48312c14067303f7&vjs=3',
 'location': 'Lexy (54)',
 'salary': '1 550 € par mois',
 'site': 'Indeed',
 'summary': 'La réception, la mise en rayon et le réassort des produits.'}
2020-01-30 13:26:27 [scrapy] DEBUG: Scraped from <200 https://www.indeed.fr/jobs?q=Vendeur&start=10>
{'company': '',
 'crawl_url': 'https://www.indeed.fr/jobs?q=Vendeur&start=10',
 'job_title': 'Vendeur H/F - VEGAN',
 'link_url': '/company/Naturalia-France/jobs/Vendeur-c6634276b4f6e13a?fccid=317a9b53afe89814&vjs=3',
 'location': 'Paris 17e (75)',
 'salary': None,
 'site': 'Indeed',
 'summary': 'Développer votre connaissance produits et assurer un conseil de '
            'qualité.'}
2020-01-30 13:26:27 [scrapy] DEBUG: Scraped from <200 https://www.indeed.fr/jobs?q=Vendeur&start=10>
{'company': "BOULANGERIE PÂTISSERIE L'ESSENTIEL",
 'crawl_url': 'https://www.indeed.fr/jobs?q=Vendeur&start=10',
 'job_title': 'Vendeur conseil H/F- temps partiel',
 'link_url': "/company/BOULANGERIE-PATISSERIE-L'ESSENTIEL/jobs/Vendeur-Conseil-c8baefd7f0ba452d?fccid=4c978a2cdd89d373&vjs=3",
 'location': 'Paris (75)',
 'salary': '680 € par mois',
 'site': 'Indeed',
 'summary': 'Des produits engagés, 100% fait maison avec des ingrédients de '
            'qualité selon des méthodes artisanales.'}
2020-01-30 13:26:27 [scrapy] DEBUG: Scraped from <200 https://www.indeed.fr/jobs?q=Vendeur&start=10>
{'company': '',
 'crawl_url': 'https://www.indeed.fr/jobs?q=Vendeur&start=10',
 'job_title': 'Vendeur CDI CELIO- PARINOR (93) H/F',
 'link_url': '/rc/clk?jk=4c4db2b097a09ded&fccid=590163b494adb820&vjs=3',
 'location': 'Aulnay-sous-Bois (93)',
 'salary': None,
 'site': 'Indeed',
 'summary': 'Participer à la mise en place du merchandising et des opérations '
            'commerciales.'}
2020-01-30 13:26:27 [scrapy] DEBUG: Scraped from <200 https://www.indeed.fr/jobs?q=Vendeur&start=10>
{'company': '',
 'crawl_url': 'https://www.indeed.fr/jobs?q=Vendeur&start=10',
 'job_title': 'Vendeur H/F',
 'link_url': '/company/Naturalia-France/jobs/Vendeur-c643f9023a2f80f5?fccid=317a9b53afe89814&vjs=3',
 'location': 'Montreuil (93)',
 'salary': None,
 'site': 'Indeed',
 'summary': 'Développer votre connaissance produits et assurer un conseil de '
            'qualité.'}
2020-01-30 13:26:27 [scrapy] DEBUG: Scraped from <200 https://www.indeed.fr/jobs?q=Vendeur&start=10>
{'company': '',
 'crawl_url': 'https://www.indeed.fr/jobs?q=Vendeur&start=10',
 'job_title': 'Conseiller de Vente Livre h/f',
 'link_url': '/rc/clk?jk=7cf056403a586c68&fccid=d2af8ee56f0b6cb1&vjs=3',
 'location': 'Sorgues (84)',
 'salary': None,
 'site': 'Indeed',
 'summary': 'Vous assurez un rangement qualitatif de vos rayons afin de les '
            'rendre attractifs et contribuez ainsi à la performance du '
            'magasin.'}
2020-01-30 13:26:27 [scrapy] DEBUG: Scraped from <200 https://www.indeed.fr/jobs?q=Vendeur&start=10>
{'company': '',
 'crawl_url': 'https://www.indeed.fr/jobs?q=Vendeur&start=10',
 'job_title': 'Vendeuse/Vendeur - Rosny-Sous-Bois - CDI - 35H - F/H',
 'link_url': '/rc/clk?jk=30a835bc3468f653&fccid=339fd0e07baa71f8&vjs=3',
 'location': 'Rosny-sous-Bois (93)',
 'salary': None,
 'site': 'Indeed',
 'summary': 'Rigoureux et organisé, vous veillez à la bonne tenue et à la '
            'propreté du magasin ainsi qu’au respect des normes de '
            'merchandising.'}
2020-01-30 13:26:27 [scrapy] DEBUG: Scraped from <200 https://www.indeed.fr/jobs?q=Vendeur&start=10>
{'company': 'MORGAN (Réseau)',
 'crawl_url': 'https://www.indeed.fr/jobs?q=Vendeur&start=10',
 'job_title': 'VENDEUR (H/F) CDI 35H',
 'link_url': '/rc/clk?jk=ae4954c02a60215f&fccid=5f023574d25fd359&vjs=3',
 'location': 'Amiens (80)',
 'salary': None,
 'site': 'Indeed',
 'summary': "Vous participez à l'implantation du magasin: réalisation du "
            'réassort et mise en application des consignes merchandising '
            'transmises par le siège ;'}
2020-01-30 13:26:28 [scrapy] DEBUG: Scraped from <200 https://www.indeed.fr/jobs?q=Vendeur&start=10>
{'company': '',
 'crawl_url': 'https://www.indeed.fr/jobs?q=Vendeur&start=10',
 'job_title': 'Vendeur H/F CDI Temps Partiel',
 'link_url': '/rc/clk?jk=5f28b2dbd52da75b&fccid=af17ea0d1d6bbbba&vjs=3',
 'location': 'Orléans (45)',
 'salary': None,
 'site': 'Indeed',
 'summary': 'Tu as envie de contribuer activement à la mise en place de '
            "l'ensemble des services disponibles dans le magasin afin d'aider "
            'les clients à prendre des décisions…'}
2020-01-30 13:26:28 [scrapy] DEBUG: Scraped from <200 https://www.indeed.fr/jobs?q=Vendeur&start=10>
{'company': 'CHAMOTTE PERIGORD SENTEUR',
 'crawl_url': 'https://www.indeed.fr/jobs?q=Vendeur&start=10',
 'job_title': 'VENDEUSE/VENDEUR DEMONSTATRICE/EUR EN COSMETIQUE',
 'link_url': '/company/Chamotte-P%C3%A9rigord-Senteur/jobs/Vendeuse-Vendeur-Demonstatrice-Eur-Cosmetique-291a739956859031?fccid=74a4ec6a9f936f76&vjs=3',
 'location': 'Étretat (76)',
 'salary': '1 123 € par mois',
 'site': 'Indeed',
 'summary': 'Dans notre boutique située au cœur du village de ETRETAT, vous '
            "assurez l'accueil de la clientèle, la vente de produits "
            'cosmétiques.'}
2020-01-30 13:26:28 [scrapy] DEBUG: Scraped from <200 https://www.indeed.fr/jobs?q=Vendeur&start=10>
{'company': 'NUMERO 9',
 'crawl_url': 'https://www.indeed.fr/jobs?q=Vendeur&start=10',
 'job_title': 'Vendeur conseil H/F',
 'link_url': '/pagead/clk?mo=r&ad=-6NYlbfkN0ATA-ngk4k6jA1ldDdILv3CjxxYvHLMx3rZgq6X_eH25Y2IYfWMQchjxQQ0ZncnFKxX0CP1Fg3VkLcxH_m3QvICYLXDUOMjpNIeA39-h9XS24Pn1m3v9ky-MY3nNmsO8edYiRGihUuRWmmG_dC89-dJVetOhFIkgDL1JapGfFggWDLddF_i7zCbh83gpcNcyESW3nAz1Zi2uOyQdJs3oH67LXp9xlFUDI1gpSAf4J7HbOsxwGpx7-ZZFaZf-6T79yHYzbelB9gxhJrRlTri6EGQAYWKlLUO3fSejJs_x-fANh71r2oeUog5FSxZsLZcflkvMyRGB7Xg-dDfVev92Rs9jQUztch61epzFUc8ySx8JzpP2xBj1UM2nPwz7qeF_5QAbz7ZKUzIFXFM24C6FQ5iarPac4-STqn0mLBlHX5Ji8cbSSDs-mlnLazFmwa96vE=&p=12&fvj=1&vjs=3',
 'location': 'Langueux (22)',
 'salary': '1 150 € par mois',
 'site': 'Indeed',
 'summary': "Vous ferez de l'accueil, de la vente, de l'ordonnancement de "
            'stocks.'}
2020-01-30 13:26:28 [scrapy] DEBUG: Scraped from <200 https://www.indeed.fr/jobs?q=Vendeur&start=10>
{'company': '',
 'crawl_url': 'https://www.indeed.fr/jobs?q=Vendeur&start=10',
 'job_title': 'Vendeur H/F',
 'link_url': '/pagead/clk?mo=r&ad=-6NYlbfkN0CS61HlV8ordr7AUCrjIXubTh2tb4KsZqBS7AmzhnXf2MIzUSaerInpQTirHYAwEMXL1lSllDLGyAEA9ccUBZXvMvX3KpY7VKE1uPRgD65UuSI2PMoZPutTUDaSsYWZ4EcYJkatKPCFTIlrRIqpyShlJfkrNpX3C1mH-dadPdtvO5T_0ewv88Cep8VbTptwWft8x2XZsWTatkwyL6qMe0CRYQzj3Jc3sCdtr_kg4_RVG_TXH9CZw2ZleIkhBNhPmcAMRoJhZdKrl_7Xo3bkobx07sXov4fL34TjEwSNAifW4dJkWP1xDjlBt_N2G-uR2pPdrwHRo_HUJ7f0mWbPP0718cLs0SeUh5_HHIe8UrPBla6BVgZ7CUO08MfSGGCax-ojzGPibQNaubL_zjh94yz2iL5Ku4KZ970GFwcpj0YoCg==&p=13&fvj=1&vjs=3',
 'location': 'Nîmes (30)',
 'salary': '1 600 € - 1 800 € par mois',
 'site': 'Indeed',
 'summary': 'Travail en équipe et participation à la vie du magasin '
            '(inventaire, réassorts, tenue et organisation du magasin…).'}
2020-01-30 13:26:28 [scrapy] DEBUG: Scraped from <200 https://www.indeed.fr/jobs?q=Vendeur&start=10>
{'company': '',
 'crawl_url': 'https://www.indeed.fr/jobs?q=Vendeur&start=10',
 'job_title': 'Vendeur(se) concepteur(trice) cuisine',
 'link_url': '/pagead/clk?mo=r&ad=-6NYlbfkN0DyaHRk5I6PFfXdiOxTgv7caBrTU0X9EaUItNbhpRhQIGLKAzLNWjHKKT8jwv-qgEPXahcepSwpHAjaphmr3w3LMb4TEuGA4pF5aKldVNk_LQgJS8QqD06TNsq8VsInVekR7elmzcNFcfx3i4Mhnz2yN47y5yqrkB4_XkvDOAyW2wkPtJZEKW6bAifCnhJtJ8q2ymqwGUmTBhhgI_4e4j6r3iWvZ5g8iSf-e-LMUJ4aQ1mYwQyhjTw-eRl6CTzD7Ou29B2D1onHAXKA2X9PSUToxgQaq697ZwqeQ3wOBTtsmA5FvxojKMCUge9tQR59TdUA3KQ6yMzQyIDqzP7Vpiu5A07z6v-kH0xo40gEvb3D9EPGwecC3-IyC6zrVSHwsGypeNoG1UdxFNez_pzBxNAgkBIQ5n94IOQEfhYIITfx2ZccJXAN340G0KL4glme-MLIhknuepBq4w==&p=14&fvj=1&vjs=3',
 'location': 'Condé-sur-Sarthe (61)',
 'salary': '1 596 € par mois',
 'site': 'Indeed',
 'summary': 'Réserver le meilleur accueil à VOS clients au sein de VOTRE rayon '
            'et de VOTRE magasin.'}
2020-01-30 13:26:28 [scrapy] DEBUG: Crawled (200) <GET https://www.indeed.fr/jobs?q=Vendeur&start=20> (referer: https://www.indeed.fr/jobs?q=Vendeur&start=10)
2020-01-30 13:26:28 [indeed] DEBUG: 

 Crawling  https://www.indeed.fr/jobs?q=Vendeur&start=20

2020-01-30 13:26:29 [scrapy] DEBUG: Scraped from <200 https://www.indeed.fr/jobs?q=Vendeur&start=20>
{'company': '',
 'crawl_url': 'https://www.indeed.fr/jobs?q=Vendeur&start=20',
 'job_title': 'Vendeur F/H CDI temps complet Paris',
 'link_url': '/pagead/clk?mo=r&ad=-6NYlbfkN0C8SyVWDloTuZR2lnvX77LrlJhc_4nWaJZBL3tXgVs41pW-5xUXnjm2Po5ZGwDFwjc6ufS19zbAowRM_t4mp2Y9tUfxfyYvJkDsSnBs8YzHuzde6YZZjWhjum8CgSX087DadlFDC5w3g0RE4A_fOFucLimGAHn9MDsNgAviX6xw9dyIabQyZ1W-TTf3BGazK9bHEbGyAcdgctyvZZVXilWo40zpGIJ4uxBY-4PeSLExzL0TaYHEX3EezOJN3UVaWeghKXoH1nQKL5hMXVGPYAEQSZbl682taQOLvfMlfnMCQoajgN74AgZiPOGF61tIIDFvLe4ZfyGO8LnJgQSTUpeozi0tODNmf_6ibqsmZIWdsrNDki0JT9t22y8JVQtwR3ZXwnjyeNgBKsBTwQ4swTGVqDQccDLxDB53P3zJrgI3duhIoNs-dzhq&p=0&fvj=0&vjs=3',
 'location': 'Paris 1er (75)',
 'salary': None,
 'site': 'Indeed',
 'summary': 'Je suis responsable des encaissements, je participe à la mise en '
            "rayon, à l'approvisionnement et à la bonne tenue du magasin."}
2020-01-30 13:26:29 [scrapy] DEBUG: Scraped from <200 https://www.indeed.fr/jobs?q=Vendeur&start=20>
{'company': "MANAG'Auto / Norauto",
 'crawl_url': 'https://www.indeed.fr/jobs?q=Vendeur&start=20',
 'job_title': 'vendeur (se) conseil',
 'link_url': '/pagead/clk?mo=r&ad=-6NYlbfkN0DJPaCnjA-tcTguUHd7Vps-wmsES4CDtK2iy2bspMyw0b8f13rGwZncSHPm8-zLXLez9pLXIOkbaLuEnqN8nBLs943EYS-D8PK2V47g0Ehi7ZkuedpfMMiNmdxNuJGMzHWJstg_CwxNzXBCEtBpjqt7EfjlgaapBpzpyV15Zs4-1XplhEpqbzwOY1cddVJwSoApVhkiN50ODgDyZeOiuIzBOnizB2CeKBqjtWgCSJ7Zn9lZDNPqldgArGfvKn5hlPvPzjGJN9YWzr5Ky2ez_FcGrvyjXzv4BDY3e1BKFXzwm7RRloo5kSMxbupfilzRc-nvxmFKyv5LYRacfOXG9rfyOyXLrE_OcWQiAN9bT9fBSeDIsZvBDxpDp2PONs4Zf9wE_XK0bK8kcVOs75_R95mb5gfHRfdjubTCZvlQJNZxaQwbk-Ef9ZMY&p=1&fvj=1&vjs=3',
 'location': 'Vallet (44)',
 'salary': '1 600 € par mois',
 'site': 'Indeed',
 'summary': 'Rendez le magasin attractif par des mises en avant de produits '
            'innovantes.'}
2020-01-30 13:26:29 [scrapy] DEBUG: Scraped from <200 https://www.indeed.fr/jobs?q=Vendeur&start=20>
{'company': 'Selecta',
 'crawl_url': 'https://www.indeed.fr/jobs?q=Vendeur&start=20',
 'job_title': 'Vendeur approvisionneur H/F',
 'link_url': '/pagead/clk?mo=r&ad=-6NYlbfkN0B9_AibcWQEs-jR52uofg-OtEFJHUPOc8QSLcu8d_Dk1FL5tKOXkOhW638eJ65m-C4swsrRqWDjlkS_18_6E4nMMU_5Ew4_83tXmQKZNV54r7KmKP4P4Nzdr4FhvAd9odk-oT_HVZshfpoVHXDTH60bggMkTx6HDunM-Ky02Qna-STDz_5WFcVW4W_JBUzBB-ig-3FxN7dn1CDCvn2ezwXufvS6PocbJnPZyJ8ghbuO7efSfqHCUWjDkRoKuLaFsLbESccqXQSWq-65ABqXbh9dyPOnqBi9ylpgjUE8SQwPrHczpQnaTkv6z3bW-OXGiq6kM0fD1jYbrIoJnRllmrmRKTLcvloSgHMRFnMfTR0-INitnNtAF8GMiycmTbZzLXnAtFHhCTkSznG6no6PZQ9ngKjz_lYfriPy_-vaEpWAkOhvcVXiKwV7_9BOs18aAF8=&p=2&fvj=1&vjs=3',
 'location': 'Le Creusot (71)',
 'salary': '1 570 € par mois',
 'site': 'Indeed',
 'summary': '_Avec plus de 9000 collaborateurs dans 16 pays, SELECTA doit '
            "l'essentiel de son succès à l'engagement de ses employés, qui "
            'rendent l’expérience de pause…'}
2020-01-30 13:26:30 [scrapy] DEBUG: Scraped from <200 https://www.indeed.fr/jobs?q=Vendeur&start=20>
{'company': '',
 'crawl_url': 'https://www.indeed.fr/jobs?q=Vendeur&start=20',
 'job_title': 'Vendeur H/F',
 'link_url': '/pagead/clk?mo=r&ad=-6NYlbfkN0CS61HlV8ordr7AUCrjIXubTh2tb4KsZqBS7AmzhnXf2MIzUSaerInpQTirHYAwEMXL1lSllDLGyAEA9ccUBZXvMvX3KpY7VKE1uPRgD65UuSI2PMoZPutTUDaSsYWZ4EcYJkatKPCFTIlrRIqpyShlJfkrNpX3C1mH-dadPdtvO5T_0ewv88CeVWyz1IpPF24SDnNzdqZXwXDpVOYluqlKpU1Is_QXMoAgw-sXenQJCvMdsPGPpk789qkzJV9WrF-2yvCkP7gfiblUVexPOFTqbzntKeyE-S_aJVYi1iJy8wwpoJeuQkJ8xNHdFL_BKjxAjCnMIvikT1qpnUJgqvgK8Ps9OMDpeAwn7FBYf3Au1ZHKLpeWSAmpj9KVd12QUGT2wn8EdmEBCMSPY0ZViluWtvbi_9idHjD55sKtq7dCJg==&p=3&fvj=1&vjs=3',
 'location': 'Nîmes (30)',
 'salary': '1 600 € - 1 800 € par mois',
 'site': 'Indeed',
 'summary': 'Travail en équipe et participation à la vie du magasin '
            '(inventaire, réassorts, tenue et organisation du magasin…).'}
2020-01-30 13:26:30 [scrapy] DEBUG: Scraped from <200 https://www.indeed.fr/jobs?q=Vendeur&start=20>
{'company': 'NUMERO 9',
 'crawl_url': 'https://www.indeed.fr/jobs?q=Vendeur&start=20',
 'job_title': 'Vendeur conseil H/F',
 'link_url': '/pagead/clk?mo=r&ad=-6NYlbfkN0ATA-ngk4k6jA1ldDdILv3CjxxYvHLMx3rZgq6X_eH25Y2IYfWMQchjxQQ0ZncnFKxX0CP1Fg3VkLcxH_m3QvICYLXDUOMjpNIeA39-h9XS24Pn1m3v9ky-MY3nNmsO8edYiRGihUuRWmmG_dC89-dJVetOhFIkgDL1JapGfFggWDLddF_i7zCbqKQxE_-nYd4oodgRMG2eIWBF3r8rwEbqTP7yXY-UY9XogYFuJvGEqaoeQSPovJjH4K8bxtdHJU_wdiZr6rcYLZ83cgyJPXhq_K1YiFx2loPEybYL7bK9p4KRoAT8hyWW7RHkEuinW0smKelXHM9jSDVS9z0QVG5AOLfbUg41n3IJ3AxrZNokcIg-ZxXNgL-HRY77AlueolnaNRu9_5M2RiE-QxbG4CPw6g_1oVpk_TvjJhKgSPu_g85ToshlBxm7rAewgkRRMUc=&p=4&fvj=1&vjs=3',
 'location': 'Langueux (22)',
 'salary': '1 150 € par mois',
 'site': 'Indeed',
 'summary': "Vous ferez de l'accueil, de la vente, de l'ordonnancement de "
            'stocks.'}
2020-01-30 13:26:30 [scrapy] DEBUG: Scraped from <200 https://www.indeed.fr/jobs?q=Vendeur&start=20>
{'company': '',
 'crawl_url': 'https://www.indeed.fr/jobs?q=Vendeur&start=20',
 'job_title': 'Equipier polyvalent (h/f) - 30h',
 'link_url': '/pagead/clk?mo=r&ad=-6NYlbfkN0Dy4HFEM-rbc--uyOeT2JmGGtW63Bg8eFIVGwG0_vNz5ynKXNnifgdUY34lpFNvVfPu6CCtshAOdqtspDjHld4HR_tDXiKIeHxADqyyKjS9MciKmvfciBk1XkYL1RSSkgPCMdB5KJ-EbU1Gf_ijhhGwkZTw7RsjpyJ1C2-GZCpwU0sG6__TCgjzIxbu7CZoI2nOuFhu_pPnuMhiX7y6TPDDM0kD4xjUTFfXZCuwr6RoP2ATihmnMUHSMuC_nE4wSbDXEyJd4XjRtxAekO1K9G9Xt-SZ04jvYg1_tFbVTgQFdS17_hgbe9IpqGHIxhJxU8ivtd112cyu3dTvv9MgkCLWF6ngYr_1S21si6cHvr49ia1x3YoIyVAmmob4AZMrpbPpILrJdi35do9cZwjoabBzlz7FLd7HPLfUyAWt-GnHKcMXI-T0croaHxsdZJSuKz58y8Wo-hHdcyLdsp3fc-Jc1mYRwkzSc7HI7hhUUqcVzBCUrHRNzcZOARIU1ZxL_wEFBQgHkVpsBEfXjAYYJCzMrRIeisjuZTEjckKnw3js7FgpAA5kPn-R0vmm-Nh68D-_eR26DEyYY-OxvxQVkg--5Xz-B_ZFWSXQmTbtQP0gHFsIB2qi-Ap4QFtF89VPuh-my_daTdh3gg==&p=5&fvj=0&vjs=3',
 'location': 'Liévin (62)',
 'salary': '1 374 € par mois',
 'site': 'Indeed',
 'summary': 'Garantir la qualité et la fraîcheur des produits,.'}
2020-01-30 13:26:30 [scrapy] DEBUG: Scraped from <200 https://www.indeed.fr/jobs?q=Vendeur&start=20>
{'company': 'Jour de Fête',
 'crawl_url': 'https://www.indeed.fr/jobs?q=Vendeur&start=20',
 'job_title': 'VENDEUR(SE) CAISSIER(E) H/F',
 'link_url': '/rc/clk?jk=0382c2f68d6e5836&fccid=dd616958bd9ddc12&vjs=3',
 'location': 'Bruay-la-Buissière (62)',
 'salary': '1 188 € par mois',
 'site': 'Indeed',
 'summary': "Vous êtes en charge de l'accueil, du conseil client, de "
            "l'encaissement, de la mise en rayon et de la présentation des "
            'produits.'}
2020-01-30 13:26:31 [scrapy] DEBUG: Scraped from <200 https://www.indeed.fr/jobs?q=Vendeur&start=20>
{'company': '',
 'crawl_url': 'https://www.indeed.fr/jobs?q=Vendeur&start=20',
 'job_title': 'VENDEUR Librairie F/H',
 'link_url': '/rc/clk?jk=23b980e966926358&fccid=e8338940d0db43f4&vjs=3',
 'location': 'Paris (75)',
 'salary': None,
 'site': 'Indeed',
 'summary': 'Vous contribuez à la rentabilité des rayons par le respect du '
            'plan de merchandising, la mise en avant des produits, la mise en '
            'place des opérations commerciales…'}
2020-01-30 13:26:31 [scrapy] DEBUG: Scraped from <200 https://www.indeed.fr/jobs?q=Vendeur&start=20>
{'company': '',
 'crawl_url': 'https://www.indeed.fr/jobs?q=Vendeur&start=20',
 'job_title': 'Vendeur polyvalent Etudiant H/F',
 'link_url': '/rc/clk?jk=c4a14bb8adc51eda&fccid=b1a1dea659b6cd13&vjs=3',
 'location': 'Strasbourg (67)',
 'salary': None,
 'site': 'Indeed',
 'summary': 'Vous vous rendez disponible pour conseiller les clients et les '
            'aider à faire leurs choix,.'}
2020-01-30 13:26:31 [scrapy] DEBUG: Scraped from <200 https://www.indeed.fr/jobs?q=Vendeur&start=20>
{'company': '',
 'crawl_url': 'https://www.indeed.fr/jobs?q=Vendeur&start=20',
 'job_title': 'Vendeurs (h/f) - CDI 25h - Parinor Aulnay sous Bois',
 'link_url': '/rc/clk?jk=ca262aebaef5cb3e&fccid=7c13ea7d2941e927&vjs=3',
 'location': 'Aulnay-sous-Bois (93)',
 'salary': None,
 'site': 'Indeed',
 'summary': 'Être polyvalent et t’adapter au rythme intense du magasin.'}
2020-01-30 13:26:32 [scrapy] DEBUG: Scraped from <200 https://www.indeed.fr/jobs?q=Vendeur&start=20>
{'company': '',
 'crawl_url': 'https://www.indeed.fr/jobs?q=Vendeur&start=20',
 'job_title': 'Vendeur H/F H/F',
 'link_url': '/rc/clk?jk=a58a90a6cb2e0246&fccid=0b96979abd32c08a&vjs=3',
 'location': 'Flins-sur-Seine (78)',
 'salary': None,
 'site': 'Indeed',
 'summary': 'Ambassadeur de la marque JD Sports, tu es un véritable expert de '
            'la vente : maitrise des étapes du service client, analyse des '
            'indicateurs de performance,…'}
2020-01-30 13:26:32 [scrapy] DEBUG: Scraped from <200 https://www.indeed.fr/jobs?q=Vendeur&start=20>
{'company': '',
 'crawl_url': 'https://www.indeed.fr/jobs?q=Vendeur&start=20',
 'job_title': 'Vendeur Polyvalent (h/f)',
 'link_url': '/rc/clk?jk=f853a34cc9a1cc47&fccid=98a961f3a80790bb&vjs=3',
 'location': 'Bègles (33)',
 'salary': None,
 'site': 'Indeed',
 'summary': 'Participation aux livraisons, mise en place des produits sur la '
            'surface de vente, réassort et respect des règles merchandising de '
            'l’enseigne.'}
2020-01-30 13:26:32 [scrapy] DEBUG: Scraped from <200 https://www.indeed.fr/jobs?q=Vendeur&start=20>
{'company': '',
 'crawl_url': 'https://www.indeed.fr/jobs?q=Vendeur&start=20',
 'job_title': 'VENDEUR EN ANIMALERIE CDD 35H00 (H/F)',
 'link_url': '/rc/clk?jk=5e11fc87437cb4d0&fccid=48312c14067303f7&vjs=3',
 'location': 'Barentin (76)',
 'salary': None,
 'site': 'Indeed',
 'summary': 'La réception, la mise en rayon et le réassort des produits.'}
2020-01-30 13:26:32 [scrapy] DEBUG: Scraped from <200 https://www.indeed.fr/jobs?q=Vendeur&start=20>
{'company': '',
 'crawl_url': 'https://www.indeed.fr/jobs?q=Vendeur&start=20',
 'job_title': 'Employé(e) de magasin',
 'link_url': '/rc/clk?jk=ef779a4fcd94c958&fccid=68dc87b026f0a6e2&vjs=3',
 'location': 'Lys-lez-Lannoy (59)',
 'salary': '1 070 € - 1 560 € par mois',
 'site': 'Indeed',
 'summary': 'Ensemble avec vos collègues, vous veillerez à garder le magasin '
            'bien achalandé, propre et soigné, de façon à permettre aux '
            'clients de trouver rapidement les…'}
2020-01-30 13:26:32 [scrapy] DEBUG: Scraped from <200 https://www.indeed.fr/jobs?q=Vendeur&start=20>
{'company': '',
 'crawl_url': 'https://www.indeed.fr/jobs?q=Vendeur&start=20',
 'job_title': 'VENDEUR/VENDEUSE OPTIQUE',
 'link_url': '/company/OPTICAL-CENTER/jobs/Vendeur-Vendeuse-Optique-cb68488bcb9fe1e7?fccid=e4dbf4caaed283f2&vjs=3',
 'location': 'Hénin-Beaumont (62)',
 'salary': '1 900 € par mois',
 'site': 'Indeed',
 'summary': "Non diplômé vous pouvez intégrer un magasin d'optique et être "
            'formé en interne.'}
2020-01-30 13:26:33 [scrapy] DEBUG: Scraped from <200 https://www.indeed.fr/jobs?q=Vendeur&start=20>
{'company': '',
 'crawl_url': 'https://www.indeed.fr/jobs?q=Vendeur&start=20',
 'job_title': 'VENDEUR F/H',
 'link_url': '/rc/clk?jk=0ea2c670fb65e1ca&fccid=e8338940d0db43f4&vjs=3',
 'location': 'Paris (75)',
 'salary': None,
 'site': 'Indeed',
 'summary': 'Vous contribuez à la rentabilité des rayons par le respect du '
            'plan de merchandising, la mise en avant des produits, la mise en '
            'place des opérations commerciales…'}
2020-01-30 13:26:33 [scrapy] DEBUG: Scraped from <200 https://www.indeed.fr/jobs?q=Vendeur&start=20>
{'company': 'MEUBLES GUTTIN',
 'crawl_url': 'https://www.indeed.fr/jobs?q=Vendeur&start=20',
 'job_title': 'Vendeur ameublement H/F',
 'link_url': '/pagead/clk?mo=r&ad=-6NYlbfkN0DhRWWyrwFtjK_zyawRDDl3hUCaDkfm4wJ-lbevauevalKZ08DE_7p2cuHwykPlSCAqx4hnoXzzZaOHKuCON9KsTzNaaXESZq6GQ1UtfOHu9jcrTavZA4NOeSlKDP4rmiIBTrxtTk7z3WqH3gSQs4wdObmf8jGO_HwGEEAuGK6d389mzsQDv_jAjV4OFEyuj3K77mttCZCwKrNQNH7nvKHNX0BAvbKy8ewXq9zU7vy98iBarxLVXpjY-mAl-QHQTeD_rLf4NrL_4vHgL-p4gxJI3hlnyLsUKaQQgusWoMGrFiFtEpncSDW2XIOkodbCLD43_UDY3EJRY2_cDXYoFIIGRBxa_bFPa8VpmH1JKZBwQ1iW84BdWR8x44OIXwpKoCfQ4ysp-GrX7MS71j2f6E3jQsYahq3m7dEtQ-DjvVWUMr1i9sOMIQ8K&p=16&fvj=1&vjs=3',
 'location': 'Le Grand-Lemps (38)',
 'salary': '2 000 € par mois',
 'site': 'Indeed',
 'summary': 'Vendeur ou'}
2020-01-30 13:26:33 [scrapy] DEBUG: Scraped from <200 https://www.indeed.fr/jobs?q=Vendeur&start=20>
{'company': '',
 'crawl_url': 'https://www.indeed.fr/jobs?q=Vendeur&start=20',
 'job_title': 'Vendeur Décoration Intérieure H/F',
 'link_url': '/pagead/clk?mo=r&ad=-6NYlbfkN0AS7JKfKZ0AdU9fXwhr0NWSh02p2u1YVjRU_E7blx_epsZU9AnQnDn8L1z3RD6Lukpoq5BkZtPUfSLyCCkD3u6J0gcRsneHkaavTDcKDqh4nqmttBsySOVw_UZNw0U1yu3Li0gFaTT1B6CH4di09DC0levP3bM8FDVa_2ZUG1_dy5hTSAuaNxKE7SUdBiteLJBuyt49ui_b23yEj5EqHWM_dp6sqqG0-BqBPc0WFyc6ecYH8VAeXMmvKhCiID0ouq_fK7YIeiuz0OrJAnCKe-_yb_A8w5EBRQfE0OT2kmU_7qI-v6T0Dg8qgMXJaB8FMxLfTJY8cnLQ1FOh1BvB1scjBRP6ZECKwYIi3U8sW1aABh10cS7k6KpO9My4ic5PKtVNJ5aOPPkIJqq3iZ-rX1UFvmHOymoXgy2jyTJQ6LDuCbdA2vf1aIV-1_xAUbxd0Dn9ND4WforKx4mJ_LDB22e5Ts4-LI9XxOunUvD-vYnFqjJHiCcqRdvVUg_w960HoCROYlyX6zZz6wODAtv2H2X5&p=17&fvj=0&vjs=3',
 'location': 'Pamiers (09)',
 'salary': None,
 'site': 'Indeed',
 'summary': 'Notre ambition : devenir le leader incontesté de la proximité ; '
            'être utiles à nos clients en leur apportant bien plus que des '
            'produits, et en faisant de nos…'}
2020-01-30 13:26:33 [scrapy] DEBUG: Scraped from <200 https://www.indeed.fr/jobs?q=Vendeur&start=20>
{'company': 'CAP HORN',
 'crawl_url': 'https://www.indeed.fr/jobs?q=Vendeur&start=20',
 'job_title': 'Caissier vendeur H/F',
 'link_url': '/pagead/clk?mo=r&ad=-6NYlbfkN0D6alKF7326OOgDAesd557Y941gxPxcCoTv-xtYHHSJxnNrGRtcdg78TgropdKK8mVla8rrbdqfV-6Va_K58RgBQrjWxXjEYvcU8ICQs97wed2ky4-uwtbud6PLj6l5usOH9j7QL_MGxmTEygYaXeAgkfnpEn1nHfL2k-x8ivFjgAsXw__GB3QZgL8So2etke9o_PbVskzjGjOB8yYlATR7mUxks2sIkCRoFY1NgYJO4te5euwCWfImXAfCPKnJZCPRiGzYZj2ulFUsLETyDAjc8uleYxEE53LPTRz9Iej507OgvL9QTdsAVVNtiukrslexlvdaFDh-W56AuLjl57F2AXLJong4HrTMwoObfeAgJEJ0dKtcbfxDdCQ65YKx_BVZKitrca9gfzEN2YYLfSPng4MceQVmm4EZVWxOrFsis5eLVkzS_jV6&p=18&fvj=1&vjs=3',
 'location': 'Châtenay-Malabry (92)',
 'salary': '1 600 € par mois',
 'site': 'Indeed',
 'summary': 'Receptionner la marchandise, la mise en rayon, renseignements '
            'clients.'}
2020-01-30 13:26:34 [scrapy] DEBUG: Crawled (200) <GET https://www.indeed.fr/jobs?q=Vendeur&start=30> (referer: https://www.indeed.fr/jobs?q=Vendeur&start=20)
2020-01-30 13:26:34 [indeed] DEBUG: 

 Crawling  https://www.indeed.fr/jobs?q=Vendeur&start=30

2020-01-30 13:26:35 [scrapy] DEBUG: Scraped from <200 https://www.indeed.fr/jobs?q=Vendeur&start=30>
{'company': 'Selecta',
 'crawl_url': 'https://www.indeed.fr/jobs?q=Vendeur&start=30',
 'job_title': 'Vendeur approvisionneur H/F',
 'link_url': '/pagead/clk?mo=r&ad=-6NYlbfkN0B9_AibcWQEs-jR52uofg-OtEFJHUPOc8QSLcu8d_Dk1FL5tKOXkOhW638eJ65m-C4swsrRqWDjlkS_18_6E4nMMU_5Ew4_83tXmQKZNV54r7KmKP4P4Nzdr4FhvAd9odk-oT_HVZshfpoVHXDTH60bggMkTx6HDunM-Ky02Qna-STDz_5WFcVWfD2M8U6HlbB6kZp2z1MRddKFwDUkBFr4R4uZeshWHi3fyL3iqumo6Ptl1zZfTgfIEUU1zzKscQ03V1N-cDUw-w9PtCAjbV8EXOcPXfzp9vfOtw-VJGLPszl1ShWDm9C0fqFVvhHdFe20YjlYpQ6Z2JHWJP767Ua89MBty-vQ74PN5Ufl0fAWROwrvOQRdW9hV84DQ9S1xwMLIF6CdVripZc4NlXjWLfsgi-PMwWN1v4ohdBO4WnHzzE5QirMGHHhMcFtI9Kv7QQ=&p=0&fvj=1&vjs=3',
 'location': 'Le Creusot (71)',
 'salary': '1 570 € par mois',
 'site': 'Indeed',
 'summary': '_Avec plus de 9000 collaborateurs dans 16 pays, SELECTA doit '
            "l'essentiel de son succès à l'engagement de ses employés, qui "
            'rendent l’expérience de pause…'}
2020-01-30 13:26:35 [scrapy] DEBUG: Scraped from <200 https://www.indeed.fr/jobs?q=Vendeur&start=30>
{'company': 'NUMERO 9',
 'crawl_url': 'https://www.indeed.fr/jobs?q=Vendeur&start=30',
 'job_title': 'Vendeur conseil H/F',
 'link_url': '/pagead/clk?mo=r&ad=-6NYlbfkN0ATA-ngk4k6jA1ldDdILv3CjxxYvHLMx3rZgq6X_eH25Y2IYfWMQchjxQQ0ZncnFKxX0CP1Fg3VkLcxH_m3QvICYLXDUOMjpNIeA39-h9XS24Pn1m3v9ky-MY3nNmsO8edYiRGihUuRWmmG_dC89-dJVetOhFIkgDL1JapGfFggWDLddF_i7zCbzZV3G4x6ChH3nkGFQ_B8ZrZ3BsSr3eAvTJJKZ-t2k-FNbIvMJn1fYwLDHKi93U8bSih4u2jR-r1RDf28gkHZ2cFuLWU79QxNFad69ctOXBQzC1YAeL2DIq8wGyw5ru4vh9lT7xvot-9qGnthq4q83ZEhQQ7hmRvMFiNtlY_pOJie__InSdKKj0SszisCt1RyQ6vUK8KJEbT6pvRd2q7gbpqiKk4se6-jrMPDOTtZQ63J_BUPhuvjDXWuHSJa9MP1mz5OZ-y_GQg=&p=1&fvj=1&vjs=3',
 'location': 'Langueux (22)',
 'salary': '1 150 € par mois',
 'site': 'Indeed',
 'summary': "Vous ferez de l'accueil, de la vente, de l'ordonnancement de "
            'stocks.'}
2020-01-30 13:26:35 [scrapy] DEBUG: Scraped from <200 https://www.indeed.fr/jobs?q=Vendeur&start=30>
{'company': '',
 'crawl_url': 'https://www.indeed.fr/jobs?q=Vendeur&start=30',
 'job_title': 'Vendeur H/F - Spécialiste du Matin',
 'link_url': '/company/Naturalia-France/jobs/Vendeur-bf343d941aac95a6?fccid=317a9b53afe89814&vjs=3',
 'location': 'Paris (75)',
 'salary': None,
 'site': 'Indeed',
 'summary': 'Assurer le nettoyage du rayon, le tri et la mise en place des '
            'produits.'}
2020-01-30 13:26:35 [scrapy] DEBUG: Scraped from <200 https://www.indeed.fr/jobs?q=Vendeur&start=30>
{'company': '',
 'crawl_url': 'https://www.indeed.fr/jobs?q=Vendeur&start=30',
 'job_title': 'VENDEUR BAZAZ TECHNIQUE ET CULTUREL H\\F',
 'link_url': '/company/E.-LECLERC/jobs/Vendeur-Bazaz-Technique-Culturel-H-F-79443d9aa14e0192?fccid=c2257b0af446ce1f&vjs=3',
 'location': 'Bonneuil-sur-Marne (94)',
 'salary': '1 616 € par mois',
 'site': 'Indeed',
 'summary': '\\* Sous le contrôle du Responsable de rayon, le vendeur(se) '
            'assure la présentation générale du rayon (mise en rayon des '
            'marchandises, rotations selon les dates…'}
2020-01-30 13:26:35 [scrapy] DEBUG: Scraped from <200 https://www.indeed.fr/jobs?q=Vendeur&start=30>
{'company': '',
 'crawl_url': 'https://www.indeed.fr/jobs?q=Vendeur&start=30',
 'job_title': 'VENDEUR TEMPS PLEIN CDI',
 'link_url': '/rc/clk?jk=fd7e39d49049d01b&fccid=cd323e1e03b19898&vjs=3',
 'location': 'Lieusaint (77)',
 'salary': None,
 'site': 'Indeed',
 'summary': 'Assurer la mise en rayon dans le respect des plans '
            'merchandising,.'}
2020-01-30 13:26:35 [scrapy] DEBUG: Scraped from <200 https://www.indeed.fr/jobs?q=Vendeur&start=30>
{'company': 'La reine',
 'crawl_url': 'https://www.indeed.fr/jobs?q=Vendeur&start=30',
 'job_title': 'Vendeur H/F',
 'link_url': '/company/La-reine/jobs/Vendeur-6aa13fb27aff62d4?fccid=be39f29b928712d5&vjs=3',
 'location': 'Paris 12e (75)',
 'salary': '1 300 € par mois',
 'site': 'Indeed',
 'summary': 'Vendeur H/F: 1 an (Souhaité).'}
2020-01-30 13:26:35 [scrapy] DEBUG: Scraped from <200 https://www.indeed.fr/jobs?q=Vendeur&start=30>
{'company': '',
 'crawl_url': 'https://www.indeed.fr/jobs?q=Vendeur&start=30',
 'job_title': 'Vendeur H/F - CDI - MARTIGUES',
 'link_url': '/rc/clk?jk=b6c58742f8c1e846&fccid=d9a4edb3e81f3258&vjs=3',
 'location': 'Martigues (13)',
 'salary': None,
 'site': 'Indeed',
 'summary': 'Véritable passionné de mode, tu es connecté afin de découvrir les '
            'dernières tendances et impatient de les faire vivre en magasin,.'}
2020-01-30 13:26:35 [scrapy] DEBUG: Scraped from <200 https://www.indeed.fr/jobs?q=Vendeur&start=30>
{'company': '',
 'crawl_url': 'https://www.indeed.fr/jobs?q=Vendeur&start=30',
 'job_title': 'Vendeur conseil H/F',
 'link_url': '/company/DECOR-DISCOUNT/jobs/Vendeur-Conseil-35db1c8ca6437ca2?fccid=36805c7d88fd0fd5&vjs=3',
 'location': 'Béziers (34)',
 'salary': '1 630 € - 1 830 € par mois',
 'site': 'Indeed',
 'summary': 'Notre réseau compte 23 magasins et 180 collaborateurs qui '
            'partagent les mêmes valeurs de respect, de considération et '
            'd’entraide.'}
2020-01-30 13:26:36 [scrapy] DEBUG: Scraped from <200 https://www.indeed.fr/jobs?q=Vendeur&start=30>
{'company': '',
 'crawl_url': 'https://www.indeed.fr/jobs?q=Vendeur&start=30',
 'job_title': '1er vendeur H/F',
 'link_url': '/rc/clk?jk=587cd04dbefe0f85&fccid=1b1ab5222ebe583f&vjs=3',
 'location': 'Lille (59)',
 'salary': None,
 'site': 'Indeed',
 'summary': 'Mettre en place des vitrines gourmandes et veiller à la '
            'disponibilité des produits en effectuant les réassorts.'}
2020-01-30 13:26:36 [scrapy] DEBUG: Scraped from <200 https://www.indeed.fr/jobs?q=Vendeur&start=30>
{'company': '',
 'crawl_url': 'https://www.indeed.fr/jobs?q=Vendeur&start=30',
 'job_title': 'Vendeur/Vendeuse',
 'link_url': '/rc/clk?jk=5c216206fa197e33&fccid=ab4085ba2e6db837&vjs=3',
 'location': 'Lillers (62)',
 'salary': None,
 'site': 'Indeed',
 'summary': 'En tant que vendeur/vendeuse, vous veillez avec votre équipe à ce '
            'que le magasin soit impeccable.'}
2020-01-30 13:26:36 [scrapy] DEBUG: Scraped from <200 https://www.indeed.fr/jobs?q=Vendeur&start=30>
{'company': 'EMMA PATISSERIE BOULANGERIE',
 'crawl_url': 'https://www.indeed.fr/jobs?q=Vendeur&start=30',
 'job_title': 'VENDEUR H/F',
 'link_url': '/company/EMMA-PATISSERIE-BOULANGERIE/jobs/Vendeur-a74567d381af5c69?fccid=1a67c00ac4a283b2&vjs=3',
 'location': 'Rouen (76)',
 'salary': '19 000 € - 20 000 € par an',
 'site': 'Indeed',
 'summary': 'Accueil client, conseil, vente, encaissement, réassort produit, '
            'ouverture/fermeture boutique, entretien du point de vente, et '
            'suivi des règles d’hygiène.'}
2020-01-30 13:26:36 [scrapy] DEBUG: Scraped from <200 https://www.indeed.fr/jobs?q=Vendeur&start=30>
{'company': '',
 'crawl_url': 'https://www.indeed.fr/jobs?q=Vendeur&start=30',
 'job_title': 'Vendeur H/F',
 'link_url': '/company/Jules/jobs/Vendeur-a297da399c2d0c11?fccid=d000ec9fa987da93&vjs=3',
 'location': 'Cormontreuil (51)',
 'salary': None,
 'site': 'Indeed',
 'summary': "Marque référente du style Urbain contemporain, JULES s'approprie "
            'avec audace les tendances actuelles pour créer son propre style.'}
2020-01-30 13:26:37 [scrapy] DEBUG: Scraped from <200 https://www.indeed.fr/jobs?q=Vendeur&start=30>
{'company': '',
 'crawl_url': 'https://www.indeed.fr/jobs?q=Vendeur&start=30',
 'job_title': "Vendeur 35h - Val d'Europe H/F",
 'link_url': '/pagead/clk?mo=r&ad=-6NYlbfkN0AcOGRO7NMCdqPyrTJQuGXx53dnASylO0TaqmsQz4FF5VYybjJmkKHK1vhEkSYIcxa2DmBmgYuK2O1UiytVE7_Y9VbDLJLjngD9qzHp0JloSAUSV6wqCky5xGO_anvm9Jn3sqn8dR3lAYhmsPG6Bz2myy4O-XPnjuvG780um0k6lkTovm4N6WfvFOUg8IPdCSfchjaqJZkUxfsV3lgY6EBFbWsvrehUqEJrUZ6_0paYwjOTD5Y5MEQZwtq6uoGggiO84-upO_BVMbNjxPCi-Ak1poLzGrqnl-uBRGi06OJ6II1B4AN3VPkBzNP0In7rZHA6wScr_qd9NLHNY-8fRdbmpNRQjT8Df_4IYYYHhw0pu3DXv1L7SvuOeKQHjT-MttgqQqLAf5AD7fcxTLdMGCAuygB-FnVbhARQzrSYZPXMVMRL236VEPFp27NJiy8VXDZ-AaD2tWGkCtc_PdYxitlFLhIHFUVbS3-Hd6fOHoFbMgY9cFCdF0q0BnBKH5OJOZA=&p=12&fvj=0&vjs=3',
 'location': 'Serris (77)',
 'salary': None,
 'site': 'Indeed',
 'summary': "Vous justifiez d'une expérience significative d'au moins 2 ans en "
            'tant que vendeur(euse) en boutique (équipement de la personne, '
            'réseau succursaliste,…'}
2020-01-30 13:26:37 [scrapy] DEBUG: Scraped from <200 https://www.indeed.fr/jobs?q=Vendeur&start=30>
{'company': 'CAP HORN',
 'crawl_url': 'https://www.indeed.fr/jobs?q=Vendeur&start=30',
 'job_title': 'Caissier vendeur H/F',
 'link_url': '/pagead/clk?mo=r&ad=-6NYlbfkN0D6alKF7326OOgDAesd557Y941gxPxcCoTv-xtYHHSJxnNrGRtcdg78TgropdKK8mVla8rrbdqfV-6Va_K58RgBQrjWxXjEYvcU8ICQs97wed2ky4-uwtbud6PLj6l5usOH9j7QL_MGxmTEygYaXeAgkfnpEn1nHfL2k-x8ivFjgAsXw__GB3QZPQIGQ3f8JcYXKkLMN03qrEgJQlHgqT2XyI52UFLg3EPLLN2fIxrk6goa3Jmimze2JFofIIvh6WEjSXLh7xkn7BKKl_3qTEcvOLZvmFx8rBwM0bmkO8lxIbS_tOPIIASkTgLX1PNZWUOlU894YJQe-h-MCy7JFW0CM_agG0Fd5x1U5WCKNUemg9cpa_40pMGoKD8RLEVQFoWKBa3xanNxudUQrg-eS4ty7g_A9p5EvDBe_J5TNznmgNOMBqn4TTrU&p=13&fvj=1&vjs=3',
 'location': 'Châtenay-Malabry (92)',
 'salary': '1 600 € par mois',
 'site': 'Indeed',
 'summary': 'Receptionner la marchandise, la mise en rayon, renseignements '
            'clients.'}
2020-01-30 13:26:37 [scrapy] DEBUG: Scraped from <200 https://www.indeed.fr/jobs?q=Vendeur&start=30>
{'company': '',
 'crawl_url': 'https://www.indeed.fr/jobs?q=Vendeur&start=30',
 'job_title': 'Vendeur société Citroën (H/F)',
 'link_url': '/pagead/clk?mo=r&ad=-6NYlbfkN0C33Q6zPA6I01Rqm8ZO-KJmlVvxE6AN4yZSi-OR8VoThXYzyWhxdCM3-nzwT2vtdt9ozM9rBtJLPmsxn4D-4-w0l4acoCuZpqt08kt_ABPLRAmw2S5qxUdhsWcRSr-OfoPJkeL7IACb91Lj94isfpoD1zyRV-uskwpiYzaTmfoA527SHcJSmPjTFRaeQ9Dd9ohgwdJMiZaQOWT92mdj4sL1b3-1_XMuqYAHUYULVadLXBBKwQHZnl3cCebojWYOsi3Ds--alUP_f5CbHaTpjit_DIk1T0X-P-mjosnvCHNFBGtfD6zLpPgsiIv89uIwagA8fEEWeWqQ4RYoG3HWkDqjta6ZZh79ISMoZIJqpC-qA0p4MLPPPFLDhdUQzW-XIK65V8q3xnCUN4GoEaVKCIrCmNdP6EyBDlf2JHVpq4JVvc1EFavKlacv4aheuCy5M24=&p=14&fvj=1&vjs=3',
 'location': 'Coulommiers (77)',
 'salary': None,
 'site': 'Indeed',
 'summary': 'Rattaché(e) au directeur du site, votre rôle est de promouvoir la '
            'marque auprès des Entreprises, Sociétés et Administrations de '
            'votre secteur d’activité, en…'}
2020-01-30 13:26:37 [scrapy] INFO: Closing spider (stop generating requests, only 5 requests allowed)
2020-01-30 13:26:37 [scrapy] INFO: Dumping Scrapy stats:
{'downloader/request_bytes': 2748,
 'downloader/request_count': 6,
 'downloader/request_method_count/GET': 6,
 'downloader/response_bytes': 343038,
 'downloader/response_count': 6,
 'downloader/response_status_count/200': 5,
 'downloader/response_status_count/301': 1,
 'elapsed_time_seconds': 16.629419,
 'finish_reason': 'stop generating requests, only 5 requests allowed',
 'finish_time': datetime.datetime(2020, 1, 30, 13, 26, 37, 334992),
 'item_scraped_count': 64,
 'log_count/DEBUG': 267,
 'log_count/INFO': 71,
 'memusage/max': 56176640,
 'memusage/startup': 56160256,
 'request_depth_max': 4,
 'response_received_count': 5,
 'robotstxt/request_count': 1,
 'robotstxt/response_count': 1,
 'robotstxt/response_status_count/200': 1,
 'scheduler/dequeued': 5,
 'scheduler/dequeued/memory': 5,
 'scheduler/enqueued': 6,
 'scheduler/enqueued/memory': 6,
 'start_time': datetime.datetime(2020, 1, 30, 13, 26, 20, 705573)}
2020-01-30 13:26:37 [scrapy] INFO: Spider closed (stop generating requests, only 5 requests allowed)
