2020-02-21 12:24:55 [scrapy] DEBUG: Crawled (200) <GET https://www.indeed.fr/robots.txt> (referer: None)
2020-02-21 12:24:55 [scrapy] DEBUG: Redirecting (301) to <GET https://www.indeed.fr/Emplois-Ing%C3%A9nieur> from <GET https://www.indeed.fr/jobs?q=Ing%C3%A9nieur>
2020-02-21 12:24:56 [scrapy] DEBUG: Crawled (200) <GET https://www.indeed.fr/Emplois-Ing%C3%A9nieur> (referer: None)
2020-02-21 12:24:56 [indeed] DEBUG: 

 Crawling  https://www.indeed.fr/Emplois-Ing%C3%A9nieur

2020-02-21 12:24:59 [scrapy] DEBUG: Scraped from <200 https://www.indeed.fr/Emplois-Ing%C3%A9nieur>
{'company': 'Kaena',
 'crawl_url': 'https://www.indeed.fr/Emplois-Ing%C3%A9nieur',
 'job_title': 'Ingénieur, chargé de mission en géotechnique',
 'link_url': '/pagead/clk?mo=r&ad=-6NYlbfkN0AWE-SMiljBjtX1xaXrmbS4OOp_lC2nSr8JJ5QHSkpS94RUtAnCtU1mGMSGOGDa2QTC5hKcVOcxzyrdernuNWpMH7QDvG3p9lzbKggWByMGA4Hc0JU-4y7L3oJQRXJiPHly5-23T5hIlCiFIf7qxjfolV2wbDYliOGUX8hXHJZpG3pXm8Va6OBWkWS1rZc78vLUTkzpAhiqebyy5asCs7WvUnEi12voEFvwjwDbVgow3jt1AW8rNPgRbLRdJ4p_8l1r5nEMek-Gl3iXxf5Do9ujOEQl51SA9bMn5RB1p5H0gXqGsFZBDh7LxwA26mSKU8v_3fVHzDD9GVNCDs8W10zixk4HJEMe7R1bEzUmd41s4xWfD285O9WOZdX4-T2N2YNd2A4AWsV1mym6gS5QhZigXfo33nn7QAKXKkWaf5WHXkOHPHNrNpEcYmP7OHHV0B2NgHvuQH-ZoV5xGrzF3HfZUgmY7osj-Af7qpkHve6hA2Fu3WyzVLAhrgTnHHX9hOaVa9cDfBp0sw==&p=0&fvj=1&vjs=3',
 'location': 'Annecy (74)',
 'salary': '28 000 € - 40 000 € par an',
 'site': 'Indeed',
 'summary': 'Ingénieur, chargé de mission en géotechnique ou similaire: 1 an '
            '(Souhaité).'}
2020-02-21 12:25:00 [scrapy] DEBUG: Scraped from <200 https://www.indeed.fr/Emplois-Ing%C3%A9nieur>
{'company': 'Groupe FONDASOL',
 'crawl_url': 'https://www.indeed.fr/Emplois-Ing%C3%A9nieur',
 'job_title': 'Fondasolien(ne) Ingénieur études géotechniques H/F - NANCY (54)',
 'link_url': '/pagead/clk?mo=r&ad=-6NYlbfkN0CUDYoHFrKI_rCDjTbfjbwOGoXTOA__xkeyLkEi6s2wzorQny4EN-w-QN7oDKC55OnvBhpyDfnLRYwUsbJc11sUXVX859oDsV68ji-Cnvr6cm5YFT70Cz9i5exvw0GHYo_VbXLE11zREmu5ABElrdILErmOc4DqLzCNFYPKUMN_9eA09P7-9TKVxWHTPmHtgU0Aw572JPYeiAEiAOlEDc6gdy9o-a2JZLZwBKIrZaq1sm7G9NZ9Orjcy6Gb2WuwaqTVx8hVzz5-IboTGqSPZ-wBTM8w-Pxi3nTfhygLcjW5apNKh-23DLAskS50fwucRSBHN20HMPgRk-jBH7oSHSOSRmH2EPl-BJlhETYT6Qvz6GWrrWnGK5P9otMTvYIG_FfztJXeEDFiYaQO4w5V3TwPr4XendbPn1zu313wQ9PC2tM-5-Uyr8O-ckBglvoSv_cdEIzTAspYsyimD3hBz-g3eE3lc7z79aSNrq59TLN1zVVL5AFDtC6lT16yOlRHJLEinOuoLLnWc46lppLTsfJg-DQ8XYWRGBc=&p=1&fvj=1&vjs=3',
 'location': 'Nancy (54)',
 'salary': None,
 'site': 'Indeed',
 'summary': 'Ingénieur géotechnicien ou similaire: 2 ans (Souhaité).'}
2020-02-21 12:25:00 [scrapy] DEBUG: Scraped from <200 https://www.indeed.fr/Emplois-Ing%C3%A9nieur>
{'company': '',
 'crawl_url': 'https://www.indeed.fr/Emplois-Ing%C3%A9nieur',
 'job_title': 'Ingénieur Etudes et Développement H/F',
 'link_url': '/pagead/clk?mo=r&ad=-6NYlbfkN0C4k4p-k5JzKkeZ2Lr19hfYmMp1S0DcJgPWWdbuG5E_sIArX6VRKNiqDukHdWSMqdSaXofdUfV4m5qo2zmyx-e7fDlIQJCB_TEy075U7HQWLVRnj50s_6kJ0NckY8JbjvawsvFJLqjlSNtMnmXna7r5QOoRF6LdPRrKprm_4-KqoLiE6i04ISMlZZsB9SFOigRQdW7qPzcY8vgfNnZVkxnwEtWQgFISMkcBgBlxYrNPxVNctYfGnNYJDY2RCqi337DDs7hol_BlbNEHCodrXhL5D-w_YEJrhnIyscNsRFUkvoA85XNyrXsixQaHtDzRKAhbC-pxFBj5yzpmtkGpWq2vtCHfE4Ra1PXO0MPHk3XdDuSRPheOD9bYXRAvIFCG6Iasqp30DAWmEkm5HtruL7SAGfs6uJ3q4XvINVEFR_tR-9o5TeekO1LCciti-zX6x7QJ1B_7KaJE6OYukYpK7xLG5Ks9uiz0AkeeeGmDTq1VG6HShSHV2_Od&p=2&fvj=1&vjs=3',
 'location': "Villeneuve-d'Ascq (59)",
 'salary': None,
 'site': 'Indeed',
 'summary': 'Dans un contexte international et dans un environnement où la '
            'sécurité des systèmes d’information est une composante majeure, '
            'nous recrutons un'}
2020-02-21 12:25:00 [scrapy] DEBUG: Scraped from <200 https://www.indeed.fr/Emplois-Ing%C3%A9nieur>
{'company': '',
 'crawl_url': 'https://www.indeed.fr/Emplois-Ing%C3%A9nieur',
 'job_title': "Ingénieur Junior Marché de l'Energie (h/f)",
 'link_url': '/pagead/clk?mo=r&ad=-6NYlbfkN0CTNS0WgMHjtb0Nqr_GGWeKK0BdkbTlBPMLcGLeM92sfgz_Ee6-rOA__7SywUnizlRGH9MUrANh99DFWTY7LmhTZ_QQIjV0X-kfygYb0Y-bLjgzdSB8_iIJOPlPpifWAdVp17bs8kZNud5_nreGwvzaDpGwkhezAcQFYC5E3mk8ZsPpYktuhdzneSFqCXiGtBWKLAxgYPpvbQqXs2_zthdOr4PB3OphHHuKqa1uZblujXhSTEvCDcaQbc309Z9qv8zfUgyOuj1EkIwKkAbOI1e-oSHRb8tMZEznpGXBt5ozc3O13wmTuq2-4M7fJ1CNrgsxTQepjjkkp3S0njuhwAUaUKy0YZ-bnszSKG4F4xrAeW7ILvyw3VYcCOYvUbuLDK6aWEC0MbcuX1zml_p7ejqgp6bunC3kLlZqIQQ9aMat2QYkk3E_YnI5lEQlocfi16vWewTr9akjyZ9RNgSi8RfDuUCI8mhbbLBz9G07jEJ9YhJ3TKEIUnX6clmODXC-jFuJr11My_DxWjgGc4GXRtLauWiEJjeT34O4I_cHaX3Qu6_ym-4oNXG2&p=3&fvj=0&vjs=3',
 'location': 'Metz (57)',
 'salary': '38 000 € - 45 000 € par an',
 'site': 'Indeed',
 'summary': 'Titulaire d’un diplôme d’ingénieur de haut niveau avec un intérêt '
            'pour les marchés de l’énergie, vous êtes curieux et rigoureux.'}
2020-02-21 12:25:00 [scrapy] DEBUG: Scraped from <200 https://www.indeed.fr/Emplois-Ing%C3%A9nieur>
{'company': 'Kaena',
 'crawl_url': 'https://www.indeed.fr/Emplois-Ing%C3%A9nieur',
 'job_title': 'Ingénieur, chargé de missions en géotechnique',
 'link_url': '/pagead/clk?mo=r&ad=-6NYlbfkN0AWE-SMiljBjtX1xaXrmbS4OOp_lC2nSr8JJ5QHSkpS94v6L_PdJuz6MENbGKlAW7uzxF7tDK5WaxIqTbVzlcuVPAVZeRKu_RSMC6ckiGHdOqatUNm69XB9wJ6ccXh-1Zvn1AhTSSryBW9UIGvpL6OpU3Q1jBdS8JQtS19tFDN-fpHIfAOZ4f6jLbFzEWBO2bfIGujv5L9jTIYzWasVnqlFt-drscv5pVkE9bp847UHpqQ0Ms1Gchq7yjqHyFrwZ949-BQaUVgp5wXdLRJkAhuuLyNpFWBFAywlXryUVStLijKjHOR8mRJCS12bYq9CMVNxj_kOcEaRS2962ddr4aEkbuCLvesFbPJ7DTTWIayQm00WdIW9ca7R62LUqjAeSZhnyQRc6yuDScpNHRHCHOsTjZzOcv2TcM0yjD7FCvECP79n99bYwmSGzuHrMK6cNW7raTSZ6fc29Sie9yoh6f-1OaRdxLTvSx7kliRhy-R8A3bcxisY1AJ_vgLMBp_J_gmqoHGYKMFKBw==&p=4&fvj=1&vjs=3',
 'location': 'Chambéry (73)',
 'salary': '28 000 € - 40 000 € par an',
 'site': 'Indeed',
 'summary': 'Vous postulez pour une entreprise à taille humaine (45 personnes) '
            'où chacun contribue activement à la réussite et à la bonne '
            'ambiance générale.'}
2020-02-21 12:25:00 [scrapy] DEBUG: Scraped from <200 https://www.indeed.fr/Emplois-Ing%C3%A9nieur>
{'company': '',
 'crawl_url': 'https://www.indeed.fr/Emplois-Ing%C3%A9nieur',
 'job_title': 'Ingénieur REACH H/F',
 'link_url': '/pagead/clk?mo=r&ad=-6NYlbfkN0DUN2b5WQb1EDIJ1VOcXkP2btY8_Jwn5DWOsultnYr2G_N_i2W0F2YhhbmE6xOyA7kuTX3aV-9RXTJFO05ZnRPle1mkrVKFBprOSMqCAjyalkhLnR9p5ihDoC9lmiJHKGLoWuXkSAfbY6s1jLthruOPRJwL3rWC1q1mKSkYrQujAx9HC7q57pCAP9JL_va3Ik9wqP1dgwoQg8hY5cNRhG4iAsDxuUWILNNd_-l1Ay1-_4nFocBg7QYeAoWM3QTvoWhoIw6r1HxxynyiMrPiBCMd-EqLJq4Bsykn3VV9xnXCRLIFYvc1AIVx4ffN8y2c-9q_LzmI2agWUQOVO-tsjR1ebmne2zwpn917fMdRIxoIEk5v_HV4nrYUFOKsN7xyP6wNvOzCbYuglO1zjhTsS-vfDoC6OQo3efx56gbc592M0OMAuO1com6jHO8nzxWJl4HoXxt_X8jCw044LXdrIgVtTGYa3DS4G6TmvZKSQ6ax-A==&p=5&fvj=0&vjs=3',
 'location': 'Saint-Dizier (52)',
 'salary': None,
 'site': 'Indeed',
 'summary': 'Dans le cadre de nouveaux projets, nous recherchons un'}
2020-02-21 12:25:00 [scrapy] DEBUG: Scraped from <200 https://www.indeed.fr/Emplois-Ing%C3%A9nieur>
{'company': 'CT Nantes',
 'crawl_url': 'https://www.indeed.fr/Emplois-Ing%C3%A9nieur',
 'job_title': 'Ingénieur industrialisation H/F',
 'link_url': '/rc/clk?jk=b4ca1a29af96deb9&fccid=a90618c105c2bba7&vjs=3',
 'location': 'Saint-Nazaire (44)',
 'salary': None,
 'site': 'Indeed',
 'summary': 'De formation'}
2020-02-21 12:25:00 [scrapy] DEBUG: Scraped from <200 https://www.indeed.fr/Emplois-Ing%C3%A9nieur>
{'company': 'Setec Groupe',
 'crawl_url': 'https://www.indeed.fr/Emplois-Ing%C3%A9nieur',
 'job_title': 'Ingénieur planification projet - Energies renouvelables '
              '(H/F)(GEN-P4-ENR)',
 'link_url': '/rc/clk?jk=1891fafadeb99007&fccid=640e5f595b41295d&vjs=3',
 'location': 'Marseille (13)',
 'salary': None,
 'site': 'Indeed',
 'summary': 'Issu(e) d’une formation d’ingénieur génie industriel et/ou '
            'management de projet, vous avez une expérience significative dans '
            'la gestion de projet (coûts –…'}
2020-02-21 12:25:00 [scrapy] DEBUG: Scraped from <200 https://www.indeed.fr/Emplois-Ing%C3%A9nieur>
{'company': 'Département du Lot',
 'crawl_url': 'https://www.indeed.fr/Emplois-Ing%C3%A9nieur',
 'job_title': 'Travailler au Département du Lot',
 'link_url': '/rc/clk?jk=63ed250bc209fd9d&fccid=2ab62c2c8f53a7a4&vjs=3',
 'location': 'Lot',
 'salary': None,
 'site': 'Indeed',
 'summary': 'Travailler au Département du Lot.'}
2020-02-21 12:25:00 [scrapy] DEBUG: Scraped from <200 https://www.indeed.fr/Emplois-Ing%C3%A9nieur>
{'company': '',
 'crawl_url': 'https://www.indeed.fr/Emplois-Ing%C3%A9nieur',
 'job_title': 'Ingénieur amélioration continue (F/H)',
 'link_url': '/rc/clk?jk=eb77cc4baf17541a&fccid=4c1dc7d9791a6941&vjs=3',
 'location': 'Marignier (74)',
 'salary': None,
 'site': 'Indeed',
 'summary': 'Formation supérieure de niveau Ecole d’ingénieur avec une '
            'expérience de 5.'}
2020-02-21 12:25:01 [scrapy] DEBUG: Scraped from <200 https://www.indeed.fr/Emplois-Ing%C3%A9nieur>
{'company': '',
 'crawl_url': 'https://www.indeed.fr/Emplois-Ing%C3%A9nieur',
 'job_title': 'ALTERNANCE INGÉNIEUR MÉTHODISTE UAP H/F',
 'link_url': '/rc/clk?jk=9d9224fe47bcecf5&fccid=ffac1b3685b3c240&vjs=3',
 'location': 'Annemasse (74)',
 'salary': None,
 'site': 'Indeed',
 'summary': 'Vous préparez un diplôme d’ingénieur en apprentissage dans une '
            'École d’Ingénieur (Technique et productique).'}
2020-02-21 12:25:01 [scrapy] DEBUG: Scraped from <200 https://www.indeed.fr/Emplois-Ing%C3%A9nieur>
{'company': '',
 'crawl_url': 'https://www.indeed.fr/Emplois-Ing%C3%A9nieur',
 'job_title': 'Ingénieur Matériaux',
 'link_url': '/rc/clk?jk=16204fe10408dc3e&fccid=aaec0480e2e19692&vjs=3',
 'location': 'France',
 'salary': None,
 'site': 'Indeed',
 'summary': 'Master ou diplôme d’ingénieur en génie des matériaux ou '
            'équivalent avec une expérience de minimum 3/5 ans dans le '
            'domaine, avec un contact direct avec le client…'}
2020-02-21 12:25:01 [scrapy] DEBUG: Scraped from <200 https://www.indeed.fr/Emplois-Ing%C3%A9nieur>
{'company': '',
 'crawl_url': 'https://www.indeed.fr/Emplois-Ing%C3%A9nieur',
 'job_title': 'ORMES - Techniciens de production en conditionnement',
 'link_url': '/rc/clk?jk=cdcb1234b812a919&fccid=ec8a0bd60be9a6f5&vjs=3',
 'location': 'Orléans (45)',
 'salary': None,
 'site': 'Indeed',
 'summary': 'Technicien de production au sein de nos ateliers de '
            'conditionnement.'}
2020-02-21 12:25:01 [scrapy] DEBUG: Scraped from <200 https://www.indeed.fr/Emplois-Ing%C3%A9nieur>
{'company': '',
 'crawl_url': 'https://www.indeed.fr/Emplois-Ing%C3%A9nieur',
 'job_title': 'Ingénieur assurance qualité fournisseurs H/F',
 'link_url': '/rc/clk?jk=9db699688e446a07&fccid=b3885ca934ed0066&vjs=3',
 'location': 'La Teste-de-Buch (33)',
 'salary': None,
 'site': 'Indeed',
 'summary': 'Le Groupe est en 4ème position du classement Universum des '
            'entreprises préférées des jeunes'}
2020-02-21 12:25:01 [scrapy] DEBUG: Scraped from <200 https://www.indeed.fr/Emplois-Ing%C3%A9nieur>
{'company': '',
 'crawl_url': 'https://www.indeed.fr/Emplois-Ing%C3%A9nieur',
 'job_title': 'Ingénieur de développement R&D Confirmé F/H',
 'link_url': '/rc/clk?jk=7cf49f28722a8e9c&fccid=07661a4e5e3582cf&vjs=3',
 'location': 'La Roche-sur-Yon (85)',
 'salary': '35 000 € par an',
 'site': 'Indeed',
 'summary': 'Notre client est un éditeur de logiciels innovants dédiés au '
            'secteur de la restauration.'}
2020-02-21 12:25:01 [scrapy] DEBUG: Scraped from <200 https://www.indeed.fr/Emplois-Ing%C3%A9nieur>
{'company': '',
 'crawl_url': 'https://www.indeed.fr/Emplois-Ing%C3%A9nieur',
 'job_title': 'Ingénieur CI/CD H/F',
 'link_url': '/rc/clk?jk=68605d9baa683947&fccid=43c5b67847a9226c&vjs=3',
 'location': 'Pau (64)',
 'salary': None,
 'site': 'Indeed',
 'summary': "Diplômé-e d'une école d'ingénieur, vous êtes capables d’apporter "
            'des compétences en:'}
2020-02-21 12:25:01 [scrapy] DEBUG: Scraped from <200 https://www.indeed.fr/Emplois-Ing%C3%A9nieur>
{'company': '',
 'crawl_url': 'https://www.indeed.fr/Emplois-Ing%C3%A9nieur',
 'job_title': 'Ingénieur Approvisionnement h/f',
 'link_url': '/pagead/clk?mo=r&ad=-6NYlbfkN0CX-HxulN9karZZ25aH9lwAcebr__SE5BF-Q70BtB7HU5pvtUc8wzTaFVP4n6qKVHdhxpV9_qPB486080e3em1IduqBbvh7AceSsHPzEkXYos64iflwjf5iSYvDHPjZEYzuvlRLGIpGuTQgjzlReJpl_tIvocRVhl84sDxCkOeyvrYCU7vBBbuiAhCYyHdl3IJZylE0xS2jM57sMR1R-JcIIPs1ZpTNNT4vQivm6VraQOcEAX9GOz-T_J3t3pg1OiZProR1Q9kmvuQyrB0ukxc1SnJMEClIPxhhuTYJRc34hCyVyGs__H83XBxfXgEVDNliIohJ0_TbzPJDNy7CsdOXceMRfCTJPH8ysbrxh9iL6y5qAzi9t9j_1vXtI_kfOy8ajprxwITzGTZMtwe0Jg_rtZOc0jWZVG89lxugTU0SOimBopIQReedyKGuAGG6lgjbiLLyQsoe-bLtgtLIqMAXKheCefXJtb4=&p=16&fvj=1&vjs=3',
 'location': 'Laxou (54)',
 'salary': '31 000 € - 36 000 € par an',
 'site': 'Indeed',
 'summary': 'Ingénieur approvisionnement h/f ou similaire: 1 an (Souhaité).'}
2020-02-21 12:25:01 [scrapy] DEBUG: Scraped from <200 https://www.indeed.fr/Emplois-Ing%C3%A9nieur>
{'company': '',
 'crawl_url': 'https://www.indeed.fr/Emplois-Ing%C3%A9nieur',
 'job_title': 'Ingénieur méthodes & Process H/F',
 'link_url': '/pagead/clk?mo=r&ad=-6NYlbfkN0CJQjIynK2A58ru0dyZMcOug4YnImVAtVGAQVWPfsPR2MSVccHjsg4vrxqs0pzJNxefrr5J92sypTYnGk9HoYW5s3ey5c1Iox6hfmPrg0WiALltidTGHuxuZgw3k7tZeRzS-ltKW9zCWlVn32BnYtw41hWkakPMsJTceQp4iMcCRbjDHvmQ-rdgLSh1ustZbFcBDowm71vJ7OaaA_fkK82MDINce2G8MgtVhfrorrbOzYeo0Y72njLP-Z2m5nMNRxKJ9C-DaOjUSAiKwLwgv-6193QpNuUSLkvctBkDeOajgW-co0FBo6qbICT-YuT7GrdyG-4cs3Vd47nHeUCrCX9iWofRi1M07xSxFlVPSDd0QejZMN_Rf1twpr5JZBNdHROjxEPix60janvA9i3wN4_GZWTB7ELAwniAwZirrD1hJvsOevVJxgJDJ70lTHoNLxqjMPsv259oIopCQXfjdf19AuRGJDiToqJ8bialvCtA2g==&p=17&fvj=1&vjs=3',
 'location': 'Nantes (44)',
 'salary': None,
 'site': 'Indeed',
 'summary': 'Ingénieur méthodes & process h/f ou similaire: 1 an (Souhaité).'}
2020-02-21 12:25:02 [scrapy] DEBUG: Crawled (200) <GET https://www.indeed.fr/jobs?q=Ing%C3%A9nieur&start=10> (referer: https://www.indeed.fr/Emplois-Ing%C3%A9nieur)
2020-02-21 12:25:02 [indeed] DEBUG: 

 Crawling  https://www.indeed.fr/jobs?q=Ing%C3%A9nieur&start=10

2020-02-21 12:25:02 [scrapy] DEBUG: Scraped from <200 https://www.indeed.fr/jobs?q=Ing%C3%A9nieur&start=10>
{'company': 'APILOG Automatisme Industriel',
 'crawl_url': 'https://www.indeed.fr/jobs?q=Ing%C3%A9nieur&start=10',
 'job_title': 'Ingénieur Automatismes Industriels',
 'link_url': '/pagead/clk?mo=r&ad=-6NYlbfkN0DF6JVSXUO5BtyVCZTLdT-IfDPjih1FLGqn5AwuUaSI3bbekXVbQI-T0EKuhQQhtClh0SGGQTIrc4ASbo94CfBZ7-ncHKJi8Llh7COsD20xKthGiJGf-n9wOMGniLzUZhtoxef1LJIhYZqdbexbya8smKKjLrou0dRxKJIqBZP3kEqdyUvFi_mgDCQy-N19ami8TrEvnNOKUQbMYi5EUe2mi_zPHeNxWLPCFsUdNrrvG20G8gPSYtYiRMyREs2KoxQVVvNrHVYDf-2Q_2D3yQ2Fr6a0LMrphM2rrNUel5X4qDTn4ZsiwdF5Gu_L2aKwJ2OSzHT_mWq9kB3O9bpJFSSpBQpQQ2HwDioPiBKDCuRuQqslN89T_XXozznnvMrw5sjjRzIAF1eCm1Mew3_y-rQlcMC5K8mfiRLhrFt8XhjQGjMo5olEgWFBZ7TKejV_ZS7U7V7sX06vE2uF015BXYJU7UDH9kVxjxc=&p=0&fvj=1&vjs=3',
 'location': 'Chanteloup-les-Vignes (78)',
 'salary': '35 000 € - 50 000 € par an',
 'site': 'Indeed',
 'summary': 'Ingénieur automatismes industriels ou similaire: 2 ans '
            '(Souhaité).'}
2020-02-21 12:25:02 [scrapy] DEBUG: Scraped from <200 https://www.indeed.fr/jobs?q=Ing%C3%A9nieur&start=10>
{'company': 'Groupe FONDASOL',
 'crawl_url': 'https://www.indeed.fr/jobs?q=Ing%C3%A9nieur&start=10',
 'job_title': 'Fondasolien(ne) Ingénieur études géotechniques H/F - NANCY (54)',
 'link_url': '/pagead/clk?mo=r&ad=-6NYlbfkN0CUDYoHFrKI_rCDjTbfjbwOGoXTOA__xkeyLkEi6s2wzorQny4EN-w-QN7oDKC55OnvBhpyDfnLRYwUsbJc11sUXVX859oDsV68ji-Cnvr6cm5YFT70Cz9i5exvw0GHYo_VbXLE11zREmu5ABElrdILErmOc4DqLzCNFYPKUMN_9eA09P7-9TKVMb7SgV8Iwhxfj4eJtAMx_ZYsGPZ20yQIhi8PKd1bHSqHH-_LjhbCIzekFJ0ecKpn-MO7OTBnutKBILKOOT1nLTiHXggMqMceUU-lI9W2FTY6FrNjPYJYNLKWNKr3R8M2fIqsLxgw5ow1k_DBtEpytX1xGfQfql11L4ah06E6dUJaiGfLDtKe7o9Rjs-jNqZW88hEBDZFFn7UYXpMKI-BFKyN5oKl780QUgOt7h9UotXyALRm3daVuaDPHrgDnMbvxD-JhaWleDJncEHQBlwwCvD2NXssDktRkLbafwrwNID03PbeMx4UU-ia_wajREnoyDrEM9JT-JWx9aeZvcJeIwZOUXmzLf9J67uQePThkJo=&p=1&fvj=1&vjs=3',
 'location': 'Nancy (54)',
 'salary': None,
 'site': 'Indeed',
 'summary': 'Ingénieur géotechnicien ou similaire: 2 ans (Souhaité).'}
2020-02-21 12:25:02 [scrapy] DEBUG: Scraped from <200 https://www.indeed.fr/jobs?q=Ing%C3%A9nieur&start=10>
{'company': '',
 'crawl_url': 'https://www.indeed.fr/jobs?q=Ing%C3%A9nieur&start=10',
 'job_title': 'Ingénieur REACH H/F',
 'link_url': '/pagead/clk?mo=r&ad=-6NYlbfkN0DUN2b5WQb1EDIJ1VOcXkP2btY8_Jwn5DWOsultnYr2G_N_i2W0F2YhhbmE6xOyA7kuTX3aV-9RXTJFO05ZnRPle1mkrVKFBprOSMqCAjyalkhLnR9p5ihDoC9lmiJHKGLoWuXkSAfbY6s1jLthruOPRJwL3rWC1q1mKSkYrQujAx9HC7q57pCABQtpvZRVBkQMRVyL82QSosdAAaVTTUu809iu4AZ-eQkPKeexSCf7fQHDAd1QzEDu5a_RCMRfTNJnJzbwz9F-DZoTnsTdCK6r5siOzRsZjInRnmD4KUnni85iBAnThZcp2ELNPaktfN9Cd2ukmzS-TS6aAtttBqVa0iAxpbpWHcfRJCxgClEuXtZRlVnHXpVQ_osV6GSme8tDLrO_QzQdKMyWcfVkgcHZGxzGyor3cy0Kjdvm-vYGf4PcJnqWYWN4ztI-p3RCZZVEr-iNiUVli3nUsRtIlWAmJsG_F-YP_JQRPW1UrGXGoA==&p=2&fvj=0&vjs=3',
 'location': 'Saint-Dizier (52)',
 'salary': None,
 'site': 'Indeed',
 'summary': 'Dans le cadre de nouveaux projets, nous recherchons un'}
2020-02-21 12:25:03 [scrapy] DEBUG: Scraped from <200 https://www.indeed.fr/jobs?q=Ing%C3%A9nieur&start=10>
{'company': '',
 'crawl_url': 'https://www.indeed.fr/jobs?q=Ing%C3%A9nieur&start=10',
 'job_title': 'Ingénieur Etudes et Développement H/F',
 'link_url': '/pagead/clk?mo=r&ad=-6NYlbfkN0C4k4p-k5JzKkeZ2Lr19hfYmMp1S0DcJgPWWdbuG5E_sIArX6VRKNiqDukHdWSMqdSaXofdUfV4m5qo2zmyx-e7fDlIQJCB_TEy075U7HQWLVRnj50s_6kJ0NckY8JbjvawsvFJLqjlSNtMnmXna7r5QOoRF6LdPRrKprm_4-KqoLiE6i04ISMlhfKs8ORCYNySoGn9-F71TXqrmkjJiQd9X5FdiKkaeg4KjknKBi0cchnscI4hfnCUh5EVy_enA1gUi695ZvYE4iD275x93QALcD-yoSA-Ai8ndiClNjRNy1gPicWsuct8GMmkFh1ZqQMuRmFTdTfGNBGFRkZ1AblUKAISVsiD1fh-pRPAQunfV4Xs6oi2cU91_aT1wYUSuMNy5Bxuu3sL1KVV3_5TMyOzP7Inp955-VS7tzuq0PibDmSnWZfi8uLIfd-TbVYbM1-MDiwbSwMr3xKnHowLJSyoAle2fXMLh1XZ3kjBs9lw5BEwypX2mXEz&p=3&fvj=1&vjs=3',
 'location': "Villeneuve-d'Ascq (59)",
 'salary': None,
 'site': 'Indeed',
 'summary': 'Dans un contexte international et dans un environnement où la '
            'sécurité des systèmes d’information est une composante majeure, '
            'nous recrutons un'}
2020-02-21 12:25:03 [scrapy] DEBUG: Scraped from <200 https://www.indeed.fr/jobs?q=Ing%C3%A9nieur&start=10>
{'company': '',
 'crawl_url': 'https://www.indeed.fr/jobs?q=Ing%C3%A9nieur&start=10',
 'job_title': "Ingénieur Junior Marché de l'Energie (h/f)",
 'link_url': '/pagead/clk?mo=r&ad=-6NYlbfkN0CTNS0WgMHjtb0Nqr_GGWeKK0BdkbTlBPMLcGLeM92sfgz_Ee6-rOA__7SywUnizlRGH9MUrANh99DFWTY7LmhTZ_QQIjV0X-kfygYb0Y-bLjgzdSB8_iIJOPlPpifWAdVp17bs8kZNud5_nreGwvzaDpGwkhezAcQFYC5E3mk8ZsPpYktuhdzneSFqCXiGtBWKLAxgYPpvbQqXs2_zthdOr4PB3OphHHtGCl5Bu_BE6Y9rDVo3eNoMjst-t4HPDGdzXBKkOmtwd0TqctVPtq-wLqW2VlbXZsa2K4aXAg9rm_Hj3Zy1G9vQvnTACJC060nzgzPbB7Xb7wmFncGKtBiv1N9ZyGjIoY5eYo8YZTfwCzN4DOOPHGxwYi4neZB8xOxlrC7-4YmoWUSXHMp5t7ljBgW1UKcQIl9u2jYzKCeMsQQGheJySllxAFfw0GdOXkocyIjK66z0CeERGvl6d5qmC5t4Bg_5mwSqwrDexXExno1pfP460kY0JVaqmYrWWmFElYg0vLMyr7c_OEgRBFT8Zb_5iJm6HfD8NJpS2tEQdbfarx8geYcL&p=4&fvj=0&vjs=3',
 'location': 'Metz (57)',
 'salary': '38 000 € - 45 000 € par an',
 'site': 'Indeed',
 'summary': 'Titulaire d’un diplôme d’ingénieur de haut niveau avec un intérêt '
            'pour les marchés de l’énergie, vous êtes curieux et rigoureux.'}
2020-02-21 12:25:04 [scrapy] DEBUG: Scraped from <200 https://www.indeed.fr/jobs?q=Ing%C3%A9nieur&start=10>
{'company': '',
 'crawl_url': 'https://www.indeed.fr/jobs?q=Ing%C3%A9nieur&start=10',
 'job_title': 'Ingénieur Approvisionnement h/f',
 'link_url': '/pagead/clk?mo=r&ad=-6NYlbfkN0CX-HxulN9karZZ25aH9lwAcebr__SE5BF-Q70BtB7HU5pvtUc8wzTaFVP4n6qKVHdhxpV9_qPB486080e3em1IduqBbvh7AceSsHPzEkXYos64iflwjf5iSYvDHPjZEYzuvlRLGIpGuTQgjzlReJpl_tIvocRVhl84sDxCkOeyvrYCU7vBBbuiiHYrK7gVoTVojo_oxWJoZUYgCwpxvbJbTd1CZ7fs8FeqD1ZcBCLFhEliPs18aJipZmcEuOtNbnVGTwgEt_hKoCXMOeopY0oaNQNmnuaCbuccABUoVIp5YJuinjiC3bXYc7K09gEXzQKyQDjMiYi0E7b2aYgfg0H485ZUwYvKMM4HSoBOVKXnhwgZ4oe62QrdWDnyQhEqxVBnP3ZipqVvWrt0-0eHQh3g5RpGy5mLfp-4pYiPsWxAyHDArpemuQC2amHgM_ClmnaqMz6JzUH4vznH1x-OrM_qzgsIT-xVhlY=&p=5&fvj=1&vjs=3',
 'location': 'Laxou (54)',
 'salary': '31 000 € - 36 000 € par an',
 'site': 'Indeed',
 'summary': 'Ingénieur approvisionnement h/f ou similaire: 1 an (Souhaité).'}
2020-02-21 12:25:04 [scrapy] DEBUG: Scraped from <200 https://www.indeed.fr/jobs?q=Ing%C3%A9nieur&start=10>
{'company': '',
 'crawl_url': 'https://www.indeed.fr/jobs?q=Ing%C3%A9nieur&start=10',
 'job_title': 'Ingénieur Développement procédé Gravure/stripping Plasma H/F',
 'link_url': '/rc/clk?jk=1931efaf1850c480&fccid=fc596e310671afca&vjs=3',
 'location': 'Grenoble (38)',
 'salary': None,
 'site': 'Indeed',
 'summary': "Formation : vous devez être titulaire d'un diplôme d'ingénieur en "
            "physique, microélectronique, ou matériaux et/ou d'un doctorat."}
2020-02-21 12:25:04 [scrapy] DEBUG: Scraped from <200 https://www.indeed.fr/jobs?q=Ing%C3%A9nieur&start=10>
{'company': '',
 'crawl_url': 'https://www.indeed.fr/jobs?q=Ing%C3%A9nieur&start=10',
 'job_title': 'Ingénieur (e) Qualité confirmé (e) H/F',
 'link_url': '/rc/clk?jk=b55cbb3b6e1580f6&fccid=90f0cbc4a30f8dba&vjs=3',
 'location': 'Valenciennes (59)',
 'salary': None,
 'site': 'Indeed',
 'summary': "Au sein de la division Qualité, vous intégrerez l'équipe «Quality "
            'Engineering» composée de 7'}
2020-02-21 12:25:04 [scrapy] DEBUG: Scraped from <200 https://www.indeed.fr/jobs?q=Ing%C3%A9nieur&start=10>
{'company': '',
 'crawl_url': 'https://www.indeed.fr/jobs?q=Ing%C3%A9nieur&start=10',
 'job_title': 'STAGE INGÉNIEUR MÉTHODES UAP',
 'link_url': '/rc/clk?jk=ef9f7e9cfee2c2fe&fccid=ffac1b3685b3c240&vjs=3',
 'location': 'Annemasse (74)',
 'salary': None,
 'site': 'Indeed',
 'summary': 'Envie de relever les défis du véhicule de demain ?'}
2020-02-21 12:25:04 [scrapy] DEBUG: Scraped from <200 https://www.indeed.fr/jobs?q=Ing%C3%A9nieur&start=10>
{'company': '',
 'crawl_url': 'https://www.indeed.fr/jobs?q=Ing%C3%A9nieur&start=10',
 'job_title': 'Ingénieur Méthodes Industrialisation H/F',
 'link_url': '/rc/clk?jk=83c066c256c92434&fccid=b3885ca934ed0066&vjs=3',
 'location': 'La Teste-de-Buch (33)',
 'salary': None,
 'site': 'Indeed',
 'summary': 'Le Groupe est en 4ème position du classement Universum des '
            'entreprises préférées des jeunes'}
2020-02-21 12:25:04 [scrapy] DEBUG: Scraped from <200 https://www.indeed.fr/jobs?q=Ing%C3%A9nieur&start=10>
{'company': '',
 'crawl_url': 'https://www.indeed.fr/jobs?q=Ing%C3%A9nieur&start=10',
 'job_title': 'Alternant ingénieur méthode projets ou production',
 'link_url': '/company/Stanley-Black-&-Decker/jobs/Alternant-Ing%C3%A9nieur-M%C3%A9thode-Projets-Ou-Production-75ecd5ce26641058?fccid=d30328706976dba9&vjs=3',
 'location': 'Damparis (39)',
 'salary': None,
 'site': 'Indeed',
 'summary': 'La Société Stanley Black&Decker Manufacturing, *.'}
2020-02-21 12:25:04 [scrapy] DEBUG: Scraped from <200 https://www.indeed.fr/jobs?q=Ing%C3%A9nieur&start=10>
{'company': 'Setec Groupe',
 'crawl_url': 'https://www.indeed.fr/jobs?q=Ing%C3%A9nieur&start=10',
 'job_title': 'Ingénieur planification projet F/H (GEN-P4-PLP)',
 'link_url': '/rc/clk?jk=053b2fb8adb6773c&fccid=640e5f595b41295d&vjs=3',
 'location': 'Pierrelatte (26)',
 'salary': None,
 'site': 'Indeed',
 'summary': 'Issu(e) d’une formation d’ingénieur génie industriel et/ou '
            'management de projet, vous détenez d’une expérience de 3 ans '
            'minimum en tant que planificateur…'}
2020-02-21 12:25:04 [scrapy] DEBUG: Scraped from <200 https://www.indeed.fr/jobs?q=Ing%C3%A9nieur&start=10>
{'company': '',
 'crawl_url': 'https://www.indeed.fr/jobs?q=Ing%C3%A9nieur&start=10',
 'job_title': 'Assistant.e Ingénieur.e Qualité - Process critique (F / H)',
 'link_url': '/rc/clk?jk=797f0f5e65689546&fccid=1807e5727f702882&vjs=3',
 'location': 'Ducey (50)',
 'salary': None,
 'site': 'Indeed',
 'summary': "Issu d'une formation de niveau Bac+5, en université ou école "
            "d'ingénieur, spécialisé dans la gestion de la qualité "
            'industrielle, vous êtes motivé par l…'}
2020-02-21 12:25:04 [scrapy] DEBUG: Scraped from <200 https://www.indeed.fr/jobs?q=Ing%C3%A9nieur&start=10>
{'company': '',
 'crawl_url': 'https://www.indeed.fr/jobs?q=Ing%C3%A9nieur&start=10',
 'job_title': 'Alternant Ingénieur amélioration continue - H/F',
 'link_url': '/rc/clk?jk=958c7c308340aed9&fccid=a94c22913417566d&vjs=3',
 'location': 'Saint-Malo (35)',
 'salary': None,
 'site': 'Indeed',
 'summary': 'Profil recherché : Vous préparez un diplôme Bac +3 à Bac +5 '
            'd’ingénieur généraliste et avez déjà eu une première expérience '
            'dans le domaine de la maintenance et…'}
2020-02-21 12:25:05 [scrapy] DEBUG: Scraped from <200 https://www.indeed.fr/jobs?q=Ing%C3%A9nieur&start=10>
{'company': '',
 'crawl_url': 'https://www.indeed.fr/jobs?q=Ing%C3%A9nieur&start=10',
 'job_title': '1 ingénieur(re) Suivi des Projets Packaging en CDD (H/F) de 12 '
              'mois',
 'link_url': '/rc/clk?jk=c6817960cec6089f&fccid=90f0cbc4a30f8dba&vjs=3',
 'location': 'Valenciennes (59)',
 'salary': None,
 'site': 'Indeed',
 'summary': 'Le packaging est un outil clé au centre du TPS (Toyota Production '
            "System) permettant l'application directe des principes "
            'fondamentaux du juste à temps, tout en…'}
2020-02-21 12:25:05 [scrapy] DEBUG: Scraped from <200 https://www.indeed.fr/jobs?q=Ing%C3%A9nieur&start=10>
{'company': 'Glassolutions Centre Est Vitrage',
 'crawl_url': 'https://www.indeed.fr/jobs?q=Ing%C3%A9nieur&start=10',
 'job_title': 'Stagiaire ingénieur(e) Amélioration Continue',
 'link_url': '/company/Glassolutions-Centre-Est-Vitrage/jobs/Stagiaire-Ing%C3%A9nieur-Am%C3%A9lioration-Continue-d5ba0391aa90d72c?fccid=3662061c907a1ba3&vjs=3',
 'location': 'Crissey (71)',
 'salary': '800 € - 1 100 € par mois',
 'site': 'Indeed',
 'summary': 'Dans le cadre du programme SAINT-GOBAIN d’amélioration continue « '
            'WCM » (World Class Manufacturing), Glassolutions France propose '
            'des stages de fin d’études…'}
2020-02-21 12:25:05 [scrapy] DEBUG: Scraped from <200 https://www.indeed.fr/jobs?q=Ing%C3%A9nieur&start=10>
{'company': 'UTPM REALISATION',
 'crawl_url': 'https://www.indeed.fr/jobs?q=Ing%C3%A9nieur&start=10',
 'job_title': 'Ingénieur bureau d’études, ingénieur d’application en tôlerie',
 'link_url': '/pagead/clk?mo=r&ad=-6NYlbfkN0Dnl5YU7KN_WR70Fc0MC6UwIjY4iZKCu0VMPqQFz1XoEOpckswbDu_zRXf-G5byFNnomSOhZUUOwTNeK9WVdlJukKgRp4PzMf_KKr0hgqtSwUdf0S3JdhQmxCAbap0rpzt_0j4w4SIM3iq3j4ffVMVSgAV7qOLcx9yNiaU8-Y1wsDozFlx9-_ze8RMVYfJHmvWUbU7TYRAWur4szziJ8HpqQ_FvvMmmo2CqUvz3tSXq9UgLSHiYceulnbuLxX4p2Q74V53xyb0Jw6yv1q0GqMUjzTmMQ9lg0QJa2FRnCRDrH9YbOHnkog0-4hlXx0pkiPq7OBWpwvxD60y0lhYbsWbFj1VQAy-5aYAo1f0Az8Y04DbgqlMXCUAgvu9exWVridYPcCT5o37L90eqgJ3a5cX0MrOIniEPaxFxehP6SLZKa7FzQbsNzC9i-y71q9JLkA_isopf7sntdFwDqdgyBz-rsbtAlZmhvLxTC0ODTFMMyujFbWWyakuwIANxCBurEil5T4864sWYZz9yQlllQH0eGzpLNSZX4NnlZD1ckH3TFg==&p=16&fvj=1&vjs=3',
 'location': 'Coucy-le-Château-Auffrique (02)',
 'salary': None,
 'site': 'Indeed',
 'summary': 'Ingénieur bureau d’études,'}
2020-02-21 12:25:05 [scrapy] DEBUG: Scraped from <200 https://www.indeed.fr/jobs?q=Ing%C3%A9nieur&start=10>
{'company': '',
 'crawl_url': 'https://www.indeed.fr/jobs?q=Ing%C3%A9nieur&start=10',
 'job_title': 'Ingénieur méthodes & Process H/F',
 'link_url': '/pagead/clk?mo=r&ad=-6NYlbfkN0CJQjIynK2A58ru0dyZMcOug4YnImVAtVGAQVWPfsPR2MSVccHjsg4vrxqs0pzJNxefrr5J92sypTYnGk9HoYW5s3ey5c1Iox6hfmPrg0WiALltidTGHuxuZgw3k7tZeRzS-ltKW9zCWlVn32BnYtw41hWkakPMsJTceQp4iMcCRbjDHvmQ-rdguyTav3TnCNQbUmyjIxBacGOFB50zQ_YOffbVCZ960u-iAgQ-z4pUfbI4AB_1QBqjeqGTXwZqSe23WKAd1TOFKXCcNeTpHvuJoDgKt3lMjDZrzpk0bVFX2WP-g-dENrcVQkRfrSyDck10fuzownKZaLTqTczQJ96JGH29YJValOEKnInOAizZiA2Nn4YlRSjocxt5M-VToU5V1MA2JNr-FeMSTSfyY2FEFbWk2uoDW9UFf3It_dVQ9BkDvT2Q35UGVkWKFx2VFHfKmfDzzqeTQGjCbFahTc4aIXU9aahbgsx1wSLJa7wgAA==&p=17&fvj=1&vjs=3',
 'location': 'Nantes (44)',
 'salary': None,
 'site': 'Indeed',
 'summary': 'Ingénieur méthodes & process h/f ou similaire: 1 an (Souhaité).'}
2020-02-21 12:25:05 [scrapy] DEBUG: Scraped from <200 https://www.indeed.fr/jobs?q=Ing%C3%A9nieur&start=10>
{'company': 'Kaena',
 'crawl_url': 'https://www.indeed.fr/jobs?q=Ing%C3%A9nieur&start=10',
 'job_title': 'Ingénieur, chargé de mission en géotechnique',
 'link_url': '/pagead/clk?mo=r&ad=-6NYlbfkN0AWE-SMiljBjtX1xaXrmbS4OOp_lC2nSr8JJ5QHSkpS94RUtAnCtU1mGMSGOGDa2QTC5hKcVOcxzyrdernuNWpMH7QDvG3p9lzbKggWByMGA4Hc0JU-4y7L3oJQRXJiPHly5-23T5hIlCiFIf7qxjfolV2wbDYliOGUX8hXHJZpG3pXm8Va6OBWL_-44WC8Ut1cNUIVu3l081KuarKA1FLWxYhKjEY_tYZb-ArK5S2GK9tPxy2XfgSLWH7vRUsVLchyv2tomwi8d6pf0xTeypFFY_3AXksNSf2Gz8zeOLxtKjrNFlAQeEtcJugG1jNQknQaiGJGL2U1VlkQo0ny3jFf3vb_psGfGF0oUreDL69m8r-ZpTPW3V2p0ZjX3XUZ2nJrn3w-ZukDt6efSfJ5M6hRvo2dhuTUHATWdUXYDBuitq8220NMu_MebykJn2wVh5g1ghYJtR60qZAq97AJ7TobAjWOAzgMAnauoFUab5nEEJccw7EqMhp6FoJuvAtIUFQ0TcipziWBRQ==&p=18&fvj=1&vjs=3',
 'location': 'Annecy (74)',
 'salary': '28 000 € - 40 000 € par an',
 'site': 'Indeed',
 'summary': 'Ingénieur, chargé de mission en géotechnique ou similaire: 1 an '
            '(Souhaité).'}
2020-02-21 12:25:06 [scrapy] DEBUG: Crawled (200) <GET https://www.indeed.fr/jobs?q=Ing%C3%A9nieur&start=20> (referer: https://www.indeed.fr/jobs?q=Ing%C3%A9nieur&start=10)
2020-02-21 12:25:06 [indeed] DEBUG: 

 Crawling  https://www.indeed.fr/jobs?q=Ing%C3%A9nieur&start=20

2020-02-21 12:25:06 [scrapy] DEBUG: Scraped from <200 https://www.indeed.fr/jobs?q=Ing%C3%A9nieur&start=20>
{'company': '',
 'crawl_url': 'https://www.indeed.fr/jobs?q=Ing%C3%A9nieur&start=20',
 'job_title': 'Ingénieur REACH H/F',
 'link_url': '/pagead/clk?mo=r&ad=-6NYlbfkN0DUN2b5WQb1EDIJ1VOcXkP2btY8_Jwn5DWOsultnYr2G_N_i2W0F2YhhbmE6xOyA7kuTX3aV-9RXTJFO05ZnRPle1mkrVKFBprOSMqCAjyalkhLnR9p5ihDoC9lmiJHKGLoWuXkSAfbY6s1jLthruOPRJwL3rWC1q1mKSkYrQujAx9HC7q57pCAacUmTpM4VaxNmGEvnItmwIdye-QdY1cnqvcjUOwqUlV3t2EGZxBy5jvZfOubXf_UAOKEZjsKXfN9ypV7SyXULnyQrXi-UIHE4ffERbzcdjBT40FiUsMoJyJJkmrY7W4Ce765QKz6YYcJubw4AUUQ4qTibqrIbFD2rchjvvS_7-e1oxRysIv6uRPZou4eR-d4rIYNXtq28TQSfMXi_GYMhIEkn3nMuQJanoFOV7qCZCZ6__OtM3PKDEEtMlNnBC4cRhBH8IgOxYv3dINE1ZVDfAbASfGaTaE7bLBxKenhnHy7vK86LxclbQ==&p=0&fvj=0&vjs=3',
 'location': 'Saint-Dizier (52)',
 'salary': None,
 'site': 'Indeed',
 'summary': 'Dans le cadre de nouveaux projets, nous recherchons un'}
2020-02-21 12:25:06 [scrapy] DEBUG: Scraped from <200 https://www.indeed.fr/jobs?q=Ing%C3%A9nieur&start=20>
{'company': 'UTPM REALISATION',
 'crawl_url': 'https://www.indeed.fr/jobs?q=Ing%C3%A9nieur&start=20',
 'job_title': 'Ingénieur bureau d’études, ingénieur d’application en tôlerie',
 'link_url': '/pagead/clk?mo=r&ad=-6NYlbfkN0Dnl5YU7KN_WR70Fc0MC6UwIjY4iZKCu0VMPqQFz1XoEOpckswbDu_zRXf-G5byFNnomSOhZUUOwTNeK9WVdlJukKgRp4PzMf_KKr0hgqtSwUdf0S3JdhQmxCAbap0rpzt_0j4w4SIM3iq3j4ffVMVSgAV7qOLcx9yNiaU8-Y1wsDozFlx9-_zeTu4y3eP-kY_7dSAuIhJDAvhxJzQHIrnsuwtKsylBRhUl-EL_RHAyBGTlpMXicaPkgo6y_I21V2a9xDrkNbvOoaAAKy5---YLcCjkbtoU1Tz5U69C_XlsKSNG50b9WFHSkqkngUw8QiYTGL7moPbZ9e6TWSrAIqxAGFc3FtGudHDnYJ2-91f69KP8JwHYv94AVrTBFgQ4ZPUh8r28ZJQYKllKYkTysdscFrzEc_6Fk9R95gSUPLMKoB9-2nh80Ds0K0CIUAJosGJCzL1IgLIRkNSEDStcDJ1Ka-woSH8orraFy2CI4JSyjuFEAAJSs8yCXuJa5OOS7KFJru58DvI3eNosG7xVk79dcfDc6NGAReCuI2ZUv-5sbQ==&p=1&fvj=1&vjs=3',
 'location': 'Coucy-le-Château-Auffrique (02)',
 'salary': None,
 'site': 'Indeed',
 'summary': 'Ingénieur bureau d’études,'}
2020-02-21 12:25:06 [scrapy] DEBUG: Scraped from <200 https://www.indeed.fr/jobs?q=Ing%C3%A9nieur&start=20>
{'company': 'Groupe FONDASOL',
 'crawl_url': 'https://www.indeed.fr/jobs?q=Ing%C3%A9nieur&start=20',
 'job_title': 'Fondasolien(ne) Ingénieur études géotechniques H/F - NANCY (54)',
 'link_url': '/pagead/clk?mo=r&ad=-6NYlbfkN0CUDYoHFrKI_rCDjTbfjbwOGoXTOA__xkeyLkEi6s2wzorQny4EN-w-QN7oDKC55OnvBhpyDfnLRYwUsbJc11sUXVX859oDsV68ji-Cnvr6cm5YFT70Cz9i5exvw0GHYo_VbXLE11zREmu5ABElrdILErmOc4DqLzCNFYPKUMN_9eA09P7-9TKVh72cq3UfoExh4NwGZ1cWTnkPrjLQX7N9tQ8C73dZuSiLznAlqwVEVXLFXAR37tRQWnQx3t4BGaKg_0nXcfsLk1GztprcFgR2kNEnwLLJVBNUnV-1y7sbBk-vwJNTdHFsRhRUInsr_96XtkZDGXwbwWJXZZs3G9hWmi_5HZ3wglHYYnRDskjt10lpTTIYEamcayHVAPus-WGzX8oRbqtPPmRz7hZfVJh402BEhq_9Nad9llubmDQxMP09KlLGNn4yHEWDkVfokgudwW04dK5wOsJ3lLjccawyhFM7EQdzFN06vUWEv5FburXXj3oPnC6Tr_zYMaRnKu8TKg36AdA9eXOnIc8r6ZvmnxvQGab7n3g=&p=2&fvj=1&vjs=3',
 'location': 'Nancy (54)',
 'salary': None,
 'site': 'Indeed',
 'summary': 'Ingénieur géotechnicien ou similaire: 2 ans (Souhaité).'}
2020-02-21 12:25:08 [scrapy] DEBUG: Scraped from <200 https://www.indeed.fr/jobs?q=Ing%C3%A9nieur&start=20>
{'company': '',
 'crawl_url': 'https://www.indeed.fr/jobs?q=Ing%C3%A9nieur&start=20',
 'job_title': 'Ingénieur méthodes & Process H/F',
 'link_url': '/pagead/clk?mo=r&ad=-6NYlbfkN0CJQjIynK2A58ru0dyZMcOug4YnImVAtVGAQVWPfsPR2MSVccHjsg4vrxqs0pzJNxefrr5J92sypTYnGk9HoYW5s3ey5c1Iox6hfmPrg0WiALltidTGHuxuZgw3k7tZeRzS-ltKW9zCWlVn32BnYtw41hWkakPMsJTceQp4iMcCRbjDHvmQ-rdgYHEGcDQDTQ75KFplefdGQ1K4aFHu2SlHDbvurfhfdgdQQndBychyBmvXK1e1-m9_bP9z6VKOaNOMW3rcd9vpnZMgb9IGWTqExg4FTumfUdUB68-accl6p7RsIxv0r4W8dsYMUWhNmrvJbZt87cg4dkk_EZ8fpc-yal4X1aHsM9K1cVjFZSjk7xUE28qp2W_FBMxG2RSFoaCjl0xlrIm_OFBbO3EN5LFcWN9ymfigya76LYLiQySvMr7j-4Ot1exOO8hW0LOyFnE9Npb5KQEqZWA-9hwXl4cbYDyxuovxqRU3uY2lB4hv2g==&p=3&fvj=1&vjs=3',
 'location': 'Nantes (44)',
 'salary': None,
 'site': 'Indeed',
 'summary': 'Ingénieur méthodes & process h/f ou similaire: 1 an (Souhaité).'}
2020-02-21 12:25:08 [scrapy] DEBUG: Scraped from <200 https://www.indeed.fr/jobs?q=Ing%C3%A9nieur&start=20>
{'company': '',
 'crawl_url': 'https://www.indeed.fr/jobs?q=Ing%C3%A9nieur&start=20',
 'job_title': 'Ingénieur Approvisionnement h/f',
 'link_url': '/pagead/clk?mo=r&ad=-6NYlbfkN0CX-HxulN9karZZ25aH9lwAcebr__SE5BF-Q70BtB7HU5pvtUc8wzTaFVP4n6qKVHdhxpV9_qPB486080e3em1IduqBbvh7AceSsHPzEkXYos64iflwjf5iSYvDHPjZEYzuvlRLGIpGuTQgjzlReJpl_tIvocRVhl84sDxCkOeyvrYCU7vBBbuizoui14W_S-7bMzrcRH7UKfZAnCyDlF9dmoko8onUccIJx0T4kydhYnPNuXijt-Egt1yOulae-EeZX25wxHnwDP9W6sEXGYmJmwdnSHJ9q9OUNtiuqOrHksCQe3hR5C3FrTBAVCIwzDZ5DKfq8FQXwYsDKz6B9XdDAkNspjKq34U7Pc7unQmQ6MNX0f8JwnOppcWYrQUjl1S2sbPlIqmwtqJyqvfs8gZdvLQZCKSANi5rbfG6IXCB59j0HcHqqxvoUuMBskwGfE5WzHtWuFY3iqYoteq4CLtsPN_okGoRmqA=&p=4&fvj=1&vjs=3',
 'location': 'Laxou (54)',
 'salary': '31 000 € - 36 000 € par an',
 'site': 'Indeed',
 'summary': 'Ingénieur approvisionnement h/f ou similaire: 1 an (Souhaité).'}
2020-02-21 12:25:08 [scrapy] DEBUG: Scraped from <200 https://www.indeed.fr/jobs?q=Ing%C3%A9nieur&start=20>
{'company': '',
 'crawl_url': 'https://www.indeed.fr/jobs?q=Ing%C3%A9nieur&start=20',
 'job_title': 'Ingénieur Commercial B to B H/F',
 'link_url': '/pagead/clk?mo=r&ad=-6NYlbfkN0D6b6aVIy2J_FPu3UNxPlDvigZM-IMdydOQiETL7D0i5oItLTKnsUJoDrl52TYe3-F0xSEfnV9cYQBnUqaoLQc1wwJlYibqJn2Bim4CE8zSAdg9dFTBNfaqHdQISyp2MHxeAYlc14UdgKArSt2IBtPeQzQfo7mmaoFbTn0jERT1TZxEUezbD6FxAsW2D56Ks1plrTIw8lw39GDD7qxq4cLsjYBwd4tqzSxcFq3s1AjPkCXzGAPZdTYwG3ZgqXGRNNx1BAvhsNkehmSVpH3kc9Jkwpdp1w0bEBf3C2MlamRq-O4dtmn9bFfqxnrbGSJjl_FAreVrM83QEESGKbrw0uXC2bNGcFg8h3PdRrRVq5WIlB2aj09sgfe8vy1tIUSWCUlH3g76m50RhdMxeLwAYh-f0A_oDBmNGI1xow3poQTZTtJ5do2unssjNdzqCbjsi-aO2_CUqul-kU7m2fg_xSTLdz9Y-mUuNpc=&p=5&fvj=1&vjs=3',
 'location': 'Toulouse (31)',
 'salary': None,
 'site': 'Indeed',
 'summary': 'Ingénieur commercial B to B h/f ou similaire: 3 ans (Souhaité).'}
2020-02-21 12:25:09 [scrapy] DEBUG: Scraped from <200 https://www.indeed.fr/jobs?q=Ing%C3%A9nieur&start=20>
{'company': 'Setec Groupe',
 'crawl_url': 'https://www.indeed.fr/jobs?q=Ing%C3%A9nieur&start=20',
 'job_title': 'Ingénieur Gestion de Projet débutant H/F',
 'link_url': '/rc/clk?jk=5b1d3f0b94f697fb&fccid=640e5f595b41295d&vjs=3',
 'location': 'Toulouse (31)',
 'salary': None,
 'site': 'Indeed',
 'summary': "Diplômé(e) BAC+5 (école d'ingénieur généraliste type génie "
            'industriel ou Master 2 en gestion de projet).'}
2020-02-21 12:25:09 [scrapy] DEBUG: Scraped from <200 https://www.indeed.fr/jobs?q=Ing%C3%A9nieur&start=20>
{'company': '',
 'crawl_url': 'https://www.indeed.fr/jobs?q=Ing%C3%A9nieur&start=20',
 'job_title': 'Ingénieur conception mécanique H/F',
 'link_url': '/company/ALTEN-SO/jobs/Ing%C3%A9nieur-Conception-M%C3%A9canique-ac97ce93c6717b89?fccid=ebf537736e70d959&vjs=3',
 'location': 'Gujan-Mestras (33)',
 'salary': '30 000 € - 40 000 € par an',
 'site': 'Indeed',
 'summary': 'Ingenieur concep ou similaire: 1 an (Requis).'}
2020-02-21 12:25:09 [scrapy] DEBUG: Scraped from <200 https://www.indeed.fr/jobs?q=Ing%C3%A9nieur&start=20>
{'company': '',
 'crawl_url': 'https://www.indeed.fr/jobs?q=Ing%C3%A9nieur&start=20',
 'job_title': 'Chef de projet R&D',
 'link_url': '/rc/clk?jk=777d03047dfb672b&fccid=b7c78c2beb3c4e57&vjs=3',
 'location': 'Annemasse (74)',
 'salary': None,
 'site': 'Indeed',
 'summary': 'SIEGWERK souhaite renforcer son positionnement en tant que moteur '
            'de l’Economie Circulaire dans l’ensemble du secteur de '
            'l’emballage.'}
2020-02-21 12:25:09 [scrapy] DEBUG: Scraped from <200 https://www.indeed.fr/jobs?q=Ing%C3%A9nieur&start=20>
{'company': '',
 'crawl_url': 'https://www.indeed.fr/jobs?q=Ing%C3%A9nieur&start=20',
 'job_title': 'Ingénieur qualité réglementaire H/F',
 'link_url': '/rc/clk?jk=b0f7d79bf94d0b05&fccid=b6855efa6fa4a75d&vjs=3',
 'location': "Tain-l'Hermitage (26)",
 'salary': None,
 'site': 'Indeed',
 'summary': 'Formation'}
2020-02-21 12:25:09 [scrapy] DEBUG: Scraped from <200 https://www.indeed.fr/jobs?q=Ing%C3%A9nieur&start=20>
{'company': 'SAMSON AGRO SASU',
 'crawl_url': 'https://www.indeed.fr/jobs?q=Ing%C3%A9nieur&start=20',
 'job_title': 'Ingénieur Méthodes Industrialisation H/F',
 'link_url': '/company/SAMSON-AGRO-SASU/jobs/Ing%C3%A9nieur-M%C3%A9thodes-Industrialisation-6b5a6ec9570d33e2?fccid=d9a1e68967e0205c&vjs=3',
 'location': 'Landivisiau (29)',
 'salary': '2 500 € - 3 000 € par mois',
 'site': 'Indeed',
 'summary': 'Ingénieur méthodes industrialisation ou similaire: 1 an '
            '(Souhaité).'}
2020-02-21 12:25:09 [scrapy] DEBUG: Scraped from <200 https://www.indeed.fr/jobs?q=Ing%C3%A9nieur&start=20>
{'company': 'ALTOGEN',
 'crawl_url': 'https://www.indeed.fr/jobs?q=Ing%C3%A9nieur&start=20',
 'job_title': 'INGÉNIEUR(E) QUALIFICATION / VALIDATION PHARMACEUTIQUE F/H',
 'link_url': '/company/ALTOLYS-SAS/jobs/Ing%C3%A9nieur-Qualification-e10a88bb0e054495?fccid=d817c4e33a461b16&vjs=3',
 'location': 'Mulhouse (68)',
 'salary': '35 000 € - 45 000 € par an',
 'site': 'Indeed',
 'summary': "Créée en 2016, ALTOGEN est une société d'ingénierie et de conseil "
            'opérationnel spécialisée dans le domaine de la santé et du '
            'process.'}
2020-02-21 12:25:09 [scrapy] DEBUG: Scraped from <200 https://www.indeed.fr/jobs?q=Ing%C3%A9nieur&start=20>
{'company': '',
 'crawl_url': 'https://www.indeed.fr/jobs?q=Ing%C3%A9nieur&start=20',
 'job_title': 'CDI - Ingénieur IVVQ - Eolien Flottant H/F',
 'link_url': '/rc/clk?jk=157b074ed0521536&fccid=8467fe4682167898&vjs=3',
 'location': 'Brest (29)',
 'salary': None,
 'site': 'Indeed',
 'summary': "Diplômé(e) d'une formation supérieure de type"}
2020-02-21 12:25:09 [scrapy] DEBUG: Scraped from <200 https://www.indeed.fr/jobs?q=Ing%C3%A9nieur&start=20>
{'company': '',
 'crawl_url': 'https://www.indeed.fr/jobs?q=Ing%C3%A9nieur&start=20',
 'job_title': 'Ingénieur Spécialiste Méthodes Composites (H/F)',
 'link_url': '/rc/clk?jk=47b1d68943e6fb59&fccid=2d0740e02e80cf22&vjs=3',
 'location': 'Nantes (44)',
 'salary': None,
 'site': 'Indeed',
 'summary': "Bac + 5 - Type diplôme d'ingénieur."}
2020-02-21 12:25:10 [scrapy] DEBUG: Scraped from <200 https://www.indeed.fr/jobs?q=Ing%C3%A9nieur&start=20>
{'company': 'Jifmar Offshore Services',
 'crawl_url': 'https://www.indeed.fr/jobs?q=Ing%C3%A9nieur&start=20',
 'job_title': 'Stagiaire Ingénieur projets F/H',
 'link_url': '/company/JIFMAR-OFFSHORE-SERVICES/jobs/Stagiaire-Ing%C3%A9nieur-Projets-F-H-8641666ef6a71e5f?fccid=37f032880b03ae75&vjs=3',
 'location': 'Sète (34)',
 'salary': '561 € par mois',
 'site': 'Indeed',
 'summary': "Dernière année de diplôme d'ingénieur ou équivalent en cours."}
2020-02-21 12:25:10 [scrapy] DEBUG: Scraped from <200 https://www.indeed.fr/jobs?q=Ing%C3%A9nieur&start=20>
{'company': 'NonStop Consulting',
 'crawl_url': 'https://www.indeed.fr/jobs?q=Ing%C3%A9nieur&start=20',
 'job_title': "Ingénieur d'application - GRAND OUEST / Biologie Moléculaire",
 'link_url': '/company/NonStop-Consulting/jobs/Ing%C3%A9nieur-Application-1e90e8ba4c4772b9?fccid=b474c0153a3de322&vjs=3',
 'location': 'Nantes (44)',
 'salary': None,
 'site': 'Indeed',
 'summary': "Ingénieur d'application - grand ouest / biologie moléculaire ou "
            'similaire: 2 ans (Souhaité).'}
2020-02-21 12:25:10 [scrapy] DEBUG: Scraped from <200 https://www.indeed.fr/jobs?q=Ing%C3%A9nieur&start=20>
{'company': '',
 'crawl_url': 'https://www.indeed.fr/jobs?q=Ing%C3%A9nieur&start=20',
 'job_title': 'Ingénieur Etudes et Développement H/F',
 'link_url': '/pagead/clk?mo=r&ad=-6NYlbfkN0C4k4p-k5JzKkeZ2Lr19hfYmMp1S0DcJgPWWdbuG5E_sIArX6VRKNiqDukHdWSMqdSaXofdUfV4m5qo2zmyx-e7fDlIQJCB_TEy075U7HQWLVRnj50s_6kJ0NckY8JbjvawsvFJLqjlSNtMnmXna7r5QOoRF6LdPRrKprm_4-KqoLiE6i04ISMlR6tnPWm-C_2mnxC-EuL58bQlot7jOIXXbr0pw-fYl9_8G_hxzLmg6dZfoQ0dPURpLc05rYVHmB_AWnAt5TYRjXZ3wFLKaIBDZG--V5eSef2pAu01tzFimPFxEdp42o8CMd-ce7XMqiRe_uOFz0s9I-Q7tRn997Ls28AzPx59OmVPkCUMILDh9Jm29HTiKsGG-IS9x8MasClD1todefqioUAhee8y6DItv24We3mRkFDluJKDzBPaJgq3kYH1YUh26DQLSa0KNNRZiDFNYPy9tHxkSgFV-mM20IeBHRDWv2HUjHTJ62VGamB_XRx2B675&p=16&fvj=1&vjs=3',
 'location': "Villeneuve-d'Ascq (59)",
 'salary': None,
 'site': 'Indeed',
 'summary': 'Dans un contexte international et dans un environnement où la '
            'sécurité des systèmes d’information est une composante majeure, '
            'nous recrutons un'}
2020-02-21 12:25:11 [scrapy] DEBUG: Scraped from <200 https://www.indeed.fr/jobs?q=Ing%C3%A9nieur&start=20>
{'company': '',
 'crawl_url': 'https://www.indeed.fr/jobs?q=Ing%C3%A9nieur&start=20',
 'job_title': "Ingénieur Junior Marché de l'Energie (h/f)",
 'link_url': '/pagead/clk?mo=r&ad=-6NYlbfkN0CTNS0WgMHjtb0Nqr_GGWeKK0BdkbTlBPMLcGLeM92sfgz_Ee6-rOA__7SywUnizlRGH9MUrANh99DFWTY7LmhTZ_QQIjV0X-kfygYb0Y-bLjgzdSB8_iIJOPlPpifWAdVp17bs8kZNud5_nreGwvzaDpGwkhezAcQFYC5E3mk8ZsPpYktuhdzneSFqCXiGtBWKLAxgYPpvbQqXs2_zthdOr4PB3OphHHtGCl5Bu_BE6fi5IuPvwAD9UO1F8Lmx6XjoHRUZWebPUIQt2OyBb-e-hMvPMuM7WQx9JHwJkJ4PRdRpgvQPSgM3Ky9jcu-mK8IsSvOw9Kh0aKNnlgMR5Uc6Ox6foT4zam1MpDZGEL0iSTqOdghmTOn4DSVSJnQBTLfb8qU-AEhzu04odPyJyxYWBz301-7jbkPuz2VZSWpEAMQreyenCRoUkcQWzWszbJaJLU5KF8qSmZVQzRV2LYDgdMZySTL6TDrBBm97Y-S2P45P5DcrK8CABYwPDCRG1RQelBc1RkE3_QxeFkfqSjMY0TU20Kja8127bMTsdTc4m_-cE7S85Ck2&p=17&fvj=0&vjs=3',
 'location': 'Metz (57)',
 'salary': '38 000 € - 45 000 € par an',
 'site': 'Indeed',
 'summary': 'Titulaire d’un diplôme d’ingénieur de haut niveau avec un intérêt '
            'pour les marchés de l’énergie, vous êtes curieux et rigoureux.'}
2020-02-21 12:25:11 [scrapy] DEBUG: Scraped from <200 https://www.indeed.fr/jobs?q=Ing%C3%A9nieur&start=20>
{'company': 'Kaena',
 'crawl_url': 'https://www.indeed.fr/jobs?q=Ing%C3%A9nieur&start=20',
 'job_title': 'Ingénieur, chargé de mission en géotechnique',
 'link_url': '/pagead/clk?mo=r&ad=-6NYlbfkN0AWE-SMiljBjtX1xaXrmbS4OOp_lC2nSr8JJ5QHSkpS94RUtAnCtU1mGMSGOGDa2QTC5hKcVOcxzyrdernuNWpMH7QDvG3p9lzbKggWByMGA4Hc0JU-4y7L3oJQRXJiPHly5-23T5hIlCiFIf7qxjfolV2wbDYliOGUX8hXHJZpG3pXm8Va6OBWUMvs2vml0PusA66FaQMAWRMbjYAVd9eqG-Q4JCSX-p-0_qU8Ov0wPJNxnNMxltHcRGlM0ayK4FwkgQZSiOur-HwxiewlLayi6hoGIg6VoaA3BrCKiu1-oKwy5-6Cl7bwQjEzabgAEGgCWZMMb6Zk0xfYc6be62HIUtKLRaiRktHhlts2uxiO9cvQvb8plaVuMHXzXINf428k3wjaMsjyH1oFoDmlXEfy4Qf_T9kvlXDhOdPUtQqB_YWrSFYAXOBHHmPdlEdfsG-_0CHssgFFwsf53tohHSi1SBlFY09kJuSimik_K_Ax8Q5_ocavhnGsEIdRAErEk1eXAzzpLa9IDg==&p=18&fvj=1&vjs=3',
 'location': 'Annecy (74)',
 'salary': '28 000 € - 40 000 € par an',
 'site': 'Indeed',
 'summary': 'Ingénieur, chargé de mission en géotechnique ou similaire: 1 an '
            '(Souhaité).'}
2020-02-21 12:25:11 [scrapy] DEBUG: Crawled (200) <GET https://www.indeed.fr/jobs?q=Ing%C3%A9nieur&start=30> (referer: https://www.indeed.fr/jobs?q=Ing%C3%A9nieur&start=20)
2020-02-21 12:25:11 [indeed] DEBUG: 

 Crawling  https://www.indeed.fr/jobs?q=Ing%C3%A9nieur&start=30

2020-02-21 12:25:12 [scrapy] DEBUG: Scraped from <200 https://www.indeed.fr/jobs?q=Ing%C3%A9nieur&start=30>
{'company': 'APILOG Automatisme Industriel',
 'crawl_url': 'https://www.indeed.fr/jobs?q=Ing%C3%A9nieur&start=30',
 'job_title': 'Ingénieur Automatismes Industriels',
 'link_url': '/pagead/clk?mo=r&ad=-6NYlbfkN0DF6JVSXUO5BtyVCZTLdT-IfDPjih1FLGqn5AwuUaSI3bbekXVbQI-T0EKuhQQhtClh0SGGQTIrc4ASbo94CfBZ7-ncHKJi8Llh7COsD20xKthGiJGf-n9wOMGniLzUZhtoxef1LJIhYZqdbexbya8smKKjLrou0dRxKJIqBZP3kICw3mvV6WYOh4CShRzAcxw5j8UnyXxowCoUsmE0YA8bHRB2F1P40jAc1-zeKKUWCa3W8kAtTbztgJMo-hVdaOGNGBAt4bRZoYnKRzrPkUlBg8f1JqetuxUfk-Xy48kEWTnLkAjCIpsUOi2tfNB4L0EfrQG-K5hSgLVn9uQamwbBWH5h-u5FPZFpGMPn6B9VcVSoyCbwgJE7B-TPHbRGml6_AvGFtD-cme9CcuP3_3gOscfU0YoGewVZNNNKfLTOsM3HdKWwzAwwLPGlPxtSbjMA5GyFfSXSjIXc5kdZRTUX8xeMav-06eE=&p=0&fvj=1&vjs=3',
 'location': 'Chanteloup-les-Vignes (78)',
 'salary': '35 000 € - 50 000 € par an',
 'site': 'Indeed',
 'summary': 'Ingénieur automatismes industriels ou similaire: 2 ans '
            '(Souhaité).'}
2020-02-21 12:25:12 [scrapy] DEBUG: Scraped from <200 https://www.indeed.fr/jobs?q=Ing%C3%A9nieur&start=30>
{'company': '',
 'crawl_url': 'https://www.indeed.fr/jobs?q=Ing%C3%A9nieur&start=30',
 'job_title': 'Ingénieur REACH H/F',
 'link_url': '/pagead/clk?mo=r&ad=-6NYlbfkN0DUN2b5WQb1EDIJ1VOcXkP2btY8_Jwn5DWOsultnYr2G_N_i2W0F2YhhbmE6xOyA7kuTX3aV-9RXTJFO05ZnRPle1mkrVKFBprOSMqCAjyalkhLnR9p5ihDoC9lmiJHKGLoWuXkSAfbY6s1jLthruOPRJwL3rWC1q1mKSkYrQujAx9HC7q57pCAN3ulFRMYBG_JDhK32Sz0er3N2Q4dGSLniAemiC59Yzb4ClkgERLzqN0C_fZCPiOPzWmLJ-Ecq8LBWlRj5_4SMK794vskde79ATdks6rBRFU23Vz8OJ32w_07OA4W5mI59uf4Xoey7_y7eAVsYpJggQGTL6C8v3BEtne_bI5GFNbSLlkVRK2yOBmXlsKIiBney6-rfCG-28ItmZ7NfoR9NH1_nswf5ElM0ewxPalmtNZnCnHdxddquVNFTAYS3qcfn-W3av7tnTLOJ9tsq8ZiiTUv9uZL0MSVfzpl1JzfoQrTExM_jkgNjQ==&p=1&fvj=0&vjs=3',
 'location': 'Saint-Dizier (52)',
 'salary': None,
 'site': 'Indeed',
 'summary': 'Dans le cadre de nouveaux projets, nous recherchons un'}
2020-02-21 12:25:13 [scrapy] DEBUG: Scraped from <200 https://www.indeed.fr/jobs?q=Ing%C3%A9nieur&start=30>
{'company': '',
 'crawl_url': 'https://www.indeed.fr/jobs?q=Ing%C3%A9nieur&start=30',
 'job_title': 'Ingénieur Etudes et Développement H/F',
 'link_url': '/pagead/clk?mo=r&ad=-6NYlbfkN0C4k4p-k5JzKkeZ2Lr19hfYmMp1S0DcJgPWWdbuG5E_sIArX6VRKNiqDukHdWSMqdSaXofdUfV4m5qo2zmyx-e7fDlIQJCB_TEy075U7HQWLVRnj50s_6kJ0NckY8JbjvawsvFJLqjlSNtMnmXna7r5QOoRF6LdPRrKprm_4-KqoLiE6i04ISMlp0az9H47PJ_Db_mt0gto1rFeL5N0SbTBWLwgcJDc5Su_uE3Yq6ZH_kizNRObN7dhBYRbdQlK0kQh5U3Wkv0D-9Khh_rt2_AKnEwWEoMTibpimgBM9MX56sd2uSklxnD9FPegrVSQqc2bYZBnOEl1IAvRZ5JOyCo-nJAcw1SmFj1nvqjIPt8mpS3Dr3cCCtA8zHqcDZSfgaz4SMtai9eY85XBheUpDDbaXETdh2V2d17Fb5R_YwoVpaIWSj-Nr3Y0DC-fA8BO3J14tm3OXOLCQ_DYG3LocUXJBbR48Z5YVejpVUicxJJI2uupQy7i5Uoq&p=2&fvj=1&vjs=3',
 'location': "Villeneuve-d'Ascq (59)",
 'salary': None,
 'site': 'Indeed',
 'summary': 'Dans un contexte international et dans un environnement où la '
            'sécurité des systèmes d’information est une composante majeure, '
            'nous recrutons un'}
2020-02-21 12:25:13 [scrapy] DEBUG: Scraped from <200 https://www.indeed.fr/jobs?q=Ing%C3%A9nieur&start=30>
{'company': 'UTPM REALISATION',
 'crawl_url': 'https://www.indeed.fr/jobs?q=Ing%C3%A9nieur&start=30',
 'job_title': 'Ingénieur bureau d’études, ingénieur d’application en tôlerie',
 'link_url': '/pagead/clk?mo=r&ad=-6NYlbfkN0Dnl5YU7KN_WR70Fc0MC6UwIjY4iZKCu0VMPqQFz1XoEOpckswbDu_zRXf-G5byFNnomSOhZUUOwTNeK9WVdlJukKgRp4PzMf_KKr0hgqtSwUdf0S3JdhQmxCAbap0rpzt_0j4w4SIM3iq3j4ffVMVSgAV7qOLcx9yNiaU8-Y1wsDozFlx9-_zeqVt3f-mCmeZUNe7OCNnzzRWLVpMGos1A25S1K4b9Uu13M91zAA4lI4TfWDXOc9F2DwinCAV0GStBxZ94WS6N7HtpPHtB5op07N42ELNckd_fWlf9izbzibJTmHlkOdpFyPsUy2N5ylCxMZeHVzS41RcBJKxNWPAmqDRRScnh7rfnfOM59rOGxE1Pcg0KV3ZaMmS_h_11uMI9lbeqV63K6ququs0MYjt5y70FOi-zaJQ7Wnka0QYmAP7iBku6LdRlhN7oehXowyvkqyJaSpMRQHKMmNA4_3zYaCl9xhK_NWjA9kPXiKzDGGdOsl8sqFLf-NtyR2zT_H2K4z4k3_0ZsGgi0Uk7-7AK8KRhtNPtfOYZfBHwIIjjHQ==&p=3&fvj=1&vjs=3',
 'location': 'Coucy-le-Château-Auffrique (02)',
 'salary': None,
 'site': 'Indeed',
 'summary': 'Ingénieur bureau d’études,'}
2020-02-21 12:25:13 [scrapy] DEBUG: Scraped from <200 https://www.indeed.fr/jobs?q=Ing%C3%A9nieur&start=30>
{'company': 'Rothschild & Co',
 'crawl_url': 'https://www.indeed.fr/jobs?q=Ing%C3%A9nieur&start=30',
 'job_title': 'CDI Ingénieur Patrimonial Junior (H/F) - Paris, Marseille ou '
              'Lyon',
 'link_url': '/rc/clk?jk=b76f780fbf8ce05a&fccid=745c701390025868&vjs=3',
 'location': 'Paris (75)',
 'salary': None,
 'site': 'Indeed',
 'summary': 'Possibilité d’accompagner les'}
2020-02-21 12:25:13 [scrapy] DEBUG: Scraped from <200 https://www.indeed.fr/jobs?q=Ing%C3%A9nieur&start=30>
{'company': 'MROD',
 'crawl_url': 'https://www.indeed.fr/jobs?q=Ing%C3%A9nieur&start=30',
 'job_title': 'Ingénieur matériaux (H/F)',
 'link_url': '/rc/clk?jk=6ade66e7d0f6faa4&fccid=9b9ed73b9bf9e9ba&vjs=3',
 'location': 'Loire-Atlantique',
 'salary': None,
 'site': 'Indeed',
 'summary': "MROD, société de conseil en ingénierie recherche pour l'un de ses "
            'clients un'}
2020-02-21 12:25:13 [scrapy] DEBUG: Scraped from <200 https://www.indeed.fr/jobs?q=Ing%C3%A9nieur&start=30>
{'company': '',
 'crawl_url': 'https://www.indeed.fr/jobs?q=Ing%C3%A9nieur&start=30',
 'job_title': 'Assistant(e) Chef de Projets Site',
 'link_url': '/rc/clk?jk=27d28c1b513a05b2&fccid=1807e5727f702882&vjs=3',
 'location': 'Saint-Pourçain-sur-Sioule (03)',
 'salary': None,
 'site': 'Indeed',
 'summary': 'Sous la responsabilité d’un Chef de Projets, Vous pilotez un '
            'projet de développement d’un Nouveau Produit (Qualité / Coût / '
            'Délai).'}
2020-02-21 12:25:13 [scrapy] DEBUG: Scraped from <200 https://www.indeed.fr/jobs?q=Ing%C3%A9nieur&start=30>
{'company': 'BERT CONSULTANTS',
 'crawl_url': 'https://www.indeed.fr/jobs?q=Ing%C3%A9nieur&start=30',
 'job_title': 'Ingénieur généraliste - Eau / Environnement',
 'link_url': '/company/JEAN--RAPHAEL-BERT-CONSULTANT/jobs/Ing%C3%A9nieur-G%C3%A9n%C3%A9raliste-58e0681348c2deb6?fccid=ef34e78e94e38dc9&vjs=3',
 'location': 'Orléans (45)',
 'salary': None,
 'site': 'Indeed',
 'summary': 'Ingénieur généraliste - eau / environnement ou similaire: 1 an '
            '(Souhaité).'}
2020-02-21 12:25:13 [scrapy] DEBUG: Scraped from <200 https://www.indeed.fr/jobs?q=Ing%C3%A9nieur&start=30>
{'company': '',
 'crawl_url': 'https://www.indeed.fr/jobs?q=Ing%C3%A9nieur&start=30',
 'job_title': 'Ingénieur.e méthodes F/H',
 'link_url': '/rc/clk?jk=e3e707cd1a6eafec&fccid=1807e5727f702882&vjs=3',
 'location': 'Ducey (50)',
 'salary': None,
 'site': 'Indeed',
 'summary': 'Vous maîtrisez le lean manufacturing et ses outils, et êtes '
            "issu.e d’une formation d'ingénieur spécialisée dans la production "
            'industrielle et l’amélioration…'}
2020-02-21 12:25:13 [scrapy] DEBUG: Scraped from <200 https://www.indeed.fr/jobs?q=Ing%C3%A9nieur&start=30>
{'company': '',
 'crawl_url': 'https://www.indeed.fr/jobs?q=Ing%C3%A9nieur&start=30',
 'job_title': 'Ingénieur Qualité Supply Chain(H/F)',
 'link_url': '/rc/clk?jk=ff0a5502bbdde86b&fccid=05f9113dee39ce02&vjs=3',
 'location': 'France',
 'salary': None,
 'site': 'Indeed',
 'summary': 'Depuis 35 ans, ABMI s’engage pour la conception de produits de '
            'qualité et pour l’optimisation de la performance des processus et '
            'des installations industrielles…'}
2020-02-21 12:25:14 [scrapy] DEBUG: Scraped from <200 https://www.indeed.fr/jobs?q=Ing%C3%A9nieur&start=30>
{'company': 'ARBAN SARL',
 'crawl_url': 'https://www.indeed.fr/jobs?q=Ing%C3%A9nieur&start=30',
 'job_title': 'Ingénieur(e) Méthodes',
 'link_url': '/rc/clk?jk=2e455a4304972636&fccid=eb123534a8217015&vjs=3',
 'location': 'Montréal-la-Cluse (01)',
 'salary': None,
 'site': 'Indeed',
 'summary': 'La société Arban, filiale du groupe Grosfillex, est spécialisée '
            'dans la conception, la fabrication, la commercialisation et la '
            'pose de menuiseries PVC.'}
2020-02-21 12:25:14 [scrapy] DEBUG: Scraped from <200 https://www.indeed.fr/jobs?q=Ing%C3%A9nieur&start=30>
{'company': '',
 'crawl_url': 'https://www.indeed.fr/jobs?q=Ing%C3%A9nieur&start=30',
 'job_title': 'Ingénieur généraliste polyvalent débutant H/F',
 'link_url': '/rc/clk?jk=b8fe007a9a93393b&fccid=e3ff72a6ad0d45a9&vjs=3',
 'location': 'Dijon (21)',
 'salary': None,
 'site': 'Indeed',
 'summary': 'Vous serez basé sur le secteur Bourgogne Franche Comté , vous '
            "occuperez un poste d'ingénieur débutant , vous pouvez être amené "
            'à travailler dans différents…'}
2020-02-21 12:25:14 [scrapy] DEBUG: Scraped from <200 https://www.indeed.fr/jobs?q=Ing%C3%A9nieur&start=30>
{'company': '',
 'crawl_url': 'https://www.indeed.fr/jobs?q=Ing%C3%A9nieur&start=30',
 'job_title': 'Assistant ingénieur optimisation des procédés H/F',
 'link_url': '/company/MINAKEM/jobs/Assistant-Ing%C3%A9nieur-Optimisation-Des-Proc%C3%A9d%C3%A9s-61c7e541d6db1616?fccid=6ff5f7dea088d65f&vjs=3',
 'location': 'Dunkerque (59)',
 'salary': None,
 'site': 'Indeed',
 'summary': 'Assistant'}
2020-02-21 12:25:15 [scrapy] DEBUG: Scraped from <200 https://www.indeed.fr/jobs?q=Ing%C3%A9nieur&start=30>
{'company': 'ATEIM Ingénierie',
 'crawl_url': 'https://www.indeed.fr/jobs?q=Ing%C3%A9nieur&start=30',
 'job_title': 'Ingénieur(e) Instrumentation H/F',
 'link_url': '/company/ATEIM-INGENIERIE/jobs/Ing%C3%A9nieur-Instrumentation-379dee51540e5d68?fccid=0eba97f4eda96dfa&vjs=3',
 'location': 'Dunkerque (59)',
 'salary': None,
 'site': 'Indeed',
 'summary': 'ATEIM - Ingénierie industrielle de référence dans les Hauts de '
            'France, filiale du Groupe EKIUM (1 200 personnes, 120 MIO de '
            'chiffre d’affaires), en progression…'}
2020-02-21 12:25:15 [scrapy] DEBUG: Scraped from <200 https://www.indeed.fr/jobs?q=Ing%C3%A9nieur&start=30>
{'company': 'Groupe FONDASOL',
 'crawl_url': 'https://www.indeed.fr/jobs?q=Ing%C3%A9nieur&start=30',
 'job_title': 'Fondasolien(ne) Ingénieur études géotechniques H/F - NANCY (54)',
 'link_url': '/pagead/clk?mo=r&ad=-6NYlbfkN0CUDYoHFrKI_rCDjTbfjbwOGoXTOA__xkeyLkEi6s2wzorQny4EN-w-QN7oDKC55OnvBhpyDfnLRYwUsbJc11sUXVX859oDsV68ji-Cnvr6cm5YFT70Cz9i5exvw0GHYo_VbXLE11zREmu5ABElrdILErmOc4DqLzCNFYPKUMN_9eA09P7-9TKVCCwQ5aFnRF6f7W8Jp_Zj8Ev6q1Gd_5nLXDeiUdHYjMwGzVgarMg2cRqCys95GCntAWsV9pv1hWgANL6Ewy4DRJ1AnU-QrdPg9KMLTvBXaPg2ZKLqck7Etj32dMy12YgF_Qmebw8APPA6bJp1ViuP5FdTS8Yepbfvv6sLYhv9iBE_svbM3gZj2-DXioxAXfhCAuezh2QKIu757w8uq-7IBBRMRx_0B0EXlXpl6vpU7iop3WhVCZXIgy8phZDvwqBJBshTNnWjRXEWHjk23J9x3qRyPCDCKvSoh-OdSXDkopuw8p4q8ZmSkFksoKUWBqPEmx_R-ZYOWVI6sHPBxDc9G8Et39wzvqpEvMiy4fwLGxQ=&p=14&fvj=1&vjs=3',
 'location': 'Nancy (54)',
 'salary': None,
 'site': 'Indeed',
 'summary': 'Ingénieur géotechnicien ou similaire: 2 ans (Souhaité).'}
2020-02-21 12:25:15 [scrapy] DEBUG: Scraped from <200 https://www.indeed.fr/jobs?q=Ing%C3%A9nieur&start=30>
{'company': '',
 'crawl_url': 'https://www.indeed.fr/jobs?q=Ing%C3%A9nieur&start=30',
 'job_title': 'Ingénieur méthodes & Process H/F',
 'link_url': '/pagead/clk?mo=r&ad=-6NYlbfkN0CJQjIynK2A58ru0dyZMcOug4YnImVAtVGAQVWPfsPR2MSVccHjsg4vrxqs0pzJNxefrr5J92sypTYnGk9HoYW5s3ey5c1Iox6hfmPrg0WiALltidTGHuxuZgw3k7tZeRzS-ltKW9zCWlVn32BnYtw41hWkakPMsJTceQp4iMcCRbjDHvmQ-rdgtgLM9kJXychUaoZqhfm4MhNE9nBEYrebx__XCQwmn70y0cdyHddCKOq_wuJm92gHVVq_NPsauJ2Z5ZNsVkceBTtEsA2rIiueSnvoPZGwyQhN3AUVdu2rTljr35nr3ag4-6o1dhkGoRKCVIYesdlLMeTJfCzEF4Jb0kbyzDVmuWNv2TkJ5mKppXkkdT_bYErcclpTTYhC-TN1XeGPC3kcF6sYzn4Sge6EICnmGt_MUJXz5ltsoLXIjCPmQ5WEZ4ssZeV4yXDMQ3pnjPdXglfxrNzJ7GhFi7g5xV4l_cGB7_60nQy5rl2qdw==&p=15&fvj=1&vjs=3',
 'location': 'Nantes (44)',
 'salary': None,
 'site': 'Indeed',
 'summary': 'Ingénieur méthodes & process h/f ou similaire: 1 an (Souhaité).'}
2020-02-21 12:25:15 [scrapy] DEBUG: Scraped from <200 https://www.indeed.fr/jobs?q=Ing%C3%A9nieur&start=30>
{'company': '',
 'crawl_url': 'https://www.indeed.fr/jobs?q=Ing%C3%A9nieur&start=30',
 'job_title': 'Ingénieur Approvisionnement h/f',
 'link_url': '/pagead/clk?mo=r&ad=-6NYlbfkN0CX-HxulN9karZZ25aH9lwAcebr__SE5BF-Q70BtB7HU5pvtUc8wzTaFVP4n6qKVHdhxpV9_qPB486080e3em1IduqBbvh7AceSsHPzEkXYos64iflwjf5iSYvDHPjZEYzuvlRLGIpGuTQgjzlReJpl_tIvocRVhl84sDxCkOeyvrYCU7vBBbuiDRr3riyUiIiu5nnGBP3jjrs0gp_0_npGSbb5eAtzpthuPS7ZTyE8QArElmBygxtLCpEsOjDyQk2zWdTtMCqF-YmynSTbDoeMeyu6BYEj-uARzk5AZ--JfSbi2sP_lvwlUmrdY0Qtk7CcMBxamw19qHhBAiNtkwNyoTN0Yd5x91KQ4Wxx9KEV9a8HbYbwVlSxXlJE5CMudHy8Nu_5i5g_0j3GyRdGdqBhMefCWlxrdoQ8QnKGfODFFU-5KAv5n483EjaG23xpgqke14PvaB2rGrz8MhNCTab_C3IrYKZFmRk=&p=16&fvj=1&vjs=3',
 'location': 'Laxou (54)',
 'salary': '31 000 € - 36 000 € par an',
 'site': 'Indeed',
 'summary': 'Ingénieur approvisionnement h/f ou similaire: 1 an (Souhaité).'}
2020-02-21 12:25:15 [scrapy] DEBUG: Scraped from <200 https://www.indeed.fr/jobs?q=Ing%C3%A9nieur&start=30>
{'company': '',
 'crawl_url': 'https://www.indeed.fr/jobs?q=Ing%C3%A9nieur&start=30',
 'job_title': "Ingénieur Junior Marché de l'Energie (h/f)",
 'link_url': '/pagead/clk?mo=r&ad=-6NYlbfkN0CTNS0WgMHjtb0Nqr_GGWeKK0BdkbTlBPMLcGLeM92sfgz_Ee6-rOA__7SywUnizlRGH9MUrANh99DFWTY7LmhTZ_QQIjV0X-kfygYb0Y-bLjgzdSB8_iIJOPlPpifWAdVp17bs8kZNud5_nreGwvzaDpGwkhezAcQFYC5E3mk8ZsPpYktuhdzneSFqCXiGtBWKLAxgYPpvbQqXs2_zthdOr4PB3OphHHtGCl5Bu_BE6XF5alAZCk2wvYPo-uiqV49__PLxeKUBcrzPnIZlVoRByUM6_AKxKYfD-ivxK_hV5nzySZWUwcKGMen1r5PJK8ndLB_qgjLT4rxVssioKPPvHcnx9wOAo3tHwxKvvQEdeXqQjpBi9VcDmDGzPCr8ZXmMRp4ykgY77n_M2AL99Dr-U-Z8ebTzCwehjjTu8drOi1jD4wilhA6vnC5hni5r22oC52cGpqYbDhrmWR7u2f9bLxXtzhOV1N_gM_U3bvsK8VHIG-XPhmiKUSPuvBGYJHUELxiiknQuyV9d4Sl6m2OfR7qlIJ7s154pKbGO-EoMP-cey1wpBVYM&p=17&fvj=0&vjs=3',
 'location': 'Metz (57)',
 'salary': '38 000 € - 45 000 € par an',
 'site': 'Indeed',
 'summary': 'Titulaire d’un diplôme d’ingénieur de haut niveau avec un intérêt '
            'pour les marchés de l’énergie, vous êtes curieux et rigoureux.'}
2020-02-21 12:25:15 [scrapy] DEBUG: Scraped from <200 https://www.indeed.fr/jobs?q=Ing%C3%A9nieur&start=30>
{'company': 'Kaena',
 'crawl_url': 'https://www.indeed.fr/jobs?q=Ing%C3%A9nieur&start=30',
 'job_title': 'Ingénieur, chargé de mission en géotechnique',
 'link_url': '/pagead/clk?mo=r&ad=-6NYlbfkN0AWE-SMiljBjtX1xaXrmbS4OOp_lC2nSr8JJ5QHSkpS94RUtAnCtU1mGMSGOGDa2QTC5hKcVOcxzyrdernuNWpMH7QDvG3p9lzbKggWByMGA4Hc0JU-4y7L3oJQRXJiPHly5-23T5hIlCiFIf7qxjfolV2wbDYliOGUX8hXHJZpG3pXm8Va6OBWmcT9XaDl4iMWsKw7s7f7mXfv0KAac6FsXWTFnqbcfIYhexDSk3-sFuKu9he_A4Thnuun3sQ2WgNU4ejaiVclnlFj5Yr_wXGQzkwqNMmlMltVRc11O9twgPUCfvibd78GmBJujBPAR0So1K4ucWiFaaWxj2cgBBwwWGJaR3583j96srjzy8NRnNZszJjT7HROAk_oKA6QWK6vOfbeFmojmhnLnCiae5LhaBtJs1lXAkN0HWStYlH6SR8vPrB5VRawI6lAF0EDp45f0vdMFbXGb08bz5jI_67FXFfxwThqaNrk2vWz5rcVxLix-2nd5wT4UPZnY-ugV0qKnWXhY7ul7Q==&p=18&fvj=1&vjs=3',
 'location': 'Annecy (74)',
 'salary': '28 000 € - 40 000 € par an',
 'site': 'Indeed',
 'summary': 'Ingénieur, chargé de mission en géotechnique ou similaire: 1 an '
            '(Souhaité).'}
2020-02-21 12:25:15 [scrapy] INFO: Closing spider (stop generating requests, only 5 requests allowed)
2020-02-21 12:25:15 [scrapy] INFO: Dumping Scrapy stats:
{'downloader/request_bytes': 2822,
 'downloader/request_count': 6,
 'downloader/request_method_count/GET': 6,
 'downloader/response_bytes': 415019,
 'downloader/response_count': 6,
 'downloader/response_status_count/200': 5,
 'downloader/response_status_count/301': 1,
 'elapsed_time_seconds': 20.787358,
 'finish_reason': 'stop generating requests, only 5 requests allowed',
 'finish_time': datetime.datetime(2020, 2, 21, 12, 25, 15, 977575),
 'item_scraped_count': 75,
 'log_count/DEBUG': 311,
 'log_count/INFO': 82,
 'memusage/max': 55705600,
 'memusage/startup': 55705600,
 'request_depth_max': 4,
 'response_received_count': 5,
 'robotstxt/request_count': 1,
 'robotstxt/response_count': 1,
 'robotstxt/response_status_count/200': 1,
 'scheduler/dequeued': 5,
 'scheduler/dequeued/memory': 5,
 'scheduler/enqueued': 6,
 'scheduler/enqueued/memory': 6,
 'start_time': datetime.datetime(2020, 2, 21, 12, 24, 55, 190217)}
2020-02-21 12:25:15 [scrapy] INFO: Spider closed (stop generating requests, only 5 requests allowed)
