2019-12-24 15:30:06 [scrapy] DEBUG: Crawled (200) <GET https://www.indeed.fr/robots.txt> (referer: None)
2019-12-24 15:30:06 [scrapy] DEBUG: Redirecting (301) to <GET https://www.indeed.fr/emplois?q=Stage%20Ing%C3%A9nieur> from <GET https://www.indeed.fr/jobs?q=Stage%20Ing%C3%A9nieur>
2019-12-24 15:30:07 [scrapy] DEBUG: Crawled (200) <GET https://www.indeed.fr/emplois?q=Stage%20Ing%C3%A9nieur> (referer: None)
2019-12-24 15:30:07 [indeed2] DEBUG: 

 Crawling  https://www.indeed.fr/emplois?q=Stage%20Ing%C3%A9nieur

2019-12-24 15:30:07 [scrapy] DEBUG: Scraped from <200 https://www.indeed.fr/emplois?q=Stage%20Ing%C3%A9nieur>
{'company': '',
 'crawl_url': 'https://www.indeed.fr/emplois?q=Stage%20Ing%C3%A9nieur',
 'job_title': 'STAGE INGÉNIEUR TRAVAUX TOULON (H/F)',
 'link_url': '/pagead/clk?mo=r&ad=-6NYlbfkN0BRi3R4cW5hX_OkPdJagcwJu-vXDHxLzSClOjLc3qmjcxxfj22vr1rdh5ESRhjByWxd9tUSTyaVnBn2y3kfeTweUDoW9FxUT0XB0j-YNxyCuMq90GaQ_BPq7bXoDJxew7moikvTevTx6u5RE_M7ss7fZSV1W5Ozojli8LF-bjaYaGOJxtBd3Sb7klICUV20k7iBIlTa2pnm2GkWQ_a6d0RxMBCkW-Zxya46L3xlENAapJSkXxaBy6-GMZzFzUMqLrJD41fU8h5bnlKlq04VT62gPF-CZJkb25-CBjpZmlvxGBxUly_1oYtnSQ9CpxppC07gUDKOlfW9iYlh5isN34BwV9-GFh6zvixr99LW4cir21Diu6WSVpZPMWmy-RIfYG5Se2Nc8SN7s2Qw3iaa7j144Tg2GOEfCrYyyd2ztYI3j6h00Hxvv_7ZJxm9KQTrC2_nCiYCBCPn4xYCna1vW5d316GMbMpOcGk3zRx5yAKw5k1RKvWUG95PXpMjTxrUJ9b61exnA7U2Cw==&p=0&fvj=0&vjs=3',
 'location': 'Six-Fours-les-Plages (83)',
 'salary': None,
 'summary': 'De formation Bac+3 à Bac+5, issu d’école d’ingénieur, licence '
            'professionnelle ou master, vous devez réaliser un'}
2019-12-24 15:30:07 [scrapy] DEBUG: Scraped from <200 https://www.indeed.fr/emplois?q=Stage%20Ing%C3%A9nieur>
{'company': 'ANDRICE',
 'crawl_url': 'https://www.indeed.fr/emplois?q=Stage%20Ing%C3%A9nieur',
 'job_title': "Stage pré-embauche Ingénieur d'Affaires H/F",
 'link_url': '/pagead/clk?mo=r&ad=-6NYlbfkN0C-DDqE2PvtlhgrPJ1-iQblct7bO4IaZKYhVOj3MZ6KK3X7dg1F1jbO_8FLT-ndfbIb3938T8jQPs-kPMFyeCaFj4OVGIVnzEaFIz6YnOkcGCIGzsEgvzpe64SzC-FtFeBwYosWIvRylAj-nUyhS88lFctg8MCj8rgguadOJHTTf8SnsjHRIbtrt5KmT19pTlVrpRwd3lDYGqweuwtoBrQNVbBdUlHaAyDlP1XzDc7-Se8kL5oWTFF_8cADGfm_tDa9jZ_CFJq6farDHjMl9tNOq5fhXPkaBQ2dWxg4IikXyUZ-CbNXJXZs-cp2fksRI_u8Gug89zDuj4pGKX3ymHtdhqYwgs29hh5YRuNTvFiGsckuApPl8b_SIoOdNx78TmD3oXk8la1N7_5Ykp1U8GindtziIlLVqaEwwmK88Aak9EBEVPCskG_nZpT6vRK2dyJ0ZMUIeqYZTPZl_Pp5-TblG3i3LmREwW_Fifq6_7GUdkAJEcyrgmt_3o3w6VzJ9wT77McVNQ15WQ==&p=1&fvj=1&vjs=3',
 'location': 'Lyon (69)',
 'salary': '1 500 € par mois',
 'summary': 'des'}
2019-12-24 15:30:07 [scrapy] DEBUG: Scraped from <200 https://www.indeed.fr/emplois?q=Stage%20Ing%C3%A9nieur>
{'company': '',
 'crawl_url': 'https://www.indeed.fr/emplois?q=Stage%20Ing%C3%A9nieur',
 'job_title': 'Ingénieur software sur microcontrôleur embarqué secteur '
              'aéronautique F/H',
 'link_url': '/pagead/clk?mo=r&ad=-6NYlbfkN0DJfCKiUk9Kh8Sv1tY5q10akiOnsuSbU2iXVno_-lPEBeiJT0TazLHeEQRWfZIVp805SQk5dFerfoNtPCxHmX4ELAyj_YmzTDXjcd5cLeAsCpaS5h7D6hwvA9V58u2ZBS0OgbdNDNrRmTjtmHyKH3vuDP-i9Ko9Pp1h39FxVfLz2gZms1A2V-NOsgG06oO22dGAEVH3ubWzLSZBqt-8bFHUTMJ8wthYL17Y47TCVj8RONmzOl_JA01x646r4YN0fNBWlPgtd8EfdmrG_R7H8lFq-8bv1R4CtpmpB9wQBMqRlUjt0kQtphJI_yEOVYbCBu5_InB0z7yXWNvMtjMnva9k16_Urqg4P9wV1UELZ8t-50K1ESRKMkVBfxqrO3scAHgHVV4y_V0mBWnzrrsKfvJ0DG6qeIzCDDR3aIhOX5VypBL7a_EoWaxwIOtmK5srIbRpG0GHw7f1mSzM2UEq2PqrRtelgzjIW7C--vJSYffNq0nkoL7C8l2c1OZpPV9KcxURKW1MTzpFI7LiUfAhUDPNQt-2sm71HslAtDpNoKdF_6ljiFshA1B5rD1bU_1dmud0NJzIswrNIw==&p=2&fvj=1&vjs=3',
 'location': 'Loiret',
 'salary': None,
 'summary': 'Issu d’une école d’ingénieur en informatique industrielle / '
            'électronique de niveau BAC+5 minimum, vous bénéficiez d’une '
            'première expérience (stage ou alternance…'}
2019-12-24 15:30:07 [scrapy] DEBUG: Scraped from <200 https://www.indeed.fr/emplois?q=Stage%20Ing%C3%A9nieur>
{'company': '',
 'crawl_url': 'https://www.indeed.fr/emplois?q=Stage%20Ing%C3%A9nieur',
 'job_title': 'STAGE : INGÉNIEUR ETUDES & DÉVELOPPEMENT DATA, SECTEUR CRM '
              'MARKETING (H/F)',
 'link_url': '/pagead/clk?mo=r&ad=-6NYlbfkN0BIy01HPXGWPTnaqLOCiyq2HmKf-PiNOn0ZgGJ0C8fr24wtXGA7HjcnwVyNo-KN5IO49f_kSBcsn8X37w0o1Z3eSbW4ALb6W50L8XweULk27e5OcYYypgNJUhQSqAwOhXgpQuzV0De1byuOy6X81AUUSzIfnQbAHSPkCZdMD9n349cJJBKK9fF8HoZbFOr3TwOuQYOhJ6JBWlhEVIDC4EfPd55wUX4-1_VYSeVho6xnwB0Qv6RnXBf4vfclVdf_5zkxEnWYTl97MWBVTxsEp0H-MzTCznNiYHQT2cRWpWDR4KXqIp4XwKWHgls_VouEhxtwemMKcIGqndhtJvSBpY0xpU1rhSa-5lHop_BFaniqrdDcXxmeGtRTxWiilD3wA__qfve5-seECS-nGP0PVhsMN5J4pHFZLpNkpo87dCH9dvAv3bY7FnxebIL4UXPXbXgGgmgc8A9_g8TQ-QdbeeAFkRPdV4DhDrPIutOxIOJ8ERN5s63y1ePUYcDyPOdCshpRd4pQjM54ZpBpKQtmLt7mKLJWOYUnzDmVYWf8c42pmSJpNv8JcQFFe3rWCnM87JFaUVJ3XQ6LxM5yX_rjLIJ3zmJDW14phcn0vw2eNE0NhG42dQjVD8I67ju8T1DcR7zFD6kocAhSmA4brHCCdbZq2o-G-88HEZQUrlzVuyUo10TJeAxye1vKgS_Mcq1y3p7P-4VrVw0hMMLBeFklEAIWGB7nSmHU97Uo0xFLYDGzMOrDbS6BOzGTyPDVaqkJCJ2jjj-iaG1UXg==&p=3&fvj=0&vjs=3',
 'location': 'Paris (75)',
 'salary': '1 300 € par mois',
 'summary': 'Une indemnité mensuelle brute de'}
2019-12-24 15:30:07 [scrapy] DEBUG: Scraped from <200 https://www.indeed.fr/emplois?q=Stage%20Ing%C3%A9nieur>
{'company': 'CITYPASSENGER',
 'crawl_url': 'https://www.indeed.fr/emplois?q=Stage%20Ing%C3%A9nieur',
 'job_title': 'Stage Ingénieur(e) Commercial(e)',
 'link_url': '/pagead/clk?mo=r&ad=-6NYlbfkN0CXfH3XPoG-4U8J01hRHvkYXCcAUH3WyzB-87xUGogK5rcTIKBfEYNOaJOgYyBvUQ2BAiAOjtzHkdsQmhq5h41yK6ATLcmHGKGqM-IglH4BBdOMyf7nczD0QsLj3vw8ZSJfAuyVR8jW74IK8ZhEy4fxm_b7J6mmXY5euvnO2AA0NQ33tQX4bGADYH8XOoQtsYLmToK-mkRLPxeUxmpxJDwHo9s_Nz_qRdiTrFgVMi_9q_JpdFhmGsLXAvhVoyKXNjQTMdviG0eWtF9ZYAZ8p6CCMGLS6qpvtPPHr-w8cahTKiuvTOwnkA2aiEw94LTYmbSsYmlJHcBGkfODLhvpMRWprVe5HoDLyrJn_u2UdPlevTZuqTZeC6Qo7TfQ_Wr_px-tV3b1xfRYMJYKi3VPO9zXNzlI6OIiQiXK-fIg_l8acK8ov68LUiopOO22Nayk445ExnS6Mxq9k_SQIWJxSeBpj3DWRgedZMU=&p=4&fvj=1&vjs=3',
 'location': 'Courtaboeuf (91)',
 'salary': None,
 'summary': 'En dernière année de formation en école de commerce ou '
            'd’ingénieur (Bac+5), vous cherchez un'}
2019-12-24 15:30:07 [scrapy] DEBUG: Scraped from <200 https://www.indeed.fr/emplois?q=Stage%20Ing%C3%A9nieur>
{'company': '',
 'crawl_url': 'https://www.indeed.fr/emplois?q=Stage%20Ing%C3%A9nieur',
 'job_title': 'Stage Ingénieur Performance Industrielle Microbiologie H/F - 6 '
              'mois',
 'link_url': '/pagead/clk?mo=r&ad=-6NYlbfkN0B_UejnobITfRuRyVF8pNmHOI4RIkCa_CRBDIwArNSLLP5rjwTpPDp8iQyYlUMiNvJnt6kd7y3XMK_7zH_V-os5BeotUvnJ5EJXweYpi4AP68_f08bl12FiSERofescBLbtD7s6KkH17rg-O1EUCc7368E7J5FKW1Wi4TYa2oPb8t9FW1kXmLktp0R8k5BwLR3vTQnfjSLNo5mBlraCTfHbp56uMP11haoR2iDN6iQ2j_b2-8Z8zA9FLLfKjR3KWrjHY0nVxxeavN2EbUPamqQPz4Gd8TYP-8iWmp-gpd-nRVKmEgNZMeFfa_2w0ikAfji442kBYWhR3Ix6eeTPBt7P4A7i1UJXdXEbyaGbwxEfAcdIxmM4LZDtOY1Mx9cfT3zcezy7cAXwP5ZU7hTYThBVc1HrMz_1qEwtpoyoNmS699RIwHbfZZQj64ZDX2kg7Nym41IaXWid1jfl4o6QFhdee0vyUAIMwQEwY6idCVQUMRVTngjww7Xq8YaSuiWWlqIHITZ9JEunvgVm--OUqYjg&p=5&fvj=1&vjs=3',
 'location': 'Fontaine (38)',
 'salary': None,
 'summary': 'Mérieux NutriSciences *recherche son nouveau ou sa nouvelle '
            'stagiaire ingénieur(e) en performance industrielle pour son site '
            'à Fontaine dans l’Isère (38).'}
2019-12-24 15:30:07 [scrapy] DEBUG: Scraped from <200 https://www.indeed.fr/emplois?q=Stage%20Ing%C3%A9nieur>
{'company': '',
 'crawl_url': 'https://www.indeed.fr/emplois?q=Stage%20Ing%C3%A9nieur',
 'job_title': 'Stage - Ingénieur - Amélioration continue (F/H)',
 'link_url': '/rc/clk?jk=20988d242ab40c6d&fccid=aaec0480e2e19692&vjs=3',
 'location': 'Sainte-Julie (01)',
 'salary': '1 300 € par mois',
 'summary': 'Au sein du département Engineering et du service performance et '
            'méthodologie, vous serez chargé(e) de l’amélioration d’un sujet '
            'dans le périmètre Engineering.'}
2019-12-24 15:30:07 [scrapy] DEBUG: Scraped from <200 https://www.indeed.fr/emplois?q=Stage%20Ing%C3%A9nieur>
{'company': '',
 'crawl_url': 'https://www.indeed.fr/emplois?q=Stage%20Ing%C3%A9nieur',
 'job_title': 'Stage - Ingénieur Amélioration Continue H/F',
 'link_url': '/rc/clk?jk=bc8b4ec90f44b0ba&fccid=de640f613b6c0608&vjs=3',
 'location': 'Pantin (93)',
 'salary': None,
 'summary': 'Etudiant(e) bac+4 / +5, Cursus'}
2019-12-24 15:30:07 [scrapy] DEBUG: Scraped from <200 https://www.indeed.fr/emplois?q=Stage%20Ing%C3%A9nieur>
{'company': '',
 'crawl_url': 'https://www.indeed.fr/emplois?q=Stage%20Ing%C3%A9nieur',
 'job_title': 'Stage Ingénieur amélioration continue H/F',
 'link_url': '/rc/clk?jk=2dfb3f72f54835fc&fccid=ca90748d4ca63157&vjs=3',
 'location': 'Gonesse (95)',
 'salary': None,
 'summary': 'Un premier'}
2019-12-24 15:30:07 [scrapy] DEBUG: Scraped from <200 https://www.indeed.fr/emplois?q=Stage%20Ing%C3%A9nieur>
{'company': '',
 'crawl_url': 'https://www.indeed.fr/emplois?q=Stage%20Ing%C3%A9nieur',
 'job_title': 'Stage - Ingénieur Génie Electrique H/F basé à Mulhouse',
 'link_url': '/rc/clk?jk=7b548993836dd2c6&fccid=85e9b52080d4981d&vjs=3',
 'location': 'Mulhouse (68)',
 'salary': None,
 'summary': 'Formation : Etudiant en dernière année d’école d’ingénieur en '
            'génie électrique ou équivalent.'}
2019-12-24 15:30:07 [scrapy] DEBUG: Scraped from <200 https://www.indeed.fr/emplois?q=Stage%20Ing%C3%A9nieur>
{'company': '',
 'crawl_url': 'https://www.indeed.fr/emplois?q=Stage%20Ing%C3%A9nieur',
 'job_title': 'Stagiaire Ingénieur Essais Dynamique du Véhicule',
 'link_url': '/company/UTAC-CERAM/jobs/Stagiaire-Ing%C3%A9nieur-Essais-Dynamique-Du-V%C3%A9hicule-bb2eb15896bef774?fccid=9945afd63e78914f&vjs=3',
 'location': 'Mortefontaine (60)',
 'salary': '900 € par mois',
 'summary': 'UTAC CERAM, groupe privé et indépendant, propose des services '
            'dans tous les domaines de la mobilité terrestre : réglementation '
            'et homologation, essais et…'}
2019-12-24 15:30:07 [scrapy] DEBUG: Scraped from <200 https://www.indeed.fr/emplois?q=Stage%20Ing%C3%A9nieur>
{'company': '',
 'crawl_url': 'https://www.indeed.fr/emplois?q=Stage%20Ing%C3%A9nieur',
 'job_title': 'Stage Ingénieur Environnement - Aulnay-Sous-Bois - Février 2020',
 'link_url': '/rc/clk?jk=36e654a947269fb3&fccid=ec8a0bd60be9a6f5&vjs=3',
 'location': 'Aulnay-sous-Bois (93)',
 'salary': None,
 'summary': 'Date de début souhaitée : Février 2020.'}
2019-12-24 15:30:07 [scrapy] DEBUG: Scraped from <200 https://www.indeed.fr/emplois?q=Stage%20Ing%C3%A9nieur>
{'company': 'Genergies',
 'crawl_url': 'https://www.indeed.fr/emplois?q=Stage%20Ing%C3%A9nieur',
 'job_title': 'Stage Ingénieur conception solaire',
 'link_url': '/company/Genergies/jobs/Stage-Ing%C3%A9nieur-Conception-Solaire-3a3fc5cadd4aa6a5?fccid=8be3cd446c965bc2&vjs=3',
 'location': 'Lyon (69)',
 'salary': None,
 'summary': 'Issu(e) d’une école d’ingénieurs et spécialisé(e) en énergies '
            'électrique et/ou thermique, vous recherchez un'}
2019-12-24 15:30:07 [scrapy] DEBUG: Scraped from <200 https://www.indeed.fr/emplois?q=Stage%20Ing%C3%A9nieur>
{'company': 'FRICO SAS',
 'crawl_url': 'https://www.indeed.fr/emplois?q=Stage%20Ing%C3%A9nieur',
 'job_title': 'Stage Ingénieur Industrie',
 'link_url': '/company/FRICO-SAS/jobs/Stage-Ing%C3%A9nieur-Industrie-d3f147bcb05542f4?fccid=cf9ab5286adc1e53&vjs=3',
 'location': 'Rillieux-la-Pape (69)',
 'salary': '550 € par mois',
 'summary': 'Mots clés Matériaux, Électricité, Thermique.'}
2019-12-24 15:30:07 [scrapy] DEBUG: Scraped from <200 https://www.indeed.fr/emplois?q=Stage%20Ing%C3%A9nieur>
{'company': 'ATRIX Group',
 'crawl_url': 'https://www.indeed.fr/emplois?q=Stage%20Ing%C3%A9nieur',
 'job_title': 'ingénieur / PFE calculs mécaniques - Stage',
 'link_url': '/rc/clk?jk=d160aae778627033&fccid=bbe5b23d7c19f970&vjs=3',
 'location': 'Villeurbanne (69)',
 'salary': None,
 'summary': 'Ce'}
2019-12-24 15:30:07 [scrapy] DEBUG: Scraped from <200 https://www.indeed.fr/emplois?q=Stage%20Ing%C3%A9nieur>
{'company': '',
 'crawl_url': 'https://www.indeed.fr/emplois?q=Stage%20Ing%C3%A9nieur',
 'job_title': 'Stagiaire – Ingénieur Sécurité des Systèmes d’Information et '
              'Cybersécurité (H/F)',
 'link_url': '/rc/clk?jk=73694be17f7b535c&fccid=263be8b9afb34d7d&vjs=3',
 'location': 'Roissy-en-Brie (77)',
 'salary': '1 200 € par mois',
 'summary': 'Assurer le suivi des indicateurs du périmètre de responsabilité '
            'du stage.'}
2019-12-24 15:30:07 [scrapy] DEBUG: Scraped from <200 https://www.indeed.fr/emplois?q=Stage%20Ing%C3%A9nieur>
{'company': 'NOVAIR',
 'crawl_url': 'https://www.indeed.fr/emplois?q=Stage%20Ing%C3%A9nieur',
 'job_title': 'STAGIAIRE INGENIEUR MECANIQUE',
 'link_url': '/pagead/clk?mo=r&ad=-6NYlbfkN0Clf5zeY9VUcjb4WhHMUhVHFoB1VT81I-HaXQwmvhnDbWZPAXWKKV6z1T6uWNjq8YT6afHhRovGvcpiu4GBwrOTWI8VhC4oNQWEyBe5pFP1rme1ho0otQtkvwgb4WlgL2ne0_BbExVa8Zak2JMR0po6m2N7Wo5RN7sPaZp35F-hWas3FAYgWFbH4lZcgCRQBJrKlHo5AbGpahP2QHvQE0KzgUMoL_VVDJ96c7SeIJj6XBCLDFEHJyd61BaCAy3ljUQPiMMVdS5Zt8hLtZtuhcduNemvCUnsodItHAr_p6oUr43hcA5rROrUzF3bxL5KoXk8h66zJZtAOUDcsoZlZBkLluyDS8eYeesogEZ0E1O6SyfRJZZWIMGtFuxDCo8CmPlQoQwHpw2zMYiK5bpId_hKf1IaNeHKLscFS1IZLt_-tsBe7HL6CjdEhRempwpYmdW902lJDTAL0JdEXTNAZ6nHakumyw-FJrE=&p=16&fvj=1&vjs=3',
 'location': 'Roissy-en-France (95)',
 'salary': '700 € - 800 € par mois',
 'summary': 'Dans le cadre du fort développement que connaît actuellement '
            'notre groupe, nous consolidons notre département technique, et '
            'recrutons un'}
2019-12-24 15:30:07 [scrapy] DEBUG: Scraped from <200 https://www.indeed.fr/emplois?q=Stage%20Ing%C3%A9nieur>
{'company': '',
 'crawl_url': 'https://www.indeed.fr/emplois?q=Stage%20Ing%C3%A9nieur',
 'job_title': 'Coordinateur Logistique International (H/F) - Stage',
 'link_url': '/pagead/clk?mo=r&ad=-6NYlbfkN0Dw2l-gc6Hs9he0Xu95y96LW649IfwZI94hfnkXTmfGtyuoo7hg1YWVQ3zVWqAVT4EuzH8-w1WF7K-cp-0oq1-vTqQ2xE_GOhN2uulHJ9Is-HjErXUuR-FNaxi6YqTVEj-fQa1vl9AKYZ1-N2PgYp6LAdf9NtxyJgj7SbJ7Z3SLynrr6KRGpwMPJ7lop09bCk5jcd6wVawVJxmkBmE5xjgN6rbfqlLnhWu1hPPgNni1e5Ru12mJOo2pmdvHEAkm8HIs00gXp78M6ZR0EVcv9vrlvj5AwCxW1S-C8pdovx7DEH8B1eKsq3iJHUWCrgliuPo9jsd0flk4LZ7HAmi9kG_H2nhmuRfda_otjRZVn1xPD0i6dKWTTb6PoqyVRpOld3n361ysNKefhdtdgCAylKsYzlPf4TZz4LEZAUI7jrMaDRDPQt_uaxl2lpW06NM_6EWEW1V0rTFkyraT8GCocjogSQ_V0SpU_9qlxwdvC4elW4Cx8B04hWfRo3HVQxZT4KYmKGi3xHlOIM52RiilVBCd&p=17&fvj=1&vjs=3',
 'location': 'Issy-les-Moulineaux (92)',
 'salary': None,
 'summary': 'Ecole de commerce (ou'}
2019-12-24 15:30:07 [scrapy] INFO: Closing spider (stop generating requests, only 2 requests allowed)
2019-12-24 15:30:07 [scrapy] INFO: Dumping Scrapy stats:
{'downloader/request_bytes': 909,
 'downloader/request_count': 3,
 'downloader/request_method_count/GET': 3,
 'downloader/response_bytes': 97987,
 'downloader/response_count': 3,
 'downloader/response_status_count/200': 2,
 'downloader/response_status_count/301': 1,
 'elapsed_time_seconds': 0.933474,
 'finish_reason': 'stop generating requests, only 2 requests allowed',
 'finish_time': datetime.datetime(2019, 12, 24, 15, 30, 7, 289577),
 'item_scraped_count': 18,
 'log_count/DEBUG': 22,
 'log_count/INFO': 7,
 'memusage/max': 138334208,
 'memusage/startup': 138334208,
 'request_depth_max': 1,
 'response_received_count': 2,
 'robotstxt/request_count': 1,
 'robotstxt/response_count': 1,
 'robotstxt/response_status_count/200': 1,
 'scheduler/dequeued': 2,
 'scheduler/dequeued/memory': 2,
 'scheduler/enqueued': 3,
 'scheduler/enqueued/memory': 3,
 'start_time': datetime.datetime(2019, 12, 24, 15, 30, 6, 356103)}
2019-12-24 15:30:07 [scrapy] INFO: Spider closed (stop generating requests, only 2 requests allowed)
