2019-12-24 11:41:08 [scrapy] DEBUG: Crawled (200) <GET https://www.indeed.com/robots.txt> (referer: None)
2019-12-24 11:41:08 [scrapy] DEBUG: Redirecting (302) to <GET https://www.indeed.fr?r=us> from <GET https://www.indeed.com>
2019-12-24 11:41:08 [scrapy] INFO: Closing spider (stop generating requests, only 1 requests allowed)
2019-12-24 11:41:08 [scrapy] INFO: Dumping Scrapy stats:
{'downloader/request_bytes': 465,
 'downloader/request_count': 2,
 'downloader/request_method_count/GET': 2,
 'downloader/response_bytes': 13507,
 'downloader/response_count': 2,
 'downloader/response_status_count/200': 1,
 'downloader/response_status_count/302': 1,
 'elapsed_time_seconds': 0.676779,
 'finish_reason': 'stop generating requests, only 1 requests allowed',
 'finish_time': datetime.datetime(2019, 12, 24, 11, 41, 8, 295656),
 'log_count/DEBUG': 2,
 'log_count/INFO': 7,
 'memusage/max': 59002880,
 'memusage/startup': 59002880,
 'response_received_count': 1,
 'robotstxt/request_count': 1,
 'robotstxt/response_count': 1,
 'robotstxt/response_status_count/200': 1,
 'scheduler/dequeued': 1,
 'scheduler/dequeued/memory': 1,
 'scheduler/enqueued': 2,
 'scheduler/enqueued/memory': 2,
 'start_time': datetime.datetime(2019, 12, 24, 11, 41, 7, 618877)}
2019-12-24 11:41:08 [scrapy] INFO: Spider closed (stop generating requests, only 1 requests allowed)
