2019-12-24 15:30:00 [scrapy] DEBUG: Crawled (200) <GET https://www.indeed.fr/robots.txt> (referer: None)
2019-12-24 15:30:00 [scrapy] DEBUG: Redirecting (301) to <GET https://www.indeed.fr/emplois?q=Stage%20Ing%C3%A9nieur> from <GET https://www.indeed.fr/jobs?q=Stage%20Ing%C3%A9nieur>
2019-12-24 15:30:01 [scrapy] DEBUG: Crawled (200) <GET https://www.indeed.fr/emplois?q=Stage%20Ing%C3%A9nieur> (referer: None)
2019-12-24 15:30:01 [indeed2] DEBUG: 

 Crawling  https://www.indeed.fr/emplois?q=Stage%20Ing%C3%A9nieur

2019-12-24 15:30:01 [scrapy] DEBUG: Scraped from <200 https://www.indeed.fr/emplois?q=Stage%20Ing%C3%A9nieur>
{'company': 'ANDRICE',
 'crawl_url': 'https://www.indeed.fr/emplois?q=Stage%20Ing%C3%A9nieur',
 'job_title': "Stage pré-embauche Ingénieur d'Affaires H/F",
 'link_url': '/pagead/clk?mo=r&ad=-6NYlbfkN0C-DDqE2PvtlhgrPJ1-iQblct7bO4IaZKYhVOj3MZ6KK3X7dg1F1jbO_8FLT-ndfbIb3938T8jQPs-kPMFyeCaFj4OVGIVnzEaFIz6YnOkcGCIGzsEgvzpe64SzC-FtFeBwYosWIvRylAj-nUyhS88lFctg8MCj8rgguadOJHTTf8SnsjHRIbtru15WZn9_Oll7EnWBVfgbZzwK4r61lq6LxtG_BPFP2Ph-PAFKfOgsC57nEqZEPfgSsRnVcoVYm2OEUgZ8qDthr02UzwO7gZcGlry3jVt0FHpzZeGyp-l7xae0LP3gy5vLwsEfDVBq-L469DlkgYcW4H9jxvw-sbFLV_1-U4zbzoTtGG1K5JR18UARC19AVFj_sqoVtmNSp2ZdIQ2iPc0nEOt1O9eej6Md0ibMmFpGaTf3lHAjIP-1okJoovulyQTmn7-86QA3vrYQErVbgW0nkH09jGUMU9mY3TvfjZKVqzuvUv5pqB_IFaoncje8aq_CObDm3w8k8-SjY84l-XNb6A==&p=0&fvj=1&vjs=3',
 'location': 'Lyon (69)',
 'salary': '1 500 € par mois',
 'summary': 'des'}
2019-12-24 15:30:01 [scrapy] DEBUG: Scraped from <200 https://www.indeed.fr/emplois?q=Stage%20Ing%C3%A9nieur>
{'company': '',
 'crawl_url': 'https://www.indeed.fr/emplois?q=Stage%20Ing%C3%A9nieur',
 'job_title': 'Coordinateur Logistique International (H/F) - Stage',
 'link_url': '/pagead/clk?mo=r&ad=-6NYlbfkN0Dw2l-gc6Hs9he0Xu95y96LW649IfwZI94hfnkXTmfGtyuoo7hg1YWVQ3zVWqAVT4EuzH8-w1WF7K-cp-0oq1-vTqQ2xE_GOhN2uulHJ9Is-HjErXUuR-FNaxi6YqTVEj-fQa1vl9AKYZ1-N2PgYp6LAdf9NtxyJgj7SbJ7Z3SLynrr6KRGpwMPreHTA6lTAofVrjgAjP1TL6rnB0JQp8n5nfggWmYvv8SsExKpDN9phz8uz5UAyJFepWEItD9yvvJnvO3q0__XTrPmqP_2G95ce8Lw5at40NAflPOtzZH46k3dGtlbLH0JNg9SEMw5Ujv40lfPBg54CEPuPm372_2AHpNsNgh7WF-wVwHZVr4n7XulUorRXhkwbliGkVNT6YDwlo32evi5VOHcQCaxvc250yXYJRkvVQmh_106FHss2h_9VyEe9pQ-1Jr7NuY-wvunaLAc5gTngtvn3inZukBed8nQLb5BaC-5wAhEiJQ1_1EKRPqT_K_6L88GZ2iZahzh_euAZ_Sf9xKJJg7G35n7&p=1&fvj=1&vjs=3',
 'location': 'Issy-les-Moulineaux (92)',
 'salary': None,
 'summary': 'Ecole de commerce (ou'}
2019-12-24 15:30:01 [scrapy] DEBUG: Scraped from <200 https://www.indeed.fr/emplois?q=Stage%20Ing%C3%A9nieur>
{'company': 'The MOOC Agency',
 'crawl_url': 'https://www.indeed.fr/emplois?q=Stage%20Ing%C3%A9nieur',
 'job_title': 'Graphiste / Motion Designer - Stage',
 'link_url': '/pagead/clk?mo=r&ad=-6NYlbfkN0C16H6Z-pw3-sva1CJ8ciHiCGs6Z6QhINEFsSVsE2lc0AxN68MMSSAfbK3Dl79__DUflaLnHqR-Wfi_GBxkSBtD8raClXW1MZZxxBqafLL_RuNDWgt3Bkpm7xTP7-Eov28d91NyuhlhVDjmE5hdp5oLZmoQStEfvfFHSlTSkZdJz8RRYvhhS9lkvgiNp-PSyGsG6FTAEFMi5FiLuVtOCAB2hf_HIPpezcfD6_9v1uw7oX8P5EB8S-wT_s13dawWeKzMNX6S8hfr9_0wC63kV7CfnRbcv4kFsNjZjiB9ajYzGLq0BYsZzNSKld0gxmAEm1vj2BcyoAVvxWbGgOoUCh7fVvrKqaDvAySwsaUrbYb7tzpzXwbobS0qLt40B8apMllswoLLxI0bqpI7Bja6cdBb9NhKBSMK7g4RYRRb6LDci1TSQh0fyuwQpJk6rKBCuH2GueJ1n6ZwRlVPQ5lXsRO1sgPv17RdYb4=&p=2&fvj=1&vjs=3',
 'location': 'Paris (75)',
 'salary': None,
 'summary': "Intégré dans la conception d'un projet de formation, nous "
            "recherchons quelqu'un capable de prendre de la hauteur sur ses "
            'réalisations et de travailler avec des…'}
2019-12-24 15:30:01 [scrapy] DEBUG: Scraped from <200 https://www.indeed.fr/emplois?q=Stage%20Ing%C3%A9nieur>
{'company': '',
 'crawl_url': 'https://www.indeed.fr/emplois?q=Stage%20Ing%C3%A9nieur',
 'job_title': 'Business Developer (H/F) - Stage',
 'link_url': '/pagead/clk?mo=r&ad=-6NYlbfkN0Dw2l-gc6Hs9he0Xu95y96LW649IfwZI94hfnkXTmfGtyuoo7hg1YWVQ3zVWqAVT4EuzH8-w1WF7FPNc3eYvNq5R7jFjScVVvMbdyqKLhWh26k-jEa6yiEhKFyPIc11Oyol4g-btm0OPRAS2s4iMoNfx4HBRxFJt6cVm_AT-3_Fhxc3XiNF10tJNX6GijotVKp_dKhHPRSFUMR-mq_adsW40bRnKvmd15G1Pg3Sh7cBE4OcRRgwfogRKo5xexn44Tprh9eqpbELubF9f6n9UIBoYjzvKcUxi3UgHuGFt6luKYrUysySEO-se7ct-_9bAgzvKRG929WkaV3wpWcPPG8MqIC5IqJh6Rxj56jSHvaxBdayMv2V1f407WCI6pGhu0TsH9uHwingTmk4An9laByegmNub8LdLPPhw6ssWkPOQRjjSnN4KvYvINAwoSPwM5JQOX3unfww77xiIwv7NOwUNjQURb9PzE-MQHzwwWY4FBs7rO8oydKUMuYAFxAa6fw=&p=3&fvj=1&vjs=3',
 'location': 'Issy-les-Moulineaux (92)',
 'salary': None,
 'summary': 'Vous recherchez un'}
2019-12-24 15:30:01 [scrapy] DEBUG: Scraped from <200 https://www.indeed.fr/emplois?q=Stage%20Ing%C3%A9nieur>
{'company': '',
 'crawl_url': 'https://www.indeed.fr/emplois?q=Stage%20Ing%C3%A9nieur',
 'job_title': 'Ingénieur développement C# (F/H)',
 'link_url': '/pagead/clk?mo=r&ad=-6NYlbfkN0AgtYA6OUIY9oJia900_nBIS16mbYR1t4SoQ9IF52BewlKwhDRvJXIkGeRMJzglSB8fwmjGffwfVL4sO6Y0ZC37UgOoan6oG2Ufm8YWtTaU-ABtvAtGU57RMndXLLGS04IS_Vp3X-UwK2XI81NOzH057prNB_H94k_Wvhz4EOieNuUI5DytMC2l6JKgZFzUrBoUQr5QMPb-lMSjiX7HN8F0tfi2G71CRqo8jmJvS9yETPI309dzF276cOvsxB2CXVq8udFPX1Xfyyhrhc7ZzJzWFXTp76z9gUiy0kNgfha0qqjyGVDASw8mQZ1VLgQig5K0km369cVVHqRjWAoxByH8gGwA_HLYAfIH8LO_AiTyn6N2fPc1b5hr5XSNvT05DTPfKlL-ZTNYT0gFBVBQt3hN8kFa84vrfzEZXYs55OgfdykDnZRLy9V2B3sstD2R_UfU3XAqdBtOrg==&p=4&fvj=0&vjs=3',
 'location': 'Strasbourg (67)',
 'salary': None,
 'summary': 'Vous avez une expérience significative en C# (stages longue durée '
            'inclus) ?'}
2019-12-24 15:30:01 [scrapy] DEBUG: Scraped from <200 https://www.indeed.fr/emplois?q=Stage%20Ing%C3%A9nieur>
{'company': '',
 'crawl_url': 'https://www.indeed.fr/emplois?q=Stage%20Ing%C3%A9nieur',
 'job_title': 'Stage - Ingénieur conception électronique de puissance pour '
              'skateboard électrique H/F',
 'link_url': '/pagead/clk?mo=r&ad=-6NYlbfkN0DUjsMK9fW4lUZDhdU0GCFdcQRZT2l80oLoZBtkz-rHcKIKLJwhhVBsVqLBGayMLLhRGQkyAJALXg2Cm27NEoPk6ZVnQzKMl2UZEmLmQRNHX24kNCoNGxGzqIyq3sEwOLxd9SILDCg57WpK-FEquZ60lsDA58BuL_WXO6ENWXrG9qql8gncdiWRCkDKRdouJhxIg7biqa8hIzimGAHbc9Hcw9CmJBdSXt8l9F35jerBdoMsXewd_oN_P8KVIcXFnlu22nOfYBvxF9xeD3awlsFDEw1aqzv-c10llZJO3HNOGNDoK1Mv1BUPh3jSc1RCuTD34cGIuj5Zme9OI9D9PhUyaZ_IUkllrvZ9Qf_1E6hNZ5h3payPtZYAqOqEtobI3_tytFbqDAdBL0okNzRGAO_QDeDlzMNyhUTIAF3pvMfojJyHu93vUx4krs0Hp-kfTV565N4UobBs8xU1Rhs-mnByKxZowNBJ5XKte87WEZ6gT6mWAFmq_PIGkAEIJawQnxvqj-foArdv4WHSsQnbW0-p4mxM958Wbm9IFB2IPgiJDjzrvdnKLC8IPEHBDB201nKJ6UvNJAVv1bsPFOQRkIr3FDMXNGZ4B56F1dLbVQXCVUgo0UsfENWi&p=5&fvj=0&vjs=3',
 'location': 'Vélizy-Villacoublay (78)',
 'salary': None,
 'summary': 'Durée du'}
2019-12-24 15:30:01 [scrapy] DEBUG: Scraped from <200 https://www.indeed.fr/emplois?q=Stage%20Ing%C3%A9nieur>
{'company': '',
 'crawl_url': 'https://www.indeed.fr/emplois?q=Stage%20Ing%C3%A9nieur',
 'job_title': 'Stage - Ingénieur - Amélioration continue (F/H)',
 'link_url': '/rc/clk?jk=20988d242ab40c6d&fccid=aaec0480e2e19692&vjs=3',
 'location': 'Sainte-Julie (01)',
 'salary': '1 300 € par mois',
 'summary': 'Au sein du département Engineering et du service performance et '
            'méthodologie, vous serez chargé(e) de l’amélioration d’un sujet '
            'dans le périmètre Engineering.'}
2019-12-24 15:30:01 [scrapy] DEBUG: Scraped from <200 https://www.indeed.fr/emplois?q=Stage%20Ing%C3%A9nieur>
{'company': '',
 'crawl_url': 'https://www.indeed.fr/emplois?q=Stage%20Ing%C3%A9nieur',
 'job_title': 'Stage - Ingénieur (e) R&D - Matériaux recyclés',
 'link_url': '/rc/clk?jk=eae2e30e76a497b5&fccid=aaec0480e2e19692&vjs=3',
 'location': 'Sainte-Julie (01)',
 'salary': '1 300 € par mois',
 'summary': 'Au sein des équipes expertises matières, vous serez chargé (e) '
            'd’é valuer les propriétés mécaniques et physico-chimiques des '
            'nouvelles matières recyclées pour…'}
2019-12-24 15:30:01 [scrapy] DEBUG: Scraped from <200 https://www.indeed.fr/emplois?q=Stage%20Ing%C3%A9nieur>
{'company': 'NOBATEK/INEF4',
 'crawl_url': 'https://www.indeed.fr/emplois?q=Stage%20Ing%C3%A9nieur',
 'job_title': 'Stage Ingénieur Monitoring de bâtiments et de systèmes (H/F)',
 'link_url': '/rc/clk?cmp=NOBATEK%2FINEF4&ti=Stage+Ing%C3%A9nieur+Monitoring+B%C3%A2timents+Syst%C3%A8mes&jk=2120fbdf7c008913&fccid=9921ba0aaa278119&vjs=3',
 'location': 'Anglet (64)',
 'salary': '600 € par mois',
 'summary': 'Le'}
2019-12-24 15:30:01 [scrapy] DEBUG: Scraped from <200 https://www.indeed.fr/emplois?q=Stage%20Ing%C3%A9nieur>
{'company': '',
 'crawl_url': 'https://www.indeed.fr/emplois?q=Stage%20Ing%C3%A9nieur',
 'job_title': 'Stage Ingénieur Energies (H/F)',
 'link_url': '/rc/clk?jk=791c85100ae5440c&fccid=e7a5d6a11b9a18ee&vjs=3',
 'location': 'Obernai (67)',
 'salary': '1 300 € par mois',
 'summary': 'Durée du'}
2019-12-24 15:30:01 [scrapy] DEBUG: Scraped from <200 https://www.indeed.fr/emplois?q=Stage%20Ing%C3%A9nieur>
{'company': '',
 'crawl_url': 'https://www.indeed.fr/emplois?q=Stage%20Ing%C3%A9nieur',
 'job_title': 'Stage Ingénieur Energies (H/F)',
 'link_url': '/rc/clk?jk=46d1e0d4272e65f7&fccid=13cacffbee5ea4e5&vjs=3',
 'location': 'Obernai (67)',
 'salary': '1 300 € par mois',
 'summary': 'Durée du'}
2019-12-24 15:30:01 [scrapy] DEBUG: Scraped from <200 https://www.indeed.fr/emplois?q=Stage%20Ing%C3%A9nieur>
{'company': '',
 'crawl_url': 'https://www.indeed.fr/emplois?q=Stage%20Ing%C3%A9nieur',
 'job_title': 'Ingénieur.e chargé.e de projet climat et environnement - Stage '
              'TFE',
 'link_url': '/rc/clk?jk=a6e256bd19aaa5b2&fccid=1ec2cbc54479404c&vjs=3',
 'location': 'Paris 13e (75)',
 'salary': None,
 'summary': "La Direction de l'Ingénierie et du Patrimoine a pour mission "
            'principale la gestion et la modernisation du patrimoine bâti et '
            "industriel d'Eau de Paris."}
2019-12-24 15:30:01 [scrapy] DEBUG: Scraped from <200 https://www.indeed.fr/emplois?q=Stage%20Ing%C3%A9nieur>
{'company': 'AKEOPLUS',
 'crawl_url': 'https://www.indeed.fr/emplois?q=Stage%20Ing%C3%A9nieur',
 'job_title': 'Stage Ingénieur en électronique carte embarquée',
 'link_url': '/company/Akeoplus/jobs/Stage-Ing%C3%A9nieur-%C3%89lectronique-Carte-Embarqu%C3%A9e-eff94f64ce786023?fccid=4da81b229be3c783&vjs=3',
 'location': 'Lyon (69)',
 'salary': None,
 'summary': 'Les développements réalisés dans le cadre du'}
2019-12-24 15:30:01 [scrapy] DEBUG: Scraped from <200 https://www.indeed.fr/emplois?q=Stage%20Ing%C3%A9nieur>
{'company': '',
 'crawl_url': 'https://www.indeed.fr/emplois?q=Stage%20Ing%C3%A9nieur',
 'job_title': 'Stage - Sainte-Julie - Ingénieur R&I - Traitement de signal '
              'capteur capacitif (F/H)',
 'link_url': '/rc/clk?jk=9da6ded67e9f3989&fccid=aaec0480e2e19692&vjs=3',
 'location': 'Sainte-Julie (01)',
 'salary': '1 300 € par mois',
 'summary': 'Étudiant (e) niveau master 2 ou école d’ingénieur généraliste.'}
2019-12-24 15:30:01 [scrapy] DEBUG: Scraped from <200 https://www.indeed.fr/emplois?q=Stage%20Ing%C3%A9nieur>
{'company': '',
 'crawl_url': 'https://www.indeed.fr/emplois?q=Stage%20Ing%C3%A9nieur',
 'job_title': 'Stage - Ingénieur Amélioration Continue H/F',
 'link_url': '/rc/clk?jk=bc8b4ec90f44b0ba&fccid=de640f613b6c0608&vjs=3',
 'location': 'Pantin (93)',
 'salary': None,
 'summary': 'Etudiant(e) bac+4 / +5, Cursus'}
2019-12-24 15:30:01 [scrapy] DEBUG: Scraped from <200 https://www.indeed.fr/emplois?q=Stage%20Ing%C3%A9nieur>
{'company': '',
 'crawl_url': 'https://www.indeed.fr/emplois?q=Stage%20Ing%C3%A9nieur',
 'job_title': 'Stage Ingénieur Lean Management / Génie Industriel (H/F)',
 'link_url': '/rc/clk?jk=91ea5a24294be5d4&fccid=4e7133362cacd70d&vjs=3',
 'location': 'Belley (01)',
 'salary': None,
 'summary': 'Sous la responsabilité de notre'}
2019-12-24 15:30:01 [scrapy] DEBUG: Scraped from <200 https://www.indeed.fr/emplois?q=Stage%20Ing%C3%A9nieur>
{'company': '',
 'crawl_url': 'https://www.indeed.fr/emplois?q=Stage%20Ing%C3%A9nieur',
 'job_title': "STAGE DE FIN D'ETUDE INGÉNIEUR DEVOPS (H/F)",
 'link_url': '/pagead/clk?mo=r&ad=-6NYlbfkN0CiaXG9RnTHhD6myjqdQzQebkEv6ElGYuEhBDiA8baPiRKylghdKCezE6rT5d0FdPdUt-p6dsOSDNjdNOP2TF6Gmykgya-adTFljmF7T6Ns9GGcnVsEE3Zb7EZ39lMyJcX95DiHckoLvtECvmvxHXzVuk-hsGsHIzAaJPV7d-3cimxr5BWXOauaWiG6rqUlgND93yK4sWH3fKGBrkvYalEV7CMJKffXEVKBiUV9smmq9O7PV8CWLtU8eZFJcVDI5pUGoJ1KW8hIiDzS5W_DyAk1j7RRcVq9FaPY2J5LkrJKLCKR6MAgI92wQ-81aWYLcqgux3hD67hGKAXp2oOFMtrZJ1VQTN_khtfgeLrFDKc_ZTJdtYRYQ8xcSw46lv6_xyO5F2E1CCxvvqtWSny2W6yC3aRhhCH76UWJvPRn1FC__PwH5yZY_eNro_UckYHrAzmXcnxpDlveR9G56zmJm0DKfw1_ZUlx1JbT0icmw3H2TaLTc6N7wXLxLcwvRd4L-fl5pkqd2tS06Bj3vagoc56M&p=16&fvj=0&vjs=3',
 'location': 'Strasbourg (67)',
 'salary': None,
 'summary': "Une proposition d'embauche en fin de"}
2019-12-24 15:30:01 [scrapy] DEBUG: Scraped from <200 https://www.indeed.fr/emplois?q=Stage%20Ing%C3%A9nieur>
{'company': '',
 'crawl_url': 'https://www.indeed.fr/emplois?q=Stage%20Ing%C3%A9nieur',
 'job_title': 'Stage Assistant Qualité (F/H)',
 'link_url': '/pagead/clk?mo=r&ad=-6NYlbfkN0Cy63LtvqycMfc-lJHPhANArpm0U9RzkE0wxqYXkS8VLLDqW_3UJ_Zw90pMGBYkz8dlscowuGuTym0ECU94wgT3mFKnyTNBV1z-zc-01grqTYFDUg1ue_zc7FAgDB63cNLWmrIEC6X3JSEILBwrHlNkH-PvuRsVV9O2BEqBG1yFT2_3pPhhUoAn5sQTTdXLFmM_qvIs9MGMl8KbkYA_2FJTjgTGmcPiVS6OS3Z82YiXuiKvsroK6yPDRqxdsHYbnkTR8MxoE6FxFJjsIWpjak2SJSMln92EIkPCtSOvW5QmB0loBpAOvCk4ASdm7FZWkJ3ZJar5GnI_NtcR0FBCPs7Wl1FeJKekXkBP5CWeZEa0UbKZ4hAF2NYz6Mtz_bfxYq82ye7w6xohl0eXtcQES1WHc7nFCFjPwDVZimwkxtR3NloMF7-UdqN1LGJ3bD2eQCUcjddJE7VDFSERdEv2TDhlhpoOCxr1nGVtGXz0ptJsihX87ymtDHUGBYLGfVKg2HSNdVd-WlR2Wn7ajwXe25KuQZBTLQKgLfS_9J_daV7nNuLASdKpJ-PITm8VRoBHi5zUQUjdT5FSI5ab6ctpAhugB22T_ZUVywTdkk6J0RpQLLQ-xJev082tV7laGqa9ZQXQHbjMLVBvIy5YwCV5Vq2E8jAMpIRwHTi6g1cFuCM3C-KZ12OA2e8LEnN9w7lWUnmPNy8hPHhW68iP5bJcPKfIK_gVYzIoM0n6-YbMpS5nDcZFFSJKLlxkJTWrAqJwOdERwkT6x16A3cDGrJto4LYnkAWRyqzv77ea2RPmua_bWIwAek3Tnnweg2u6W6Frlu8AlaLNw1lnnsAbDEFVciqeqlkB1jNhSnY=&p=17&fvj=0&vjs=3',
 'location': 'Ancenis (44)',
 'salary': None,
 'summary': 'Vous êtes actuellement en 4ème ou 5ème année de cycle'}
2019-12-24 15:30:01 [scrapy] INFO: Closing spider (stop generating requests, only 2 requests allowed)
2019-12-24 15:30:01 [scrapy] INFO: Dumping Scrapy stats:
{'downloader/request_bytes': 910,
 'downloader/request_count': 3,
 'downloader/request_method_count/GET': 3,
 'downloader/response_bytes': 109358,
 'downloader/response_count': 3,
 'downloader/response_status_count/200': 2,
 'downloader/response_status_count/301': 1,
 'elapsed_time_seconds': 0.967369,
 'finish_reason': 'stop generating requests, only 2 requests allowed',
 'finish_time': datetime.datetime(2019, 12, 24, 15, 30, 1, 575527),
 'item_scraped_count': 18,
 'log_count/DEBUG': 22,
 'log_count/INFO': 7,
 'memusage/max': 137969664,
 'memusage/startup': 137969664,
 'request_depth_max': 1,
 'response_received_count': 2,
 'robotstxt/request_count': 1,
 'robotstxt/response_count': 1,
 'robotstxt/response_status_count/200': 1,
 'scheduler/dequeued': 2,
 'scheduler/dequeued/memory': 2,
 'scheduler/enqueued': 3,
 'scheduler/enqueued/memory': 3,
 'start_time': datetime.datetime(2019, 12, 24, 15, 30, 0, 608158)}
2019-12-24 15:30:01 [scrapy] INFO: Spider closed (stop generating requests, only 2 requests allowed)
