2019-12-24 14:40:10 [scrapy] DEBUG: Crawled (200) <GET https://www.indeed.fr/robots.txt> (referer: None)
2019-12-24 14:40:11 [scrapy] DEBUG: Redirecting (301) to <GET https://www.indeed.fr/Emplois-Vendeur> from <GET https://www.indeed.fr/jobs?q=Vendeur>
2019-12-24 14:40:11 [scrapy] DEBUG: Crawled (200) <GET https://www.indeed.fr/Emplois-Vendeur> (referer: None)
2019-12-24 14:40:11 [indeed2] DEBUG: 

 Crawling  https://www.indeed.fr/Emplois-Vendeur

2019-12-24 14:40:11 [scrapy] DEBUG: Scraped from <200 https://www.indeed.fr/Emplois-Vendeur>
{'company': '',
 'crawl_url': 'https://www.indeed.fr/Emplois-Vendeur',
 'job_title': 'CDDS Saison Hivers Photographe / Vendeur (H/F) - AQUARIAZ (74)',
 'link_url': '/pagead/clk?mo=r&ad=-6NYlbfkN0B2vTMfEB63yVcN7N4b3lIzu00DtgSoWgTjkljNUGa9av0JgfN_JzKPPVBNPebjajZFH4rekcTBx-PgvxLWlLDFnMS5sfj8NNDGQHXSa1tLu8AowFxffJtGhaYi3JBOgnBRqZMYggJo5w1B5WuR9To0b6Hj5KyF1MSmPqYR1CvYilEZJDb0Z7LdKafX5ebjMr9xB9s_atte3xdcpuGcKJERmMyCxWfnLwJh7S1usqutElDrJqtDrFKuiToLswgC4lsGAjhNwJqdoM3h2Wk5RA9BnY78rvO02Fsa7MSFOwECDqzypWb3ar7Pd-PYOGwWb8_cRrKNCr7o9gD2iWmhTr3XW1-IBOPRMFVNKbfGRW5LIrm_tBsOobtAn8G3x1fVg9yq6aZ6xd7rhlxyxv6hIacSPY8mhkAWk3LmBcdxUnmUdRSyjdASHFrsCsEIA0-bMPU=&p=0&fvj=1&vjs=3',
 'location': 'Avoriaz (74)',
 'salary': '1 523 € par mois',
 'summary': 'Dans une équipe jeune et dynamique, vous aurez pour mission '
            "d'offrir aux visiteurs une séance photo inoubliable au sein de "
            "l'aquariaz mais également dans le…"}
2019-12-24 14:40:11 [scrapy] DEBUG: Scraped from <200 https://www.indeed.fr/Emplois-Vendeur>
{'company': 'iTEC SERVICES',
 'crawl_url': 'https://www.indeed.fr/Emplois-Vendeur',
 'job_title': 'VENDEUR / TECHNICIEN INFORMATIQUE',
 'link_url': '/pagead/clk?mo=r&ad=-6NYlbfkN0CMaIGKKnAaKvx2QqL5-TICB9gphmcduogrHUMqdPt3fN885devQBTSu0WObbpE--mHGdYvWTTSJWWRTGc10_GVQ9xQjptY47zYltkmW7PeOxlVcZPGYoDblAIM9sqOeuWuzpTExZ1yFooIX5Rd_3z_8f5IV_EoRZkaE-Un9r7w77n7hGZmq6HdsfDMyQPFZy8kAeFVKxL0oGK1y2rPGMVF_PlFsWc2x4X74_lVPbCLB2PAsdXbL3emS-c6A2O4K4nIGCaMYz18WsUdp6FzcKG3lTVm5jl5lQ9mKB8I9Z6UCSPrXCfXDl2SJoRuWpQs6SBJK4dNncg4qHjFBjJLw0evIPGO2gBu3Ee7HMxTmnndjEQNbLcxvTqFUXjseF0U9-__zsNfkiOCX4ryGrxEW9WcV_O9NWF0c-fZWRzkYQgKLK5XFog2XJrVLZvu21HLUNLqcgQ69urN4w==&p=1&fvj=1&vjs=3',
 'location': 'Saint-Mitre-les-Remparts (13)',
 'salary': '1 300 € par mois',
 'summary': 'Effectuer la tenue du point de vente (Commandes / Mise en rayon / '
            'Étiquetage des produits / Facing / Propreté point de vente).'}
2019-12-24 14:40:11 [scrapy] DEBUG: Scraped from <200 https://www.indeed.fr/Emplois-Vendeur>
{'company': 'Espace SFR CHATEAUDUN',
 'crawl_url': 'https://www.indeed.fr/Emplois-Vendeur',
 'job_title': 'Vendeur conseiller H/F',
 'link_url': '/pagead/clk?mo=r&ad=-6NYlbfkN0C146NHGVdl3oIE8D-rb1K4P__rHEMOhexepKJqPQp4CWSBluWakw_ZkDntRTFhH1w7DhGMFRXx7hIfUz5VoGPeYbszVNuqJ7Jfmde5DWIcrc_X-4oiBAtfqmgRJTUb6UAxkPtj6s32xkSWfHLPVNZLvy2FDvArVhuSoaHid--Kdcd38mwXTb3XhL5KyOD0DYn4oUkj4wNO9uTLxvj3mcNUaOcRIqPnXy4eC7tE2AUHPNyclLBB2Uz8zT4IoVYgUV3M4DnkR04o0nvx0mbTsIuSZ-zWpAuQO0UBI0UwIfahI7-D0LaX0gFnaARaVW2P0s8L6jyO-wdwkdGDZGgD8Qn8l4ZzUii47h6GdCPpsEEaIbTNqdbl310R-8E7OwNPAKj5bY21kSWmxkJwGsKzPofVKFc5564aKridhDLu2fE9bxyYs6Su2wuhwZWf-vi8xmc=&p=2&fvj=1&vjs=3',
 'location': 'Châteaudun (28)',
 'salary': '1 800 € - 3 000 € par mois',
 'summary': 'Actif(ve) dans la vie quotidienne du Point de vente, il (elle) '
            'participe à la gestion administrative du magasin et contribue à '
            'l’atteinte des objectifs…'}
2019-12-24 14:40:11 [scrapy] DEBUG: Scraped from <200 https://www.indeed.fr/Emplois-Vendeur>
{'company': '',
 'crawl_url': 'https://www.indeed.fr/Emplois-Vendeur',
 'job_title': 'Vendeur (H/F)',
 'link_url': '/pagead/clk?mo=r&ad=-6NYlbfkN0A41XU-qwA2_E6XwsjDct3yXXqbD14ViI8jS1dcz983vqpAC-QlTkYeY901mLeH91Lp3Ht0nGFFcIDZ1RTMxpyWEjbBQbQh2bDbHs4-OIJBnfu5gwEFjVn7xdXz8KHHX12XU0_hHeSAFttulEw1czP7QvDq19ZTcnm2vwg291HuiVfeqWlY0hcVErZbOJhIZvADm6UMghYPH6WokD75-HUU61aeJjBkqomc-wUvAfF-1NI1OyI1SmLfq-7DVFBXi4uBblDXbIiqymkmjai2mSWf0l1BbV39yJ5rnldJpksv0JEIw_clGmkzld5ULahwE3xW3OUZ3ixmOUsH8fH2WKqxqL4GDkQZOQV8gFqRsao7_LIuJX0ZtMSqDkU72KVcXGAGyg6D_u6n-zMTenZ8Ar-gnzXf_k0lfmvi90hXFgxcNFHk_7xk3zPF0t0-viIKRBn0E-SNyI0EJssN1NBgWprbphVwP3NGusu5Sxcmu89s9Q==&p=3&fvj=0&vjs=3',
 'location': 'Aurillac (15)',
 'salary': '1 525 € - 2 025 € par mois',
 'summary': 'Tenu du point de vente, respect des plans merchandising et prix '
            'enseigne,.'}
2019-12-24 14:40:11 [scrapy] DEBUG: Scraped from <200 https://www.indeed.fr/Emplois-Vendeur>
{'company': '',
 'crawl_url': 'https://www.indeed.fr/Emplois-Vendeur',
 'job_title': 'Vendeur/Technicien Clés-Cordonnerie et Multiservices H/F (LAON)',
 'link_url': '/pagead/clk?mo=r&ad=-6NYlbfkN0C3hD0Jzpo4Od4keKjhO4JwJ1mukY_VKvjbUJWPH6Ens-oY5Qjo53lq2yLCVbl9p5SuyrlUZtvZcS3yPxe358gPaHUj-JHDCa7qVIh_VCU7lyXw3EYR4a4d94a-pkpidZTTs26AlC0CJjkz0nOf6zoB1vx9yB0oTvIjyrAAcCiUR71aGbmVCmCoL4ljeSaG0-AUk1q7hcDqRAXt00rKYhpYlI5jUD0kZlK-Sno0uypIHrPnigZ8_X5CbbFHzaB1uxWZCloo6R0ZvurNcQqa3rwuyX8L7QraK-IDRJjQeIdgjCD6PZweGNMxO9vCL-uYmSNnArDXwqjsVADkcS8x7rQLfiWwg8s3AeOrOyDEQ2Q8UnmtKl990WXc8M7QI6JAyc1VliuVJODwTFUdDAbjlcR38yOtGcHvVfKDUjufBrMNlzFSA7B3Ypv-Dvk9bIjVRqX0Qrfo-xQTuR5aZjeq1w7B7WrtJb79lTZ-OttyqDSgnFl5cv9H06Za3Tvl6YeeYs0=&p=4&fvj=1&vjs=3',
 'location': 'Laon (02)',
 'salary': None,
 'summary': "Conseil, réalisation et vente de l'ensemble des produits et "
            'services (cordonnerie, duplication de clés, tampons, réparation '
            'de smartphones...),.'}
2019-12-24 14:40:11 [scrapy] DEBUG: Scraped from <200 https://www.indeed.fr/Emplois-Vendeur>
{'company': 'Les Bons Artisans',
 'crawl_url': 'https://www.indeed.fr/Emplois-Vendeur',
 'job_title': 'Prospecteur vendeur start-up H/F',
 'link_url': '/pagead/clk?mo=r&ad=-6NYlbfkN0C5ypI5yuINrjlka_I_I5fX6qnFFB5qxclgrXf3jm5rv-hyBKkCAQ_wMPyj5hAitAbN5PqI8T_WK-K2Fpxwc9oGZGsbo-rAsRRrxy3uhYvrcL9b27iyIkn6kjkEHwqJmOU-60TGRGHM9Ia-LuUlhJT0fhekTG4XkgHr_WJCWrcQVh-Jmw4yz_cbkPxSUOAfRQ_8rQ-tn3uidKLLliD4KtiWfFAontJfA2Yc9J9UqTfBiKuffnO0xwegXSf65pGwVSuW5G3hOMD9yue_yoGITEakR-QzAF2xP1D-CEntx1DWvC5kbPy99vhiO_7ivgN07V-ID9TzC90KrLjipPic_2hpfnC1XIXh4rIXlNWJrR7VKUim8tQ8tBHHtV1FNgXOrYO6tY4eSINvcFie-bgPvUUzOwjbVxh-kNZPFl7Ag--h8pjLHOOwxDjOQ835QuBSthc=&p=5&fvj=1&vjs=3',
 'location': 'Paris (75)',
 'salary': '1 800 € par mois',
 'summary': 'Vous pouvez essayez de nous CONVAINCRE que vous êtes fait pour ce '
            'poste par téléphone au 07 57 93 95 65*.'}
2019-12-24 14:40:11 [scrapy] DEBUG: Scraped from <200 https://www.indeed.fr/Emplois-Vendeur>
{'company': '',
 'crawl_url': 'https://www.indeed.fr/Emplois-Vendeur',
 'job_title': 'Vendeurs (h/f) - CDI 25h/35h - Villeneuve la Garenne',
 'link_url': '/rc/clk?jk=a02055b505aa7111&fccid=7c13ea7d2941e927&vjs=3',
 'location': 'Villeneuve-la-Garenne (92)',
 'salary': None,
 'summary': 'Être polyvalent et t’adapter au rythme intense du magasin.'}
2019-12-24 14:40:11 [scrapy] DEBUG: Scraped from <200 https://www.indeed.fr/Emplois-Vendeur>
{'company': 'NIKE CRETEIL',
 'crawl_url': 'https://www.indeed.fr/Emplois-Vendeur',
 'job_title': 'Vendeur caissier H/F 16H',
 'link_url': '/company/LIMON/jobs/Vendeur-Caissier-cf6e8c5fb282a13d?fccid=4121b996b64f711a&vjs=3',
 'location': 'Créteil (94)',
 'salary': None,
 'summary': 'Le magasin Nike Créteil spécialisé dans la vente d’articles de '
            'sport recherche des collaborateurs passionnés par le sport et qui '
            'ont l’ambition de se développer…'}
2019-12-24 14:40:11 [scrapy] DEBUG: Scraped from <200 https://www.indeed.fr/Emplois-Vendeur>
{'company': '',
 'crawl_url': 'https://www.indeed.fr/Emplois-Vendeur',
 'job_title': 'Vendeurs (h/f) - CDI 25, 16 et 8 h - Tours',
 'link_url': '/rc/clk?jk=6a4fe59ffd08f5ff&fccid=7c13ea7d2941e927&vjs=3',
 'location': 'Tours (37)',
 'salary': None,
 'summary': 'Être polyvalent et t’adapter au rythme intense du magasin.'}
2019-12-24 14:40:11 [scrapy] DEBUG: Scraped from <200 https://www.indeed.fr/Emplois-Vendeur>
{'company': '',
 'crawl_url': 'https://www.indeed.fr/Emplois-Vendeur',
 'job_title': 'Vendeur H/F',
 'link_url': '/rc/clk?jk=a611367e98282941&fccid=af17ea0d1d6bbbba&vjs=3',
 'location': 'Strasbourg (67)',
 'salary': None,
 'summary': 'Tu as envie de contribuer activement à la mise en place de '
            "l'ensemble des services disponibles dans le magasin afin d'aider "
            'les clients à prendre des décisions…'}
2019-12-24 14:40:11 [scrapy] DEBUG: Scraped from <200 https://www.indeed.fr/Emplois-Vendeur>
{'company': '',
 'crawl_url': 'https://www.indeed.fr/Emplois-Vendeur',
 'job_title': 'Vendeur(se) polyvalent(e) (H/F) Etudiant 8H',
 'link_url': '/rc/clk?jk=ceda926cd40c44ce&fccid=b1a1dea659b6cd13&vjs=3',
 'location': 'Dijon (21)',
 'salary': None,
 'summary': 'Vous suivez la mode et les tendances.'}
2019-12-24 14:40:11 [scrapy] DEBUG: Scraped from <200 https://www.indeed.fr/Emplois-Vendeur>
{'company': '',
 'crawl_url': 'https://www.indeed.fr/Emplois-Vendeur',
 'job_title': 'Vendeur H/F Contrat étudiant',
 'link_url': '/company/Naturalia-France/jobs/Vendeur-Contrat-%C3%89tudiant-99588aeba7602460?fccid=317a9b53afe89814&vjs=3',
 'location': 'Paris (75)',
 'salary': None,
 'summary': 'Développer votre connaissance produits et assurer un conseil de '
            'qualité.'}
2019-12-24 14:40:11 [scrapy] DEBUG: Scraped from <200 https://www.indeed.fr/Emplois-Vendeur>
{'company': '',
 'crawl_url': 'https://www.indeed.fr/Emplois-Vendeur',
 'job_title': 'Vendeur(se)',
 'link_url': '/company/Naturalia-France/jobs/Vendeur-35e7b7dc4a51ac9d?fccid=317a9b53afe89814&vjs=3',
 'location': 'Schiltigheim (67)',
 'salary': None,
 'summary': 'Développer votre connaissance produits et assurer un conseil de '
            'qualité.'}
2019-12-24 14:40:11 [scrapy] DEBUG: Scraped from <200 https://www.indeed.fr/Emplois-Vendeur>
{'company': 'CHEZ SWITCH',
 'crawl_url': 'https://www.indeed.fr/Emplois-Vendeur',
 'job_title': 'Vendeur en boutique H/F',
 'link_url': '/company/CHEZ-SWITCH/jobs/Vendeur-Boutique-62058fb8a36b7274?fccid=36eb21574b1a0c13&vjs=3',
 'location': 'Reims (51)',
 'salary': '2 500 € par mois',
 'summary': 'CHEZ SWITCH est spécialisé dans les économies quel que soit le '
            'domaine.'}
2019-12-24 14:40:11 [scrapy] DEBUG: Scraped from <200 https://www.indeed.fr/Emplois-Vendeur>
{'company': '',
 'crawl_url': 'https://www.indeed.fr/Emplois-Vendeur',
 'job_title': 'Vendeuse/Vendeur - Annemasse - CDI - Temps Partiel - 25h - F/H',
 'link_url': '/rc/clk?jk=6c61808b0af1e91b&fccid=339fd0e07baa71f8&vjs=3',
 'location': 'Annemasse (74)',
 'salary': None,
 'summary': 'Rigoureux et organisé, vous veillez à la bonne tenue et à la '
            'propreté du magasin ainsi qu’au respect des normes de '
            'merchandising.'}
2019-12-24 14:40:11 [scrapy] DEBUG: Scraped from <200 https://www.indeed.fr/Emplois-Vendeur>
{'company': '',
 'crawl_url': 'https://www.indeed.fr/Emplois-Vendeur',
 'job_title': 'Vendeur conseil H/F - CHAUSSURES',
 'link_url': '/pagead/clk?mo=r&ad=-6NYlbfkN0D7OGK28FlniKb606uZjTxGbtUrB-shmYVeKDfXgKMgvNJCvv44IVZWSLwYjub_XjGL37rbDFVP14n_tzws_P84-mImlsjOJKYsm-ZJRlGKCcizDBhtVNXheRcNXDxTRlzr9RbmiCofT0Mpy2_UPD1CBZqkxiHvC-fIa5xcGNKnswfVe94nhVY1FbIYmOWUGIXceoP_1PkBOHI2GvfoYwyWjn4S1occHwKt8vrvm5_qNUPnKe27ro7jo4MzKS231J9vogwMwd-A0eWA0Y1vbdqdSwlPryzcR_kV2KFPHlAhSLlZcMU_Cz2hxVastVMabAtWfgMLbBgcy83X7Es5xdQuXxXFUQyj64bHH-s7ucBO-yCOiiG7dbf654B3BqmwwSXVCwJQXTMeKyzIkw5meEvLUnf82WWcwM_ZMGK5h3bXFnDq1AuwVoYgcO_4d6MFXTA=&p=15&fvj=1&vjs=3',
 'location': 'Cluses (74)',
 'salary': None,
 'summary': 'Assurer la mise en rayon : réassort, merchandising, rangement, '
            'affichage des changements de prix.'}
2019-12-24 14:40:11 [scrapy] DEBUG: Scraped from <200 https://www.indeed.fr/Emplois-Vendeur>
{'company': '',
 'crawl_url': 'https://www.indeed.fr/Emplois-Vendeur',
 'job_title': 'CDI 35H PHOTOGRAPHE / VENDEUR- VITAM (74)',
 'link_url': '/pagead/clk?mo=r&ad=-6NYlbfkN0B2vTMfEB63yVcN7N4b3lIzu00DtgSoWgTjkljNUGa9av0JgfN_JzKPHAFOegi_8E149cRUiNYaNmKRa4BeTAoJeVYzQFw6e3vyaOCQa7mYrMA4VTgf3thX7R1Dl7QT9kxuhAaLLQYH2Z-12ET0u2NbtRGn5GeXYGWqSyx8ls0D2JPSZqtRoxCXMu7mnSIAxWVdUhZGXQvOf0zX7L4b5TAqH-jAlf6sDvuNQlnw1-X44ljX3UHwg0BNZyGRvK3B--F7lwvX_PLwqNrgKwYQwSEV_0M8n83A47zCo_HEYdIQl9lHiu1pMIxL6zEqsQCRO6Rqk1H6FEUs2Cp6CWiY8lAsSxr5jEut1Btv7xI-hn4Xs45xrClWXz08lvkMajrc_UOiQ7os_rG0oIyBiukaZjG7ecM7xNnsarPNcV2gm1_8wdjwCgm-WBRBd-mvF06uIZI=&p=16&fvj=1&vjs=3',
 'location': 'Neydens (74)',
 'salary': '1 709 € par mois',
 'summary': 'Nous recherchons avant tout des passionnés avec un état d’esprit '
            'positif et motivé, souriant et dynamique, avec l’envie de '
            'progresser et de se dépasser chaque…'}
2019-12-24 14:40:11 [scrapy] INFO: Closing spider (stop generating requests, only 2 requests allowed)
2019-12-24 14:40:11 [scrapy] INFO: Dumping Scrapy stats:
{'downloader/request_bytes': 878,
 'downloader/request_count': 3,
 'downloader/request_method_count/GET': 3,
 'downloader/response_bytes': 104012,
 'downloader/response_count': 3,
 'downloader/response_status_count/200': 2,
 'downloader/response_status_count/301': 1,
 'elapsed_time_seconds': 1.071544,
 'finish_reason': 'stop generating requests, only 2 requests allowed',
 'finish_time': datetime.datetime(2019, 12, 24, 14, 40, 11, 707825),
 'item_scraped_count': 17,
 'log_count/DEBUG': 21,
 'log_count/INFO': 7,
 'memusage/max': 54472704,
 'memusage/startup': 54472704,
 'request_depth_max': 1,
 'response_received_count': 2,
 'robotstxt/request_count': 1,
 'robotstxt/response_count': 1,
 'robotstxt/response_status_count/200': 1,
 'scheduler/dequeued': 2,
 'scheduler/dequeued/memory': 2,
 'scheduler/enqueued': 3,
 'scheduler/enqueued/memory': 3,
 'start_time': datetime.datetime(2019, 12, 24, 14, 40, 10, 636281)}
2019-12-24 14:40:11 [scrapy] INFO: Spider closed (stop generating requests, only 2 requests allowed)
