2019-12-24 11:48:51 [scrapy] DEBUG: Crawled (200) <GET https://www.indeed.fr/robots.txt> (referer: None)
2019-12-24 11:48:51 [scrapy] DEBUG: Redirecting (301) to <GET https://www.indeed.fr/Emplois-Informatique> from <GET https://www.indeed.fr/jobs?q=Informatique>
2019-12-24 11:48:51 [scrapy] INFO: Closing spider (stop generating requests, only 1 requests allowed)
2019-12-24 11:48:51 [scrapy] INFO: Dumping Scrapy stats:
{'downloader/request_bytes': 482,
 'downloader/request_count': 2,
 'downloader/request_method_count/GET': 2,
 'downloader/response_bytes': 11812,
 'downloader/response_count': 2,
 'downloader/response_status_count/200': 1,
 'downloader/response_status_count/301': 1,
 'elapsed_time_seconds': 0.362358,
 'finish_reason': 'stop generating requests, only 1 requests allowed',
 'finish_time': datetime.datetime(2019, 12, 24, 11, 48, 51, 987960),
 'log_count/DEBUG': 2,
 'log_count/INFO': 7,
 'memusage/max': 125366272,
 'memusage/startup': 125366272,
 'response_received_count': 1,
 'robotstxt/request_count': 1,
 'robotstxt/response_count': 1,
 'robotstxt/response_status_count/200': 1,
 'scheduler/dequeued': 1,
 'scheduler/dequeued/memory': 1,
 'scheduler/enqueued': 2,
 'scheduler/enqueued/memory': 2,
 'start_time': datetime.datetime(2019, 12, 24, 11, 48, 51, 625602)}
2019-12-24 11:48:51 [scrapy] INFO: Spider closed (stop generating requests, only 1 requests allowed)
