2019-12-24 14:50:53 [scrapy] DEBUG: Crawled (200) <GET https://www.indeed.fr/robots.txt> (referer: None)
2019-12-24 14:50:53 [scrapy] DEBUG: Redirecting (301) to <GET https://www.indeed.fr/Emplois-Vendeur> from <GET https://www.indeed.fr/jobs?q=Vendeur>
2019-12-24 14:50:53 [scrapy] DEBUG: Crawled (200) <GET https://www.indeed.fr/Emplois-Vendeur> (referer: None)
2019-12-24 14:50:53 [indeed2] DEBUG: 

 Crawling  https://www.indeed.fr/Emplois-Vendeur

2019-12-24 14:50:53 [scrapy] DEBUG: Scraped from <200 https://www.indeed.fr/Emplois-Vendeur>
{'company': '',
 'crawl_url': 'https://www.indeed.fr/Emplois-Vendeur',
 'job_title': 'CDDS Saison Hivers Photographe / Vendeur (H/F) - AQUARIAZ (74)',
 'link_url': '/pagead/clk?mo=r&ad=-6NYlbfkN0B2vTMfEB63yVcN7N4b3lIzu00DtgSoWgTjkljNUGa9av0JgfN_JzKPPVBNPebjajZFH4rekcTBx-PgvxLWlLDFnMS5sfj8NNDGQHXSa1tLu8AowFxffJtGhaYi3JBOgnBRqZMYggJo5w1B5WuR9To0b6Hj5KyF1MSmPqYR1CvYilEZJDb0Z7LduQTWruduu0b9aa-4JI8yo8jek5uMGM96CE3MS2kmC8jT5zdWlcqU7VO14cyDIeEf_XJBM7ato5Ep3-3BwCTFDQlyrNbsk7jm9A2CzZ8Zvca80RcjeQxdQW83sWFejo6nt9FUvBdDfjkcS64xfKUe4IFxks1lipyoebDhulq8CPC4sRq8ZYvW3ibO_3z-P6kQMjKF0jf75cHIL1_D1pDhUEYYqVKjs4Ux6d7LR2YMhDsEskR_lEUNmTSY2SEZSLnFW_kJL3EI848=&p=0&fvj=1&vjs=3',
 'location': 'Avoriaz (74)',
 'salary': '1 523 € par mois',
 'summary': 'Dans une équipe jeune et dynamique, vous aurez pour mission '
            "d'offrir aux visiteurs une séance photo inoubliable au sein de "
            "l'aquariaz mais également dans le…"}
2019-12-24 14:50:53 [scrapy] DEBUG: Scraped from <200 https://www.indeed.fr/Emplois-Vendeur>
{'company': '',
 'crawl_url': 'https://www.indeed.fr/Emplois-Vendeur',
 'job_title': 'CDI 35H PHOTOGRAPHE / VENDEUR- VITAM (74)',
 'link_url': '/pagead/clk?mo=r&ad=-6NYlbfkN0B2vTMfEB63yVcN7N4b3lIzu00DtgSoWgTjkljNUGa9av0JgfN_JzKPHAFOegi_8E149cRUiNYaNmKRa4BeTAoJeVYzQFw6e3vyaOCQa7mYrMA4VTgf3thX7R1Dl7QT9kxuhAaLLQYH2Z-12ET0u2NbtRGn5GeXYGWqSyx8ls0D2JPSZqtRoxCXZPN9my34IP_wN6Y15NisUQvHkPXqx0lqsyX6kq5LD2N7DaH86qL620W3jmVXSD94aLdUVlugT6I9uKjJJvwAFIrT3Qogc5TieyUqwdSTej98l1X3duFbwnCs22gpBOYXwe4nfapR-KyFxJyNPQDyZTi8EyxledBH4RVJZNnKM03s5vyoukrobWAiTsFFnjxAXQpiU3G418WDKBrAnPJ9TX65gV0YHcHAYC6kis7CWaRFDuukIUa8CN41ofRn6BbLIKkw3DTEICI=&p=1&fvj=1&vjs=3',
 'location': 'Neydens (74)',
 'salary': '1 709 € par mois',
 'summary': 'Nous recherchons avant tout des passionnés avec un état d’esprit '
            'positif et motivé, souriant et dynamique, avec l’envie de '
            'progresser et de se dépasser chaque…'}
2019-12-24 14:50:53 [scrapy] DEBUG: Scraped from <200 https://www.indeed.fr/Emplois-Vendeur>
{'company': 'ZEOP',
 'crawl_url': 'https://www.indeed.fr/Emplois-Vendeur',
 'job_title': 'Conseiller Boutique H/F',
 'link_url': '/pagead/clk?mo=r&ad=-6NYlbfkN0C_vfsE4mdAe_PlDb6x7TTAOv66zeVHPUClUIwBro1i-WJbv8qLsagmIioCcCoaCu4iJi6UxjqrzM1AQKROwn9AC0TGLNv2FR5fFazYSqQvQ0BgQ93A__3xOhYghj2axTTHkBaAp4TAknPfPMmpCehNl1mf7tvtpBNX26U-NKu-EzdUs5GYNy60Qt3TIKctLxcgYmabpCeLGyxb0-bsyiSzLSJKjFQ5YHNMoV4XtNHyMT8l4Z66BgF_q-mzgYQNX8VlKCV_ByPS_vh01Hn8iq6RP_FOHd0d24y8jRG25PnnAQktUJMOMo1YliFae2WG0AOgKDIvUJnTQ96AZEgSQefHhAWd1m-BXO5bsn-SOw6QeFk95s3Pm0l2fLV7uTLVvJSKtq_n9coFYOZIbYsHd9ai0RCHgGS72cRINPRr_eoaHl9XOtRm8gWXpSCp7w5VA7rzndWwlbDW_Q==&p=2&fvj=1&vjs=3',
 'location': 'Le Port (RE)',
 'salary': '1 786 € par mois',
 'summary': "Idéalement titulaire d'un BAC en Action Commercial, vous disposez "
            "d'une première expérience en boutique ou en vente."}
2019-12-24 14:50:53 [scrapy] DEBUG: Scraped from <200 https://www.indeed.fr/Emplois-Vendeur>
{'company': '',
 'crawl_url': 'https://www.indeed.fr/Emplois-Vendeur',
 'job_title': 'Vendeur H/F',
 'link_url': '/pagead/clk?mo=r&ad=-6NYlbfkN0B6OK5d8iJBTx__RiN2NjyPHFSU2WEGE__1_lHQfFJ-s6hdaKgrRhuzaWA4-MR81E2mJt8owLNFaGMIPKWv6LWGNBmluWa6ZpgIASbyJFz4OOfHUEyQ3JHDsLHqymQRW0P1dKzY9jqmdsAe1M6c6c7G6EY5CzpsoyzhuqykITwvIuMUnaimknCXrjQWnlD19S5yoF7AxLCdUc5bJ0s9-7mvXDJH7LBoykH4Wix0zy2bgOvrnlFhFSjTGf6Fe32gOU6NJS-ZLGwLwFf5u_W8VtAV6UqjHorQ-gPbpWk1QSyEOAVd21EhPe67Kd3CW2gyBw2hDt0ub3BqLTk_t1ezCL9h5NE_YPePsEQZtCzNtEBDW57F8Nsehn-_LNbaKdFM3U-rUBkAVVjCgZtemU1puV-GDXpunGA-QqyUFmwrYUDvvYKZfTtN7Zeh&p=3&fvj=1&vjs=3',
 'location': 'La Roche-sur-Foron (74)',
 'salary': '1 800 € par mois',
 'summary': 'NORAUTO la roche sur Foron recrute en cdi un'}
2019-12-24 14:50:53 [scrapy] DEBUG: Scraped from <200 https://www.indeed.fr/Emplois-Vendeur>
{'company': '',
 'crawl_url': 'https://www.indeed.fr/Emplois-Vendeur',
 'job_title': 'Vendeur (H/F)',
 'link_url': '/pagead/clk?mo=r&ad=-6NYlbfkN0A41XU-qwA2_E6XwsjDct3yXXqbD14ViI8jS1dcz983vqpAC-QlTkYeY901mLeH91Lp3Ht0nGFFcIDZ1RTMxpyWEjbBQbQh2bDbHs4-OIJBnfu5gwEFjVn7xdXz8KHHX12XU0_hHeSAFttulEw1czP7QvDq19ZTcnm2vwg291HuiVfeqWlY0hcVErZbOJhIZvADm6UMghYPH6WokD75-HUUBONbGdvAPudb5pt1vHT4i7tGg2YV5AxQNOOe06YuDKXRZlY8n7MnCcL4gWuzcMReGpdk5ytoE57z4knWc8NxpB9AUnGfNCearbSSLtHfVYFjiiq7UzIexqQw0nD0Wlz3RJcReKJtxz6mU0W3nRIJHxWWyVYVx31VFRBQa2OlyCCfCxZH7zdrNXIvlnBgyz5MEhvjjV5msHzaqoxxmakCIiU79zRz3p0e5tN1utuZ06xIGL9PjzHsZfH7Hy_5H3DlLq0uvR3KK9kyVHwwV6yZQw==&p=4&fvj=0&vjs=3',
 'location': 'Aurillac (15)',
 'salary': '1 525 € - 2 025 € par mois',
 'summary': 'Tenu du point de vente, respect des plans merchandising et prix '
            'enseigne,.'}
2019-12-24 14:50:53 [scrapy] DEBUG: Scraped from <200 https://www.indeed.fr/Emplois-Vendeur>
{'company': '',
 'crawl_url': 'https://www.indeed.fr/Emplois-Vendeur',
 'job_title': 'Conseiller vendeur H/F en magasin de bricolage',
 'link_url': '/pagead/clk?mo=r&ad=-6NYlbfkN0D54yG-0CbHzcruYB5x8k2cNIiGUgPDEvWqzF-X62NuTlYBbH6pm9502ViMoHjBe0sqnVIh7CCw3eh-K2naOCVGadQ4gM1G6iDFhNQML42bkLdGeKbjxD762sLIT6n5FNgTighjpm3Pj5m_eZ3iHCc5rdVh7a8JgZ5nDOEp1-fm39ocY_eYwqMgG7_BZy_4k7fy0ra9TCE2Xq-TV1cmqppMi4JAAz7s2yH_3RLfmvVE7CtXvxHVtp0GCsPoJMLPQhjaxLgqydTZc3CRCDRRTCoycQZgUnl9CXR0qZIx1kJmS1b2KdO5jjru-oKld5ZQQYfGKTBSyUPEj2h2Xw0plhNtuq-ZSdvhNSH7ISvQyI8wkTAc-7UZ0i-OwEbEJc0u3F019WocBrKnbs7EKVlvMn7FSoV0M2J-yFCTqetJfzQPR6MNzW2M0xuWWNtdX3linD-L-_Q22I9z7wRqOcBGTlP7&p=5&fvj=1&vjs=3',
 'location': 'Orange (84)',
 'salary': '1 600 € par mois',
 'summary': 'Gestion des rayons: commandes, stock, merchandising.'}
2019-12-24 14:50:53 [scrapy] DEBUG: Scraped from <200 https://www.indeed.fr/Emplois-Vendeur>
{'company': '',
 'crawl_url': 'https://www.indeed.fr/Emplois-Vendeur',
 'job_title': 'Vendeur H/F - CDD - Temps Partiel',
 'link_url': '/rc/clk?jk=25a56c61f2677b7f&fccid=af17ea0d1d6bbbba&vjs=3',
 'location': 'Montpellier (34)',
 'salary': None,
 'summary': 'Tu as envie de contribuer activement à la mise en place de '
            "l'ensemble des services disponibles dans le magasin afin d'aider "
            'les clients à prendre des décisions…'}
2019-12-24 14:50:53 [scrapy] DEBUG: Scraped from <200 https://www.indeed.fr/Emplois-Vendeur>
{'company': '',
 'crawl_url': 'https://www.indeed.fr/Emplois-Vendeur',
 'job_title': 'Vendeur H/F',
 'link_url': '/rc/clk?jk=a611367e98282941&fccid=af17ea0d1d6bbbba&vjs=3',
 'location': 'Strasbourg (67)',
 'salary': None,
 'summary': 'Tu as envie de contribuer activement à la mise en place de '
            "l'ensemble des services disponibles dans le magasin afin d'aider "
            'les clients à prendre des décisions…'}
2019-12-24 14:50:53 [scrapy] DEBUG: Scraped from <200 https://www.indeed.fr/Emplois-Vendeur>
{'company': '',
 'crawl_url': 'https://www.indeed.fr/Emplois-Vendeur',
 'job_title': 'Vendeur - H/F - CDI TEMPS COMPLET',
 'link_url': '/rc/clk?jk=9fe4c57290f406c5&fccid=af17ea0d1d6bbbba&vjs=3',
 'location': 'Clermont-Ferrand (63)',
 'salary': None,
 'summary': 'En_UK / en_INTERNATIONAL • You love customers and are confident '
            'in approaching them in a polite and friendly manner.'}
2019-12-24 14:50:53 [scrapy] DEBUG: Scraped from <200 https://www.indeed.fr/Emplois-Vendeur>
{'company': '',
 'crawl_url': 'https://www.indeed.fr/Emplois-Vendeur',
 'job_title': 'Vendeur H/F CDD temps complet',
 'link_url': '/rc/clk?jk=5bbb63ffe8ce8a67&fccid=af17ea0d1d6bbbba&vjs=3',
 'location': 'Paris (75)',
 'salary': None,
 'summary': 'Tu as envie de contribuer activement à la mise en place de '
            "l'ensemble des services disponibles dans le magasin afin d'aider "
            'les clients à prendre des décisions…'}
2019-12-24 14:50:53 [scrapy] DEBUG: Scraped from <200 https://www.indeed.fr/Emplois-Vendeur>
{'company': 'CHEZ SWITCH',
 'crawl_url': 'https://www.indeed.fr/Emplois-Vendeur',
 'job_title': 'Vendeur en boutique H/F',
 'link_url': '/company/CHEZ-SWITCH/jobs/Vendeur-Boutique-62058fb8a36b7274?fccid=36eb21574b1a0c13&vjs=3',
 'location': 'Reims (51)',
 'salary': '2 500 € par mois',
 'summary': 'CHEZ SWITCH est spécialisé dans les économies quel que soit le '
            'domaine.'}
2019-12-24 14:50:53 [scrapy] DEBUG: Scraped from <200 https://www.indeed.fr/Emplois-Vendeur>
{'company': '',
 'crawl_url': 'https://www.indeed.fr/Emplois-Vendeur',
 'job_title': 'Vendeur Polyvalent (h/f)',
 'link_url': '/rc/clk?jk=602cfea23172b746&fccid=98a961f3a80790bb&vjs=3',
 'location': 'Champniers (16)',
 'salary': None,
 'summary': 'Participation aux livraisons, mise en place des produits sur la '
            'surface de vente, réassort et respect des règles merchandising de '
            'l’enseigne.'}
2019-12-24 14:50:53 [scrapy] DEBUG: Scraped from <200 https://www.indeed.fr/Emplois-Vendeur>
{'company': '',
 'crawl_url': 'https://www.indeed.fr/Emplois-Vendeur',
 'job_title': 'Vendeuse/Vendeur - Annemasse - CDI - Temps Partiel - 25h - F/H',
 'link_url': '/rc/clk?jk=6c61808b0af1e91b&fccid=339fd0e07baa71f8&vjs=3',
 'location': 'Annemasse (74)',
 'salary': None,
 'summary': 'Rigoureux et organisé, vous veillez à la bonne tenue et à la '
            'propreté du magasin ainsi qu’au respect des normes de '
            'merchandising.'}
2019-12-24 14:50:53 [scrapy] DEBUG: Scraped from <200 https://www.indeed.fr/Emplois-Vendeur>
{'company': '',
 'crawl_url': 'https://www.indeed.fr/Emplois-Vendeur',
 'job_title': 'Vendeuse/Vendeur - Parinor - Aulany-Sous-Bois - CDI - Temps '
              'Partiel - 15H - F/H',
 'link_url': '/rc/clk?jk=2a5e55bb6ee1b622&fccid=339fd0e07baa71f8&vjs=3',
 'location': 'Aulnay-sous-Bois (93)',
 'salary': None,
 'summary': 'Rigoureux et organisé, vous veillez à la bonne tenue et à la '
            'propreté du magasin ainsi qu’au respect des normes de '
            'merchandising.'}
2019-12-24 14:50:53 [scrapy] DEBUG: Scraped from <200 https://www.indeed.fr/Emplois-Vendeur>
{'company': 'NIKE CRETEIL',
 'crawl_url': 'https://www.indeed.fr/Emplois-Vendeur',
 'job_title': 'Vendeur caissier H/F 16H',
 'link_url': '/company/LIMON/jobs/Vendeur-Caissier-cf6e8c5fb282a13d?fccid=4121b996b64f711a&vjs=3',
 'location': 'Créteil (94)',
 'salary': None,
 'summary': 'Le magasin Nike Créteil spécialisé dans la vente d’articles de '
            'sport recherche des collaborateurs passionnés par le sport et qui '
            'ont l’ambition de se développer…'}
2019-12-24 14:50:53 [scrapy] DEBUG: Scraped from <200 https://www.indeed.fr/Emplois-Vendeur>
{'company': 'MDA DELTA AUTOMOBILES',
 'crawl_url': 'https://www.indeed.fr/Emplois-Vendeur',
 'job_title': 'Vendeur automobiles H/F',
 'link_url': '/pagead/clk?mo=r&ad=-6NYlbfkN0Byq2FUUMsttlyXeqT37tG_fgsBnMiuRhctOMkw6ItXOT2X42BDM1vVDAtLyXqO1eA_O6MxlhNRKr185sw3oDim7Y9RMA18BWjaPE8ksOIMcSu-T4RHsJQ312twa1XKjIHqPS-40cIu0YJu4KTmX0KYkjPTENFRsr2L5XvRJZZWZmJIyyjrWWSlg12StbdT_gBMNxGlllgGRfkyfa3fjPb-X7otFrzp1ttbVb7HS97heHMvEPoImzml8PjynBCqtw8K2Wz-ahvJZ6POGT8DFktPAvZSGqpRiRsDYJ6YoKsEzPD2H1M5rx2zO-qLgk4fsg2aBUe9M_ziUht1dR-BRneMpb7hEVf5LnM04d1FL0sXU038v5SfSgA_xtJ_eVzfcg4tz_uFfz8SzhXVVfdbyhqDd_HJ-IDR6QYskzsZJ5xqAOMvgRiHtcLsOdS9pTBbJbQ=&p=15&fvj=1&vjs=3',
 'location': 'Saint-Lô (50)',
 'salary': None,
 'summary': 'Vos principales missions seront de commercialiser des Véhicules '
            'Neufs et Occasions de la marque Ford, de vendre des produits '
            'périphériques (financements,…'}
2019-12-24 14:50:53 [scrapy] DEBUG: Scraped from <200 https://www.indeed.fr/Emplois-Vendeur>
{'company': '',
 'crawl_url': 'https://www.indeed.fr/Emplois-Vendeur',
 'job_title': 'Vendeur conseil H/F - CHAUSSURES',
 'link_url': '/pagead/clk?mo=r&ad=-6NYlbfkN0D7OGK28FlniKb606uZjTxGbtUrB-shmYVeKDfXgKMgvNJCvv44IVZWSLwYjub_XjGL37rbDFVP14n_tzws_P84-mImlsjOJKYsm-ZJRlGKCcizDBhtVNXheRcNXDxTRlzr9RbmiCofT0Mpy2_UPD1CBZqkxiHvC-fIa5xcGNKnswfVe94nhVY13exhOYImPtKEr3Bz1mk-2wuUnFJj7asK7Nzli9f_37fHN2IhVJJJtMY7lReUdxy4dSxY4qS02EkCmXVnEfGIRR_YU0qJoPr22siREqwRfG-JU0gG_9ruMEjt1Dx_044qpQmJp5FqfS9iGadye8XlITlt16AWpfTwfWbWCWIyUWGuiMg2hidx_rMR2OlTKREY4VgX4xVyRJgnrDCN7JWOkzBF1HE2rVzECv5XCLnTNjC77G6BEQXqq_MICoLbHqcyEZEGToa2D1I=&p=16&fvj=1&vjs=3',
 'location': 'Cluses (74)',
 'salary': None,
 'summary': 'Assurer la mise en rayon : réassort, merchandising, rangement, '
            'affichage des changements de prix.'}
2019-12-24 14:50:53 [scrapy] INFO: Closing spider (stop generating requests, only 2 requests allowed)
2019-12-24 14:50:53 [scrapy] INFO: Dumping Scrapy stats:
{'downloader/request_bytes': 877,
 'downloader/request_count': 3,
 'downloader/request_method_count/GET': 3,
 'downloader/response_bytes': 108056,
 'downloader/response_count': 3,
 'downloader/response_status_count/200': 2,
 'downloader/response_status_count/301': 1,
 'elapsed_time_seconds': 0.944984,
 'finish_reason': 'stop generating requests, only 2 requests allowed',
 'finish_time': datetime.datetime(2019, 12, 24, 14, 50, 53, 773627),
 'item_scraped_count': 17,
 'log_count/DEBUG': 21,
 'log_count/INFO': 7,
 'memusage/max': 54689792,
 'memusage/startup': 54689792,
 'request_depth_max': 1,
 'response_received_count': 2,
 'robotstxt/request_count': 1,
 'robotstxt/response_count': 1,
 'robotstxt/response_status_count/200': 1,
 'scheduler/dequeued': 2,
 'scheduler/dequeued/memory': 2,
 'scheduler/enqueued': 3,
 'scheduler/enqueued/memory': 3,
 'start_time': datetime.datetime(2019, 12, 24, 14, 50, 52, 828643)}
2019-12-24 14:50:53 [scrapy] INFO: Spider closed (stop generating requests, only 2 requests allowed)
