2019-12-24 12:41:45 [scrapy] DEBUG: Crawled (200) <GET https://www.indeed.fr/robots.txt> (referer: None)
2019-12-24 12:41:45 [scrapy] DEBUG: Redirecting (301) to <GET https://www.indeed.fr/Emplois-Informatique> from <GET https://www.indeed.fr/jobs?q=Informatique>
2019-12-24 12:41:45 [scrapy] DEBUG: Crawled (200) <GET https://www.indeed.fr/Emplois-Informatique> (referer: None)
2019-12-24 12:41:45 [indeed2] DEBUG: 

 Crawling  https://www.indeed.fr/Emplois-Informatique

2019-12-24 12:41:45 [scrapy] DEBUG: Scraped from <200 https://www.indeed.fr/Emplois-Informatique>
{'company': '',
 'crawl_url': 'https://www.indeed.fr/Emplois-Informatique',
 'job_title': 'TECHNICIEN SUPPORT INFORMATIQUE F/H',
 'link_url': '/pagead/clk?mo=r&ad=-6NYlbfkN0BwSwFMflHgmYPjl_pBeM5XwOPs7SnuatgUODAphPZbZqmxU3Mhb0XcBnUsgMtPv13xBNz15bbns9J2rOUBfbDG2-WVSAV9ztURpp6hsjbaldutqbF0YJWYM0zrIztZBpjiYfRd8KHFhlAsp0mwIwilhLQcvC4GRFvoi_kRxisCHiT1H3YYCYirs-dOjQfGhUc2iMYwHw3sGxp9pIf8KuV9J_fmnLFdeCe9DxuQ4oeMVs8fxsDIcjoKilqANUzBUpi6poS37_QngZJrTRPndM58AvnKJqj0fjDxAWLjzpeeOYhs8rGuMgxRLQ5G5ILtvziaHlVc65gsrVO42FoBeWvAGDBoKq15HORbRbHPNATZCUReiubutcys-VPTwL4O5OSmTaLA37aqaoCAm5mWrDx68L1mHckGtFjtbdHQ7ysL0Ryqpvc5WwKn3W5aBeXQlUdSVnyuYvkFg3KOnF2Mm8lgMpi5IdnLtlUpquA-EoIjGQ==&p=0&fvj=0&vjs=3',
 'location': 'Belfort (90)',
 'salary': '1 600 € - 2 000 € par mois',
 'summary': 'Tu disposes d’une formation supérieure en'}
2019-12-24 12:41:45 [scrapy] DEBUG: Scraped from <200 https://www.indeed.fr/Emplois-Informatique>
{'company': 'HUNDEGGER TECHNOLOGIES',
 'crawl_url': 'https://www.indeed.fr/Emplois-Informatique',
 'job_title': 'Technicien itinérant SAV',
 'link_url': '/pagead/clk?mo=r&ad=-6NYlbfkN0D3rakeQMiL4nh2RynSPf3p3LDERP2dKdmqLYBGRY3HkC_rQBqAwGaIQ6AOEDg5nkgaYZ6uOSQVXSDgx4kcbXdNo03rgTP4MtDxVtmqkdcFWgngT2ISpN5DA4qKPo9g-dDCr6ZxG3vNLLYinYtL0Lz73TezJGSpM3gGhn1VnxpTIrq0VeerwTzDWS_viwgr7cU2lwT7Jgcj98YmAT7MrqhteI6MtLh0HoxohxEqxZe5bo20yCISAaSud3eCCoYHmHKiEJIGWDKEl9VENv2QkpD65ZJTW81pKvyTW0NG89C1Pr4RszApjIn_9wo8b5AvfArKF6Udn8quzvxU2MiqsGoAM1j2d4-WOiMFzwX2ksWgMxUPD0oBNJqBR_mr-unIAblfx3mKILCizwvm-U2n2lXGXO7bU7XFaRzpIPkaj8lzrrv0JGpxUIutIaqJnpe_CRwycw--G2O0Ln1zXQCfgBu5&p=1&fvj=1&vjs=3',
 'location': 'Soufflenheim (67)',
 'salary': '3 500 € par mois',
 'summary': 'Technicien sav ou similaire: 2 ans (Souhaité).'}
2019-12-24 12:41:45 [scrapy] DEBUG: Scraped from <200 https://www.indeed.fr/Emplois-Informatique>
{'company': '',
 'crawl_url': 'https://www.indeed.fr/Emplois-Informatique',
 'job_title': 'Ingénieur Spécialiste Informatique Industrielle',
 'link_url': '/pagead/clk?mo=r&ad=-6NYlbfkN0DqrfHtRRe0-zIY7MLkvyzHNFm__ZI9KZw58DSPVscpXxkCE8o8jvW-_QgV9wXaRWd83ZC0kKYxFwb-yeGPTLDZYL-0ZTdjNO1Wed_stscLHqi3xg3RrJdSAR8R7IfVgZ0s5bTZTv7QNnC0QO_b6ozCs7307moBDvjnb3J_o8XnLLbGXSujebbQs4tlUQICbANszuyQ5doWDb3Syy-jM6IHhXL94WVjxCfvd7C0tDk8dWplObFxlNi1Uy78XemKi5uQB0qZh7iwbdHVh5iIpp89_ma9DeC_1TM_PQgHlEite3niEK_VHwHZgoU4VUnAdyL1z5IF7jxy70fq1BqDao3AIjv6QgnXlUergx2oD4UfTJygBNq5lo8jcLbtkk-f2oNYd1M5v3himv6OJffm02P0XdOdmjJeAjMGkqKIKYTn8rQ5GPGdkxnPzRBmXanZ0tp4_QZnpb0jzjUm3ysmrAT6DEgWroEDfgkk14r3knbqMwDMrFONOxJ8Bl3VgOoXY2TXoVz-kgoiaKvYeiTzIPeD7faRMmyPKAcUmNMDjNb1gDkbZfKjm6e1Pynkeh_9N2KJCAbHFzO364PWtWECAx7q_40dzoLlelaU4QvDC3sLjP3JPFZBV8eOZHmxjA5VgElDB2OCnfHWqHbGiC01EK-cAQiGJvrSLr-sQrdFmQ-PJOUYjv7zrb-f6asvRN96Qkk=&p=2&fvj=0&vjs=3',
 'location': 'Notre-Dame-de-Gravenchon (76)',
 'salary': None,
 'summary': 'Ingénieur généraliste ayant un attrait pour l’informatique.'}
2019-12-24 12:41:45 [scrapy] DEBUG: Scraped from <200 https://www.indeed.fr/Emplois-Informatique>
{'company': 'Premista',
 'crawl_url': 'https://www.indeed.fr/Emplois-Informatique',
 'job_title': 'Technicien Informatique (F/H) TI-PRE-NA128',
 'link_url': '/pagead/clk?mo=r&ad=-6NYlbfkN0BqK8SN1VaVaxXKAt9p50tjW128ediqqS6RFafT4sUjj-i6vNva3o1veh0pXFobrNfxApCEqNjAnef2hGczxgR7UbKH_6xJCZbucBVxkJ6ooVKW_jitPPN37ueo99IzPvc-PSSrRu-V_dn5D3d6c2LAA4IXxGxxXa15qZyBrNbfdzAwc0vSRdn19P_X2od5ZFhq493b5h8EWLEGlhYVdjPZpA1bKJ9s-dsq6iOD-8SWNTO6GI89uc_4cdEkWJUxH7OSn366u9uab4XqHd4JSKmVKJnjZaUIPLaCzhNrHi7ciKitdcwfSr1FrdRdDEpvTQxUWPskQb-lSaC6AP46AdTjON-oByOmF-qKQPY8M_X2ZFw5TFrSC477MKVQT3CZ3JvqHXbFnBft6E7-_1NpvIEtpe2MmrvZ-HKIFSdtwIurEYil60Y29NN8mzNSJVIJ0LFcMmFpSiOZfXvHr-PR8LKZM07l8AMUuYI=&p=3&fvj=1&vjs=3',
 'location': 'Nancy (54)',
 'salary': '1 800 € - 2 000 € par mois',
 'summary': 'Gestion, installation et maintenance du matériel'}
2019-12-24 12:41:45 [scrapy] DEBUG: Scraped from <200 https://www.indeed.fr/Emplois-Informatique>
{'company': 'VALENTE SECURYSTAR',
 'crawl_url': 'https://www.indeed.fr/Emplois-Informatique',
 'job_title': 'Développeur informatique H/F',
 'link_url': '/pagead/clk?mo=r&ad=-6NYlbfkN0AtFAOVYquSy8vMzyjBWOxkfrpHwQATlMMyGSJSwptcoaS5Zbnfz8oytu128ayWogJTyS7d5qoygI94gea04IqZMQf_3ulDy97n2mN9lYBwC_8A1nE59nB7cd1Yx1PFprNf1QmcpTYhf36B0gftXSB3jjNROaVmRdeSENGcZr2vMeTGUlbDLmo4BZ9wlvN1YGmGpQYMZbBbIiUHJe_BDjl2u9y_5iQ89w8gzH-zZDv0GcRwhc3X0Uj44D87-sJXfzS4LY6ksyh0d15YYQEyY3YpYjEgTon4x-O3az15QDhFCVxZ-FVv1LncaxCvrEP-gGXb4T9xYhaSqJ8k3QNTHtz9oni3qjLY7IOHELZSH0oNeht73K_P7QwtBRCSw4uuqx_h8RvRck9LfOh8jrzBP5UM1MMiEapYA5SyJEHp6-_OYQZK5YiBXBdq8qrOJczeHeVXhMif2sCr5GwYZ-ntCdPuxiR16FKKr_s=&p=4&fvj=1&vjs=3',
 'location': 'Thiais (94)',
 'salary': '1 850 € par mois',
 'summary': 'Développeur'}
2019-12-24 12:41:45 [scrapy] DEBUG: Scraped from <200 https://www.indeed.fr/Emplois-Informatique>
{'company': '',
 'crawl_url': 'https://www.indeed.fr/Emplois-Informatique',
 'job_title': 'Analyste Réseaux - CDI',
 'link_url': '/pagead/clk?mo=r&ad=-6NYlbfkN0DqrfHtRRe0-zIY7MLkvyzHNFm__ZI9KZw58DSPVscpXxkCE8o8jvW-_QgV9wXaRWct0eVxTWr_3OL1KOZ_FJSpz3Oh9N1mJE2LOGzJRxcpNFhLH7h6y1Ow89U-YJPEbf4EfL1qSnJydypFE7KJ3mdVNUUlfkQ0Q9uteHOjHbwFaJ1giqzufV_8RQEo2e9B6lM6Ev5kc2PSW7lHmXRlnVzhfPAga85ia9E_HPDmZQQ849uJj9RiiJZ2u5UXpPqBODDCd5cvhex74mmc1FBpw--y3P0p40EU9jssTWMydj1Yai2lhAKO47b2pOcSn0H7THMYzxFg0gl2wSoJ8e87oH45FGTrCXkQzh98FxwVcgZNmSW4GGQcNcNVf1qtfHTnjTMex10WDg2x2QMxcDkSK8Qm5WMtbZtkE7TykHI-YAbUx8M1rRzvJXMm4uPenZecIxglD2AlWC7FmRVFj3JjOU2fOyYLmwxGSXz9EjtvyTfEa_E8L-JVPW9p5SkjGFgJik78s-z9CNRBQNCXqAylV4CbWmy4ctoJykrP5alNfB5B4WBPbDlOmXOhcHgnOIepqf9GabtnYaOuD1tll4C8sSeKrasYOoWSPw_trad2iisPJ7Ck0nlQVd8ydpqWjNB_rT3AmMefyEBXDuQp7TxzX19h&p=5&fvj=0&vjs=3',
 'location': 'Notre-Dame-de-Gravenchon (76)',
 'salary': None,
 'summary': 'DUT / Licence en'}
2019-12-24 12:41:45 [scrapy] DEBUG: Scraped from <200 https://www.indeed.fr/Emplois-Informatique>
{'company': 'BioFrais',
 'crawl_url': 'https://www.indeed.fr/Emplois-Informatique',
 'job_title': 'Responsable informatique H/F',
 'link_url': '/company/BioFrais/jobs/Responsable-Informatique-bf44735486a7a28d?fccid=3e7965c9f44e8b3d&vjs=3',
 'location': 'Épagny (74)',
 'salary': None,
 'summary': 'Le / la responsable'}
2019-12-24 12:41:45 [scrapy] DEBUG: Scraped from <200 https://www.indeed.fr/Emplois-Informatique>
{'company': 'Département du Lot',
 'crawl_url': 'https://www.indeed.fr/Emplois-Informatique',
 'job_title': 'Travailler au Département du Lot',
 'link_url': '/rc/clk?jk=63ed250bc209fd9d&fccid=2ab62c2c8f53a7a4&vjs=3',
 'location': 'Lot',
 'salary': None,
 'summary': 'Travailler au Département du Lot.'}
2019-12-24 12:41:45 [scrapy] DEBUG: Scraped from <200 https://www.indeed.fr/Emplois-Informatique>
{'company': 'Mairie de Plouguerneau',
 'crawl_url': 'https://www.indeed.fr/Emplois-Informatique',
 'job_title': 'Assistant informatique H/F',
 'link_url': '/company/Mairie-de-Plouguerneau/jobs/Assistant-Informatique-d762c11ef324a8bc?fccid=afa56701d1e118a7&vjs=3',
 'location': 'Plouguerneau (29)',
 'salary': None,
 'summary': 'Techniques d’installation et de maintenance d’outils, de systèmes '
            'et de réseaux.'}
2019-12-24 12:41:45 [scrapy] DEBUG: Scraped from <200 https://www.indeed.fr/Emplois-Informatique>
{'company': '',
 'crawl_url': 'https://www.indeed.fr/Emplois-Informatique',
 'job_title': "Direction Systèmes d'information - Informatique & "
              'Télécommunications',
 'link_url': '/rc/clk?jk=80dd7aa9f7b37067&fccid=d650792cc5fca7f8&vjs=3',
 'location': 'Lyon 7e (69)',
 'salary': None,
 'summary': 'De formation bac+5 (école d’ingénieurs ou universitaire ou '
            'équivalent) en'}
2019-12-24 12:41:45 [scrapy] DEBUG: Scraped from <200 https://www.indeed.fr/Emplois-Informatique>
{'company': 'Decalog',
 'crawl_url': 'https://www.indeed.fr/Emplois-Informatique',
 'job_title': 'Technicien informatique polyvalent H/F',
 'link_url': '/rc/clk?jk=ec9b70b45bd63917&fccid=d67620fd2abbb7ee&vjs=3',
 'location': 'Guilherand-Granges (07)',
 'salary': None,
 'summary': 'La réception/préparation de matériels (Serveurs / postes'}
2019-12-24 12:41:46 [scrapy] DEBUG: Scraped from <200 https://www.indeed.fr/Emplois-Informatique>
{'company': 'Flexsi',
 'crawl_url': 'https://www.indeed.fr/Emplois-Informatique',
 'job_title': 'Technicien Bureautique et informatique (H/F)',
 'link_url': '/rc/clk?jk=bc32a4d808af267a&fccid=f47ba4fe3147000f&vjs=3',
 'location': 'France',
 'salary': None,
 'summary': 'Gérer le parc'}
2019-12-24 12:41:46 [scrapy] DEBUG: Scraped from <200 https://www.indeed.fr/Emplois-Informatique>
{'company': '',
 'crawl_url': 'https://www.indeed.fr/Emplois-Informatique',
 'job_title': 'Technicien informatique (H /F)',
 'link_url': '/rc/clk?jk=1ee355448a7a1c7a&fccid=034e354c4483f421&vjs=3',
 'location': 'Tinténiac (35)',
 'salary': None,
 'summary': 'Mettre à jour et suivre le parc'}
2019-12-24 12:41:46 [scrapy] DEBUG: Scraped from <200 https://www.indeed.fr/Emplois-Informatique>
{'company': 'MATEN',
 'crawl_url': 'https://www.indeed.fr/Emplois-Informatique',
 'job_title': 'Technicien poste de travail en informatique',
 'link_url': '/company/MATEN-SUD/jobs/Technicien-Travail-Informatique-7cff62f2abb85808?fccid=f58a18ac6f7adcb6&vjs=3',
 'location': 'Lyon (69)',
 'salary': '2 200 € par mois',
 'summary': 'Dans le cadre de la migration des postes de travail de Windows 7 '
            'vers Windows 10, nous recrutons 1 Technicien'}
2019-12-24 12:41:46 [scrapy] DEBUG: Scraped from <200 https://www.indeed.fr/Emplois-Informatique>
{'company': 'BUREAU ALPES CONTROLES',
 'crawl_url': 'https://www.indeed.fr/Emplois-Informatique',
 'job_title': 'Développeur Informatique H/F - Annecy',
 'link_url': '/company/BUREAU-ALPES-CONTROLES/jobs/D%C3%A9veloppeur-Informatique-71e112b232c83596?fccid=cbc27b138605bf54&vjs=3',
 'location': 'Annecy (74)',
 'salary': None,
 'summary': 'Développeur'}
2019-12-24 12:41:46 [scrapy] DEBUG: Scraped from <200 https://www.indeed.fr/Emplois-Informatique>
{'company': 'JDC / Haxe Direct',
 'crawl_url': 'https://www.indeed.fr/Emplois-Informatique',
 'job_title': 'TECHNICIEN INFORMATIQUE',
 'link_url': '/rc/clk?jk=ad021a874dc6458c&fccid=4fb4d4c01c1b9fe3&vjs=3',
 'location': 'Strasbourg (67)',
 'salary': None,
 'summary': 'De formation'}
2019-12-24 12:41:46 [scrapy] DEBUG: Scraped from <200 https://www.indeed.fr/Emplois-Informatique>
{'company': 'MMF SERVICES',
 'crawl_url': 'https://www.indeed.fr/Emplois-Informatique',
 'job_title': 'CHEF DE PROJET INFORMATIQUE',
 'link_url': '/pagead/clk?mo=r&ad=-6NYlbfkN0DdtHT2_FC7_n4Gdryaf-iFl05rsMesQhDnnL4CBvaEr1OhToyGUmOIquCoS6apeJDqWAsUs2nDkM4kwrhXJPP8Stlzrkf-tB2B7bIDX1s47EX25PMulL2wmg6b58LWzp4GYjjyvztIZFu3GZqqn5i2seF6hgopyP9jBcSnwGrWGDBBU_Z7CssE-mu5T117pBjEtOBEkgLwj3T4W4CfRbvhrFxoX2qsSDAGMdpetPhFRRWMSmRzFhC8NgQs_9hDzJCnkum04sv6LMHcWySU0rwn7Nxo0kBH23xpZFO07332_Rxvy7WarGr5sTlyrpzizdWY7zmQZoGapwWztQ4UHPwMPoVVYHG4hT5HXr1Fl2TaKuy2tR9ApQgoEOONRsMBhW-ti52X3njS20qse2d9n1_PkqzWhUv57fauDX_IHp6DOs6R3h7HNDUs-jYA9Xa1W_3Qiu-cprHo3A==&p=16&fvj=1&vjs=3',
 'location': 'Quéven (56)',
 'salary': None,
 'summary': 'Société de Multiservices'}
2019-12-24 12:41:46 [scrapy] DEBUG: Scraped from <200 https://www.indeed.fr/Emplois-Informatique>
{'company': 'NETEXCOM',
 'crawl_url': 'https://www.indeed.fr/Emplois-Informatique',
 'job_title': "INGÉNIEUR D'ETUDES INFORMATIQUE R ET D ( R&D)",
 'link_url': '/pagead/clk?mo=r&ad=-6NYlbfkN0AGMjaAwEg0-nfXmRe2eWAJMhyxETPKDfzyDnTtmhJp_gx8TKn4lcX1l0WkpbfHMGTANevz2gI7ckRw3Hu_PjksXtmGkTGYSQa7wGqsrgXLkTnUo0cRFC5K6wEz-ueAOIABD-KVwq8qruNc_Z-MznSPCRJq3A4Q8gLN5WAmuptyaYgmC_l2oKowwK-QHA0sie7ok63lQEAq2NMpbOVF__xMm4QweFRDen2Fc1LQ3Ox8fUGmtX02haWgqg1Bt5T-CubvuJIwMgx7gRXs9dLgyBrMAMCJL9cuipJ5-SNMMeNGk-cXXDBUGlaSFJxYZs_9fBUYbFk1fcXvuDGunzeQbZK5kJyw2cmO-CORfwwYT9JGpqeLzvE9KckYme6IyaBBKkfD0gNKcH7Vqs5-pjUQdYltMqqPutiHeEDe9AFBIwidyAg1azZRlPBEsVzTuy2Xmj7dDZr5HeYdQl4uiK5G8uYgdxHK4ZgCZ0OMtSZ_zXt0sA==&p=17&fvj=1&vjs=3',
 'location': 'Monaco (06)',
 'salary': '3 500 € par mois',
 'summary': 'Vous avez réussi une formation'}
2019-12-24 12:41:46 [scrapy] INFO: Closing spider (stop generating requests, only 2 requests allowed)
2019-12-24 12:41:46 [scrapy] INFO: Dumping Scrapy stats:
{'downloader/request_bytes': 888,
 'downloader/request_count': 3,
 'downloader/request_method_count/GET': 3,
 'downloader/response_bytes': 101154,
 'downloader/response_count': 3,
 'downloader/response_status_count/200': 2,
 'downloader/response_status_count/301': 1,
 'elapsed_time_seconds': 1.172604,
 'finish_reason': 'stop generating requests, only 2 requests allowed',
 'finish_time': datetime.datetime(2019, 12, 24, 12, 41, 46, 15697),
 'item_scraped_count': 18,
 'log_count/DEBUG': 22,
 'log_count/INFO': 7,
 'memusage/max': 112861184,
 'memusage/startup': 112861184,
 'request_depth_max': 1,
 'response_received_count': 2,
 'robotstxt/request_count': 1,
 'robotstxt/response_count': 1,
 'robotstxt/response_status_count/200': 1,
 'scheduler/dequeued': 2,
 'scheduler/dequeued/memory': 2,
 'scheduler/enqueued': 3,
 'scheduler/enqueued/memory': 3,
 'start_time': datetime.datetime(2019, 12, 24, 12, 41, 44, 843093)}
2019-12-24 12:41:46 [scrapy] INFO: Spider closed (stop generating requests, only 2 requests allowed)
