2019-12-24 14:44:54 [scrapy] DEBUG: Crawled (200) <GET https://www.indeed.fr/robots.txt> (referer: None)
2019-12-24 14:44:54 [scrapy] DEBUG: Redirecting (301) to <GET https://www.indeed.fr/emplois?q=Vendeur%20> from <GET https://www.indeed.fr/jobs?q=Vendeur%20>
2019-12-24 14:44:54 [scrapy] DEBUG: Crawled (200) <GET https://www.indeed.fr/emplois?q=Vendeur%20> (referer: None)
2019-12-24 14:44:54 [indeed2] DEBUG: 

 Crawling  https://www.indeed.fr/emplois?q=Vendeur%20

2019-12-24 14:44:55 [scrapy] DEBUG: Scraped from <200 https://www.indeed.fr/emplois?q=Vendeur%20>
{'company': '',
 'crawl_url': 'https://www.indeed.fr/emplois?q=Vendeur%20',
 'job_title': 'CDDS Saison Hivers Photographe / Vendeur (H/F) - AQUARIAZ (74)',
 'link_url': '/pagead/clk?mo=r&ad=-6NYlbfkN0B2vTMfEB63yVcN7N4b3lIzu00DtgSoWgTjkljNUGa9av0JgfN_JzKPPVBNPebjajZFH4rekcTBx-PgvxLWlLDFnMS5sfj8NNDGQHXSa1tLu8AowFxffJtGhaYi3JBOgnBRqZMYggJo5w1B5WuR9To0b6Hj5KyF1MSmPqYR1CvYilEZJDb0Z7Ld4vq-zS5_t47pdXYVmorDkFNpRm8rqfdTxldIItEkL0obmLiqMgxisZmAZ66gWjK4Ow_5qNZVmqmcmGTR55OSlDjFVRctmi0bl0jNsyqvor_ul3_e_YmogLQ9Wt2rtUVSEK7eOdsw1v-KgTNIoD9EUdG66bc91F5NTxejjuWKXNfURSMERGW1-ocgPMlk6dqn7X0vyG0Kj3weRCSr6WyQ84YkPhkmow3lfo7R9JcVdgvFyO2VQLUQHa2kJR-5j4yWTlITznrzukM=&p=0&fvj=1&vjs=3',
 'location': 'Avoriaz (74)',
 'salary': '1 523 € par mois',
 'summary': 'POSTES DE PHOTOGRAPHE /'}
2019-12-24 14:44:55 [scrapy] DEBUG: Scraped from <200 https://www.indeed.fr/emplois?q=Vendeur%20>
{'company': '',
 'crawl_url': 'https://www.indeed.fr/emplois?q=Vendeur%20',
 'job_title': 'CDI 35H PHOTOGRAPHE / VENDEUR- VITAM (74)',
 'link_url': '/pagead/clk?mo=r&ad=-6NYlbfkN0B2vTMfEB63yVcN7N4b3lIzu00DtgSoWgTjkljNUGa9av0JgfN_JzKPHAFOegi_8E149cRUiNYaNmKRa4BeTAoJeVYzQFw6e3vyaOCQa7mYrMA4VTgf3thX7R1Dl7QT9kxuhAaLLQYH2Z-12ET0u2NbtRGn5GeXYGWqSyx8ls0D2JPSZqtRoxCXnOp_YysqAo1lhmuTni0zHf3dN4APa953fKD4F0IzTAspdFT6fP3_s_TwlaHZp8FC4dWTiVj7kszaN9FLT1uzLfUewW-uN9dq1KeTSziclYHzPKzwHRi1TFQztdA-8tj7YharLYvBVTDnOk2gIQqifVRnIC7XibBXt5ffr57Lc03y67X5mAu6DZMg7C0gFoA7VAlQNnUap7VUwD_35-5axyf3N-0VOehYbpEVm07FVcQb4aVVGi_c14zyzIfYuuOP31EYJQkUUDo=&p=1&fvj=1&vjs=3',
 'location': 'Neydens (74)',
 'salary': '1 709 € par mois',
 'summary': 'Le métier que nous vous proposons vous apportera deux compétences '
            'principales : celle de photographe et celle de vendeur.'}
2019-12-24 14:44:55 [scrapy] DEBUG: Scraped from <200 https://www.indeed.fr/emplois?q=Vendeur%20>
{'company': 'DEVRED 1902',
 'crawl_url': 'https://www.indeed.fr/emplois?q=Vendeur%20',
 'job_title': 'Vendeur conseil',
 'link_url': '/pagead/clk?mo=r&ad=-6NYlbfkN0DOtnTkphELCQ3P8SjBjbOkeNBWBEdUXMhxDCeDwG7-MFhs4-uh1R9Fm3R5pZzemaDow50nGRRo1_3Lcvg-bYfkTINWUuhenajE5whmFaB40ZHQCDEV_SrLDHszrBFkx-vMRCIhKMpjrtDJefnpiUuvZgIph9_3_D-eiIVhU082VfclBwFnTeda5qZm0At7aLZRSwKCoR_dxBgSJKVbR8f35_8Y5b0px60nTaCZV9Dlbv1AK9-EtY1JwhTa001dWkU2QGBP_jyNYAqhCqwwfUhXa12Z9pRQlNmc3N1jhJoKoZZ6o5U3QsArY-gh1OeB0XIY9DT8bzFewhWHyPAyyI-h83grnV5-cHFiEbG3dG9dL5iuuTDKBoJPTKVckVosDYbtn9gMhffilXWJg8_ws5ZLMmn4o1bdBdSYHYnWbxfJ12laoPJFzuf4&p=2&fvj=1&vjs=3',
 'location': 'Saint-Géréon (44)',
 'salary': '1 530 € par mois',
 'summary': 'Vous serez chargé(e) des activités afférentes à cette '
            'fonction:'}
2019-12-24 14:44:55 [scrapy] DEBUG: Scraped from <200 https://www.indeed.fr/emplois?q=Vendeur%20>
{'company': '',
 'crawl_url': 'https://www.indeed.fr/emplois?q=Vendeur%20',
 'job_title': 'Vendeur/Technicien Clés-Cordonnerie et Multiservices H/F (LAON)',
 'link_url': '/pagead/clk?mo=r&ad=-6NYlbfkN0C3hD0Jzpo4Od4keKjhO4JwJ1mukY_VKvjbUJWPH6Ens-oY5Qjo53lq2yLCVbl9p5SuyrlUZtvZcS3yPxe358gPaHUj-JHDCa7qVIh_VCU7lyXw3EYR4a4d94a-pkpidZTTs26AlC0CJjkz0nOf6zoB1vx9yB0oTvIjyrAAcCiUR71aGbmVCmCo9KUzmGdMlheSd76BBu2jHbI2daHHrQtOzfpxJ1nurILAG6Y4mpf-rtOF3SG194tlDVpopEzrg4cFEAmmlLfbPyk0A_tMHg04SgLdtqdpjIYhRN-sCrPSVNogmwU0wy0fkFoteYnGeda9s3ZvzqFKvmGRzzZhvOf4Lad_o3_jWmseO0w3_XbCf7F0WU5O5tXspLdSNn7_-Xrf0UTDq15-fjoJmhxHLMyQsCanRhaiJz9uR1kmTMawxP_mpt3ez_ShYjUzp8N3FcH-j0RsY8dpFKBLEdBi_ENth5lFJbPoNRQb1u07NqRii5r91sjVcSl3y-8P_vpdnis=&p=3&fvj=1&vjs=3',
 'location': 'Laon (02)',
 'salary': None,
 'summary': 'Vendeur H/F: 1 an (Souhaité).'}
2019-12-24 14:44:55 [scrapy] DEBUG: Scraped from <200 https://www.indeed.fr/emplois?q=Vendeur%20>
{'company': 'NOBLESSA CUISINES',
 'crawl_url': 'https://www.indeed.fr/emplois?q=Vendeur%20',
 'job_title': 'Concepteur vendeur H/F',
 'link_url': '/pagead/clk?mo=r&ad=-6NYlbfkN0ADo-kUpPLu0R3mB9NYOFju2kZ9w01G4ttk9lBXu-T09B87oVVM7OlmYs8iQi-D4y59-nFkPix0ENDIIwePTbbU79PKVBxcYdg34oO_r02GEe1WoxUsrzDmLcwVtPv8qX0IqF-KmSP1pzCIZioNLHNb5yIQY2pe8npQXM2rNGPAmSdviV7LvzBLWfpRi6ivdixvEY5oZfroQZmfNBtL-vtyWxcK7kMsSy0TKFfacD809EfxFXkxPN8wV4NzR5xWMzN7vb9c7LxGYFxug46-c1N7iuHQvBVzlqvzjVFdtEmw0f9HOZ4ZNrEJwprOKPelTIpPOjxKAIVyeZMW6AKqI_qNJ8_Lc6JgkDGKbSLW1XaqQJ3lhiAnXqYGjwLXqfWIz6wl-y7gho2Lf0h_Etes_PiLFNiIUSUm3XxQcQr-Rcoi91VOuI22OlQNb9O6VAAQUgA=&p=4&fvj=1&vjs=3',
 'location': 'Mondeville (14)',
 'salary': '3 500 € par mois',
 'summary': 'Acteur en pleine croissance sur le marché de la cuisine, tant en '
            "France qu'à l'international, NOBLESSA conçoit et aménage des "
            'espaces dans toute la maison.'}
2019-12-24 14:44:55 [scrapy] DEBUG: Scraped from <200 https://www.indeed.fr/emplois?q=Vendeur%20>
{'company': '',
 'crawl_url': 'https://www.indeed.fr/emplois?q=Vendeur%20',
 'job_title': 'Vendeurs (h/f) - CDI 25h/35h - Villeneuve la Garenne',
 'link_url': '/rc/clk?jk=a02055b505aa7111&fccid=7c13ea7d2941e927&vjs=3',
 'location': 'Villeneuve-la-Garenne (92)',
 'salary': None,
 'summary': 'Le poste de'}
2019-12-24 14:44:55 [scrapy] DEBUG: Scraped from <200 https://www.indeed.fr/emplois?q=Vendeur%20>
{'company': 'NIKE CRETEIL',
 'crawl_url': 'https://www.indeed.fr/emplois?q=Vendeur%20',
 'job_title': 'Vendeur caissier H/F 16H',
 'link_url': '/company/LIMON/jobs/Vendeur-Caissier-cf6e8c5fb282a13d?fccid=4121b996b64f711a&vjs=3',
 'location': 'Créteil (94)',
 'salary': None,
 'summary': 'Travailler en équipe avec les autres membres de l’équipe '
            '(Merchandising, stocks, vendeur).'}
2019-12-24 14:44:55 [scrapy] DEBUG: Scraped from <200 https://www.indeed.fr/emplois?q=Vendeur%20>
{'company': '',
 'crawl_url': 'https://www.indeed.fr/emplois?q=Vendeur%20',
 'job_title': 'Vendeurs (h/f) - CDI 25, 16 et 8 h - Tours',
 'link_url': '/rc/clk?jk=6a4fe59ffd08f5ff&fccid=7c13ea7d2941e927&vjs=3',
 'location': 'Tours (37)',
 'salary': None,
 'summary': 'Le poste de'}
2019-12-24 14:44:55 [scrapy] DEBUG: Scraped from <200 https://www.indeed.fr/emplois?q=Vendeur%20>
{'company': '',
 'crawl_url': 'https://www.indeed.fr/emplois?q=Vendeur%20',
 'job_title': 'Vendeur H/F',
 'link_url': '/rc/clk?jk=a611367e98282941&fccid=af17ea0d1d6bbbba&vjs=3',
 'location': 'Strasbourg (67)',
 'salary': None,
 'summary': "Tu aimes le contact avec les clients et tu es à l'aise pour les "
            'approcher de manière amicale et polie.'}
2019-12-24 14:44:55 [scrapy] DEBUG: Scraped from <200 https://www.indeed.fr/emplois?q=Vendeur%20>
{'company': '',
 'crawl_url': 'https://www.indeed.fr/emplois?q=Vendeur%20',
 'job_title': 'Vendeur(se) polyvalent(e) (H/F) Etudiant 8H',
 'link_url': '/rc/clk?jk=ceda926cd40c44ce&fccid=b1a1dea659b6cd13&vjs=3',
 'location': 'Dijon (21)',
 'salary': None,
 'summary': 'Vendeur(se) polyvalent(e) (H/F) Etudiant 8H le samedi.'}
2019-12-24 14:44:55 [scrapy] DEBUG: Scraped from <200 https://www.indeed.fr/emplois?q=Vendeur%20>
{'company': '',
 'crawl_url': 'https://www.indeed.fr/emplois?q=Vendeur%20',
 'job_title': 'Vendeur H/F Contrat étudiant',
 'link_url': '/company/Naturalia-France/jobs/Vendeur-Contrat-%C3%89tudiant-99588aeba7602460?fccid=317a9b53afe89814&vjs=3',
 'location': 'Paris (75)',
 'salary': None,
 'summary': 'Vous souhaitez partager votre passion du commerce ?'}
2019-12-24 14:44:55 [scrapy] DEBUG: Scraped from <200 https://www.indeed.fr/emplois?q=Vendeur%20>
{'company': '',
 'crawl_url': 'https://www.indeed.fr/emplois?q=Vendeur%20',
 'job_title': 'Vendeur(se)',
 'link_url': '/company/Naturalia-France/jobs/Vendeur-35e7b7dc4a51ac9d?fccid=317a9b53afe89814&vjs=3',
 'location': 'Schiltigheim (67)',
 'salary': None,
 'summary': 'Vendeur H/F: 2 ans (Requis).'}
2019-12-24 14:44:55 [scrapy] DEBUG: Scraped from <200 https://www.indeed.fr/emplois?q=Vendeur%20>
{'company': 'CHEZ SWITCH',
 'crawl_url': 'https://www.indeed.fr/emplois?q=Vendeur%20',
 'job_title': 'Vendeur en boutique H/F',
 'link_url': '/company/CHEZ-SWITCH/jobs/Vendeur-Boutique-62058fb8a36b7274?fccid=36eb21574b1a0c13&vjs=3',
 'location': 'Reims (51)',
 'salary': '2 500 € par mois',
 'summary': 'CHEZ SWITCH est spécialisé dans les économies quel que soit le '
            'domaine.'}
2019-12-24 14:44:55 [scrapy] DEBUG: Scraped from <200 https://www.indeed.fr/emplois?q=Vendeur%20>
{'company': '',
 'crawl_url': 'https://www.indeed.fr/emplois?q=Vendeur%20',
 'job_title': 'Vendeuse/Vendeur - Annemasse - CDI - Temps Partiel - 25h - F/H',
 'link_url': '/rc/clk?jk=6c61808b0af1e91b&fccid=339fd0e07baa71f8&vjs=3',
 'location': 'Annemasse (74)',
 'salary': None,
 'summary': 'Disponible, dynamique et souriant, votre connaissance des '
            'produits et votre polyvalence (stocks et caisse) vous assurent la '
            'maîtrise de votre métier de vendeur.'}
2019-12-24 14:44:55 [scrapy] DEBUG: Scraped from <200 https://www.indeed.fr/emplois?q=Vendeur%20>
{'company': '',
 'crawl_url': 'https://www.indeed.fr/emplois?q=Vendeur%20',
 'job_title': 'Vendeur (H/F)',
 'link_url': '/pagead/clk?mo=r&ad=-6NYlbfkN0A41XU-qwA2_E6XwsjDct3yXXqbD14ViI8jS1dcz983vqpAC-QlTkYeY901mLeH91Lp3Ht0nGFFcIDZ1RTMxpyWEjbBQbQh2bDbHs4-OIJBnfu5gwEFjVn7xdXz8KHHX12XU0_hHeSAFttulEw1czP7QvDq19ZTcnm2vwg291HuiVfeqWlY0hcVErZbOJhIZvADm6UMghYPH6WokD75-HUUWA_jwYouPvo22JXFhF5rbtQeUWIbqRABpbFHUQw6LRFmN25ytLGygAiConspN6MoHAAZ33vQLz6awFf6FkrPXsUWw-VZuLn-GTTLAwqohjdV9Eie0jfFAUHPQhH6__rj6CrCMQsJa_PjDwlnb5gMbDeKa0BmEJ2bhO1YHbw7tULGkhzdkVjB97-75el4Szcp1ZlDVKT7M8arz8ZPRB3zDalWbVUHkx6_2G2P-36x6y9Wdxidj3dGaq5y_llmugIJ7CSU7hdl8d-C9UHxnlepHw==&p=14&fvj=0&vjs=3',
 'location': 'Aurillac (15)',
 'salary': '1 525 € - 2 025 € par mois',
 'summary': 'Nous recherchons aujourd’hui un(e) vendeur(se) (H/F) pour notre '
            "magasin d'Aurillac."}
2019-12-24 14:44:55 [scrapy] DEBUG: Scraped from <200 https://www.indeed.fr/emplois?q=Vendeur%20>
{'company': '',
 'crawl_url': 'https://www.indeed.fr/emplois?q=Vendeur%20',
 'job_title': 'Vendeur conseil H/F - CHAUSSURES',
 'link_url': '/pagead/clk?mo=r&ad=-6NYlbfkN0D7OGK28FlniKb606uZjTxGbtUrB-shmYVeKDfXgKMgvNJCvv44IVZWSLwYjub_XjGL37rbDFVP14n_tzws_P84-mImlsjOJKYsm-ZJRlGKCcizDBhtVNXheRcNXDxTRlzr9RbmiCofT0Mpy2_UPD1CBZqkxiHvC-fIa5xcGNKnswfVe94nhVY1ky57XTRUI0Yly5ce8CHiAbCxtBc4bKujDwKNVKxVKQcOaV7Oz_IK5_16AbAQpyiLYVW2k7aBZAaU9rfBHgcexdth5IVhyR_OWARq_JTF8KBBXQ0Bvg0KwZSVhKiAaWOBGgrfIxYPUqQdfZuMhMmRF6icQ0pkjtrCcUfA-JgJbBuWghvGWQrfiHFk9krXpnkDcKbf3zY8tgprxdff70Ag8xazM8xcmr-mEvuJChkmO8yEVYHlTsqyc8OkZCzRreEMRMOs2_rEVgpkyJJrGz8PcA==&p=15&fvj=1&vjs=3',
 'location': 'Cluses (74)',
 'salary': None,
 'summary': 'Vous serez chargé(e) du conseil à la clientèle et de la tenue du '
            "rayon de l'Univers Chaussures."}
2019-12-24 14:44:55 [scrapy] INFO: Closing spider (stop generating requests, only 2 requests allowed)
2019-12-24 14:44:55 [scrapy] INFO: Dumping Scrapy stats:
{'downloader/request_bytes': 886,
 'downloader/request_count': 3,
 'downloader/request_method_count/GET': 3,
 'downloader/response_bytes': 93928,
 'downloader/response_count': 3,
 'downloader/response_status_count/200': 2,
 'downloader/response_status_count/301': 1,
 'elapsed_time_seconds': 1.012279,
 'finish_reason': 'stop generating requests, only 2 requests allowed',
 'finish_time': datetime.datetime(2019, 12, 24, 14, 44, 55, 66784),
 'item_scraped_count': 16,
 'log_count/DEBUG': 20,
 'log_count/INFO': 7,
 'memusage/max': 54390784,
 'memusage/startup': 54390784,
 'request_depth_max': 1,
 'response_received_count': 2,
 'robotstxt/request_count': 1,
 'robotstxt/response_count': 1,
 'robotstxt/response_status_count/200': 1,
 'scheduler/dequeued': 2,
 'scheduler/dequeued/memory': 2,
 'scheduler/enqueued': 3,
 'scheduler/enqueued/memory': 3,
 'start_time': datetime.datetime(2019, 12, 24, 14, 44, 54, 54505)}
2019-12-24 14:44:55 [scrapy] INFO: Spider closed (stop generating requests, only 2 requests allowed)
