2019-12-24 11:39:33 [scrapy] DEBUG: Redirecting (301) to <GET http://www.indeed.com/robots.txt> from <GET http://indeed.com/robots.txt>
2019-12-24 11:39:33 [scrapy] DEBUG: Crawled (200) <GET http://www.indeed.com/robots.txt> (referer: None)
2019-12-24 11:39:33 [scrapy] DEBUG: Redirecting (301) to <GET https://www.indeed.com/> from <GET http://indeed.com>
2019-12-24 11:39:34 [scrapy] DEBUG: Crawled (200) <GET https://www.indeed.com/robots.txt> (referer: None)
2019-12-24 11:39:34 [scrapy] DEBUG: Redirecting (302) to <GET https://www.indeed.fr?r=us> from <GET https://www.indeed.com/>
2019-12-24 11:39:34 [scrapy] INFO: Closing spider (stop generating requests, only 2 requests allowed)
2019-12-24 11:39:34 [scrapy] INFO: Dumping Scrapy stats:
{'downloader/request_bytes': 1203,
 'downloader/request_count': 5,
 'downloader/request_method_count/GET': 5,
 'downloader/response_bytes': 25279,
 'downloader/response_count': 5,
 'downloader/response_status_count/200': 2,
 'downloader/response_status_count/301': 2,
 'downloader/response_status_count/302': 1,
 'elapsed_time_seconds': 1.377995,
 'finish_reason': 'stop generating requests, only 2 requests allowed',
 'finish_time': datetime.datetime(2019, 12, 24, 11, 39, 34, 572070),
 'log_count/DEBUG': 5,
 'log_count/INFO': 7,
 'memusage/max': 57479168,
 'memusage/startup': 57479168,
 'response_received_count': 2,
 'robotstxt/request_count': 2,
 'robotstxt/response_count': 2,
 'robotstxt/response_status_count/200': 2,
 'scheduler/dequeued': 2,
 'scheduler/dequeued/memory': 2,
 'scheduler/enqueued': 3,
 'scheduler/enqueued/memory': 3,
 'start_time': datetime.datetime(2019, 12, 24, 11, 39, 33, 194075)}
2019-12-24 11:39:34 [scrapy] INFO: Spider closed (stop generating requests, only 2 requests allowed)
