2019-12-24 14:29:44 [scrapy] DEBUG: Crawled (200) <GET https://www.indeed.fr/robots.txt> (referer: None)
2019-12-24 14:29:44 [scrapy] DEBUG: Redirecting (301) to <GET https://www.indeed.fr/Emplois-Informatique> from <GET https://www.indeed.fr/jobs?q=Informatique>
2019-12-24 14:29:45 [scrapy] DEBUG: Crawled (200) <GET https://www.indeed.fr/Emplois-Informatique> (referer: None)
2019-12-24 14:29:45 [indeed2] DEBUG: 

 Crawling  https://www.indeed.fr/Emplois-Informatique

2019-12-24 14:29:45 [scrapy] DEBUG: Scraped from <200 https://www.indeed.fr/Emplois-Informatique>
{'company': 'BASYS IT-Service GmbH',
 'crawl_url': 'https://www.indeed.fr/Emplois-Informatique',
 'job_title': 'TECHNICIEN SUPPORT INFORMATIQUE (H/F)',
 'link_url': '/pagead/clk?mo=r&ad=-6NYlbfkN0DmTqyeUqsIvVnvuH5FToIte86w3pj1PdJV2G7y_da1uFhkKnCapzGHWm4rKY_PUoRympk9fFRF2ZkbwsR8NfpNJzgvnm9ncW2yCN2zfL8EzOrdTwm55zf71Z7NvPSrcgzu-_X36078ykNwJ3tmCYUgFTQTqNwzXdJe7Op4_rvRDu1FEMi46LwKmsUv8KXkydqB5gGG7CdxBwuxKR53sxvjhuQaah2DCGgf5qnWUHp1qvi1LB35cWKe_BKzbmSUn2uBhZvgP9TStC7Xbb_O6scBffO3JU8DTuX_AuPGawwN2m-IqyXgD4Astw_ygpdmlJXHkxUYtPYStAn2uE01hLMLzIkeOJ72-zvqi2BLxHMVhWL7a_M-4j6fBvfKl-SAMazHKPpq65T3QrRUajaSYJCaU3yJt8iwSeUMwyNKortEA66YRr-mpInubx04qqF7l49fstDkdpm2nSrLwlqSp4Sk&p=0&fvj=1&vjs=3',
 'location': 'Haguenau (67)',
 'salary': None,
 'summary': 'En qualité de spécialiste du support'}
2019-12-24 14:29:45 [scrapy] DEBUG: Scraped from <200 https://www.indeed.fr/Emplois-Informatique>
{'company': 'Bureau Vallée CHENOVE',
 'crawl_url': 'https://www.indeed.fr/Emplois-Informatique',
 'job_title': 'Responsable Bureautique Informatique',
 'link_url': '/pagead/clk?mo=r&ad=-6NYlbfkN0AOKWlvEjQG6wWa09Cv8JTcgtzk8QNNvp-e5LhzXLSkbVdpZZkwBmQLWrbIINg5ghYBzIu2hu4AXGAX2EVFLSvt_X1lyj2qyQQkpHAUxQeUq9rEIX1KYcvm_GIApyI82IIqfnMdouLcArLUB07qPjHgzyVAZvP8CHwfJ_BzcMuVAXXO--d-P82RdXU06-vD-gVKT9OPu3XmvNXgBY0Or24pW2a3d6RlGvV7Lc__4uclyHXfJJxmdezf6S26f_pEdDwyF-IFmxtGd8uy2JWy7UClCh00iAgsH9x7bxMzcWHy2qHODJ6cxazDFAQVmp4eJq3_zuRFJyctcEca4QAm54h5ldKaDBq66ma3V62wyCRVtsqwZlHxiVCwldTuy_by_x6B1X019SClWSaOUgOfueYt3AbM2SKeCd0I4_mDd7TnkegPB2JJrXqUHDcc4w9t0iZiZasqwZagP0GyJOQLvgdE&p=1&fvj=1&vjs=3',
 'location': 'Chenôve (21)',
 'salary': '1 700 € par mois',
 'summary': 'Au sein du magasin Bureau Vallée à Chenôve, votre mission sera de '
            'gérer les rayons et assurer les ventes consommables et matériel'}
2019-12-24 14:29:45 [scrapy] DEBUG: Scraped from <200 https://www.indeed.fr/Emplois-Informatique>
{'company': 'NET SERVICES',
 'crawl_url': 'https://www.indeed.fr/Emplois-Informatique',
 'job_title': 'Technicien informatique H/F',
 'link_url': '/pagead/clk?mo=r&ad=-6NYlbfkN0D8Fg8g8IGU7L-teMJp0bpaIMdvf-wa8ERKQeT4XPO0pdasI-XgurR2Jxt35Fj-Dy6L7BeA-MdAmSFGAHvMI-__YskcDWa2_cGXmNI26XYayUsIDVOjZaihbfTTAJbb7DRGSMqLsJsOdp7fFImIb19zpQ9YEnmMXKVN-vYcsN6r8v3Rds3AB6oyS1IzjMyucBi1Jv6upjvA3Qov1iGJ-Ai80d94OmOeWjFAyvzjr_2imPvwZNXsOyplI34rVq0Lz4pjLKNGUYhwRnFfVH_FTVd1VSnbGbccTiI6_8B_SiE9Ut3JisY_P9diDcrkyyqEdVoE6qw_s4AnSP0mlr9OKbOExeUmZ3OeJAUabKYMgCvsg2P344FaEaWiYy-UZbirK0oUrSJQE6GazmPY28PTPDFZIaKT4Yxtbi93rT-jvRgIydG732QUUHKcYGFn39bxQ8U=&p=2&fvj=1&vjs=3',
 'location': 'Aubière (63)',
 'salary': '1 600 € - 1 800 € par mois',
 'summary': 'Vente, installation et maintenance de matériels'}
2019-12-24 14:29:45 [scrapy] DEBUG: Scraped from <200 https://www.indeed.fr/Emplois-Informatique>
{'company': 'DEVLYX',
 'crawl_url': 'https://www.indeed.fr/Emplois-Informatique',
 'job_title': 'Développeur informatique H/F',
 'link_url': '/pagead/clk?mo=r&ad=-6NYlbfkN0DnVQFIjQPU9wN15K7PyeVURGJRECBdq3mHsz6iV1wx2lHc-j1Wc7REzaeph0vW2ARIWzKlLPiRxKU66DIhjoBHdW-8GR_m9Umkv6qi88AdqN85KMmnXaLulXpgNpbEVTOwJeKCJHdngztCrGDnXjW3vQkGWSh99CypS9ff6r0FOvuo44aCcccwz6k52tjQdQVV56IwqdYcFBGXSDUOxumhwb5kYagztFUDsmRv5Ji2zJOVqdcurF6JCdPHwHHqJByiT8hVpobG0K2uEpg4ZiSsaiO8X49vzWAdRJ0PuqGfQbfPd0Q9mAIa6MZ-9HArCGC19_Gc79gK8p4toJYAdrMIMsFMGXppg09no7NE5J_D7JMUcWuduDiJGeUSN0fqEP2hhhTsVm4FkSiknGUK6c8otvVI6FLO5dNPJtYFRKdn8fo7F-vn3oxYdssQ0Q27wkaiUx5LZmFfORzFikqdThMVkx_uKhih-u8=&p=3&fvj=1&vjs=3',
 'location': 'Aubenas (07)',
 'salary': None,
 'summary': '_Formation BAC +2 en développement informatique.'}
2019-12-24 14:29:45 [scrapy] DEBUG: Scraped from <200 https://www.indeed.fr/Emplois-Informatique>
{'company': 'INTERSED',
 'crawl_url': 'https://www.indeed.fr/Emplois-Informatique',
 'job_title': 'Administrateur Systèmes & Réseaux H/F',
 'link_url': '/pagead/clk?mo=r&ad=-6NYlbfkN0AlFM5qfW-qcebQTox8wagUjw2R5tQ6MNecKiOEWz33g1CqDPUapNXPTg-IoI6sCpljteOt_ikJtNvUBnEglO0YZXrgnxf7RIYVd54eb2j0pxd4COEfn6n5lIiuYyLAlPfzWE_wZPXt1cfW5KIDxFziihhBcrkZp80BIw2Gyk1oHMHlXpXSpGBLF6ZbkHMnjv2FJXF8jlerB8OkPQz6sYk3zFzSganDH6EPqPKdF9bVFdqwr4xJNF0Y-uAAyIlLKBJf_g22H-CG_QPMjCy2R8MRCZ_ViW4mQzlCndxVa2a6O36vt3Fg5hLXzzTbQcMmhTN6TrX2YZmC8h7AU5a16RgjeJVOEKJUU3XolNvE42Up587a6RvBy6lFICo-1gvIh3C4AzFmCPxhnex-_sFfO018W3-XD0PHBNdwzHfF1y3MCjP34yboy8p4F1ApJ4REoPxtTnVQF-FOi3NVX78yTQmbq9PgLRglikE8QZl_aBMbXcYb4VNWWwfT&p=4&fvj=1&vjs=3',
 'location': 'Lyon (69)',
 'salary': None,
 'summary': 'Vous assurez l’installation et le déploiement de '
            'micro-ordinateurs, serveurs, systèmes et réseaux en clientèle ou '
            'en atelier.'}
2019-12-24 14:29:45 [scrapy] DEBUG: Scraped from <200 https://www.indeed.fr/Emplois-Informatique>
{'company': "PRO'INFO",
 'crawl_url': 'https://www.indeed.fr/Emplois-Informatique',
 'job_title': 'Technicien assistant informatique H/F',
 'link_url': '/pagead/clk?mo=r&ad=-6NYlbfkN0AugyeeFd6NHqbawlC1hJfxToWbSqUw01EmgOFFWwSnAA3I82Vxa0J3OYbZGKQ1DLx4wGUQm7GNFtVWf7URUb6-v004V43AN4NktnAbdUDwNWdVxZPjlJjahM9UtveGLFekeW_IRAj8oW9llhd4wxcJVfda6UgbqIgQGViFJRjRtAS5z3MfrcmWAzBdc0RxxrrGL7vuv54bAKNaxORRZJMtSuEMUrzslK4EzM0comgkBozI5jocRK5aNjI40YvJkeY4bbQTk2poA_Zm2DwkcHFWkMpuW57j6RDZtcDtGL0INMme6xoKhbqybgglXzZiKQs_RV1klFlqWXoG0_azBpGizCHkdTTOSTn4_ivFqYM7bBKx-_8xEjI13MIvN8Bx01IwWNjyOQhw2PB6Qt8ICNhOoMuVXAxjN3bhPD7vNjHDxskKK71t6Or225nqGWUGecitQRgYWgbcHKEg_nhRMz5oHpJOGZPRErc=&p=5&fvj=1&vjs=3',
 'location': 'Saint-Péray (07)',
 'salary': '20 000 € - 28 000 € par mois',
 'summary': 'Technicien assistant'}
2019-12-24 14:29:45 [scrapy] DEBUG: Scraped from <200 https://www.indeed.fr/Emplois-Informatique>
{'company': 'BioFrais',
 'crawl_url': 'https://www.indeed.fr/Emplois-Informatique',
 'job_title': 'Responsable informatique H/F',
 'link_url': '/company/BioFrais/jobs/Responsable-Informatique-bf44735486a7a28d?fccid=3e7965c9f44e8b3d&vjs=3',
 'location': 'Épagny (74)',
 'salary': None,
 'summary': 'Le / la responsable'}
2019-12-24 14:29:45 [scrapy] DEBUG: Scraped from <200 https://www.indeed.fr/Emplois-Informatique>
{'company': 'JDC / Haxe Direct',
 'crawl_url': 'https://www.indeed.fr/Emplois-Informatique',
 'job_title': 'TECHNICIEN INFORMATIQUE',
 'link_url': '/rc/clk?jk=ad021a874dc6458c&fccid=4fb4d4c01c1b9fe3&vjs=3',
 'location': 'Strasbourg (67)',
 'salary': None,
 'summary': 'De formation'}
2019-12-24 14:29:45 [scrapy] DEBUG: Scraped from <200 https://www.indeed.fr/Emplois-Informatique>
{'company': 'Mairie de Plouguerneau',
 'crawl_url': 'https://www.indeed.fr/Emplois-Informatique',
 'job_title': 'Assistant informatique H/F',
 'link_url': '/company/Mairie-de-Plouguerneau/jobs/Assistant-Informatique-d762c11ef324a8bc?fccid=afa56701d1e118a7&vjs=3',
 'location': 'Plouguerneau (29)',
 'salary': None,
 'summary': 'Techniques d’installation et de maintenance d’outils, de systèmes '
            'et de réseaux.'}
2019-12-24 14:29:45 [scrapy] DEBUG: Scraped from <200 https://www.indeed.fr/Emplois-Informatique>
{'company': '',
 'crawl_url': 'https://www.indeed.fr/Emplois-Informatique',
 'job_title': "Direction Systèmes d'information - Informatique & "
              'Télécommunications',
 'link_url': '/rc/clk?jk=80dd7aa9f7b37067&fccid=d650792cc5fca7f8&vjs=3',
 'location': 'Lyon 7e (69)',
 'salary': None,
 'summary': 'De formation bac+5 (école d’ingénieurs ou universitaire ou '
            'équivalent) en'}
2019-12-24 14:29:45 [scrapy] DEBUG: Scraped from <200 https://www.indeed.fr/Emplois-Informatique>
{'company': 'Decalog',
 'crawl_url': 'https://www.indeed.fr/Emplois-Informatique',
 'job_title': 'Technicien informatique polyvalent H/F',
 'link_url': '/rc/clk?jk=ec9b70b45bd63917&fccid=d67620fd2abbb7ee&vjs=3',
 'location': 'Guilherand-Granges (07)',
 'salary': None,
 'summary': 'La réception/préparation de matériels (Serveurs / postes'}
2019-12-24 14:29:45 [scrapy] DEBUG: Scraped from <200 https://www.indeed.fr/Emplois-Informatique>
{'company': '',
 'crawl_url': 'https://www.indeed.fr/Emplois-Informatique',
 'job_title': 'Technicien informatique (H /F)',
 'link_url': '/rc/clk?jk=1ee355448a7a1c7a&fccid=034e354c4483f421&vjs=3',
 'location': 'Tinténiac (35)',
 'salary': None,
 'summary': 'Mettre à jour et suivre le parc'}
2019-12-24 14:29:45 [scrapy] DEBUG: Scraped from <200 https://www.indeed.fr/Emplois-Informatique>
{'company': 'BUREAU ALPES CONTROLES',
 'crawl_url': 'https://www.indeed.fr/Emplois-Informatique',
 'job_title': 'Développeur Informatique H/F - Annecy',
 'link_url': '/company/BUREAU-ALPES-CONTROLES/jobs/D%C3%A9veloppeur-Informatique-71e112b232c83596?fccid=cbc27b138605bf54&vjs=3',
 'location': 'Annecy (74)',
 'salary': None,
 'summary': 'Développeur'}
2019-12-24 14:29:45 [scrapy] DEBUG: Scraped from <200 https://www.indeed.fr/Emplois-Informatique>
{'company': 'Flexsi',
 'crawl_url': 'https://www.indeed.fr/Emplois-Informatique',
 'job_title': 'Technicien Bureautique et informatique (H/F)',
 'link_url': '/rc/clk?jk=bc32a4d808af267a&fccid=f47ba4fe3147000f&vjs=3',
 'location': 'France',
 'salary': None,
 'summary': 'Gérer le parc'}
2019-12-24 14:29:45 [scrapy] DEBUG: Scraped from <200 https://www.indeed.fr/Emplois-Informatique>
{'company': 'Sopratec',
 'crawl_url': 'https://www.indeed.fr/Emplois-Informatique',
 'job_title': 'Responsable Informatique Junior (H/F)',
 'link_url': '/rc/clk?jk=c8a63a0035f14c89&fccid=7980c8080f1c32e7&vjs=3',
 'location': 'France',
 'salary': '50 000 € - 55 000 € par an',
 'summary': 'Définir la politique de maintenance du parc informatique.'}
2019-12-24 14:29:45 [scrapy] DEBUG: Scraped from <200 https://www.indeed.fr/Emplois-Informatique>
{'company': 'VEODIS GROUP',
 'crawl_url': 'https://www.indeed.fr/Emplois-Informatique',
 'job_title': 'Technicien(ne) Informatique/Réseaux',
 'link_url': '/rc/clk?jk=f2a3624a389f1227&fccid=05c240e4a739f52d&vjs=3',
 'location': 'France',
 'salary': None,
 'summary': 'Au sein de la division IT (Technologies de l’Information), vos '
            'axes d’activité sont l’installation, la maintenance et le '
            'conseil/support :'}
2019-12-24 14:29:45 [scrapy] DEBUG: Scraped from <200 https://www.indeed.fr/Emplois-Informatique>
{'company': '',
 'crawl_url': 'https://www.indeed.fr/Emplois-Informatique',
 'job_title': 'Consultant(e) Office 365',
 'link_url': '/pagead/clk?mo=r&ad=-6NYlbfkN0CDyWCk2bf-hB079XA31Tw5ngkjovj5vvTWFlkYAEWq5MVWrx7cKL1KUiRPn09UUbBf3leWWUkg4FFn1IUVAFYQ1mMXZfY3dkXT1chBFi81r11MDB5_FQHpzRQl4qoru8_awWFz5pWkD3-X7Wp0syBsLGBmRKB00jlpy0Wmrn9Uxr9-0AOu80jFinVfGA8YkYn5-w5HeU0crEF_-tEU2QrBMQKEW_aHXL9KA4g51l0yEXnTkFUURpMqkqxFCKJj84q-1sklnUmyxuL3Gd957lMY8uAnSZg_bKTrKAO4l-QhFR4HE-Q9G6q8K0WggW4K3FrwYz0apQ01GM6WTU2pjrh8qlx6TJmHU-xQsXncxmjXjOZUgDdEep12IkQjYzrMp0rKHYKL8AViGdA8hsZGXi7OnRuMgiM5UJI9MU-vnazv-uy6I8V7qP6nZxRVjLEmMOXDPoqvv6xIB9yCGG5bBbHHmsY7C0HaQpM=&p=16&fvj=0&vjs=3',
 'location': 'Lyon (69)',
 'salary': None,
 'summary': 'Diplômé(e) en'}
2019-12-24 14:29:45 [scrapy] DEBUG: Scraped from <200 https://www.indeed.fr/Emplois-Informatique>
{'company': 'SK2H',
 'crawl_url': 'https://www.indeed.fr/Emplois-Informatique',
 'job_title': 'Technicien Informatique & Télécommunications Expérimenté',
 'link_url': '/pagead/clk?mo=r&ad=-6NYlbfkN0CMWUwKpGRq44c7qTXS9eSGi1Lb2tJC_x7pFa5mSbqaLr1C4f3OYrl3JwW4Iksurne33GkpYjKF3NF_kxSSZqUr8-eC-VkUQeii3QxqORSpyIrnqD5et5PPAxvoDEEQgcGE2SoFXvxTwmulxTa7d6GUpUi2S1W55QOXE5PjRVJcjcSLRWveL1H-yqCn3Bgziux1Sgy30LmK3kHM15Y1ZrliJxqnElCSj02UnzhwXW8x3EVmtGPeG_k10JUflCMhXNjDarZrpJ2CGcJwBAcTEB8iSnxL2Z1qIrOvhwC3xiEdOKgfndkTl3IbtbJKe81_5Vezr4mBJpx-74m6gw8boJ265l93CN_x7dBKzVZOICr26VKMxY1d8fwXpLqOAiSoAJdwH8xJoOPeDok-_I308CvtB2jDonskgcR2-O-NWEhnrkwsoGPoos3vPlOo78mNSUtPcfsbKsWolKMb1Lcyv8ciT01__kODhRcAxYgpqZn0TmtgXQBhlJsyoh-svLcuY3USq_4ndpnTPQZ6OtviAGVjjdrYASLPRTI=&p=17&fvj=1&vjs=3',
 'location': 'Avignon (84)',
 'salary': '2 100 € - 2 300 € par mois',
 'summary': 'Dans le cadre de notre croissance, nous recrutons un technicien'}
2019-12-24 14:29:45 [scrapy] INFO: Closing spider (stop generating requests, only 2 requests allowed)
2019-12-24 14:29:45 [scrapy] INFO: Dumping Scrapy stats:
{'downloader/request_bytes': 888,
 'downloader/request_count': 3,
 'downloader/request_method_count/GET': 3,
 'downloader/response_bytes': 108210,
 'downloader/response_count': 3,
 'downloader/response_status_count/200': 2,
 'downloader/response_status_count/301': 1,
 'elapsed_time_seconds': 1.276655,
 'finish_reason': 'stop generating requests, only 2 requests allowed',
 'finish_time': datetime.datetime(2019, 12, 24, 14, 29, 45, 709854),
 'item_scraped_count': 18,
 'log_count/DEBUG': 63,
 'log_count/INFO': 7,
 'memusage/max': 112529408,
 'memusage/startup': 112529408,
 'request_depth_max': 1,
 'response_received_count': 2,
 'robotstxt/request_count': 1,
 'robotstxt/response_count': 1,
 'robotstxt/response_status_count/200': 1,
 'scheduler/dequeued': 2,
 'scheduler/dequeued/memory': 2,
 'scheduler/enqueued': 3,
 'scheduler/enqueued/memory': 3,
 'start_time': datetime.datetime(2019, 12, 24, 14, 29, 44, 433199)}
2019-12-24 14:29:45 [scrapy] INFO: Spider closed (stop generating requests, only 2 requests allowed)
