2019-12-24 15:30:03 [scrapy] DEBUG: Crawled (200) <GET https://www.indeed.fr/robots.txt> (referer: None)
2019-12-24 15:30:03 [scrapy] DEBUG: Redirecting (301) to <GET https://www.indeed.fr/emplois?q=Stage%20Ing%C3%A9nieur> from <GET https://www.indeed.fr/jobs?q=Stage%20Ing%C3%A9nieur>
2019-12-24 15:30:03 [scrapy] DEBUG: Crawled (200) <GET https://www.indeed.fr/emplois?q=Stage%20Ing%C3%A9nieur> (referer: None)
2019-12-24 15:30:03 [indeed2] DEBUG: 

 Crawling  https://www.indeed.fr/emplois?q=Stage%20Ing%C3%A9nieur

2019-12-24 15:30:03 [scrapy] DEBUG: Scraped from <200 https://www.indeed.fr/emplois?q=Stage%20Ing%C3%A9nieur>
{'company': 'ANDRICE',
 'crawl_url': 'https://www.indeed.fr/emplois?q=Stage%20Ing%C3%A9nieur',
 'job_title': "Stage pré-embauche Ingénieur d'Affaires H/F",
 'link_url': '/pagead/clk?mo=r&ad=-6NYlbfkN0C-DDqE2PvtlhgrPJ1-iQblct7bO4IaZKYhVOj3MZ6KK3X7dg1F1jbO_8FLT-ndfbIb3938T8jQPs-kPMFyeCaFj4OVGIVnzEaFIz6YnOkcGCIGzsEgvzpe64SzC-FtFeBwYosWIvRylAj-nUyhS88lFctg8MCj8rgguadOJHTTf8SnsjHRIbtreBumZ6TmlC78JLVvdQM15DTNpAne_vnRgt1DKiFLk0ctHzufG9dN_u20ULhi_G_i3NnMbFzjr8MywnLhwLyuENmnmYBUF085pfsO2nFBhgIHZFue78xpD0KjSdn7BusS4zTIDZ7vAxRscyneQMtc3D3hwDtKDiJcIjfuvO3vNU_dGRFBX0As4ly2HFnawGbGF3aYcAT4b-a2TCQ7LhTp_srbNDlvuIZ7q0hPTUo4LVt8fMMBLnMGTUoOo2o6DcubopupgQ8FLnJsUsJ3J2S54zOsvfniIVBtP003y2Z5eUjph1unO7_z9UGjDwUn8EuF9LpPgEsRdgI=&p=0&fvj=1&vjs=3',
 'location': 'Lyon (69)',
 'salary': '1 500 € par mois',
 'summary': 'des'}
2019-12-24 15:30:03 [scrapy] DEBUG: Scraped from <200 https://www.indeed.fr/emplois?q=Stage%20Ing%C3%A9nieur>
{'company': '',
 'crawl_url': 'https://www.indeed.fr/emplois?q=Stage%20Ing%C3%A9nieur',
 'job_title': "STAGE - Ingénieur(e) Gestion de Projet de Création d' Outil H/F",
 'link_url': '/pagead/clk?mo=r&ad=-6NYlbfkN0CXoRBnWYcwK-7vfYxCq_uRMr0khIkvgDcfpz7vELuuPVbZ4bq46eB5TexwmYn-2GY7FfaBV3jOPCYQzO8RlAd75LrsuaIrgT2Y4O11ZYfROSTKL-S39HjpXEuH6nYgvAafaVZdSQdDcjOV7M0bazTQ9933a4J23wslZxFuNGc09gOi8_NYeqAdR9ldfc16dUyFsmEsbspXO8gWspAnqDIDOioW3C4rgRzzWtaNRe8KWpiVUDzk1khxqyXjmfMljaG1xQOm_IBvXQs47OnepMdHa4iNvHjPKdH7rxPs6UX3jYjSSyXCpjn98FWAKKslK8DOGhbjAoR8Vf5sxT1k5b1MUg6_Q4OvbnCxppZGLPjT-bzGxephai894uqgwZNpvbwPsiX8r4uw42fhF4SgPtm7LH2X5feSaVs-PiPiVVOXbfs0Bds9dDC-aji5DGgmpmMnrqKQdCrX5j0xpvGI-s0rcT_SU_WgoeqORYm7_6GmJRiPpMDerA-OSfhlXGDkhWIt_Cu8xuq8jAUZ26z3WfBlzuOtHn4LxAhoeQnf8sBWZYVo415SI_KPAfEjogprfXs=&p=1&fvj=0&vjs=3',
 'location': 'Toulon (83)',
 'salary': None,
 'summary': "Vous êtes en formation Bac +5 en école d'ingénieur ou Master 2 et "
            'vous recherchez un'}
2019-12-24 15:30:03 [scrapy] DEBUG: Scraped from <200 https://www.indeed.fr/emplois?q=Stage%20Ing%C3%A9nieur>
{'company': '',
 'crawl_url': 'https://www.indeed.fr/emplois?q=Stage%20Ing%C3%A9nieur',
 'job_title': 'Ingénieur Production - Atelier Conditionnement (H/F) - '
              'Larceveau (64)',
 'link_url': '/pagead/clk?mo=r&ad=-6NYlbfkN0CCDTykW3NAQ7DvErwXJfHcfyNW1_S8i6WHtQdU3iXdDSplkJ7QC8wMAfGKqT-VLoNShW-VipAy8CJRDWJJEmwZbnpyY_ckDMZ5egtDGviZgzn1M46MFYZwPNL3_KEcDh_KD_8gzfnKpQz59opgckaodJL9YRerMgKUsTQzodE2mDW9BlCHvu9yVyiq2etdI14p21IqkwzW3-x1btoClhPeWSY3fhGxGCcdQr_hf0GAF3JnJ9xrdlBeP3IIBR__4edkcoZoREexdqzY3Scp5eYHHuZJYqwxnjx6CPgCfTGtGHQgY3B5VmxUc2Lmy_JHwi9VWF4Qb52zwebIU5EaSyY2OsOODvxjbypMt5EQJm11zvnxNAN__WIClweKtqnsgXPWonJhoiuV1YPMT6dP3QX0HMjNn51-II7yTVdmAun4ZoxgkK9blWED2z_nAwitaEV-RXZQfwdcCLa21BcQpPJQnAfQJNJ1TZ8tjGWaEQfC8oeRQfth4ztHEB9xPX9IXB7853asQLeCAA==&p=2&fvj=0&vjs=3',
 'location': 'Larceveau-Arros-Cibits (64)',
 'salary': None,
 'summary': 'Premier'}
2019-12-24 15:30:03 [scrapy] DEBUG: Scraped from <200 https://www.indeed.fr/emplois?q=Stage%20Ing%C3%A9nieur>
{'company': '',
 'crawl_url': 'https://www.indeed.fr/emplois?q=Stage%20Ing%C3%A9nieur',
 'job_title': 'Business Developer (H/F) - Stage',
 'link_url': '/pagead/clk?mo=r&ad=-6NYlbfkN0Dw2l-gc6Hs9he0Xu95y96LW649IfwZI94hfnkXTmfGtyuoo7hg1YWVQ3zVWqAVT4EuzH8-w1WF7FPNc3eYvNq5R7jFjScVVvMbdyqKLhWh26k-jEa6yiEhKFyPIc11Oyol4g-btm0OPRAS2s4iMoNfx4HBRxFJt6cVm_AT-3_Fhxc3XiNF10tJg4UXEuCTA0oIi4HNS9JmpHeu5o9ZxTNCTGfT9-_JdlXIV5RdmQ9gFSNvJqOlXX2fUyJws7SmrQCOre3lfJB1sKX2xlY8nZbiD7bPrl7rC1Hpy47K0pz2DapAV-z0cFTbP-vPGn2v56M7yeMODIhcsQVnefX0Xz5zdW1ebGhkjgap7TgMnvEEpSzLVNjD3Ll5mQuWggmNMKgEqaCm0cuaD-FYRJ4yhuRcQTjo4svvKiPL7Re58cnNKTNOxLap6ikkQhXLK7QTBXDQ5gqo6-QOteGC51hVVCpUb0q8ZUnjTtku09Wk60zJEmr5mgLwQvP5gXyrWc7XUcw=&p=3&fvj=1&vjs=3',
 'location': 'Issy-les-Moulineaux (92)',
 'salary': None,
 'summary': 'Vous recherchez un'}
2019-12-24 15:30:03 [scrapy] DEBUG: Scraped from <200 https://www.indeed.fr/emplois?q=Stage%20Ing%C3%A9nieur>
{'company': 'PUMPART SYSTEM SAS',
 'crawl_url': 'https://www.indeed.fr/emplois?q=Stage%20Ing%C3%A9nieur',
 'job_title': 'Stage Conception Mécanique et Packaging Cosmétique',
 'link_url': '/pagead/clk?mo=r&ad=-6NYlbfkN0CFpdvlhLRzeRcUFUxe61QXZ3TPc_IxGbLmdFjMpnhcZxJfgCn8D2CQ8z28Q1hseCZkXy-i6D5Tr3CQsLRw5NHYCPDG5PLS-cH16PMep1i_AtgWsA7v3pjiEtl0omdLM_FvtiTTX6L-3Ouw-e4E30BXB16zy2CCXFrICwhnrA7k2Eo-uwQ5_JtlQSwzPI1-_jvSPfJlusFars525oQ09hn-lSNzsq_VaHorbarTYo-L72Pd6N-3uksQDv69TVb_UHJU57SCVtMnEqwzn-0zo5wt4FVR26SGaOl2zOxELZ4YWsV6Xtomad3Waklh3KxqTTbPkpFWBPUW0nnjcsrLmyGZ33fKXAXJbE_uvwqb41FaF6xFdCzDlTxF0J6lT1t5oTL38bjlN6GA58FyOm3EoA7Xw0Z7QccMgBcTbKqQgJN-Hu0J0owEyH6TPRsxC20428VqA5LvvWlAQ0Rcf_Dpe7UUBROKN4AMlAEwBSmlv3uuNowH1yA3YqFMy4__7SNR3N6ZywPho66uew==&p=4&fvj=1&vjs=3',
 'location': 'Vienne-le-Château (51)',
 'salary': '600 € - 700 € par mois',
 'summary': 'Durée du'}
2019-12-24 15:30:03 [scrapy] DEBUG: Scraped from <200 https://www.indeed.fr/emplois?q=Stage%20Ing%C3%A9nieur>
{'company': '',
 'crawl_url': 'https://www.indeed.fr/emplois?q=Stage%20Ing%C3%A9nieur',
 'job_title': 'STAGE : INGÉNIEUR ETUDES & DÉVELOPPEMENT DATA, SECTEUR CRM '
              'MARKETING (H/F)',
 'link_url': '/pagead/clk?mo=r&ad=-6NYlbfkN0BIy01HPXGWPTnaqLOCiyq2HmKf-PiNOn0ZgGJ0C8fr24wtXGA7HjcnwVyNo-KN5IO49f_kSBcsn8X37w0o1Z3eSbW4ALb6W50L8XweULk27e5OcYYypgNJUhQSqAwOhXgpQuzV0De1byuOy6X81AUUSzIfnQbAHSPkCZdMD9n349cJJBKK9fF8HoZbFOr3TwOuQYOhJ6JBWlhEVIDC4EfPd55wUX4-1_VYSeVho6xnwFie29rX-HSZ4plka0rY5DxQpuCqSIFMhV0SF1294KJD0HWDRJegjEl4XLEdZ2f1UN8yKxaOvr8V0bJNBC9WrdkqnW5VqyVJb-iqwg3QdgFl9BElMEvHA-FWoWjkbJ-OYFKJhhNZKdpQyCVGj7rYdUzQU7U4DenyAB9ZOn1tiGtBcI9GlwmcuarmBmJMqBVhHTDRaqCstlNvm0WhNAzdUrWrbeDQM5vCK2uVfc6NERXayFTbgDXo2cXcJD4b5iSz626F_LLhzrtCniur6uuzlsWbkkvAPoJzXYwQRG7C4a2da1okon527Feq6r6A1e2vXyzPBzb9hAPtyaHXlNBxuu88FhaByNWcqvdGts1sLwlcVGQDK6exjGsuabF6df8UnsXqGXQPs2Lah81oNkPUcDmD2UvZ2snK-wWpVKwwwcGAfxwiz-oRBfjTPOwrBKewGC3wt3oXoFyIr4CPw-K0-RdjUxz3kb82Gsd_cjFjoRJkLEV85MRxpSvS4d7CW--zeSo1ziH23nhnFcvuXBF8LSsTBVV-oxACNg==&p=5&fvj=0&vjs=3',
 'location': 'Paris (75)',
 'salary': '1 300 € par mois',
 'summary': 'Une indemnité mensuelle brute de'}
2019-12-24 15:30:03 [scrapy] DEBUG: Scraped from <200 https://www.indeed.fr/emplois?q=Stage%20Ing%C3%A9nieur>
{'company': '',
 'crawl_url': 'https://www.indeed.fr/emplois?q=Stage%20Ing%C3%A9nieur',
 'job_title': 'Stage - Ingénieur - Amélioration continue (F/H)',
 'link_url': '/rc/clk?jk=20988d242ab40c6d&fccid=aaec0480e2e19692&vjs=3',
 'location': 'Sainte-Julie (01)',
 'salary': '1 300 € par mois',
 'summary': 'Au sein du département Engineering et du service performance et '
            'méthodologie, vous serez chargé(e) de l’amélioration d’un sujet '
            'dans le périmètre Engineering.'}
2019-12-24 15:30:03 [scrapy] DEBUG: Scraped from <200 https://www.indeed.fr/emplois?q=Stage%20Ing%C3%A9nieur>
{'company': '',
 'crawl_url': 'https://www.indeed.fr/emplois?q=Stage%20Ing%C3%A9nieur',
 'job_title': 'Stage - Ingénieur Amélioration Continue H/F',
 'link_url': '/rc/clk?jk=bc8b4ec90f44b0ba&fccid=de640f613b6c0608&vjs=3',
 'location': 'Pantin (93)',
 'salary': None,
 'summary': 'Etudiant(e) bac+4 / +5, Cursus'}
2019-12-24 15:30:03 [scrapy] DEBUG: Scraped from <200 https://www.indeed.fr/emplois?q=Stage%20Ing%C3%A9nieur>
{'company': '',
 'crawl_url': 'https://www.indeed.fr/emplois?q=Stage%20Ing%C3%A9nieur',
 'job_title': 'Stage Ingénieur amélioration continue H/F',
 'link_url': '/rc/clk?jk=2dfb3f72f54835fc&fccid=ca90748d4ca63157&vjs=3',
 'location': 'Gonesse (95)',
 'salary': None,
 'summary': 'Un premier'}
2019-12-24 15:30:03 [scrapy] DEBUG: Scraped from <200 https://www.indeed.fr/emplois?q=Stage%20Ing%C3%A9nieur>
{'company': '',
 'crawl_url': 'https://www.indeed.fr/emplois?q=Stage%20Ing%C3%A9nieur',
 'job_title': 'Stage - Ingénieur Génie Electrique H/F basé à Mulhouse',
 'link_url': '/rc/clk?jk=7b548993836dd2c6&fccid=85e9b52080d4981d&vjs=3',
 'location': 'Mulhouse (68)',
 'salary': None,
 'summary': 'Formation : Etudiant en dernière année d’école d’ingénieur en '
            'génie électrique ou équivalent.'}
2019-12-24 15:30:03 [scrapy] DEBUG: Scraped from <200 https://www.indeed.fr/emplois?q=Stage%20Ing%C3%A9nieur>
{'company': '',
 'crawl_url': 'https://www.indeed.fr/emplois?q=Stage%20Ing%C3%A9nieur',
 'job_title': 'Stagiaire Ingénieur Essais Dynamique du Véhicule',
 'link_url': '/company/UTAC-CERAM/jobs/Stagiaire-Ing%C3%A9nieur-Essais-Dynamique-Du-V%C3%A9hicule-bb2eb15896bef774?fccid=9945afd63e78914f&vjs=3',
 'location': 'Mortefontaine (60)',
 'salary': '900 € par mois',
 'summary': 'UTAC CERAM, groupe privé et indépendant, propose des services '
            'dans tous les domaines de la mobilité terrestre : réglementation '
            'et homologation, essais et…'}
2019-12-24 15:30:03 [scrapy] DEBUG: Scraped from <200 https://www.indeed.fr/emplois?q=Stage%20Ing%C3%A9nieur>
{'company': '',
 'crawl_url': 'https://www.indeed.fr/emplois?q=Stage%20Ing%C3%A9nieur',
 'job_title': 'Stage Ingénieur Environnement - Aulnay-Sous-Bois - Février 2020',
 'link_url': '/rc/clk?jk=36e654a947269fb3&fccid=ec8a0bd60be9a6f5&vjs=3',
 'location': 'Aulnay-sous-Bois (93)',
 'salary': None,
 'summary': 'Date de début souhaitée : Février 2020.'}
2019-12-24 15:30:03 [scrapy] DEBUG: Scraped from <200 https://www.indeed.fr/emplois?q=Stage%20Ing%C3%A9nieur>
{'company': 'Genergies',
 'crawl_url': 'https://www.indeed.fr/emplois?q=Stage%20Ing%C3%A9nieur',
 'job_title': 'Stage Ingénieur conception solaire',
 'link_url': '/company/Genergies/jobs/Stage-Ing%C3%A9nieur-Conception-Solaire-3a3fc5cadd4aa6a5?fccid=8be3cd446c965bc2&vjs=3',
 'location': 'Lyon (69)',
 'salary': None,
 'summary': 'Issu(e) d’une école d’ingénieurs et spécialisé(e) en énergies '
            'électrique et/ou thermique, vous recherchez un'}
2019-12-24 15:30:03 [scrapy] DEBUG: Scraped from <200 https://www.indeed.fr/emplois?q=Stage%20Ing%C3%A9nieur>
{'company': 'FRICO SAS',
 'crawl_url': 'https://www.indeed.fr/emplois?q=Stage%20Ing%C3%A9nieur',
 'job_title': 'Stage Ingénieur Industrie',
 'link_url': '/company/FRICO-SAS/jobs/Stage-Ing%C3%A9nieur-Industrie-d3f147bcb05542f4?fccid=cf9ab5286adc1e53&vjs=3',
 'location': 'Rillieux-la-Pape (69)',
 'salary': '550 € par mois',
 'summary': 'Mots clés Matériaux, Électricité, Thermique.'}
2019-12-24 15:30:03 [scrapy] DEBUG: Scraped from <200 https://www.indeed.fr/emplois?q=Stage%20Ing%C3%A9nieur>
{'company': 'ATRIX Group',
 'crawl_url': 'https://www.indeed.fr/emplois?q=Stage%20Ing%C3%A9nieur',
 'job_title': 'ingénieur / PFE calculs mécaniques - Stage',
 'link_url': '/rc/clk?jk=d160aae778627033&fccid=bbe5b23d7c19f970&vjs=3',
 'location': 'Villeurbanne (69)',
 'salary': None,
 'summary': 'Ce'}
2019-12-24 15:30:03 [scrapy] DEBUG: Scraped from <200 https://www.indeed.fr/emplois?q=Stage%20Ing%C3%A9nieur>
{'company': '',
 'crawl_url': 'https://www.indeed.fr/emplois?q=Stage%20Ing%C3%A9nieur',
 'job_title': 'Stagiaire – Ingénieur Sécurité des Systèmes d’Information et '
              'Cybersécurité (H/F)',
 'link_url': '/rc/clk?jk=73694be17f7b535c&fccid=263be8b9afb34d7d&vjs=3',
 'location': 'Roissy-en-Brie (77)',
 'salary': '1 200 € par mois',
 'summary': 'Assurer le suivi des indicateurs du périmètre de responsabilité '
            'du stage.'}
2019-12-24 15:30:03 [scrapy] DEBUG: Scraped from <200 https://www.indeed.fr/emplois?q=Stage%20Ing%C3%A9nieur>
{'company': '',
 'crawl_url': 'https://www.indeed.fr/emplois?q=Stage%20Ing%C3%A9nieur',
 'job_title': "STAGE - Evaluation Cyber d'un Equipement Maritime (HF/VUHF) H/F",
 'link_url': '/pagead/clk?mo=r&ad=-6NYlbfkN0CXoRBnWYcwK-7vfYxCq_uRMr0khIkvgDcfpz7vELuuPVbZ4bq46eB5TexwmYn-2GY_FlPIK5LX8tF-b8b5e0_BMiO7-H4kes-JE0KYzRkHlOPRPtlldNuS-YsMiR_bONaSUnalIdfBdcOCDl1vqXa6LS5HNtJmbhc-k34zA8rgvmBsnL5FxUuttV1iG7ZLQ885wUgWq8xec-03HaQ9t2VXBFWPNvZeHmSk3CRb2jQFNaL-deh96frMRWvGZlOEndJEwOal_1Z47H7JxqXdDYJzE35t10h4jHwK4n5OwQyhF-9grEBNPvqsBMG4phZ9tsqIYsJxOIxUPR5-dWZDMW-H_8DCLKTeghd5RL2TXAKQqFUK-gU2cwciD_IpQI29Q8LZ4M4bETPIUBfv6IBg4qLfwmX0exAa1gId1AvOaT5l7N5UMmxuDeGuPPmbGOlM5j8l1oB9iK7m0gEUebnxcN4TaYHjakWbqlzPjvYT-WGP3D7Q3o4uvhpEH_V1mjou-Cg-jVCWV_oZpL_73dxsRkX6bWIJRXzzp37JF7AVFKYt9s1-SSnJjZegEdmyYq1nWmA=&p=16&fvj=0&vjs=3',
 'location': 'Ollioules (83)',
 'salary': None,
 'summary': "Vous êtes en dernière année d'Ingénierie en Informatique avec des "
            'compétences de base en Système multi architecture de type x86/64, '
            'ARM, MIPS, Développement bas…'}
2019-12-24 15:30:03 [scrapy] DEBUG: Scraped from <200 https://www.indeed.fr/emplois?q=Stage%20Ing%C3%A9nieur>
{'company': 'NOVAIR',
 'crawl_url': 'https://www.indeed.fr/emplois?q=Stage%20Ing%C3%A9nieur',
 'job_title': 'STAGIAIRE INGENIEUR MECANIQUE',
 'link_url': '/pagead/clk?mo=r&ad=-6NYlbfkN0Clf5zeY9VUcjb4WhHMUhVHFoB1VT81I-HaXQwmvhnDbWZPAXWKKV6z1T6uWNjq8YT6afHhRovGvcpiu4GBwrOTWI8VhC4oNQWEyBe5pFP1rme1ho0otQtkvwgb4WlgL2ne0_BbExVa8Zak2JMR0po6m2N7Wo5RN7sPaZp35F-hWas3FAYgWFbH5fJoLZlZxpB0viDSpCE-eFPMaqz8GQPyPBz6FZfiw7P4ocrxrk4j1CO4CIiW8OZE7NZAW2Ob4FvWD4VSXy2zIWbz78lg4KjQ4EyHyjUL1E15If5Vncpwv-HYH0SniIqMPHegknNVLLcPipGroIt-A9f5Z78IFArE23jvXixQnmLAk3T-Bvp1LOqy3IPGMq96eWKNvrp6BxZw1eIiAl0We-HTRGi_esX7rYegrcSkNK2VLrUcQu87axTJ9Q9-6q5m9LRnCdQFWyR7btYtqNdG6_uvH_26tKe8oY5OY_-_zE8=&p=17&fvj=1&vjs=3',
 'location': 'Roissy-en-France (95)',
 'salary': '700 € - 800 € par mois',
 'summary': 'Dans le cadre du fort développement que connaît actuellement '
            'notre groupe, nous consolidons notre département technique, et '
            'recrutons un'}
2019-12-24 15:30:03 [scrapy] DEBUG: Scraped from <200 https://www.indeed.fr/emplois?q=Stage%20Ing%C3%A9nieur>
{'company': 'The MOOC Agency',
 'crawl_url': 'https://www.indeed.fr/emplois?q=Stage%20Ing%C3%A9nieur',
 'job_title': 'Réalisateur / Monteur - Stage',
 'link_url': '/pagead/clk?mo=r&ad=-6NYlbfkN0C16H6Z-pw3-sva1CJ8ciHiCGs6Z6QhINEFsSVsE2lc0CblfGl2811c8iIv6Lb0dZh4r9WP1OklGoPUrDKRcWseiTzoOZ5UFK686N2Bf2d0Kb-bVlcbcWptSMAsVbQ9dIuHzcXav9ue_LEYzIqfXoIM01TFIO63IBZVV1TBDKF3-AV61c1r5Di7w5a6_O7r3mrgFhXQp-wEj910PA6d2TJPQ8-9LQofCrfOsddRfSeh_QdP-bx93wN4p9TYN_j96Oxsgwgn19H9Frr6_sIfxfjVXBoeq3ckG6EqnnxvDsTd-cUrKSMYDuyM9Nxcuu6yPJ46g5cfLFM6fGJ7w_-Mm-b-W6-Jh5ID-afnnCnQcJftOtPdMwUZBqYV3mK2kl0K3iV61LmkRrhNj0YDGylalVc7H76mcmIEbrrYz5JXTw6k5rzA3ZJ4nxFNXpW8u95Zd9-oMCNBOx4RaWf9ev0DyPe_YPatebRPCAM=&p=18&fvj=1&vjs=3',
 'location': 'Paris (75)',
 'salary': '800 € par mois',
 'summary': "Intégré dans la conception d'un projet de formation, nous "
            "recherchons quelqu'un capable de prendre de la hauteur sur ses "
            'réalisation et de travailler avec des…'}
2019-12-24 15:30:03 [scrapy] INFO: Closing spider (stop generating requests, only 2 requests allowed)
2019-12-24 15:30:03 [scrapy] INFO: Dumping Scrapy stats:
{'downloader/request_bytes': 910,
 'downloader/request_count': 3,
 'downloader/request_method_count/GET': 3,
 'downloader/response_bytes': 107826,
 'downloader/response_count': 3,
 'downloader/response_status_count/200': 2,
 'downloader/response_status_count/301': 1,
 'elapsed_time_seconds': 0.850334,
 'finish_reason': 'stop generating requests, only 2 requests allowed',
 'finish_time': datetime.datetime(2019, 12, 24, 15, 30, 3, 646294),
 'item_scraped_count': 19,
 'log_count/DEBUG': 23,
 'log_count/INFO': 7,
 'memusage/max': 138063872,
 'memusage/startup': 138063872,
 'request_depth_max': 1,
 'response_received_count': 2,
 'robotstxt/request_count': 1,
 'robotstxt/response_count': 1,
 'robotstxt/response_status_count/200': 1,
 'scheduler/dequeued': 2,
 'scheduler/dequeued/memory': 2,
 'scheduler/enqueued': 3,
 'scheduler/enqueued/memory': 3,
 'start_time': datetime.datetime(2019, 12, 24, 15, 30, 2, 795960)}
2019-12-24 15:30:03 [scrapy] INFO: Spider closed (stop generating requests, only 2 requests allowed)
