2019-12-24 15:03:59 [scrapy] DEBUG: Crawled (200) <GET https://www.indeed.fr/robots.txt> (referer: None)
2019-12-24 15:03:59 [scrapy] DEBUG: Redirecting (301) to <GET https://www.indeed.fr/emplois?q=Stage%20Ing%C3%A9nieur> from <GET https://www.indeed.fr/jobs?q=Stage%20Ing%C3%A9nieur>
2019-12-24 15:04:00 [scrapy] DEBUG: Crawled (200) <GET https://www.indeed.fr/emplois?q=Stage%20Ing%C3%A9nieur> (referer: None)
2019-12-24 15:04:00 [indeed2] DEBUG: 

 Crawling  https://www.indeed.fr/emplois?q=Stage%20Ing%C3%A9nieur

2019-12-24 15:04:00 [scrapy] DEBUG: Scraped from <200 https://www.indeed.fr/emplois?q=Stage%20Ing%C3%A9nieur>
{'company': '',
 'crawl_url': 'https://www.indeed.fr/emplois?q=Stage%20Ing%C3%A9nieur',
 'job_title': 'Ingénieur Conception Spatiale - Répéteur (Stage) H/F',
 'link_url': '/pagead/clk?mo=r&ad=-6NYlbfkN0Cr3Yr0aGG7Ayg7nJrxvCcFyx0KWUtxft_x6ihBX6Fc1X1By4mMDRjAr03GIAdh3Nh66gerFlA_9QFYbGDAKn6ngnFfmjmNAVLtjSXcledSJn4WOyy4u8cOEkhXWcI2fD63-c9S6BPALCjsV68duk6IIIPZyPex0iAMJneMb8_o-dZzU9oFjFLPAf8q_gK6fxztHM6qWE6krnEpjlfq36QTH-9vZgNrNmnKolxNeWPxwheMK3FNHWlMrh5VEDnIC4nyp6ruS3pHBCtGWmbXmGGUgzZ-TZWnn0KoimAEgexZqPGyf-XmuyJj-l7r5bz1hoqZfGF6TFl-ZrsCC18rHY99wa3bZjsf2U4HPd5ilOIF11wy9ciR71hbT0zotMMgJHzBTwV_3TD4g0m6ZNSxeZFjPXMW3g4pCGcGfyAaqeGN2RG5dywUWNQMt36gfhJvMEU7A3xI1SqFhCjxumSYeHRLlXmpoVj_C9NOw9Ckj1MjfXwxZFlGAjVgMry5tTixzNQsm29pDI3KdUVYFHatPJmYf8doARMMCJSBAK4xARhjDzfytgVlKns4NJBsK8sq7sn-IHIFif_vYKbvdcRa-bH-&p=0&fvj=0&vjs=3',
 'location': 'Toulouse (31)',
 'salary': None,
 'summary': 'Pour ce'}
2019-12-24 15:04:00 [scrapy] DEBUG: Scraped from <200 https://www.indeed.fr/emplois?q=Stage%20Ing%C3%A9nieur>
{'company': 'ANDRICE',
 'crawl_url': 'https://www.indeed.fr/emplois?q=Stage%20Ing%C3%A9nieur',
 'job_title': "Stage pré-embauche Ingénieur d'Affaires H/F",
 'link_url': '/pagead/clk?mo=r&ad=-6NYlbfkN0C-DDqE2PvtlhgrPJ1-iQblct7bO4IaZKYhVOj3MZ6KK3X7dg1F1jbO_8FLT-ndfbIb3938T8jQPs-kPMFyeCaFj4OVGIVnzEaFIz6YnOkcGCIGzsEgvzpe64SzC-FtFeBwYosWIvRylAj-nUyhS88lFctg8MCj8rgguadOJHTTf_SmF6ecIadAej35SiZGoU-3qHq_om7OO0TZsQ79QRnuGchOMVcqlcl_yHCif0EigutNJBziGzlvROWmE5rjTtedPC584PtkJc_c0aTU_qBP8MUEwKU1WeM3e0PhgZod-ixR0Wf3l-uddRCmJIOjhlQ9U9LCdrYWMCNAuv5Zg__-68Ar39BvfKfSIn4pMn5r6-eznP9vRakNolZf6k75vzm5jog6o6auL--xc-nV_SMYaeoIOg05k1ZUXsnfQ1ai9NW1mbFwxQwx5ohFjKfeYpZ9Pa6wizMlo2YAWu1DdhD9R14WvdmSl8e1JuPYVf3-6QsGbnD-dZv6MIaZgnSCnBI=&p=1&fvj=1&vjs=3',
 'location': 'Lyon (69)',
 'salary': '1 500 € par mois',
 'summary': 'des'}
2019-12-24 15:04:00 [scrapy] DEBUG: Scraped from <200 https://www.indeed.fr/emplois?q=Stage%20Ing%C3%A9nieur>
{'company': '',
 'crawl_url': 'https://www.indeed.fr/emplois?q=Stage%20Ing%C3%A9nieur',
 'job_title': 'STAGE – Ingénieur(e) En Sureté De Fonctionnement H/F',
 'link_url': '/pagead/clk?mo=r&ad=-6NYlbfkN0CXoRBnWYcwK-7vfYxCq_uRMr0khIkvgDcfpz7vELuuPVbZ4bq46eB5TexwmYn-2GYCg-jk_eVXLPixoPBZjap2larzn0r6xjmvl2fygN3WHqISq2NgRMiYeUWClMS5h60z_aCpaC-GkB5BRmPRYisIMy73PJ1n5mFamiLKgdm36JJVUDZHoAD8bURD5AIxpRL8wgLtq_ZAu6eoeA4jJEFxkdg8c0MBeZcUA4Rmy9vO_TPYWQbYcXWIsCZA_p5Zt0DdBiVQifM5lwFDX_bA3jrXbH2542MfRmtJlyR9icGPNVIShxGPw0I-4O6X8cVKkjfC0tHLOjeZJ7EsKl5IJZyB5DkxnTI3Lm1cn0MgVa5ofaFpwny1BFSy4bKn4rpJAq0hdgmOL0T5ohgADW-upD5kt4qM2t43GPd4sNWypaWURnhPXBFfaTGTUP_zRSIi6Mjczb73ED7ar4jmhxDIwCQMEAQDv3cYyKmHV-9RITrWI2feBeeb63XypjfyTk537Jw1UczrWP-hCpJ5wqzFxBZO6Z5oe_3izozmxN_Sp96p0QpaUo2yHUrdj-W6ONNqYgc=&p=2&fvj=0&vjs=3',
 'location': 'Cherbourg-Octeville (50)',
 'salary': None,
 'summary': 'Vous préparez une formation de niveau Bac + 5 dans le domaine de '
            'de la Sûreté de Fonctionnement ou de la Maîtrise des Risques et '
            'vous souhaitez valider vos…'}
2019-12-24 15:04:00 [scrapy] DEBUG: Scraped from <200 https://www.indeed.fr/emplois?q=Stage%20Ing%C3%A9nieur>
{'company': 'viavoo',
 'crawl_url': 'https://www.indeed.fr/emplois?q=Stage%20Ing%C3%A9nieur',
 'job_title': 'Stage 6 mois pour M2 ingénieur(e) linguiste TAL',
 'link_url': '/pagead/clk?mo=r&ad=-6NYlbfkN0B9F90vQ8MyyA7hqTOMwi7poWLPwzq3GxSSIkATeveMcIccnX4vpDugdc22kaHjsGg_RAk5hOJM4Vog3YP9qovwqdou1Bwa4kxfXEx_jQdIOTNybONr7-CHwXW-MjTmhDWI2eQ1xPTF5TlYIcSNy-HG7nA2crzEAIJv0J1KMR78HAcIQmPNdSN9VI-cqPSP9mN3VC3Ej5TlvbE3-wwaMk8Y_6SgqqGNSipx54BRN0Ny_EQmJpohN2plR541DNz3XA-_s42baq1u0U-WzHsynK7K0froKr6b25NCsMevIBZlqXHvc_zqA75q1g_0E9QsOiGcgRVB5TroblNNmGweZFwUBewIPSX9kCUS7ggMhdUHnuySBY7zzow1N_sRGWRkjSd0UnWVxSpQrBRYyMc_IxW-8IrOocHXRAYG0tURRkECCkV3L3ZmIgTfMl40XGon0W6yaaMUWPnsP7fHrH-Lz9c0_6xsappQuUZmne0vEpAURWFFhLvnw4LoywS_5lhOYkQ=&p=3&fvj=1&vjs=3',
 'location': 'Boulogne-Billancourt (92)',
 'salary': None,
 'summary': "Perspective d'emploi en CDI à l'issu du stage."}
2019-12-24 15:04:00 [scrapy] DEBUG: Scraped from <200 https://www.indeed.fr/emplois?q=Stage%20Ing%C3%A9nieur>
{'company': 'NextCube.IO',
 'crawl_url': 'https://www.indeed.fr/emplois?q=Stage%20Ing%C3%A9nieur',
 'job_title': 'Stage Commercial 3DExperience DASSAULT SYSTEMES',
 'link_url': '/pagead/clk?mo=r&ad=-6NYlbfkN0DMR2pl22xe_eIw-l-zN3ntnaBPrYkvYtmrmfZ6bgxFu8iLCVtGX64tnGFakifbHkQ-NwDupKEt-aQAvszpdef82OHGkvYPMCsf4QP7uOrX7JvxESiXQdklw9JWbvUcBIXsT1yAa3QCyAG-7z83JuIG99D02t5o_kz8DtRKF8k8PJRQr4q8zLL0jPJ62AJJ22ZG-hOOKfWQBkADUwi65DiM-f4fIhxGc8Ef_JPTE6_yePcN36svGqn9I-OkXUvv4DUs4-8HXvLgknaMzeLOVfVo91iIqa4n0Lv3O-aqwrLU6CDtdPTEebqdTnKjl8Dl80YeJLU8abAH-mGFw3FuSAEHgr9XfhVqj5k8ypEXZCdexOhzamYtri91pL55Hq_RoizD1kwQHRF9wk8oGr369qHl8suxGdLmXjWmQynKEO8npKiw8LeRdX4go3ARX5tKoTovZgnqbZL9Kh91PYxGiNFVfepNDwmV_bdq2DAHeReXww==&p=4&fvj=1&vjs=3',
 'location': 'Paris 17e (75)',
 'salary': '1 200 € par mois',
 'summary': "Tu es en école de commerce ou d'ingénieur généraliste et tu es à "
            "la recherche d'un"}
2019-12-24 15:04:00 [scrapy] DEBUG: Scraped from <200 https://www.indeed.fr/emplois?q=Stage%20Ing%C3%A9nieur>
{'company': 'Premium trading',
 'crawl_url': 'https://www.indeed.fr/emplois?q=Stage%20Ing%C3%A9nieur',
 'job_title': 'Gestionnaire Qualité H/F',
 'link_url': '/pagead/clk?mo=r&ad=-6NYlbfkN0DBntlQQkMFTdnRdqzoeeq8eAMWDGm62b6lATehWuDZ_IXs4nFfBLiz-FR3AbJN-AFp-BVnbVXvzzlMMjJCaLQs_Jmkt1MUV3uUcxCILVn2fAS2BtL8Q2WYZL0kcr8kr1iCa9CBryCk1rVrhsbamVrNeZFi7J046_Ug9lL0qJ_YeTxwWQGrA4ZQrHz5AGXFNeU__4RqPV4LLmD-9q2pLl85qHU803cNenkbtLimRp0DPQvgDnHKf0BYP61E6d3QiJmio_pQ3c347DsRBKb1bQFH_YPUy_h7N7gkbXfrSRj1UxnTLoPqrtYNqvczPP2r1xmV-cXx1urllL7P3lM86R5Ebodjb90FrC_k4u6Jzc2GK8XvHj8KqbwceFLwM3da1AAnBfrfyRdhws683LjsiNWkWQRiA4-VHjvKUkB-JglRA2xdaBbTvipxHz8EhRTGa3AjpJIvFGDk1Tck1LV-cj0v&p=5&fvj=1&vjs=3',
 'location': 'Évry (91)',
 'salary': None,
 'summary': 'Un'}
2019-12-24 15:04:00 [scrapy] DEBUG: Scraped from <200 https://www.indeed.fr/emplois?q=Stage%20Ing%C3%A9nieur>
{'company': '',
 'crawl_url': 'https://www.indeed.fr/emplois?q=Stage%20Ing%C3%A9nieur',
 'job_title': 'Stage - Ingénieur - Amélioration continue (F/H)',
 'link_url': '/rc/clk?jk=20988d242ab40c6d&fccid=aaec0480e2e19692&vjs=3',
 'location': 'Sainte-Julie (01)',
 'salary': '1 300 € par mois',
 'summary': 'Au sein du département Engineering et du service performance et '
            'méthodologie, vous serez chargé(e) de l’amélioration d’un sujet '
            'dans le périmètre Engineering.'}
2019-12-24 15:04:00 [scrapy] DEBUG: Scraped from <200 https://www.indeed.fr/emplois?q=Stage%20Ing%C3%A9nieur>
{'company': '',
 'crawl_url': 'https://www.indeed.fr/emplois?q=Stage%20Ing%C3%A9nieur',
 'job_title': 'Ingénieur.e chargé.e de projet climat et environnement - Stage '
              'TFE',
 'link_url': '/rc/clk?jk=a6e256bd19aaa5b2&fccid=1ec2cbc54479404c&vjs=3',
 'location': 'Paris 13e (75)',
 'salary': None,
 'summary': "La Direction de l'Ingénierie et du Patrimoine a pour mission "
            'principale la gestion et la modernisation du patrimoine bâti et '
            "industriel d'Eau de Paris."}
2019-12-24 15:04:00 [scrapy] DEBUG: Scraped from <200 https://www.indeed.fr/emplois?q=Stage%20Ing%C3%A9nieur>
{'company': '',
 'crawl_url': 'https://www.indeed.fr/emplois?q=Stage%20Ing%C3%A9nieur',
 'job_title': 'Stage - Ingénieur (e) R&D - Matériaux recyclés',
 'link_url': '/rc/clk?jk=eae2e30e76a497b5&fccid=aaec0480e2e19692&vjs=3',
 'location': 'Sainte-Julie (01)',
 'salary': '1 300 € par mois',
 'summary': 'Au sein des équipes expertises matières, vous serez chargé (e) '
            'd’é valuer les propriétés mécaniques et physico-chimiques des '
            'nouvelles matières recyclées pour…'}
2019-12-24 15:04:00 [scrapy] DEBUG: Scraped from <200 https://www.indeed.fr/emplois?q=Stage%20Ing%C3%A9nieur>
{'company': 'NOBATEK/INEF4',
 'crawl_url': 'https://www.indeed.fr/emplois?q=Stage%20Ing%C3%A9nieur',
 'job_title': 'Stage Ingénieur Monitoring de bâtiments et de systèmes (H/F)',
 'link_url': '/rc/clk?cmp=NOBATEK%2FINEF4&ti=Stage+Ing%C3%A9nieur+Monitoring+B%C3%A2timents+Syst%C3%A8mes&jk=2120fbdf7c008913&fccid=9921ba0aaa278119&vjs=3',
 'location': 'Anglet (64)',
 'salary': '600 € par mois',
 'summary': 'Le'}
2019-12-24 15:04:00 [scrapy] DEBUG: Scraped from <200 https://www.indeed.fr/emplois?q=Stage%20Ing%C3%A9nieur>
{'company': 'AKEOPLUS',
 'crawl_url': 'https://www.indeed.fr/emplois?q=Stage%20Ing%C3%A9nieur',
 'job_title': 'Stage Ingénieur en électronique carte embarquée',
 'link_url': '/company/Akeoplus/jobs/Stage-Ing%C3%A9nieur-%C3%89lectronique-Carte-Embarqu%C3%A9e-eff94f64ce786023?fccid=4da81b229be3c783&vjs=3',
 'location': 'Lyon (69)',
 'salary': None,
 'summary': 'Les développements réalisés dans le cadre du'}
2019-12-24 15:04:00 [scrapy] DEBUG: Scraped from <200 https://www.indeed.fr/emplois?q=Stage%20Ing%C3%A9nieur>
{'company': '',
 'crawl_url': 'https://www.indeed.fr/emplois?q=Stage%20Ing%C3%A9nieur',
 'job_title': 'Stage Ingénieur Energies (H/F)',
 'link_url': '/rc/clk?jk=791c85100ae5440c&fccid=e7a5d6a11b9a18ee&vjs=3',
 'location': 'Obernai (67)',
 'salary': '1 300 € par mois',
 'summary': 'Durée du'}
2019-12-24 15:04:00 [scrapy] DEBUG: Scraped from <200 https://www.indeed.fr/emplois?q=Stage%20Ing%C3%A9nieur>
{'company': '',
 'crawl_url': 'https://www.indeed.fr/emplois?q=Stage%20Ing%C3%A9nieur',
 'job_title': 'Stage Ingénieur Energies (H/F)',
 'link_url': '/rc/clk?jk=46d1e0d4272e65f7&fccid=13cacffbee5ea4e5&vjs=3',
 'location': 'Obernai (67)',
 'salary': '1 300 € par mois',
 'summary': 'Durée du'}
2019-12-24 15:04:00 [scrapy] DEBUG: Scraped from <200 https://www.indeed.fr/emplois?q=Stage%20Ing%C3%A9nieur>
{'company': '',
 'crawl_url': 'https://www.indeed.fr/emplois?q=Stage%20Ing%C3%A9nieur',
 'job_title': 'Ingénieur-e génie civil - Stage TFE',
 'link_url': '/rc/clk?jk=3aacd066be4123ae&fccid=1ec2cbc54479404c&vjs=3',
 'location': 'Paris 13e (75)',
 'salary': None,
 'summary': 'Vos connaissances en marchés publics et de la loi MOP seront '
            'apprécies dans le cadre de votre'}
2019-12-24 15:04:00 [scrapy] DEBUG: Scraped from <200 https://www.indeed.fr/emplois?q=Stage%20Ing%C3%A9nieur>
{'company': '',
 'crawl_url': 'https://www.indeed.fr/emplois?q=Stage%20Ing%C3%A9nieur',
 'job_title': 'Stage - Sainte-Julie - Ingénieur R&I - Traitement de signal '
              'capteur capacitif (F/H)',
 'link_url': '/rc/clk?jk=9da6ded67e9f3989&fccid=aaec0480e2e19692&vjs=3',
 'location': 'Sainte-Julie (01)',
 'salary': '1 300 € par mois',
 'summary': 'Étudiant (e) niveau master 2 ou école d’ingénieur généraliste.'}
2019-12-24 15:04:00 [scrapy] DEBUG: Scraped from <200 https://www.indeed.fr/emplois?q=Stage%20Ing%C3%A9nieur>
{'company': 'Bureau Alpes Contrôles',
 'crawl_url': 'https://www.indeed.fr/emplois?q=Stage%20Ing%C3%A9nieur',
 'job_title': 'Stage Ingénieur.e Contrôle Technique Construction',
 'link_url': '/rc/clk?jk=be25709bb784ba3e&fccid=6bf1b8e086d72484&vjs=3',
 'location': 'Thonon-les-Bains (74)',
 'salary': None,
 'summary': 'Nous souhaitons faire découvrir à des étudiant.e.s de dernière '
            'année en Génie Civil le métier du contrôle technique construction '
            'et ouvrons une offre de stage…'}
2019-12-24 15:04:00 [scrapy] DEBUG: Scraped from <200 https://www.indeed.fr/emplois?q=Stage%20Ing%C3%A9nieur>
{'company': 'NOVAIR',
 'crawl_url': 'https://www.indeed.fr/emplois?q=Stage%20Ing%C3%A9nieur',
 'job_title': 'STAGIAIRE INGENIEUR MECANIQUE',
 'link_url': '/pagead/clk?mo=r&ad=-6NYlbfkN0Clf5zeY9VUcjb4WhHMUhVHFoB1VT81I-HaXQwmvhnDbWZPAXWKKV6z1T6uWNjq8YT6afHhRovGvcpiu4GBwrOTWI8VhC4oNQWEyBe5pFP1rme1ho0otQtkvwgb4WlgL2ne0_BbExVa8Zak2JMR0po6m2N7Wo5RN7sPaZp35F-hWdVIDYWDj2otuT6-kFVjiLEl7hAmpCaC5zaSDMi61TQO0WLm6RcVxL4Z6gx-EXQe8nCWXfea4cRtsiZHvw7ETUJBUdut1lgDxgUhenV2mWGIZxpsspSZzsoKvidtNMusE4OnlJKfNwuxOAK8HLsm2B8dTZknnXaOHQWSu3RMDbfDyAYFAnHL5Nwer9kPBcQYEzRHXeVu-p7t5q0SGBc_5ptSg9oievLo-qxZz7mCi560S9CaKgS9BecBB_b4a6ibHXDgcUyvB2uNamWgw_hobcRvRrIUwX7jTVea9SIF1fNMxCp68o8E4jo=&p=16&fvj=1&vjs=3',
 'location': 'Roissy-en-France (95)',
 'salary': '700 € - 800 € par mois',
 'summary': 'Dans le cadre du fort développement que connaît actuellement '
            'notre groupe, nous consolidons notre département technique, et '
            'recrutons un'}
2019-12-24 15:04:00 [scrapy] DEBUG: Scraped from <200 https://www.indeed.fr/emplois?q=Stage%20Ing%C3%A9nieur>
{'company': '',
 'crawl_url': 'https://www.indeed.fr/emplois?q=Stage%20Ing%C3%A9nieur',
 'job_title': 'STAGE - Ingénieur(e) Méthodes de Production H/F',
 'link_url': '/pagead/clk?mo=r&ad=-6NYlbfkN0CXoRBnWYcwK-7vfYxCq_uRMr0khIkvgDcfpz7vELuuPVbZ4bq46eB5TexwmYn-2GZ5tWiQvw-sBSkFVrWWk3xofzfklz-ZMqnkfuj65yS33C4t7e1wbe2n42DR2-_ey4ZCjVj4-gJiO8kDULyua6JsYDvYc9eGWaxQki8RvjH_4Ag4MbvbjKZkCWz4HDkO2zk6YxDHrSs75JUN2b9Cln_OE8yYMHFoF7zUnSHoj9cYO4eqUu7FI3dKYmMbi_-uU9GJkq-nmDIBkKprRHsfNNn_pLRY_jNiRVvV2Qn4ogbx19nLr0RC1A8MsEuTW_CfOYslursnfyFPEaNI2sBn1yGibq_-3w2eFy5Qege_O8-J2S1EgPBXZGDucTfK4tno1UY7PKPE1ykGN13Cv-k_7MQ-QbN-go9RQr6IIs4i_t07_s56pGpySc7uGaIp7fMEqzOFn3f2SK6QLzXChRXdIhXOXmqwlpJbA1Q1jAlK3xZUZ5K20rq5qr8OzSGN9LMlN4CQelL-OPIFbQ3R9pYgfylJtNUQeiW1wauOs8BpADN4Uh9R-DLugmpph_xP-b0i37Q=&p=17&fvj=0&vjs=3',
 'location': 'Toulon (83)',
 'salary': None,
 'summary': "Vous êtes en formation Bac +5 en école d'ingénieur ou Master 2 et "
            'vous recherchez un'}
2019-12-24 15:04:00 [scrapy] INFO: Closing spider (stop generating requests, only 2 requests allowed)
2019-12-24 15:04:00 [scrapy] INFO: Dumping Scrapy stats:
{'downloader/request_bytes': 910,
 'downloader/request_count': 3,
 'downloader/request_method_count/GET': 3,
 'downloader/response_bytes': 96034,
 'downloader/response_count': 3,
 'downloader/response_status_count/200': 2,
 'downloader/response_status_count/301': 1,
 'elapsed_time_seconds': 0.897554,
 'finish_reason': 'stop generating requests, only 2 requests allowed',
 'finish_time': datetime.datetime(2019, 12, 24, 15, 4, 0, 412615),
 'item_scraped_count': 18,
 'log_count/DEBUG': 22,
 'log_count/INFO': 7,
 'memusage/max': 137969664,
 'memusage/startup': 137969664,
 'request_depth_max': 1,
 'response_received_count': 2,
 'robotstxt/request_count': 1,
 'robotstxt/response_count': 1,
 'robotstxt/response_status_count/200': 1,
 'scheduler/dequeued': 2,
 'scheduler/dequeued/memory': 2,
 'scheduler/enqueued': 3,
 'scheduler/enqueued/memory': 3,
 'start_time': datetime.datetime(2019, 12, 24, 15, 3, 59, 515061)}
2019-12-24 15:04:00 [scrapy] INFO: Spider closed (stop generating requests, only 2 requests allowed)
