2019-12-24 00:58:41 [scrapy] DEBUG: Retrying <GET https://indeed.fr/> (failed 1 times): [<twisted.python.failure.Failure twisted.internet.error.ConnectionLost: Connection to the other side was lost in a non-clean fashion: Connection lost.>]
2019-12-24 00:58:53 [scrapy] DEBUG: Retrying <GET https://indeed.fr/> (failed 2 times): [<twisted.python.failure.Failure twisted.internet.error.ConnectionLost: Connection to the other side was lost in a non-clean fashion: Connection lost.>]
2019-12-24 00:59:05 [scrapy] DEBUG: Gave up retrying <GET https://indeed.fr/> (failed 3 times): [<twisted.python.failure.Failure twisted.internet.error.ConnectionLost: Connection to the other side was lost in a non-clean fashion: Connection lost.>]
2019-12-24 00:59:05 [scrapy] ERROR: Error downloading <GET https://indeed.fr/>
Traceback (most recent call last):
  File "/usr/local/lib/python3.6/dist-packages/scrapy/core/downloader/middleware.py", line 44, in process_request
    defer.returnValue((yield download_func(request=request, spider=spider)))
twisted.web._newclient.ResponseNeverReceived: [<twisted.python.failure.Failure twisted.internet.error.ConnectionLost: Connection to the other side was lost in a non-clean fashion: Connection lost.>]
2019-12-24 00:59:06 [scrapy] INFO: Closing spider (finished)
2019-12-24 00:59:06 [scrapy] INFO: Dumping Scrapy stats:
{'downloader/exception_count': 3,
 'downloader/exception_type_count/twisted.web._newclient.ResponseNeverReceived': 3,
 'downloader/request_bytes': 624,
 'downloader/request_count': 3,
 'downloader/request_method_count/GET': 3,
 'elapsed_time_seconds': 37.823738,
 'finish_reason': 'finished',
 'finish_time': datetime.datetime(2019, 12, 23, 23, 59, 6, 540112),
 'log_count/DEBUG': 3,
 'log_count/ERROR': 1,
 'log_count/INFO': 7,
 'memusage/max': 60059648,
 'memusage/startup': 60059648,
 'retry/count': 2,
 'retry/max_reached': 1,
 'retry/reason_count/twisted.web._newclient.ResponseNeverReceived': 2,
 'scheduler/dequeued': 3,
 'scheduler/dequeued/memory': 3,
 'scheduler/enqueued': 3,
 'scheduler/enqueued/memory': 3,
 'start_time': datetime.datetime(2019, 12, 23, 23, 58, 28, 716374)}
2019-12-24 00:59:06 [scrapy] INFO: Spider closed (finished)
