2019-12-24 15:29:51 [scrapy] DEBUG: Crawled (200) <GET https://www.indeed.fr/robots.txt> (referer: None)
2019-12-24 15:29:52 [scrapy] DEBUG: Redirecting (301) to <GET https://www.indeed.fr/emplois?q=Stage%20Ing%C3%A9nieur> from <GET https://www.indeed.fr/jobs?q=Stage%20Ing%C3%A9nieur>
2019-12-24 15:29:52 [scrapy] DEBUG: Crawled (200) <GET https://www.indeed.fr/emplois?q=Stage%20Ing%C3%A9nieur> (referer: None)
2019-12-24 15:29:52 [indeed2] DEBUG: 

 Crawling  https://www.indeed.fr/emplois?q=Stage%20Ing%C3%A9nieur

2019-12-24 15:29:52 [scrapy] DEBUG: Scraped from <200 https://www.indeed.fr/emplois?q=Stage%20Ing%C3%A9nieur>
{'company': '',
 'crawl_url': 'https://www.indeed.fr/emplois?q=Stage%20Ing%C3%A9nieur',
 'job_title': 'Ingénieur Conception Spatiale - Répéteur (Stage) H/F',
 'link_url': '/pagead/clk?mo=r&ad=-6NYlbfkN0Cr3Yr0aGG7Ayg7nJrxvCcFyx0KWUtxft_x6ihBX6Fc1X1By4mMDRjAr03GIAdh3Nh66gerFlA_9QFYbGDAKn6ngnFfmjmNAVLtjSXcledSJn4WOyy4u8cOEkhXWcI2fD63-c9S6BPALCjsV68duk6Im8zslswZqiS1JcOtAQjzjkQbeBX8mOfW8tUew3V8QzHRR2dKbw_abSzXsNQkMOOi4gOr17XUxlb2Mekem_dd_bTSsLvL3BlWurosU7L5a_36rDqn5m9_GV_exwV52eSYb-56USsng5FJBroHzTeF0cc8gI-pkmKSKY60n2rQN8C8wyPzkxWb-0L5fVyR7cBeCMhB6ZMvHSN0f9tARd3hhIEWP-mqmIXMhh5j5Lu9iGPqL9utukoAXnizbDkalf6-4JFW03CzIJsp68z4scqnHfjxeRht1uRw2nf5_lZc9JfDdJaZSxOw1PgHlc9pB4J7xK2JMWp0TDWo-J1A9bgEDRz8g8VSNnp43ScH52Ftc4md6McUFtMsC1DT9d3OZ1PNTzv36Fya3Vc3Q2DYgVXn1AHl3KihNzHEvfrVyO6xaQR-uiY9yrNCitypOzSQTf43&p=0&fvj=0&vjs=3',
 'location': 'Toulouse (31)',
 'salary': None,
 'summary': 'Pour ce'}
2019-12-24 15:29:52 [scrapy] DEBUG: Scraped from <200 https://www.indeed.fr/emplois?q=Stage%20Ing%C3%A9nieur>
{'company': 'ANDRICE',
 'crawl_url': 'https://www.indeed.fr/emplois?q=Stage%20Ing%C3%A9nieur',
 'job_title': "Stage pré-embauche Ingénieur d'Affaires H/F",
 'link_url': '/pagead/clk?mo=r&ad=-6NYlbfkN0C-DDqE2PvtlhgrPJ1-iQblct7bO4IaZKYhVOj3MZ6KK3X7dg1F1jbO_8FLT-ndfbIb3938T8jQPs-kPMFyeCaFj4OVGIVnzEaFIz6YnOkcGCIGzsEgvzpe64SzC-FtFeBwYosWIvRylAj-nUyhS88lFctg8MCj8rgguadOJHTTf8SnsjHRIbtr-Kehskl33yRJCIIe0wCClo-uwC4MwWFpnXjpWi6ixf9-_0oY4nRq23Fx6BYoKxnkrTKoJ5dw6Ku1Nd0t85CXkyx_eXJPoev86gYZ6MM4Zqw-SLZIrOzXEEIfgdqlpGzV9sFhySlIyuKHMA_Iq4EZzpV4LOWC52uPHOKKYC_x90FXdKTD4ImY4GZ3iAC8OgRXednXJot77M6uTmeWgYweCNb9S6u8L0FOhJ8RbRr9wVovC1qjsT63R3ZACImwLYokRqSXDnUSGmuBHKy9e0SJHdgz0ckMBh9katI07u-w2tPy6zCAfpQpUe01hoZgeJ6qr8goNX2b4Zo=&p=1&fvj=1&vjs=3',
 'location': 'Lyon (69)',
 'salary': '1 500 € par mois',
 'summary': 'des'}
2019-12-24 15:29:52 [scrapy] DEBUG: Scraped from <200 https://www.indeed.fr/emplois?q=Stage%20Ing%C3%A9nieur>
{'company': 'Dans Ma Culotte',
 'crawl_url': 'https://www.indeed.fr/emplois?q=Stage%20Ing%C3%A9nieur',
 'job_title': 'Stage Business Developer',
 'link_url': '/pagead/clk?mo=r&ad=-6NYlbfkN0Ckd-V7BEG_eFs1zI59Xwq9-MLfZtbAeWc4UMY4UYEZW6vUTEUhKmyAEB29pRFVSJ0H981PDW-56QO_toI_GC861S_CNQBeSzndtJEsdjytTTiVoM3qx2jwfXfJA0iu-GE8FK4kuubF0ikx_8ImWVBveD-J07w75TaFa6zlp-iZMlMFFXKiGW82XR44lB9pDY1pOwYVhWWQE8zxbI-SG-HEcrUx3Pkg3GlDbwd8CiYaYpcVHSmcS0_g_Qzej3H-3QHtSAEYuv-E8Tsx2IuIEFo5qAhdxasSYoEDh0HO1pns201eBuC6AnDHg_PUeeUVs2GIwgMUNwgqYNIIdCi7E1wOMYR3U-PY9w9GRTDslX2iZzR4KmzYzTfhVGYgbqA6Gnw-qSZyMeTJCXSPmuFBk6YgDCm_QLRSufzRtiP2n5wfrX9Q-9eoHBZD0ORvoOBHSUMixDovS8WBOg==&p=2&fvj=1&vjs=3',
 'location': 'Caen (14)',
 'salary': None,
 'summary': 'Nous recherchons une personne en'}
2019-12-24 15:29:52 [scrapy] DEBUG: Scraped from <200 https://www.indeed.fr/emplois?q=Stage%20Ing%C3%A9nieur>
{'company': '',
 'crawl_url': 'https://www.indeed.fr/emplois?q=Stage%20Ing%C3%A9nieur',
 'job_title': 'STAGE : INGÉNIEUR ETUDES & DÉVELOPPEMENT DATA, SECTEUR CRM '
              'MARKETING (H/F)',
 'link_url': '/pagead/clk?mo=r&ad=-6NYlbfkN0BIy01HPXGWPTnaqLOCiyq2HmKf-PiNOn0ZgGJ0C8fr24wtXGA7HjcnwVyNo-KN5IO49f_kSBcsn8X37w0o1Z3eSbW4ALb6W50L8XweULk27e5OcYYypgNJUhQSqAwOhXgpQuzV0De1byuOy6X81AUUSzIfnQbAHSPkCZdMD9n349cJJBKK9fF8HoZbFOr3TwOuQYOhJ6JBWlhEVIDC4EfPd55wUX4-1_VYSeVho6xnwLJnDLn_UPu87e1eyidtRbixknxjOL7X8MjXSqfmSIDPuj1RcwcfZz-97lcnALTuZTshpEysEsCzYgSQH1RK_xQKjGekGdhMT99uxdK2prJEVlU2NlP6qUgWr72uVizj0KAuZNuzGPdhoQ2KWABLtT9tHaJlf0bMasPh0CILceRAnCbaI1efMnTi7osaU-dvZCXlfCxntElU-2cy6b98JWmkccsxTNUZfmnrg4KVlR5c4V52SEzcpZNm9X-Gw7a20YOsHQy50yC0UKRyPQnbY3CUHndrYAsMAH-jpTBeKLJ7fYg8vjJbD3asHn6AuHcarb2pGXAo5dOXdUUR2W3P8LK4yHsB5HlvQfvwzjWW18FRMdrRCzSz7G5jM6abFd8QxVI6j4xMETGjRIt8sE4BCi_prGfJQqlK787MtBsrQ8us72tk0LKTTOyf_9ZabUNHdaVqVJY-OjhHxe31Tw9hNXiWF-CmuaBdoqu5LbBvOSTYe1qF68GimR6Sm9qIelhV4Ejk0Wno77g3kWkVUwflah-H_ADEXNPtjw==&p=3&fvj=0&vjs=3',
 'location': 'Paris (75)',
 'salary': '1 300 € par mois',
 'summary': 'Une indemnité mensuelle brute de'}
2019-12-24 15:29:52 [scrapy] DEBUG: Scraped from <200 https://www.indeed.fr/emplois?q=Stage%20Ing%C3%A9nieur>
{'company': '',
 'crawl_url': 'https://www.indeed.fr/emplois?q=Stage%20Ing%C3%A9nieur',
 'job_title': 'Stage - Gestion de Projet',
 'link_url': '/pagead/clk?mo=r&ad=-6NYlbfkN0DUjsMK9fW4lUZDhdU0GCFdcQRZT2l80oLoZBtkz-rHcKIKLJwhhVBsVqLBGayMLLiSWvGk4v_YAQ0WWbu08IvIV30QDygE9jdhXHpGjFMUQ_bsBFBFPTYCrS7IKaXVaI4hNZbGpW6mUHALNE_6ywaxi55upKhtO1G6KMvQTtVFW5CahSGeaAWWGOZugsqa-_kmunpOIMhwVVe9JTkimCyrB59TObsMc8LiHmkZdzejqfqSolS-P2S06BsDLVqmPJJ08t5660xWDV-QRxcu4vDyFLlxAEPsDLnILOai_NFPu0FxCAjwai9KzE0w9GkCxmfHSMk0pwU6TKKRZYmM_HbA5sNW8yiYU6z26akLR0KZNV6Oyywp76wxu8d3U9ulLaj9CNKS002a4TP3_cx1w8U1ZxzIP_jWp1Q-OKEAMDMyroy1tuRazSsLGNKgaKTqc5Sr76RLYg58PtxnmVuHfbP3tfY1HZHlFNlMWI3qwgmT-aPkalZn2eSrSMpchW0t3vPm8Z0kEmfmbepaPCuAkvBjjo9HrH6ms3jx3tk2XuV2jXFt92Euu8gwTjw2Iz-Z1vI717KJJCRqVDtiAhItbdOwXc4yVArZFUjG5T-n2x_lAQ==&p=4&fvj=0&vjs=3',
 'location': "Provence-Alpes-Côte d'Azur",
 'salary': None,
 'summary': 'Ingénieur débutant, en dernière année, vous recherchez un'}
2019-12-24 15:29:52 [scrapy] DEBUG: Scraped from <200 https://www.indeed.fr/emplois?q=Stage%20Ing%C3%A9nieur>
{'company': '',
 'crawl_url': 'https://www.indeed.fr/emplois?q=Stage%20Ing%C3%A9nieur',
 'job_title': 'Ingénieur-Stagiaire PFE 2020 H/F',
 'link_url': '/pagead/clk?mo=r&ad=-6NYlbfkN0CQovdWAfi1l8JcHsmVwRo8JAGEDGJB0ypJRr7sC0Og4fR7tz9eWD_yzE_KfYSND5ehCL1Ij5AVB0-dUdIjkPykDBLnlx8o6wZEql4lYubyyrtl1Bwno74FwwFVmMPDENlKGXl3Pzh9zfEgEe-PMMMS3NMWPEIc4MZIb-xkAwyXqjmcesK-zcMDvVVwdvuNmDAGHzsyZ8TzaaGX8MgW5fUK6N-JoFD-JLe5Jm-_Rwg9fZ_reT8HvCsh6ho7UEVGLfdvBDopzyFWxd4IwQk1e4cBhm4uPA_qDwErkF7Mh54D_6AbjR-ua79x5gPEy0jWdt6PhU88ytYlTAmapfhHegdiFRboZgKCIX8_SJuI1i42tPJJ0AIvw4MTNomhxcTZ2TXRTxs8SpGQwk31y2GbHsXP94atJ3wB1qldTTtdIYN4bCMpOPJ5BCcaBAXhNBg46qV2dPF5kp69G1MUR-j3rz9bcgRSdbT2Jj5Q-ETu3UW-Al_pmRRX4UkHhDczpI3psUyN8UqQGPGcbQ==&p=5&fvj=0&vjs=3',
 'location': 'Lyon (69)',
 'salary': None,
 'summary': 'Vivre votre'}
2019-12-24 15:29:52 [scrapy] DEBUG: Scraped from <200 https://www.indeed.fr/emplois?q=Stage%20Ing%C3%A9nieur>
{'company': '',
 'crawl_url': 'https://www.indeed.fr/emplois?q=Stage%20Ing%C3%A9nieur',
 'job_title': 'Stage - Ingénieur - Amélioration continue (F/H)',
 'link_url': '/rc/clk?jk=20988d242ab40c6d&fccid=aaec0480e2e19692&vjs=3',
 'location': 'Sainte-Julie (01)',
 'salary': '1 300 € par mois',
 'summary': 'Au sein du département Engineering et du service performance et '
            'méthodologie, vous serez chargé(e) de l’amélioration d’un sujet '
            'dans le périmètre Engineering.'}
2019-12-24 15:29:52 [scrapy] DEBUG: Scraped from <200 https://www.indeed.fr/emplois?q=Stage%20Ing%C3%A9nieur>
{'company': '',
 'crawl_url': 'https://www.indeed.fr/emplois?q=Stage%20Ing%C3%A9nieur',
 'job_title': 'Stage - Ingénieur (e) R&D - Matériaux recyclés',
 'link_url': '/rc/clk?jk=eae2e30e76a497b5&fccid=aaec0480e2e19692&vjs=3',
 'location': 'Sainte-Julie (01)',
 'salary': '1 300 € par mois',
 'summary': 'Au sein des équipes expertises matières, vous serez chargé (e) '
            'd’é valuer les propriétés mécaniques et physico-chimiques des '
            'nouvelles matières recyclées pour…'}
2019-12-24 15:29:52 [scrapy] DEBUG: Scraped from <200 https://www.indeed.fr/emplois?q=Stage%20Ing%C3%A9nieur>
{'company': 'NOBATEK/INEF4',
 'crawl_url': 'https://www.indeed.fr/emplois?q=Stage%20Ing%C3%A9nieur',
 'job_title': 'Stage Ingénieur Monitoring de bâtiments et de systèmes (H/F)',
 'link_url': '/rc/clk?cmp=NOBATEK%2FINEF4&ti=Stage+Ing%C3%A9nieur+Monitoring+B%C3%A2timents+Syst%C3%A8mes&jk=2120fbdf7c008913&fccid=9921ba0aaa278119&vjs=3',
 'location': 'Anglet (64)',
 'salary': '600 € par mois',
 'summary': 'Le'}
2019-12-24 15:29:52 [scrapy] DEBUG: Scraped from <200 https://www.indeed.fr/emplois?q=Stage%20Ing%C3%A9nieur>
{'company': '',
 'crawl_url': 'https://www.indeed.fr/emplois?q=Stage%20Ing%C3%A9nieur',
 'job_title': 'Stage Ingénieur Energies (H/F)',
 'link_url': '/rc/clk?jk=791c85100ae5440c&fccid=e7a5d6a11b9a18ee&vjs=3',
 'location': 'Obernai (67)',
 'salary': '1 300 € par mois',
 'summary': 'Durée du'}
2019-12-24 15:29:52 [scrapy] DEBUG: Scraped from <200 https://www.indeed.fr/emplois?q=Stage%20Ing%C3%A9nieur>
{'company': '',
 'crawl_url': 'https://www.indeed.fr/emplois?q=Stage%20Ing%C3%A9nieur',
 'job_title': 'Stage Ingénieur Energies (H/F)',
 'link_url': '/rc/clk?jk=46d1e0d4272e65f7&fccid=13cacffbee5ea4e5&vjs=3',
 'location': 'Obernai (67)',
 'salary': '1 300 € par mois',
 'summary': 'Durée du'}
2019-12-24 15:29:52 [scrapy] DEBUG: Scraped from <200 https://www.indeed.fr/emplois?q=Stage%20Ing%C3%A9nieur>
{'company': '',
 'crawl_url': 'https://www.indeed.fr/emplois?q=Stage%20Ing%C3%A9nieur',
 'job_title': 'Ingénieur.e chargé.e de projet climat et environnement - Stage '
              'TFE',
 'link_url': '/rc/clk?jk=a6e256bd19aaa5b2&fccid=1ec2cbc54479404c&vjs=3',
 'location': 'Paris 13e (75)',
 'salary': None,
 'summary': "La Direction de l'Ingénierie et du Patrimoine a pour mission "
            'principale la gestion et la modernisation du patrimoine bâti et '
            "industriel d'Eau de Paris."}
2019-12-24 15:29:52 [scrapy] DEBUG: Scraped from <200 https://www.indeed.fr/emplois?q=Stage%20Ing%C3%A9nieur>
{'company': 'AKEOPLUS',
 'crawl_url': 'https://www.indeed.fr/emplois?q=Stage%20Ing%C3%A9nieur',
 'job_title': 'Stage Ingénieur en électronique carte embarquée',
 'link_url': '/company/Akeoplus/jobs/Stage-Ing%C3%A9nieur-%C3%89lectronique-Carte-Embarqu%C3%A9e-eff94f64ce786023?fccid=4da81b229be3c783&vjs=3',
 'location': 'Lyon (69)',
 'salary': None,
 'summary': 'Les développements réalisés dans le cadre du'}
2019-12-24 15:29:52 [scrapy] DEBUG: Scraped from <200 https://www.indeed.fr/emplois?q=Stage%20Ing%C3%A9nieur>
{'company': '',
 'crawl_url': 'https://www.indeed.fr/emplois?q=Stage%20Ing%C3%A9nieur',
 'job_title': 'Stage - Sainte-Julie - Ingénieur R&I - Traitement de signal '
              'capteur capacitif (F/H)',
 'link_url': '/rc/clk?jk=9da6ded67e9f3989&fccid=aaec0480e2e19692&vjs=3',
 'location': 'Sainte-Julie (01)',
 'salary': '1 300 € par mois',
 'summary': 'Étudiant (e) niveau master 2 ou école d’ingénieur généraliste.'}
2019-12-24 15:29:52 [scrapy] DEBUG: Scraped from <200 https://www.indeed.fr/emplois?q=Stage%20Ing%C3%A9nieur>
{'company': '',
 'crawl_url': 'https://www.indeed.fr/emplois?q=Stage%20Ing%C3%A9nieur',
 'job_title': 'Stage - Ingénieur Amélioration Continue H/F',
 'link_url': '/rc/clk?jk=bc8b4ec90f44b0ba&fccid=de640f613b6c0608&vjs=3',
 'location': 'Pantin (93)',
 'salary': None,
 'summary': 'Etudiant(e) bac+4 / +5, Cursus'}
2019-12-24 15:29:52 [scrapy] DEBUG: Scraped from <200 https://www.indeed.fr/emplois?q=Stage%20Ing%C3%A9nieur>
{'company': '',
 'crawl_url': 'https://www.indeed.fr/emplois?q=Stage%20Ing%C3%A9nieur',
 'job_title': 'Stage Ingénieur Lean Management / Génie Industriel (H/F)',
 'link_url': '/rc/clk?jk=91ea5a24294be5d4&fccid=4e7133362cacd70d&vjs=3',
 'location': 'Belley (01)',
 'salary': None,
 'summary': 'Sous la responsabilité de notre'}
2019-12-24 15:29:52 [scrapy] DEBUG: Scraped from <200 https://www.indeed.fr/emplois?q=Stage%20Ing%C3%A9nieur>
{'company': 'RVR, Retail VR',
 'crawl_url': 'https://www.indeed.fr/emplois?q=Stage%20Ing%C3%A9nieur',
 'job_title': 'Stage Ingénieur 3D Réalité Virtuelle',
 'link_url': '/pagead/clk?mo=r&ad=-6NYlbfkN0C76Ka-SuMNyNviBy4cm6kjEjE_Dvg66I5biQQGQozpqngL5B0mpwznGlyYGZfVyJtD-49SClhnuwz0PdrHqmhFC43NNYbIXcgqxkvpmKUZQqsnRBYrI-Z_XMPxRg7pdH5nwrTfVmPRdjLtGEKMdrtEWLonY6Xlvg5cRs1eGcNF2tL7c86G8C5NQbvag_VIznK6h048SMITvBvhL9xp1_1451I6FT3WPMKbMP-anD3NdeFhQpihT_xmEwy7pV9fIl_MssZXGSlJvHhXd-T6Xl2EX7xGqpzuyfzyLV4SXAY1DcrZit4gjzxscBXXzrKma7V6ldiz6ZTcsmmuX8KKDOh_nXcRT-va02OERguMYq5lRgvOwjMmuIZuOBLWXAzxIXkRQ4fphS0nt71cf5dcaIB1NxihNP0O53WCHKtXYgqd8y4rtbvULPqblkLS1nmwaITWArB_U3ULjw==&p=16&fvj=1&vjs=3',
 'location': 'Nantes (44)',
 'salary': '600 € par mois',
 'summary': 'Dans le cadre de notre développement nous recherchons un '
            'stagiaire'}
2019-12-24 15:29:52 [scrapy] DEBUG: Scraped from <200 https://www.indeed.fr/emplois?q=Stage%20Ing%C3%A9nieur>
{'company': '',
 'crawl_url': 'https://www.indeed.fr/emplois?q=Stage%20Ing%C3%A9nieur',
 'job_title': "STAGE - Ingénieur(e) Gestion de Projet de Création d' Outil H/F",
 'link_url': '/pagead/clk?mo=r&ad=-6NYlbfkN0CXoRBnWYcwK-7vfYxCq_uRMr0khIkvgDcfpz7vELuuPVbZ4bq46eB5TexwmYn-2GY7FfaBV3jOPCYQzO8RlAd75LrsuaIrgT2Y4O11ZYfROSTKL-S39HjpXEuH6nYgvAafaVZdSQdDcjOV7M0bazTQ7dJaT__IwLGmjFQ79hKQ6N_6RFGCLjT0dTFr-e5TbpDAONt3P7W54b9A3MIHp6vgr0iV7RfGBsUbV3o4YmwpMhN42ueo-xojKPPJZz-Gz3rdMOzZOqgDH8Kb6tlbgaLeHWU-jcCB-6sXXJj9tgrWpAPERyEft6G8hXWBIsLDbPVF2qVR7PadD4UskoTaYB7NbXYECRHYz7s3r_zOo-VImqaT217hY_7hjTB2aIMiDOMoy8EoQDrXTTAWx_UXymJbuiqNht4gNoiu7DfJqKPkSornIcFNY8fP-45qOaOa7zAMWANVh5GFAqmwfqD3wb0Y8q-wG_5DczbnUxr52HrGX76oALFw9w9Gv3UW87mZYAIJi0kADHI5oEg6BOsgg8KoPsRNV8eSaoLesVKSOPCuoqg7S26nzDgU5xzL8v5GMBc=&p=17&fvj=0&vjs=3',
 'location': 'Toulon (83)',
 'salary': None,
 'summary': "Vous êtes en formation Bac +5 en école d'ingénieur ou Master 2 et "
            'vous recherchez un'}
2019-12-24 15:29:52 [scrapy] INFO: Closing spider (stop generating requests, only 2 requests allowed)
2019-12-24 15:29:52 [scrapy] INFO: Dumping Scrapy stats:
{'downloader/request_bytes': 910,
 'downloader/request_count': 3,
 'downloader/request_method_count/GET': 3,
 'downloader/response_bytes': 104890,
 'downloader/response_count': 3,
 'downloader/response_status_count/200': 2,
 'downloader/response_status_count/301': 1,
 'elapsed_time_seconds': 0.930569,
 'finish_reason': 'stop generating requests, only 2 requests allowed',
 'finish_time': datetime.datetime(2019, 12, 24, 15, 29, 52, 572043),
 'item_scraped_count': 18,
 'log_count/DEBUG': 22,
 'log_count/INFO': 7,
 'memusage/max': 137969664,
 'memusage/startup': 137969664,
 'request_depth_max': 1,
 'response_received_count': 2,
 'robotstxt/request_count': 1,
 'robotstxt/response_count': 1,
 'robotstxt/response_status_count/200': 1,
 'scheduler/dequeued': 2,
 'scheduler/dequeued/memory': 2,
 'scheduler/enqueued': 3,
 'scheduler/enqueued/memory': 3,
 'start_time': datetime.datetime(2019, 12, 24, 15, 29, 51, 641474)}
2019-12-24 15:29:52 [scrapy] INFO: Spider closed (stop generating requests, only 2 requests allowed)
