2020-02-22 13:35:13 [scrapy] DEBUG: Crawled (200) <GET https://www.indeed.fr/robots.txt> (referer: None)
2020-02-22 13:35:13 [scrapy] DEBUG: Redirecting (301) to <GET https://www.indeed.fr/Emplois-Ing%C3%A9nieur> from <GET https://www.indeed.fr/jobs?q=Ing%C3%A9nieur>
2020-02-22 13:35:13 [scrapy] DEBUG: Crawled (200) <GET https://www.indeed.fr/Emplois-Ing%C3%A9nieur> (referer: None)
2020-02-22 13:35:13 [indeed2] DEBUG: 

 Crawling  https://www.indeed.fr/Emplois-Ing%C3%A9nieur

2020-02-22 13:35:14 [scrapy] DEBUG: Scraped from <200 https://www.indeed.fr/Emplois-Ing%C3%A9nieur>
{'company': 'Groupe FONDASOL',
 'crawl_url': 'https://www.indeed.fr/Emplois-Ing%C3%A9nieur',
 'job_title': 'Fondasolien(ne) Ingénieur études géotechniques H/F - NANCY (54)',
 'link_url': '/pagead/clk?mo=r&ad=-6NYlbfkN0CUDYoHFrKI_rCDjTbfjbwOGoXTOA__xkeyLkEi6s2wzorQny4EN-w-QN7oDKC55OnvBhpyDfnLRYwUsbJc11sUXVX859oDsV68ji-Cnvr6cm5YFT70Cz9i5exvw0GHYo_VbXLE11zREmu5ABElrdILErmOc4DqLzCNFYPKUMN_9SjPVTXoQTeWUGLSmnHYdIf0UQFVKjiFK0NZe40y15PxTSDh6Qg6idorkey-3mAlnsk1eOxZMrc9hJsjBLOW30L6lxJuBBUcsNpfj4AuSrYAbWNM0fZ5HulUJbW8MS2pVGx7r0zkcrCnq_tR6AjPDtyYKKHRdTbZawx4bFPvfORuHN85tatftfWx2io_kr0wzP0kQmZMGP08uM7CCRxVjT_p5SnwN3_oF6uw7rqkVHGvZh9GsYzb1WtZ08ieT5UTXMStcot5bWQB8SCHyfI2VE6OvCdkviFnZaDFdZPcd233QDOsUpITQrUv6bFfmsJdPu811dWEidW8uY4ADtwiWnwlA2wZyHaLK2Cqezq9UH8D_00kb9zIqlQ=&p=0&fvj=1&vjs=3',
 'location': 'Nancy (54)',
 'salary': None,
 'site': 'Indeed',
 'summary': 'Ingénieur géotechnicien ou similaire: 2 ans (Souhaité).'}
2020-02-22 13:35:14 [scrapy] DEBUG: Scraped from <200 https://www.indeed.fr/Emplois-Ing%C3%A9nieur>
{'company': '',
 'crawl_url': 'https://www.indeed.fr/Emplois-Ing%C3%A9nieur',
 'job_title': 'Ingénieur Approvisionnement h/f',
 'link_url': '/pagead/clk?mo=r&ad=-6NYlbfkN0CX-HxulN9karZZ25aH9lwAcebr__SE5BF-Q70BtB7HU5pvtUc8wzTaFVP4n6qKVHdhxpV9_qPB486080e3em1IduqBbvh7AceSsHPzEkXYos64iflwjf5iSYvDHPjZEYzuvlRLGIpGuTQgjzlReJpl_tIvocRVhl84sDxCkOeyvuGXBSoR6LpJPdRJq-wPOnHzveIclJa9R43qD_k-buHtITeaaEhCndwubfS-rRpOsbJ6JggFu7vXg2wVi5gs8xb8PNmKFtaYBO1Jlunr167eex3migqEgWqpDkpbHeh8zwXuCbk5UTGnEt57ddTqb_66HfmLQPBl-FnonRZdcsbzjfXCQVmPjt8IDND_q5B8veBAehyZsvSr25ehqzLYgjvPp4eK18zHdkMvTN28B1RTFKs3Ih24UJFte74pvEto5LXNGwvcoNxhwN18PibcdGZlpYLwm_mjQP8RMX0W6WMKkuW2JItKuqw=&p=1&fvj=1&vjs=3',
 'location': 'Laxou (54)',
 'salary': '31 000 € - 36 000 € par an',
 'site': 'Indeed',
 'summary': 'Ingénieur approvisionnement h/f ou similaire: 1 an (Souhaité).'}
2020-02-22 13:35:14 [scrapy] DEBUG: Scraped from <200 https://www.indeed.fr/Emplois-Ing%C3%A9nieur>
{'company': '',
 'crawl_url': 'https://www.indeed.fr/Emplois-Ing%C3%A9nieur',
 'job_title': 'Ingénieur Etudes et Développement H/F',
 'link_url': '/pagead/clk?mo=r&ad=-6NYlbfkN0C4k4p-k5JzKkeZ2Lr19hfYmMp1S0DcJgPWWdbuG5E_sIArX6VRKNiqDukHdWSMqdSaXofdUfV4m5qo2zmyx-e7fDlIQJCB_TEy075U7HQWLVRnj50s_6kJ0NckY8JbjvawsvFJLqjlSNtMnmXna7r5QOoRF6LdPRrKprm_4-KqoJeTJyN1k4lN1jWtaGZW-dOPv8fYvF0XCpkq-3LN2gSpet8qI5Tci3NNdtYXoiQ6-dG3imp0YdFuvMtlKrIE8aHMVWX6_LdYjeFQlf5unFN642nuk3ifJJTOTNu0F3nMKYXoQjave-EMD5I5alN_XbPxEqkWcJ0MHClDsNr36o1lzKTLjEOhgg7RvyrYiUP1GTFlQQgvsgolKuoZrlHfaUliOnbwcjlj_IRZ-j5ou6e3D-U4pYiT9VeP_KzQY4jlB1g8rCUgETBbAsvcHsvYqC8x6ydStDz7ZlTfnuzfZUAaZPOZ-eTFs2lFThhm-I5UNkoKZupC_qr5&p=2&fvj=1&vjs=3',
 'location': "Villeneuve-d'Ascq (59)",
 'salary': None,
 'site': 'Indeed',
 'summary': 'Dans un contexte international et dans un environnement où la '
            'sécurité des systèmes d’information est une composante majeure, '
            'nous recrutons un'}
2020-02-22 13:35:14 [scrapy] DEBUG: Scraped from <200 https://www.indeed.fr/Emplois-Ing%C3%A9nieur>
{'company': 'ILIOS CONFORT',
 'crawl_url': 'https://www.indeed.fr/Emplois-Ing%C3%A9nieur',
 'job_title': 'INGÉNIEUR ETUDE PHOTOVOLTAÏQUE - H/F',
 'link_url': '/pagead/clk?mo=r&ad=-6NYlbfkN0DoVxVWLfYFGsyTEKijx5Hav0VBsccIQE7ui7W7YjePrGpr0FsYuvK4baYqF4sb7UsV_sElzNaKQaMp4b7kEin_AkTUve6NrqYFxI-15AMjZlDxj5CoTSGnY2h4Vlc0epxLmIB8tOlEIpY7kvGHWPu0Wfuk6AdHSvs6dVoclXASOyCpltfH6CjuIioGt4OlVFvJC6rItuM7ONKAeQ58T6a8ahuQ2ksShw1n5cEnSiwALdRm7i-_I9uQQC8f0_h0EmrM8b36iFgFHDPqTciNAYmYbgP3hWqZSiSh-7v1rw_Ssq6YgjOAyJm39Ph7wJDEIkkIe2rlqzQUtPb-270qZDZ4aNNR9A26b7hubtm8MXI4bpx5TWCnVJi1s-4dK1g6AGP52OD6KFO8zdFt4VMSNc-ot6fN_87LZs_ylNZ3602onxd6pqllZYLWKB1Lur_NXy-rUfzmagWKQwq2Z7ErqxgDEZaH5TL2Q0VzycvA8TGOAOfABFSycREn&p=3&fvj=1&vjs=3',
 'location': 'Lattes (34)',
 'salary': '2 000 € - 3 000 € par mois',
 'site': 'Indeed',
 'summary': 'Le Groupe ILIOS CONFORT est né il y a 10 ans, à Montpellier, dans '
            'le département de l’Hérault..'}
2020-02-22 13:35:14 [scrapy] DEBUG: Scraped from <200 https://www.indeed.fr/Emplois-Ing%C3%A9nieur>
{'company': '',
 'crawl_url': 'https://www.indeed.fr/Emplois-Ing%C3%A9nieur',
 'job_title': 'Ingénieur QHSE H/F',
 'link_url': '/pagead/clk?mo=r&ad=-6NYlbfkN0BB3b24dDt05QOu3Vr7KR6zmdi_nl1hRsVcdS1Yke1NHhs2ww1Wk1Z6-STcHgl1AM5TChX2ZMGUTuUNd2_Bjgs0VVNF95Ic6YvTJGPD9T1vLWGxr03aUvp38SwVhJgEW-9lfUdQLQ26Mt3nqxhVa5OA7C1o_Z3Anjuv6Cjkkt5ScdZNj427OmMpM8r5MaPtKGSHCzhBEMRBEAVk2Mqxd8BFd2uyDry4Kc-R7e4uMJDdYE33FMWMmvD59nU2nwq8aKX5YbL72VkHc_zL3hqFIMI0Jv-mmAXTZzdnUeAi2eDb_5OLmWpdkfBO0Z2zrxvAlNXPHIxLoics77evHChuWaNFSy_ZLNOohJS9CGTsUiBjynomgL4elvVhZN8ygEup00rM-G1MQGIiwgqkByCHIP57dIzKA41ywIMGyi2khq_uTmhJT3MWQrSc5vJVlcwnkAcFzNSPKF5jh4WqtSKyggd-u7K5pikagjZJHThvqzTUcw==&p=4&fvj=0&vjs=3',
 'location': 'Croissy-Beaubourg (77)',
 'salary': None,
 'site': 'Indeed',
 'summary': 'Formation : vous êtes issu(e)s d’un cursus type Écoles '
            "d'ingénieurs ou universitaire dans le secteur de la construction, "
            'complétées par une spécialisation dans…'}
2020-02-22 13:35:14 [scrapy] DEBUG: Scraped from <200 https://www.indeed.fr/Emplois-Ing%C3%A9nieur>
{'company': '',
 'crawl_url': 'https://www.indeed.fr/Emplois-Ing%C3%A9nieur',
 'job_title': 'Ingénieur REACH H/F',
 'link_url': '/pagead/clk?mo=r&ad=-6NYlbfkN0DUN2b5WQb1EDIJ1VOcXkP2btY8_Jwn5DWOsultnYr2G_N_i2W0F2YhhbmE6xOyA7kuTX3aV-9RXTJFO05ZnRPle1mkrVKFBprOSMqCAjyalkhLnR9p5ihDoC9lmiJHKGLoWuXkSAfbY6s1jLthruOPRJwL3rWC1q1mKSkYrQujAzynwn4HBXzxDEL6jNv9kSNTSOHBi2Uh0Hwv9nWGuvB8RJj_4RV9TcyIIWVjViieoXApJ2s_2YN1Sfkn2EYSGx595xFS4_vPsWI2tE2i6rL2fpAupEdkOiI2PrHx6g_deWAWMt9jv_tyLW0Ptq_KLOz4eCpUF-xroQjZdJXRESUu-vkdcUoKxJ_zI8TEAorsvnXzsZxvOVtKj4Pyb3SY6qmtvLiUWJ9QM1cwtTMF1sX04tNnl0c8h7mhIjxYOyNLFqYkB7PwKtT-djizqcfbhv4xPe9jWnZfMsEUHmDP_FR52fHmq4FOfwwS3cRDDNNrng==&p=5&fvj=0&vjs=3',
 'location': 'Saint-Dizier (52)',
 'salary': None,
 'site': 'Indeed',
 'summary': 'Dans le cadre de nouveaux projets, nous recherchons un'}
2020-02-22 13:35:14 [scrapy] DEBUG: Scraped from <200 https://www.indeed.fr/Emplois-Ing%C3%A9nieur>
{'company': 'Département du Lot',
 'crawl_url': 'https://www.indeed.fr/Emplois-Ing%C3%A9nieur',
 'job_title': 'Travailler au Département du Lot',
 'link_url': '/rc/clk?jk=63ed250bc209fd9d&fccid=2ab62c2c8f53a7a4&vjs=3',
 'location': 'Lot',
 'salary': None,
 'site': 'Indeed',
 'summary': 'Travailler au Département du Lot.'}
2020-02-22 13:35:14 [scrapy] DEBUG: Scraped from <200 https://www.indeed.fr/Emplois-Ing%C3%A9nieur>
{'company': '',
 'crawl_url': 'https://www.indeed.fr/Emplois-Ing%C3%A9nieur',
 'job_title': 'Ingénieur assurance qualité fournisseurs H/F',
 'link_url': '/rc/clk?jk=9db699688e446a07&fccid=b3885ca934ed0066&vjs=3',
 'location': 'La Teste-de-Buch (33)',
 'salary': None,
 'site': 'Indeed',
 'summary': 'Le Groupe est en 4ème position du classement Universum des '
            'entreprises préférées des jeunes'}
2020-02-22 13:35:15 [scrapy] DEBUG: Scraped from <200 https://www.indeed.fr/Emplois-Ing%C3%A9nieur>
{'company': '',
 'crawl_url': 'https://www.indeed.fr/Emplois-Ing%C3%A9nieur',
 'job_title': 'Ingénieur Matériaux',
 'link_url': '/rc/clk?jk=16204fe10408dc3e&fccid=aaec0480e2e19692&vjs=3',
 'location': 'France',
 'salary': None,
 'site': 'Indeed',
 'summary': 'Master ou diplôme d’ingénieur en génie des matériaux ou '
            'équivalent avec une expérience de minimum 3/5 ans dans le '
            'domaine, avec un contact direct avec le client…'}
2020-02-22 13:35:15 [scrapy] DEBUG: Scraped from <200 https://www.indeed.fr/Emplois-Ing%C3%A9nieur>
{'company': '',
 'crawl_url': 'https://www.indeed.fr/Emplois-Ing%C3%A9nieur',
 'job_title': 'Ingénieur amélioration continue (F/H)',
 'link_url': '/rc/clk?jk=eb77cc4baf17541a&fccid=4c1dc7d9791a6941&vjs=3',
 'location': 'Marignier (74)',
 'salary': None,
 'site': 'Indeed',
 'summary': 'Formation supérieure de niveau Ecole d’ingénieur avec une '
            'expérience de 5.'}
2020-02-22 13:35:15 [scrapy] DEBUG: Scraped from <200 https://www.indeed.fr/Emplois-Ing%C3%A9nieur>
{'company': '',
 'crawl_url': 'https://www.indeed.fr/Emplois-Ing%C3%A9nieur',
 'job_title': 'Ingénieur de développement R&D Confirmé F/H',
 'link_url': '/rc/clk?jk=7b7270716eee3f1d&fccid=07661a4e5e3582cf&vjs=3',
 'location': 'La Roche-sur-Yon (85)',
 'salary': '35 000 € par an',
 'site': 'Indeed',
 'summary': 'Notre client est un éditeur de logiciels innovants dédiés au '
            'secteur de la restauration.'}
2020-02-22 13:35:16 [scrapy] DEBUG: Scraped from <200 https://www.indeed.fr/Emplois-Ing%C3%A9nieur>
{'company': '',
 'crawl_url': 'https://www.indeed.fr/Emplois-Ing%C3%A9nieur',
 'job_title': 'Ingénieur CI/CD H/F',
 'link_url': '/rc/clk?jk=68605d9baa683947&fccid=43c5b67847a9226c&vjs=3',
 'location': 'Pau (64)',
 'salary': None,
 'site': 'Indeed',
 'summary': "Diplômé-e d'une école d'ingénieur, vous êtes capables d’apporter "
            'des compétences en:'}
2020-02-22 13:35:16 [scrapy] DEBUG: Scraped from <200 https://www.indeed.fr/Emplois-Ing%C3%A9nieur>
{'company': 'VIVACY',
 'crawl_url': 'https://www.indeed.fr/Emplois-Ing%C3%A9nieur',
 'job_title': 'Ingénieur r&d – génie chimique / des procédés F/H',
 'link_url': '/rc/clk?jk=cc011c19f3ab2d3e&fccid=0c26796b9351ac10&vjs=3',
 'location': 'Archamps (74)',
 'salary': None,
 'site': 'Indeed',
 'summary': 'Spécialisée dans la production et la distribution de produits '
            'esthétiques de hautes performances, VIVACY se positionne, en '
            'France et à l’étranger, comme l’un…'}
2020-02-22 13:35:16 [scrapy] DEBUG: Scraped from <200 https://www.indeed.fr/Emplois-Ing%C3%A9nieur>
{'company': '',
 'crawl_url': 'https://www.indeed.fr/Emplois-Ing%C3%A9nieur',
 'job_title': 'ORMES - Techniciens de production en conditionnement',
 'link_url': '/rc/clk?jk=cdcb1234b812a919&fccid=ec8a0bd60be9a6f5&vjs=3',
 'location': 'Orléans (45)',
 'salary': None,
 'site': 'Indeed',
 'summary': 'Technicien de production au sein de nos ateliers de '
            'conditionnement.'}
2020-02-22 13:35:16 [scrapy] DEBUG: Scraped from <200 https://www.indeed.fr/Emplois-Ing%C3%A9nieur>
{'company': '',
 'crawl_url': 'https://www.indeed.fr/Emplois-Ing%C3%A9nieur',
 'job_title': 'Assistant.e Ingénieur.e Qualité - Process critique (F / H)',
 'link_url': '/rc/clk?jk=797f0f5e65689546&fccid=1807e5727f702882&vjs=3',
 'location': 'Ducey (50)',
 'salary': None,
 'site': 'Indeed',
 'summary': "Issu d'une formation de niveau Bac+5, en université ou école "
            "d'ingénieur, spécialisé dans la gestion de la qualité "
            'industrielle, vous êtes motivé par l…'}
2020-02-22 13:35:16 [scrapy] DEBUG: Scraped from <200 https://www.indeed.fr/Emplois-Ing%C3%A9nieur>
{'company': '',
 'crawl_url': 'https://www.indeed.fr/Emplois-Ing%C3%A9nieur',
 'job_title': "Ingénieur d'études photovoltaïque (35) F/H",
 'link_url': '/rc/clk?jk=36e70f9ee0885027&fccid=85e9b52080d4981d&vjs=3',
 'location': 'Cesson-Sévigné (35)',
 'salary': None,
 'site': 'Indeed',
 'summary': "Pour l'entité Eiffage Énergie Systèmes Maine Bretagne, "
            'spécialisée en électricité industrielle, et située Cesson Sévigné '
            '(35) recrute.'}
2020-02-22 13:35:16 [scrapy] DEBUG: Scraped from <200 https://www.indeed.fr/Emplois-Ing%C3%A9nieur>
{'company': 'UTPM REALISATION',
 'crawl_url': 'https://www.indeed.fr/Emplois-Ing%C3%A9nieur',
 'job_title': 'Ingénieur bureau d’études, ingénieur d’application en tôlerie',
 'link_url': '/pagead/clk?mo=r&ad=-6NYlbfkN0Dnl5YU7KN_WR70Fc0MC6UwIjY4iZKCu0VMPqQFz1XoEOpckswbDu_zRXf-G5byFNnomSOhZUUOwTNeK9WVdlJukKgRp4PzMf_KKr0hgqtSwUdf0S3JdhQmxCAbap0rpzt_0j4w4SIM3iq3j4ffVMVSgAV7qOLcx9yNiaU8-Y1wsJhFGQZBx966TDd2SW7dw0FBI9pC_nzyz9ATKC2u9xa_-gobydOVeMqGGTdWNIZgNK7or3pcyecX81_0SgtSLebbC8cmCdbu8lyondwqPIQIChjbDQ4gfYQbmaJ2Ov88Fs_VgRzMzJOjg_MhnKpYu1wJ2aScWQWPZsP_82kSNjzVO5H9DbebSD_xzcEK0vIDVU0ecdhIHCz-2j2d6AqAKlGYx-uurjA14PKcaix4xrJwOSm9XX2fvssz3EggTuf4oukqM5xJkwF0in8ur9siBASHckoYCjMZG70iPcPRUSteNZv4NTcH2GQCe1RiZvNHVcGULS7obtZYBqwTmZGeYekUjGbrDhYjguvIU71lIgCzRPxQvaPJAun3obhP0ZN-JQ==&p=16&fvj=1&vjs=3',
 'location': 'Coucy-le-Château-Auffrique (02)',
 'salary': None,
 'site': 'Indeed',
 'summary': 'Ingénieur bureau d’études,'}
2020-02-22 13:35:16 [scrapy] DEBUG: Scraped from <200 https://www.indeed.fr/Emplois-Ing%C3%A9nieur>
{'company': 'Kaena',
 'crawl_url': 'https://www.indeed.fr/Emplois-Ing%C3%A9nieur',
 'job_title': 'Ingénieur, chargé de missions en géotechnique',
 'link_url': '/pagead/clk?mo=r&ad=-6NYlbfkN0AWE-SMiljBjtX1xaXrmbS4OOp_lC2nSr8JJ5QHSkpS94v6L_PdJuz6MENbGKlAW7uzxF7tDK5WaxIqTbVzlcuVPAVZeRKu_RSMC6ckiGHdOqatUNm69XB9wJ6ccXh-1Zvn1AhTSSryBW9UIGvpL6OpU3Q1jBdS8JQtS19tFDN-fvUocrXpfhw9fDm875u-fb0aSOXiYnPWoXl7mjE6k4CChFZhq6QWEDu_VqO2R3t3wzVDJW9Dgq8d7hB0P0vTWv9MnznMuTu8IgZSnQ5qikvWjmnDb_97hxRw4EdwiSLCG91Wu4WhH5s96JUwvlH7idUDDZMwnDoFBUwjwbH8THkdqKA0BEQFyM8XaNM8-s1bbIW_u8DWZFftHXd7UAK01IeS8hvjOTVAzGlE1ToUq2dL32qnXHPMBMRW6e1IUPqCTnuXoquTaUbu7-wD1Dh5kFw5RKR-GB6CimvmD_yPj0IwOCNSYYflsvEwGNLGII4BkmBqOBFKBFer9DLGxMUTF5d4FCcpM3t4LQ==&p=17&fvj=1&vjs=3',
 'location': 'Chambéry (73)',
 'salary': '28 000 € - 40 000 € par an',
 'site': 'Indeed',
 'summary': 'Vous postulez pour une entreprise à taille humaine (45 personnes) '
            'où chacun contribue activement à la réussite et à la bonne '
            'ambiance générale.'}
2020-02-22 13:35:17 [scrapy] DEBUG: Crawled (200) <GET https://www.indeed.fr/jobs?q=Ing%C3%A9nieur&start=10> (referer: https://www.indeed.fr/Emplois-Ing%C3%A9nieur)
2020-02-22 13:35:17 [indeed2] DEBUG: 

 Crawling  https://www.indeed.fr/jobs?q=Ing%C3%A9nieur&start=10

2020-02-22 13:35:17 [scrapy] DEBUG: Scraped from <200 https://www.indeed.fr/jobs?q=Ing%C3%A9nieur&start=10>
{'company': '',
 'crawl_url': 'https://www.indeed.fr/jobs?q=Ing%C3%A9nieur&start=10',
 'job_title': "Ingénieur Junior Marché de l'Energie (h/f)",
 'link_url': '/pagead/clk?mo=r&ad=-6NYlbfkN0CTNS0WgMHjtb0Nqr_GGWeKK0BdkbTlBPMLcGLeM92sfgz_Ee6-rOA__7SywUnizlRGH9MUrANh99DFWTY7LmhTZ_QQIjV0X-kfygYb0Y-bLjgzdSB8_iIJOPlPpifWAdVp17bs8kZNud5_nreGwvzaDpGwkhezAcQFYC5E3mk8ZsPpYktuhdzneSFqCXiGtBWKLAxgYPpvbQqXs2_zthdOr4PB3OphHHt1gUa7mrgzamxlckLZQ5Ed60r4bwvHPJ388aPts575v6ve_abMtsyRqrfK2FPeG_FdWywLSGAx34giFHkBuMtx0AdGhQDPuxlmjwS2UYdpyqYm5nV0a2tpOpOKLFssEUbQgZ3-_mJU8BOKh1r_bQLfEVPS6L1NPusBhbe_j9ExngOzdvI8FwokLiZYSW2sBBr1rLbuKC3lr0Q8fgi1Fvtz3KbydijALy-K12HCS5Kd0q2C-Ydl3ngt0op-OvOBXYmLH27e2gd0T7pUK4bC2OI36UxBhDLCNQ_JdHZiVvHf1uvRmEBSQpaA3o3TRxhkibTR4cr8FcJK7qqUnZJdN0Pu&p=0&fvj=0&vjs=3',
 'location': 'Metz (57)',
 'salary': '38 000 € - 45 000 € par an',
 'site': 'Indeed',
 'summary': 'Titulaire d’un diplôme d’ingénieur de haut niveau avec un intérêt '
            'pour les marchés de l’énergie, vous êtes curieux et rigoureux.'}
2020-02-22 13:35:18 [scrapy] DEBUG: Scraped from <200 https://www.indeed.fr/jobs?q=Ing%C3%A9nieur&start=10>
{'company': '',
 'crawl_url': 'https://www.indeed.fr/jobs?q=Ing%C3%A9nieur&start=10',
 'job_title': 'Ingénieur Approvisionnement h/f',
 'link_url': '/pagead/clk?mo=r&ad=-6NYlbfkN0CX-HxulN9karZZ25aH9lwAcebr__SE5BF-Q70BtB7HU5pvtUc8wzTaFVP4n6qKVHdhxpV9_qPB486080e3em1IduqBbvh7AceSsHPzEkXYos64iflwjf5iSYvDHPjZEYzuvlRLGIpGuTQgjzlReJpl_tIvocRVhl84sDxCkOeyvuGXBSoR6LpJI6sCPTBSBe06qfLaRVxobexZ1_PN64i6ImNEvf922wSq0ECwFk3OMOVjDpqIGdySRLD2GreJoUA0eNUukE1W69_QElPm6KwUoOCSPWooNrTXANfKxW1Yg8Qu29fusg6mQELG5TQKhLCyCeeB-72aHShb7QC5ARgOM1iZmKRRxScX9RJWmPOKdE5ZZhadgZclZsJOmjIpBwdjCi5nJS83ceTBnLizTHn6-Ny8Dhlw7pe_qeVbFUiiLXLjhkNDHEUMe10sFV_ObV3SMoyIHhYDu9MWwWUAmF9ml8ewJRnM-8E=&p=1&fvj=1&vjs=3',
 'location': 'Laxou (54)',
 'salary': '31 000 € - 36 000 € par an',
 'site': 'Indeed',
 'summary': 'Ingénieur approvisionnement h/f ou similaire: 1 an (Souhaité).'}
2020-02-22 13:35:18 [scrapy] DEBUG: Scraped from <200 https://www.indeed.fr/jobs?q=Ing%C3%A9nieur&start=10>
{'company': '',
 'crawl_url': 'https://www.indeed.fr/jobs?q=Ing%C3%A9nieur&start=10',
 'job_title': 'Ingénieur QHSE H/F',
 'link_url': '/pagead/clk?mo=r&ad=-6NYlbfkN0BB3b24dDt05QOu3Vr7KR6zmdi_nl1hRsVcdS1Yke1NHhs2ww1Wk1Z6-STcHgl1AM5TChX2ZMGUTuUNd2_Bjgs0VVNF95Ic6YvTJGPD9T1vLWGxr03aUvp38SwVhJgEW-9lfUdQLQ26Mt3nqxhVa5OA7C1o_Z3Anjuv6Cjkkt5ScdZNj427OmMph4FRFez5OmCZ084qoRYlXy4cyiSnqwo--4LY5bfkLPAQper1YmdXsphlA_l3UbCuP1nGBQHIrm7IfBs2wX5i3hXXRAemceEJUrNeqlprHanXtDtvhVLdA0MgmVylTIYfsTuEjIv3dW2JuRvYxuZs5Yqy3oNdPsl_JIRkKz3daAh-pXKuu8WwoROBpdaoskAwJI2ubvKF1caPVji-56PhhXHmeh442tLKbjpIl7IwxnXRsHHkOfEzRBFmvVlrM1cz6A7MWp_xj_Ip1rylFO3a_mctg0QGeM3NtdAXBRm62flIs3BK4bKEOQ==&p=2&fvj=0&vjs=3',
 'location': 'Croissy-Beaubourg (77)',
 'salary': None,
 'site': 'Indeed',
 'summary': 'Formation : vous êtes issu(e)s d’un cursus type Écoles '
            "d'ingénieurs ou universitaire dans le secteur de la construction, "
            'complétées par une spécialisation dans…'}
2020-02-22 13:35:18 [scrapy] DEBUG: Scraped from <200 https://www.indeed.fr/jobs?q=Ing%C3%A9nieur&start=10>
{'company': '',
 'crawl_url': 'https://www.indeed.fr/jobs?q=Ing%C3%A9nieur&start=10',
 'job_title': 'Ingénieur REACH H/F',
 'link_url': '/pagead/clk?mo=r&ad=-6NYlbfkN0DUN2b5WQb1EDIJ1VOcXkP2btY8_Jwn5DWOsultnYr2G_N_i2W0F2YhhbmE6xOyA7kuTX3aV-9RXTJFO05ZnRPle1mkrVKFBprOSMqCAjyalkhLnR9p5ihDoC9lmiJHKGLoWuXkSAfbY6s1jLthruOPRJwL3rWC1q1mKSkYrQujAzynwn4HBXzxR3s8xnht7XraC_Z-JcBC7KmmDogDAgGwQbX2p00CSA-EI-G3GI0mZ_OTgMrPQSqNu6tb1nhd6qq2IMVGJ3H08wHavM35mznx-ymO3Il8rvj4B3_AKDQFTStCSq34CF-ix3Tl24-8-wg66aIru_IPbC_yEOC_0OxDNfi7-Z1pBllHaC6nD17rra1yloWS1JTFKBY2fsmiUJR_xjVMKXAtOOAgTUaJ3Dx7ZUBiYc1XgkWek3sIorpWGU3k3AJLzv28W5fCRZ3CF8Su5frF_bPKILLj17WyiMR6Oam_4VwjsYrTikT7d3jYtA==&p=3&fvj=0&vjs=3',
 'location': 'Saint-Dizier (52)',
 'salary': None,
 'site': 'Indeed',
 'summary': 'Dans le cadre de nouveaux projets, nous recherchons un'}
2020-02-22 13:35:19 [scrapy] DEBUG: Scraped from <200 https://www.indeed.fr/jobs?q=Ing%C3%A9nieur&start=10>
{'company': 'ILIOS CONFORT',
 'crawl_url': 'https://www.indeed.fr/jobs?q=Ing%C3%A9nieur&start=10',
 'job_title': 'INGÉNIEUR ETUDE PHOTOVOLTAÏQUE - H/F',
 'link_url': '/pagead/clk?mo=r&ad=-6NYlbfkN0DoVxVWLfYFGsyTEKijx5Hav0VBsccIQE7ui7W7YjePrGpr0FsYuvK4baYqF4sb7UsV_sElzNaKQaMp4b7kEin_AkTUve6NrqYFxI-15AMjZlDxj5CoTSGnY2h4Vlc0epxLmIB8tOlEIpY7kvGHWPu0Wfuk6AdHSvs6dVoclXASOyCpltfH6Cjuye66i-TYIsTbKUOsRohqp5sbYxe_LRTNOZDdRkHqhhJaYD6rgOAgSBprW7ka5828RotlWIT0pMKi0AmdoW6b6inKCVHLciFvXba_LpnpGvgjg1jGS1lt3Afd4-r07cveKw4UJQg997UIggfMjosEWUN1MmRBbzuQHA-cFnXIYWqrDNxbxK1UQI7-vkSD1VeIjc4I-lS9ziyg8Lv4FGsgCjnvm-U3y__q7sG-IlUrSF-QQSXHBK9pCwycU5-BalgJiWVhYCDYJAoAx6pMeiCFbrMqaNCA9Shw2MmQI2z0x6K1R8W5DwtkDQ5TuDsX10y0&p=4&fvj=1&vjs=3',
 'location': 'Lattes (34)',
 'salary': '2 000 € - 3 000 € par mois',
 'site': 'Indeed',
 'summary': 'Le Groupe ILIOS CONFORT est né il y a 10 ans, à Montpellier, dans '
            'le département de l’Hérault..'}
2020-02-22 13:35:19 [scrapy] DEBUG: Scraped from <200 https://www.indeed.fr/jobs?q=Ing%C3%A9nieur&start=10>
{'company': 'UTPM REALISATION',
 'crawl_url': 'https://www.indeed.fr/jobs?q=Ing%C3%A9nieur&start=10',
 'job_title': 'Ingénieur bureau d’études, ingénieur d’application en tôlerie',
 'link_url': '/pagead/clk?mo=r&ad=-6NYlbfkN0Dnl5YU7KN_WR70Fc0MC6UwIjY4iZKCu0VMPqQFz1XoEOpckswbDu_zRXf-G5byFNnomSOhZUUOwTNeK9WVdlJukKgRp4PzMf_KKr0hgqtSwUdf0S3JdhQmxCAbap0rpzt_0j4w4SIM3iq3j4ffVMVSgAV7qOLcx9yNiaU8-Y1wsJhFGQZBx966iwsR--tc7Jr_oW4Udmxyk6wmKaVizyafByJwC0pX-209Zx4DHkoP4azOPNaIeIncEkQBlaShBJBS7wcN2usogBo9wNFYKTCehf4CxKlq4oj9C6AglQp2358QFMNAe2p3AzV2NqqUxB3b6qiqCzfWJzdF6gZc-d0ucSf4f7jgEvZ7J-tMFokO-Cz7oKsAn6ws6eC4DDpEZNWlKa3MeZnqPWIOtpe8RWHmhmJgH4wvffJiErywAafiRGuF4ZFSQOavodxySf0dGb2TR8EWJ0jkN9VU13tJPCvR1fKgoqLDCZuyHu3dJo6wiy-YZgjKeDyiE6JYKVFzaAgTbgEV-XgAgsPxR-MzIb7y7ysvZ1JOx1raJeiCDxqATg==&p=5&fvj=1&vjs=3',
 'location': 'Coucy-le-Château-Auffrique (02)',
 'salary': None,
 'site': 'Indeed',
 'summary': 'Ingénieur bureau d’études,'}
2020-02-22 13:35:19 [scrapy] DEBUG: Scraped from <200 https://www.indeed.fr/jobs?q=Ing%C3%A9nieur&start=10>
{'company': '',
 'crawl_url': 'https://www.indeed.fr/jobs?q=Ing%C3%A9nieur&start=10',
 'job_title': 'ALTERNANCE INGÉNIEUR MÉTHODISTE UAP H/F',
 'link_url': '/rc/clk?jk=9d9224fe47bcecf5&fccid=ffac1b3685b3c240&vjs=3',
 'location': 'Annemasse (74)',
 'salary': None,
 'site': 'Indeed',
 'summary': 'Vous préparez un diplôme d’ingénieur en apprentissage dans une '
            'École d’Ingénieur (Technique et productique).'}
2020-02-22 13:35:19 [scrapy] DEBUG: Scraped from <200 https://www.indeed.fr/jobs?q=Ing%C3%A9nieur&start=10>
{'company': '',
 'crawl_url': 'https://www.indeed.fr/jobs?q=Ing%C3%A9nieur&start=10',
 'job_title': 'Ingénieur Méthodes Industrialisation H/F',
 'link_url': '/rc/clk?jk=83c066c256c92434&fccid=b3885ca934ed0066&vjs=3',
 'location': 'La Teste-de-Buch (33)',
 'salary': None,
 'site': 'Indeed',
 'summary': 'Le Groupe est en 4ème position du classement Universum des '
            'entreprises préférées des jeunes'}
2020-02-22 13:35:19 [scrapy] DEBUG: Scraped from <200 https://www.indeed.fr/jobs?q=Ing%C3%A9nieur&start=10>
{'company': '',
 'crawl_url': 'https://www.indeed.fr/jobs?q=Ing%C3%A9nieur&start=10',
 'job_title': 'Alternant Ingénieur Production - H/F',
 'link_url': '/rc/clk?jk=4eba443b1f7c4924&fccid=a94c22913417566d&vjs=3',
 'location': 'France',
 'salary': None,
 'site': 'Indeed',
 'summary': 'Département / état / province : CHARENTE-MARITIME.'}
2020-02-22 13:35:19 [scrapy] DEBUG: Scraped from <200 https://www.indeed.fr/jobs?q=Ing%C3%A9nieur&start=10>
{'company': 'Cabinet DSI',
 'crawl_url': 'https://www.indeed.fr/jobs?q=Ing%C3%A9nieur&start=10',
 'job_title': 'INGÉNIEUR CALCULATEUR (H/F)',
 'link_url': '/company/CABINET-DSI/jobs/Ing%C3%A9nieur-Calculateur-a0446ac109ef9365?fccid=d112a5e4f0932a91&vjs=3',
 'location': 'Massiac (15)',
 'salary': None,
 'site': 'Indeed',
 'summary': 'BAC +5 type diplôme d’ingénieur génie civil, mécanique ou '
            'industrie.'}
2020-02-22 13:35:19 [scrapy] DEBUG: Scraped from <200 https://www.indeed.fr/jobs?q=Ing%C3%A9nieur&start=10>
{'company': 'Glassolutions Centre Est Vitrage',
 'crawl_url': 'https://www.indeed.fr/jobs?q=Ing%C3%A9nieur&start=10',
 'job_title': 'Stagiaire ingénieur(e) Amélioration Continue',
 'link_url': '/company/Glassolutions-Centre-Est-Vitrage/jobs/Stagiaire-Ing%C3%A9nieur-Am%C3%A9lioration-Continue-d5ba0391aa90d72c?fccid=3662061c907a1ba3&vjs=3',
 'location': 'Crissey (71)',
 'salary': '800 € - 1 100 € par mois',
 'site': 'Indeed',
 'summary': 'Dans le cadre du programme SAINT-GOBAIN d’amélioration continue « '
            'WCM » (World Class Manufacturing), Glassolutions France propose '
            'des stages de fin d’études…'}
2020-02-22 13:35:20 [scrapy] DEBUG: Scraped from <200 https://www.indeed.fr/jobs?q=Ing%C3%A9nieur&start=10>
{'company': '',
 'crawl_url': 'https://www.indeed.fr/jobs?q=Ing%C3%A9nieur&start=10',
 'job_title': 'Ingénieur conception mécanique H/F',
 'link_url': '/company/ALTEN-SO/jobs/Ing%C3%A9nieur-Conception-M%C3%A9canique-ac97ce93c6717b89?fccid=ebf537736e70d959&vjs=3',
 'location': 'Gujan-Mestras (33)',
 'salary': '30 000 € - 40 000 € par an',
 'site': 'Indeed',
 'summary': 'Ingenieur concep ou similaire: 1 an (Requis).'}
2020-02-22 13:35:21 [scrapy] DEBUG: Scraped from <200 https://www.indeed.fr/jobs?q=Ing%C3%A9nieur&start=10>
{'company': 'Setec Groupe',
 'crawl_url': 'https://www.indeed.fr/jobs?q=Ing%C3%A9nieur&start=10',
 'job_title': 'Ingénieur planification projet - Energies renouvelables '
              '(H/F)(GEN-P4-ENR)',
 'link_url': '/rc/clk?jk=1891fafadeb99007&fccid=640e5f595b41295d&vjs=3',
 'location': 'Marseille (13)',
 'salary': None,
 'site': 'Indeed',
 'summary': 'Issu(e) d’une formation d’ingénieur génie industriel et/ou '
            'management de projet, vous avez une expérience significative dans '
            'la gestion de projet (coûts –…'}
2020-02-22 13:35:22 [scrapy] DEBUG: Scraped from <200 https://www.indeed.fr/jobs?q=Ing%C3%A9nieur&start=10>
{'company': '',
 'crawl_url': 'https://www.indeed.fr/jobs?q=Ing%C3%A9nieur&start=10',
 'job_title': 'Alternant ingénieur méthode projets ou production',
 'link_url': '/company/Stanley-Black-&-Decker/jobs/Alternant-Ing%C3%A9nieur-M%C3%A9thode-Projets-Ou-Production-75ecd5ce26641058?fccid=d30328706976dba9&vjs=3',
 'location': 'Damparis (39)',
 'salary': None,
 'site': 'Indeed',
 'summary': 'La Société Stanley Black&Decker Manufacturing, *.'}
2020-02-22 13:35:22 [scrapy] DEBUG: Scraped from <200 https://www.indeed.fr/jobs?q=Ing%C3%A9nieur&start=10>
{'company': 'CT Nantes',
 'crawl_url': 'https://www.indeed.fr/jobs?q=Ing%C3%A9nieur&start=10',
 'job_title': 'Ingénieur industrialisation H/F',
 'link_url': '/rc/clk?jk=b4ca1a29af96deb9&fccid=a90618c105c2bba7&vjs=3',
 'location': 'Saint-Nazaire (44)',
 'salary': None,
 'site': 'Indeed',
 'summary': 'De formation'}
2020-02-22 13:35:22 [scrapy] DEBUG: Scraped from <200 https://www.indeed.fr/jobs?q=Ing%C3%A9nieur&start=10>
{'company': '',
 'crawl_url': 'https://www.indeed.fr/jobs?q=Ing%C3%A9nieur&start=10',
 'job_title': 'Ingénieur généraliste polyvalent débutant H/F',
 'link_url': '/rc/clk?jk=b8fe007a9a93393b&fccid=e3ff72a6ad0d45a9&vjs=3',
 'location': 'Dijon (21)',
 'salary': None,
 'site': 'Indeed',
 'summary': 'Vous serez basé sur le secteur Bourgogne Franche Comté , vous '
            "occuperez un poste d'ingénieur débutant , vous pouvez être amené "
            'à travailler dans différents…'}
2020-02-22 13:35:22 [scrapy] DEBUG: Scraped from <200 https://www.indeed.fr/jobs?q=Ing%C3%A9nieur&start=10>
{'company': '',
 'crawl_url': 'https://www.indeed.fr/jobs?q=Ing%C3%A9nieur&start=10',
 'job_title': 'Ingénieur Etudes et Développement H/F',
 'link_url': '/pagead/clk?mo=r&ad=-6NYlbfkN0C4k4p-k5JzKkeZ2Lr19hfYmMp1S0DcJgPWWdbuG5E_sIArX6VRKNiqDukHdWSMqdSaXofdUfV4m5qo2zmyx-e7fDlIQJCB_TEy075U7HQWLVRnj50s_6kJ0NckY8JbjvawsvFJLqjlSNtMnmXna7r5QOoRF6LdPRrKprm_4-KqoJeTJyN1k4lN2z1rOQxY1WyuR8jgMRuKlxVWsAR8xOuXzDWkMdAnq9XVxopdPzRhs-CwkdHkkoUX0SYgv7XM9YluzgM0Mcs-mPHI58PlnTc3lYBTyBHSO7J_huSMJwX_Y9iTok4t0oLvqQ4ym3QdhSJ3PNrn1ed8OfaRCGwFqGCQGtIU8f4QYutGLgF9-sVbgJdsuOUU1EWWTGmRAHv0QydKOHyrSVQ0ZMM1saJzYHDmRfCch0wnbOyVPHXovTWPAn-BJSFrLYhZw_QRrs6qkxJSqA3UMOEPbbks842l7J7awKkKEX7x812JkN4OCS4Ph10wbt81iiFb&p=16&fvj=1&vjs=3',
 'location': "Villeneuve-d'Ascq (59)",
 'salary': None,
 'site': 'Indeed',
 'summary': 'Dans un contexte international et dans un environnement où la '
            'sécurité des systèmes d’information est une composante majeure, '
            'nous recrutons un'}
2020-02-22 13:35:23 [scrapy] DEBUG: Scraped from <200 https://www.indeed.fr/jobs?q=Ing%C3%A9nieur&start=10>
{'company': 'OUTREMER TELECOM',
 'crawl_url': 'https://www.indeed.fr/jobs?q=Ing%C3%A9nieur&start=10',
 'job_title': 'Ingénieur Réseau Core & Vas (NSS) H/F',
 'link_url': '/pagead/clk?mo=r&ad=-6NYlbfkN0ANVR7qhJ2D3RLJwT2VKKKxIAtenSzWuHAexBhM6KtDoaBXZroVjMdsdNxpmHZ8xS0agr55qgzsjkOFlWdxyDRDVuY6je58IkWiuPGDC7IYciRsDtWCGjpOXh6VFI17_yBYIfe0uN-8xhuyGSvt_Fqs092slSytq20fJE8zZyT1OpDqKgvsG_xHhzF4zMWQs0zdbRbJO9Uxv2vj9956Qau_lBNwZU1w5jjO3il_VLVo4UdgcBFw3d6rNq5vDmGv_8SHLUXlmicdi3UqcKdwORJkOtlcReTKkOWnZy0FWluTfD_wuqndDKjs4CO2gVFTWKAx9aDMFKvSHBe_7V2R-Gf9xwc6OGF2XebNA8a0gUsSgempg9vI3MelLrUzKINe3yYu-zH5Kif8__9bbZE3vh6D4e0qTI9kAl4BcRz_pbChAU6KbLUXIZY-tRa-Ya8vLLk=&p=17&fvj=1&vjs=3',
 'location': 'Fort-de-France (MQ)',
 'salary': None,
 'site': 'Indeed',
 'summary': 'Ingénieur réseau core & vas (nss) ou similaire: 1 an (Souhaité).'}
2020-02-22 13:35:23 [scrapy] DEBUG: Scraped from <200 https://www.indeed.fr/jobs?q=Ing%C3%A9nieur&start=10>
{'company': '',
 'crawl_url': 'https://www.indeed.fr/jobs?q=Ing%C3%A9nieur&start=10',
 'job_title': 'Ingénieur méthodes & Process H/F',
 'link_url': '/pagead/clk?mo=r&ad=-6NYlbfkN0CJQjIynK2A58ru0dyZMcOug4YnImVAtVGAQVWPfsPR2MSVccHjsg4vrxqs0pzJNxefrr5J92sypTYnGk9HoYW5s3ey5c1Iox6hfmPrg0WiALltidTGHuxuZgw3k7tZeRzS-ltKW9zCWlVn32BnYtw41hWkakPMsJTceQp4iMcCRfk5wMrWl3mY2JuRkUh_C3u9uFaRBNoq-gynlurmi8U8wBvHaZouyh-Sd9Bk3ygMRJXauBO1cxNA0-ZSpKAEP2W66_xS-RS-qNPTlQ0pdKCULOLrIdsKfRlDKUBzOxy86mOVulvdxT_kaF-oC3r4bqUKA1_H5ByOPkWE4ngwu7L5Lo3KZ2gRhgF5e1Z1Vk9jmNIeSj_8BbQbIBz5lUdHC4N0KtuZ6lxVEnbr_jCk6nIOOBI17lKKEkRgTKu4WgY3TucLjh9k135Ub9oVbGhABNXi4KvCFV4fwik1eKhoPcO4qZsxjZ6WOJZ0A1Dg7Pd0VA==&p=18&fvj=1&vjs=3',
 'location': 'Nantes (44)',
 'salary': None,
 'site': 'Indeed',
 'summary': 'Ingénieur méthodes & process h/f ou similaire: 1 an (Souhaité).'}
2020-02-22 13:35:23 [scrapy] DEBUG: Crawled (200) <GET https://www.indeed.fr/jobs?q=Ing%C3%A9nieur&start=20> (referer: https://www.indeed.fr/jobs?q=Ing%C3%A9nieur&start=10)
2020-02-22 13:35:23 [indeed2] DEBUG: 

 Crawling  https://www.indeed.fr/jobs?q=Ing%C3%A9nieur&start=20

2020-02-22 13:35:23 [scrapy] DEBUG: Scraped from <200 https://www.indeed.fr/jobs?q=Ing%C3%A9nieur&start=20>
{'company': '',
 'crawl_url': 'https://www.indeed.fr/jobs?q=Ing%C3%A9nieur&start=20',
 'job_title': 'Ingénieur QHSE H/F',
 'link_url': '/pagead/clk?mo=r&ad=-6NYlbfkN0BB3b24dDt05QOu3Vr7KR6zmdi_nl1hRsVcdS1Yke1NHhs2ww1Wk1Z6-STcHgl1AM5TChX2ZMGUTuUNd2_Bjgs0VVNF95Ic6YvTJGPD9T1vLWGxr03aUvp38SwVhJgEW-9lfUdQLQ26Mt3nqxhVa5OA7C1o_Z3Anjuv6Cjkkt5ScdZNj427OmMpugf7pmKtfXJ05wNK3L88DYIhW2tlHhmkk78pQAuflAfoBPD7duA3YAyJHqRkyvGOO6Oo_tf46WTyGX2NMB2N0EJWD_SF9pLulvm1q0xo5w48S6nUbgSNPh3Vb9mZOVtx-TqJ2AZoJ_KMIbbAFOA8_6UYS7uboaI7Z6VXpuDS5O-0PP_ND_lsPRUwQAGZDSQPjPqvUup1F-jffiEc4xMFJl7eQA0iTijSUqkn0u_rse6nhgfPqAnDkl4rFkSQcj3TbLBp0KsdIraAAu-JkWxD53ZOlUB0oZek7xEg9JmZYQnon4FujpDewg==&p=0&fvj=0&vjs=3',
 'location': 'Croissy-Beaubourg (77)',
 'salary': None,
 'site': 'Indeed',
 'summary': 'Formation : vous êtes issu(e)s d’un cursus type Écoles '
            "d'ingénieurs ou universitaire dans le secteur de la construction, "
            'complétées par une spécialisation dans…'}
2020-02-22 13:35:24 [scrapy] DEBUG: Scraped from <200 https://www.indeed.fr/jobs?q=Ing%C3%A9nieur&start=20>
{'company': '',
 'crawl_url': 'https://www.indeed.fr/jobs?q=Ing%C3%A9nieur&start=20',
 'job_title': 'Ingénieur aéronautique H/F',
 'link_url': '/pagead/clk?mo=r&ad=-6NYlbfkN0CvCzHKCV0pBpk3dBljYpIK7giJwAvpA3QpNppQJMstrT7pYmBeeNs-Yq3-96PInI2diamrzA1NICOxIevFBugswzlRJwWth6zFtJf_Bf4aW-RXPI0mg3kH5wXbo7OJl6bRCoyO4OUdXsCCiokaOrmhzmRXSYWKCT6fX1tERa1WW-I6IUMsA5HTRVboPhFlB6ApeoaUkDaInE3QORejjf3YgAsqN8ixWs9_CBZaYzoTyqXVAetze3fju6set3PvGQY48lB13GKdFfhMQMDHrJZXKeejymRIZYq7FrHx48bzWZuV__7SYROdi0h8gCcSPOyi1N7GUb2GmiQCwjbc9FR6zLVI2mAt902BsP1sCXw2tHu54UaGfyZXuShtLFwkj_KrS7iRP-Waca4f4H_t4LK_4Cr0g97iDHHFMCr_jWtPSV2yNhzPL0_rbv2KFiUMbs-_HZzD7GEIqeBcA9u6ZmbjvLW4P9a8N4DsewIJ1dzBiQcZcJIe8UPk4bqQ_LhYOt3NMz8rH7VnREHcxlT1slV_k-E-YvCzS_UT8zWa8WmrdfEtDC-mcjl4xtM_eODd1qU8iDVM2tg91iZQZs3ApF2MrwDORZw-pQ0I0ksMvWJE5aEFM-4eZjLwf--x5vvTE4Dgr54Ub-cSgV-19Kj9wPbO&p=1&fvj=0&vjs=3',
 'location': 'Occitanie',
 'salary': None,
 'site': 'Indeed',
 'summary': 'Dans le cadre du développement de nos activités Simulation Flight '
            'Dynamics pour CAPGEMINI en région Toulousaine, nous recherchons '
            'actuellement un ingénieur…'}
2020-02-22 13:35:24 [scrapy] DEBUG: Scraped from <200 https://www.indeed.fr/jobs?q=Ing%C3%A9nieur&start=20>
{'company': '',
 'crawl_url': 'https://www.indeed.fr/jobs?q=Ing%C3%A9nieur&start=20',
 'job_title': 'Ingénieur méthodes & Process H/F',
 'link_url': '/pagead/clk?mo=r&ad=-6NYlbfkN0CJQjIynK2A58ru0dyZMcOug4YnImVAtVGAQVWPfsPR2MSVccHjsg4vrxqs0pzJNxefrr5J92sypTYnGk9HoYW5s3ey5c1Iox6hfmPrg0WiALltidTGHuxuZgw3k7tZeRzS-ltKW9zCWlVn32BnYtw41hWkakPMsJTceQp4iMcCRfk5wMrWl3mYkqMzVfWh6FGU335D9IlAiEV9o776t8TkseuwJGrttb_N-MkeamoKHh9v1d_Lq_3cBnKU9XNRTQ5nEd94_chLaUlPZjQplDgbj8ETXYjuOvlJ0VhuxE36mjknTQT9r4E3bXVB5bPVx2Wq1JMFKhNC-tx0DmHuBJ-8s9PXizpm2MlTStZ69otOxrEWhm2uD2nUBO9TE-EezNNyElcw9LaAlP6BLUJiYEB2hABz7X56WDJlYNZaLVPQrf4h1BsrZwIsn28PVI3SYDsUoCVF2V8pl_YRUGs4mA8JmSxveNNUYGPp5n1R7DSzCw==&p=2&fvj=1&vjs=3',
 'location': 'Nantes (44)',
 'salary': None,
 'site': 'Indeed',
 'summary': 'Ingénieur méthodes & process h/f ou similaire: 1 an (Souhaité).'}
2020-02-22 13:35:24 [scrapy] DEBUG: Scraped from <200 https://www.indeed.fr/jobs?q=Ing%C3%A9nieur&start=20>
{'company': '',
 'crawl_url': 'https://www.indeed.fr/jobs?q=Ing%C3%A9nieur&start=20',
 'job_title': 'Ingénieur Approvisionnement h/f',
 'link_url': '/pagead/clk?mo=r&ad=-6NYlbfkN0CX-HxulN9karZZ25aH9lwAcebr__SE5BF-Q70BtB7HU5pvtUc8wzTaFVP4n6qKVHdhxpV9_qPB486080e3em1IduqBbvh7AceSsHPzEkXYos64iflwjf5iSYvDHPjZEYzuvlRLGIpGuTQgjzlReJpl_tIvocRVhl84sDxCkOeyvuGXBSoR6LpJs8Sg_tNxDsP81H_HYtaTvwPMV-lfy3yiy4M5t9s15RcvWUbL2NphXn7lPp2Rwl2zHq7K_3l4YXE70NzubSUJalYOqlvGWRLnRGIh0lr9Va1vHNJb__hM912YIj6bagmt_cDQe8QdUf3s440GAi-davxmol13SRGvw2-b90bpzmU3VgqDkrhN5rbvvfITRqzOsYn0opGMGCI0Em0plbx8Ek8oQ1faX5rezwtiY_W6XSfUObsQ36Swvy1V9NjCx-PDMrN0aLn2XRlWYYEQC3AY4haisOY0Ory-VdgbxqOHxQI=&p=3&fvj=1&vjs=3',
 'location': 'Laxou (54)',
 'salary': '31 000 € - 36 000 € par an',
 'site': 'Indeed',
 'summary': 'Ingénieur approvisionnement h/f ou similaire: 1 an (Souhaité).'}
2020-02-22 13:35:24 [scrapy] DEBUG: Scraped from <200 https://www.indeed.fr/jobs?q=Ing%C3%A9nieur&start=20>
{'company': 'Kaena',
 'crawl_url': 'https://www.indeed.fr/jobs?q=Ing%C3%A9nieur&start=20',
 'job_title': 'Ingénieur, chargé de missions en géotechnique',
 'link_url': '/pagead/clk?mo=r&ad=-6NYlbfkN0AWE-SMiljBjtX1xaXrmbS4OOp_lC2nSr8JJ5QHSkpS94v6L_PdJuz6MENbGKlAW7uzxF7tDK5WaxIqTbVzlcuVPAVZeRKu_RSMC6ckiGHdOqatUNm69XB9wJ6ccXh-1Zvn1AhTSSryBW9UIGvpL6OpU3Q1jBdS8JQtS19tFDN-fvUocrXpfhw9nlkcjFLaPYJyqpcNOpAKlxFbv679j5Me40jNO5exnWSPG21ThJ3Ba25bJcThWQi8v2YOD91caLLgT1lnK6m1-2qIGFGRKmiFjfd4giVjoAQPR8skj1f1MMhW84nk_YVkHGPL_jfQS96fARI0p8p9IBWucBeXLI72-YHOyWoVPGk46N5vvilpUbQNbFH5JSmcxGFaf7zQlSclFS2djnDp_Hx_J9vrn2Gt5CR09i24jLbKGf-I2q_zMf7lZbEgds5ZLZJYDPsQYen07QnEH9A5BurJDwN5QX21RNT76XI67bY8OJRq3yymAl4oEpwT5L2QDc5pQXS50oO1FhCfOiAYxg==&p=4&fvj=1&vjs=3',
 'location': 'Chambéry (73)',
 'salary': '28 000 € - 40 000 € par an',
 'site': 'Indeed',
 'summary': 'Vous postulez pour une entreprise à taille humaine (45 personnes) '
            'où chacun contribue activement à la réussite et à la bonne '
            'ambiance générale.'}
2020-02-22 13:35:25 [scrapy] DEBUG: Scraped from <200 https://www.indeed.fr/jobs?q=Ing%C3%A9nieur&start=20>
{'company': 'UTPM REALISATION',
 'crawl_url': 'https://www.indeed.fr/jobs?q=Ing%C3%A9nieur&start=20',
 'job_title': 'Ingénieur bureau d’études, ingénieur d’application en tôlerie',
 'link_url': '/pagead/clk?mo=r&ad=-6NYlbfkN0Dnl5YU7KN_WR70Fc0MC6UwIjY4iZKCu0VMPqQFz1XoEOpckswbDu_zRXf-G5byFNnomSOhZUUOwTNeK9WVdlJukKgRp4PzMf_KKr0hgqtSwUdf0S3JdhQmxCAbap0rpzt_0j4w4SIM3iq3j4ffVMVSgAV7qOLcx9yNiaU8-Y1wsJhFGQZBx966tAa0nY1EkL2Jt9kpWYvGUFJ38sRXSycbMd2C6Og0klQBW163VXwwpdVfxn3laNkDNTKDhkjuaqFXpNnA-yATE4Djw4MpAHdsY672y_ekGnUh3ESBWWTMnkilgHPfO-VYdG2vrykwDgFXk0UzGV1-BAXe6iZTXfVUcXhWu06UGG5rvlt4m7BPVDgvQSPstyPr_OtA39ZBW52xDhiZKH7d4L-4jTaSsFbi1HIX0VFVQ8ynDzv_CStgZirqdDwzDB96LLFCsFgSzpbFs7YbA7fLyiVgf-vTo1MXIhGoNhQWOXfGkFJCMXzUOSycsoGLEoG2H1Sw6iCVAyq0fexg6Ejd0meF4M9c4K1y5h-UHTzHIEFd0lMk616QMw==&p=5&fvj=1&vjs=3',
 'location': 'Coucy-le-Château-Auffrique (02)',
 'salary': None,
 'site': 'Indeed',
 'summary': 'Ingénieur bureau d’études,'}
2020-02-22 13:35:25 [scrapy] DEBUG: Scraped from <200 https://www.indeed.fr/jobs?q=Ing%C3%A9nieur&start=20>
{'company': 'SAMSON AGRO SASU',
 'crawl_url': 'https://www.indeed.fr/jobs?q=Ing%C3%A9nieur&start=20',
 'job_title': 'Ingénieur Méthodes Industrialisation H/F',
 'link_url': '/company/SAMSON-AGRO-SASU/jobs/Ing%C3%A9nieur-M%C3%A9thodes-Industrialisation-6b5a6ec9570d33e2?fccid=d9a1e68967e0205c&vjs=3',
 'location': 'Landivisiau (29)',
 'salary': '2 500 € - 3 000 € par mois',
 'site': 'Indeed',
 'summary': 'Ingénieur méthodes industrialisation ou similaire: 1 an '
            '(Souhaité).'}
2020-02-22 13:35:26 [scrapy] DEBUG: Scraped from <200 https://www.indeed.fr/jobs?q=Ing%C3%A9nieur&start=20>
{'company': 'BERT CONSULTANTS',
 'crawl_url': 'https://www.indeed.fr/jobs?q=Ing%C3%A9nieur&start=20',
 'job_title': 'Ingénieur généraliste - Eau / Environnement',
 'link_url': '/company/JEAN--RAPHAEL-BERT-CONSULTANT/jobs/Ing%C3%A9nieur-G%C3%A9n%C3%A9raliste-58e0681348c2deb6?fccid=ef34e78e94e38dc9&vjs=3',
 'location': 'Orléans (45)',
 'salary': None,
 'site': 'Indeed',
 'summary': 'Ingénieur généraliste - eau / environnement ou similaire: 1 an '
            '(Souhaité).'}
2020-02-22 13:35:26 [scrapy] DEBUG: Scraped from <200 https://www.indeed.fr/jobs?q=Ing%C3%A9nieur&start=20>
{'company': '',
 'crawl_url': 'https://www.indeed.fr/jobs?q=Ing%C3%A9nieur&start=20',
 'job_title': 'Ingénieur R&D Traitement de Surface',
 'link_url': '/rc/clk?jk=38e479bf49ecdf75&fccid=e01d53bb6b51f01b&vjs=3',
 'location': 'France',
 'salary': None,
 'site': 'Indeed',
 'summary': 'Ce service est composé de docteurs,'}
2020-02-22 13:35:26 [scrapy] DEBUG: Scraped from <200 https://www.indeed.fr/jobs?q=Ing%C3%A9nieur&start=20>
{'company': '',
 'crawl_url': 'https://www.indeed.fr/jobs?q=Ing%C3%A9nieur&start=20',
 'job_title': 'Ingénieur.e méthodes F/H',
 'link_url': '/rc/clk?jk=e3e707cd1a6eafec&fccid=1807e5727f702882&vjs=3',
 'location': 'Ducey (50)',
 'salary': None,
 'site': 'Indeed',
 'summary': 'Vous maîtrisez le lean manufacturing et ses outils, et êtes '
            "issu.e d’une formation d'ingénieur spécialisée dans la production "
            'industrielle et l’amélioration…'}
2020-02-22 13:35:26 [scrapy] DEBUG: Scraped from <200 https://www.indeed.fr/jobs?q=Ing%C3%A9nieur&start=20>
{'company': '',
 'crawl_url': 'https://www.indeed.fr/jobs?q=Ing%C3%A9nieur&start=20',
 'job_title': 'Ingénieur conception mécanique - Systèmes antennes H/F',
 'link_url': '/rc/clk?jk=9006936896299a8a&fccid=b3885ca934ed0066&vjs=3',
 'location': 'La Teste-de-Buch (33)',
 'salary': None,
 'site': 'Indeed',
 'summary': "Vous êtes titulaire d'un diplôme d'ingénieur à dominante "
            'mécanique ou master équivalent.'}
2020-02-22 13:35:26 [scrapy] DEBUG: Scraped from <200 https://www.indeed.fr/jobs?q=Ing%C3%A9nieur&start=20>
{'company': '',
 'crawl_url': 'https://www.indeed.fr/jobs?q=Ing%C3%A9nieur&start=20',
 'job_title': 'STAGE INGÉNIEUR MÉTHODES UAP',
 'link_url': '/rc/clk?jk=ef9f7e9cfee2c2fe&fccid=ffac1b3685b3c240&vjs=3',
 'location': 'Annemasse (74)',
 'salary': None,
 'site': 'Indeed',
 'summary': 'Envie de relever les défis du véhicule de demain ?'}
2020-02-22 13:35:27 [scrapy] DEBUG: Scraped from <200 https://www.indeed.fr/jobs?q=Ing%C3%A9nieur&start=20>
{'company': 'MROD',
 'crawl_url': 'https://www.indeed.fr/jobs?q=Ing%C3%A9nieur&start=20',
 'job_title': 'Ingénieur matériaux (H/F)',
 'link_url': '/rc/clk?jk=6ade66e7d0f6faa4&fccid=9b9ed73b9bf9e9ba&vjs=3',
 'location': 'Loire-Atlantique',
 'salary': None,
 'site': 'Indeed',
 'summary': "MROD, société de conseil en ingénierie recherche pour l'un de ses "
            'clients un'}
2020-02-22 13:35:27 [scrapy] DEBUG: Scraped from <200 https://www.indeed.fr/jobs?q=Ing%C3%A9nieur&start=20>
{'company': 'ALTOGEN',
 'crawl_url': 'https://www.indeed.fr/jobs?q=Ing%C3%A9nieur&start=20',
 'job_title': 'INGÉNIEUR QUALITÉ DISPOSITIFS MÉDICAUX F/H',
 'link_url': '/company/ALTOLYS-SAS/jobs/Ing%C3%A9nieur-Qualit%C3%A9-Dispositifs-M%C3%A9dicaux-F-H-028689559d2d08bb?fccid=d817c4e33a461b16&vjs=3',
 'location': 'Lyon (69)',
 'salary': '35 000 € - 45 000 € par an',
 'site': 'Indeed',
 'summary': "Créée en 2016, ALTOGEN est une société d'ingénierie et de conseil "
            'opérationnel spécialisée dans le domaine de la santé et du '
            'process.'}
2020-02-22 13:35:27 [scrapy] DEBUG: Scraped from <200 https://www.indeed.fr/jobs?q=Ing%C3%A9nieur&start=20>
{'company': '',
 'crawl_url': 'https://www.indeed.fr/jobs?q=Ing%C3%A9nieur&start=20',
 'job_title': 'Ingénieur Développeur Full Stack Confirmé F/H',
 'link_url': '/rc/clk?jk=a75824600a1c2797&fccid=07661a4e5e3582cf&vjs=3',
 'location': 'Nantes (44)',
 'salary': '33 000 € par an',
 'site': 'Indeed',
 'summary': 'Notre client est un éditeur de logiciels innovants dédiés au '
            'secteur de la restauration.'}
2020-02-22 13:35:27 [scrapy] DEBUG: Scraped from <200 https://www.indeed.fr/jobs?q=Ing%C3%A9nieur&start=20>
{'company': '',
 'crawl_url': 'https://www.indeed.fr/jobs?q=Ing%C3%A9nieur&start=20',
 'job_title': 'Stagiaire Ingénieur Maintenance - H/F',
 'link_url': '/rc/clk?jk=89a7216431d84b1f&fccid=a94c22913417566d&vjs=3',
 'location': 'France',
 'salary': None,
 'site': 'Indeed',
 'summary': 'Vous préparez un diplôme Bac+5 d’ingénieur généraliste, vous avez '
            'des connaissances techniques et vous recherchez un stage '
            'polyvalent, opérationnel et…'}
2020-02-22 13:35:27 [scrapy] DEBUG: Scraped from <200 https://www.indeed.fr/jobs?q=Ing%C3%A9nieur&start=20>
{'company': '',
 'crawl_url': 'https://www.indeed.fr/jobs?q=Ing%C3%A9nieur&start=20',
 'job_title': 'Ingénieur REACH H/F',
 'link_url': '/pagead/clk?mo=r&ad=-6NYlbfkN0DUN2b5WQb1EDIJ1VOcXkP2btY8_Jwn5DWOsultnYr2G_N_i2W0F2YhhbmE6xOyA7kuTX3aV-9RXTJFO05ZnRPle1mkrVKFBprOSMqCAjyalkhLnR9p5ihDoC9lmiJHKGLoWuXkSAfbY6s1jLthruOPRJwL3rWC1q1mKSkYrQujAzynwn4HBXzxjY2hWd9zREAO_pJmIPuS55gU1arn4XXsuXgC29URfohcrT-bMeo0JLi6mcfRr0LGx6P2b63oxMuVJ8ojA8oo3uklBgHPTCyidfJ-DpqwC0G0YAvFS2FQ9d0aYvfxJmTu4eMT7qOYyi6MiEns-PU8ITRtUL1-GQqv5VkgJ5uYWFAvhVzdpMiBwaqypP6MXWsj4WlAcE1wKLjyPGraiZ7bCVd-wWPsztXRAY5LTqOYXjyAutMqqNiKU1YLmmj7TxEbYL177t9llHg2eT_Ozwr805siDc6IYhnJ798EO_2tBbKWYlvlWAx2HA==&p=16&fvj=0&vjs=3',
 'location': 'Saint-Dizier (52)',
 'salary': None,
 'site': 'Indeed',
 'summary': 'Dans le cadre de nouveaux projets, nous recherchons un'}
2020-02-22 13:35:27 [scrapy] DEBUG: Scraped from <200 https://www.indeed.fr/jobs?q=Ing%C3%A9nieur&start=20>
{'company': 'ILIOS CONFORT',
 'crawl_url': 'https://www.indeed.fr/jobs?q=Ing%C3%A9nieur&start=20',
 'job_title': 'INGÉNIEUR ETUDE PHOTOVOLTAÏQUE - H/F',
 'link_url': '/pagead/clk?mo=r&ad=-6NYlbfkN0DoVxVWLfYFGsyTEKijx5Hav0VBsccIQE7ui7W7YjePrGpr0FsYuvK4baYqF4sb7UsV_sElzNaKQaMp4b7kEin_AkTUve6NrqYFxI-15AMjZlDxj5CoTSGnY2h4Vlc0epxLmIB8tOlEIpY7kvGHWPu0Wfuk6AdHSvs6dVoclXASOyCpltfH6CjuqKzHqeKy3Dv6H8JUBqcYqgJco78KdGldt5mb76PRWCdHfg-X7ta_HsXZYHflufbl3g9FBnf_QAgADGOMHx21K3sdSh-ERCVhOFvHeU0Ozc4O96Qd0Y5tn_-CFbmVdJ3gq_4JNswCEIKxpqBobBOfMujs4I54K3AVE-yJza6HdYq6eeAUykNbn60L4f-fiQHh-8K1nCZc84Z2EMQW12tauTAQETxJF4nEvp0aK-gidgLKboYo7ZSYAuwaKzYA678bok35w-xrAg4fdxdEMNxP836i1TXC5VtL3Q_FSfdKTGBwJ-Hf_NoItRFuMV_nG99T&p=17&fvj=1&vjs=3',
 'location': 'Lattes (34)',
 'salary': '2 000 € - 3 000 € par mois',
 'site': 'Indeed',
 'summary': 'Le Groupe ILIOS CONFORT est né il y a 10 ans, à Montpellier, dans '
            'le département de l’Hérault..'}
2020-02-22 13:35:28 [scrapy] DEBUG: Scraped from <200 https://www.indeed.fr/jobs?q=Ing%C3%A9nieur&start=20>
{'company': 'Groupe FONDASOL',
 'crawl_url': 'https://www.indeed.fr/jobs?q=Ing%C3%A9nieur&start=20',
 'job_title': 'Fondasolien(ne) Ingénieur études géotechniques H/F - NANCY (54)',
 'link_url': '/pagead/clk?mo=r&ad=-6NYlbfkN0CUDYoHFrKI_rCDjTbfjbwOGoXTOA__xkeyLkEi6s2wzorQny4EN-w-QN7oDKC55OnvBhpyDfnLRYwUsbJc11sUXVX859oDsV68ji-Cnvr6cm5YFT70Cz9i5exvw0GHYo_VbXLE11zREmu5ABElrdILErmOc4DqLzCNFYPKUMN_9SjPVTXoQTeW8wxN7p8jdn77imfiQu9xtdRwUxH_IatWd1kL-2EghdS2ztdPMi2U_EBGRxTSdZ8Ao83zRp308le0mnTU8kU4REWxCQXmJQ_cYmJ8rJpN2uHrVQj-ZnM-0b6rwEMfAOqqqOQrD1MNxEWnx1oXRUFSo5xXMxrfgWk9ACB_uaZ4AU8aSZgZLAoKGd9gEF51JjjtWG6tp9v_mYvMgNhFxKnW7Ef1sZMSANhRoq4dGtPXFW8xpQ65u9zwmdN3YHFh89EP5i1t5kqLC3hY33HX5Zv7fEcUdTRIDDN3mt1Iqr0xCDrTqhIbiIBEz4d4lFzAcEgCsjBWs7Z03kzU5pNZJrFdSeNKRm4WMtC7FOS4S-1C9Ko=&p=18&fvj=1&vjs=3',
 'location': 'Nancy (54)',
 'salary': None,
 'site': 'Indeed',
 'summary': 'Ingénieur géotechnicien ou similaire: 2 ans (Souhaité).'}
2020-02-22 13:35:28 [scrapy] DEBUG: Crawled (200) <GET https://www.indeed.fr/jobs?q=Ing%C3%A9nieur&start=30> (referer: https://www.indeed.fr/jobs?q=Ing%C3%A9nieur&start=20)
2020-02-22 13:35:28 [indeed2] DEBUG: 

 Crawling  https://www.indeed.fr/jobs?q=Ing%C3%A9nieur&start=30

2020-02-22 13:35:30 [scrapy] DEBUG: Scraped from <200 https://www.indeed.fr/jobs?q=Ing%C3%A9nieur&start=30>
{'company': '',
 'crawl_url': 'https://www.indeed.fr/jobs?q=Ing%C3%A9nieur&start=30',
 'job_title': 'Ingénieur Etudes et Développement H/F',
 'link_url': '/pagead/clk?mo=r&ad=-6NYlbfkN0C4k4p-k5JzKkeZ2Lr19hfYmMp1S0DcJgPWWdbuG5E_sIArX6VRKNiqDukHdWSMqdSaXofdUfV4m5qo2zmyx-e7fDlIQJCB_TEy075U7HQWLVRnj50s_6kJ0NckY8JbjvawsvFJLqjlSNtMnmXna7r5QOoRF6LdPRrKprm_4-KqoJeTJyN1k4lNBxsRcn6bacLEsvzlDvDhFQTKNA3Tu4ElKaLnW66loOWpizHRdoc5_SarIhzG_2GmscsVceS-0PJuyvGA6IYuPRLtYvv5JxFStiKCRZt3ZaxofKM3eNVoajuDeBOeZegxGuW-t6hjfLM_Nhb0TmzDDPkHXF68mJuDJggXb58SIkslNS0CO8H4uv7hCF2tCfAzlJ_GJIS4EVkmlUsiyn36P2RgB5qToeVG2iZZCqdcMABSPqW3Z1PxLXgbIad4ljcfe0O3nTjtO2r2xat0D5fitMKnj3Wam2Br5WS0HJoEjH9sctmOqUqrI_q7ulyGwxxw&p=0&fvj=1&vjs=3',
 'location': "Villeneuve-d'Ascq (59)",
 'salary': None,
 'site': 'Indeed',
 'summary': 'Dans un contexte international et dans un environnement où la '
            'sécurité des systèmes d’information est une composante majeure, '
            'nous recrutons un'}
2020-02-22 13:35:30 [scrapy] DEBUG: Scraped from <200 https://www.indeed.fr/jobs?q=Ing%C3%A9nieur&start=30>
{'company': 'ILIOS CONFORT',
 'crawl_url': 'https://www.indeed.fr/jobs?q=Ing%C3%A9nieur&start=30',
 'job_title': 'INGÉNIEUR ETUDE PHOTOVOLTAÏQUE - H/F',
 'link_url': '/pagead/clk?mo=r&ad=-6NYlbfkN0DoVxVWLfYFGsyTEKijx5Hav0VBsccIQE7ui7W7YjePrGpr0FsYuvK4baYqF4sb7UsV_sElzNaKQaMp4b7kEin_AkTUve6NrqYFxI-15AMjZlDxj5CoTSGnY2h4Vlc0epxLmIB8tOlEIpY7kvGHWPu0Wfuk6AdHSvs6dVoclXASOyCpltfH6CjueqVxUo_v3htmnRFy_LSxuA5eaXrJsGP-cfow9B9H1L_p5sWFFL9BS7Q5ZKMLDjeH096APqu0RQigN9g3sEZPdSyaRkTcUJXWsRUot1h3T9B8Z_xWTHdkM4CAbfOz_jIm_yPu-cYO0dheESLliFvxqa6QOTxDAiWh86jTyQEdqnetU1F3nBAcRnRaa1JhNUzztucQqVN29GbGnQq4ywPI1Kq5woDwZzZQ__lQ2kS6QyJgDvIHw5KxT_dg3_IxhmY9iOxm_5TFTs3_CstEmgu8_tdiX5EWL8PK9SoUJIHBIEnmhZuQIC86__EUFtXfaNCm&p=1&fvj=1&vjs=3',
 'location': 'Lattes (34)',
 'salary': '2 000 € - 3 000 € par mois',
 'site': 'Indeed',
 'summary': 'Le Groupe ILIOS CONFORT est né il y a 10 ans, à Montpellier, dans '
            'le département de l’Hérault..'}
2020-02-22 13:35:30 [scrapy] DEBUG: Scraped from <200 https://www.indeed.fr/jobs?q=Ing%C3%A9nieur&start=30>
{'company': '',
 'crawl_url': 'https://www.indeed.fr/jobs?q=Ing%C3%A9nieur&start=30',
 'job_title': 'Ingénieur QHSE H/F',
 'link_url': '/pagead/clk?mo=r&ad=-6NYlbfkN0BB3b24dDt05QOu3Vr7KR6zmdi_nl1hRsVcdS1Yke1NHhs2ww1Wk1Z6-STcHgl1AM5TChX2ZMGUTuUNd2_Bjgs0VVNF95Ic6YvTJGPD9T1vLWGxr03aUvp38SwVhJgEW-9lfUdQLQ26Mt3nqxhVa5OA7C1o_Z3Anjuv6Cjkkt5ScdZNj427OmMpXPPqezJr1lCbguK6SP2GB83cuPUOnuLjHjtjwLHBapcsVfIE9ozxscBlGknJjhsVwYNgX6ZqWy9UO0cQX5ZiHC0y_4nbeTZqukbLSFeJ0YxFDzPXD_bFTPI0dnyWFU7MD9XPCcEDYKYqCtc0N0UuoIIfZW_opfIG6eJeibwLLaxpT-Jax5zuYWAd4xzxqYm35lcEPELjwi6WkgBR1vI8C8mMnzcco8vdItsNzsPVZ17zgEDmbtWlO6C9L6_RTevv-sgwV6z9K67Dpb5Ms3wDO7tMURhb4UAWG3LcZMdh1HPuPmCVaVqfFQ==&p=2&fvj=0&vjs=3',
 'location': 'Croissy-Beaubourg (77)',
 'salary': None,
 'site': 'Indeed',
 'summary': 'Formation : vous êtes issu(e)s d’un cursus type Écoles '
            "d'ingénieurs ou universitaire dans le secteur de la construction, "
            'complétées par une spécialisation dans…'}
2020-02-22 13:35:31 [scrapy] DEBUG: Scraped from <200 https://www.indeed.fr/jobs?q=Ing%C3%A9nieur&start=30>
{'company': '',
 'crawl_url': 'https://www.indeed.fr/jobs?q=Ing%C3%A9nieur&start=30',
 'job_title': 'Ingénieur REACH H/F',
 'link_url': '/pagead/clk?mo=r&ad=-6NYlbfkN0DUN2b5WQb1EDIJ1VOcXkP2btY8_Jwn5DWOsultnYr2G_N_i2W0F2YhhbmE6xOyA7kuTX3aV-9RXTJFO05ZnRPle1mkrVKFBprOSMqCAjyalkhLnR9p5ihDoC9lmiJHKGLoWuXkSAfbY6s1jLthruOPRJwL3rWC1q1mKSkYrQujAzynwn4HBXzx1iWQoy21_nC5BcFbNklPDg3FfRhNmJ71hSaqp54GkOU4Z2h_lfJ8gd9Ey10k-HrgohziU9c6NAw9roiB782FmAv2XmuVfRtjwePbhG3nq25AvX1YFsXQm7UUjLYrzWvNaWQGqbymX5zjPOvl3hAbJFGjOPhOHGODeVfD68eAuXjeSCeUalTL5a80KYW-IW_W2an5Q4aDBK0HIovAanH38y3MxkYOKxT5wTfSok8yYlui5MSAnSnPbKGQ8f7DojIIeLyNYI5CqegWqqMj_rOprJZdQL9xvaQZPBqZBWlsKQFJ32HbFNFNRQ==&p=3&fvj=0&vjs=3',
 'location': 'Saint-Dizier (52)',
 'salary': None,
 'site': 'Indeed',
 'summary': 'Dans le cadre de nouveaux projets, nous recherchons un'}
2020-02-22 13:35:31 [scrapy] DEBUG: Scraped from <200 https://www.indeed.fr/jobs?q=Ing%C3%A9nieur&start=30>
{'company': 'Groupe Pigeon',
 'crawl_url': 'https://www.indeed.fr/jobs?q=Ing%C3%A9nieur&start=30',
 'job_title': 'Ingénieur Amélioration Continue H/F',
 'link_url': '/company/Groupe-Pigeon/jobs/Ing%C3%A9nieur-Am%C3%A9lioration-Continue-99c0bd435b1090ea?fccid=d8f795d7a10bf7d8&vjs=3',
 'location': 'Montreuil-des-Landes (35)',
 'salary': None,
 'site': 'Indeed',
 'summary': 'Le Groupe Pigeon recherche pour sa société Pigeon Préfa '
            'appartenant à la branche Préfabrication d’éléments en béton, un '
            '*ingénieur en amélioration continue, H…'}
2020-02-22 13:35:31 [scrapy] DEBUG: Scraped from <200 https://www.indeed.fr/jobs?q=Ing%C3%A9nieur&start=30>
{'company': '',
 'crawl_url': 'https://www.indeed.fr/jobs?q=Ing%C3%A9nieur&start=30',
 'job_title': 'Alternant Ingénieur amélioration continue - H/F',
 'link_url': '/rc/clk?jk=958c7c308340aed9&fccid=a94c22913417566d&vjs=3',
 'location': 'Saint-Malo (35)',
 'salary': None,
 'site': 'Indeed',
 'summary': 'Profil recherché : Vous préparez un diplôme Bac +3 à Bac +5 '
            'd’ingénieur généraliste et avez déjà eu une première expérience '
            'dans le domaine de la maintenance et…'}
2020-02-22 13:35:31 [scrapy] DEBUG: Scraped from <200 https://www.indeed.fr/jobs?q=Ing%C3%A9nieur&start=30>
{'company': '',
 'crawl_url': 'https://www.indeed.fr/jobs?q=Ing%C3%A9nieur&start=30',
 'job_title': 'ST - BAC+5 - Ingénieur Génie Industriel / Logistique '
              '(inventaires, fiabilité des stocks) - Usine de Flins F/H',
 'link_url': '/rc/clk?jk=65fadc8957a9cdde&fccid=d87a03e3623e180d&vjs=3',
 'location': 'Aubergenville (78)',
 'salary': None,
 'site': 'Indeed',
 'summary': "Au sein du Département de Logistique Industrielle de l'usine de "
            "Renault Flins, vous serez rattaché(e) au Chef d'équipe "
            'Fiabilisation des Stocks.'}
2020-02-22 13:35:31 [scrapy] DEBUG: Scraped from <200 https://www.indeed.fr/jobs?q=Ing%C3%A9nieur&start=30>
{'company': '',
 'crawl_url': 'https://www.indeed.fr/jobs?q=Ing%C3%A9nieur&start=30',
 'job_title': 'Ingénieur supply chain (H/F)',
 'link_url': '/rc/clk?jk=1ae5e6dfd733fb9e&fccid=f04f421aef63b60c&vjs=3',
 'location': 'Lyon (69)',
 'salary': None,
 'site': 'Indeed',
 'summary': "Keolis Lyon - CA 410 millions d'euros, 4 500 salariés, 1 850 000 "
            'voyages / jour- exploite le réseau TCL pour le compte du SYTRAL, '
            'et l’assiste dans son rôle de…'}
2020-02-22 13:35:31 [scrapy] DEBUG: Scraped from <200 https://www.indeed.fr/jobs?q=Ing%C3%A9nieur&start=30>
{'company': 'Jifmar Offshore Services',
 'crawl_url': 'https://www.indeed.fr/jobs?q=Ing%C3%A9nieur&start=30',
 'job_title': 'Stagiaire Ingénieur projets F/H',
 'link_url': '/company/JIFMAR-OFFSHORE-SERVICES/jobs/Stagiaire-Ing%C3%A9nieur-Projets-F-H-8641666ef6a71e5f?fccid=37f032880b03ae75&vjs=3',
 'location': 'Sète (34)',
 'salary': '561 € par mois',
 'site': 'Indeed',
 'summary': "Dernière année de diplôme d'ingénieur ou équivalent en cours."}
2020-02-22 13:35:31 [scrapy] DEBUG: Scraped from <200 https://www.indeed.fr/jobs?q=Ing%C3%A9nieur&start=30>
{'company': '',
 'crawl_url': 'https://www.indeed.fr/jobs?q=Ing%C3%A9nieur&start=30',
 'job_title': 'Assistant ingénieur optimisation des procédés H/F',
 'link_url': '/company/MINAKEM/jobs/Assistant-Ing%C3%A9nieur-Optimisation-Des-Proc%C3%A9d%C3%A9s-61c7e541d6db1616?fccid=6ff5f7dea088d65f&vjs=3',
 'location': 'Dunkerque (59)',
 'salary': None,
 'site': 'Indeed',
 'summary': 'Assistant'}
2020-02-22 13:35:32 [scrapy] DEBUG: Scraped from <200 https://www.indeed.fr/jobs?q=Ing%C3%A9nieur&start=30>
{'company': '',
 'crawl_url': 'https://www.indeed.fr/jobs?q=Ing%C3%A9nieur&start=30',
 'job_title': 'Assistant ingénieur études en génie électrique F/H',
 'link_url': '/rc/clk?jk=d927a9abf6c19fce&fccid=85e9b52080d4981d&vjs=3',
 'location': 'Ferrières-en-Brie (77)',
 'salary': None,
 'site': 'Indeed',
 'summary': 'Etudiant-e en dernière année de formation supérieure (école '
            'd’ingénieur, université) avec une spécialisation en génie '
            'électrique, vous êtes doté-e de solides…'}
2020-02-22 13:35:33 [scrapy] DEBUG: Scraped from <200 https://www.indeed.fr/jobs?q=Ing%C3%A9nieur&start=30>
{'company': '',
 'crawl_url': 'https://www.indeed.fr/jobs?q=Ing%C3%A9nieur&start=30',
 'job_title': 'Ingénieur Quantitatif Risques (Portefeuille) H/F',
 'link_url': '/rc/clk?jk=f0c3c29001b7065e&fccid=68928fde239d7c6b&vjs=3',
 'location': 'Paris (75)',
 'salary': None,
 'site': 'Indeed',
 'summary': 'Rattaché au responsable du pôle, l’ingénieur quantitatif risques '
            'a en charge la modélisation des paramètres de risque pris en '
            'compte dans les calculs sus…'}
2020-02-22 13:35:33 [scrapy] DEBUG: Scraped from <200 https://www.indeed.fr/jobs?q=Ing%C3%A9nieur&start=30>
{'company': '',
 'crawl_url': 'https://www.indeed.fr/jobs?q=Ing%C3%A9nieur&start=30',
 'job_title': 'Ingénieur méthodes (H/F)',
 'link_url': '/rc/clk?jk=c56e2c8672554597&fccid=05f9113dee39ce02&vjs=3',
 'location': 'Caen (14)',
 'salary': None,
 'site': 'Indeed',
 'summary': 'Depuis 35 ans, ABMI s’engage pour la conception de produits de '
            'qualité et pour l’optimisation de la performance des processus et '
            'des installations industrielles…'}
2020-02-22 13:35:33 [scrapy] DEBUG: Scraped from <200 https://www.indeed.fr/jobs?q=Ing%C3%A9nieur&start=30>
{'company': 'Abylsen STRA',
 'crawl_url': 'https://www.indeed.fr/jobs?q=Ing%C3%A9nieur&start=30',
 'job_title': 'Ingénieur Qualité',
 'link_url': '/company/Abylsen-STRA/jobs/Ing%C3%A9nieur-Qualit%C3%A9-41ee50da9afdbbd7?fccid=0468cef8de5290ac&vjs=3',
 'location': 'Annecy (74)',
 'salary': '32 000 € - 35 000 € par an',
 'site': 'Indeed',
 'summary': 'Ingénieur qualité ou similaire: 1 an (Souhaité).'}
2020-02-22 13:35:33 [scrapy] DEBUG: Scraped from <200 https://www.indeed.fr/jobs?q=Ing%C3%A9nieur&start=30>
{'company': '',
 'crawl_url': 'https://www.indeed.fr/jobs?q=Ing%C3%A9nieur&start=30',
 'job_title': 'Ingénieur méthodes & Process H/F',
 'link_url': '/pagead/clk?mo=r&ad=-6NYlbfkN0CJQjIynK2A58ru0dyZMcOug4YnImVAtVGAQVWPfsPR2MSVccHjsg4vrxqs0pzJNxefrr5J92sypTYnGk9HoYW5s3ey5c1Iox6hfmPrg0WiALltidTGHuxuZgw3k7tZeRzS-ltKW9zCWlVn32BnYtw41hWkakPMsJTceQp4iMcCRfk5wMrWl3mYrNiluWWZmd903hAxqlymhw6hupG5hx9as8ZsXn2M3zDdFj2BIS0ywnRCgtBaTC_J4zG7awf-ZJ4HsIlA1x7HG_257fq4LYiPewnizE_BCqshWNnORgxHQ48ZK_QFPDH4aSGrHDH8exTQ9aDNTYwAHVlvuIX_jAGLxapVVzj5ZBLVSWlwQQUnNcB6riDtq1O69ra5WhurHPln_vAUPUA4meZ7rct5bMt4eLaHmiZQ9PgT63HVhBB2MvSgBbxCbvIrqOhL-TjpRmxLnxyCYna5Av8Y7Hv6myw_vzu_MDZwxBEtlqFllqklxg==&p=14&fvj=1&vjs=3',
 'location': 'Nantes (44)',
 'salary': None,
 'site': 'Indeed',
 'summary': 'Ingénieur méthodes & process h/f ou similaire: 1 an (Souhaité).'}
2020-02-22 13:35:33 [scrapy] DEBUG: Scraped from <200 https://www.indeed.fr/jobs?q=Ing%C3%A9nieur&start=30>
{'company': '',
 'crawl_url': 'https://www.indeed.fr/jobs?q=Ing%C3%A9nieur&start=30',
 'job_title': 'Ingénieur Approvisionnement h/f',
 'link_url': '/pagead/clk?mo=r&ad=-6NYlbfkN0CX-HxulN9karZZ25aH9lwAcebr__SE5BF-Q70BtB7HU5pvtUc8wzTaFVP4n6qKVHdhxpV9_qPB486080e3em1IduqBbvh7AceSsHPzEkXYos64iflwjf5iSYvDHPjZEYzuvlRLGIpGuTQgjzlReJpl_tIvocRVhl84sDxCkOeyvuGXBSoR6LpJ4U4iUjOWqaV4Dxtl_06B3Tw2RjfdnzQc-Tk6e_0ALXtEKw5DGofowZOwruVcHgg3myr_O1ijfuImA3kGQEsoj3LCJ1WbPsYeRyHTP2txf5suwnqLNtaHS02TdAX4z2UoFpbm8EoekOLuteTwmj5RzFOw-0WvchIMUmI77BWglil00QNTY1FxjnlaAI60esZpY2fwlmTfGQ-mJ7wmHDbna2A_nrwudEkQ3fLiiABx4UF1gDMl4-1EdTzGICW-h3Ab8YscRgCMzHOdFnn1cXf8s561NrQLNrcgo2BNZcnZeJk=&p=15&fvj=1&vjs=3',
 'location': 'Laxou (54)',
 'salary': '31 000 € - 36 000 € par an',
 'site': 'Indeed',
 'summary': 'Ingénieur approvisionnement h/f ou similaire: 1 an (Souhaité).'}
2020-02-22 13:35:33 [scrapy] DEBUG: Scraped from <200 https://www.indeed.fr/jobs?q=Ing%C3%A9nieur&start=30>
{'company': 'OUTREMER TELECOM',
 'crawl_url': 'https://www.indeed.fr/jobs?q=Ing%C3%A9nieur&start=30',
 'job_title': 'Ingénieur Réseau Core & Vas (NSS) H/F',
 'link_url': '/pagead/clk?mo=r&ad=-6NYlbfkN0ANVR7qhJ2D3RLJwT2VKKKxIAtenSzWuHAexBhM6KtDoaBXZroVjMdsdNxpmHZ8xS0agr55qgzsjkOFlWdxyDRDVuY6je58IkWiuPGDC7IYciRsDtWCGjpOXh6VFI17_yBYIfe0uN-8xhuyGSvt_Fqs092slSytq20fJE8zZyT1OpDqKgvsG_xHIVvThytKrCDZCjkMAeFwtizPJmb49vbqfNTjwg8xjxmOZbT8SE-r216XFapix2xwfCzhcD0IoTWpAR6gcP-9Oa_LJvYif1fpfOpmeKzH9L6c8xNpZF3oq3ODGgoprpc3HS6xSaRHRp71wop72MClkmSMHsFWMtFu3XgR3T_pwrXYkR9UbpqyPYC0II4ELkUjZWpGlBVtrDfaTScwuZlZqJNByTwTxjEaFZyRvNtwbBIV_LFbDGqLus-o95Qk4X-c8BUKGV_0r3Q=&p=16&fvj=1&vjs=3',
 'location': 'Fort-de-France (MQ)',
 'salary': None,
 'site': 'Indeed',
 'summary': 'Ingénieur réseau core & vas (nss) ou similaire: 1 an (Souhaité).'}
2020-02-22 13:35:34 [scrapy] DEBUG: Scraped from <200 https://www.indeed.fr/jobs?q=Ing%C3%A9nieur&start=30>
{'company': 'UTPM REALISATION',
 'crawl_url': 'https://www.indeed.fr/jobs?q=Ing%C3%A9nieur&start=30',
 'job_title': 'Ingénieur bureau d’études, ingénieur d’application en tôlerie',
 'link_url': '/pagead/clk?mo=r&ad=-6NYlbfkN0Dnl5YU7KN_WR70Fc0MC6UwIjY4iZKCu0VMPqQFz1XoEOpckswbDu_zRXf-G5byFNnomSOhZUUOwTNeK9WVdlJukKgRp4PzMf_KKr0hgqtSwUdf0S3JdhQmxCAbap0rpzt_0j4w4SIM3iq3j4ffVMVSgAV7qOLcx9yNiaU8-Y1wsJhFGQZBx966AUDxH_cPqO8P2x8q-MWzikzQqY1S1dhscK8ZfS-dZFLEm-ZCkpSxDDxswluV8lse2yZ9-QOjuGVnnsrYqHZhY_tUlkrqMkKbFF6uupkAIRB_9EPVm4qRqm9V3RluVMTL2QFRDVZdEpGjv3sw95PggsG66QS0ORG84gDwffLux01z-3pZZ9EgH0b7Wi2L4cb6omfQBSRuEtur04Drdtsu4oneiUiSM3sQZZpkf5phJBUt-iNvNwo-WCZ9yNjA3cnKqihvSezmHEXZGhcIJgdV0jrRSeBlQRaTAefNgU73FpLXvDp4RafDFBU8G_vjgffxXC9b3hw25-FVftMAn4lRU91lCChcjQKrjcYjEnAd2L0DLtM63_QIKQ==&p=17&fvj=1&vjs=3',
 'location': 'Coucy-le-Château-Auffrique (02)',
 'salary': None,
 'site': 'Indeed',
 'summary': 'Ingénieur bureau d’études,'}
2020-02-22 13:35:34 [scrapy] DEBUG: Scraped from <200 https://www.indeed.fr/jobs?q=Ing%C3%A9nieur&start=30>
{'company': 'Groupe FONDASOL',
 'crawl_url': 'https://www.indeed.fr/jobs?q=Ing%C3%A9nieur&start=30',
 'job_title': 'Fondasolien(ne) Ingénieur études géotechniques H/F - NANCY (54)',
 'link_url': '/pagead/clk?mo=r&ad=-6NYlbfkN0CUDYoHFrKI_rCDjTbfjbwOGoXTOA__xkeyLkEi6s2wzorQny4EN-w-QN7oDKC55OnvBhpyDfnLRYwUsbJc11sUXVX859oDsV68ji-Cnvr6cm5YFT70Cz9i5exvw0GHYo_VbXLE11zREmu5ABElrdILErmOc4DqLzCNFYPKUMN_9SjPVTXoQTeWGuD35FuWGYFlz9pCg7SakhukjAVzzfoV0XSQXFnrV0kJJIpOrFeTlfTSEvMGSC2RXbaLU0IbDCDRpeIwfsuB2ai6lrLXFAG0NgKQy-VxAPxEmhQYGfDPdByVNuFgk_di2YtSAkFv24rvc0FdIpDErJZZi_go3oTayO9axsgNSzWGTprj2XHa5_DAsjS4pl5m95SR_QsUxI7Uqw6_Q_eYZeoLvdFkreL1exEIhGP4MhpKutfAtZveo4h8qrN9YJykCgITr08MOQcs7F8F8ytc7v0EjkmjAUiLENfViEvbx0n2NMvDCmNogeg6nzDF26Y_YvoOX04JzyICeXwBQzMSIB4jHPTi9MKAqOKYM9uFYLs=&p=18&fvj=1&vjs=3',
 'location': 'Nancy (54)',
 'salary': None,
 'site': 'Indeed',
 'summary': 'Ingénieur géotechnicien ou similaire: 2 ans (Souhaité).'}
2020-02-22 13:35:34 [scrapy] INFO: Closing spider (stop generating requests, only 5 requests allowed)
2020-02-22 13:35:34 [scrapy] INFO: Dumping Scrapy stats:
{'downloader/request_bytes': 2822,
 'downloader/request_count': 6,
 'downloader/request_method_count/GET': 6,
 'downloader/response_bytes': 414692,
 'downloader/response_count': 6,
 'downloader/response_status_count/200': 5,
 'downloader/response_status_count/301': 1,
 'elapsed_time_seconds': 21.304355,
 'finish_reason': 'stop generating requests, only 5 requests allowed',
 'finish_time': datetime.datetime(2020, 2, 22, 13, 35, 34, 294609),
 'item_scraped_count': 75,
 'log_count/DEBUG': 311,
 'log_count/INFO': 82,
 'memusage/max': 68005888,
 'memusage/startup': 68005888,
 'request_depth_max': 4,
 'response_received_count': 5,
 'robotstxt/request_count': 1,
 'robotstxt/response_count': 1,
 'robotstxt/response_status_count/200': 1,
 'scheduler/dequeued': 5,
 'scheduler/dequeued/memory': 5,
 'scheduler/enqueued': 6,
 'scheduler/enqueued/memory': 6,
 'start_time': datetime.datetime(2020, 2, 22, 13, 35, 12, 990254)}
2020-02-22 13:35:34 [scrapy] INFO: Spider closed (stop generating requests, only 5 requests allowed)
