2020-01-17 13:57:25 [scrapy] DEBUG: Crawled (200) <GET https://www.indeed.fr/robots.txt> (referer: None)
2020-01-17 13:57:25 [scrapy] DEBUG: Redirecting (301) to <GET https://www.indeed.fr/Emplois-vendeur> from <GET https://www.indeed.fr/jobs?q=vendeur>
2020-01-17 13:57:26 [scrapy] DEBUG: Crawled (200) <GET https://www.indeed.fr/Emplois-vendeur> (referer: None)
2020-01-17 13:57:26 [indeed2] DEBUG: 

 Crawling  https://www.indeed.fr/Emplois-vendeur

2020-01-17 13:57:26 [scrapy] DEBUG: Scraped from <200 https://www.indeed.fr/Emplois-vendeur>
{'company': 'TRIO FRUITS 18, Avenue Sylvie 77500 CHELLES',
 'crawl_url': 'https://www.indeed.fr/Emplois-vendeur',
 'job_title': 'Vendeur libre service H/F',
 'link_url': '/pagead/clk?mo=r&ad=-6NYlbfkN0CYdeF5MsF6vhrnDpgH0-6MeYQSBGqjEnAWLeXrAwT5N11BCJTOaYrivRXyX4A6YzlQoiMpRmAsEH8nW7VLEEHIWV5LOl9qEFsPozTkq1pzB0ucNHbonKGgV6-PP4Phx-Jv2MVWp4KjGA91sp8LtWxdhDFOyM0hnwUw8rpPelbtQND_NAhbG5ywaDDUoSFPeEB08S6TXvK7JSLIjRM-UkMXyAL8x23HeCYLKqpNrqEOlSfBirAN5aJlxKd1frrh0Pg-wDYZcxggW_LTaKL8WCzzlNzqN1SrpLiftr3GSr3wumNiWal9SCYDwjER__Ap4AnuHW8hza2JNEQp0uS2gxpeK7mfH9kpdSXnwVuQAw5073Gx6fdSuGoO9OnibjsI1iCMgqMbVdd3o3hoH4prttSemEbGBpyw4c_hF4AeUt3Ta7M331sJ7jgDsj6RDdl24LQ=&p=0&fvj=1&vjs=3',
 'location': 'Chelles (77)',
 'salary': '1 521 € - 1 522 € par mois',
 'site': 'Indeed',
 'summary': 'Salaire : 1 521,22€ à 1 522,22€ /mois.'}
2020-01-17 13:57:26 [scrapy] DEBUG: Scraped from <200 https://www.indeed.fr/Emplois-vendeur>
{'company': 'UGG',
 'crawl_url': 'https://www.indeed.fr/Emplois-vendeur',
 'job_title': 'Conseiller de vente H/F',
 'link_url': '/pagead/clk?mo=r&ad=-6NYlbfkN0AJI9Wp2BkTx-QXeP_nzCPoQSGPLq0r4hj-QecrZNt_t-xOugqkpct4KmtYVQAkCEG2ltoxEcc2nClyClerZHCG5BTL5imzNfFzuotCxCfPL6tAfd05cTj2Im5jDbAbghDW5mmoaKihDvjj_fBUMbvkhr0lMZXqGPGDEh-SeoaXnp1rZghBGQNT6nrUv_N4s3ewKm5wDiT-TEWmhf8JwA9moTVfgQ1PQTpOWGbfPnNPTTgTFENgjF7ObvIpxWn6LlX_rasa0DVEoz7oucshLyj8JbR2G9XkZCDLrcc-mMDeSYIKWZgI-p4RtH_Lwo6fkzwYUsI4-aGzCNs970dKNREt26TAVu8bDYjGcHXKdRxWbuhYKgHaKrufh96fh-OJS935aXu6jkrAEeeE34qOWdnKGIwk5gHpvMba13JXaXXpnZUbclz9s__G&p=1&fvj=1&vjs=3',
 'location': 'Marne-la-Vallée (77)',
 'salary': '1 800 € par mois',
 'site': 'Indeed',
 'summary': 'Salaire : 1 800,00€ /mois.'}
2020-01-17 13:57:26 [scrapy] DEBUG: Scraped from <200 https://www.indeed.fr/Emplois-vendeur>
{'company': 'Métin Groupe Gueudet- CITROEN',
 'crawl_url': 'https://www.indeed.fr/Emplois-vendeur',
 'job_title': 'Vendeur automobile (H/F)',
 'link_url': '/pagead/clk?mo=r&ad=-6NYlbfkN0C33Q6zPA6I01Rqm8ZO-KJmlVvxE6AN4yZSi-OR8VoThXYzyWhxdCM3-nzwT2vtdt8i2Xm-22SLEak4sXBu3RfbP3kjLRexF_cqg1VQBLJoWfgxb7WfAEP4Qdql1fDNx5ZxgnnQWaTu_AQRpGCfYe8rGAlXvIjrcNoN6cihsIiYvLlAwS2UdIIiQNsqIhKNKIOI88mpoUYPej_KLYUDeoQmyS-UOA0YMbp5yHivFTJTjLqoEPl_HEcRtUEGmlLc5YMk834AAtXqzr9pKCw-4qw-bLjUOUS_4WLo5cQiGXZnNK194NWNnRVskdTtSFFx88El-dj1GgZNz8wfSNrc3WVM_WPRPQd3Tg6qXWvJUIlF_tUNqb4A6e8bGriusAD9z95Tj3rnIZFIwatFP2YOy7-tYPth32HLsaA77ZXPyBkZ8HTDHG7eRRSQQMUcfqXVsMM=&p=2&fvj=1&vjs=3',
 'location': 'Le Perreux-sur-Marne (94)',
 'salary': None,
 'site': 'Indeed',
 'summary': 'Dynamique, tenace, vous appréciez le challenge mais surtout êtes '
            'attaché(e) à la satisfaction clientèle.'}
2020-01-17 13:57:26 [scrapy] DEBUG: Scraped from <200 https://www.indeed.fr/Emplois-vendeur>
{'company': 'NOUVELLE LITERIE',
 'crawl_url': 'https://www.indeed.fr/Emplois-vendeur',
 'job_title': 'Vendeur conseil H/F',
 'link_url': '/pagead/clk?mo=r&ad=-6NYlbfkN0Cccz3v-P-DtuxkyyS5xoGfj-y5tnvcX0BWnRAk9Bxwuw7gWF3WNPJ2DCGKE-fU2pc3vHYbD-Wgd0C9M59KrdnzZzx7HL48rYq14haudvHPQOaRhc27JskLVw3qJgqPgw4N9t7c7_Rp-FsVe5HigL4cC2DPUxAn-2Zqk29WzPNYy67-IHutFME1et5v8OJR1Q799oPlQxmzsP5yu6RkQT1PFeBz9bWsblpj3MIb9f1H9K8ygetEaMOPMFT_edzqHhPFaAQti4J0dmYMkzgfmJTVyIHcUYH7ZXTWZDLz97tMAaLaLvFOHnPwYYkX0t38kVR6SgxbfUiJXtg0VRm5cn124O6XXasQ2rMpOgAhr_LvjKJ_Ku6fyGwxw0DIYIc4LZAMEhR5h7LgU5j8dlik1nVsT5cC89OXC81ORFsMyhzeAX8eEaC-1VD70QrzHo10T20=&p=3&fvj=1&vjs=3',
 'location': 'Paris 11e (75)',
 'salary': '2 000 € - 3 000 € par mois',
 'site': 'Indeed',
 'summary': 'Veiller à la bonne tenue du magasin.'}
2020-01-17 13:57:26 [scrapy] DEBUG: Scraped from <200 https://www.indeed.fr/Emplois-vendeur>
{'company': '',
 'crawl_url': 'https://www.indeed.fr/Emplois-vendeur',
 'job_title': 'Vendeur H/F',
 'link_url': '/rc/clk?jk=8a6e4bb54edf9e09&fccid=af17ea0d1d6bbbba&vjs=3',
 'location': 'Villiers-sur-Marne (94)',
 'salary': None,
 'site': 'Indeed',
 'summary': 'Tu as envie de contribuer activement à la mise en place de '
            "l'ensemble des services disponibles dans le magasin afin d'aider "
            'les clients à prendre des décisions…'}
2020-01-17 13:57:26 [scrapy] DEBUG: Scraped from <200 https://www.indeed.fr/Emplois-vendeur>
{'company': '',
 'crawl_url': 'https://www.indeed.fr/Emplois-vendeur',
 'job_title': 'vendeur(se) CDI 24H / ( H/F) Noisy le Grand',
 'link_url': '/company/RougeGorge-Lingerie/jobs/Vendeur-c8539283a624f096?fccid=53d4b6b590f42807&vjs=3',
 'location': 'Noisy-le-Grand (93)',
 'salary': None,
 'site': 'Indeed',
 'summary': 'Participer à la mise en place des opérations commercial.'}
2020-01-17 13:57:26 [scrapy] DEBUG: Scraped from <200 https://www.indeed.fr/Emplois-vendeur>
{'company': '',
 'crawl_url': 'https://www.indeed.fr/Emplois-vendeur',
 'job_title': 'Vendeur h/f',
 'link_url': '/rc/clk?jk=a0efdd35308114fc&fccid=6ca58ca2f774ef0f&vjs=3',
 'location': 'Noisy-le-Grand (93)',
 'salary': None,
 'site': 'Indeed',
 'summary': 'Entreprenant(e) et motivé(e), vous participerez également à la '
            'mise en valeur des produits (displays et vitrines).'}
2020-01-17 13:57:26 [scrapy] DEBUG: Scraped from <200 https://www.indeed.fr/Emplois-vendeur>
{'company': '',
 'crawl_url': 'https://www.indeed.fr/Emplois-vendeur',
 'job_title': 'Vendeur F/H - CDD 3 mois 24h',
 'link_url': '/rc/clk?jk=f8472ecf0488d045&fccid=e2a67c0e26e0e625&vjs=3',
 'location': 'Noisy-le-Grand (93)',
 'salary': None,
 'site': 'Indeed',
 'summary': 'Après un parcours d’intégration vous permettant de maitriser la '
            'Libellule Attitude, vous seriez chargé(e) d’accueillir, '
            'd’accompagner et d’apporter un véritable…'}
2020-01-17 13:57:26 [scrapy] DEBUG: Scraped from <200 https://www.indeed.fr/Emplois-vendeur>
{'company': '',
 'crawl_url': 'https://www.indeed.fr/Emplois-vendeur',
 'job_title': 'Vendeur H/F - CDI Temps Complet',
 'link_url': '/rc/clk?jk=261b3ef94c2e94c5&fccid=af17ea0d1d6bbbba&vjs=3',
 'location': 'Villiers-sur-Marne (94)',
 'salary': None,
 'site': 'Indeed',
 'summary': 'Tu as envie de contribuer activement à la mise en place de '
            "l'ensemble des services disponibles dans le magasin afin d'aider "
            'les clients à prendre des décisions…'}
2020-01-17 13:57:26 [scrapy] DEBUG: Scraped from <200 https://www.indeed.fr/Emplois-vendeur>
{'company': '',
 'crawl_url': 'https://www.indeed.fr/Emplois-vendeur',
 'job_title': 'Vendeur Ile de France Est H/F',
 'link_url': '/rc/clk?jk=5d71c80632fb8260&fccid=d9a4edb3e81f3258&vjs=3',
 'location': 'Noisy-le-Grand (93)',
 'salary': None,
 'site': 'Indeed',
 'summary': 'Véritable passionné de mode, tu es connecté afin de découvrir les '
            'dernières tendances et impatient de les faire vivre en magasin.'}
2020-01-17 13:57:26 [scrapy] DEBUG: Scraped from <200 https://www.indeed.fr/Emplois-vendeur>
{'company': '',
 'crawl_url': 'https://www.indeed.fr/Emplois-vendeur',
 'job_title': 'Vendeur/conseiller prêt-à-porter (H/F) - Arcades',
 'link_url': '/company/T.J.-Maxx/jobs/Vendeur-Conseiller-Pr%C3%AAt-Porter-c97cc88fb61d9884?fccid=26c4ea497c27a6c6&vjs=3',
 'location': 'Noisy-le-Grand (93)',
 'salary': None,
 'site': 'Indeed',
 'summary': "Motivé(e), dynamique, serviable, souriant(e) et d'excellente "
            "présentation, vous êtes à l'écoute des tendances et avez une "
            "connaissance de l'enseigne et de son…"}
2020-01-17 13:57:26 [scrapy] DEBUG: Scraped from <200 https://www.indeed.fr/Emplois-vendeur>
{'company': 'Micromania Zing',
 'crawl_url': 'https://www.indeed.fr/Emplois-vendeur',
 'job_title': 'VENDEUR / VENDEUSE MICROMANIA ZING - H/F',
 'link_url': '/rc/clk?jk=4ee9d5d3959ef316&fccid=386e39d3c2009a97&vjs=3',
 'location': 'Torcy (77)',
 'salary': None,
 'site': 'Indeed',
 'summary': "Mais notre vraie force, c'est d'être proche de nos clients, de "
            "partager leurs passions et d'avoir la volonté de répondre à leurs "
            'attentes les plus folles en…'}
2020-01-17 13:57:26 [scrapy] DEBUG: Scraped from <200 https://www.indeed.fr/Emplois-vendeur>
{'company': '',
 'crawl_url': 'https://www.indeed.fr/Emplois-vendeur',
 'job_title': 'VENDEUR CDI 35H00 (H/F)',
 'link_url': '/rc/clk?jk=75928aa3e2f9e29a&fccid=48312c14067303f7&vjs=3',
 'location': 'Torcy (77)',
 'salary': '1 550 € par mois',
 'site': 'Indeed',
 'summary': 'La réception, la mise en rayon et le réassort des produits.'}
2020-01-17 13:57:26 [scrapy] DEBUG: Scraped from <200 https://www.indeed.fr/Emplois-vendeur>
{'company': '',
 'crawl_url': 'https://www.indeed.fr/Emplois-vendeur',
 'job_title': 'Vendeur assistant Celio - CDI 35h - Rosny-sous-Bois (93) H/F',
 'link_url': '/rc/clk?jk=62e760f91fcc379a&fccid=590163b494adb820&vjs=3',
 'location': 'Rosny-sous-Bois (93)',
 'salary': None,
 'site': 'Indeed',
 'summary': 'Participer à la mise en place du merchandising et des opérations '
            'commerciales.'}
2020-01-17 13:57:26 [scrapy] DEBUG: Scraped from <200 https://www.indeed.fr/Emplois-vendeur>
{'company': 'INTERFETES',
 'crawl_url': 'https://www.indeed.fr/Emplois-vendeur',
 'job_title': 'Vendeur polyvalent H/F',
 'link_url': '/pagead/clk?mo=r&ad=-6NYlbfkN0BBoq7AOnCvcJ4VSyBmHSfb_1Ugvzner55xE4ECJUKIai4KV5Su7wDonMkFjhY6Pp842kYUgKRHqhfQk4euCVKHoC1Gf4MrmyJKBEhPtSZNi57aO422Yp_10u3kb4H3j6KGrh8MqVymN65sQkir20TFFtJNImC2WgBCMhoGloBKcvNvLlMeajuFTNQPWwBU-dOubGjAFBcrYFUgSExT0Kxa7-MoYLOhy4T2KJuR2ffYHmV5D3b9cW2u8muLSix-Uk13rVze6Mj7bHaIw4VpmXRSF6Lzb2QoJrShNdcc6VZNDOzMflzyKm10idGQftHZKz1ArElG_5YIh_aO3HRzfAZDmvbkEABYdB9ihg20gukdvGqahzzhsiots0Kwzh09nWg9b-V-vSSmeTociSd7HyH4fUBcbTXkGg_BogtRmX1Px8J8BvX_wSBCG4TeAKfaaQI=&p=14&fvj=1&vjs=3',
 'location': 'Béziers (34)',
 'salary': '10,15 € - 10,20 € par heure',
 'site': 'Indeed',
 'summary': 'Capacité à gérer un rayon en autonomie (mise en rayon, rotation, '
            'facing, réapprovisionnement.'}
2020-01-17 13:57:26 [scrapy] DEBUG: Scraped from <200 https://www.indeed.fr/Emplois-vendeur>
{'company': '',
 'crawl_url': 'https://www.indeed.fr/Emplois-vendeur',
 'job_title': 'Vendeur F/H CDI temps complet Paris',
 'link_url': '/pagead/clk?mo=r&ad=-6NYlbfkN0C8SyVWDloTuZR2lnvX77LrlJhc_4nWaJZBL3tXgVs41pW-5xUXnjm2Po5ZGwDFwjc6ufS19zbAowRM_t4mp2Y9tUfxfyYvJkDsSnBs8YzHuzde6YZZjWhjum8CgSX087DadlFDC5w3g0RE4A_fOFucLimGAHn9MDu47ZleqwX6qws1bvPUiDew7QRpjp6N7pYaHL_rVZoDuhzuMAz3qtrOn79bugq4Rzskvm61PpeN44W8zFpBpgtV5h4ET4WNB_16eo3OUvZCU7UP0f1vQMLlAreHErKumXGpxq4q8njoL3Y-m8BDYZeKNL91bPyZI4Py4os3NvN3i60qlL7SZZkfAQm5m4wdjjAnQAksrxsi0iNs8wG0CL-yL0PdmqU7yimzSS_NJwrIANPdh_b-Y34P-dstxD-ok3SvcSx9Ojik7oc2f_3uygga&p=15&fvj=0&vjs=3',
 'location': 'Paris 1er (75)',
 'salary': None,
 'site': 'Indeed',
 'summary': 'Je suis responsable des encaissements, je participe à la mise en '
            "rayon, à l'approvisionnement et à la bonne tenue du magasin."}
2020-01-17 13:57:27 [scrapy] DEBUG: Crawled (200) <GET https://www.indeed.fr/jobs?q=vendeur&start=10> (referer: https://www.indeed.fr/Emplois-vendeur)
2020-01-17 13:57:27 [indeed2] DEBUG: 

 Crawling  https://www.indeed.fr/jobs?q=vendeur&start=10

2020-01-17 13:57:27 [scrapy] DEBUG: Scraped from <200 https://www.indeed.fr/jobs?q=vendeur&start=10>
{'company': 'NOUVELLE LITERIE',
 'crawl_url': 'https://www.indeed.fr/jobs?q=vendeur&start=10',
 'job_title': 'Vendeur H/F',
 'link_url': '/pagead/clk?mo=r&ad=-6NYlbfkN0Cccz3v-P-DtuxkyyS5xoGfj-y5tnvcX0BWnRAk9Bxwu9j6aUh9OBcCxF-arwEWV9XyDsE0XmwWbFo3fZMzva6n5NfSFmgIoscnpEZGB-vTGl3UlLsG6KB6LFaCPcXS3rK5Y9sWSRggd4NOr9Ruv05Kp8WJ7nFAKQG39LhSrTU-vV0YDSvUBVRyGAHq6-iJG3BE2vAoTGvE8_p_FZJ3yz9lxS4dkM1E3lrUeNWJTFstNDSoImNqosHNDagZv2OXbme0rfLDYVDSV-frXnZY5wNn7-IRX7k-xWnu-0q2X77GgXd1I3yy9qz9toisHJtPJYxbnbGPHPaQXM1bfNiKO-wslFpfgO65lMQ_4TvHasnMdMRdqNHA5Akdi71Ut0fUZPtKTPZB6AjKVk-38TszvVfJMKh1AdcaLyZ1y0zr8FyhMjJnEQM0Qvzf&p=0&fvj=1&vjs=3',
 'location': 'Chennevières-sur-Marne (94)',
 'salary': '2 000 € - 3 000 € par mois',
 'site': 'Indeed',
 'summary': 'Veiller à la bonne tenue du magasin.'}
2020-01-17 13:57:27 [scrapy] DEBUG: Scraped from <200 https://www.indeed.fr/jobs?q=vendeur&start=10>
{'company': 'UGG',
 'crawl_url': 'https://www.indeed.fr/jobs?q=vendeur&start=10',
 'job_title': 'Conseiller de vente H/F',
 'link_url': '/pagead/clk?mo=r&ad=-6NYlbfkN0AJI9Wp2BkTx-QXeP_nzCPoQSGPLq0r4hj-QecrZNt_t-xOugqkpct4KmtYVQAkCEG2ltoxEcc2nClyClerZHCG5BTL5imzNfFzuotCxCfPL6tAfd05cTj2Im5jDbAbghDW5mmoaKihDvjj_fBUMbvkhr0lMZXqGPGDEh-SeoaXnp1rZghBGQNTDM8PqwGVsQ37TooXDt7kKNIS0icBS17AOYEXe1lE3N_AFgNODQAhT-Ob6TpEymEWvhVKk9_jThq0iYgaVcdohE3PjYg20cFYGODLmMqIebp3d972-GFrppvoDQj0CIBBijpeG_sA4KsKZKDraD5HbR6qGadRC1kLemYjcBDBBtDhhwTSFoe9BjHBmfHRbRsBcjFcUrfijTaa8XLQmF9MnHg-JvIz8_Dj0y6Wdnlsli_VMgjwV57xlVuzMK6XEbgl&p=1&fvj=1&vjs=3',
 'location': 'Marne-la-Vallée (77)',
 'salary': '1 800 € par mois',
 'site': 'Indeed',
 'summary': 'Salaire : 1 800,00€ /mois.'}
2020-01-17 13:57:27 [scrapy] DEBUG: Scraped from <200 https://www.indeed.fr/jobs?q=vendeur&start=10>
{'company': '',
 'crawl_url': 'https://www.indeed.fr/jobs?q=vendeur&start=10',
 'job_title': 'Vendeur F/H CDI temps complet Paris',
 'link_url': '/pagead/clk?mo=r&ad=-6NYlbfkN0C8SyVWDloTuZR2lnvX77LrlJhc_4nWaJZBL3tXgVs41pW-5xUXnjm2Po5ZGwDFwjc6ufS19zbAowRM_t4mp2Y9tUfxfyYvJkDsSnBs8YzHuzde6YZZjWhjum8CgSX087DadlFDC5w3g0RE4A_fOFucLimGAHn9MDu47ZleqwX6q_UgCrAlWXrRc3KI7GhDtsJ7qkNsre3SyG7jtXzy6vHfGPtVGzBNO_FDK7uMZSgZS4QiJHvQWgHl8y7ZjYd3_qAgikxEuMLMgbmSMfhQLP6Qz9XdljuFeVc0t1qPD_6G63RCwqTl_p8QpaPoR_ZiJcGwyq8dTcT91RHbl3-uzaNEm6YXUbuW_YoWbmzhotlTrI9EvxVQXhlNutJ3a9QIkon3oMAka59lw3v7KSC7oH-_x25BkipvaVXHm6F7jcDmWPraW9cfekck&p=2&fvj=0&vjs=3',
 'location': 'Paris 1er (75)',
 'salary': None,
 'site': 'Indeed',
 'summary': 'Je suis responsable des encaissements, je participe à la mise en '
            "rayon, à l'approvisionnement et à la bonne tenue du magasin."}
2020-01-17 13:57:27 [scrapy] DEBUG: Scraped from <200 https://www.indeed.fr/jobs?q=vendeur&start=10>
{'company': 'INTERFETES',
 'crawl_url': 'https://www.indeed.fr/jobs?q=vendeur&start=10',
 'job_title': 'Vendeur polyvalent H/F',
 'link_url': '/pagead/clk?mo=r&ad=-6NYlbfkN0BBoq7AOnCvcJ4VSyBmHSfb_1Ugvzner55xE4ECJUKIai4KV5Su7wDonMkFjhY6Pp842kYUgKRHqhfQk4euCVKHoC1Gf4MrmyJKBEhPtSZNi57aO422Yp_10u3kb4H3j6KGrh8MqVymN65sQkir20TFFtJNImC2WgBCMhoGloBKcvNvLlMeajuFtlWI89rYnFkYfsClRZ2PxgxgLL5Gg79pAGmRHhbLbIqPtjXWgo3FcuLIJ7-66_evhtj53fwe6LYvY8oOEG3UKt5voy8JBhCG7X6asg4WG4rsj-HQ3BwuPor8kFLfwim-1cLL7KnAdO8X_GFhVCQXVf0-8-VYcv2rhb1cbFc03YOVK67s6rOyMDusuI9TwC3FmBeF3IFmK0jX4pB3siJZnZB2Iaeg-jEdbOEwa_4_CVIEjcaLpZfHlj7UjksC18n7qlcFVCQJEUA=&p=3&fvj=1&vjs=3',
 'location': 'Béziers (34)',
 'salary': '10,15 € - 10,20 € par heure',
 'site': 'Indeed',
 'summary': 'Capacité à gérer un rayon en autonomie (mise en rayon, rotation, '
            'facing, réapprovisionnement.'}
2020-01-17 13:57:27 [scrapy] DEBUG: Scraped from <200 https://www.indeed.fr/jobs?q=vendeur&start=10>
{'company': '',
 'crawl_url': 'https://www.indeed.fr/jobs?q=vendeur&start=10',
 'job_title': 'VENDEUR PREPARATEUR H/F',
 'link_url': '/rc/clk?jk=c57789cbb3cd76d2&fccid=6508102431d09d9f&vjs=3',
 'location': 'Noisy-le-Grand (93)',
 'salary': None,
 'site': 'Indeed',
 'summary': "Reconnu comme l'un des chocolatiers de référence pour son "
            'savoir-faire et la qualité de ses produits, Jeff de Bruges vous '
            'invite à venir partager ce qui fait…'}
2020-01-17 13:57:27 [scrapy] DEBUG: Scraped from <200 https://www.indeed.fr/jobs?q=vendeur&start=10>
{'company': '',
 'crawl_url': 'https://www.indeed.fr/jobs?q=vendeur&start=10',
 'job_title': 'Vendeur / vendeuse magasin I AM Noisy le Grand (93) - CDI 35h '
              '(H/F)',
 'link_url': '/rc/clk?jk=c998da6ac53a3dc3&fccid=3f24b309557a3d43&vjs=3',
 'location': 'Noisy-le-Grand (93)',
 'salary': None,
 'site': 'Indeed',
 'summary': 'Veiller à la bonne tenue du magasin en vous assurant que nos '
            'bijoux soient bien mis en valeurs selon nos préconisations '
            'merchandising.'}
2020-01-17 13:57:27 [scrapy] DEBUG: Scraped from <200 https://www.indeed.fr/jobs?q=vendeur&start=10>
{'company': 'MORGAN (Réseau)',
 'crawl_url': 'https://www.indeed.fr/jobs?q=vendeur&start=10',
 'job_title': 'VENDEUR (H/F) CDI 35H',
 'link_url': '/rc/clk?jk=e7fa3718671fadb6&fccid=5f023574d25fd359&vjs=3',
 'location': 'Rosny-sous-Bois (93)',
 'salary': None,
 'site': 'Indeed',
 'summary': "Vous participez à l'implantation du magasin: réalisation du "
            'réassort et mise en application des consignes merchandising '
            'transmises par le siège ;'}
2020-01-17 13:57:27 [scrapy] DEBUG: Scraped from <200 https://www.indeed.fr/jobs?q=vendeur&start=10>
{'company': 'NIKE CRETEIL',
 'crawl_url': 'https://www.indeed.fr/jobs?q=vendeur&start=10',
 'job_title': 'Vendeur caissier H/F',
 'link_url': '/company/LIMON/jobs/Vendeur-Caissier-e42288579a1632f8?fccid=4121b996b64f711a&vjs=3',
 'location': 'Créteil (94)',
 'salary': None,
 'site': 'Indeed',
 'summary': 'Le magasin Nike Créteil spécialisé dans la vente d’articles de '
            'sport recherche des collaborateurs passionnés par le sport et qui '
            'ont l’ambition de se développer…'}
2020-01-17 13:57:27 [scrapy] DEBUG: Scraped from <200 https://www.indeed.fr/jobs?q=vendeur&start=10>
{'company': '',
 'crawl_url': 'https://www.indeed.fr/jobs?q=vendeur&start=10',
 'job_title': 'Vendeuse/Vendeur - Noisy-Le-Grand - CDD - Temps Partiel - 30H - '
              'F/H',
 'link_url': '/rc/clk?jk=54ab80ae29f1c81e&fccid=339fd0e07baa71f8&vjs=3',
 'location': 'Noisy-le-Grand (93)',
 'salary': None,
 'site': 'Indeed',
 'summary': 'Rigoureux et organisé, vous veillez à la bonne tenue et à la '
            'propreté du magasin ainsi qu’au respect des normes de '
            'merchandising.'}
2020-01-17 13:57:27 [scrapy] DEBUG: Scraped from <200 https://www.indeed.fr/jobs?q=vendeur&start=10>
{'company': 'MANGOS',
 'crawl_url': 'https://www.indeed.fr/jobs?q=vendeur&start=10',
 'job_title': 'Vendeur H/F',
 'link_url': '/company/Mangos-Mayol/jobs/Vendeur-3f854eb9445f2692?fccid=9ab86b80ab6ff867&vjs=3',
 'location': 'Rosny-sous-Bois (93)',
 'salary': '1 400 € par mois',
 'site': 'Indeed',
 'summary': 'Une première expérience sera appréciée dans le domaine de la '
            'restauration mais avant tout nous recherchons une personnalité.'}
2020-01-17 13:57:27 [scrapy] DEBUG: Scraped from <200 https://www.indeed.fr/jobs?q=vendeur&start=10>
{'company': "NIKE VAL D'EUROPE",
 'crawl_url': 'https://www.indeed.fr/jobs?q=vendeur&start=10',
 'job_title': 'Vendeur conseil H/F',
 'link_url': '/company/LIMON/jobs/Vendeur-Conseil-45b5afdbe468ee2f?fccid=4121b996b64f711a&vjs=3',
 'location': 'Serris (77)',
 'salary': '10,03 € par heure',
 'site': 'Indeed',
 'summary': 'Vous avez une première expérience réussie dans le domaine du '
            'merchandising et vous êtes disponible.'}
2020-01-17 13:57:27 [scrapy] DEBUG: Scraped from <200 https://www.indeed.fr/jobs?q=vendeur&start=10>
{'company': '',
 'crawl_url': 'https://www.indeed.fr/jobs?q=vendeur&start=10',
 'job_title': 'CDI Vendeur Pandora à Disney (H/F)',
 'link_url': '/company/Pandora-Jewelry/jobs/CDI-Vendeur-Pandora-Disney-55cf8139692d5ab8?fccid=d52b9b25e32242d5&vjs=3',
 'location': 'Marne-la-Vallée (77)',
 'salary': None,
 'site': 'Indeed',
 'summary': 'Vous veillez scrupuleusement au respect du concept visuel de la '
            "marque ainsi qu'à la bonne tenue du magasin (réassort des bijoux, "
            'propreté, entretien, rangement…'}
2020-01-17 13:57:27 [scrapy] DEBUG: Scraped from <200 https://www.indeed.fr/jobs?q=vendeur&start=10>
{'company': '',
 'crawl_url': 'https://www.indeed.fr/jobs?q=vendeur&start=10',
 'job_title': 'Vendeur H/F - Contrat étudiant',
 'link_url': '/company/Naturalia-France/jobs/Vendeur-70fef882f0637bfa?fccid=317a9b53afe89814&vjs=3',
 'location': 'Paris (75)',
 'salary': None,
 'site': 'Indeed',
 'summary': 'Développer votre connaissance produits et assurer un conseil de '
            'qualité.'}
2020-01-17 13:57:27 [scrapy] DEBUG: Scraped from <200 https://www.indeed.fr/jobs?q=vendeur&start=10>
{'company': "LEVIS VAL D'EUROPE",
 'crawl_url': 'https://www.indeed.fr/jobs?q=vendeur&start=10',
 'job_title': 'Vendeur conseil H/F',
 'link_url': '/company/LIMON/jobs/Vendeur-Conseil-fe90ca936f900200?fccid=4121b996b64f711a&vjs=3',
 'location': 'Serris (77)',
 'salary': '10,03 € par heure',
 'site': 'Indeed',
 'summary': 'Dynamique, vous êtes passionné(e) par le conseil et la vente et '
            'principalement par la satisfaction de vos clients, vous aimez '
            'travailler en équipe tout en…'}
2020-01-17 13:57:27 [scrapy] DEBUG: Scraped from <200 https://www.indeed.fr/jobs?q=vendeur&start=10>
{'company': 'SUPERDRY',
 'crawl_url': 'https://www.indeed.fr/jobs?q=vendeur&start=10',
 'job_title': 'Vendeur conseil',
 'link_url': '/pagead/clk?mo=r&ad=-6NYlbfkN0BSjK7UhEDVXGGG3oOD5njVGa_DSTmCcSQrrWrnI9L_GFoRZkBJn_dvDjXvIKjps726fRCRzFCw4fpas3ja-nlej-Q1koevEqMOrJefG3fVzHioTPwftmYutdwPC1FVo8E8VDYoYn_KrTTFiKYyjswUaMJidSq2WmgIYjt6R6lyvwztfJUaQfXy7DzpGz6Jfw-EiJKzq8-rdcCGb1srRSCmoB7cEglfX7aoORdJ6v8HsXfC8WLTTnfbUpq7MwuGr2TjAaiM4fLXcUFSDaIyyQmv9RAyQL55TUwZeitn5JM2rXVTaozYLGqRUI6HBOdYp84zotLqwMMh-_EvxLocZC9T8r-K091ZrbUwIox4B6QX9ofaLFskqui_fyAXToV0tJgfx-qRH3GhRqGFmlhV4Xt4e8EUP9LjIb_6Ti0aUdTg8Q==&p=14&fvj=1&vjs=3',
 'location': 'Rosny-sous-Bois (93)',
 'salary': '1 594 € par mois',
 'site': 'Indeed',
 'summary': 'A l’écoute des tendances de mode, vous participez au '
            'développement de.'}
2020-01-17 13:57:27 [scrapy] DEBUG: Scraped from <200 https://www.indeed.fr/jobs?q=vendeur&start=10>
{'company': 'TRIO FRUITS 18, Avenue Sylvie 77500 CHELLES',
 'crawl_url': 'https://www.indeed.fr/jobs?q=vendeur&start=10',
 'job_title': 'Vendeur libre service H/F',
 'link_url': '/pagead/clk?mo=r&ad=-6NYlbfkN0CYdeF5MsF6vhrnDpgH0-6MeYQSBGqjEnAWLeXrAwT5N11BCJTOaYrivRXyX4A6YzlQoiMpRmAsEH8nW7VLEEHIWV5LOl9qEFsPozTkq1pzB0ucNHbonKGgV6-PP4Phx-Jv2MVWp4KjGA91sp8LtWxdhDFOyM0hnwUw8rpPelbtQND_NAhbG5ywji6DWe9OcWd8uZpDm9CmU1wz4MjNTgnRiU20xzhBPaT6NmDCqRlcX6y-XppAdXEnNFkkU5Du4q-HxJAIcnWpOmLV00bttTLHjnbu9Y0ElfImNX05XozC-w7b13qidFTuB7qWqJE_xelJbKVn7iVeALX4_PTlHUBU6AlGXHVVEt8aUNur-vZOXwZoqi9BzXo48crqak7692s-v0NQNhnWkFaLmpeWzUe6TYcMESnK4QAyjI8ibthDrOk44OkaAN_aWOmfFgHYZOE=&p=15&fvj=1&vjs=3',
 'location': 'Chelles (77)',
 'salary': '1 521 € - 1 522 € par mois',
 'site': 'Indeed',
 'summary': 'Salaire : 1 521,22€ à 1 522,22€ /mois.'}
2020-01-17 13:57:34 [scrapy] DEBUG: Crawled (200) <GET https://www.indeed.fr/jobs?q=vendeur&start=20> (referer: https://www.indeed.fr/jobs?q=vendeur&start=10)
2020-01-17 13:57:34 [indeed2] DEBUG: 

 Crawling  https://www.indeed.fr/jobs?q=vendeur&start=20

2020-01-17 13:57:34 [scrapy] DEBUG: Scraped from <200 https://www.indeed.fr/jobs?q=vendeur&start=20>
{'company': 'UGG',
 'crawl_url': 'https://www.indeed.fr/jobs?q=vendeur&start=20',
 'job_title': 'Conseiller de vente H/F',
 'link_url': '/pagead/clk?mo=r&ad=-6NYlbfkN0AJI9Wp2BkTx-QXeP_nzCPoQSGPLq0r4hj-QecrZNt_t-xOugqkpct4KmtYVQAkCEG2ltoxEcc2nClyClerZHCG5BTL5imzNfFzuotCxCfPL6tAfd05cTj2Im5jDbAbghDW5mmoaKihDvjj_fBUMbvkhr0lMZXqGPGDEh-SeoaXnp1rZghBGQNTdvJve9OY-5ycEX3OCVizQwWJIFKY-_4yG4aoTm18XhVznfh-06dkHp7qH3szy4Sx0oBC4ytY0OsYzCuuF1Jr5bC6VbI81Jj4Reyn5SG3cya5-KWXGVpZD_DBkzpYO79CumVDDVTeJ47gVIlv9A-dtdgloHq5WqZ0P5eD6HbZY2GRfLaZ0dxwBRwqZbVJ4HecZgFoSJFTMIIGVlb8LtE9IUHneS-s8e2hAF3KmbC9DjaJplHlkMEHxR9SU7YlQRjP&p=0&fvj=1&vjs=3',
 'location': 'Marne-la-Vallée (77)',
 'salary': '1 800 € par mois',
 'site': 'Indeed',
 'summary': 'Salaire : 1 800,00€ /mois.'}
2020-01-17 13:57:34 [scrapy] DEBUG: Scraped from <200 https://www.indeed.fr/jobs?q=vendeur&start=20>
{'company': '',
 'crawl_url': 'https://www.indeed.fr/jobs?q=vendeur&start=20',
 'job_title': 'Conseiller vendeur H/F',
 'link_url': '/pagead/clk?mo=r&ad=-6NYlbfkN0Duu-ytvLsHAQc8N5cWrhGXyu37vBfkXL9ZmqXVZhECtZWyA5TcAEexoGbOsY6M1mFUI-Pi_0pSjyHVfT7RTu6Esduuy_o1t7St_P0WFWc-oBunPorzKBJP2FixwEXGNCJe9Co4dnYRzY4N3mGw-XPhYk3AqyASV4anAqWoXzoVb6lLqrsTCL9gOcMR20uyC0ourc_AwhA-3Xh4PexnnQDyBGy5_J_Jn9Q7lOBINQ6hE5ui7DZYdc-UVhi0dpk2mfRMl7cljyIdssXODIz36OrLWuvjIJG4lXvuAieQ_QtZ8zm51adMWg32KC8FBUu7n2mcxCxQ5rEiXmYat5jVjp_QUe7ImhpjQI9e-yKl-dhTyJ9dD8LTK210Rzd3S0IlYm_5xhm-jt2GvZVB8ITx4LMTvPyhh-uYVfisZa6-w8uPXsMK7XGKPuFC&p=1&fvj=1&vjs=3',
 'location': 'Barentin (76)',
 'salary': '1 753 € - 2 028 € par mois',
 'site': 'Indeed',
 'summary': 'Votre rôle consistera à accueillir la clientèle en magasin, '
            'prendre connaissance de sa demande, conseiller le client pour le '
            'choix du produit adapté, procéder à…'}
2020-01-17 13:57:34 [scrapy] DEBUG: Scraped from <200 https://www.indeed.fr/jobs?q=vendeur&start=20>
{'company': "LEVI'S BEAUGRENELLE",
 'crawl_url': 'https://www.indeed.fr/jobs?q=vendeur&start=20',
 'job_title': 'Vendeur conseil H/F',
 'link_url': '/company/LIMON/jobs/Vendeur-Conseil-2ba53b13885e9033?fccid=4121b996b64f711a&vjs=3',
 'location': 'Paris (75)',
 'salary': '10,15 € par heure',
 'site': 'Indeed',
 'summary': 'Dynamique, vous êtes passionné(e) par le conseil et la vente et '
            'principalement par la satisfaction de vos clients, vous aimez '
            'travailler en équipe tout en…'}
2020-01-17 13:57:34 [scrapy] DEBUG: Scraped from <200 https://www.indeed.fr/jobs?q=vendeur&start=20>
{'company': '',
 'crawl_url': 'https://www.indeed.fr/jobs?q=vendeur&start=20',
 'job_title': 'Vendeur H/F - CDI 35h - Torcy Bay 2',
 'link_url': '/rc/clk?jk=d626357d977cd4ab&fccid=08a7d388ff010957&vjs=3',
 'location': 'Torcy (77)',
 'salary': None,
 'site': 'Indeed',
 'summary': 'Vous vous investirez également dans la mise en place du '
            'merchandising et l’élaboration des vitrines ainsi que dans la '
            'bonne tenue quotidienne du magasin.'}
2020-01-17 13:57:34 [scrapy] DEBUG: Scraped from <200 https://www.indeed.fr/jobs?q=vendeur&start=20>
{'company': 'TRIO FRUITS 18, Avenue Sylvie 77500 CHELLES',
 'crawl_url': 'https://www.indeed.fr/jobs?q=vendeur&start=20',
 'job_title': 'Vendeur libre service H/F',
 'link_url': '/company/TRIO-FRUITS-18,-Avenue-Sylvie-77500-CHELLES/jobs/Vendeur-Libre-Service-18670db9f8f68aac?fccid=3db59fbb18262733&vjs=3',
 'location': 'Chelles (77)',
 'salary': '1 521 € - 1 522 € par mois',
 'site': 'Indeed',
 'summary': 'Salaire : 1 521,22€ à 1 522,22€ /mois.'}
2020-01-17 13:57:34 [scrapy] DEBUG: Scraped from <200 https://www.indeed.fr/jobs?q=vendeur&start=20>
{'company': 'Jitase Intermarché',
 'crawl_url': 'https://www.indeed.fr/jobs?q=vendeur&start=20',
 'job_title': 'Employé Libre service',
 'link_url': '/company/Jitase/jobs/Employ%C3%A9-Libre-Service-86b9a55bd450f637?fccid=269e760e163d467c&vjs=3',
 'location': 'Neuilly-Plaisance (93)',
 'salary': None,
 'site': 'Indeed',
 'summary': 'Recherche employés Libre Service Sur rayon sec et sur rayon '
            'frais.'}
2020-01-17 13:57:34 [scrapy] DEBUG: Scraped from <200 https://www.indeed.fr/jobs?q=vendeur&start=20>
{'company': '',
 'crawl_url': 'https://www.indeed.fr/jobs?q=vendeur&start=20',
 'job_title': 'Vendeuse/Vendeur - Rosny-Sous-Bois - CDI - 35H - F/H',
 'link_url': '/rc/clk?jk=30a835bc3468f653&fccid=339fd0e07baa71f8&vjs=3',
 'location': 'Rosny-sous-Bois (93)',
 'salary': None,
 'site': 'Indeed',
 'summary': 'Rigoureux et organisé, vous veillez à la bonne tenue et à la '
            'propreté du magasin ainsi qu’au respect des normes de '
            'merchandising.'}
2020-01-17 13:57:34 [scrapy] DEBUG: Scraped from <200 https://www.indeed.fr/jobs?q=vendeur&start=20>
{'company': '',
 'crawl_url': 'https://www.indeed.fr/jobs?q=vendeur&start=20',
 'job_title': 'VENDEUR VÉHICULES NEUFS - VILLEMOMBLE (93250)',
 'link_url': '/rc/clk?jk=27d79c4101d9a7f1&fccid=263be8b9afb34d7d&vjs=3',
 'location': 'Villemomble (93)',
 'salary': None,
 'site': 'Indeed',
 'summary': 'Responsable de vos performances, vous entretenez votre '
            'portefeuille client en effectuant une prospection téléphonique '
            'active, des relances clients / prospects,…'}
2020-01-17 13:57:34 [scrapy] DEBUG: Scraped from <200 https://www.indeed.fr/jobs?q=vendeur&start=20>
{'company': '',
 'crawl_url': 'https://www.indeed.fr/jobs?q=vendeur&start=20',
 'job_title': 'Vendeur CDI CELIO- PARINOR (93) H/F',
 'link_url': '/rc/clk?jk=4c4db2b097a09ded&fccid=590163b494adb820&vjs=3',
 'location': 'Aulnay-sous-Bois (93)',
 'salary': None,
 'site': 'Indeed',
 'summary': 'Participer à la mise en place du merchandising et des opérations '
            'commerciales.'}
2020-01-17 13:57:34 [scrapy] DEBUG: Scraped from <200 https://www.indeed.fr/jobs?q=vendeur&start=20>
{'company': '',
 'crawl_url': 'https://www.indeed.fr/jobs?q=vendeur&start=20',
 'job_title': 'Vendeur H/F',
 'link_url': '/company/Naturalia-France/jobs/Vendeur-d2d818a0ad93222f?fccid=317a9b53afe89814&vjs=3',
 'location': 'Montreuil (93)',
 'salary': None,
 'site': 'Indeed',
 'summary': 'Développer votre connaissance produits et assurer un conseil de '
            'qualité.'}
2020-01-17 13:57:35 [scrapy] DEBUG: Scraped from <200 https://www.indeed.fr/jobs?q=vendeur&start=20>
{'company': '',
 'crawl_url': 'https://www.indeed.fr/jobs?q=vendeur&start=20',
 'job_title': 'VENDEUR(SE) PRODUITS TECHNIQUES F/H',
 'link_url': '/rc/clk?jk=80e2be4dc93f5253&fccid=e8338940d0db43f4&vjs=3',
 'location': 'Rosny-sous-Bois (93)',
 'salary': None,
 'site': 'Indeed',
 'summary': 'Vous contribuez à la rentabilité des rayons par le respect du '
            'plan de merchandising, la mise en avant des produits, la mise en '
            'place des opérations commerciales…'}
2020-01-17 13:57:35 [scrapy] DEBUG: Scraped from <200 https://www.indeed.fr/jobs?q=vendeur&start=20>
{'company': '',
 'crawl_url': 'https://www.indeed.fr/jobs?q=vendeur&start=20',
 'job_title': 'Vendeur(se) H/F',
 'link_url': '/rc/clk?jk=5010e646ff8967e8&fccid=31b35ff4403258e2&vjs=3',
 'location': 'Vaires-sur-Marne (77)',
 'salary': None,
 'site': 'Indeed',
 'summary': 'Attentif à la satisfaction de chacun de nos clients, vous mettez '
            'la marchandise à disposition, participez à la mise en place des '
            'opérations commerciales et…'}
2020-01-17 13:57:35 [scrapy] DEBUG: Scraped from <200 https://www.indeed.fr/jobs?q=vendeur&start=20>
{'company': 'SUPERDRY',
 'crawl_url': 'https://www.indeed.fr/jobs?q=vendeur&start=20',
 'job_title': 'Vendeur conseil',
 'link_url': '/pagead/clk?mo=r&ad=-6NYlbfkN0BSjK7UhEDVXGGG3oOD5njVGa_DSTmCcSQrrWrnI9L_GFoRZkBJn_dvDjXvIKjps726fRCRzFCw4fpas3ja-nlej-Q1koevEqMOrJefG3fVzHioTPwftmYutdwPC1FVo8E8VDYoYn_KrTTFiKYyjswUaMJidSq2WmgIYjt6R6lyvwztfJUaQfXyToBRxLai9TwzHrla7DuyTZJNBfbtJSEraH9i9q7NfHZT-OvJeFXxowqlF2F2CKTR-XgQXGE8hdqeZ3mTs7jvK2fx7Dtvn-mxhoYwDRdfIx2MBwpnPCo8fqYpIMVq9Aj_QgZCUI3e23GijwD-GKAUVQjmbcdcBSfMmOKTNpiAwmI6Vtbhztdwej9qMIiA9QbHOHMWPaRcDFcc1YeGm52D-Zc1hNzgOOAiyr-eN58q6clI0gnV8pP-1A==&p=12&fvj=1&vjs=3',
 'location': 'Rosny-sous-Bois (93)',
 'salary': '1 594 € par mois',
 'site': 'Indeed',
 'summary': 'A l’écoute des tendances de mode, vous participez au '
            'développement de.'}
2020-01-17 13:57:35 [scrapy] DEBUG: Scraped from <200 https://www.indeed.fr/jobs?q=vendeur&start=20>
{'company': 'NOUVELLE LITERIE',
 'crawl_url': 'https://www.indeed.fr/jobs?q=vendeur&start=20',
 'job_title': 'Vendeur H/F',
 'link_url': '/pagead/clk?mo=r&ad=-6NYlbfkN0Cccz3v-P-DtuxkyyS5xoGfj-y5tnvcX0BWnRAk9Bxwu9j6aUh9OBcCxF-arwEWV9XyDsE0XmwWbFo3fZMzva6n5NfSFmgIoscnpEZGB-vTGl3UlLsG6KB6LFaCPcXS3rK5Y9sWSRggd4NOr9Ruv05Kp8WJ7nFAKQG39LhSrTU-vV0YDSvUBVRyPB0Dje3NX0xPR3hBnXsc58Du6QU5aRCWKvLf4gAchfDt_hSPZzxYtSHvCys5TFmP1hcGpM4KZ6R--gBBrzbJQJ6rrxQX-SDGddoFkdjOlGywcBcAq5DaapeDO12Y_Jlr_FMchbjVm3597AKxMtUCB1HY4hqx94rgjRHXhfQxk2A27aUOumu-MiTXOPpZG6w84KWM0a3cEkZIQUeIP60Tb9Zhk-RVRNT0RJsqf4cFQl_rm1rZzkAQBoeR13iQnEgi&p=13&fvj=1&vjs=3',
 'location': 'Chennevières-sur-Marne (94)',
 'salary': '2 000 € - 3 000 € par mois',
 'site': 'Indeed',
 'summary': 'Veiller à la bonne tenue du magasin.'}
2020-01-17 13:57:35 [scrapy] DEBUG: Scraped from <200 https://www.indeed.fr/jobs?q=vendeur&start=20>
{'company': 'TRIO FRUITS 18, Avenue Sylvie 77500 CHELLES',
 'crawl_url': 'https://www.indeed.fr/jobs?q=vendeur&start=20',
 'job_title': 'Vendeur libre service H/F',
 'link_url': '/pagead/clk?mo=r&ad=-6NYlbfkN0CYdeF5MsF6vhrnDpgH0-6MeYQSBGqjEnAWLeXrAwT5N11BCJTOaYrivRXyX4A6YzlQoiMpRmAsEH8nW7VLEEHIWV5LOl9qEFsPozTkq1pzB0ucNHbonKGgV6-PP4Phx-Jv2MVWp4KjGA91sp8LtWxdhDFOyM0hnwUw8rpPelbtQND_NAhbG5yw3kp9xEL-NODAgqJbh10iOvMefq9-Fj9f1HAUF5hVo5Qm9nA5ncZL7MU8rkd0VDIiJkco9HUsWWKTuUNMiAf7uwTVadDW0n4yEGOnV-G-t5zfy86a4L8A0TovEa5OCmLox1z1T5QxwxpipbZy32d0GPJMjAjUCG1933djLFZ7dojVkMxZxtu55Fee597ErH6qcdRK8CEjbni-Omr8q2JSuSki9gaV63Y58V8Oda7Qaz2PkobY0cTTnf4nXT5S3mRfAE-yXmGb2y0=&p=14&fvj=1&vjs=3',
 'location': 'Chelles (77)',
 'salary': '1 521 € - 1 522 € par mois',
 'site': 'Indeed',
 'summary': 'Salaire : 1 521,22€ à 1 522,22€ /mois.'}
2020-01-17 13:57:35 [scrapy] DEBUG: Crawled (200) <GET https://www.indeed.fr/jobs?q=vendeur&start=30> (referer: https://www.indeed.fr/jobs?q=vendeur&start=20)
2020-01-17 13:57:35 [indeed2] DEBUG: 

 Crawling  https://www.indeed.fr/jobs?q=vendeur&start=30

2020-01-17 13:57:35 [scrapy] DEBUG: Scraped from <200 https://www.indeed.fr/jobs?q=vendeur&start=30>
{'company': 'SUPERDRY',
 'crawl_url': 'https://www.indeed.fr/jobs?q=vendeur&start=30',
 'job_title': 'Vendeur conseil',
 'link_url': '/pagead/clk?mo=r&ad=-6NYlbfkN0BSjK7UhEDVXGGG3oOD5njVGa_DSTmCcSQrrWrnI9L_GFoRZkBJn_dvDjXvIKjps726fRCRzFCw4fpas3ja-nlej-Q1koevEqMOrJefG3fVzHioTPwftmYutdwPC1FVo8E8VDYoYn_KrTTFiKYyjswUaMJidSq2WmgIYjt6R6lyvwztfJUaQfXyPvH2h-y6zY66P0LWF7FBXhaYB7lyvJOebMmMoc_WEPuZoDeVMNFN4Np5g9_wGRmx3VtMnzKNdKXvdYi6ml92Xw693vaHSBj7lt29-TTS670EaOvpouYCCV4t2ePmM6ifCDi-OIoRR3mZD1Y4SfFX9AKThYAEulxH332pPmmHgYzfUMQnMTXpKRVxZ54aeYtWe6ff2BE8zj2ZiwwAYLXv609PfnP8ukLa9Ps--LMH9PNB7ndwoZFWxA==&p=0&fvj=1&vjs=3',
 'location': 'Rosny-sous-Bois (93)',
 'salary': '1 594 € par mois',
 'site': 'Indeed',
 'summary': 'A l’écoute des tendances de mode, vous participez au '
            'développement de.'}
2020-01-17 13:57:35 [scrapy] DEBUG: Scraped from <200 https://www.indeed.fr/jobs?q=vendeur&start=30>
{'company': '',
 'crawl_url': 'https://www.indeed.fr/jobs?q=vendeur&start=30',
 'job_title': 'Vendeur F/H CDI temps complet Paris',
 'link_url': '/pagead/clk?mo=r&ad=-6NYlbfkN0C8SyVWDloTuZR2lnvX77LrlJhc_4nWaJZBL3tXgVs41pW-5xUXnjm2Po5ZGwDFwjc6ufS19zbAowRM_t4mp2Y9tUfxfyYvJkDsSnBs8YzHuzde6YZZjWhjum8CgSX087DadlFDC5w3g0RE4A_fOFucLimGAHn9MDvlSNDD_mTWjfJ4bRRbpXrxqcM2bfIjydw3p1_FVbCnbVGxP1wJ8tYdGW-zM7_bioUwTQph4G5QISH9bln8uLEhhZVtLj29qP0GHC2nk1onMTpQoVgE_ZpPa9OruJxJs5AnMxQfWzFgSpSk9eVd76h9OSF2N5TReQz38t5CYK65adGbnawMwaRIDptH1kyqC4U7ZVr6nRxVdwl_JdguDHIRdWoVNQb9iIXLgg_XseSzVLsrkLUP-Q1yEDFK69EoO80fSuEmzel8hvjw1CHxn9Hk&p=1&fvj=0&vjs=3',
 'location': 'Paris 1er (75)',
 'salary': None,
 'site': 'Indeed',
 'summary': 'Je suis responsable des encaissements, je participe à la mise en '
            "rayon, à l'approvisionnement et à la bonne tenue du magasin."}
2020-01-17 13:57:35 [scrapy] DEBUG: Scraped from <200 https://www.indeed.fr/jobs?q=vendeur&start=30>
{'company': '',
 'crawl_url': 'https://www.indeed.fr/jobs?q=vendeur&start=30',
 'job_title': 'CDD 3 MOIS TEMPS PARTIEL VENDEUR POLYVALENT',
 'link_url': '/rc/clk?jk=7b48c305cba73502&fccid=b1a1dea659b6cd13&vjs=3',
 'location': 'Magny-le-Hongre (77)',
 'salary': None,
 'site': 'Indeed',
 'summary': 'Vous suivez la mode et les tendances.'}
2020-01-17 13:57:35 [scrapy] DEBUG: Scraped from <200 https://www.indeed.fr/jobs?q=vendeur&start=30>
{'company': '',
 'crawl_url': 'https://www.indeed.fr/jobs?q=vendeur&start=30',
 'job_title': 'VENDEUR PREPARATEUR CDI - CHELLES H/F',
 'link_url': '/rc/clk?jk=aabff0c21a47ff02&fccid=5f630c1de6bb3969&vjs=3',
 'location': 'Chelles (77)',
 'salary': None,
 'site': 'Indeed',
 'summary': 'Fabriquer les produits vendus en magasin en respectant les '
            'procédures internes ;'}
2020-01-17 13:57:35 [scrapy] DEBUG: Scraped from <200 https://www.indeed.fr/jobs?q=vendeur&start=30>
{'company': '',
 'crawl_url': 'https://www.indeed.fr/jobs?q=vendeur&start=30',
 'job_title': 'Vendeur H/F',
 'link_url': '/company/Habitat/jobs/Vendeur-49dda37d32c19dac?fccid=bfde35db4d2b27bb&vjs=3',
 'location': 'Rosny-sous-Bois (93)',
 'salary': '1 600 € - 1 800 € par mois',
 'site': 'Indeed',
 'summary': "Il s'engage en permanence dans un rôle d'accueil, d'information "
            "et de conseil sur l'ensemble du magasin."}
2020-01-17 13:57:35 [scrapy] DEBUG: Scraped from <200 https://www.indeed.fr/jobs?q=vendeur&start=30>
{'company': '',
 'crawl_url': 'https://www.indeed.fr/jobs?q=vendeur&start=30',
 'job_title': 'VENDEUR F/H',
 'link_url': '/rc/clk?jk=1375eff5081b2aa3&fccid=e8338940d0db43f4&vjs=3',
 'location': 'Paris (75)',
 'salary': None,
 'site': 'Indeed',
 'summary': 'Vous contribuez à la rentabilité des rayons par le respect du '
            'plan de merchandising, la mise en avant des produits, la mise en '
            'place des opérations commerciales…'}
2020-01-17 13:57:35 [scrapy] DEBUG: Scraped from <200 https://www.indeed.fr/jobs?q=vendeur&start=30>
{'company': '',
 'crawl_url': 'https://www.indeed.fr/jobs?q=vendeur&start=30',
 'job_title': 'Vendeur Produits Éditoriaux (Livre) - CDI - 30h F/H',
 'link_url': '/rc/clk?jk=edfa08d1c2437a74&fccid=e8338940d0db43f4&vjs=3',
 'location': 'Paris (75)',
 'salary': None,
 'site': 'Indeed',
 'summary': 'Vous contribuez à la rentabilité des rayons par le respect du '
            'plan de merchandising, la mise en avant des produits, la mise en '
            'place des opérations commerciales…'}
2020-01-17 13:57:35 [scrapy] DEBUG: Scraped from <200 https://www.indeed.fr/jobs?q=vendeur&start=30>
{'company': 'NIKE BELLE EPINE',
 'crawl_url': 'https://www.indeed.fr/jobs?q=vendeur&start=30',
 'job_title': 'Vendeur conseil H/F',
 'link_url': '/company/LIMON/jobs/Vendeur-Conseil-1b6be2a3f2b9c50a?fccid=4121b996b64f711a&vjs=3',
 'location': 'Thiais (94)',
 'salary': '10,03 € par heure',
 'site': 'Indeed',
 'summary': 'Vous avez une première expérience réussie dans le domaine du '
            'merchandising et vous êtes disponible.'}
2020-01-17 13:57:35 [scrapy] DEBUG: Scraped from <200 https://www.indeed.fr/jobs?q=vendeur&start=30>
{'company': '',
 'crawl_url': 'https://www.indeed.fr/jobs?q=vendeur&start=30',
 'job_title': 'Conseiller de Vente H/F - Rosny (93)',
 'link_url': '/rc/clk?jk=5a998591e0301eaf&fccid=a4cd2f6890a2a328&vjs=3',
 'location': 'Rosny-sous-Bois (93)',
 'salary': None,
 'site': 'Indeed',
 'summary': 'Présent sur le terrain, votre mission consiste à accueillir les '
            'clients, conseiller et veiller à la bonne tenue du magasin en '
            'assurant la mise en valeur des…'}
2020-01-17 13:57:35 [scrapy] DEBUG: Scraped from <200 https://www.indeed.fr/jobs?q=vendeur&start=30>
{'company': '',
 'crawl_url': 'https://www.indeed.fr/jobs?q=vendeur&start=30',
 'job_title': 'CDD 3 MOIS TEMPS PLEIN VENDEUR POLYVALENT',
 'link_url': '/rc/clk?jk=a6b9a7cc5b0adbb9&fccid=b1a1dea659b6cd13&vjs=3',
 'location': 'Magny-le-Hongre (77)',
 'salary': None,
 'site': 'Indeed',
 'summary': 'Vous suivez la mode et les tendances.'}
2020-01-17 13:57:35 [scrapy] DEBUG: Scraped from <200 https://www.indeed.fr/jobs?q=vendeur&start=30>
{'company': '',
 'crawl_url': 'https://www.indeed.fr/jobs?q=vendeur&start=30',
 'job_title': 'Vendeur(se) Chaussures H/F',
 'link_url': '/rc/clk?jk=32205d160ab7e246&fccid=3e31b0ce31d6ae5f&vjs=3',
 'location': 'Paris (75)',
 'salary': None,
 'site': 'Indeed',
 'summary': 'Rigoureux(se) et organisé(e), vous mettez en place les animations '
            'commerciales en apportant votre créativité dans l’application du '
            'merchandising et veillez à la…'}
2020-01-17 13:57:35 [scrapy] DEBUG: Scraped from <200 https://www.indeed.fr/jobs?q=vendeur&start=30>
{'company': 'Nouvelle Literie',
 'crawl_url': 'https://www.indeed.fr/jobs?q=vendeur&start=30',
 'job_title': 'Vendeur',
 'link_url': '/company/nouvelle-literie/jobs/Vendeur-80a925b9e044b945?fccid=a72e4368c07f5c8b&vjs=3',
 'location': 'Torcy (77)',
 'salary': '1 500 € - 3 000 € par mois',
 'site': 'Indeed',
 'summary': 'En rejoignant notre groupe, vous bénéficierez d’une formation '
            'interne à nos produits ainsi qu’à nos techniques de vente.'}
2020-01-17 13:57:35 [scrapy] DEBUG: Scraped from <200 https://www.indeed.fr/jobs?q=vendeur&start=30>
{'company': 'TRIO FRUITS 18, Avenue Sylvie 77500 CHELLES',
 'crawl_url': 'https://www.indeed.fr/jobs?q=vendeur&start=30',
 'job_title': 'Vendeur libre service H/F',
 'link_url': '/pagead/clk?mo=r&ad=-6NYlbfkN0CYdeF5MsF6vhrnDpgH0-6MeYQSBGqjEnAWLeXrAwT5N11BCJTOaYrivRXyX4A6YzlQoiMpRmAsEH8nW7VLEEHIWV5LOl9qEFsPozTkq1pzB0ucNHbonKGgV6-PP4Phx-Jv2MVWp4KjGA91sp8LtWxdhDFOyM0hnwUw8rpPelbtQND_NAhbG5yw6DqohgsvOVa_0prgHjSU9U_4vUPbtACMvOMSTEANGWaCJf_1bFxlH4R99f5mHSXN3WeeVE6GoRcws1gXDu31gPZdWHtj7TdiNiem21gD1aoYBis_X8k1biv2Q_6cUkA9Dj2ER2HnLweddNsrIs3E57nvwd0TKJf_BsDBBKYUJw0rOUl6UnrjWfGIUe9BsXBwcht3RrL-qt56XSUEMO0dDyD3ns7sDylb3SrmfnpfOHLVQe4o3YVQuC-NJod9CI778CEixWubh_s=&p=12&fvj=1&vjs=3',
 'location': 'Chelles (77)',
 'salary': '1 521 € - 1 522 € par mois',
 'site': 'Indeed',
 'summary': 'Salaire : 1 521,22€ à 1 522,22€ /mois.'}
2020-01-17 13:57:35 [scrapy] DEBUG: Scraped from <200 https://www.indeed.fr/jobs?q=vendeur&start=30>
{'company': 'NOUVELLE LITERIE',
 'crawl_url': 'https://www.indeed.fr/jobs?q=vendeur&start=30',
 'job_title': 'Vendeur H/F',
 'link_url': '/pagead/clk?mo=r&ad=-6NYlbfkN0Cccz3v-P-DtuxkyyS5xoGfj-y5tnvcX0BWnRAk9Bxwu9j6aUh9OBcCxF-arwEWV9XyDsE0XmwWbFo3fZMzva6n5NfSFmgIoscnpEZGB-vTGl3UlLsG6KB6LFaCPcXS3rK5Y9sWSRggd4NOr9Ruv05Kp8WJ7nFAKQG39LhSrTU-vV0YDSvUBVRyrlNDpQdMtzJSFTOF2RQuDqs0N4C0nPDxJVQVSWaJx9E7BijBNjVCtpBCaEHY8iuB7Ur5RmLSw0yMqrwHu96R-E0tDrIAPbhrJNjDYxQACXxF48DEwajXzdTPSYgo9fZ1fWboFxAtUzH8ys5vRVMKvnbPFKKZaOKXudLUORoI2QopXdRQzwyblzWmALrAk_aatT5WujMf-wR3J4RTMss6vC5___IyaVrzRt9NISGaTZU9eXRK045W1sX5ZHriLTIc&p=13&fvj=1&vjs=3',
 'location': 'Chennevières-sur-Marne (94)',
 'salary': '2 000 € - 3 000 € par mois',
 'site': 'Indeed',
 'summary': 'Veiller à la bonne tenue du magasin.'}
2020-01-17 13:57:35 [scrapy] DEBUG: Scraped from <200 https://www.indeed.fr/jobs?q=vendeur&start=30>
{'company': 'UGG',
 'crawl_url': 'https://www.indeed.fr/jobs?q=vendeur&start=30',
 'job_title': 'Conseiller de vente H/F',
 'link_url': '/pagead/clk?mo=r&ad=-6NYlbfkN0AJI9Wp2BkTx-QXeP_nzCPoQSGPLq0r4hj-QecrZNt_t-xOugqkpct4KmtYVQAkCEG2ltoxEcc2nClyClerZHCG5BTL5imzNfFzuotCxCfPL6tAfd05cTj2Im5jDbAbghDW5mmoaKihDvjj_fBUMbvkhr0lMZXqGPGDEh-SeoaXnp1rZghBGQNT489csv01_FtbPt1VJRQzu-pdYG7n9M-HW8QzuEPQlkawLcLaeUfL0qyNLoyufxenwhMxySaaVzOds4X8reOQlsUIw0eHgIxmFuE51gcThPeEsCi66_fmzqFY56zQB3hPH2h2EkOXR32_JKTejKdsTXXGwfx2THz6yuEHCYHS3pvwphPwXdrciapgKbd_8FcFeN7kxsJRiW4YYeqsJHJEuDNGkis2sa5e7RCWKNVStTnRYTP1ZlowrAZnnbXXEUaq&p=14&fvj=1&vjs=3',
 'location': 'Marne-la-Vallée (77)',
 'salary': '1 800 € par mois',
 'site': 'Indeed',
 'summary': 'Salaire : 1 800,00€ /mois.'}
2020-01-17 13:57:35 [scrapy] INFO: Closing spider (stop generating requests, only 5 requests allowed)
2020-01-17 13:57:35 [scrapy] INFO: Dumping Scrapy stats:
{'downloader/request_bytes': 2748,
 'downloader/request_count': 6,
 'downloader/request_method_count/GET': 6,
 'downloader/response_bytes': 340682,
 'downloader/response_count': 6,
 'downloader/response_status_count/200': 5,
 'downloader/response_status_count/301': 1,
 'elapsed_time_seconds': 10.810885,
 'finish_reason': 'stop generating requests, only 5 requests allowed',
 'finish_time': datetime.datetime(2020, 1, 17, 13, 57, 35, 815413),
 'item_scraped_count': 62,
 'log_count/DEBUG': 72,
 'log_count/INFO': 7,
 'memusage/max': 54652928,
 'memusage/startup': 54652928,
 'request_depth_max': 4,
 'response_received_count': 5,
 'robotstxt/request_count': 1,
 'robotstxt/response_count': 1,
 'robotstxt/response_status_count/200': 1,
 'scheduler/dequeued': 5,
 'scheduler/dequeued/memory': 5,
 'scheduler/enqueued': 6,
 'scheduler/enqueued/memory': 6,
 'start_time': datetime.datetime(2020, 1, 17, 13, 57, 25, 4528)}
2020-01-17 13:57:35 [scrapy] INFO: Spider closed (stop generating requests, only 5 requests allowed)
