2020-01-17 12:17:02 [scrapy] DEBUG: Crawled (200) <GET https://www.indeed.fr/robots.txt> (referer: None)
2020-01-17 12:17:02 [scrapy] DEBUG: Redirecting (301) to <GET https://www.indeed.fr/emplois?q=vendeur%20> from <GET https://www.indeed.fr/jobs?q=vendeur%20>
2020-01-17 12:17:03 [scrapy] DEBUG: Crawled (200) <GET https://www.indeed.fr/emplois?q=vendeur%20> (referer: None)
2020-01-17 12:17:03 [indeed2] DEBUG: 

 Crawling  https://www.indeed.fr/emplois?q=vendeur%20

2020-01-17 12:17:03 [scrapy] DEBUG: Scraped from <200 https://www.indeed.fr/emplois?q=vendeur%20>
{'company': 'TRIO FRUITS 18, Avenue Sylvie 77500 CHELLES',
 'crawl_url': 'https://www.indeed.fr/emplois?q=vendeur%20',
 'job_title': 'Vendeur libre service H/F',
 'link_url': '/pagead/clk?mo=r&ad=-6NYlbfkN0CYdeF5MsF6vhrnDpgH0-6MeYQSBGqjEnAWLeXrAwT5N1BWQsdP1yiaZXN8TE2F0mCCLjVD_XndtzHqa8NdPM9jRGfz4DrvmsVbcpb40KlhccZMGQW3DhLyD2-UGABzLYfi6GOUSdEvp4lmjgddmndZ_5nFM_OG2VpJKyym-kHzIYTyjB9AUOhjh9PVkiyaq9xwfDbWutqLi_c9uI-_ysYL0-nLMyQiq3nrPOrVi2Xo-YKH6tRum7iQgLFfLdT4fDACS-e5IVoZyI4o4qakjAtAX-C48ag6lHo2J12YbJNeqiq9KSMiLMBgFMfGCXvZ_BOFzRUnUduiOmxjbbDvRGa5rtck2lF3cqf2qKkBLXyMUgT3TJKeGm7UviJbyqpknhMnEnbY473oAUzcQSdxll4WFI0w4uMPNCCcVniiOZI_ObPtrTRzL90S&p=0&fvj=1&vjs=3',
 'location': 'Chelles (77)',
 'salary': '1 521 € - 1 522 € par mois',
 'site': 'Indeed',
 'summary': 'Nous recherchons des employés (ées) en libre service en (H/F) en '
            'contrat à durée indéterminée à temps complet.'}
2020-01-17 12:17:03 [scrapy] DEBUG: Scraped from <200 https://www.indeed.fr/emplois?q=vendeur%20>
{'company': 'NOUVELLE LITERIE',
 'crawl_url': 'https://www.indeed.fr/emplois?q=vendeur%20',
 'job_title': 'Vendeur H/F',
 'link_url': '/pagead/clk?mo=r&ad=-6NYlbfkN0Cccz3v-P-DtuxkyyS5xoGfj-y5tnvcX0BWnRAk9Bxwu9j6aUh9OBcCxF-arwEWV9XyDsE0XmwWbFo3fZMzva6n5NfSFmgIoscnpEZGB-vTGl3UlLsG6KB6LFaCPcXS3rK5Y9sWSRggd4NOr9Ruv05Kp8WJ7nFAKQG39LhSrTU-veQNHk7bu6fBjfFWPLI4swh01YWZ3QOLLyhk4LM7J1dmHljQtYwMxybfn9atzZkvOM-qbAY4-uusMToPsZBjzw1UinsnxMNMNc60nBG7E-w2eW79y3if41RCqUwwA9ZoUo19u7UqKNACMbPe1SEDF49ZrUEU1s2ChCp40ahIFbZjQeVRchP8-1b51VyAhdE99AvhGin9lMCa-xLaIpdSmjBG-3kHkZzBSqXVpAcAtPoApjXnBs5lLOFDzmeRajJMKEpCrHAm-e_E&p=1&fvj=1&vjs=3',
 'location': 'Chennevières-sur-Marne (94)',
 'salary': '2 000 € - 3 000 € par mois',
 'site': 'Indeed',
 'summary': 'Vendeur H/F: 1 an (Souhaité).'}
2020-01-17 12:17:03 [scrapy] DEBUG: Scraped from <200 https://www.indeed.fr/emplois?q=vendeur%20>
{'company': 'IDEAL PNEU',
 'crawl_url': 'https://www.indeed.fr/emplois?q=vendeur%20',
 'job_title': 'Vendeur conseil H/F',
 'link_url': '/pagead/clk?mo=r&ad=-6NYlbfkN0C7gPj7IKxxXqSG-3ppvd4ldv1r5IA3obGJlUZ3O4ma2vDXUH6xqt6lgpsbLZe8yeX9gElkMFS74-BF8ChBvkuq8p5lGH-C4lCtSA8vtEnbadvGGyJcSrpEYPzYZf_mJoina3CyfCvr1vVeSo_7Q-IiBq4gkHroQW-_r_T4lzWikv3nHH2y4O1Veboo6dfT5ezYmdD2NTDWCZHFeRMEMBlNN068LqLCqlud0Oj8pog9-W1o-affaKK5Y_X8OzKiK7sQ-cJD1vUJcwPsnxKXRU4VO8r4_SOpjNBA9ZWIesyNQxsy8X-jGcQq_5HaePQVvjbAPRC-8xdY2k1qswV_93PuNbXBDhgSPU6sUH5abtcVmC-1TAITdUYfjuoyyGJjDYCGpy9euAvOgLcgEWQRwZxZs7H2y097ej7Uz4BA54heZChYyshjPlFs&p=2&fvj=1&vjs=3',
 'location': 'Saint-Genis-Laval (69)',
 'salary': '1 700 € - 1 900 € par mois',
 'site': 'Indeed',
 'summary': 'Vendeur H/F: 2 ans (Requis).'}
2020-01-17 12:17:03 [scrapy] DEBUG: Scraped from <200 https://www.indeed.fr/emplois?q=vendeur%20>
{'company': 'Activ Automobiles Distinxion Chavelot',
 'crawl_url': 'https://www.indeed.fr/emplois?q=vendeur%20',
 'job_title': 'Vendeur automobile H/F',
 'link_url': '/pagead/clk?mo=r&ad=-6NYlbfkN0BoVDIOlVsAi21jPC1WsRr8Gbaq5Tt7ZZt8XC-FSQiUgYm8Lz7bABRY4ipY7KJNtB6ONVaXdknO7ehWchzN7HQ5Lpk3k-dzHjZA4Q9c8PastPsnVEzVsDucdyS4cwZj-szux0sfYDWE6TTzZtILForuHXL8CziikhGWeNBdBBFCk0ZBooZUqAtOR5Ndbt8UpH4Nvgui3VB_7WYsQUcOcF9yhVjy4M5HyqHe0bMB_H8SZt6HR3W5Jvsyk7dV06kTpOoi8W_ubJupD9HB89zLiFwqD4lmvly1qm3fL_S_MQKu1IcD4qjaOIZ86kCwVgr5whTq05YU9yEICMsNiXolyH6Nt2eS4CdEmvlxIv4UFNjVsQ1PTQYgvuFaDJ6OBjiWLlVLG-wiQc3OxJMGH6D7i0YXDPSs6Uphy-rLaoQeW2XRaAwG0MiBwXOKXlCt-iCJ_SQ=&p=3&fvj=1&vjs=3',
 'location': 'Épinal (88)',
 'salary': '2 500 € - 4 500 € par mois',
 'site': 'Indeed',
 'summary': 'Vendeur H/F: 3 ans (Souhaité).'}
2020-01-17 12:17:03 [scrapy] DEBUG: Scraped from <200 https://www.indeed.fr/emplois?q=vendeur%20>
{'company': 'Traiteur AtrYum des saveurs',
 'crawl_url': 'https://www.indeed.fr/emplois?q=vendeur%20',
 'job_title': 'Conseiller vendeur H/F en gastronomie',
 'link_url': '/pagead/clk?mo=r&ad=-6NYlbfkN0BSswcWIrMES6iep4HzNzCHGHBe1krMfnKGfla3m_t50WvZVdq6MQoW8QwefeN9dOGiiN2AnKuM8B66Tmbpzzvq4T1-lEoK6bfMOo70JirIhqv8fiC_oVzgDD1TbgKOAVNlh4vnfsa-I0le2kGC9NZZPfnAdE99Mr6VDUVZR4ITXAvPvisRHPKAn-NXZjpKYDhiVbpL4qmay5TiYnv7fuVV3UjuqkZJGXtRwujJvAzCUggKA5R-FUqFOwsNwvUsTww844Az_gCxLqGPVgPvLyIpUMU6QjTXJOlXE_54ZeUyvmM0dcqpNP0Vd7jV18KcbWYi3Cq9PbSl4vLGEgCgxjNR8XIjnQ0v2DgiVJOE7o15v-IUcoayOWOTB0M2BaTlMO95NaTBPdSQ38ujiPgC-UVECK7VcFrNLpcAlo7eeS0Z7YFGTwqLt13c8bhuUW53gjzA43GQNPIfzw==&p=4&fvj=1&vjs=3',
 'location': 'Paris 17e (75)',
 'salary': '1 667 € par mois',
 'site': 'Indeed',
 'summary': 'Vendeur H/F: 2 ans (Requis).'}
2020-01-17 12:17:03 [scrapy] DEBUG: Scraped from <200 https://www.indeed.fr/emplois?q=vendeur%20>
{'company': 'GLOBE',
 'crawl_url': 'https://www.indeed.fr/emplois?q=vendeur%20',
 'job_title': 'Vendeur H/F Ambassadeur H/F Cigarettes électroniques',
 'link_url': '/pagead/clk?mo=r&ad=-6NYlbfkN0CB7Sl6OS-_2P8BhHyMz0aYADWQ6N23V65O-ufGvAIiE_PLDDkfCngBHCeOMjfLgEVR4_G-TfxKNfpTrCJ5SFSBw-KN3W4-Qeeci5H3dB5AXLsuAHoHsZexijxSNqx_6GmNLb8rz7yWTA2nc908Eyo0QEiYmJf0evxUuwqoCEO3yv_XYFZIk8RjuJRUcQVt2-QhYKix34vSFhuRyiAt4NZaGTEM1-WFEvJ0Ol5j5nWkiL7Xiaht8nLTunQPW8KTjdsVazK-_fTuPN8s84azggtR1x88YjffamYwJT4ma8b08egAVeCUzgDHh8eykOUTsZS41xy10XaDEO-cdwj6wxnvL-DgJMPgMj-e_tjcvfzqHugrRVNcjcVYBjxSp0LDGCyas2DJIDnhPTLDHF8fVkVXQeEeoyIevA2gEJhUoQm9fTOn8RI5jjbaCVdIcxgn83U45hM-W5ac8DBuhd763dhruTMsSHW9FRtK6AKhlufeFg==&p=5&fvj=1&vjs=3',
 'location': 'Paris (75)',
 'salary': '10 € par heure',
 'site': 'Indeed',
 'summary': "Dans le cadre d'une animation pour une marque de cigarettes "
            'électroniques, Globe recherche ses prochains vendeurs(euses) '
            'animateurs(trices) afin de représenter…'}
2020-01-17 12:17:03 [scrapy] DEBUG: Scraped from <200 https://www.indeed.fr/emplois?q=vendeur%20>
{'company': '',
 'crawl_url': 'https://www.indeed.fr/emplois?q=vendeur%20',
 'job_title': 'Vendeur H/F',
 'link_url': '/rc/clk?jk=8a6e4bb54edf9e09&fccid=af17ea0d1d6bbbba&vjs=3',
 'location': 'Villiers-sur-Marne (94)',
 'salary': None,
 'site': 'Indeed',
 'summary': "Tu aimes le contact avec les clients et tu es à l'aise pour les "
            'approcher de manière amicale et polie.'}
2020-01-17 12:17:03 [scrapy] DEBUG: Scraped from <200 https://www.indeed.fr/emplois?q=vendeur%20>
{'company': '',
 'crawl_url': 'https://www.indeed.fr/emplois?q=vendeur%20',
 'job_title': 'vendeur(se) CDI 24H / ( H/F) Noisy le Grand',
 'link_url': '/company/RougeGorge-Lingerie/jobs/Vendeur-c8539283a624f096?fccid=53d4b6b590f42807&vjs=3',
 'location': 'Noisy-le-Grand (93)',
 'salary': None,
 'site': 'Indeed',
 'summary': 'Vendeur H/F: 1 an (Souhaité).'}
2020-01-17 12:17:03 [scrapy] DEBUG: Scraped from <200 https://www.indeed.fr/emplois?q=vendeur%20>
{'company': '',
 'crawl_url': 'https://www.indeed.fr/emplois?q=vendeur%20',
 'job_title': 'Vendeur h/f',
 'link_url': '/rc/clk?jk=a0efdd35308114fc&fccid=6ca58ca2f774ef0f&vjs=3',
 'location': 'Noisy-le-Grand (93)',
 'salary': None,
 'site': 'Indeed',
 'summary': 'Avec plus de 2400 collaborateurs qui mettent toutes leurs '
            'compétences au service de nos 565 magasins, le groupe ARMAND '
            "THIERY est reconnu comme l'un des leaders…"}
2020-01-17 12:17:03 [scrapy] DEBUG: Scraped from <200 https://www.indeed.fr/emplois?q=vendeur%20>
{'company': '',
 'crawl_url': 'https://www.indeed.fr/emplois?q=vendeur%20',
 'job_title': 'Vendeur assistant Celio - CDI 35h - Rosny-sous-Bois (93) H/F',
 'link_url': '/rc/clk?jk=62e760f91fcc379a&fccid=590163b494adb820&vjs=3',
 'location': 'Rosny-sous-Bois (93)',
 'salary': None,
 'site': 'Indeed',
 'summary': 'Découvre le métier de'}
2020-01-17 12:17:03 [scrapy] DEBUG: Scraped from <200 https://www.indeed.fr/emplois?q=vendeur%20>
{'company': '',
 'crawl_url': 'https://www.indeed.fr/emplois?q=vendeur%20',
 'job_title': 'Vendeur F/H - CDD 3 mois 24h',
 'link_url': '/rc/clk?jk=f8472ecf0488d045&fccid=e2a67c0e26e0e625&vjs=3',
 'location': 'Noisy-le-Grand (93)',
 'salary': None,
 'site': 'Indeed',
 'summary': 'Vendeur F/H - CDD 3 mois 24h.'}
2020-01-17 12:17:03 [scrapy] DEBUG: Scraped from <200 https://www.indeed.fr/emplois?q=vendeur%20>
{'company': '',
 'crawl_url': 'https://www.indeed.fr/emplois?q=vendeur%20',
 'job_title': 'Vendeur H/F - CDI Temps Complet',
 'link_url': '/rc/clk?jk=261b3ef94c2e94c5&fccid=af17ea0d1d6bbbba&vjs=3',
 'location': 'Villiers-sur-Marne (94)',
 'salary': None,
 'site': 'Indeed',
 'summary': "Tu aimes le contact avec les clients et tu es à l'aise pour les "
            'approcher de manière amicale et polie.'}
2020-01-17 12:17:03 [scrapy] DEBUG: Scraped from <200 https://www.indeed.fr/emplois?q=vendeur%20>
{'company': '',
 'crawl_url': 'https://www.indeed.fr/emplois?q=vendeur%20',
 'job_title': 'Vendeur Ile de France Est H/F',
 'link_url': '/rc/clk?jk=5d71c80632fb8260&fccid=d9a4edb3e81f3258&vjs=3',
 'location': 'Noisy-le-Grand (93)',
 'salary': None,
 'site': 'Indeed',
 'summary': 'Par tes capacités relationnelles tu fidélises la cliente : elle '
            'reviendra pour tes précieux conseils ainsi que pour ton plus beau '
            'sourire.'}
2020-01-17 12:17:03 [scrapy] DEBUG: Scraped from <200 https://www.indeed.fr/emplois?q=vendeur%20>
{'company': 'Micromania Zing',
 'crawl_url': 'https://www.indeed.fr/emplois?q=vendeur%20',
 'job_title': 'VENDEUR / VENDEUSE MICROMANIA ZING - H/F',
 'link_url': '/rc/clk?jk=4ee9d5d3959ef316&fccid=386e39d3c2009a97&vjs=3',
 'location': 'Torcy (77)',
 'salary': None,
 'site': 'Indeed',
 'summary': "Lancé il y a 35 ans, Micromania s'est vite imposé comme le leader "
            'dans la distribution des jeux vidéo en France.'}
2020-01-17 12:17:03 [scrapy] DEBUG: Scraped from <200 https://www.indeed.fr/emplois?q=vendeur%20>
{'company': '',
 'crawl_url': 'https://www.indeed.fr/emplois?q=vendeur%20',
 'job_title': 'Vendeur/conseiller prêt-à-porter (H/F) - Arcades',
 'link_url': '/company/T.J.-Maxx/jobs/Vendeur-Conseiller-Pr%C3%AAt-Porter-c97cc88fb61d9884?fccid=26c4ea497c27a6c6&vjs=3',
 'location': 'Noisy-le-Grand (93)',
 'salary': None,
 'site': 'Indeed',
 'summary': 'Vendeur H/F: 1 an (Souhaité).'}
2020-01-17 12:17:03 [scrapy] DEBUG: Scraped from <200 https://www.indeed.fr/emplois?q=vendeur%20>
{'company': '',
 'crawl_url': 'https://www.indeed.fr/emplois?q=vendeur%20',
 'job_title': 'VENDEUR CDI 35H00 (H/F)',
 'link_url': '/rc/clk?jk=75928aa3e2f9e29a&fccid=48312c14067303f7&vjs=3',
 'location': 'Torcy (77)',
 'salary': '1 550 € par mois',
 'site': 'Indeed',
 'summary': 'Votre Responsable de Magasin et son Assistant, vous confieront '
            'les missions suivantes :'}
2020-01-17 12:17:03 [scrapy] DEBUG: Scraped from <200 https://www.indeed.fr/emplois?q=vendeur%20>
{'company': 'Métin-Gueudet',
 'crawl_url': 'https://www.indeed.fr/emplois?q=vendeur%20',
 'job_title': 'Vendeur automobiles VN - (F/H) Citroën',
 'link_url': '/pagead/clk?mo=r&ad=-6NYlbfkN0C33Q6zPA6I01Rqm8ZO-KJmlVvxE6AN4yZSi-OR8VoThXYzyWhxdCM3-nzwT2vtdt_Z3dcj9IHZ14Y3L6fmUVCB2uLQYaZtJV3LX1Ab2uc97aTJ38z5IGvGfEyJe4P0V0JhvMKK0_H30a54RQlktBmf7JZ5ioJCq08mlIT-GtrH7muwKFnXlT3Y-shJWkgV5XtMN20gUTZAHta4amJvJYOpWW8D4XhPTGWAl8p-ifd0Yx6N7xrAAwkq13O_cScoDcWfthtpveKAst2BU7GxTGQ-aHzfj40gdYUGsP-XwcCPvjUPl5TSnrP4YpN3t8vH8IBGlRyKBkObtuW6ig8WrXuq-Z4eDtD5R0KXvoYgYgHpcDMr6IHVmH-Ih0pmNnP2n0JOf274Zta5pT2PC-ihhtAqZz1XLliSsm0d_R7uBZHchVrcv-pn6jMXWAUp-Dho-Okiu9yq_EiS4oj14568wI8w&p=16&fvj=1&vjs=3',
 'location': 'Neuilly-Plaisance (93)',
 'salary': None,
 'site': 'Indeed',
 'summary': 'Vendeur automobiles vn - (f/h) citroën neuilly plaisance ou '
            'similaire: 3 ans (Requis).'}
2020-01-17 12:17:03 [scrapy] DEBUG: Scraped from <200 https://www.indeed.fr/emplois?q=vendeur%20>
{'company': 'Métin Groupe Gueudet- CITROEN',
 'crawl_url': 'https://www.indeed.fr/emplois?q=vendeur%20',
 'job_title': 'Vendeur automobile vn/vo (H/F)',
 'link_url': '/pagead/clk?mo=r&ad=-6NYlbfkN0C33Q6zPA6I01Rqm8ZO-KJmlVvxE6AN4yZSi-OR8VoThXYzyWhxdCM3-nzwT2vtdt8i2Xm-22SLETLIOtgP7oKHkOEMUj5hH8NdeKIhIrRhiPsYxDfzYYRJMWrzhIJ1iXzapY9-4vIl2GwTkGBsoQUskez93LSAU9-7KerxotTqyhH92tgQtNdr8_YWQx_p9aJtkRf0SmzJtNfQ79ZDrY2o0cQayCIIPkdcTwYgL6BqEQUPetwpd7UJfDhISxtU1l0VBfj195T7XOYo9BkbMxevZWP_DrRebXre1TgtcUGQXXkkBWFRUPUVnxz8KNnOZLfGXhOojTD8VLNT1vEsy9Dvj70_qGyXITabmqPxycWdf13QJTrGH6XSDVCemU5oV0xdJuuqe3TIsYnWdqI0IAEUNK3wuzqjWeEIGiJmHOMr2G4wsS1o3HCEWOt6TcLuR0c=&p=17&fvj=1&vjs=3',
 'location': 'Villemomble (93)',
 'salary': None,
 'site': 'Indeed',
 'summary': 'Vendeur automobiles vn/vo (h/f) ou similaire: 1 an (Souhaité).'}
2020-01-17 12:17:04 [scrapy] DEBUG: Crawled (200) <GET https://www.indeed.fr/jobs?q=vendeur+&start=10> (referer: https://www.indeed.fr/emplois?q=vendeur%20)
2020-01-17 12:17:04 [indeed2] DEBUG: 

 Crawling  https://www.indeed.fr/jobs?q=vendeur+&start=10

2020-01-17 12:17:04 [scrapy] DEBUG: Scraped from <200 https://www.indeed.fr/jobs?q=vendeur+&start=10>
{'company': 'NOUVELLE LITERIE',
 'crawl_url': 'https://www.indeed.fr/jobs?q=vendeur+&start=10',
 'job_title': 'Vendeur H/F',
 'link_url': '/pagead/clk?mo=r&ad=-6NYlbfkN0Cccz3v-P-DtuxkyyS5xoGfj-y5tnvcX0BWnRAk9Bxwu9j6aUh9OBcCxF-arwEWV9XyDsE0XmwWbFo3fZMzva6n5NfSFmgIoscnpEZGB-vTGl3UlLsG6KB6LFaCPcXS3rK5Y9sWSRggd4NOr9Ruv05Kp8WJ7nFAKQG39LhSrTU-veQNHk7bu6fBKVr2WAK6nxEdJR_-T1SCt08yO_L5lTJxI0vt8ZIhMDvtRx1EM_kuAQf3frGcGZKSSbpaxy7QeRHfcuuU5psVG7y7Wd1WTADMXxxK8eUMWztptdeHPSBdvu8h_xXVoDBSyN5rgTaF_xnQnadArNHhyoLQQVbBMqEKiZu-WTrHiaBjzG4uJsd_h9dTAn0eXDN73D8GkKELCeMO3ZpJqgJ_1Rhq3r0kmspElQpIiCHGzR4_-zZs7c_wRE-Anqm7ZucD&p=0&fvj=1&vjs=3',
 'location': 'Chennevières-sur-Marne (94)',
 'salary': '2 000 € - 3 000 € par mois',
 'site': 'Indeed',
 'summary': 'Veiller à la bonne tenue du magasin.'}
2020-01-17 12:17:04 [scrapy] DEBUG: Scraped from <200 https://www.indeed.fr/jobs?q=vendeur+&start=10>
{'company': 'UGG',
 'crawl_url': 'https://www.indeed.fr/jobs?q=vendeur+&start=10',
 'job_title': 'Conseiller de vente H/F',
 'link_url': '/pagead/clk?mo=r&ad=-6NYlbfkN0AJI9Wp2BkTx-QXeP_nzCPoQSGPLq0r4hj-QecrZNt_t-xOugqkpct4KmtYVQAkCEG2ltoxEcc2nClyClerZHCG5BTL5imzNfFzuotCxCfPL6tAfd05cTj2Im5jDbAbghDW5mmoaKihDvjj_fBUMbvkhr0lMZXqGPGDEh-SeoaXnp1rZghBGQNTmBPeHJ6YcfnWfluC5IazbwarHPlyDqkHrpHhez8kDrBLH1XCz39oqbKXI9s7HzWubbFvFsWzsY8Ha0uF3V7kBs4SNvYxPyMs2sp8Yx9wgLeO8F0wgRZtTAaHzaEDHYeqjsvgS2knRU5-FgeIDu4yYLQhwrP43UNJNmVwMMGf5kKDutHtzBEXGKhvjfmLlQMDkgczFlYay_aTVYukUpzKIKivXwFeDOaeqJD2PGyBDWo-TsN8jVnQeW8LTfgNs-84&p=1&fvj=1&vjs=3',
 'location': 'Marne-la-Vallée (77)',
 'salary': '1 800 € par mois',
 'site': 'Indeed',
 'summary': 'Salaire : 1 800,00€ /mois.'}
2020-01-17 12:17:04 [scrapy] DEBUG: Scraped from <200 https://www.indeed.fr/jobs?q=vendeur+&start=10>
{'company': '',
 'crawl_url': 'https://www.indeed.fr/jobs?q=vendeur+&start=10',
 'job_title': 'Vendeur H/F',
 'link_url': '/pagead/clk?mo=r&ad=-6NYlbfkN0BhSaeOtM61eX1H-Izah8QUiZiUrTfy47YvLuq39uiwvpFPjnGd1VPSXFzzqgL9hqR-7iDBIv4TMmvLa58pcIKzwDDy_ZX8COXVTezT-QmIMxPKz7NO0H9yWB4lGPbXLunf-DDJ31dA_FcOEBAOpgV1aj1BBAaUn6nXFkkpbKFfXH9uZzUMwvpNZ3AGO1NvKiXZtSQgjcBQpMSBFL_AU0ISadYt4rfYvBNs5kvo7T3Q1VCf5j0YR4KizSDLHoSKi_tJlELIrHZJp2xzJEVp3zYvQAvaVG2dKSTr59VbA0tulyfSdFDhp52fLpL9S4STQNapcn4Tyw-7yZb03UAPNVrnKc6PjTTfloH5QYwwk2jwKRiLCGqxFAtlZF-fnBfSvX_EORNj093P8AVQQ-lKUDR6FBAziy72T4jy3uS0y6WbGA==&p=2&fvj=1&vjs=3',
 'location': 'Seine-Saint-Denis',
 'salary': '1 540 € par mois',
 'site': 'Indeed',
 'summary': 'Rejoindre Ange c’est, partager nos valeurs sur la qualité de nos '
            'produits, le respect de nos clients et de nos collaborateurs, et '
            'le plaisir d’un travail bien…'}
2020-01-17 12:17:04 [scrapy] DEBUG: Scraped from <200 https://www.indeed.fr/jobs?q=vendeur+&start=10>
{'company': 'Métin Groupe Gueudet- CITROEN',
 'crawl_url': 'https://www.indeed.fr/jobs?q=vendeur+&start=10',
 'job_title': 'Vendeur automobile vn/vo (H/F)',
 'link_url': '/pagead/clk?mo=r&ad=-6NYlbfkN0C33Q6zPA6I01Rqm8ZO-KJmlVvxE6AN4yZSi-OR8VoThXYzyWhxdCM3-nzwT2vtdt8i2Xm-22SLETLIOtgP7oKHkOEMUj5hH8NdeKIhIrRhiPsYxDfzYYRJMWrzhIJ1iXzapY9-4vIl2GwTkGBsoQUskez93LSAU9-7KerxotTqyhH92tgQtNdr7g7-0xlXSG7fJg29zlG1pSFIBSCnMmd4-weDTFaA0tPUYvnzv-VG83u5_opdsS7A2ejKuogRIsqlfAUdpqqv1bp_zWhXG7KoZ5vhaK3oK6I3j1pQOVy6SYGY0po_o6nY4B9YCQlbFf8Ji7mETfpQLSnhT7ZKmXsJiVPikg9coiWLoEP_3HKaJMvgDs86Mxmd2_y-ep8OPNWLo2aO6uHL6CvHGPdqxVQzyhSv9Z1nxRDAGCJZ7Q9iYjqiBYktK29OHSzigfYpT0Y=&p=3&fvj=1&vjs=3',
 'location': 'Villemomble (93)',
 'salary': None,
 'site': 'Indeed',
 'summary': "Vous disposez impérativement d'une expérience significative en "
            "vente automobiles, vous permettant ainsi d'être autonome et "
            'polyvalent(e).'}
2020-01-17 12:17:04 [scrapy] DEBUG: Scraped from <200 https://www.indeed.fr/jobs?q=vendeur+&start=10>
{'company': 'Métin-Gueudet',
 'crawl_url': 'https://www.indeed.fr/jobs?q=vendeur+&start=10',
 'job_title': 'Vendeur automobiles VN - (F/H) Citroën',
 'link_url': '/pagead/clk?mo=r&ad=-6NYlbfkN0C33Q6zPA6I01Rqm8ZO-KJmlVvxE6AN4yZSi-OR8VoThXYzyWhxdCM3-nzwT2vtdt_Z3dcj9IHZ14Y3L6fmUVCB2uLQYaZtJV3LX1Ab2uc97aTJ38z5IGvGfEyJe4P0V0JhvMKK0_H30a54RQlktBmf7JZ5ioJCq08mlIT-GtrH7muwKFnXlT3Yrqdx1Rx0ZXJQnRUNlpkmONcEumev36NWioJ_0W9uBS8SBfkun8uM7VF2algZ2vWOYdZQV3FmG1iuF0RXeHtqfMtiGVCRHc-PDPaKy52tte5a6tpLh6sNybYjv8oNUMjsVQebhThDm7NkS7b_GzVDbwdLgWej3DEcCHCIatWd--Ec2cMe0ti7PCTr1I4F3G2H_SNMqpLhJ9Z0LtkW8sZD1fzDFDCf145-ewU1v0gX1W9JIyM2kgW9TT3WIOITz4t-rOO1ysG1sFnYgkSM1rBeUAekPDymNssh&p=4&fvj=1&vjs=3',
 'location': 'Neuilly-Plaisance (93)',
 'salary': None,
 'site': 'Indeed',
 'summary': 'Dynamique, tenace, vous appréciez le challenge mais surtout êtes '
            'attaché(e) à la satisfaction clientèle.'}
2020-01-17 12:17:04 [scrapy] DEBUG: Scraped from <200 https://www.indeed.fr/jobs?q=vendeur+&start=10>
{'company': 'Activ Automobiles Distinxion Chavelot',
 'crawl_url': 'https://www.indeed.fr/jobs?q=vendeur+&start=10',
 'job_title': 'Vendeur automobile H/F',
 'link_url': '/pagead/clk?mo=r&ad=-6NYlbfkN0BoVDIOlVsAi21jPC1WsRr8Gbaq5Tt7ZZt8XC-FSQiUgYm8Lz7bABRY4ipY7KJNtB6ONVaXdknO7ehWchzN7HQ5Lpk3k-dzHjZA4Q9c8PastPsnVEzVsDucdyS4cwZj-szux0sfYDWE6TTzZtILForuHXL8CziikhGWeNBdBBFCk0ZBooZUqAtOp_bx-V0vcNL07Yu6SK5nb1fcSH75q_7p29zPqY-LUoeYZbe_Eas5klm8ZMMRqycdMjRZr2RWn1OA6ifb19dlXJ1VnBWIa51LiacHMIwPzNJl3yD9bKAZ-siA0L5URJEBvRpoLxvGp40xH-2y0DxU_26mWxsvv0yZ2ZgmRMO3I1LcnBgPiTblZxf4uKEXfKhI6sg1WNHLNXlJrCidwK3qsfP2xbfdyVlAYK-iWJXCJvzazwvxO3ZzBGyqDu_qCyB0&p=5&fvj=1&vjs=3',
 'location': 'Épinal (88)',
 'salary': '2 500 € - 4 500 € par mois',
 'site': 'Indeed',
 'summary': 'Votre connaissance des produits, vos compétences commerciales et '
            'votre sens du service vous amènent dans une démarche de vente '
            'globale ainsi que la reprise des…'}
2020-01-17 12:17:04 [scrapy] DEBUG: Scraped from <200 https://www.indeed.fr/jobs?q=vendeur+&start=10>
{'company': '',
 'crawl_url': 'https://www.indeed.fr/jobs?q=vendeur+&start=10',
 'job_title': 'VENDEUR PREPARATEUR H/F',
 'link_url': '/rc/clk?jk=c57789cbb3cd76d2&fccid=6508102431d09d9f&vjs=3',
 'location': 'Noisy-le-Grand (93)',
 'salary': None,
 'site': 'Indeed',
 'summary': "Reconnu comme l'un des chocolatiers de référence pour son "
            'savoir-faire et la qualité de ses produits, Jeff de Bruges vous '
            'invite à venir partager ce qui fait…'}
2020-01-17 12:17:04 [scrapy] DEBUG: Scraped from <200 https://www.indeed.fr/jobs?q=vendeur+&start=10>
{'company': '',
 'crawl_url': 'https://www.indeed.fr/jobs?q=vendeur+&start=10',
 'job_title': 'Vendeur / vendeuse magasin I AM Noisy le Grand (93) - CDI 35h '
              '(H/F)',
 'link_url': '/rc/clk?jk=c998da6ac53a3dc3&fccid=3f24b309557a3d43&vjs=3',
 'location': 'Noisy-le-Grand (93)',
 'salary': None,
 'site': 'Indeed',
 'summary': 'Veiller à la bonne tenue du magasin en vous assurant que nos '
            'bijoux soient bien mis en valeurs selon nos préconisations '
            'merchandising.'}
2020-01-17 12:17:04 [scrapy] DEBUG: Scraped from <200 https://www.indeed.fr/jobs?q=vendeur+&start=10>
{'company': 'MORGAN (Réseau)',
 'crawl_url': 'https://www.indeed.fr/jobs?q=vendeur+&start=10',
 'job_title': 'VENDEUR (H/F) CDI 35H',
 'link_url': '/rc/clk?jk=e7fa3718671fadb6&fccid=5f023574d25fd359&vjs=3',
 'location': 'Rosny-sous-Bois (93)',
 'salary': None,
 'site': 'Indeed',
 'summary': "Vous participez à l'implantation du magasin: réalisation du "
            'réassort et mise en application des consignes merchandising '
            'transmises par le siège ;'}
2020-01-17 12:17:04 [scrapy] DEBUG: Scraped from <200 https://www.indeed.fr/jobs?q=vendeur+&start=10>
{'company': '',
 'crawl_url': 'https://www.indeed.fr/jobs?q=vendeur+&start=10',
 'job_title': 'Vendeuse/Vendeur - Noisy-Le-Grand - CDD - Temps Partiel - 30H - '
              'F/H',
 'link_url': '/rc/clk?jk=54ab80ae29f1c81e&fccid=339fd0e07baa71f8&vjs=3',
 'location': 'Noisy-le-Grand (93)',
 'salary': None,
 'site': 'Indeed',
 'summary': 'Rigoureux et organisé, vous veillez à la bonne tenue et à la '
            'propreté du magasin ainsi qu’au respect des normes de '
            'merchandising.'}
2020-01-17 12:17:04 [scrapy] DEBUG: Scraped from <200 https://www.indeed.fr/jobs?q=vendeur+&start=10>
{'company': 'MANGOS',
 'crawl_url': 'https://www.indeed.fr/jobs?q=vendeur+&start=10',
 'job_title': 'Vendeur H/F',
 'link_url': '/company/Mangos-Mayol/jobs/Vendeur-3f854eb9445f2692?fccid=9ab86b80ab6ff867&vjs=3',
 'location': 'Rosny-sous-Bois (93)',
 'salary': '1 400 € par mois',
 'site': 'Indeed',
 'summary': 'Une première expérience sera appréciée dans le domaine de la '
            'restauration mais avant tout nous recherchons une personnalité.'}
2020-01-17 12:17:04 [scrapy] DEBUG: Scraped from <200 https://www.indeed.fr/jobs?q=vendeur+&start=10>
{'company': '',
 'crawl_url': 'https://www.indeed.fr/jobs?q=vendeur+&start=10',
 'job_title': 'CDI Vendeur Pandora à Disney (H/F)',
 'link_url': '/company/Pandora-Jewelry/jobs/CDI-Vendeur-Pandora-Disney-55cf8139692d5ab8?fccid=d52b9b25e32242d5&vjs=3',
 'location': 'Marne-la-Vallée (77)',
 'salary': None,
 'site': 'Indeed',
 'summary': 'Vous veillez scrupuleusement au respect du concept visuel de la '
            "marque ainsi qu'à la bonne tenue du magasin (réassort des bijoux, "
            'propreté, entretien, rangement…'}
2020-01-17 12:17:04 [scrapy] DEBUG: Scraped from <200 https://www.indeed.fr/jobs?q=vendeur+&start=10>
{'company': 'NIKE CRETEIL',
 'crawl_url': 'https://www.indeed.fr/jobs?q=vendeur+&start=10',
 'job_title': 'Vendeur caissier H/F',
 'link_url': '/company/LIMON/jobs/Vendeur-Caissier-e42288579a1632f8?fccid=4121b996b64f711a&vjs=3',
 'location': 'Créteil (94)',
 'salary': None,
 'site': 'Indeed',
 'summary': 'Le magasin Nike Créteil spécialisé dans la vente d’articles de '
            'sport recherche des collaborateurs passionnés par le sport et qui '
            'ont l’ambition de se développer…'}
2020-01-17 12:17:04 [scrapy] DEBUG: Scraped from <200 https://www.indeed.fr/jobs?q=vendeur+&start=10>
{'company': "NIKE VAL D'EUROPE",
 'crawl_url': 'https://www.indeed.fr/jobs?q=vendeur+&start=10',
 'job_title': 'Vendeur conseil H/F',
 'link_url': '/company/LIMON/jobs/Vendeur-Conseil-45b5afdbe468ee2f?fccid=4121b996b64f711a&vjs=3',
 'location': 'Serris (77)',
 'salary': '10,03 € par heure',
 'site': 'Indeed',
 'summary': 'Vous avez une première expérience réussie dans le domaine du '
            'merchandising et vous êtes disponible.'}
2020-01-17 12:17:04 [scrapy] DEBUG: Scraped from <200 https://www.indeed.fr/jobs?q=vendeur+&start=10>
{'company': '',
 'crawl_url': 'https://www.indeed.fr/jobs?q=vendeur+&start=10',
 'job_title': 'Vendeur H/F - CDI 35h - Torcy Bay 2',
 'link_url': '/rc/clk?jk=d626357d977cd4ab&fccid=08a7d388ff010957&vjs=3',
 'location': 'Torcy (77)',
 'salary': None,
 'site': 'Indeed',
 'summary': 'Vous vous investirez également dans la mise en place du '
            'merchandising et l’élaboration des vitrines ainsi que dans la '
            'bonne tenue quotidienne du magasin.'}
2020-01-17 12:17:04 [scrapy] DEBUG: Scraped from <200 https://www.indeed.fr/jobs?q=vendeur+&start=10>
{'company': 'SUPERDRY',
 'crawl_url': 'https://www.indeed.fr/jobs?q=vendeur+&start=10',
 'job_title': 'Vendeur conseil',
 'link_url': '/pagead/clk?mo=r&ad=-6NYlbfkN0BSjK7UhEDVXGGG3oOD5njVGa_DSTmCcSQrrWrnI9L_GFoRZkBJn_dvDjXvIKjps726fRCRzFCw4fpas3ja-nlej-Q1koevEqMOrJefG3fVzHioTPwftmYutdwPC1FVo8E8VDYoYn_KrTTFiKYyjswUaMJidSq2WmgIYjt6R6lyv-5-wYbb2pW4qLmKZA99gmqc0dQWTHmYQZ79Noa0qaR_Ys7rIGlg83XWtSTTwsFGw6o4yq1pjiBhCSLtGwEzGXh7UuKkyJbmzIMf96lxpLMad1iSqO2r3oa43JOSNFad7pJ5SFOw1FJuuIFpL7D8Zmtr5SadmX-9vTeuahhEQvUt3aYVI26jucKSD9zU36yM0uokq8vANlvVO8osi2cxVlAeLu91ezhaZUimXy1cAd-C-6GuOJY_XIMInAs7J6V5fw==&p=15&fvj=1&vjs=3',
 'location': 'Rosny-sous-Bois (93)',
 'salary': '1 594 € par mois',
 'site': 'Indeed',
 'summary': 'A l’écoute des tendances de mode, vous participez au '
            'développement de.'}
2020-01-17 12:17:04 [scrapy] DEBUG: Scraped from <200 https://www.indeed.fr/jobs?q=vendeur+&start=10>
{'company': 'TRIO FRUITS 18, Avenue Sylvie 77500 CHELLES',
 'crawl_url': 'https://www.indeed.fr/jobs?q=vendeur+&start=10',
 'job_title': 'Vendeur libre service H/F',
 'link_url': '/pagead/clk?mo=r&ad=-6NYlbfkN0CYdeF5MsF6vhrnDpgH0-6MeYQSBGqjEnAWLeXrAwT5N1BWQsdP1yiaZXN8TE2F0mCCLjVD_XndtzHqa8NdPM9jRGfz4DrvmsVbcpb40KlhccZMGQW3DhLyD2-UGABzLYfi6GOUSdEvp4lmjgddmndZ_5nFM_OG2VpJKyym-kHzIYTyjB9AUOhjYy0DsH3v_zeCwU0OTVHLsprhX15bZ3iM62q1JCc4IphYdX9NqvmnuD0mJ-9NpOldclYE7Szg4LfY3s9_L3dw0lqV1U2mk3btgE-RYKBLnoB0OclmquQXFiGw6MDpiqiSNKJ7GaJ9-DzZG4CcBjN1P964rKtATa7RirACZTxhnfe-u6YJXWrbdtqah1bAJfPdLPM9Enp4Tf8AHgCI5740qlu72C_eKurVmiFaTVmASKGaZhCUMamxuhzz8pDLCbQV&p=16&fvj=1&vjs=3',
 'location': 'Chelles (77)',
 'salary': '1 521 € - 1 522 € par mois',
 'site': 'Indeed',
 'summary': 'Salaire : 1 521,22€ à 1 522,22€ /mois.'}
2020-01-17 12:17:05 [scrapy] DEBUG: Crawled (200) <GET https://www.indeed.fr/jobs?q=vendeur&start=20> (referer: https://www.indeed.fr/jobs?q=vendeur+&start=10)
2020-01-17 12:17:05 [indeed2] DEBUG: 

 Crawling  https://www.indeed.fr/jobs?q=vendeur&start=20

2020-01-17 12:17:05 [scrapy] DEBUG: Scraped from <200 https://www.indeed.fr/jobs?q=vendeur&start=20>
{'company': 'UGG',
 'crawl_url': 'https://www.indeed.fr/jobs?q=vendeur&start=20',
 'job_title': 'Conseiller de vente H/F',
 'link_url': '/pagead/clk?mo=r&ad=-6NYlbfkN0AJI9Wp2BkTx-QXeP_nzCPoQSGPLq0r4hj-QecrZNt_t-xOugqkpct4KmtYVQAkCEG2ltoxEcc2nClyClerZHCG5BTL5imzNfFzuotCxCfPL6tAfd05cTj2Im5jDbAbghDW5mmoaKihDvjj_fBUMbvkhr0lMZXqGPGDEh-SeoaXnp1rZghBGQNTx8w4HLg32kROGs-8SiP_ubiu8ywDYcaWHlLK0let2Wa4WWNO3nEh-NfGox5pDO6bUSgktKXdeTtYQCaPNB23lzg4tPdomBpvrrpx7sIJFPCKpqNp-3CDq4w9a6DMCxhMA0zYcSrRBMcgufQPWw8SIOu64prbIy-wf_w70DrIMMTieCavyr6gJtt8tBik1g6mYE0HFKlgZm-s8JAp1OcTLyivEutsNarRLu5yB_bwUxZ4HQszr8B19MYl3jtZXATj&p=0&fvj=1&vjs=3',
 'location': 'Marne-la-Vallée (77)',
 'salary': '1 800 € par mois',
 'site': 'Indeed',
 'summary': 'Salaire : 1 800,00€ /mois.'}
2020-01-17 12:17:05 [scrapy] DEBUG: Scraped from <200 https://www.indeed.fr/jobs?q=vendeur&start=20>
{'company': '',
 'crawl_url': 'https://www.indeed.fr/jobs?q=vendeur&start=20',
 'job_title': 'Vendeur H/F',
 'link_url': '/pagead/clk?mo=r&ad=-6NYlbfkN0BhSaeOtM61eX1H-Izah8QUiZiUrTfy47YvLuq39uiwvpFPjnGd1VPSXFzzqgL9hqR-7iDBIv4TMmvLa58pcIKzwDDy_ZX8COXVTezT-QmIMxPKz7NO0H9yWB4lGPbXLunf-DDJ31dA_FcOEBAOpgV1aj1BBAaUn6nXFkkpbKFfXH9uZzUMwvpNaQ3ybpCR1l8U6e3XSvLgSHCkNsTOYQe19IfHUXDlob2ecylvBuapzZDFJJOPzM72au83EZy62a81-kdZ68Gi9H2XGPR7QwHBwhoS3QgSaqQIOpqZ4WgT_VdvIREqFQ9Kjv7E2ayGLEj8ld298E0JsP6sujG31uFCJXN1Sa5_wsMeS6nNKwm2NlskMqu0QdyQfec8J_ZiCCakjUDuEqs1rKr11i4h-2W-hyd0wrl31QUK9EO7tR6cjw==&p=1&fvj=1&vjs=3',
 'location': 'Seine-Saint-Denis',
 'salary': '1 540 € par mois',
 'site': 'Indeed',
 'summary': 'Rejoindre Ange c’est, partager nos valeurs sur la qualité de nos '
            'produits, le respect de nos clients et de nos collaborateurs, et '
            'le plaisir d’un travail bien…'}
2020-01-17 12:17:05 [scrapy] DEBUG: Scraped from <200 https://www.indeed.fr/jobs?q=vendeur&start=20>
{'company': '',
 'crawl_url': 'https://www.indeed.fr/jobs?q=vendeur&start=20',
 'job_title': 'Vendeur H/F - Contrat étudiant',
 'link_url': '/company/Naturalia-France/jobs/Vendeur-70fef882f0637bfa?fccid=317a9b53afe89814&vjs=3',
 'location': 'Paris (75)',
 'salary': None,
 'site': 'Indeed',
 'summary': 'Développer votre connaissance produits et assurer un conseil de '
            'qualité.'}
2020-01-17 12:17:05 [scrapy] DEBUG: Scraped from <200 https://www.indeed.fr/jobs?q=vendeur&start=20>
{'company': '',
 'crawl_url': 'https://www.indeed.fr/jobs?q=vendeur&start=20',
 'job_title': 'VENDEUR VÉHICULES NEUFS - VILLEMOMBLE (93250)',
 'link_url': '/rc/clk?jk=27d79c4101d9a7f1&fccid=263be8b9afb34d7d&vjs=3',
 'location': 'Villemomble (93)',
 'salary': None,
 'site': 'Indeed',
 'summary': 'Responsable de vos performances, vous entretenez votre '
            'portefeuille client en effectuant une prospection téléphonique '
            'active, des relances clients / prospects,…'}
2020-01-17 12:17:05 [scrapy] DEBUG: Scraped from <200 https://www.indeed.fr/jobs?q=vendeur&start=20>
{'company': 'Jitase Intermarché',
 'crawl_url': 'https://www.indeed.fr/jobs?q=vendeur&start=20',
 'job_title': 'Employé Libre service',
 'link_url': '/company/Jitase/jobs/Employ%C3%A9-Libre-Service-86b9a55bd450f637?fccid=269e760e163d467c&vjs=3',
 'location': 'Neuilly-Plaisance (93)',
 'salary': None,
 'site': 'Indeed',
 'summary': 'Recherche employés Libre Service Sur rayon sec et sur rayon '
            'frais.'}
2020-01-17 12:17:05 [scrapy] DEBUG: Scraped from <200 https://www.indeed.fr/jobs?q=vendeur&start=20>
{'company': "LEVIS VAL D'EUROPE",
 'crawl_url': 'https://www.indeed.fr/jobs?q=vendeur&start=20',
 'job_title': 'Vendeur conseil H/F',
 'link_url': '/company/LIMON/jobs/Vendeur-Conseil-fe90ca936f900200?fccid=4121b996b64f711a&vjs=3',
 'location': 'Serris (77)',
 'salary': '10,03 € par heure',
 'site': 'Indeed',
 'summary': 'Dynamique, vous êtes passionné(e) par le conseil et la vente et '
            'principalement par la satisfaction de vos clients, vous aimez '
            'travailler en équipe tout en…'}
2020-01-17 12:17:05 [scrapy] DEBUG: Scraped from <200 https://www.indeed.fr/jobs?q=vendeur&start=20>
{'company': "LEVI'S BEAUGRENELLE",
 'crawl_url': 'https://www.indeed.fr/jobs?q=vendeur&start=20',
 'job_title': 'Vendeur conseil H/F',
 'link_url': '/company/LIMON/jobs/Vendeur-Conseil-2ba53b13885e9033?fccid=4121b996b64f711a&vjs=3',
 'location': 'Paris (75)',
 'salary': '10,15 € par heure',
 'site': 'Indeed',
 'summary': 'Dynamique, vous êtes passionné(e) par le conseil et la vente et '
            'principalement par la satisfaction de vos clients, vous aimez '
            'travailler en équipe tout en…'}
2020-01-17 12:17:05 [scrapy] DEBUG: Scraped from <200 https://www.indeed.fr/jobs?q=vendeur&start=20>
{'company': '',
 'crawl_url': 'https://www.indeed.fr/jobs?q=vendeur&start=20',
 'job_title': 'Vendeur CDI CELIO- PARINOR (93) H/F',
 'link_url': '/rc/clk?jk=4c4db2b097a09ded&fccid=590163b494adb820&vjs=3',
 'location': 'Aulnay-sous-Bois (93)',
 'salary': None,
 'site': 'Indeed',
 'summary': 'Participer à la mise en place du merchandising et des opérations '
            'commerciales.'}
2020-01-17 12:17:05 [scrapy] DEBUG: Scraped from <200 https://www.indeed.fr/jobs?q=vendeur&start=20>
{'company': '',
 'crawl_url': 'https://www.indeed.fr/jobs?q=vendeur&start=20',
 'job_title': 'Vendeuse/Vendeur - Rosny-Sous-Bois - CDI - 35H - F/H',
 'link_url': '/rc/clk?jk=30a835bc3468f653&fccid=339fd0e07baa71f8&vjs=3',
 'location': 'Rosny-sous-Bois (93)',
 'salary': None,
 'site': 'Indeed',
 'summary': 'Rigoureux et organisé, vous veillez à la bonne tenue et à la '
            'propreté du magasin ainsi qu’au respect des normes de '
            'merchandising.'}
2020-01-17 12:17:05 [scrapy] DEBUG: Scraped from <200 https://www.indeed.fr/jobs?q=vendeur&start=20>
{'company': '',
 'crawl_url': 'https://www.indeed.fr/jobs?q=vendeur&start=20',
 'job_title': 'VENDEUR(SE) PRODUITS TECHNIQUES F/H',
 'link_url': '/rc/clk?jk=80e2be4dc93f5253&fccid=e8338940d0db43f4&vjs=3',
 'location': 'Rosny-sous-Bois (93)',
 'salary': None,
 'site': 'Indeed',
 'summary': 'Vous contribuez à la rentabilité des rayons par le respect du '
            'plan de merchandising, la mise en avant des produits, la mise en '
            'place des opérations commerciales…'}
2020-01-17 12:17:05 [scrapy] DEBUG: Scraped from <200 https://www.indeed.fr/jobs?q=vendeur&start=20>
{'company': '',
 'crawl_url': 'https://www.indeed.fr/jobs?q=vendeur&start=20',
 'job_title': 'CDD 3 MOIS TEMPS PARTIEL VENDEUR POLYVALENT',
 'link_url': '/rc/clk?jk=7b48c305cba73502&fccid=b1a1dea659b6cd13&vjs=3',
 'location': 'Magny-le-Hongre (77)',
 'salary': None,
 'site': 'Indeed',
 'summary': 'Vous suivez la mode et les tendances.'}
2020-01-17 12:17:05 [scrapy] DEBUG: Scraped from <200 https://www.indeed.fr/jobs?q=vendeur&start=20>
{'company': '',
 'crawl_url': 'https://www.indeed.fr/jobs?q=vendeur&start=20',
 'job_title': 'Vendeur(se) H/F',
 'link_url': '/rc/clk?jk=5010e646ff8967e8&fccid=31b35ff4403258e2&vjs=3',
 'location': 'Vaires-sur-Marne (77)',
 'salary': None,
 'site': 'Indeed',
 'summary': 'Attentif à la satisfaction de chacun de nos clients, vous mettez '
            'la marchandise à disposition, participez à la mise en place des '
            'opérations commerciales et…'}
2020-01-17 12:17:05 [scrapy] DEBUG: Scraped from <200 https://www.indeed.fr/jobs?q=vendeur&start=20>
{'company': 'SUPERDRY',
 'crawl_url': 'https://www.indeed.fr/jobs?q=vendeur&start=20',
 'job_title': 'Vendeur conseil',
 'link_url': '/pagead/clk?mo=r&ad=-6NYlbfkN0BSjK7UhEDVXGGG3oOD5njVGa_DSTmCcSQrrWrnI9L_GFoRZkBJn_dvDjXvIKjps726fRCRzFCw4fpas3ja-nlej-Q1koevEqMOrJefG3fVzHioTPwftmYutdwPC1FVo8E8VDYoYn_KrTTFiKYyjswUaMJidSq2WmgIYjt6R6lyv-5-wYbb2pW4FcVu4lTdKyON_JddQJesKWCoFQNfET54EpltRYbTUa8Vv-YqW_v4zBXwmUl4KXyy31O3r9DetYuWDBV__dpGVhjTjP7CfbH1Y-Ye-AAosenVYaOmZg6uXLoOUO-5ON_a0wH0At5TSILNseKxndez0WG73oGSE6G7_S6McPhOT3fSWTYkV_9SPEAiSJcVpbHOVrgLRDasLikrJAVia63Wb-oY2MRGY9OphFEF5r8hX8NUEaSItSrLIw==&p=12&fvj=1&vjs=3',
 'location': 'Rosny-sous-Bois (93)',
 'salary': '1 594 € par mois',
 'site': 'Indeed',
 'summary': 'A l’écoute des tendances de mode, vous participez au '
            'développement de.'}
2020-01-17 12:17:05 [scrapy] DEBUG: Scraped from <200 https://www.indeed.fr/jobs?q=vendeur&start=20>
{'company': 'NOUVELLE LITERIE',
 'crawl_url': 'https://www.indeed.fr/jobs?q=vendeur&start=20',
 'job_title': 'Vendeur H/F',
 'link_url': '/pagead/clk?mo=r&ad=-6NYlbfkN0Cccz3v-P-DtuxkyyS5xoGfj-y5tnvcX0BWnRAk9Bxwu9j6aUh9OBcCxF-arwEWV9XyDsE0XmwWbFo3fZMzva6n5NfSFmgIoscnpEZGB-vTGl3UlLsG6KB6LFaCPcXS3rK5Y9sWSRggd4NOr9Ruv05Kp8WJ7nFAKQG39LhSrTU-veQNHk7bu6fBCGhWvDW0_k4kBmkt5IcV6MjIa01diYtSTk2eiL6SoUazDfkb1mVqdJE8rbS52ePs6CH5r7NJxjovjnaqJdBg292NH06bb1XOoZp9ojZCZmUeZx7jk947rE7_ofClQQ_acae_1AK00LvAjgyT7ryzbHg77Lz6EKUAmaZE4E4r5SUh6vgi519O3GZ2ywAr7Go-dM82uJC2S-yRoT6sb9BvG7-yF2KovqxoGi6SvnsZUc6f1-9wgn7LoF7ZxR3hhjNf&p=13&fvj=1&vjs=3',
 'location': 'Chennevières-sur-Marne (94)',
 'salary': '2 000 € - 3 000 € par mois',
 'site': 'Indeed',
 'summary': 'Veiller à la bonne tenue du magasin.'}
2020-01-17 12:17:05 [scrapy] DEBUG: Scraped from <200 https://www.indeed.fr/jobs?q=vendeur&start=20>
{'company': 'TRIO FRUITS 18, Avenue Sylvie 77500 CHELLES',
 'crawl_url': 'https://www.indeed.fr/jobs?q=vendeur&start=20',
 'job_title': 'Vendeur libre service H/F',
 'link_url': '/pagead/clk?mo=r&ad=-6NYlbfkN0CYdeF5MsF6vhrnDpgH0-6MeYQSBGqjEnAWLeXrAwT5N1BWQsdP1yiaZXN8TE2F0mCCLjVD_XndtzHqa8NdPM9jRGfz4DrvmsVbcpb40KlhccZMGQW3DhLyD2-UGABzLYfi6GOUSdEvp4lmjgddmndZ_5nFM_OG2VpJKyym-kHzIYTyjB9AUOhj-NUgUNql25Bu4-K5VdqKyoxm_HwfuRe9YIu-ULZSXg_2qeAD2AWbsmrqlN8BzFbN0vSQdKacV02-VUC6qwnJZv-xENNrnfgUw0sjVIbBKnGPPttLH_1yzseBdcWsU8eD5qq2bMNIOUarqMcK3_axpbYI4tXaA4sdOWP9pKlNtGfo7hUZfa9sNyQhuw7Tp_ivs85K3aeAwDspSHd99R-JrNroLqfbmey98-F9EMU9_BSwlqnsgrbuotPeBGsppYLo&p=14&fvj=1&vjs=3',
 'location': 'Chelles (77)',
 'salary': '1 521 € - 1 522 € par mois',
 'site': 'Indeed',
 'summary': 'Salaire : 1 521,22€ à 1 522,22€ /mois.'}
2020-01-17 12:17:05 [scrapy] DEBUG: Crawled (200) <GET https://www.indeed.fr/jobs?q=vendeur&start=30> (referer: https://www.indeed.fr/jobs?q=vendeur&start=20)
2020-01-17 12:17:06 [indeed2] DEBUG: 

 Crawling  https://www.indeed.fr/jobs?q=vendeur&start=30

2020-01-17 12:17:06 [scrapy] DEBUG: Scraped from <200 https://www.indeed.fr/jobs?q=vendeur&start=30>
{'company': 'SUPERDRY',
 'crawl_url': 'https://www.indeed.fr/jobs?q=vendeur&start=30',
 'job_title': 'Vendeur conseil',
 'link_url': '/pagead/clk?mo=r&ad=-6NYlbfkN0BSjK7UhEDVXGGG3oOD5njVGa_DSTmCcSQrrWrnI9L_GFoRZkBJn_dvDjXvIKjps726fRCRzFCw4fpas3ja-nlej-Q1koevEqMOrJefG3fVzHioTPwftmYutdwPC1FVo8E8VDYoYn_KrTTFiKYyjswUaMJidSq2WmgIYjt6R6lyv-5-wYbb2pW4I2fY1_KQ5m8vTAvprAlll6nw7zTwhw8xuRQMydU_yYePgEFQ4tWxZ5bLXM9ytwe_QlowKp6TW8QjiYNbVG39tSeqd2l9szCbDaz5t7QCrJVKZuqHNZUJ3wJ-qqgJkr02Hj2RbdTT9KLqkDiczZng0Adi-K2i-u9nj5vBlDjMu_Sosg5eBnrL7Igtn6P4gdZ_MnYUstyFLY0kSlTiS0SPQkk264oM5SnRENMTSNVhNJ3_jHiX2k6uBQ==&p=0&fvj=1&vjs=3',
 'location': 'Rosny-sous-Bois (93)',
 'salary': '1 594 € par mois',
 'site': 'Indeed',
 'summary': 'A l’écoute des tendances de mode, vous participez au '
            'développement de.'}
2020-01-17 12:17:06 [scrapy] DEBUG: Scraped from <200 https://www.indeed.fr/jobs?q=vendeur&start=30>
{'company': '',
 'crawl_url': 'https://www.indeed.fr/jobs?q=vendeur&start=30',
 'job_title': 'Vendeur H/F',
 'link_url': '/pagead/clk?mo=r&ad=-6NYlbfkN0BhSaeOtM61eX1H-Izah8QUiZiUrTfy47YvLuq39uiwvpFPjnGd1VPSXFzzqgL9hqR-7iDBIv4TMmvLa58pcIKzwDDy_ZX8COXVTezT-QmIMxPKz7NO0H9yWB4lGPbXLunf-DDJ31dA_FcOEBAOpgV1aj1BBAaUn6nXFkkpbKFfXH9uZzUMwvpN8FKL4zBJ497Z1cIdztiiFGO2Et5h_7FN7le4dahmyHU0r5Ztvmt8EWbPvKFfDse736GFrfH-TrdFQD5ODARbWMFIHXxEbVmra7fahr1p7uELvSmX8HSRRjCCAqqWAr46N4dMRqu6nXvuMjOT3iJtAxY6DyL4aJqIFHGNbG-Pznoasr7EQ4RaKdVuryzYJm3MFiXqnzYwv9cbNkhdM29pBtEgNX_RESQGyunlnxXYrw0471Ntts5etg==&p=1&fvj=1&vjs=3',
 'location': 'Seine-Saint-Denis',
 'salary': '1 540 € par mois',
 'site': 'Indeed',
 'summary': 'Rejoindre Ange c’est, partager nos valeurs sur la qualité de nos '
            'produits, le respect de nos clients et de nos collaborateurs, et '
            'le plaisir d’un travail bien…'}
2020-01-17 12:17:06 [scrapy] DEBUG: Scraped from <200 https://www.indeed.fr/jobs?q=vendeur&start=30>
{'company': '',
 'crawl_url': 'https://www.indeed.fr/jobs?q=vendeur&start=30',
 'job_title': 'Vendeur H/F',
 'link_url': '/company/Naturalia-France/jobs/Vendeur-d2d818a0ad93222f?fccid=317a9b53afe89814&vjs=3',
 'location': 'Montreuil (93)',
 'salary': None,
 'site': 'Indeed',
 'summary': 'Développer votre connaissance produits et assurer un conseil de '
            'qualité.'}
2020-01-17 12:17:06 [scrapy] DEBUG: Scraped from <200 https://www.indeed.fr/jobs?q=vendeur&start=30>
{'company': '',
 'crawl_url': 'https://www.indeed.fr/jobs?q=vendeur&start=30',
 'job_title': 'Vendeur H/F',
 'link_url': '/company/Habitat/jobs/Vendeur-49dda37d32c19dac?fccid=bfde35db4d2b27bb&vjs=3',
 'location': 'Rosny-sous-Bois (93)',
 'salary': '1 600 € - 1 800 € par mois',
 'site': 'Indeed',
 'summary': "Il s'engage en permanence dans un rôle d'accueil, d'information "
            "et de conseil sur l'ensemble du magasin."}
2020-01-17 12:17:06 [scrapy] DEBUG: Scraped from <200 https://www.indeed.fr/jobs?q=vendeur&start=30>
{'company': '',
 'crawl_url': 'https://www.indeed.fr/jobs?q=vendeur&start=30',
 'job_title': 'VENDEUR PREPARATEUR CDI - CHELLES H/F',
 'link_url': '/rc/clk?jk=aabff0c21a47ff02&fccid=5f630c1de6bb3969&vjs=3',
 'location': 'Chelles (77)',
 'salary': None,
 'site': 'Indeed',
 'summary': 'Fabriquer les produits vendus en magasin en respectant les '
            'procédures internes ;'}
2020-01-17 12:17:06 [scrapy] DEBUG: Scraped from <200 https://www.indeed.fr/jobs?q=vendeur&start=30>
{'company': '',
 'crawl_url': 'https://www.indeed.fr/jobs?q=vendeur&start=30',
 'job_title': 'Vendeur(se) Chaussures H/F',
 'link_url': '/rc/clk?jk=32205d160ab7e246&fccid=3e31b0ce31d6ae5f&vjs=3',
 'location': 'Paris (75)',
 'salary': None,
 'site': 'Indeed',
 'summary': 'Rigoureux(se) et organisé(e), vous mettez en place les animations '
            'commerciales en apportant votre créativité dans l’application du '
            'merchandising et veillez à la…'}
2020-01-17 12:17:06 [scrapy] DEBUG: Scraped from <200 https://www.indeed.fr/jobs?q=vendeur&start=30>
{'company': '',
 'crawl_url': 'https://www.indeed.fr/jobs?q=vendeur&start=30',
 'job_title': 'CDD 3 MOIS TEMPS PLEIN VENDEUR POLYVALENT',
 'link_url': '/rc/clk?jk=a6b9a7cc5b0adbb9&fccid=b1a1dea659b6cd13&vjs=3',
 'location': 'Magny-le-Hongre (77)',
 'salary': None,
 'site': 'Indeed',
 'summary': 'Vous suivez la mode et les tendances.'}
2020-01-17 12:17:06 [scrapy] DEBUG: Scraped from <200 https://www.indeed.fr/jobs?q=vendeur&start=30>
{'company': '',
 'crawl_url': 'https://www.indeed.fr/jobs?q=vendeur&start=30',
 'job_title': 'VENDEUR F/H',
 'link_url': '/rc/clk?jk=1375eff5081b2aa3&fccid=e8338940d0db43f4&vjs=3',
 'location': 'Paris (75)',
 'salary': None,
 'site': 'Indeed',
 'summary': 'Vous contribuez à la rentabilité des rayons par le respect du '
            'plan de merchandising, la mise en avant des produits, la mise en '
            'place des opérations commerciales…'}
2020-01-17 12:17:06 [scrapy] DEBUG: Scraped from <200 https://www.indeed.fr/jobs?q=vendeur&start=30>
{'company': '',
 'crawl_url': 'https://www.indeed.fr/jobs?q=vendeur&start=30',
 'job_title': 'Vendeur Produits Éditoriaux (Livre) - CDI - 30h F/H',
 'link_url': '/rc/clk?jk=edfa08d1c2437a74&fccid=e8338940d0db43f4&vjs=3',
 'location': 'Paris (75)',
 'salary': None,
 'site': 'Indeed',
 'summary': 'Vous contribuez à la rentabilité des rayons par le respect du '
            'plan de merchandising, la mise en avant des produits, la mise en '
            'place des opérations commerciales…'}
2020-01-17 12:17:06 [scrapy] DEBUG: Scraped from <200 https://www.indeed.fr/jobs?q=vendeur&start=30>
{'company': 'IZAC',
 'crawl_url': 'https://www.indeed.fr/jobs?q=vendeur&start=30',
 'job_title': 'Vendeur H/F',
 'link_url': '/company/IZAC/jobs/Vendeur-62cb141d70a18e90?fccid=7be8889da87d23ac&vjs=3',
 'location': 'Rosny-sous-Bois (93)',
 'salary': None,
 'site': 'Indeed',
 'summary': 'Animé par le goût de remporter des challenges, passionné par la '
            'vente, vous justifiez de resultats probants dans le secteur du '
            'prêt à porter moyen, haut de…'}
2020-01-17 12:17:06 [scrapy] DEBUG: Scraped from <200 https://www.indeed.fr/jobs?q=vendeur&start=30>
{'company': '',
 'crawl_url': 'https://www.indeed.fr/jobs?q=vendeur&start=30',
 'job_title': 'Conseiller de Vente H/F - Rosny (93)',
 'link_url': '/rc/clk?jk=5a998591e0301eaf&fccid=a4cd2f6890a2a328&vjs=3',
 'location': 'Rosny-sous-Bois (93)',
 'salary': None,
 'site': 'Indeed',
 'summary': 'Présent sur le terrain, votre mission consiste à accueillir les '
            'clients, conseiller et veiller à la bonne tenue du magasin en '
            'assurant la mise en valeur des…'}
2020-01-17 12:17:06 [scrapy] DEBUG: Scraped from <200 https://www.indeed.fr/jobs?q=vendeur&start=30>
{'company': 'Nouvelle Literie',
 'crawl_url': 'https://www.indeed.fr/jobs?q=vendeur&start=30',
 'job_title': 'Vendeur',
 'link_url': '/company/nouvelle-literie/jobs/Vendeur-80a925b9e044b945?fccid=a72e4368c07f5c8b&vjs=3',
 'location': 'Torcy (77)',
 'salary': '1 500 € - 3 000 € par mois',
 'site': 'Indeed',
 'summary': 'En rejoignant notre groupe, vous bénéficierez d’une formation '
            'interne à nos produits ainsi qu’à nos techniques de vente.'}
2020-01-17 12:17:06 [scrapy] DEBUG: Scraped from <200 https://www.indeed.fr/jobs?q=vendeur&start=30>
{'company': 'TRIO FRUITS 18, Avenue Sylvie 77500 CHELLES',
 'crawl_url': 'https://www.indeed.fr/jobs?q=vendeur&start=30',
 'job_title': 'Vendeur libre service H/F',
 'link_url': '/pagead/clk?mo=r&ad=-6NYlbfkN0CYdeF5MsF6vhrnDpgH0-6MeYQSBGqjEnAWLeXrAwT5N1BWQsdP1yiaZXN8TE2F0mCCLjVD_XndtzHqa8NdPM9jRGfz4DrvmsVbcpb40KlhccZMGQW3DhLyD2-UGABzLYfi6GOUSdEvp4lmjgddmndZ_5nFM_OG2VpJKyym-kHzIYTyjB9AUOhjtvb8eNIRCN8ILclwmiXC0VT2JN1zBLZCrz6kgX7zs77Qr2JdaCkt0o4AM53mhVsHRVxMbGspVK_tQ05PQssC03_1ER7_yTts1TKDBQroj47dZmlHp7zlaKGav5qRSa8Tia-M2bMBuh0UrYCwYszn1s931gLA54yAXSJk9OonxffFuXkIyxCxg3NksqXsy-4WfKDHcWBqvtJlvDunCjY_FqSIuYazrRheKJTTEWmgBRQ7L1ushrpBACcfrM74YPjN&p=12&fvj=1&vjs=3',
 'location': 'Chelles (77)',
 'salary': '1 521 € - 1 522 € par mois',
 'site': 'Indeed',
 'summary': 'Salaire : 1 521,22€ à 1 522,22€ /mois.'}
2020-01-17 12:17:06 [scrapy] DEBUG: Scraped from <200 https://www.indeed.fr/jobs?q=vendeur&start=30>
{'company': 'NOUVELLE LITERIE',
 'crawl_url': 'https://www.indeed.fr/jobs?q=vendeur&start=30',
 'job_title': 'Vendeur H/F',
 'link_url': '/pagead/clk?mo=r&ad=-6NYlbfkN0Cccz3v-P-DtuxkyyS5xoGfj-y5tnvcX0BWnRAk9Bxwu9j6aUh9OBcCxF-arwEWV9XyDsE0XmwWbFo3fZMzva6n5NfSFmgIoscnpEZGB-vTGl3UlLsG6KB6LFaCPcXS3rK5Y9sWSRggd4NOr9Ruv05Kp8WJ7nFAKQG39LhSrTU-veQNHk7bu6fBKDYyDm9FbMtzTaGD0PNliBywmy_iQBCm6PZDviTnlUxmbSsaXFgWYKjzUky3HcTxl5bFTEWw3ZeYkl6v19FJ3xvU47LPVFAcJiwGpzbeaAa9hx4_MIq5g3KznQ-7s_JmveI5YRxMA9I8vEzSr2Gpk0MkJ65_WMsJ8uzek9AHRIWWE7SVjFIoDLut6aMsHVG9vM6THBFknXNCAr2hTRr0zO-Dxe_Fii5hDA-HgncbEpspuXcPUctzytVtWfHFsJn8&p=13&fvj=1&vjs=3',
 'location': 'Chennevières-sur-Marne (94)',
 'salary': '2 000 € - 3 000 € par mois',
 'site': 'Indeed',
 'summary': 'Veiller à la bonne tenue du magasin.'}
2020-01-17 12:17:06 [scrapy] DEBUG: Scraped from <200 https://www.indeed.fr/jobs?q=vendeur&start=30>
{'company': 'UGG',
 'crawl_url': 'https://www.indeed.fr/jobs?q=vendeur&start=30',
 'job_title': 'Conseiller de vente H/F',
 'link_url': '/pagead/clk?mo=r&ad=-6NYlbfkN0AJI9Wp2BkTx-QXeP_nzCPoQSGPLq0r4hj-QecrZNt_t-xOugqkpct4KmtYVQAkCEG2ltoxEcc2nClyClerZHCG5BTL5imzNfFzuotCxCfPL6tAfd05cTj2Im5jDbAbghDW5mmoaKihDvjj_fBUMbvkhr0lMZXqGPGDEh-SeoaXnp1rZghBGQNT7v0fXgJylvRvW1qL5CmPNrigtFQ-0D5C2EDo9cVjTIODo6n2gMXgAlDmOiNf_L4pTV0WMpifgRfVP2DlBsE5o2OCTJ7W0v3ef88CdI4_4F2xayeYZvOIoq87hL3ycWsT_dX7C1qsKL1PaojE--oqyOwOKEHsp8kjmQcz8PougD132s6bBqZeSbiQcHgoyxB_65FgZJ6r3_-idHX6ExAfzt26IBuW67ssd5u2A8E-PCIDZxdrV2h52tgw-768Ptbk&p=14&fvj=1&vjs=3',
 'location': 'Marne-la-Vallée (77)',
 'salary': '1 800 € par mois',
 'site': 'Indeed',
 'summary': 'Salaire : 1 800,00€ /mois.'}
2020-01-17 12:17:06 [scrapy] INFO: Closing spider (stop generating requests, only 5 requests allowed)
2020-01-17 12:17:06 [scrapy] INFO: Dumping Scrapy stats:
{'downloader/request_bytes': 2826,
 'downloader/request_count': 6,
 'downloader/request_method_count/GET': 6,
 'downloader/response_bytes': 376070,
 'downloader/response_count': 6,
 'downloader/response_status_count/200': 5,
 'downloader/response_status_count/301': 1,
 'elapsed_time_seconds': 3.894992,
 'finish_reason': 'stop generating requests, only 5 requests allowed',
 'finish_time': datetime.datetime(2020, 1, 17, 12, 17, 6, 352088),
 'item_scraped_count': 65,
 'log_count/DEBUG': 75,
 'log_count/INFO': 7,
 'memusage/max': 54022144,
 'memusage/startup': 54022144,
 'request_depth_max': 4,
 'response_received_count': 5,
 'robotstxt/request_count': 1,
 'robotstxt/response_count': 1,
 'robotstxt/response_status_count/200': 1,
 'scheduler/dequeued': 5,
 'scheduler/dequeued/memory': 5,
 'scheduler/enqueued': 6,
 'scheduler/enqueued/memory': 6,
 'start_time': datetime.datetime(2020, 1, 17, 12, 17, 2, 457096)}
2020-01-17 12:17:06 [scrapy] INFO: Spider closed (stop generating requests, only 5 requests allowed)
