2020-01-29 16:56:10 [scrapy] DEBUG: Crawled (200) <GET https://www.indeed.fr/robots.txt> (referer: None)
2020-01-29 16:56:10 [scrapy] DEBUG: Redirecting (301) to <GET https://www.indeed.fr/Emplois-Vendeur> from <GET https://www.indeed.fr/jobs?q=Vendeur>
2020-01-29 16:56:10 [scrapy] DEBUG: Crawled (200) <GET https://www.indeed.fr/Emplois-Vendeur> (referer: None)
2020-01-29 16:56:11 [indeed2] DEBUG: 

 Crawling  https://www.indeed.fr/Emplois-Vendeur

2020-01-29 16:56:15 [scrapy] DEBUG: Scraped from <200 https://www.indeed.fr/Emplois-Vendeur>
{'company': '',
 'crawl_url': 'https://www.indeed.fr/Emplois-Vendeur',
 'job_title': 'Vendeur Confirmé - Roubaix H/F',
 'link_url': '/pagead/clk?mo=r&ad=-6NYlbfkN0AcOGRO7NMCdqPyrTJQuGXx53dnASylO0TaqmsQz4FF5VYybjJmkKHK1vhEkSYIcxa2DmBmgYuK2OjX3miGVYUt5huYQHMoIMzX95gGRURPtiG0oJdoPzNJP4wm9_2G6dHdxdpvBg6Pk1HjZDOolVqSh80Kojx4QC2VZB-6ib8g8ZtGka-wsTVS4UQl2NOKOOuZAbvnPVBigslMMYdiJIwO2bcMMtuGPfZvF5Q57ifCgV7cG3p_5v1q4dl1O2-t5lEIR0Db3hUvseRRttXY5zd5hoh_iaHw8pw04cAZDFkmB3oTbZWqTdUH-gzqElpjLVAbM9CmDRtkm7f3s5ytUEBJ8zP80MBO8c_3Z1R9hAEpFvPJjfZLoCofB38GpE-gwpKmysJVqIbJfVpYfNLTAHrccF9OqAyortf7NrP1MI64xxvDivmj-XRwdd1lv_F5NlFNsCACK7kqCh9P1juRA0MKGCNloOdeeR5iHIXhzb9BYteYj6G_iuTQ_K2QQ8AIeSMwCiDzWhgYmQ==&p=0&fvj=0&vjs=3',
 'location': 'Roubaix (59)',
 'salary': None,
 'site': 'Indeed',
 'summary': "Vous justifiez d'une expérience significative d'au moins 3 ans en "
            'tant que vendeur(euse) en boutique (équipement de la personne, '
            'réseau succursaliste,…'}
2020-01-29 16:56:15 [scrapy] DEBUG: Scraped from <200 https://www.indeed.fr/Emplois-Vendeur>
{'company': '',
 'crawl_url': 'https://www.indeed.fr/Emplois-Vendeur',
 'job_title': 'Vendeur Décoration Intérieure H/F',
 'link_url': '/pagead/clk?mo=r&ad=-6NYlbfkN0AS7JKfKZ0AdU9fXwhr0NWSh02p2u1YVjRU_E7blx_epsZU9AnQnDn8L1z3RD6Lukpoq5BkZtPUfSLyCCkD3u6J0gcRsneHkaavTDcKDqh4nqmttBsySOVw_UZNw0U1yu3Li0gFaTT1B6CH4di09DC0gsBF4JxeJR2LfvBYTCCXSmEPFP0k0AMJ43-EEQHvMSRYQMQiUE4LaZxyBCCvAn-soNtT4H-zf3GuR_aVHvO5Qpd1g6WPV6IE0A0Rm78lKTK-ce35LWX1vSxG6qQfM2OAqcooCOLZC7a3zro-2cMn4zyJEpgpMKkGUvR4KxBRlnRJy2SaQR3ozCqu9jAsJDzIxZMshD3GAFKby-PqiCtW3IuYgJ1E5USjK2WMHWoWq2_XuSe32aRFVxZiY1oNdsw6du5ZMCYMg2k5ynfYKmpTpLor5Npx_0u0me5Swavl-i2SSbCIeBJeW01z8NqDaGuNNgDV5lp2xlJHUkSkt3-MmVPxbGEQy7niBK_45IKgd-YBX5A2zHNceJdxwTNAEQ-S&p=1&fvj=0&vjs=3',
 'location': 'Pamiers (09)',
 'salary': None,
 'site': 'Indeed',
 'summary': 'Notre ambition : devenir le leader incontesté de la proximité ; '
            'être utiles à nos clients en leur apportant bien plus que des '
            'produits, et en faisant de nos…'}
2020-01-29 16:56:15 [scrapy] DEBUG: Scraped from <200 https://www.indeed.fr/Emplois-Vendeur>
{'company': 'La Panière',
 'crawl_url': 'https://www.indeed.fr/Emplois-Vendeur',
 'job_title': 'Vendeur H/F - CDI 35H - AMBILLY',
 'link_url': '/pagead/clk?mo=r&ad=-6NYlbfkN0BmroHvUikeaWhGwZo2aeBOsL0JORwEzxtFWuN1WLxl4Rmyz2U6PnmOpVgD9AmJuLGxr8JJNDCh6-OppWdoZtpigOzmWxBJdxE3U1hMmv4eLxv7cJ0F9C0nx__U1ft0a7UAsUMb0E3cchxxS9sSHFHCVgegPvePyP-s4N_nCfoxJJ1NGbUMSfiiapgcy4bUubD6_F-R-jTdgvWf-EARdBt04N6G4xniV8xZvNMcQzoIfvvYtCN9SXpd7kKphMwfuKxjGUMtOfy7lkvf4sPSo75nUNK9xZ9qaH0GYZsT3stjnyNwwR3ZDkoPd-LwdSboqyvxsQIOtSV5maACzOag1EnZy7fLfTItjx2y_RgK78xFzbOYzFJnVg2Jc1Q9rD3hy1WIijGOrMD_tR5EaxmuUBd-i2vMQpobD76QJV4mP2bKioWTZ7WZVuBquvgCBHbDiAo=&p=2&fvj=1&vjs=3',
 'location': 'Ambilly (74)',
 'salary': '1 540 € par mois',
 'site': 'Indeed',
 'summary': 'Contribuer au succès du magasin grâce à votre courtoisie et votre '
            'sens du relationnel.'}
2020-01-29 16:56:15 [scrapy] DEBUG: Scraped from <200 https://www.indeed.fr/Emplois-Vendeur>
{'company': 'jbk smoke',
 'crawl_url': 'https://www.indeed.fr/Emplois-Vendeur',
 'job_title': 'Vendeur H/F',
 'link_url': '/pagead/clk?mo=r&ad=-6NYlbfkN0A3y2KTckl9f6_WzbHfhtm390Ji4UAE1ElnYfPBoT5WdHW2G_DqTpDGdCRdgChWF90ffUcpGwatmIWXI_f7ihgGab_nXbGq51a8Zdd3ULLYa-D4_Uc3bz7vctxyTSzqvseLD7PJF7lSkI7X3CEv3wNP4JxKrsmojHJTbwUhWSQtrPyeZnMTsXatr3jJmY6uvdDlezO5UNOjjoA0HSmBoCB_t85xVdOuhayYc71V_xyiB76malETkhKZ5na_-EKktjkmucjm4kF-WcFn1rXdRNFBYTK6ASCNSUweMPHCbDCJG32hr523RsP_iYBzrd_KZb_bsI4bJhT5zBmGFi-Zo7K3IfyvIoM7geaN0joF1C_TsCpBjI1EgKJ1lPwJbNHXpu0I7nUuvM1Wzlh2IdoKJXI0RAR8_1r5X4s=&p=3&fvj=1&vjs=3',
 'location': 'Paris 5e (75)',
 'salary': '1 300 € - 1 600 € par mois',
 'site': 'Indeed',
 'summary': 'Nous recherchons une personne sérieuse ayant le sens du '
            'relationnel pour gérer le magasin, expérience dans la vente '
            'obligatoire.'}
2020-01-29 16:56:16 [scrapy] DEBUG: Scraped from <200 https://www.indeed.fr/Emplois-Vendeur>
{'company': 'RENAULT',
 'crawl_url': 'https://www.indeed.fr/Emplois-Vendeur',
 'job_title': 'Vendeur véhicules neufs H/F',
 'link_url': '/pagead/clk?mo=r&ad=-6NYlbfkN0D8ZdRiK9evr-tJYDC2_-MXG2wh6Bc7J6Sie3GsYW6p_M1Y7_TmFO0JD33pFBeo6H0AkOVA-O8tCeHgtexcdhq3ht15Cn09WUcJj4kRgKrWEfzvZedoxddoBYGmLESRnexWYX-MZ2M2ouqExPjI5fIhB1VhOQ9j1bZImr0DkMWUY6_Cv44CMwn7MXzTNgUz2Ei5Z8wkkGejXqgVDRIAI3R4cafb5HGc54t59T_gFDxLDs8E0kZ-6Qu7miZrgruXo30369QfOt4FV6SqaETkIwQem8TNCJZWKD2fPTzTNndbxTVIH-rf99z5dktV_MRQNP4_ynxc1Td3tCrSEZINMziW6lhIcqbPHzYKH18YkArLuQ1mkSABC1kBr4hnEMmGhUqnkqa3G_Gjl9MAst6tVEjB7xyhfCMxkiW-RGaFBzQtYAcxtxPbLze8mpXg1IY5hkv1svWUKg3iRw==&p=4&fvj=1&vjs=3',
 'location': 'Châteauroux (36)',
 'salary': None,
 'site': 'Indeed',
 'summary': 'CDI dès que possible - fixe attractif + primes sur objectifs + '
            'commissions sur ventes - mutuelle - titres restaurant - comité '
            "d'entreprise - téléphone -…"}
2020-01-29 16:56:16 [scrapy] DEBUG: Scraped from <200 https://www.indeed.fr/Emplois-Vendeur>
{'company': '',
 'crawl_url': 'https://www.indeed.fr/Emplois-Vendeur',
 'job_title': 'Conseiller vendeur H/F - CDI',
 'link_url': '/pagead/clk?mo=r&ad=-6NYlbfkN0Duu-ytvLsHAQc8N5cWrhGXyu37vBfkXL9ZmqXVZhECtZWyA5TcAEexoGbOsY6M1mFUI-Pi_0pSjyHVfT7RTu6Esduuy_o1t7St_P0WFWc-oBunPorzKBJP2FixwEXGNCJe9Co4dnYRzY4N3mGw-XPhYk3AqyASV4anAqWoXzoVbzg3oaum4ov-JeVmuETVsQnuWogoDhE9Bgvu_5BBD8X-3pV3HxsSBgMborVnHaQ6KwJB9ra5scPM0Lwk0KWanLm9HXm3lQboSzmX7kMUS7zDIqiP8SeYO68V-Kf3OseiDpU3EYhUUjzIJPz5oYPLJiq-74ATB55WAiExdmONKnn0etwxIPygECaGUEcn3LZwPsleilApcSa5HHSmHEC-DuHdMNjx5OjAxKCHVFEtmZNTCkgGLYzAbiMh_MESObYBGvt0_S47msR-zpJYGE_UbaA=&p=5&fvj=1&vjs=3',
 'location': 'Barentin (76)',
 'salary': '1 753 € - 2 028 € par mois',
 'site': 'Indeed',
 'summary': 'Votre rôle consistera à accueillir la clientèle en magasin, '
            'prendre connaissance de sa demande, conseiller le client pour le '
            'choix du produit adapté, procéder à…'}
2020-01-29 16:56:16 [scrapy] DEBUG: Scraped from <200 https://www.indeed.fr/Emplois-Vendeur>
{'company': '',
 'crawl_url': 'https://www.indeed.fr/Emplois-Vendeur',
 'job_title': 'Vendeur(se) Polyvalent(e) CDI 16h samedi & Dimanche',
 'link_url': '/rc/clk?jk=eeaaf70de11fc11a&fccid=b1a1dea659b6cd13&vjs=3',
 'location': 'Créteil (94)',
 'salary': None,
 'site': 'Indeed',
 'summary': 'Vous suivez la mode et les tendances.'}
2020-01-29 16:56:17 [scrapy] DEBUG: Scraped from <200 https://www.indeed.fr/Emplois-Vendeur>
{'company': '',
 'crawl_url': 'https://www.indeed.fr/Emplois-Vendeur',
 'job_title': 'Vendeuse/Vendeur - Parinor - Aulany-Sous-Bois - CDI - Temps '
              'Partiel - 15H - F/H',
 'link_url': '/rc/clk?jk=2a5e55bb6ee1b622&fccid=339fd0e07baa71f8&vjs=3',
 'location': 'Aulnay-sous-Bois (93)',
 'salary': None,
 'site': 'Indeed',
 'summary': 'Rigoureux et organisé, vous veillez à la bonne tenue et à la '
            'propreté du magasin ainsi qu’au respect des normes de '
            'merchandising.'}
2020-01-29 16:56:17 [scrapy] DEBUG: Scraped from <200 https://www.indeed.fr/Emplois-Vendeur>
{'company': '',
 'crawl_url': 'https://www.indeed.fr/Emplois-Vendeur',
 'job_title': 'Vendeur H/F - CDI temps complet',
 'link_url': '/rc/clk?jk=8557dd277684704a&fccid=af17ea0d1d6bbbba&vjs=3',
 'location': 'Saint-Étienne (42)',
 'salary': None,
 'site': 'Indeed',
 'summary': 'Tu as envie de contribuer activement à la mise en place de '
            "l'ensemble des services disponibles dans le magasin afin d'aider "
            'les clients à prendre des décisions…'}
2020-01-29 16:56:17 [scrapy] DEBUG: Scraped from <200 https://www.indeed.fr/Emplois-Vendeur>
{'company': '',
 'crawl_url': 'https://www.indeed.fr/Emplois-Vendeur',
 'job_title': 'Vendeur H/F - CDI Temps partiel H/F',
 'link_url': '/rc/clk?jk=c89a9efa866debe6&fccid=0b96979abd32c08a&vjs=3',
 'location': 'Nancy (54)',
 'salary': None,
 'site': 'Indeed',
 'summary': 'Ambassadeur de la marque JD Sports, tu es un véritable expert de '
            'la vente : maitrise des étapes du service client, analyse des '
            'indicateurs de performance,…'}
2020-01-29 16:56:17 [scrapy] DEBUG: Scraped from <200 https://www.indeed.fr/Emplois-Vendeur>
{'company': '',
 'crawl_url': 'https://www.indeed.fr/Emplois-Vendeur',
 'job_title': 'alternant BTS (commerce)',
 'link_url': '/rc/clk?jk=4f41e63e3f17c0e6&fccid=b1a1dea659b6cd13&vjs=3',
 'location': 'Évry (91)',
 'salary': None,
 'site': 'Indeed',
 'summary': 'Vous suivez la mode et les tendances.'}
2020-01-29 16:56:17 [scrapy] DEBUG: Scraped from <200 https://www.indeed.fr/Emplois-Vendeur>
{'company': 'Micromania Zing',
 'crawl_url': 'https://www.indeed.fr/Emplois-Vendeur',
 'job_title': 'VENDEUR / VENDEUSE MICROMANIA ZING - H/F',
 'link_url': '/rc/clk?jk=1d112ac97befa5be&fccid=386e39d3c2009a97&vjs=3',
 'location': 'Nîmes (30)',
 'salary': None,
 'site': 'Indeed',
 'summary': "Mais notre vraie force, c'est d'être proche de nos clients, de "
            "partager leurs passions et d'avoir la volonté de répondre à leurs "
            'attentes les plus folles en…'}
2020-01-29 16:56:17 [scrapy] DEBUG: Scraped from <200 https://www.indeed.fr/Emplois-Vendeur>
{'company': '',
 'crawl_url': 'https://www.indeed.fr/Emplois-Vendeur',
 'job_title': 'Vendeur H/F CDI Temps partiel',
 'link_url': '/rc/clk?jk=6ef5d56075bcbe0b&fccid=af17ea0d1d6bbbba&vjs=3',
 'location': 'Avignon (84)',
 'salary': None,
 'site': 'Indeed',
 'summary': 'Tu as envie de contribuer activement à la mise en place de '
            "l'ensemble des services disponibles dans le magasin afin d'aider "
            'les clients à prendre des décisions…'}
2020-01-29 16:56:17 [scrapy] DEBUG: Scraped from <200 https://www.indeed.fr/Emplois-Vendeur>
{'company': '',
 'crawl_url': 'https://www.indeed.fr/Emplois-Vendeur',
 'job_title': 'VENDEUR EN ANIMALERIE CDI 35h (H/F)',
 'link_url': '/rc/clk?jk=be278e5b60ffaecf&fccid=48312c14067303f7&vjs=3',
 'location': 'Lexy (54)',
 'salary': '1 550 € par mois',
 'site': 'Indeed',
 'summary': 'La réception, la mise en rayon et le réassort des produits.'}
2020-01-29 16:56:17 [scrapy] DEBUG: Scraped from <200 https://www.indeed.fr/Emplois-Vendeur>
{'company': '',
 'crawl_url': 'https://www.indeed.fr/Emplois-Vendeur',
 'job_title': 'Vendeur Polyvalent (h/f)',
 'link_url': '/rc/clk?jk=d3b70581a85b4411&fccid=98a961f3a80790bb&vjs=3',
 'location': 'Annemasse (74)',
 'salary': None,
 'site': 'Indeed',
 'summary': 'Participation aux livraisons, mise en place des produits sur la '
            'surface de vente, réassort et respect des règles merchandising de '
            'l’enseigne.'}
2020-01-29 16:56:17 [scrapy] DEBUG: Scraped from <200 https://www.indeed.fr/Emplois-Vendeur>
{'company': '',
 'crawl_url': 'https://www.indeed.fr/Emplois-Vendeur',
 'job_title': 'VENDEUR BAZAZ TECHNIQUE ET CULTUREL H\\F',
 'link_url': '/company/E.-LECLERC/jobs/Vendeur-Bazaz-Technique-Culturel-H-F-79443d9aa14e0192?fccid=c2257b0af446ce1f&vjs=3',
 'location': 'Bonneuil-sur-Marne (94)',
 'salary': '1 616 € par mois',
 'site': 'Indeed',
 'summary': '\\* Sous le contrôle du Responsable de rayon, le vendeur(se) '
            'assure la présentation générale du rayon (mise en rayon des '
            'marchandises, rotations selon les dates…'}
2020-01-29 16:56:18 [scrapy] DEBUG: Scraped from <200 https://www.indeed.fr/Emplois-Vendeur>
{'company': '',
 'crawl_url': 'https://www.indeed.fr/Emplois-Vendeur',
 'job_title': 'Vendeur F/H CDI temps complet Paris',
 'link_url': '/pagead/clk?mo=r&ad=-6NYlbfkN0C8SyVWDloTuZR2lnvX77LrlJhc_4nWaJZBL3tXgVs41pW-5xUXnjm2Po5ZGwDFwjc6ufS19zbAowRM_t4mp2Y9tUfxfyYvJkDsSnBs8YzHuzde6YZZjWhjum8CgSX087DadlFDC5w3g0RE4A_fOFucLimGAHn9MDtD6i1AT_fSxszs-USOE119vPrPTvsTaU81H3d8ZgXMqF6e1DlE8jGFmxkrZDHTs6AyNWZn6JFhGhKJIC74BEttJFHdDi1_KEE_APi2w32dt2vnJRgEiU6xQ97pBcHktNSBT2yImRXH-n6bIJw0wieRpC3sK35tIw-jLsyopEwjtwXfvc4IO5xDQ-JKs3-pEE66tzgKN0RZsnGb8q9gvDkAcmrEmveu_kCW8EDYJXOhs8ZAzKe4q-ufdLfXC-tcDtvThgvhrKPFPlFp6K8dje_4&p=16&fvj=0&vjs=3',
 'location': 'Paris 1er (75)',
 'salary': None,
 'site': 'Indeed',
 'summary': 'Je suis responsable des encaissements, je participe à la mise en '
            "rayon, à l'approvisionnement et à la bonne tenue du magasin."}
2020-01-29 16:56:18 [scrapy] DEBUG: Crawled (200) <GET https://www.indeed.fr/jobs?q=Vendeur&start=10> (referer: https://www.indeed.fr/Emplois-Vendeur)
2020-01-29 16:56:18 [indeed2] DEBUG: 

 Crawling  https://www.indeed.fr/jobs?q=Vendeur&start=10

2020-01-29 16:56:19 [scrapy] DEBUG: Scraped from <200 https://www.indeed.fr/jobs?q=Vendeur&start=10>
{'company': '',
 'crawl_url': 'https://www.indeed.fr/jobs?q=Vendeur&start=10',
 'job_title': 'Vendeur (H/F)',
 'link_url': '/pagead/clk?mo=r&ad=-6NYlbfkN0A41XU-qwA2_E6XwsjDct3yXXqbD14ViI8jS1dcz983vqpAC-QlTkYeY901mLeH91Ixq5z_jAzsLhkHTcLj7aArrBDLJ9w11Juy7thz7ZNdJiRLQHw-XNdqZJhYrL3ubtChs9lshCAy8YE5QLnQ_K4qYrKsvFbiPXPI9Bj08JN2tA0ZjinIwrW75eJ5tCO0RYH2WTkTEJZhTyHNlc8WqwRTvmdsNDxP0Xfmp6WSFpQiusJVa9fgU6HLIAEnxtBJoSWkYtC_F-tTpf3qlbyr0147aUR6XPzj1OMQCrHQ0CuoBtmqrhDtM6aok5DCbVg-jOKxSpfSYEKY3v1IFtfsn824oygXYRPaS7xJ2FtN-WSE0a8WMA3N5Sg_8L_93vgBQH4wZl1zjanQo7tIfp30oXCtzZqtmVJ43v4o1r3Nxo8YOKAV6N3T85sW2vLu3HkqEbVpwx5uzL9vL_hyULcN03TkttpMxZfnAiM=&p=0&fvj=0&vjs=3',
 'location': 'Chécy (45)',
 'salary': '1 540 € - 2 025 € par mois',
 'site': 'Indeed',
 'summary': 'Tenu du point de vente, respect des plans merchandising et prix '
            'enseigne,.'}
2020-01-29 16:56:20 [scrapy] DEBUG: Scraped from <200 https://www.indeed.fr/jobs?q=Vendeur&start=10>
{'company': 'CONCEPT AUDIO CLUB BOUYGUES TELECOM',
 'crawl_url': 'https://www.indeed.fr/jobs?q=Vendeur&start=10',
 'job_title': 'Vendeur H/F',
 'link_url': '/pagead/clk?mo=r&ad=-6NYlbfkN0DeMbTlMiH2RBX3Fd38zVwfts_dmsoOtNnS09ITfpYe9eX7TfqT2t4FoeaWA3h0e4sJNaxKa-5HG_b0nMnwExpDr66AMjRItAdsTel5ZjkFA7NhEidvQJN6_ZAQ6Cxqa7ph3CeO9IMPaRrqcNN0mI5saIe0Ayfv0zv4rK8o4MDBfSxX8PtbCYgW6A5Ca35_kHfSyrtDXGucIFHZ98TJjD28-5zPZRNZeHdnsGjz4ELAOuWy1PJOWUCuHRXiq-HKwvzJQWCI8hq_-ZsUzsJ7esmj5qRkJdCVWY4zXRQHBaXGDOuHirghZWw0RtoEhKdRn48tyHJjHFViHOrnOowbQfBLg4I8K7Y6hSdw3j4sMi1qmanCtkT3r663iQxZl95jvyAIUVgxMKs_hlWvuamEmvZqRAwv9EQP0lIHcFJkrliIqA==&p=1&fvj=1&vjs=3',
 'location': 'Gap (05)',
 'salary': None,
 'site': 'Indeed',
 'summary': 'Recherchons'}
2020-01-29 16:56:20 [scrapy] DEBUG: Scraped from <200 https://www.indeed.fr/jobs?q=Vendeur&start=10>
{'company': 'NEOVAPO',
 'crawl_url': 'https://www.indeed.fr/jobs?q=Vendeur&start=10',
 'job_title': 'Vendeur conseil à Angoulême H/F',
 'link_url': '/pagead/clk?mo=r&ad=-6NYlbfkN0D96foMA0D-U4sgmNwq0f-qRV6NHG5uKSBWmLmK9pJcLzDqLzxuWce3K5iRhoag9jV83TitF2DgUxoXBSkiVCrU7XLPPh8_vo8SPLw-7KowbTjSOe-WGCnLT170h5qbJg3u2lcYhjZ6K_fuTy6VC5os-6ijItGQqfCsCHWP40TB-YnKB8S3sunUX-AhnRe_hIUY5UiaISqHeE9bRfPbF6jibJWpceNdHE9Fpl4JtxGvyg_eVk1m1lld3MaCTCWmZRPcxnEGdLiWVIk7azEGxtUDpGqeqqcexUpKXVuOhBHdO4I0GInknsVkFu0kFy_grYFJKodVWeXyMTt4LdrJvXZZfb6iaHssYfz1ln6j-SaZT4oVhMu2U88xfK9O_BKh9Zsx3dCwu7ht9XVT7I0zn7S95VxC45MvAMxcpEhSrdWT7OY9BJB-OPJJ8_U7u79oHegoBwVjrIKdgZZL9JVnee-d&p=2&fvj=1&vjs=3',
 'location': 'Angoulême (16)',
 'salary': '1 500 € - 2 000 € par mois',
 'site': 'Indeed',
 'summary': 'Participez aux idées de communication et de décoration.'}
2020-01-29 16:56:21 [scrapy] DEBUG: Scraped from <200 https://www.indeed.fr/jobs?q=Vendeur&start=10>
{'company': '',
 'crawl_url': 'https://www.indeed.fr/jobs?q=Vendeur&start=10',
 'job_title': 'VENDEUR EN ANIMALERIE CDD 35H00 (H/F)',
 'link_url': '/rc/clk?jk=5e11fc87437cb4d0&fccid=48312c14067303f7&vjs=3',
 'location': 'Barentin (76)',
 'salary': None,
 'site': 'Indeed',
 'summary': 'La réception, la mise en rayon et le réassort des produits.'}
2020-01-29 16:56:21 [scrapy] DEBUG: Scraped from <200 https://www.indeed.fr/jobs?q=Vendeur&start=10>
{'company': '',
 'crawl_url': 'https://www.indeed.fr/jobs?q=Vendeur&start=10',
 'job_title': 'Vendeuse/Vendeur - Rosny-Sous-Bois - CDI - 35H - F/H',
 'link_url': '/rc/clk?jk=30a835bc3468f653&fccid=339fd0e07baa71f8&vjs=3',
 'location': 'Rosny-sous-Bois (93)',
 'salary': None,
 'site': 'Indeed',
 'summary': 'Rigoureux et organisé, vous veillez à la bonne tenue et à la '
            'propreté du magasin ainsi qu’au respect des normes de '
            'merchandising.'}
2020-01-29 16:56:21 [scrapy] DEBUG: Scraped from <200 https://www.indeed.fr/jobs?q=Vendeur&start=10>
{'company': "BOULANGERIE PÂTISSERIE L'ESSENTIEL",
 'crawl_url': 'https://www.indeed.fr/jobs?q=Vendeur&start=10',
 'job_title': 'Vendeur conseil H/F- temps partiel',
 'link_url': "/company/BOULANGERIE-PATISSERIE-L'ESSENTIEL/jobs/Vendeur-Conseil-c8baefd7f0ba452d?fccid=4c978a2cdd89d373&vjs=3",
 'location': 'Paris (75)',
 'salary': '680 € par mois',
 'site': 'Indeed',
 'summary': 'Des produits engagés, 100% fait maison avec des ingrédients de '
            'qualité selon des méthodes artisanales.'}
2020-01-29 16:56:21 [scrapy] DEBUG: Scraped from <200 https://www.indeed.fr/jobs?q=Vendeur&start=10>
{'company': 'France Canapé',
 'crawl_url': 'https://www.indeed.fr/jobs?q=Vendeur&start=10',
 'job_title': 'Vendeur ameublement H/F',
 'link_url': '/company/FranceCanap%C3%A9/jobs/Vendeur-Ameublement-1ed1e2f2dc2e2b72?fccid=8aeacc60eb4ed0d7&vjs=3',
 'location': 'Paris (75)',
 'salary': '2 000 € - 4 000 € par mois',
 'site': 'Indeed',
 'summary': 'Vous aurez également à assurer un conseil clients optimal par la '
            'connaissance de nos produits et collections.'}
2020-01-29 16:56:21 [scrapy] DEBUG: Scraped from <200 https://www.indeed.fr/jobs?q=Vendeur&start=10>
{'company': '',
 'crawl_url': 'https://www.indeed.fr/jobs?q=Vendeur&start=10',
 'job_title': 'Vendeur H/F - CDI 15h',
 'link_url': '/rc/clk?jk=bdc6cfc978227967&fccid=fce6a8fee1edf46b&vjs=3',
 'location': 'Paris (75)',
 'salary': None,
 'site': 'Indeed',
 'summary': 'Vous participez à la vie du magasin en effectuant de la vente, du '
            'conseil en cabine et des encaissements.'}
2020-01-29 16:56:21 [scrapy] DEBUG: Scraped from <200 https://www.indeed.fr/jobs?q=Vendeur&start=10>
{'company': '',
 'crawl_url': 'https://www.indeed.fr/jobs?q=Vendeur&start=10',
 'job_title': 'Vendeur H/F-CDI-Etudiants',
 'link_url': '/rc/clk?jk=910764772c7c865e&fccid=af17ea0d1d6bbbba&vjs=3',
 'location': 'Montpellier (34)',
 'salary': None,
 'site': 'Indeed',
 'summary': 'Tu as envie de contribuer activement à la mise en place de '
            "l'ensemble des services disponibles dans le magasin afin d'aider "
            'les clients à prendre des décisions…'}
2020-01-29 16:56:22 [scrapy] DEBUG: Scraped from <200 https://www.indeed.fr/jobs?q=Vendeur&start=10>
{'company': '',
 'crawl_url': 'https://www.indeed.fr/jobs?q=Vendeur&start=10',
 'job_title': 'Vendeurs (h/f) - CDI 25h - Parinor Aulnay sous Bois',
 'link_url': '/rc/clk?jk=ca262aebaef5cb3e&fccid=7c13ea7d2941e927&vjs=3',
 'location': 'Aulnay-sous-Bois (93)',
 'salary': None,
 'site': 'Indeed',
 'summary': 'Être polyvalent et t’adapter au rythme intense du magasin.'}
2020-01-29 16:56:22 [scrapy] DEBUG: Scraped from <200 https://www.indeed.fr/jobs?q=Vendeur&start=10>
{'company': '',
 'crawl_url': 'https://www.indeed.fr/jobs?q=Vendeur&start=10',
 'job_title': 'Vendeur CDI CELIO- PARINOR (93) H/F',
 'link_url': '/rc/clk?jk=4c4db2b097a09ded&fccid=590163b494adb820&vjs=3',
 'location': 'Aulnay-sous-Bois (93)',
 'salary': None,
 'site': 'Indeed',
 'summary': 'Participer à la mise en place du merchandising et des opérations '
            'commerciales.'}
2020-01-29 16:56:22 [scrapy] DEBUG: Scraped from <200 https://www.indeed.fr/jobs?q=Vendeur&start=10>
{'company': 'EMMA PATISSERIE BOULANGERIE',
 'crawl_url': 'https://www.indeed.fr/jobs?q=Vendeur&start=10',
 'job_title': 'VENDEUR H/F',
 'link_url': '/company/EMMA-PATISSERIE-BOULANGERIE/jobs/Vendeur-a74567d381af5c69?fccid=1a67c00ac4a283b2&vjs=3',
 'location': 'Rouen (76)',
 'salary': '19 000 € - 20 000 € par an',
 'site': 'Indeed',
 'summary': 'Accueil client, conseil, vente, encaissement, réassort produit, '
            'ouverture/fermeture boutique, entretien du point de vente, et '
            'suivi des règles d’hygiène.'}
2020-01-29 16:56:22 [scrapy] DEBUG: Scraped from <200 https://www.indeed.fr/jobs?q=Vendeur&start=10>
{'company': '',
 'crawl_url': 'https://www.indeed.fr/jobs?q=Vendeur&start=10',
 'job_title': 'VENDEUR 25H (H/F)',
 'link_url': '/rc/clk?jk=2b4d4efe20b9d263&fccid=785d8cd5ec48d168&vjs=3',
 'location': 'Wittenheim (68)',
 'salary': None,
 'site': 'Indeed',
 'summary': 'Cache Cache est la marque de prêt-à-porter qui permet aux jeunes '
            'femmes d’exprimer leur personnalité en leur proposant une mode '
            'accessible, tendance et féminine…'}
2020-01-29 16:56:22 [scrapy] DEBUG: Scraped from <200 https://www.indeed.fr/jobs?q=Vendeur&start=10>
{'company': '',
 'crawl_url': 'https://www.indeed.fr/jobs?q=Vendeur&start=10',
 'job_title': 'Vendeur F/H CDI temps complet Paris',
 'link_url': '/pagead/clk?mo=r&ad=-6NYlbfkN0C8SyVWDloTuZR2lnvX77LrlJhc_4nWaJZBL3tXgVs41pW-5xUXnjm2Po5ZGwDFwjc6ufS19zbAowRM_t4mp2Y9tUfxfyYvJkDsSnBs8YzHuzde6YZZjWhjum8CgSX087DadlFDC5w3g0RE4A_fOFucLimGAHn9MDtD6i1AT_fSxonUL42Z79AVutwcaqwO7gvtsEPpgxn_yft_87itBsSMVEqzl0vTt7hk6fmWMtoZoPn_KRKIYBPUDDlXSEZASUEQMO1HiXp_6-Om8NIci8kDDz1zxkEvqM1U67Sh840JDq5L9XJhrlItQOHn-TZcAjHkAwyM1PGakFfaJZVgPJ9NfRs-mtxpy_rTRcWgLVQMr0bS6VFS8GLjE5zJpshy95duPEQTPAO982TQBzZIupx7augSGszZThOISdWkh_Mmyg52EOvwAPC9&p=13&fvj=0&vjs=3',
 'location': 'Paris 1er (75)',
 'salary': None,
 'site': 'Indeed',
 'summary': 'Je suis responsable des encaissements, je participe à la mise en '
            "rayon, à l'approvisionnement et à la bonne tenue du magasin."}
2020-01-29 16:56:23 [scrapy] DEBUG: Scraped from <200 https://www.indeed.fr/jobs?q=Vendeur&start=10>
{'company': '',
 'crawl_url': 'https://www.indeed.fr/jobs?q=Vendeur&start=10',
 'job_title': 'Vendeur H/F',
 'link_url': '/pagead/clk?mo=r&ad=-6NYlbfkN0CS61HlV8ordr7AUCrjIXubTh2tb4KsZqBS7AmzhnXf2MIzUSaerInpQTirHYAwEMXL1lSllDLGyAEA9ccUBZXvMvX3KpY7VKE1uPRgD65UuSI2PMoZPutTUDaSsYWZ4EcYJkatKPCFTIlrRIqpyShlJfkrNpX3C1mH-dadPdtvOzABAyFNgQnuw7PA7AE2C316-FKGnoTtgf7cndxdPL_FQ3GKB5TnLAUhaoi7Yeii0Jk7Jw1OinqMg3SgJagSh-eLMP1KW0OcMwItw79kZ0RJsRPVF2pf4i3YOAfQJ0NFo6KwAHo8fJG6stmnyPalde2cHriBE-z0Bc-aY4nmnmJ7hryJm3Agy6tqO2mB_3KKr1rO4oU6QRxwzV2sjTbjiZk1JiDt550xxCljAZzIukdukaaucwMr328gi2Rgqqy30Q==&p=14&fvj=1&vjs=3',
 'location': 'Nîmes (30)',
 'salary': '1 600 € - 1 800 € par mois',
 'site': 'Indeed',
 'summary': 'Travail en équipe et participation à la vie du magasin '
            '(inventaire, réassorts, tenue et organisation du magasin…).'}
2020-01-29 16:56:23 [scrapy] DEBUG: Scraped from <200 https://www.indeed.fr/jobs?q=Vendeur&start=10>
{'company': '',
 'crawl_url': 'https://www.indeed.fr/jobs?q=Vendeur&start=10',
 'job_title': "Vendeur 35h - Val d'Europe H/F",
 'link_url': '/pagead/clk?mo=r&ad=-6NYlbfkN0AcOGRO7NMCdqPyrTJQuGXx53dnASylO0TaqmsQz4FF5VYybjJmkKHK1vhEkSYIcxa2DmBmgYuK2O1UiytVE7_Y9VbDLJLjngD9qzHp0JloSAUSV6wqCky5xGO_anvm9Jn3sqn8dR3lAYhmsPG6Bz2myy4O-XPnjuvG780um0k6liC86AmzAm_N3fHhW-FKPKJyyyQHgL-5brVNsx2Z7albCOTyGYjCPUbnHFN2XRTjLbGRJMmxIueqtwFw9NATGHoWUB-ejF1J5WY8EfrOKizbmpR8IGas3PFnHADzyRHvqh098H__dQZmVwxWvL8PbUdX813BgmzYixE4YucxZbDzS49ghopCFOVfeQqK_AILqf5zPxd5RxCKnTy7zptKLemXGwxS4P4vhyZ0003gyqP9FJQUXLhlzK6wmhHnnyVK8xN60iBRj60E8uhTgDKVe5_3yrwsbuUpUughoj93c7CtEZ_Qaad_bQ8IXBOy2OrHz_eldCUXlQEcwxPSqLt-1QY=&p=15&fvj=0&vjs=3',
 'location': 'Serris (77)',
 'salary': None,
 'site': 'Indeed',
 'summary': "Vous justifiez d'une expérience significative d'au moins 2 ans en "
            'tant que vendeur(euse) en boutique (équipement de la personne, '
            'réseau succursaliste,…'}
2020-01-29 16:56:24 [scrapy] DEBUG: Crawled (200) <GET https://www.indeed.fr/jobs?q=Vendeur&start=20> (referer: https://www.indeed.fr/jobs?q=Vendeur&start=10)
2020-01-29 16:56:24 [indeed2] DEBUG: 

 Crawling  https://www.indeed.fr/jobs?q=Vendeur&start=20

2020-01-29 16:56:24 [scrapy] DEBUG: Scraped from <200 https://www.indeed.fr/jobs?q=Vendeur&start=20>
{'company': 'NEOVAPO',
 'crawl_url': 'https://www.indeed.fr/jobs?q=Vendeur&start=20',
 'job_title': 'Vendeur conseil à Angoulême H/F',
 'link_url': '/pagead/clk?mo=r&ad=-6NYlbfkN0D96foMA0D-U4sgmNwq0f-qRV6NHG5uKSBWmLmK9pJcLzDqLzxuWce3K5iRhoag9jV83TitF2DgUxoXBSkiVCrU7XLPPh8_vo8SPLw-7KowbTjSOe-WGCnLT170h5qbJg3u2lcYhjZ6K_fuTy6VC5os-6ijItGQqfCsCHWP40TB-YnKB8S3sunUtJntohFTYHwUUwcr_hTuvncPYQ-quXgRWDcOckp66XEowgXiI7KmGUrHidP8VuALLvIBuQvdq35tkM_EOZqw1ye4celSv8uHRelDTYFTvwLAa0AeFGcSiRH5UhZkb7qrZbVVDwdU_Fkcf17qKrclTY89GNeVnwCahKHRIPt-hKW9jMoIu6QKXh9y2j5jO5Q9sy8H5zklGSVirJIxN2JyuxwcZpuNzAWpPlJlK37dy9vAZAMdydGq79wQE4jTGfpjqvu0rpOlI3W8TTjvN8ItkOvvFDZZ0epL&p=0&fvj=1&vjs=3',
 'location': 'Angoulême (16)',
 'salary': '1 500 € - 2 000 € par mois',
 'site': 'Indeed',
 'summary': 'Participez aux idées de communication et de décoration.'}
2020-01-29 16:56:24 [scrapy] DEBUG: Scraped from <200 https://www.indeed.fr/jobs?q=Vendeur&start=20>
{'company': '',
 'crawl_url': 'https://www.indeed.fr/jobs?q=Vendeur&start=20',
 'job_title': 'Vendeur F/H CDI temps complet Paris',
 'link_url': '/pagead/clk?mo=r&ad=-6NYlbfkN0C8SyVWDloTuZR2lnvX77LrlJhc_4nWaJZBL3tXgVs41pW-5xUXnjm2Po5ZGwDFwjc6ufS19zbAowRM_t4mp2Y9tUfxfyYvJkDsSnBs8YzHuzde6YZZjWhjum8CgSX087DadlFDC5w3g0RE4A_fOFucLimGAHn9MDs1LqvMnDuBqzE4Bblulo5TUaX0u-pn9M_r9tdnLF5SOHFXp62ZT_NAAYL2WuMNolbQwSUK-b_aMr1KC75aDhDdhqXDHxmwvQvfOup1DhTyKsb2MJRIXbD54K3Rb7BwK_HExCR_4fGIR-dSmuIExEKot1_0x-cYuuirDFJhsKqpXoxTJ-1xlRv3DZVlVy_A-_En7MUjVptF2SW3p6BjDT3u-iEYQnHettlVw0xi1kuv_Ncuz_DLdAwk2L4sPnYFs8LLsrpfmOo-MmlCssA7Fo6N&p=1&fvj=0&vjs=3',
 'location': 'Paris 1er (75)',
 'salary': None,
 'site': 'Indeed',
 'summary': 'Je suis responsable des encaissements, je participe à la mise en '
            "rayon, à l'approvisionnement et à la bonne tenue du magasin."}
2020-01-29 16:56:24 [scrapy] DEBUG: Scraped from <200 https://www.indeed.fr/jobs?q=Vendeur&start=20>
{'company': 'BIJOUTERIE FEUILLATRE',
 'crawl_url': 'https://www.indeed.fr/jobs?q=Vendeur&start=20',
 'job_title': 'Vendeur H/F',
 'link_url': '/pagead/clk?mo=r&ad=-6NYlbfkN0D_ooBo-a-aNWIDpFT24suzB8drFSKwqGw-lIdkBxkDgbg0D3QEFBo7VmpSTNm2uLO05XsS9sEMUyz9Cap5Puz-WKoY5j_6bsLPbGd0zK8jUll-PpQoxtW8o6tG3Uq1Zpu-nhuJ9s0NbYurlAF5FeqE3A9LX12i3FaNVYiGvwI4TaFpysbyhxLeANfiXlDNNvLIGe5K-Pm8c7FWAaKxG3eB9bPaJDtG4JscMBFJDM4c_Sx5e3W7PS35BqhpIkAr9bKUIyVl7YHboUXOsk0ZZAx-OC7hmf2rtPyzfi699H181vUXyxMDrv0Y2hhCwF2QfNlvHvyij0bIwJrYeVohcgbrB0EF-PeNdLAT6JrAfZUkVmuHQ0MaiyyfnqJF7G-sacapqKAQDA6-bsKmpxNWMPODwAaGnhlkdukoiiHLJb5ozg==&p=2&fvj=1&vjs=3',
 'location': 'Crépy-en-Valois (60)',
 'salary': '1 500 € - 1 900 € par mois',
 'site': 'Indeed',
 'summary': "La bijouterie est un univers qui se doit d'être chaleureux et "
            'professionnel, nous attendons donc une personne qui maîtrise le '
            "langage,l'écriture et avec une…"}
2020-01-29 16:56:25 [scrapy] DEBUG: Scraped from <200 https://www.indeed.fr/jobs?q=Vendeur&start=20>
{'company': '',
 'crawl_url': 'https://www.indeed.fr/jobs?q=Vendeur&start=20',
 'job_title': 'Employé(e) de magasin',
 'link_url': '/rc/clk?jk=bb69d87a9b29713a&fccid=68dc87b026f0a6e2&vjs=3',
 'location': 'Saint-Louis (68)',
 'salary': '1 070 € - 1 560 € par mois',
 'site': 'Indeed',
 'summary': 'Ensemble avec vos collègues, vous veillerez à garder le magasin '
            'bien achalandé, propre et soigné, de façon à permettre aux '
            'clients de trouver rapidement les…'}
2020-01-29 16:56:26 [scrapy] DEBUG: Scraped from <200 https://www.indeed.fr/jobs?q=Vendeur&start=20>
{'company': '',
 'crawl_url': 'https://www.indeed.fr/jobs?q=Vendeur&start=20',
 'job_title': 'Vendeur H/F',
 'link_url': '/rc/clk?jk=e39f10c3fdc8f6ff&fccid=af17ea0d1d6bbbba&vjs=3',
 'location': 'Paris (75)',
 'salary': None,
 'site': 'Indeed',
 'summary': 'Créer des relations de confiance durables avec nos clients, quel '
            'que soit le canal d’achat.'}
2020-01-29 16:56:26 [scrapy] DEBUG: Scraped from <200 https://www.indeed.fr/jobs?q=Vendeur&start=20>
{'company': '',
 'crawl_url': 'https://www.indeed.fr/jobs?q=Vendeur&start=20',
 'job_title': 'VENDEUR/VENDEUSE OPTIQUE',
 'link_url': '/company/OPTICAL-CENTER/jobs/Vendeur-Vendeuse-Optique-cb68488bcb9fe1e7?fccid=e4dbf4caaed283f2&vjs=3',
 'location': 'Hénin-Beaumont (62)',
 'salary': '1 900 € par mois',
 'site': 'Indeed',
 'summary': "Non diplômé vous pouvez intégrer un magasin d'optique et être "
            'formé en interne.'}
2020-01-29 16:56:26 [scrapy] DEBUG: Scraped from <200 https://www.indeed.fr/jobs?q=Vendeur&start=20>
{'company': '',
 'crawl_url': 'https://www.indeed.fr/jobs?q=Vendeur&start=20',
 'job_title': 'Vendeur polyvalent Etudiant H/F',
 'link_url': '/rc/clk?jk=c4a14bb8adc51eda&fccid=b1a1dea659b6cd13&vjs=3',
 'location': 'Strasbourg (67)',
 'salary': None,
 'site': 'Indeed',
 'summary': 'Vous vous rendez disponible pour conseiller les clients et les '
            'aider à faire leurs choix,.'}
2020-01-29 16:56:26 [scrapy] DEBUG: Scraped from <200 https://www.indeed.fr/jobs?q=Vendeur&start=20>
{'company': 'Jour de Fête',
 'crawl_url': 'https://www.indeed.fr/jobs?q=Vendeur&start=20',
 'job_title': 'VENDEUR(SE) CAISSIER(E) H/F',
 'link_url': '/rc/clk?jk=0382c2f68d6e5836&fccid=dd616958bd9ddc12&vjs=3',
 'location': 'Bruay-la-Buissière (62)',
 'salary': '1 188 € par mois',
 'site': 'Indeed',
 'summary': "Vous êtes en charge de l'accueil, du conseil client, de "
            "l'encaissement, de la mise en rayon et de la présentation des "
            'produits.'}
2020-01-29 16:56:26 [scrapy] DEBUG: Scraped from <200 https://www.indeed.fr/jobs?q=Vendeur&start=20>
{'company': '',
 'crawl_url': 'https://www.indeed.fr/jobs?q=Vendeur&start=20',
 'job_title': 'Vendeur H/F H/F',
 'link_url': '/rc/clk?jk=a58a90a6cb2e0246&fccid=0b96979abd32c08a&vjs=3',
 'location': 'Flins-sur-Seine (78)',
 'salary': None,
 'site': 'Indeed',
 'summary': 'Ambassadeur de la marque JD Sports, tu es un véritable expert de '
            'la vente : maitrise des étapes du service client, analyse des '
            'indicateurs de performance,…'}
2020-01-29 16:56:27 [scrapy] DEBUG: Scraped from <200 https://www.indeed.fr/jobs?q=Vendeur&start=20>
{'company': '',
 'crawl_url': 'https://www.indeed.fr/jobs?q=Vendeur&start=20',
 'job_title': 'VENDEUR - H/F - 35H - SAISONNIER - HOSSEGOR - QUIKSILVER',
 'link_url': '/rc/clk?jk=4c08c2c2abd9821e&fccid=af4369f51e8f00e6&vjs=3',
 'location': 'Hossegor (40)',
 'salary': None,
 'site': 'Indeed',
 'summary': 'La tenue du magasin : rayons, merchandising ...'}
2020-01-29 16:56:28 [scrapy] DEBUG: Scraped from <200 https://www.indeed.fr/jobs?q=Vendeur&start=20>
{'company': 'BONOBO (Réseau)',
 'crawl_url': 'https://www.indeed.fr/jobs?q=Vendeur&start=20',
 'job_title': 'VENDEUR 30H (H/F)',
 'link_url': '/rc/clk?jk=beb73e9f855a32e7&fccid=ad3c92f9c95dcec2&vjs=3',
 'location': 'Béziers (34)',
 'salary': None,
 'site': 'Indeed',
 'summary': "Vous participez à l'implantation du magasin: réalisation du "
            'réassort et mise en application des consignes merchandising '
            'transmises par le siège ;'}
2020-01-29 16:56:28 [scrapy] DEBUG: Scraped from <200 https://www.indeed.fr/jobs?q=Vendeur&start=20>
{'company': '',
 'crawl_url': 'https://www.indeed.fr/jobs?q=Vendeur&start=20',
 'job_title': '1er vendeur H/F',
 'link_url': '/rc/clk?jk=587cd04dbefe0f85&fccid=1b1ab5222ebe583f&vjs=3',
 'location': 'Lille (59)',
 'salary': None,
 'site': 'Indeed',
 'summary': 'Mettre en place des vitrines gourmandes et veiller à la '
            'disponibilité des produits en effectuant les réassorts.'}
2020-01-29 16:56:28 [scrapy] DEBUG: Scraped from <200 https://www.indeed.fr/jobs?q=Vendeur&start=20>
{'company': "Le bazar d'ales",
 'crawl_url': 'https://www.indeed.fr/jobs?q=Vendeur&start=20',
 'job_title': 'Vendeur polyvalent H/F',
 'link_url': "/company/Le-bazar-d'ales/jobs/Vendeur-Polyvalent-54b912588acbad1c?fccid=583eebb5d301a42b&vjs=3",
 'location': 'Alès (30)',
 'salary': None,
 'site': 'Indeed',
 'summary': "Pour l''espace vente, vous assurez le respect des règles de "
            'merchandising (mise en rayon, lisibilité de l’information, etc…) '
            'ainsi que sa propreté.'}
2020-01-29 16:56:28 [scrapy] DEBUG: Scraped from <200 https://www.indeed.fr/jobs?q=Vendeur&start=20>
{'company': 'SVPRO',
 'crawl_url': 'https://www.indeed.fr/jobs?q=Vendeur&start=20',
 'job_title': 'Magasinier vendeur comptoir H/F',
 'link_url': '/pagead/clk?mo=r&ad=-6NYlbfkN0Cq5kRaeKNQLFPfiOaQD3ZsI3NK_u-LvqumzMklpggZoCWN5S8iALXpr_C9rM1kqsH3RsjpPcK52f1ZcSy8KSV3enp8uAQ2eqK6MC7zgWnjjdgC1ziKNMvk0uDY0o3SydNqQbWXeDLQlL7ePxkCq9SlDQ8OjjGTMxnUk892YCN2NLqv1biHVqRxyoeax_Cv8dxrvF_MLLNV3oaiUicttlT960slLDEmAr44-Uqvk7iDbZGr3OJMXQP9jDKggZ98tFzySuWAtoblPKDbUo1xkgck6d6r_bqWg1enGXVC7-vnJlb2dFWH52QlGKezzcjH-cJMug3DoqJl22gl5zr607iQiMMOBFusKd3YeYt9d_BLYfXcBTbIDCp-VwQ1x6tRdIrEa99L_N8MFhmLcKd0KQWMt2B45W4gWFM_8HwykwuhPtXP6kVwNfBJ60H0EKWzj5w=&p=13&fvj=1&vjs=3',
 'location': 'Grandchamp (89)',
 'salary': None,
 'site': 'Indeed',
 'summary': 'Assurer la gestion et la mise à jour des préparations pièces '
            'atelier..'}
2020-01-29 16:56:29 [scrapy] DEBUG: Scraped from <200 https://www.indeed.fr/jobs?q=Vendeur&start=20>
{'company': '',
 'crawl_url': 'https://www.indeed.fr/jobs?q=Vendeur&start=20',
 'job_title': 'Vendeur H/F',
 'link_url': '/pagead/clk?mo=r&ad=-6NYlbfkN0CS61HlV8ordr7AUCrjIXubTh2tb4KsZqBS7AmzhnXf2MIzUSaerInpQTirHYAwEMXL1lSllDLGyAEA9ccUBZXvMvX3KpY7VKE1uPRgD65UuSI2PMoZPutTUDaSsYWZ4EcYJkatKPCFTIlrRIqpyShlJfkrNpX3C1mH-dadPdtvOzABAyFNgQnudOvk_4dsqt-S9t0o_nrQamXCBP0mGfOR0BUBov-tSVFX3mgB3C96nE5eOEqoBlv2Fm9XNukns6BibFCg0Y777YYd-7cbhKA9lGaLcWz2rjg5mB1EgiPwjzhcCIzGkZlc_PfIoz6FrtYOZ66OtZoUpRiMAPb-1K8CGfmwnahzo6RMmk06B8HK7XK_ejeSRSyqRRMFbalC-c1UR9eemwAFeWDbmtwWOOPGskW8IQvAd-KmaeOChlJ2gQ==&p=14&fvj=1&vjs=3',
 'location': 'Nîmes (30)',
 'salary': '1 600 € - 1 800 € par mois',
 'site': 'Indeed',
 'summary': 'Travail en équipe et participation à la vie du magasin '
            '(inventaire, réassorts, tenue et organisation du magasin…).'}
2020-01-29 16:56:29 [scrapy] DEBUG: Crawled (200) <GET https://www.indeed.fr/jobs?q=Vendeur&start=30> (referer: https://www.indeed.fr/jobs?q=Vendeur&start=20)
2020-01-29 16:56:29 [indeed2] DEBUG: 

 Crawling  https://www.indeed.fr/jobs?q=Vendeur&start=30

2020-01-29 16:56:30 [scrapy] DEBUG: Scraped from <200 https://www.indeed.fr/jobs?q=Vendeur&start=30>
{'company': '',
 'crawl_url': 'https://www.indeed.fr/jobs?q=Vendeur&start=30',
 'job_title': 'Vendeur H/F',
 'link_url': '/pagead/clk?mo=r&ad=-6NYlbfkN0CS61HlV8ordr7AUCrjIXubTh2tb4KsZqBS7AmzhnXf2MIzUSaerInpQTirHYAwEMXL1lSllDLGyAEA9ccUBZXvMvX3KpY7VKE1uPRgD65UuSI2PMoZPutTUDaSsYWZ4EcYJkatKPCFTIlrRIqpyShlJfkrNpX3C1mH-dadPdtvOzABAyFNgQnu_JugNK8b1n-Azz9HUR_PZCIwvbKIU1eGpAwzwpidNtuaAvLR618TMt7bhu_eTFAN23cBKHnBwbbBvFD4BjW43ki7GMShqV-tjF17XseT9LNTVrKX-E_sq6FyOXMjHGnFP9dc1MDTYDaNKqxO1b2Y-FGRwlIJQRBguGtBaOAYTYie2pOuWtvm1Nw4Qnwazos4J4ia8WyfvgAITGW8MREBWpRq5KMtRFaaEtst4-r-Q57aD8G34pD4zQ==&p=0&fvj=1&vjs=3',
 'location': 'Nîmes (30)',
 'salary': '1 600 € - 1 800 € par mois',
 'site': 'Indeed',
 'summary': 'Travail en équipe et participation à la vie du magasin '
            '(inventaire, réassorts, tenue et organisation du magasin…).'}
2020-01-29 16:56:30 [scrapy] DEBUG: Scraped from <200 https://www.indeed.fr/jobs?q=Vendeur&start=30>
{'company': 'NEOVAPO',
 'crawl_url': 'https://www.indeed.fr/jobs?q=Vendeur&start=30',
 'job_title': 'Vendeur conseil à Angoulême H/F',
 'link_url': '/pagead/clk?mo=r&ad=-6NYlbfkN0D96foMA0D-U4sgmNwq0f-qRV6NHG5uKSBWmLmK9pJcLzDqLzxuWce3K5iRhoag9jV83TitF2DgUxoXBSkiVCrU7XLPPh8_vo8SPLw-7KowbTjSOe-WGCnLT170h5qbJg3u2lcYhjZ6K_fuTy6VC5os-6ijItGQqfCsCHWP40TB-YnKB8S3sunUzreR24lwhoN4i4N1x2AFZUsplWAfP6mp_LqL_8Vmuf0l79NkY4EAywuRSep2R6ykGoT6L441bTuO8YheY_OWiGLvDYg9DMPERlp26cjIS80yL9ci_qf3K6Ov0u58R7u2qfYYG0VdvgqDzuBe9VOqQ8juLluLP1irxEpQpH4XF3gOBLZE1_UBssEcZmx20TZ_r0f-DCBaV4N1_pyWXbQ-egZOCj_kI51NP4UTR3VTqfolkb-i2WgEcqGRHMh9tXIqL0Wwu1TWmlb30NtABI5TDmkloQlQXGR2&p=1&fvj=1&vjs=3',
 'location': 'Angoulême (16)',
 'salary': '1 500 € - 2 000 € par mois',
 'site': 'Indeed',
 'summary': 'Participez aux idées de communication et de décoration.'}
2020-01-29 16:56:30 [scrapy] DEBUG: Scraped from <200 https://www.indeed.fr/jobs?q=Vendeur&start=30>
{'company': '',
 'crawl_url': 'https://www.indeed.fr/jobs?q=Vendeur&start=30',
 'job_title': 'Vendeur conseil H/F',
 'link_url': '/company/DECOR-DISCOUNT/jobs/Vendeur-Conseil-35db1c8ca6437ca2?fccid=36805c7d88fd0fd5&vjs=3',
 'location': 'Béziers (34)',
 'salary': '1 630 € - 1 830 € par mois',
 'site': 'Indeed',
 'summary': 'Notre réseau compte 23 magasins et 180 collaborateurs qui '
            'partagent les mêmes valeurs de respect, de considération et '
            'd’entraide.'}
2020-01-29 16:56:30 [scrapy] DEBUG: Scraped from <200 https://www.indeed.fr/jobs?q=Vendeur&start=30>
{'company': '',
 'crawl_url': 'https://www.indeed.fr/jobs?q=Vendeur&start=30',
 'job_title': 'Equipier polyvalent (h/f) - 30h',
 'link_url': '/rc/clk?jk=dffeb7b3cacbb1c2&fccid=14b7c83f2c02772e&vjs=3',
 'location': 'Poitiers (86)',
 'salary': '1 374 € par mois',
 'site': 'Indeed',
 'summary': 'Garantir la qualité et la fraîcheur des produits,.'}
2020-01-29 16:56:30 [scrapy] DEBUG: Scraped from <200 https://www.indeed.fr/jobs?q=Vendeur&start=30>
{'company': '',
 'crawl_url': 'https://www.indeed.fr/jobs?q=Vendeur&start=30',
 'job_title': 'Vendeurs (h/f) - CDI 8h - Narbonne',
 'link_url': '/rc/clk?jk=0c2e77f20e1b6014&fccid=7c13ea7d2941e927&vjs=3',
 'location': 'Narbonne (11)',
 'salary': None,
 'site': 'Indeed',
 'summary': 'Être polyvalent et t’adapter au rythme intense du magasin.'}
2020-01-29 16:56:30 [scrapy] DEBUG: Scraped from <200 https://www.indeed.fr/jobs?q=Vendeur&start=30>
{'company': 'MOA',
 'crawl_url': 'https://www.indeed.fr/jobs?q=Vendeur&start=30',
 'job_title': 'Vendeur H/F',
 'link_url': '/company/MOA/jobs/Vendeur-d5e2ff8be8cf4306?fccid=c278252919f0029a&vjs=3',
 'location': 'Rouen (76)',
 'salary': None,
 'site': 'Indeed',
 'summary': 'MOA* _est une enseigne d’accessoires de mode qui propose à toutes '
            'les femmes les dernières tendances mode à des prix attractifs.'}
2020-01-29 16:56:31 [scrapy] DEBUG: Scraped from <200 https://www.indeed.fr/jobs?q=Vendeur&start=30>
{'company': "Vib's (Réseau)",
 'crawl_url': 'https://www.indeed.fr/jobs?q=Vendeur&start=30',
 'job_title': 'VENDEUR 10H (H/F)',
 'link_url': '/rc/clk?jk=f3f4ba387c8b250a&fccid=4f4f714454424bf0&vjs=3',
 'location': 'Coquelles (62)',
 'salary': None,
 'site': 'Indeed',
 'summary': "Vous participez à l'implantation du magasin: réalisation du "
            'réassort et mise en application des consignes merchandising '
            'transmises par le siège ;'}
2020-01-29 16:56:31 [scrapy] DEBUG: Scraped from <200 https://www.indeed.fr/jobs?q=Vendeur&start=30>
{'company': 'KOALA PRESSING',
 'crawl_url': 'https://www.indeed.fr/jobs?q=Vendeur&start=30',
 'job_title': 'Vendeur polyvalent H/F',
 'link_url': '/company/KOALA-PRESSING/jobs/Vendeur-Polyvalent-3c683178b569d96f?fccid=ced22444e49fbcec&vjs=3',
 'location': 'Paris (75)',
 'salary': '1 675 € - 2 200 € par mois',
 'site': 'Indeed',
 'summary': 'Pressing KOALA cherche employé(e) polyvalent(e) de pressing avec '
            'possibilité de prendre des responsabilités à court ou moyen '
            'terme.'}
2020-01-29 16:56:31 [scrapy] DEBUG: Scraped from <200 https://www.indeed.fr/jobs?q=Vendeur&start=30>
{'company': '',
 'crawl_url': 'https://www.indeed.fr/jobs?q=Vendeur&start=30',
 'job_title': 'Vendeur/Vendeuse',
 'link_url': '/rc/clk?jk=5c216206fa197e33&fccid=ab4085ba2e6db837&vjs=3',
 'location': 'Lillers (62)',
 'salary': None,
 'site': 'Indeed',
 'summary': 'En tant que vendeur/vendeuse, vous veillez avec votre équipe à ce '
            'que le magasin soit impeccable.'}
2020-01-29 16:56:31 [scrapy] DEBUG: Scraped from <200 https://www.indeed.fr/jobs?q=Vendeur&start=30>
{'company': '',
 'crawl_url': 'https://www.indeed.fr/jobs?q=Vendeur&start=30',
 'job_title': 'Vendeur polyvalent (h/f) CDI 35h_Fouquières les Béthunes',
 'link_url': '/company/JYSK/jobs/Vendeur-Polyvalent-CDI-35h_fouqui%C3%A8res-Les-B%C3%A9thunes-61c1f1e31640d3bc?fccid=a5aea01671306f7a&vjs=3',
 'location': 'Fouquières-lès-Béthune (62)',
 'salary': None,
 'site': 'Indeed',
 'summary': 'Ce poste est également ouvert à toute personne reconnue '
            'travailleur handicapé.'}
2020-01-29 16:56:31 [scrapy] DEBUG: Scraped from <200 https://www.indeed.fr/jobs?q=Vendeur&start=30>
{'company': '',
 'crawl_url': 'https://www.indeed.fr/jobs?q=Vendeur&start=30',
 'job_title': 'Vendeur polyvalent H/F CDD 25H',
 'link_url': '/rc/clk?jk=c3c04c3b3ac0ba99&fccid=b1a1dea659b6cd13&vjs=3',
 'location': 'Bordeaux (33)',
 'salary': None,
 'site': 'Indeed',
 'summary': 'Vous donnerez à vos clients votre temps et les aiderez le plus '
            'possible à se sentir bien et à améliorer leur apparence, que ce '
            'soit pour trouver les vêtements…'}
2020-01-29 16:56:32 [scrapy] DEBUG: Scraped from <200 https://www.indeed.fr/jobs?q=Vendeur&start=30>
{'company': '',
 'crawl_url': 'https://www.indeed.fr/jobs?q=Vendeur&start=30',
 'job_title': 'Vendeur (H/F)',
 'link_url': '/rc/clk?jk=dbd0a6ad3faa3589&fccid=83fbed243c2e850d&vjs=3',
 'location': 'Montpellier (34)',
 'salary': None,
 'site': 'Indeed',
 'summary': 'Assurer la bonne tenue de la boutique et la mise en valeur de nos '
            'produits.'}
2020-01-29 16:56:32 [scrapy] DEBUG: Scraped from <200 https://www.indeed.fr/jobs?q=Vendeur&start=30>
{'company': '',
 'crawl_url': 'https://www.indeed.fr/jobs?q=Vendeur&start=30',
 'job_title': "Vendeur 35h - Val d'Europe H/F",
 'link_url': '/pagead/clk?mo=r&ad=-6NYlbfkN0AcOGRO7NMCdqPyrTJQuGXx53dnASylO0TaqmsQz4FF5VYybjJmkKHK1vhEkSYIcxa2DmBmgYuK2O1UiytVE7_Y9VbDLJLjngD9qzHp0JloSAUSV6wqCky5xGO_anvm9Jn3sqn8dR3lAYhmsPG6Bz2myy4O-XPnjuvG780um0k6liC86AmzAm_NuPjl-tnXzA_T5UVH3tfsF1K4MniUXxyxdLGi8v5IHY-qQTK5CWF7GnWJuRPOf5MyBoAbdQfiMrWzBlKD8q8VwHxsUKCtjt9_MaCCBobiLSg3Qh9LzW4wgqfLZjjgKe5X93GrPpLB-AhaVEeQSqH0W4EOYwmrrgVaZV7Sl9d6odROsATgGG6d6R8KD8MPzBv_SHPgFhgRy6fz7xwk4w8G5jucuvuJVnYFPLbooVo5v1ifJWlxpmWrvELRFjttHU0XQ1A5fMFBG6TuSSKSu_lgKv5EtBuvWStKl9I0jXbIkSijIzY2wr6gkPFl2UTCptR6dz-vIP1nD1s=&p=12&fvj=0&vjs=3',
 'location': 'Serris (77)',
 'salary': None,
 'site': 'Indeed',
 'summary': "Vous justifiez d'une expérience significative d'au moins 2 ans en "
            'tant que vendeur(euse) en boutique (équipement de la personne, '
            'réseau succursaliste,…'}
2020-01-29 16:56:32 [scrapy] DEBUG: Scraped from <200 https://www.indeed.fr/jobs?q=Vendeur&start=30>
{'company': '',
 'crawl_url': 'https://www.indeed.fr/jobs?q=Vendeur&start=30',
 'job_title': 'Vendeur(se) concepteur(trice) cuisine',
 'link_url': '/pagead/clk?mo=r&ad=-6NYlbfkN0DyaHRk5I6PFfXdiOxTgv7caBrTU0X9EaUItNbhpRhQIGLKAzLNWjHKKT8jwv-qgEPXahcepSwpHAjaphmr3w3LMb4TEuGA4pF5aKldVNk_LQgJS8QqD06TNsq8VsInVekR7elmzcNFcfx3i4Mhnz2yN47y5yqrkB4_XkvDOAyW2xHKDm40hiyUg8beEmBaIMJx4eNvPK8NPqAUvtijwWX8Ao104blEbkRhTWLK5ECkGRaH52NcKlRct89auSTXxBZGp13SP0pxhyDvGresVDi51d_mcK3Y8U0uSndBazzsZwQ-qkk7RDvE2a6_YTyWlopl4yFR5UfgeeT-x2c2s1qE1qouy4W84AJD3pqNG3-htmKbFr0Dl1Q0avOjQSpT0V2I9BTavYD1ATzqR4AFgfIwksUPQBX8fqtSL_DbEDFONcZkyu51_pz1B2VbR6SrFgpbBVUWJ9WrWA==&p=13&fvj=1&vjs=3',
 'location': 'Condé-sur-Sarthe (61)',
 'salary': '1 596 € par mois',
 'site': 'Indeed',
 'summary': 'Réserver le meilleur accueil à VOS clients au sein de VOTRE rayon '
            'et de VOTRE magasin.'}
2020-01-29 16:56:32 [scrapy] DEBUG: Scraped from <200 https://www.indeed.fr/jobs?q=Vendeur&start=30>
{'company': 'CONCEPT AUDIO CLUB BOUYGUES TELECOM',
 'crawl_url': 'https://www.indeed.fr/jobs?q=Vendeur&start=30',
 'job_title': 'Vendeur H/F',
 'link_url': '/pagead/clk?mo=r&ad=-6NYlbfkN0DeMbTlMiH2RBX3Fd38zVwfts_dmsoOtNnS09ITfpYe9eX7TfqT2t4FoeaWA3h0e4sJNaxKa-5HG_b0nMnwExpDr66AMjRItAdsTel5ZjkFA7NhEidvQJN6_ZAQ6Cxqa7ph3CeO9IMPaRrqcNN0mI5saIe0Ayfv0zv4rK8o4MDBfSxX8PtbCYgWXjrj97R7ut5_-d7hwj8V1xJ1cb3_Dvqpuicg6mEu0dYtV5QWFTbKqNfkzKrPFRH-Zezo2D2_YMLTTUNZ3ZlYVmuU80kGb3KDdPVYgL_CxagQ3kbhth_Lye29ymyczpU8npMNvFwnIW7MymH2jYOyKXNYAdIPXN-siBxUesm4Mj2Y8RyERjEWKHxB__ZRB94sIfmqq6wh3CO0lVaKppo2gJqhaLl8zzUxOGmcQUwV82z-pr5YTvb6RA==&p=14&fvj=1&vjs=3',
 'location': 'Gap (05)',
 'salary': None,
 'site': 'Indeed',
 'summary': 'Recherchons'}
2020-01-29 16:56:32 [scrapy] INFO: Closing spider (stop generating requests, only 5 requests allowed)
2020-01-29 16:56:32 [scrapy] INFO: Dumping Scrapy stats:
{'downloader/request_bytes': 2745,
 'downloader/request_count': 6,
 'downloader/request_method_count/GET': 6,
 'downloader/response_bytes': 369566,
 'downloader/response_count': 6,
 'downloader/response_status_count/200': 5,
 'downloader/response_status_count/301': 1,
 'elapsed_time_seconds': 22.408001,
 'finish_reason': 'stop generating requests, only 5 requests allowed',
 'finish_time': datetime.datetime(2020, 1, 29, 16, 56, 32, 380828),
 'item_scraped_count': 63,
 'log_count/DEBUG': 263,
 'log_count/INFO': 70,
 'memusage/max': 55685120,
 'memusage/startup': 55685120,
 'request_depth_max': 4,
 'response_received_count': 5,
 'robotstxt/request_count': 1,
 'robotstxt/response_count': 1,
 'robotstxt/response_status_count/200': 1,
 'scheduler/dequeued': 5,
 'scheduler/dequeued/memory': 5,
 'scheduler/enqueued': 6,
 'scheduler/enqueued/memory': 6,
 'start_time': datetime.datetime(2020, 1, 29, 16, 56, 9, 972827)}
2020-01-29 16:56:32 [scrapy] INFO: Spider closed (stop generating requests, only 5 requests allowed)
