2020-01-17 12:44:37 [scrapy] DEBUG: Crawled (200) <GET https://www.indeed.fr/robots.txt> (referer: None)
2020-01-17 12:44:38 [scrapy] DEBUG: Redirecting (301) to <GET https://www.indeed.fr/Emplois-Vendeur> from <GET https://www.indeed.fr/jobs?q=Vendeur>
2020-01-17 12:44:38 [scrapy] DEBUG: Crawled (200) <GET https://www.indeed.fr/Emplois-Vendeur> (referer: None)
2020-01-17 12:44:38 [indeed2] DEBUG: 

 Crawling  https://www.indeed.fr/Emplois-Vendeur

2020-01-17 12:44:38 [scrapy] DEBUG: Scraped from <200 https://www.indeed.fr/Emplois-Vendeur>
{'company': 'TRIO FRUITS 18, Avenue Sylvie 77500 CHELLES',
 'crawl_url': 'https://www.indeed.fr/Emplois-Vendeur',
 'job_title': 'Vendeur libre service H/F',
 'link_url': '/pagead/clk?mo=r&ad=-6NYlbfkN0CYdeF5MsF6vhrnDpgH0-6MeYQSBGqjEnAWLeXrAwT5N11BCJTOaYrivRXyX4A6YzlQoiMpRmAsEH8nW7VLEEHIWV5LOl9qEFsPozTkq1pzB0ucNHbonKGgV6-PP4Phx-Jv2MVWp4KjGA91sp8LtWxdhDFOyM0hnwUw8rpPelbtQO2fuXGl0AWWfcqS9urodfOuc09Bpxva9AO7CrHh_O8Ic344o_bKxa4CYekvnOBtJ8qAsp5_98kP1uRdxuQ334LivcJaXN4wZwQ0qstWxCBKKYoWnmMSjj_i11ZT4OxYgbNngdObBiw14xkmxCuBETHoE9fgCn3kWJUZX1U7IuOBMhJtiqjnk8zJcULYPVwCgSrbSG5NL-aVFGqIQsRDdDCwOAKButy-YzND1QqoZHuzWRaqRV3vBbyfVyd0JwIfPuT6pAxWWKwR6tt8-hL3azU=&p=0&fvj=1&vjs=3',
 'location': 'Chelles (77)',
 'salary': '1 521 € - 1 522 € par mois',
 'site': 'Indeed',
 'summary': 'Salaire : 1 521,22€ à 1 522,22€ /mois.'}
2020-01-17 12:44:38 [scrapy] DEBUG: Scraped from <200 https://www.indeed.fr/Emplois-Vendeur>
{'company': 'TRIO FRUITS 18, Avenue Sylvie 77500 CHELLES',
 'crawl_url': 'https://www.indeed.fr/Emplois-Vendeur',
 'job_title': 'Hôte de caisse polyvalent H/F',
 'link_url': '/pagead/clk?mo=r&ad=-6NYlbfkN0CYdeF5MsF6vhrnDpgH0-6MeYQSBGqjEnAWLeXrAwT5N1BWQsdP1yiaEeBrA0jlmNqhr3p_Rp05gJWSlbv_kdqrc1OZPdDG9EestL3h2ehu35DqyVUL6rPnU4hwyjlu1Q6fAbtZFhn6hjA7dX5TsFVkTZ7oMcXw1ECVUXe-qzCN4z9r7rKZ_Z7tie-BN4i_OFse4F_93OLd2B50WAyvLRlt-tfR_KYFg_Fag-sfuK53zEobkjZj1IdMXPmNr1OcW6DTx9YX_TNH2oSGcIeJt2yFrmoYpWytTTJgTDTd7sRnrHPmkXkQbG5rzkUu_EEE68bSITzg63CiYSQInFEc58PspWMothWMjYqsWOyKkQ85sPETl4VpKAWkuSSLXF-tTblZK7LFp3outA5RaY6QByUhYPdQZ5rErJ59rVjsLiaX8UluTlvhzM-iV82BswS49qyqZsoeh91-1w==&p=1&fvj=1&vjs=3',
 'location': 'Chelles (77)',
 'salary': '1 521 € - 1 522 € par mois',
 'site': 'Indeed',
 'summary': 'Salaire : 1 521,22€ à 1 522,22€ /mois.'}
2020-01-17 12:44:38 [scrapy] DEBUG: Scraped from <200 https://www.indeed.fr/Emplois-Vendeur>
{'company': '',
 'crawl_url': 'https://www.indeed.fr/Emplois-Vendeur',
 'job_title': 'Vendeur (H/F) - CDI 35h Paris',
 'link_url': '/pagead/clk?mo=r&ad=-6NYlbfkN0BipwxOnER0BnJF3xXfabb0PgbwM7nb8todKPajzQlcEnmAaznM-JQ52m_y85_KRGWm-NggmTNIxxu0Q5Op6MZd6MYEfW_9m6-Aag6sZPIugtLHGfRZSOYEt6ylMUwadpDpW6mRUXDWdaBeCFFBLIVfQqgwN5TAB5kY8wknFujkI28lY_jkWgyXkyjSg7g91h336Ntl3HzjB7Z-DOVaEdBuFSI2iKD4ta8nRUrE_Lt59iPC380ljyt2Gzz_ulIi5dtprBXKD-TiagoZIfPTAfIRSZthR6JR4K7MbGfZT95XXnn3t8iDoNpTipauT1cqjI6_UTfOrpPaSwWqCQtt-QTTCXKDhogx4y-nCM4jG5F8Nxpqfm0bXnyyS40tyOMpKaoobbmPgLPdpd2-7jqXUINu0yXpnRakVylIVl2gn98DWpGcc7Dp-71j-kM3FNcupXg=&p=2&fvj=1&vjs=3',
 'location': 'Paris (75)',
 'salary': None,
 'site': 'Indeed',
 'summary': 'Vous êtes reconnu(e) pour votre aisance relationnelle, votre '
            'proactivité et votre capacité à anticiper les besoins de nos '
            'clients dans le but de dépasser leurs…'}
2020-01-17 12:44:38 [scrapy] DEBUG: Scraped from <200 https://www.indeed.fr/Emplois-Vendeur>
{'company': 'LA MAISON DES CYCLADES',
 'crawl_url': 'https://www.indeed.fr/Emplois-Vendeur',
 'job_title': 'Vendeur polyvalent H/F',
 'link_url': '/pagead/clk?mo=r&ad=-6NYlbfkN0CvznVobz9bshhzGkxXX39_I-HeIlKUQN8FO8WjP0fCbQqF0XPA7_KptH2_wmb45NgEaFqp9xNugQSkOWVIpdpxbR3OrGLJqUg5hZP1FO9P1_jLjpd4zcU8DvUISH-xchBIO7ek2A1R5k5TzJHc482fhYfpeInLu8czYugZAjD11lMbYguADTwEnVIxo22YFcZ4bkmjEQ5FMnuyANuygfVCyqD01IH5rulbR31LZaRXvPccdJGmEUGUPQRe6GRx-iIwb31PHuzcJQyhAXRPeRMrYif79YPtQvOx44MaWVMc0-_36-hFqeC5ElmDKowftRC6W9Tj6Rqka74J2LqUlYe9jptb_mcHEqn7jsRcwt6hDSRddlpuorTwRsgRHRHS9AM0NcNsLO9_bFKDNyTRn1G8t7aZJZvy_oaAFPHlO5p9h1tErZgubIPEN559Sz3vJG4=&p=3&fvj=1&vjs=3',
 'location': 'Paris 17e (75)',
 'salary': '1 920 € par mois',
 'site': 'Indeed',
 'summary': 'Formation complète sur nos techniques de vente et nos produits.'}
2020-01-17 12:44:38 [scrapy] DEBUG: Scraped from <200 https://www.indeed.fr/Emplois-Vendeur>
{'company': 'SO.SA.CA.',
 'crawl_url': 'https://www.indeed.fr/Emplois-Vendeur',
 'job_title': 'Vendeur conseil en négoce H/F',
 'link_url': '/pagead/clk?mo=r&ad=-6NYlbfkN0B3xEIJguavAyfhxM0PMf5lY9j_Kv8qB0dgbxwt7mF-giaHJ4zyLMlZ9D4SfgcG7SQxbcS6w0axg2EGLyyRheR1TdOSjn9VbfDJU1PX77PvFCBo6m37jVQnKqRile3K0Jz-rIlyOpzHQyq273L-K7NFOKVbMa4AyKs4Nk9oeunCmOWYIehzxCfnzlM14CBi1oIq031oitpbQv7QYI6cRl8wCNWq0joruEzaEOc4ZMqxxjugdwhQEqDqclIN2H6VfkrCmVvpOq-InhjK39wzG-qwT9Lik6-3sag8poKjSXnMoSMr-v_GL6VDWpt8U1BL8GdfhGckoHGMUVBoFqhLT6NUDVS9nt2Stp4lzIpKrIjMyQAZyzIQAQAv67IyY3cCMFbbegmOk8naL2lXcR4c95s8_q1Ky2DrD-f9l4Psuc65QwXCQc2osbSXDIEyf6F3KwCusRChnRp0iQ==&p=4&fvj=1&vjs=3',
 'location': 'Le Luc (83)',
 'salary': '18 500 € - 22 500 € par an',
 'site': 'Indeed',
 'summary': 'Accueillir les clients, répondre à leurs attentes, les conseiller '
            'selon leur projet.'}
2020-01-17 12:44:38 [scrapy] DEBUG: Scraped from <200 https://www.indeed.fr/Emplois-Vendeur>
{'company': '',
 'crawl_url': 'https://www.indeed.fr/Emplois-Vendeur',
 'job_title': 'Vendeur H/F',
 'link_url': '/rc/clk?jk=8a6e4bb54edf9e09&fccid=af17ea0d1d6bbbba&vjs=3',
 'location': 'Villiers-sur-Marne (94)',
 'salary': None,
 'site': 'Indeed',
 'summary': 'Tu as envie de contribuer activement à la mise en place de '
            "l'ensemble des services disponibles dans le magasin afin d'aider "
            'les clients à prendre des décisions…'}
2020-01-17 12:44:38 [scrapy] DEBUG: Scraped from <200 https://www.indeed.fr/Emplois-Vendeur>
{'company': '',
 'crawl_url': 'https://www.indeed.fr/Emplois-Vendeur',
 'job_title': 'vendeur(se) CDI 24H / ( H/F) Noisy le Grand',
 'link_url': '/company/RougeGorge-Lingerie/jobs/Vendeur-c8539283a624f096?fccid=53d4b6b590f42807&vjs=3',
 'location': 'Noisy-le-Grand (93)',
 'salary': None,
 'site': 'Indeed',
 'summary': 'Participer à la mise en place des opérations commercial.'}
2020-01-17 12:44:38 [scrapy] DEBUG: Scraped from <200 https://www.indeed.fr/Emplois-Vendeur>
{'company': '',
 'crawl_url': 'https://www.indeed.fr/Emplois-Vendeur',
 'job_title': 'Vendeur h/f',
 'link_url': '/rc/clk?jk=a0efdd35308114fc&fccid=6ca58ca2f774ef0f&vjs=3',
 'location': 'Noisy-le-Grand (93)',
 'salary': None,
 'site': 'Indeed',
 'summary': 'Entreprenant(e) et motivé(e), vous participerez également à la '
            'mise en valeur des produits (displays et vitrines).'}
2020-01-17 12:44:38 [scrapy] DEBUG: Scraped from <200 https://www.indeed.fr/Emplois-Vendeur>
{'company': '',
 'crawl_url': 'https://www.indeed.fr/Emplois-Vendeur',
 'job_title': 'ETUDIANT WEEKEND (EMPLOYÉ COMMERCIAL) H/F',
 'link_url': '/rc/clk?jk=beb7722722a200f8&fccid=3aba27feae97e626&vjs=3',
 'location': 'Neuilly-sur-Marne (93)',
 'salary': None,
 'site': 'Indeed',
 'summary': 'Sous la responsabilité de votre manager, vous participez à la '
            'bonne marche des rayons frais en assurant leur approvisionnement '
            'et la mise en rayon des produits.'}
2020-01-17 12:44:38 [scrapy] DEBUG: Scraped from <200 https://www.indeed.fr/Emplois-Vendeur>
{'company': '',
 'crawl_url': 'https://www.indeed.fr/Emplois-Vendeur',
 'job_title': 'Vendeur H/F - CDI Temps Complet',
 'link_url': '/rc/clk?jk=261b3ef94c2e94c5&fccid=af17ea0d1d6bbbba&vjs=3',
 'location': 'Villiers-sur-Marne (94)',
 'salary': None,
 'site': 'Indeed',
 'summary': 'Tu as envie de contribuer activement à la mise en place de '
            "l'ensemble des services disponibles dans le magasin afin d'aider "
            'les clients à prendre des décisions…'}
2020-01-17 12:44:38 [scrapy] DEBUG: Scraped from <200 https://www.indeed.fr/Emplois-Vendeur>
{'company': '',
 'crawl_url': 'https://www.indeed.fr/Emplois-Vendeur',
 'job_title': 'Vendeur assistant Celio - CDI 35h - Rosny-sous-Bois (93) H/F',
 'link_url': '/rc/clk?jk=62e760f91fcc379a&fccid=590163b494adb820&vjs=3',
 'location': 'Rosny-sous-Bois (93)',
 'salary': None,
 'site': 'Indeed',
 'summary': 'Participer à la mise en place du merchandising et des opérations '
            'commerciales.'}
2020-01-17 12:44:38 [scrapy] DEBUG: Scraped from <200 https://www.indeed.fr/Emplois-Vendeur>
{'company': '',
 'crawl_url': 'https://www.indeed.fr/Emplois-Vendeur',
 'job_title': 'Vendeur F/H - CDD 3 mois 24h',
 'link_url': '/rc/clk?jk=f8472ecf0488d045&fccid=e2a67c0e26e0e625&vjs=3',
 'location': 'Noisy-le-Grand (93)',
 'salary': None,
 'site': 'Indeed',
 'summary': 'Après un parcours d’intégration vous permettant de maitriser la '
            'Libellule Attitude, vous seriez chargé(e) d’accueillir, '
            'd’accompagner et d’apporter un véritable…'}
2020-01-17 12:44:38 [scrapy] DEBUG: Scraped from <200 https://www.indeed.fr/Emplois-Vendeur>
{'company': '',
 'crawl_url': 'https://www.indeed.fr/Emplois-Vendeur',
 'job_title': 'Vendeur Ile de France Est H/F',
 'link_url': '/rc/clk?jk=5d71c80632fb8260&fccid=d9a4edb3e81f3258&vjs=3',
 'location': 'Noisy-le-Grand (93)',
 'salary': None,
 'site': 'Indeed',
 'summary': 'Véritable passionné de mode, tu es connecté afin de découvrir les '
            'dernières tendances et impatient de les faire vivre en magasin.'}
2020-01-17 12:44:38 [scrapy] DEBUG: Scraped from <200 https://www.indeed.fr/Emplois-Vendeur>
{'company': 'Micromania Zing',
 'crawl_url': 'https://www.indeed.fr/Emplois-Vendeur',
 'job_title': 'VENDEUR / VENDEUSE MICROMANIA ZING - H/F',
 'link_url': '/rc/clk?jk=4ee9d5d3959ef316&fccid=386e39d3c2009a97&vjs=3',
 'location': 'Torcy (77)',
 'salary': None,
 'site': 'Indeed',
 'summary': "Mais notre vraie force, c'est d'être proche de nos clients, de "
            "partager leurs passions et d'avoir la volonté de répondre à leurs "
            'attentes les plus folles en…'}
2020-01-17 12:44:38 [scrapy] DEBUG: Scraped from <200 https://www.indeed.fr/Emplois-Vendeur>
{'company': '',
 'crawl_url': 'https://www.indeed.fr/Emplois-Vendeur',
 'job_title': 'Vendeur/conseiller prêt-à-porter (H/F) - Arcades',
 'link_url': '/company/T.J.-Maxx/jobs/Vendeur-Conseiller-Pr%C3%AAt-Porter-c97cc88fb61d9884?fccid=26c4ea497c27a6c6&vjs=3',
 'location': 'Noisy-le-Grand (93)',
 'salary': None,
 'site': 'Indeed',
 'summary': "Motivé(e), dynamique, serviable, souriant(e) et d'excellente "
            "présentation, vous êtes à l'écoute des tendances et avez une "
            "connaissance de l'enseigne et de son…"}
2020-01-17 12:44:38 [scrapy] DEBUG: Scraped from <200 https://www.indeed.fr/Emplois-Vendeur>
{'company': 'Métin Groupe Gueudet- CITROEN',
 'crawl_url': 'https://www.indeed.fr/Emplois-Vendeur',
 'job_title': 'Vendeur automobile (H/F)',
 'link_url': '/pagead/clk?mo=r&ad=-6NYlbfkN0C33Q6zPA6I01Rqm8ZO-KJmlVvxE6AN4yZSi-OR8VoThXYzyWhxdCM3-nzwT2vtdt8i2Xm-22SLEak4sXBu3RfbP3kjLRexF_cqg1VQBLJoWfgxb7WfAEP4Qdql1fDNx5ZxgnnQWaTu_AQRpGCfYe8rGAlXvIjrcNoN6cihsIiYvLlAwS2UdIIi4hqm-fazFGhP3uKWKqrNZ2KmW1lSdFpcq_SjveQpVnqCfbItWJseED_rHOhK47Hy3EMMyu7BRnTbK1X0s0dC1JI-WN5jmtnye0dvpIyJvbXPsb93LJWJBn8Oyp92qdZLRm3CPNcKmPaoTfdTu_l9MRNNmY5HqnR_Q_izaUs--ptjc7pyUltcgVuzJWcp4RFBxELutXU3ZFsBvyVeCNo2dUGPdNAjXFyUyUOeKL0fwngup3j2C7uXLuAkPlCqFsE2lbqlAIY1ZDg=&p=15&fvj=1&vjs=3',
 'location': 'Le Perreux-sur-Marne (94)',
 'salary': None,
 'site': 'Indeed',
 'summary': 'Dynamique, tenace, vous appréciez le challenge mais surtout êtes '
            'attaché(e) à la satisfaction clientèle.'}
2020-01-17 12:44:38 [scrapy] DEBUG: Scraped from <200 https://www.indeed.fr/Emplois-Vendeur>
{'company': 'FRANPRIX',
 'crawl_url': 'https://www.indeed.fr/Emplois-Vendeur',
 'job_title': 'Employé libre service caissier H/F',
 'link_url': '/pagead/clk?mo=r&ad=-6NYlbfkN0AcqXNIosc91AFN_CmJ9EVWfmwpBBkiUpxBmFfi_KxDsApNLAW-WpFKVmeu9LXKhuUX6cC_VDGAf5qctQ7OCzi1dpTGLzjYqxzo4Xo6Mf34GXEgnbUEyCwS9-RbnoE5TpTYKaIM8uAxduLx2w2MLdTWif04teu5lkBtvPw0W80tH54cHJZrXsMNtSAbC_qeN7S5bcROiTwMIBTLtS819UWJesUdWYInLQx-BD0X_0SoC_oWRZurgQpZuCt1bantSleuU9dTt_xN6JcXXiRw80hf9xxLQS1gLO7PZbs54pnnLXoqKeaIJ2YzH5xXglacRQPv50XVI0VZ0inS70enEw3GHnPFrWWE701mIr5LgNhRyN2m4Y9KatiXJN45Uqjvldke1Yj6-EOjnLx7cfXVDdh8xUAKBDtnjmSUl-q4Dq6XX2O9dvfPU8uhR9hYhQJthPmGITnbde7UQrFAcOQX3DRr&p=16&fvj=1&vjs=3',
 'location': 'Paris (75)',
 'salary': '1 500 € - 1 800 € par mois',
 'site': 'Indeed',
 'summary': 'Mettre en rayon les produits en garantissant la qualité des '
            'produits.'}
2020-01-17 12:44:39 [scrapy] DEBUG: Crawled (200) <GET https://www.indeed.fr/jobs?q=Vendeur&start=10> (referer: https://www.indeed.fr/Emplois-Vendeur)
2020-01-17 12:44:39 [indeed2] DEBUG: 

 Crawling  https://www.indeed.fr/jobs?q=Vendeur&start=10

2020-01-17 12:44:39 [scrapy] DEBUG: Scraped from <200 https://www.indeed.fr/jobs?q=Vendeur&start=10>
{'company': 'NOUVELLE LITERIE',
 'crawl_url': 'https://www.indeed.fr/jobs?q=Vendeur&start=10',
 'job_title': 'Vendeur H/F',
 'link_url': '/pagead/clk?mo=r&ad=-6NYlbfkN0Cccz3v-P-DtuxkyyS5xoGfj-y5tnvcX0BWnRAk9Bxwu9j6aUh9OBcCxF-arwEWV9XyDsE0XmwWbFo3fZMzva6n5NfSFmgIoscnpEZGB-vTGl3UlLsG6KB6LFaCPcXS3rK5Y9sWSRggd4NOr9Ruv05Kp8WJ7nFAKQG39LhSrTU-vSzkKpUY-XN-8txb5F7ep-n0nWc7Z9UaWVpsoM0TdwYjQUMtCuEkUGKIZGe7qx_NbysR6J4P90faldWVi-UrtfRdDeT-xrWQRbSMyrWxSIKycaomIKqSXYl1_6sKp9yQ7GZce6K3wFsfU4J_bMGIwVKgiewnz1E7FE2MlkVr9J8i0p0DGMN7XcpYLvYR6tCcgiGbtGpGu1AEjURw_WqaRF2RaBNxpddTXHueEpUb6i6bU7qSYkJq5mj-x8c5hu1UADaG0u7DPK-7&p=0&fvj=1&vjs=3',
 'location': 'Chennevières-sur-Marne (94)',
 'salary': '2 000 € - 3 000 € par mois',
 'site': 'Indeed',
 'summary': 'Veiller à la bonne tenue du magasin.'}
2020-01-17 12:44:39 [scrapy] DEBUG: Scraped from <200 https://www.indeed.fr/jobs?q=Vendeur&start=10>
{'company': 'UGG',
 'crawl_url': 'https://www.indeed.fr/jobs?q=Vendeur&start=10',
 'job_title': 'Conseiller de vente H/F',
 'link_url': '/pagead/clk?mo=r&ad=-6NYlbfkN0AJI9Wp2BkTx-QXeP_nzCPoQSGPLq0r4hj-QecrZNt_t-xOugqkpct4KmtYVQAkCEG2ltoxEcc2nClyClerZHCG5BTL5imzNfFzuotCxCfPL6tAfd05cTj2Im5jDbAbghDW5mmoaKihDvjj_fBUMbvkhr0lMZXqGPGDEh-SeoaXnp1rZghBGQNTXIj1Nv-2NPmX8HtXxVuU6lB5ADTr-u9Dn8eQqvUKCxq6xQIRMixAVqaRRbc-fLjYyoL5Z0hY7LVUZ38s7QqaVJV-_1wTizGqh7HuIpRyLGbcCdq8J0moN_Iw5cpG7IBpU_xwb_K2pSBm9TR3tvxeOG0pSjZo7QYojGex32CQA6Mt5bKTxjAoLvgz7p3y_d9IbM9z913E5R8UmyYbL5EmRHsJ1CHkHnl4HtSOc36CZDYFbqx0COx251_Clvrt9IlU&p=1&fvj=1&vjs=3',
 'location': 'Marne-la-Vallée (77)',
 'salary': '1 800 € par mois',
 'site': 'Indeed',
 'summary': 'Salaire : 1 800,00€ /mois.'}
2020-01-17 12:44:39 [scrapy] DEBUG: Scraped from <200 https://www.indeed.fr/jobs?q=Vendeur&start=10>
{'company': '',
 'crawl_url': 'https://www.indeed.fr/jobs?q=Vendeur&start=10',
 'job_title': 'VENDEUR CDI 35H00 (H/F)',
 'link_url': '/rc/clk?jk=75928aa3e2f9e29a&fccid=48312c14067303f7&vjs=3',
 'location': 'Torcy (77)',
 'salary': '1 550 € par mois',
 'site': 'Indeed',
 'summary': 'La réception, la mise en rayon et le réassort des produits.'}
2020-01-17 12:44:39 [scrapy] DEBUG: Scraped from <200 https://www.indeed.fr/jobs?q=Vendeur&start=10>
{'company': '',
 'crawl_url': 'https://www.indeed.fr/jobs?q=Vendeur&start=10',
 'job_title': 'VENDEUR PREPARATEUR H/F',
 'link_url': '/rc/clk?jk=c57789cbb3cd76d2&fccid=6508102431d09d9f&vjs=3',
 'location': 'Noisy-le-Grand (93)',
 'salary': None,
 'site': 'Indeed',
 'summary': "Reconnu comme l'un des chocolatiers de référence pour son "
            'savoir-faire et la qualité de ses produits, Jeff de Bruges vous '
            'invite à venir partager ce qui fait…'}
2020-01-17 12:44:39 [scrapy] DEBUG: Scraped from <200 https://www.indeed.fr/jobs?q=Vendeur&start=10>
{'company': 'MORGAN (Réseau)',
 'crawl_url': 'https://www.indeed.fr/jobs?q=Vendeur&start=10',
 'job_title': 'VENDEUR (H/F) CDI 35H',
 'link_url': '/rc/clk?jk=e7fa3718671fadb6&fccid=5f023574d25fd359&vjs=3',
 'location': 'Rosny-sous-Bois (93)',
 'salary': None,
 'site': 'Indeed',
 'summary': "Vous participez à l'implantation du magasin: réalisation du "
            'réassort et mise en application des consignes merchandising '
            'transmises par le siège ;'}
2020-01-17 12:44:39 [scrapy] DEBUG: Scraped from <200 https://www.indeed.fr/jobs?q=Vendeur&start=10>
{'company': '',
 'crawl_url': 'https://www.indeed.fr/jobs?q=Vendeur&start=10',
 'job_title': 'Vendeuse/Vendeur - Noisy-Le-Grand - CDD - Temps Partiel - 30H - '
              'F/H',
 'link_url': '/rc/clk?jk=54ab80ae29f1c81e&fccid=339fd0e07baa71f8&vjs=3',
 'location': 'Noisy-le-Grand (93)',
 'salary': None,
 'site': 'Indeed',
 'summary': 'Rigoureux et organisé, vous veillez à la bonne tenue et à la '
            'propreté du magasin ainsi qu’au respect des normes de '
            'merchandising.'}
2020-01-17 12:44:39 [scrapy] DEBUG: Scraped from <200 https://www.indeed.fr/jobs?q=Vendeur&start=10>
{'company': '',
 'crawl_url': 'https://www.indeed.fr/jobs?q=Vendeur&start=10',
 'job_title': 'Vendeur / vendeuse magasin I AM Noisy le Grand (93) - CDI 35h '
              '(H/F)',
 'link_url': '/rc/clk?jk=c998da6ac53a3dc3&fccid=3f24b309557a3d43&vjs=3',
 'location': 'Noisy-le-Grand (93)',
 'salary': None,
 'site': 'Indeed',
 'summary': 'Veiller à la bonne tenue du magasin en vous assurant que nos '
            'bijoux soient bien mis en valeurs selon nos préconisations '
            'merchandising.'}
2020-01-17 12:44:39 [scrapy] DEBUG: Scraped from <200 https://www.indeed.fr/jobs?q=Vendeur&start=10>
{'company': 'NIKE CRETEIL',
 'crawl_url': 'https://www.indeed.fr/jobs?q=Vendeur&start=10',
 'job_title': 'Vendeur caissier H/F',
 'link_url': '/company/LIMON/jobs/Vendeur-Caissier-e42288579a1632f8?fccid=4121b996b64f711a&vjs=3',
 'location': 'Créteil (94)',
 'salary': None,
 'site': 'Indeed',
 'summary': 'Le magasin Nike Créteil spécialisé dans la vente d’articles de '
            'sport recherche des collaborateurs passionnés par le sport et qui '
            'ont l’ambition de se développer…'}
2020-01-17 12:44:39 [scrapy] DEBUG: Scraped from <200 https://www.indeed.fr/jobs?q=Vendeur&start=10>
{'company': 'MANGOS',
 'crawl_url': 'https://www.indeed.fr/jobs?q=Vendeur&start=10',
 'job_title': 'Vendeur H/F',
 'link_url': '/company/Mangos-Mayol/jobs/Vendeur-3f854eb9445f2692?fccid=9ab86b80ab6ff867&vjs=3',
 'location': 'Rosny-sous-Bois (93)',
 'salary': '1 400 € par mois',
 'site': 'Indeed',
 'summary': 'Une première expérience sera appréciée dans le domaine de la '
            'restauration mais avant tout nous recherchons une personnalité.'}
2020-01-17 12:44:39 [scrapy] DEBUG: Scraped from <200 https://www.indeed.fr/jobs?q=Vendeur&start=10>
{'company': '',
 'crawl_url': 'https://www.indeed.fr/jobs?q=Vendeur&start=10',
 'job_title': 'CDI Vendeur Pandora à Disney (H/F)',
 'link_url': '/company/Pandora-Jewelry/jobs/CDI-Vendeur-Pandora-Disney-55cf8139692d5ab8?fccid=d52b9b25e32242d5&vjs=3',
 'location': 'Marne-la-Vallée (77)',
 'salary': None,
 'site': 'Indeed',
 'summary': 'Vous veillez scrupuleusement au respect du concept visuel de la '
            "marque ainsi qu'à la bonne tenue du magasin (réassort des bijoux, "
            'propreté, entretien, rangement…'}
2020-01-17 12:44:39 [scrapy] DEBUG: Scraped from <200 https://www.indeed.fr/jobs?q=Vendeur&start=10>
{'company': "NIKE VAL D'EUROPE",
 'crawl_url': 'https://www.indeed.fr/jobs?q=Vendeur&start=10',
 'job_title': 'Vendeur conseil H/F',
 'link_url': '/company/LIMON/jobs/Vendeur-Conseil-45b5afdbe468ee2f?fccid=4121b996b64f711a&vjs=3',
 'location': 'Serris (77)',
 'salary': '10,03 € par heure',
 'site': 'Indeed',
 'summary': 'Vous avez une première expérience réussie dans le domaine du '
            'merchandising et vous êtes disponible.'}
2020-01-17 12:44:39 [scrapy] DEBUG: Scraped from <200 https://www.indeed.fr/jobs?q=Vendeur&start=10>
{'company': '',
 'crawl_url': 'https://www.indeed.fr/jobs?q=Vendeur&start=10',
 'job_title': 'Vendeur H/F - Contrat étudiant',
 'link_url': '/company/Naturalia-France/jobs/Vendeur-70fef882f0637bfa?fccid=317a9b53afe89814&vjs=3',
 'location': 'Paris (75)',
 'salary': None,
 'site': 'Indeed',
 'summary': 'Développer votre connaissance produits et assurer un conseil de '
            'qualité.'}
2020-01-17 12:44:39 [scrapy] DEBUG: Scraped from <200 https://www.indeed.fr/jobs?q=Vendeur&start=10>
{'company': 'TRIO FRUITS 18, Avenue Sylvie 77500 CHELLES',
 'crawl_url': 'https://www.indeed.fr/jobs?q=Vendeur&start=10',
 'job_title': 'Hôte de caisse polyvalent H/F',
 'link_url': '/pagead/clk?mo=r&ad=-6NYlbfkN0CYdeF5MsF6vhrnDpgH0-6MeYQSBGqjEnAWLeXrAwT5N1BWQsdP1yiaEeBrA0jlmNqhr3p_Rp05gJWSlbv_kdqrc1OZPdDG9EestL3h2ehu35DqyVUL6rPnU4hwyjlu1Q6fAbtZFhn6hjA7dX5TsFVkTZ7oMcXw1ECVUXe-qzCN4z9r7rKZ_Z7tP1EU_kNNLJQCXZqtMOvZYW29RbEcutbqcwP_7W-ySM3V-6xiiNR3UIe5PlMLs7zZnjzKDwx8HOSQkst4cRz9ppv_23k9wHFlhzrfifSMgS23MFkn9-8jy04jCnhbeq2PT0Xk4MtGWk9sYQQSfz-nW15QCaGEdT7QalNMzYYBik6sz190TzLrUP14xkVaLgw-TATjUogtS5tRcEKmfhxqR69ysP_5iHIlSnuXWFw2sMpQ3X5q-WCbOZdfMnQhZfGK6DU1rHByKwXIqtXlGHO3qA==&p=12&fvj=1&vjs=3',
 'location': 'Chelles (77)',
 'salary': '1 521 € - 1 522 € par mois',
 'site': 'Indeed',
 'summary': 'Salaire : 1 521,22€ à 1 522,22€ /mois.'}
2020-01-17 12:44:39 [scrapy] DEBUG: Scraped from <200 https://www.indeed.fr/jobs?q=Vendeur&start=10>
{'company': 'SUPERDRY',
 'crawl_url': 'https://www.indeed.fr/jobs?q=Vendeur&start=10',
 'job_title': 'Vendeur conseil',
 'link_url': '/pagead/clk?mo=r&ad=-6NYlbfkN0BSjK7UhEDVXGGG3oOD5njVGa_DSTmCcSQrrWrnI9L_GFoRZkBJn_dvDjXvIKjps726fRCRzFCw4fpas3ja-nlej-Q1koevEqMOrJefG3fVzHioTPwftmYutdwPC1FVo8E8VDYoYn_KrTTFiKYyjswUaMJidSq2WmgIYjt6R6lyv4Obx3sawzV8t8Nq3brZ235pDOQNG6LNzl0kVVS3tektgrTg5zK7W1GQPUhE0Y2k4UU4OgAr3nCxbyT2MOjAGnOai3DJ4qgDxAP_gUP0p2A1jU-Wd6ieCcDNac3JM5Jt1NaxowpAig6M0-nNXSjDO73ji28Qf29EI7VyabQmQABoyXf93f0tzZfEY4jvTqUIG7nJs1MjRm9yVqWIZpbaiTSFp_p6rlAU-JgqgbrUkiSTOqDVMT92V7N5ukLA5eJsxg==&p=13&fvj=1&vjs=3',
 'location': 'Rosny-sous-Bois (93)',
 'salary': '1 594 € par mois',
 'site': 'Indeed',
 'summary': 'A l’écoute des tendances de mode, vous participez au '
            'développement de.'}
2020-01-17 12:44:39 [scrapy] DEBUG: Scraped from <200 https://www.indeed.fr/jobs?q=Vendeur&start=10>
{'company': 'TRIO FRUITS 18, Avenue Sylvie 77500 CHELLES',
 'crawl_url': 'https://www.indeed.fr/jobs?q=Vendeur&start=10',
 'job_title': 'Vendeur libre service H/F',
 'link_url': '/pagead/clk?mo=r&ad=-6NYlbfkN0CYdeF5MsF6vhrnDpgH0-6MeYQSBGqjEnAWLeXrAwT5N11BCJTOaYrivRXyX4A6YzlQoiMpRmAsEH8nW7VLEEHIWV5LOl9qEFsPozTkq1pzB0ucNHbonKGgV6-PP4Phx-Jv2MVWp4KjGA91sp8LtWxdhDFOyM0hnwUw8rpPelbtQO2fuXGl0AWWNOkl0AXARZMy8C9QViE4eqhxP2erq56ao_4I-TShYYixnv3XI6Pp9dLswPnob_BsG94i-HKQ5HAiYo3oDOsDr6JnvpbydXl_CaOjxq3ECgDmWgt-laEmbWF5jINtHlq9uWRTkjTzf8SUULYQkiOLQCr4_WbE_utGm_-snWYUm5-uPOCbrvUFN0XFQvSfB5Fd8bAy-qtaLkoGXMjdCkVYxM6D1Og-MBNHfAxaee2FiZR__JpZwjdNaDO_YOOpQDxmC0Pht2x10QA=&p=14&fvj=1&vjs=3',
 'location': 'Chelles (77)',
 'salary': '1 521 € - 1 522 € par mois',
 'site': 'Indeed',
 'summary': 'Salaire : 1 521,22€ à 1 522,22€ /mois.'}
2020-01-17 12:44:40 [scrapy] DEBUG: Crawled (200) <GET https://www.indeed.fr/jobs?q=Vendeur&start=20> (referer: https://www.indeed.fr/jobs?q=Vendeur&start=10)
2020-01-17 12:44:40 [indeed2] DEBUG: 

 Crawling  https://www.indeed.fr/jobs?q=Vendeur&start=20

2020-01-17 12:44:40 [scrapy] DEBUG: Scraped from <200 https://www.indeed.fr/jobs?q=Vendeur&start=20>
{'company': '',
 'crawl_url': 'https://www.indeed.fr/jobs?q=Vendeur&start=20',
 'job_title': 'Conseiller vendeur H/F',
 'link_url': '/pagead/clk?mo=r&ad=-6NYlbfkN0Duu-ytvLsHAQc8N5cWrhGXyu37vBfkXL9ZmqXVZhECtZWyA5TcAEexoGbOsY6M1mFUI-Pi_0pSjyHVfT7RTu6Esduuy_o1t7St_P0WFWc-oBunPorzKBJP2FixwEXGNCJe9Co4dnYRzY4N3mGw-XPhYk3AqyASV4anAqWoXzoVb2P3cy0Pf5ILrRG1WFjepQQpFowfMwmHfVQCGOFq16D1gXEFj8MuKl6dbVdSW7Sf2dO6hD2_DMcKopfrHKxSO9qvP3jO5L6_4PCsVS121WEXQZjMhBsrRJNiW8zvpvNWVPkzcUBR4MFCIlA0b25aBjIARMAgn60AL0zx0ic6fpZNtA17pWxeAQYeiDeEx7HP4_JYXu5gNTOsti2mGCAFMJZUNbeLja7qIW-gAdG-nG-NaSe_ypp4-WLGKAckgqlFE980HvKwZv78&p=0&fvj=1&vjs=3',
 'location': 'Barentin (76)',
 'salary': '1 753 € - 2 028 € par mois',
 'site': 'Indeed',
 'summary': 'Votre rôle consistera à accueillir la clientèle en magasin, '
            'prendre connaissance de sa demande, conseiller le client pour le '
            'choix du produit adapté, procéder à…'}
2020-01-17 12:44:40 [scrapy] DEBUG: Scraped from <200 https://www.indeed.fr/jobs?q=Vendeur&start=20>
{'company': 'SUPERDRY',
 'crawl_url': 'https://www.indeed.fr/jobs?q=Vendeur&start=20',
 'job_title': 'Vendeur conseil',
 'link_url': '/pagead/clk?mo=r&ad=-6NYlbfkN0BSjK7UhEDVXGGG3oOD5njVGa_DSTmCcSQrrWrnI9L_GFoRZkBJn_dvDjXvIKjps726fRCRzFCw4fpas3ja-nlej-Q1koevEqMOrJefG3fVzHioTPwftmYutdwPC1FVo8E8VDYoYn_KrTTFiKYyjswUaMJidSq2WmgIYjt6R6lyv4Obx3sawzV8dIbeJxROI2hqjpaHsIAcQSa2Qe0YcLmSi5ZEtExey7s3qiKTbTBccHH2IJ8mJzsX9nMHLV46ussWr_Bjz1fVjO4gloUdiC8L9Qe-Mi5jN_iq-fb23A0NuOk7Lasmqgkvsir5UNjnwdvoAy5859qUZWyqX96qEA3aauuEfepL22HQM_mwueoseYrlvDan3TsnAUMDy2aaXH0cQGasV31maoGTFrwB5LlquhOcG10YOymRW1C4VAQwgA==&p=1&fvj=1&vjs=3',
 'location': 'Rosny-sous-Bois (93)',
 'salary': '1 594 € par mois',
 'site': 'Indeed',
 'summary': 'A l’écoute des tendances de mode, vous participez au '
            'développement de.'}
2020-01-17 12:44:40 [scrapy] DEBUG: Scraped from <200 https://www.indeed.fr/jobs?q=Vendeur&start=20>
{'company': '',
 'crawl_url': 'https://www.indeed.fr/jobs?q=Vendeur&start=20',
 'job_title': 'Auxiliaire de Magasin H/F - Noisy le Grand (93)',
 'link_url': '/rc/clk?jk=d6544d483e8663aa&fccid=a4cd2f6890a2a328&vjs=3',
 'location': 'Noisy-le-Grand (93)',
 'salary': None,
 'site': 'Indeed',
 'summary': 'Présent sur le terrain, votre mission consiste à accueillir les '
            'clients, conseiller et veiller à la bonne tenue du magasin en '
            'assurant la mise en valeur des…'}
2020-01-17 12:44:40 [scrapy] DEBUG: Scraped from <200 https://www.indeed.fr/jobs?q=Vendeur&start=20>
{'company': '',
 'crawl_url': 'https://www.indeed.fr/jobs?q=Vendeur&start=20',
 'job_title': 'Vendeur H/F - CDI 35h - Torcy Bay 2',
 'link_url': '/rc/clk?jk=d626357d977cd4ab&fccid=08a7d388ff010957&vjs=3',
 'location': 'Torcy (77)',
 'salary': None,
 'site': 'Indeed',
 'summary': 'Vous vous investirez également dans la mise en place du '
            'merchandising et l’élaboration des vitrines ainsi que dans la '
            'bonne tenue quotidienne du magasin.'}
2020-01-17 12:44:40 [scrapy] DEBUG: Scraped from <200 https://www.indeed.fr/jobs?q=Vendeur&start=20>
{'company': "LEVIS VAL D'EUROPE",
 'crawl_url': 'https://www.indeed.fr/jobs?q=Vendeur&start=20',
 'job_title': 'Vendeur conseil H/F',
 'link_url': '/company/LIMON/jobs/Vendeur-Conseil-fe90ca936f900200?fccid=4121b996b64f711a&vjs=3',
 'location': 'Serris (77)',
 'salary': '10,03 € par heure',
 'site': 'Indeed',
 'summary': 'Dynamique, vous êtes passionné(e) par le conseil et la vente et '
            'principalement par la satisfaction de vos clients, vous aimez '
            'travailler en équipe tout en…'}
2020-01-17 12:44:40 [scrapy] DEBUG: Scraped from <200 https://www.indeed.fr/jobs?q=Vendeur&start=20>
{'company': "LEVI'S BEAUGRENELLE",
 'crawl_url': 'https://www.indeed.fr/jobs?q=Vendeur&start=20',
 'job_title': 'Vendeur conseil H/F',
 'link_url': '/company/LIMON/jobs/Vendeur-Conseil-2ba53b13885e9033?fccid=4121b996b64f711a&vjs=3',
 'location': 'Paris (75)',
 'salary': '10,15 € par heure',
 'site': 'Indeed',
 'summary': 'Dynamique, vous êtes passionné(e) par le conseil et la vente et '
            'principalement par la satisfaction de vos clients, vous aimez '
            'travailler en équipe tout en…'}
2020-01-17 12:44:40 [scrapy] DEBUG: Scraped from <200 https://www.indeed.fr/jobs?q=Vendeur&start=20>
{'company': '',
 'crawl_url': 'https://www.indeed.fr/jobs?q=Vendeur&start=20',
 'job_title': 'Vendeuse/Vendeur - Rosny-Sous-Bois - CDI - 35H - F/H',
 'link_url': '/rc/clk?jk=30a835bc3468f653&fccid=339fd0e07baa71f8&vjs=3',
 'location': 'Rosny-sous-Bois (93)',
 'salary': None,
 'site': 'Indeed',
 'summary': 'Rigoureux et organisé, vous veillez à la bonne tenue et à la '
            'propreté du magasin ainsi qu’au respect des normes de '
            'merchandising.'}
2020-01-17 12:44:40 [scrapy] DEBUG: Scraped from <200 https://www.indeed.fr/jobs?q=Vendeur&start=20>
{'company': '',
 'crawl_url': 'https://www.indeed.fr/jobs?q=Vendeur&start=20',
 'job_title': 'VENDEUR VÉHICULES NEUFS - VILLEMOMBLE (93250)',
 'link_url': '/rc/clk?jk=27d79c4101d9a7f1&fccid=263be8b9afb34d7d&vjs=3',
 'location': 'Villemomble (93)',
 'salary': None,
 'site': 'Indeed',
 'summary': 'Responsable de vos performances, vous entretenez votre '
            'portefeuille client en effectuant une prospection téléphonique '
            'active, des relances clients / prospects,…'}
2020-01-17 12:44:40 [scrapy] DEBUG: Scraped from <200 https://www.indeed.fr/jobs?q=Vendeur&start=20>
{'company': 'TRIO FRUITS 18, Avenue Sylvie 77500 CHELLES',
 'crawl_url': 'https://www.indeed.fr/jobs?q=Vendeur&start=20',
 'job_title': 'Vendeur libre service H/F',
 'link_url': '/company/TRIO-FRUITS-18,-Avenue-Sylvie-77500-CHELLES/jobs/Vendeur-Libre-Service-18670db9f8f68aac?fccid=3db59fbb18262733&vjs=3',
 'location': 'Chelles (77)',
 'salary': '1 521 € - 1 522 € par mois',
 'site': 'Indeed',
 'summary': 'Salaire : 1 521,22€ à 1 522,22€ /mois.'}
2020-01-17 12:44:40 [scrapy] DEBUG: Scraped from <200 https://www.indeed.fr/jobs?q=Vendeur&start=20>
{'company': '',
 'crawl_url': 'https://www.indeed.fr/jobs?q=Vendeur&start=20',
 'job_title': 'Vendeur CDI CELIO- PARINOR (93) H/F',
 'link_url': '/rc/clk?jk=4c4db2b097a09ded&fccid=590163b494adb820&vjs=3',
 'location': 'Aulnay-sous-Bois (93)',
 'salary': None,
 'site': 'Indeed',
 'summary': 'Participer à la mise en place du merchandising et des opérations '
            'commerciales.'}
2020-01-17 12:44:40 [scrapy] DEBUG: Scraped from <200 https://www.indeed.fr/jobs?q=Vendeur&start=20>
{'company': 'Jitase Intermarché',
 'crawl_url': 'https://www.indeed.fr/jobs?q=Vendeur&start=20',
 'job_title': 'Employé Libre service',
 'link_url': '/company/Jitase/jobs/Employ%C3%A9-Libre-Service-86b9a55bd450f637?fccid=269e760e163d467c&vjs=3',
 'location': 'Neuilly-Plaisance (93)',
 'salary': None,
 'site': 'Indeed',
 'summary': 'Recherche employés Libre Service Sur rayon sec et sur rayon '
            'frais.'}
2020-01-17 12:44:40 [scrapy] DEBUG: Scraped from <200 https://www.indeed.fr/jobs?q=Vendeur&start=20>
{'company': '',
 'crawl_url': 'https://www.indeed.fr/jobs?q=Vendeur&start=20',
 'job_title': 'Employé Restauration H/F - CDI Temps Complet',
 'link_url': '/rc/clk?jk=a7f312c223736dbe&fccid=af17ea0d1d6bbbba&vjs=3',
 'location': 'Villiers-sur-Marne (94)',
 'salary': None,
 'site': 'Indeed',
 'summary': 'Nous proposons également différents produits alimentaires dans '
            'nos bistros et dans notre Épicerie suédoise.'}
2020-01-17 12:44:40 [scrapy] DEBUG: Scraped from <200 https://www.indeed.fr/jobs?q=Vendeur&start=20>
{'company': 'UGG',
 'crawl_url': 'https://www.indeed.fr/jobs?q=Vendeur&start=20',
 'job_title': 'Conseiller de vente H/F',
 'link_url': '/pagead/clk?mo=r&ad=-6NYlbfkN0AJI9Wp2BkTx-QXeP_nzCPoQSGPLq0r4hj-QecrZNt_t-xOugqkpct4KmtYVQAkCEG2ltoxEcc2nClyClerZHCG5BTL5imzNfFzuotCxCfPL6tAfd05cTj2Im5jDbAbghDW5mmoaKihDvjj_fBUMbvkhr0lMZXqGPGDEh-SeoaXnp1rZghBGQNTSB-Yq3hynHQ5b_iVnvDacpJ6MIuOexxgrbI8_yshkfjUTOdCWmwjqtg3yo9bKV4XfEUuNMb3rkHMjH1gX9YgRqaDUanljfM84YAgmcE7jJrX6y2v6WyYgA1kMq9zp46VDnaLa1pM5fB7uqNm6jRmQ-3PFoMQJmLyeXmlTXsLKyb2iScWvVT7imD9hbsNB23dkLrGEVyxDWs-F3uCwBQowWuLYVbn4HSQOqsq0sV8TRWH_2sbH3pA9TXCUL9yn9PI&p=12&fvj=1&vjs=3',
 'location': 'Marne-la-Vallée (77)',
 'salary': '1 800 € par mois',
 'site': 'Indeed',
 'summary': 'Salaire : 1 800,00€ /mois.'}
2020-01-17 12:44:40 [scrapy] DEBUG: Scraped from <200 https://www.indeed.fr/jobs?q=Vendeur&start=20>
{'company': 'NOUVELLE LITERIE',
 'crawl_url': 'https://www.indeed.fr/jobs?q=Vendeur&start=20',
 'job_title': 'Vendeur H/F',
 'link_url': '/pagead/clk?mo=r&ad=-6NYlbfkN0Cccz3v-P-DtuxkyyS5xoGfj-y5tnvcX0BWnRAk9Bxwu9j6aUh9OBcCxF-arwEWV9XyDsE0XmwWbFo3fZMzva6n5NfSFmgIoscnpEZGB-vTGl3UlLsG6KB6LFaCPcXS3rK5Y9sWSRggd4NOr9Ruv05Kp8WJ7nFAKQG39LhSrTU-vSzkKpUY-XN-ClIIMV5NkQ5n_YwSl-77DS-NDTAfGOrC6UxRMdiyLsU-BmhwMnXH4lxeNcy1-xvOGyhUlxM_8wMqnDDUDXZ7nIi4RqLaG_7MHaoMUxNKIENy8ajy5nYQa3Uhn2JcTedySFk6SL7ISezlvKYxkaElGvQlV2coPiHSc7NAeDLvfgsEeW7FnL4NYtkN7FmXG177P-CmHOjHYjKWuBk2HBDdX_QAzsqU1yKO6La1VkAVUJ8M_HNLkCc_1qVX7F8Fpiw1&p=13&fvj=1&vjs=3',
 'location': 'Chennevières-sur-Marne (94)',
 'salary': '2 000 € - 3 000 € par mois',
 'site': 'Indeed',
 'summary': 'Veiller à la bonne tenue du magasin.'}
2020-01-17 12:44:40 [scrapy] DEBUG: Scraped from <200 https://www.indeed.fr/jobs?q=Vendeur&start=20>
{'company': 'TRIO FRUITS 18, Avenue Sylvie 77500 CHELLES',
 'crawl_url': 'https://www.indeed.fr/jobs?q=Vendeur&start=20',
 'job_title': 'Vendeur libre service H/F',
 'link_url': '/pagead/clk?mo=r&ad=-6NYlbfkN0CYdeF5MsF6vhrnDpgH0-6MeYQSBGqjEnAWLeXrAwT5N11BCJTOaYrivRXyX4A6YzlQoiMpRmAsEH8nW7VLEEHIWV5LOl9qEFsPozTkq1pzB0ucNHbonKGgV6-PP4Phx-Jv2MVWp4KjGA91sp8LtWxdhDFOyM0hnwUw8rpPelbtQO2fuXGl0AWW1vDCQOxuQK6Ip1itzZrcJtGwqE1t3urW6C19R4WIESDXQ995Djw6YzexxosU25q53FSvY5yuv5FcQP7dY1i45lThOJRXojR7xaRT8mULD-GJBAHHXGSjN58fHmsarJyFHn14R1wEEU1XDaDV9AdEW_xbXby6jWofSlEZOr7I40vIFoWXZFyqiTu621dcedQk_jkljpAvIPYTtRQoNP-li3rgn5sqARfnL2SKtRd-jp_FIhxx1vzvZfwgx8BjlaK1XUCL5u3e6oU=&p=14&fvj=1&vjs=3',
 'location': 'Chelles (77)',
 'salary': '1 521 € - 1 522 € par mois',
 'site': 'Indeed',
 'summary': 'Salaire : 1 521,22€ à 1 522,22€ /mois.'}
2020-01-17 12:44:41 [scrapy] DEBUG: Crawled (200) <GET https://www.indeed.fr/jobs?q=Vendeur&start=30> (referer: https://www.indeed.fr/jobs?q=Vendeur&start=20)
2020-01-17 12:44:41 [indeed2] DEBUG: 

 Crawling  https://www.indeed.fr/jobs?q=Vendeur&start=30

2020-01-17 12:44:41 [scrapy] DEBUG: Scraped from <200 https://www.indeed.fr/jobs?q=Vendeur&start=30>
{'company': '',
 'crawl_url': 'https://www.indeed.fr/jobs?q=Vendeur&start=30',
 'job_title': 'Vendeur/Technicien Clés-Cordonnerie et Multiservices H/F '
              '(CHELLES)',
 'link_url': '/pagead/clk?mo=r&ad=-6NYlbfkN0C3hD0Jzpo4Od4keKjhO4JwJ1mukY_VKvjbUJWPH6Ens-oY5Qjo53lq2yLCVbl9p5Q2f0AL4eD5euhxL3K27y_Qmlwz4jT4peLIxvnmqTGogObXmDuuUjMgvbfpEnA0pisjW4v6FnvOoYaHmWfpY9RiRuJLJY0d8AYkSDcIO9b7Du-VjkQLvdmpjODXYx1s5lWvGY0KJesGhOMxRVywG-xjYJMf3-zOkh1F0wipqMND5SxFc8PlEUhjlKPLYpKVCMtIwlPqb1m-83Ysa9hLo-psnxmjdppo0nHvBHgO4fOoXohPJGtmvQ6nPq1XtMZNKM66HjUzbMwqHE0OgSWc3jJiW165zfZxdrg2TX0e5-uSTc9kRN8C8_nqLYbDxU8e_HmCU0hA1KHQVhEvrsb_xyv-j2s1Jj9Jr_jVgtguD80YKeprc2Wo9Wytv7RYaEh0ozyjHWoxoaBsFszQtrwce5YM6bB18SsQqYREx2N5w7L-98XbOitkVjTEoK7clWA1s29dytSL0BMsiQ==&p=0&fvj=1&vjs=3',
 'location': 'Chelles (77)',
 'salary': None,
 'site': 'Indeed',
 'summary': "Conseil, réalisation et vente de l'ensemble des produits et "
            'services (cordonnerie, duplication de clés, tampons, réparation '
            'de smartphones...),.'}
2020-01-17 12:44:41 [scrapy] DEBUG: Scraped from <200 https://www.indeed.fr/jobs?q=Vendeur&start=30>
{'company': 'FRANPRIX',
 'crawl_url': 'https://www.indeed.fr/jobs?q=Vendeur&start=30',
 'job_title': 'Employé libre service caissier H/F',
 'link_url': '/pagead/clk?mo=r&ad=-6NYlbfkN0AcqXNIosc91AFN_CmJ9EVWfmwpBBkiUpxBmFfi_KxDsApNLAW-WpFKVmeu9LXKhuUX6cC_VDGAf5qctQ7OCzi1dpTGLzjYqxzo4Xo6Mf34GXEgnbUEyCwS9-RbnoE5TpTYKaIM8uAxduLx2w2MLdTWif04teu5lkBtvPw0W80tH54cHJZrXsMNi4513557wGKMrx1qFkEF_pJ-JHPW_iXhk0Uc2lipSgbLOQOWDUx5Zf0mkDOybMzsrXKRDI7klUiLYnVIrw2hV4znyTZGUxyLZB1MZ7fyJEGMUA08RVj-PzYeo5Nz2ApbycuGQADcL4PzJhF2E6X5x3cAFFZboqgWTUiLAZljfzX5ZuqAlHzTQqGeVW6F7gEYXH2gDk1ib0pTax-SWW0xDCujoVfwvC3nJ1JaDL7fORohANml3PXVNMtYLVA_rp46szHaOIjzrjbzfwZcCJck9G8Bx0_JdQgl&p=1&fvj=1&vjs=3',
 'location': 'Paris (75)',
 'salary': '1 500 € - 1 800 € par mois',
 'site': 'Indeed',
 'summary': 'Mettre en rayon les produits en garantissant la qualité des '
            'produits.'}
2020-01-17 12:44:41 [scrapy] DEBUG: Scraped from <200 https://www.indeed.fr/jobs?q=Vendeur&start=30>
{'company': '',
 'crawl_url': 'https://www.indeed.fr/jobs?q=Vendeur&start=30',
 'job_title': 'Vendeur F/H CDI temps complet Paris',
 'link_url': '/pagead/clk?mo=r&ad=-6NYlbfkN0C8SyVWDloTuZR2lnvX77LrlJhc_4nWaJZBL3tXgVs41pW-5xUXnjm2Po5ZGwDFwjc6ufS19zbAowRM_t4mp2Y9tUfxfyYvJkDsSnBs8YzHuzde6YZZjWhjum8CgSX087DadlFDC5w3g0RE4A_fOFucLimGAHn9MDuZ0I7eSXZWNDdGLiohkKR2611x6n-1L7Iqj13_Bf91CpRZna1_PZNcxvAG3WGIwagmmCERZbT-38Ebcm_2ezP2tUhz7zpyt5qZgkKyc1k0TjO4cDSBvAdATYNmhFHiSK_6FdtXOqeAe2VfXJljls364Rg9zRBHWmTwXTVFpkERHikaCzCalZJ3GFsIKLMX8qrPP5KvnGjDJzfK9LflxDt_TyIuvAL7PH-ChiRTB_tdUggJRZVSU_Az1xvobGG3MpSsgGH0cZZvsKVNVZLCcvG9&p=2&fvj=0&vjs=3',
 'location': 'Paris 1er (75)',
 'salary': None,
 'site': 'Indeed',
 'summary': 'Je suis responsable des encaissements, je participe à la mise en '
            "rayon, à l'approvisionnement et à la bonne tenue du magasin."}
2020-01-17 12:44:41 [scrapy] DEBUG: Scraped from <200 https://www.indeed.fr/jobs?q=Vendeur&start=30>
{'company': '',
 'crawl_url': 'https://www.indeed.fr/jobs?q=Vendeur&start=30',
 'job_title': 'Vendeur H/F',
 'link_url': '/company/Naturalia-France/jobs/Vendeur-d2d818a0ad93222f?fccid=317a9b53afe89814&vjs=3',
 'location': 'Montreuil (93)',
 'salary': None,
 'site': 'Indeed',
 'summary': 'Développer votre connaissance produits et assurer un conseil de '
            'qualité.'}
2020-01-17 12:44:41 [scrapy] DEBUG: Scraped from <200 https://www.indeed.fr/jobs?q=Vendeur&start=30>
{'company': '',
 'crawl_url': 'https://www.indeed.fr/jobs?q=Vendeur&start=30',
 'job_title': 'Vendeur(se) H/F',
 'link_url': '/rc/clk?jk=5010e646ff8967e8&fccid=31b35ff4403258e2&vjs=3',
 'location': 'Vaires-sur-Marne (77)',
 'salary': None,
 'site': 'Indeed',
 'summary': 'Attentif à la satisfaction de chacun de nos clients, vous mettez '
            'la marchandise à disposition, participez à la mise en place des '
            'opérations commerciales et…'}
2020-01-17 12:44:41 [scrapy] DEBUG: Scraped from <200 https://www.indeed.fr/jobs?q=Vendeur&start=30>
{'company': '',
 'crawl_url': 'https://www.indeed.fr/jobs?q=Vendeur&start=30',
 'job_title': 'CDD 3 MOIS TEMPS PARTIEL VENDEUR POLYVALENT',
 'link_url': '/rc/clk?jk=7b48c305cba73502&fccid=b1a1dea659b6cd13&vjs=3',
 'location': 'Magny-le-Hongre (77)',
 'salary': None,
 'site': 'Indeed',
 'summary': 'Vous suivez la mode et les tendances.'}
2020-01-17 12:44:41 [scrapy] DEBUG: Scraped from <200 https://www.indeed.fr/jobs?q=Vendeur&start=30>
{'company': '',
 'crawl_url': 'https://www.indeed.fr/jobs?q=Vendeur&start=30',
 'job_title': 'VENDEUR(SE) PRODUITS TECHNIQUES F/H',
 'link_url': '/rc/clk?jk=80e2be4dc93f5253&fccid=e8338940d0db43f4&vjs=3',
 'location': 'Rosny-sous-Bois (93)',
 'salary': None,
 'site': 'Indeed',
 'summary': 'Vous contribuez à la rentabilité des rayons par le respect du '
            'plan de merchandising, la mise en avant des produits, la mise en '
            'place des opérations commerciales…'}
2020-01-17 12:44:41 [scrapy] DEBUG: Scraped from <200 https://www.indeed.fr/jobs?q=Vendeur&start=30>
{'company': 'ALLTECHNICS',
 'crawl_url': 'https://www.indeed.fr/jobs?q=Vendeur&start=30',
 'job_title': 'Employé commerciale H/F',
 'link_url': '/company/ALLTECHNICS/jobs/Employ%C3%A9-Commerciale-0563e7edc0513f10?fccid=7401479c93e66dc3&vjs=3',
 'location': 'Noisy-le-Grand (93)',
 'salary': '836 € - 1 526 € par mois',
 'site': 'Indeed',
 'summary': "Vous avez l’esprit d'équipe et le sens du service, vous aimez le "
            'contact humain ?'}
2020-01-17 12:44:41 [scrapy] DEBUG: Scraped from <200 https://www.indeed.fr/jobs?q=Vendeur&start=30>
{'company': '',
 'crawl_url': 'https://www.indeed.fr/jobs?q=Vendeur&start=30',
 'job_title': 'VENDEUR PREPARATEUR CDI - CHELLES H/F',
 'link_url': '/rc/clk?jk=aabff0c21a47ff02&fccid=5f630c1de6bb3969&vjs=3',
 'location': 'Chelles (77)',
 'salary': None,
 'site': 'Indeed',
 'summary': 'Fabriquer les produits vendus en magasin en respectant les '
            'procédures internes ;'}
2020-01-17 12:44:41 [scrapy] DEBUG: Scraped from <200 https://www.indeed.fr/jobs?q=Vendeur&start=30>
{'company': '',
 'crawl_url': 'https://www.indeed.fr/jobs?q=Vendeur&start=30',
 'job_title': 'Vendeur H/F',
 'link_url': '/company/Habitat/jobs/Vendeur-49dda37d32c19dac?fccid=bfde35db4d2b27bb&vjs=3',
 'location': 'Rosny-sous-Bois (93)',
 'salary': '1 600 € - 1 800 € par mois',
 'site': 'Indeed',
 'summary': "Il s'engage en permanence dans un rôle d'accueil, d'information "
            "et de conseil sur l'ensemble du magasin."}
2020-01-17 12:44:41 [scrapy] DEBUG: Scraped from <200 https://www.indeed.fr/jobs?q=Vendeur&start=30>
{'company': '',
 'crawl_url': 'https://www.indeed.fr/jobs?q=Vendeur&start=30',
 'job_title': 'Vendeur Produits Éditoriaux (Livre) - CDI - 30h F/H',
 'link_url': '/rc/clk?jk=edfa08d1c2437a74&fccid=e8338940d0db43f4&vjs=3',
 'location': 'Paris (75)',
 'salary': None,
 'site': 'Indeed',
 'summary': 'Vous contribuez à la rentabilité des rayons par le respect du '
            'plan de merchandising, la mise en avant des produits, la mise en '
            'place des opérations commerciales…'}
2020-01-17 12:44:41 [scrapy] DEBUG: Scraped from <200 https://www.indeed.fr/jobs?q=Vendeur&start=30>
{'company': '',
 'crawl_url': 'https://www.indeed.fr/jobs?q=Vendeur&start=30',
 'job_title': 'EMPLOYÉ POINT CHAUD H/F',
 'link_url': '/rc/clk?jk=5cbd8ef4fe9250f7&fccid=3aba27feae97e626&vjs=3',
 'location': 'Noisy-le-Grand (93)',
 'salary': None,
 'site': 'Indeed',
 'summary': 'Sous la responsabilité de votre manager, vous participez à la '
            'transformation des produits proposés par le point chaud et les '
            'mettez en rayon.'}
2020-01-17 12:44:41 [scrapy] DEBUG: Scraped from <200 https://www.indeed.fr/jobs?q=Vendeur&start=30>
{'company': '',
 'crawl_url': 'https://www.indeed.fr/jobs?q=Vendeur&start=30',
 'job_title': 'VENDEUR F/H',
 'link_url': '/rc/clk?jk=1375eff5081b2aa3&fccid=e8338940d0db43f4&vjs=3',
 'location': 'Paris (75)',
 'salary': None,
 'site': 'Indeed',
 'summary': 'Vous contribuez à la rentabilité des rayons par le respect du '
            'plan de merchandising, la mise en avant des produits, la mise en '
            'place des opérations commerciales…'}
2020-01-17 12:44:41 [scrapy] DEBUG: Scraped from <200 https://www.indeed.fr/jobs?q=Vendeur&start=30>
{'company': 'TRIO FRUITS 18, Avenue Sylvie 77500 CHELLES',
 'crawl_url': 'https://www.indeed.fr/jobs?q=Vendeur&start=30',
 'job_title': 'Hôte de caisse polyvalent H/F',
 'link_url': '/pagead/clk?mo=r&ad=-6NYlbfkN0CYdeF5MsF6vhrnDpgH0-6MeYQSBGqjEnAWLeXrAwT5N1BWQsdP1yiaEeBrA0jlmNqhr3p_Rp05gJWSlbv_kdqrc1OZPdDG9EestL3h2ehu35DqyVUL6rPnU4hwyjlu1Q6fAbtZFhn6hjA7dX5TsFVkTZ7oMcXw1ECVUXe-qzCN4z9r7rKZ_Z7t6Ge5QgOLWe4qgII7HCQn0ZzOlMpU6iEikfEjd7dJa3uQh84tRTHzpy-T3hlE2aeVs3lclBsb1Y24Jv4yKUS7ZFOLABiKHXBJIlb0AtXnVt-Nt-FnzeurpANwgN_Ngo6Qdl_RlSPViVC6HCzGhmgr9zJLVjIPlzo-usZEBvfFeprx18K8W2wtCiCBp100laKPmH4G3qtGoGKb934qaLP7GV1XQ6IKecKVOLAMf6__r1Y1MZxi6h3b_7lbqrWx4dwRq7uBGpbS84cNKZYGtg-pYg==&p=13&fvj=1&vjs=3',
 'location': 'Chelles (77)',
 'salary': '1 521 € - 1 522 € par mois',
 'site': 'Indeed',
 'summary': 'Salaire : 1 521,22€ à 1 522,22€ /mois.'}
2020-01-17 12:44:41 [scrapy] DEBUG: Scraped from <200 https://www.indeed.fr/jobs?q=Vendeur&start=30>
{'company': 'NOUVELLE LITERIE',
 'crawl_url': 'https://www.indeed.fr/jobs?q=Vendeur&start=30',
 'job_title': 'Vendeur H/F',
 'link_url': '/pagead/clk?mo=r&ad=-6NYlbfkN0Cccz3v-P-DtuxkyyS5xoGfj-y5tnvcX0BWnRAk9Bxwu9j6aUh9OBcCxF-arwEWV9XyDsE0XmwWbFo3fZMzva6n5NfSFmgIoscnpEZGB-vTGl3UlLsG6KB6LFaCPcXS3rK5Y9sWSRggd4NOr9Ruv05Kp8WJ7nFAKQG39LhSrTU-vSzkKpUY-XN-BpSb-28diWO5KMwpC89Y7VOtlXhZ5OeSTB23pDGJOP4B5GlCxmSt7YfHFWG6vBI6IVBBAAy7fhCHJN7WogRokNFGafAdMTR8tLwAH0HasjAM9IaMZaERlX0HinE4VpSeDnWEAqIdEHb6c3iYVmMGPzrJjyV3ReckoSzpYtaaqJZGb98z4KfMqTEGsCVTAbiozuGU8-kyutR8cxF1chEetzruiyiGIQT84Q0-JkfdbvMQkxUDUEdDOJDCVrwwzwpH&p=14&fvj=1&vjs=3',
 'location': 'Chennevières-sur-Marne (94)',
 'salary': '2 000 € - 3 000 € par mois',
 'site': 'Indeed',
 'summary': 'Veiller à la bonne tenue du magasin.'}
2020-01-17 12:44:41 [scrapy] DEBUG: Scraped from <200 https://www.indeed.fr/jobs?q=Vendeur&start=30>
{'company': 'UGG',
 'crawl_url': 'https://www.indeed.fr/jobs?q=Vendeur&start=30',
 'job_title': 'Conseiller de vente H/F',
 'link_url': '/pagead/clk?mo=r&ad=-6NYlbfkN0AJI9Wp2BkTx-QXeP_nzCPoQSGPLq0r4hj-QecrZNt_t-xOugqkpct4KmtYVQAkCEG2ltoxEcc2nClyClerZHCG5BTL5imzNfFzuotCxCfPL6tAfd05cTj2Im5jDbAbghDW5mmoaKihDvjj_fBUMbvkhr0lMZXqGPGDEh-SeoaXnp1rZghBGQNTJEmSQdlT1KWdq8EyAfecQ34i73zE3N7_UcWJCrtd1uc61PTftfBpPLbvfnrtrJD9WLMyXpP_93asfIs3221Q2-FO5dhKmoRM6K2bWo1ukgUSoYMU_2U1yjLj0hxwUl6d34c3KL5P02jvdoi4Mse4S3h-oPE_Lze9ajbW-8kP3gda8tEIZy02h-5iOFHKahNjwuNd5-bRkYRS_sHgFB5JhscgIQRTwBQ10klnVFnvjqBYjTCcLWWYo_uQdmJqgTQs&p=15&fvj=1&vjs=3',
 'location': 'Marne-la-Vallée (77)',
 'salary': '1 800 € par mois',
 'site': 'Indeed',
 'summary': 'Salaire : 1 800,00€ /mois.'}
2020-01-17 12:44:41 [scrapy] DEBUG: Scraped from <200 https://www.indeed.fr/jobs?q=Vendeur&start=30>
{'company': 'SUPERDRY',
 'crawl_url': 'https://www.indeed.fr/jobs?q=Vendeur&start=30',
 'job_title': 'Vendeur conseil',
 'link_url': '/pagead/clk?mo=r&ad=-6NYlbfkN0BSjK7UhEDVXGGG3oOD5njVGa_DSTmCcSQrrWrnI9L_GFoRZkBJn_dvDjXvIKjps726fRCRzFCw4fpas3ja-nlej-Q1koevEqMOrJefG3fVzHioTPwftmYutdwPC1FVo8E8VDYoYn_KrTTFiKYyjswUaMJidSq2WmgIYjt6R6lyv4Obx3sawzV8I_B6RoINLLkKLcY-MHwz31yKVV8eMMVOg3xfw2a7HtGlsSjS6ac3ElfmHJ3xLyzfzwzQExrdeRxdX0uAE-4wjvecLuGQ6obwlBIcls_Nhx-5nLPMUvH-qTN04kPTi1Lb741ELgzX9lQkNsSiT9yW_eyvbQYIFSM6niLE6MwxnWm4s_Y-GHADIJKNVKMtUkRDxOXS8it5swOn_kOqsEeP3gZQXSueQD_uzRTYazEFGl60FI-TunsleQ==&p=16&fvj=1&vjs=3',
 'location': 'Rosny-sous-Bois (93)',
 'salary': '1 594 € par mois',
 'site': 'Indeed',
 'summary': 'A l’écoute des tendances de mode, vous participez au '
            'développement de.'}
2020-01-17 12:44:41 [scrapy] DEBUG: Scraped from <200 https://www.indeed.fr/jobs?q=Vendeur&start=30>
{'company': 'TRIO FRUITS 18, Avenue Sylvie 77500 CHELLES',
 'crawl_url': 'https://www.indeed.fr/jobs?q=Vendeur&start=30',
 'job_title': 'Vendeur libre service H/F',
 'link_url': '/pagead/clk?mo=r&ad=-6NYlbfkN0CYdeF5MsF6vhrnDpgH0-6MeYQSBGqjEnAWLeXrAwT5N11BCJTOaYrivRXyX4A6YzlQoiMpRmAsEH8nW7VLEEHIWV5LOl9qEFsPozTkq1pzB0ucNHbonKGgV6-PP4Phx-Jv2MVWp4KjGA91sp8LtWxdhDFOyM0hnwUw8rpPelbtQO2fuXGl0AWWTV1uj7k1dAq1iMmoXkpISp8wQJ7JNQU59wsMDh7yi9hTFaj72HnUZeTMr9wzW_6pnccId7DAr07voMC1nWUgTEtlAoeE24rfzrutzs1vg4BIj-Y9TXkVzYIXTWCZ68tTHf_lRh92j1oc8BHdaOfYaBGjASMmyq1FyJ-m129dezdpf0ivz0xP0a8bOkB8Txjigf9jPqRBtnTSX3jqJ8mdG1Qv-Gw_uXgIUhdWxF-qvo1SKMUuVt4s_B7KbHxbR7VRGb2Cc778a98=&p=17&fvj=1&vjs=3',
 'location': 'Chelles (77)',
 'salary': '1 521 € - 1 522 € par mois',
 'site': 'Indeed',
 'summary': 'Salaire : 1 521,22€ à 1 522,22€ /mois.'}
2020-01-17 12:44:41 [scrapy] INFO: Closing spider (stop generating requests, only 5 requests allowed)
2020-01-17 12:44:41 [scrapy] INFO: Dumping Scrapy stats:
{'downloader/request_bytes': 2748,
 'downloader/request_count': 6,
 'downloader/request_method_count/GET': 6,
 'downloader/response_bytes': 373409,
 'downloader/response_count': 6,
 'downloader/response_status_count/200': 5,
 'downloader/response_status_count/301': 1,
 'elapsed_time_seconds': 4.037281,
 'finish_reason': 'stop generating requests, only 5 requests allowed',
 'finish_time': datetime.datetime(2020, 1, 17, 12, 44, 41, 798094),
 'item_scraped_count': 65,
 'log_count/DEBUG': 75,
 'log_count/INFO': 7,
 'memusage/max': 54853632,
 'memusage/startup': 54853632,
 'request_depth_max': 4,
 'response_received_count': 5,
 'robotstxt/request_count': 1,
 'robotstxt/response_count': 1,
 'robotstxt/response_status_count/200': 1,
 'scheduler/dequeued': 5,
 'scheduler/dequeued/memory': 5,
 'scheduler/enqueued': 6,
 'scheduler/enqueued/memory': 6,
 'start_time': datetime.datetime(2020, 1, 17, 12, 44, 37, 760813)}
2020-01-17 12:44:41 [scrapy] INFO: Spider closed (stop generating requests, only 5 requests allowed)
