2020-02-19 16:07:54 [scrapy] DEBUG: Crawled (200) <GET https://www.indeed.fr/robots.txt> (referer: None)
2020-02-19 16:07:54 [scrapy] DEBUG: Redirecting (301) to <GET https://www.indeed.fr/Emplois-Ing%C3%A9nieur> from <GET https://www.indeed.fr/jobs?q=Ing%C3%A9nieur>
2020-02-19 16:07:55 [scrapy] DEBUG: Crawled (200) <GET https://www.indeed.fr/Emplois-Ing%C3%A9nieur> (referer: None)
2020-02-19 16:07:55 [indeed2] DEBUG: 

 Crawling  https://www.indeed.fr/Emplois-Ing%C3%A9nieur

2020-02-19 16:07:56 [scrapy] DEBUG: Scraped from <200 https://www.indeed.fr/Emplois-Ing%C3%A9nieur>
{'company': '',
 'crawl_url': 'https://www.indeed.fr/Emplois-Ing%C3%A9nieur',
 'job_title': 'Ingénieur méthodes & Process H/F',
 'link_url': '/pagead/clk?mo=r&ad=-6NYlbfkN0CJQjIynK2A58ru0dyZMcOug4YnImVAtVGAQVWPfsPR2MSVccHjsg4vrxqs0pzJNxefrr5J92sypTYnGk9HoYW5s3ey5c1Iox6hfmPrg0WiALltidTGHuxuZgw3k7tZeRzS-ltKW9zCWlVn32BnYtw41hWkakPMsJTceQp4iMcCRSK9WkwpPcb4LUzTN9q5w4UDt6AZFGJXFiaPddwIgtIp_QTYmSxPm4_F7rwSx29btRHwWFM8qDJKkGswt0zOLuj96y4B4W4vIr8y5pN__7XVZ9dck3KvjjAPR5t4UvHfTPpJQAS_nRExONYi3SOLjgpa0GhUmIcUMRztO55Oo4erYilewM9-VqB10z2aIw0b3oLeVHgYfHMtXY64ScjP6qeV2JsGXZlT2oCZr9R1qPSMPLRvopC6FhC32bCYM6q-AZBIrpT3XwD8l2fMoxzgF9nK2zIHl8V2MptE-q9Nu9_NkFF9R2uuv4H_LyQfmbXp0Q==&p=0&fvj=1&vjs=3',
 'location': 'Nantes (44)',
 'salary': None,
 'site': 'Indeed',
 'summary': 'Ingénieur méthodes & process h/f ou similaire: 1 an (Souhaité).'}
2020-02-19 16:07:56 [scrapy] DEBUG: Scraped from <200 https://www.indeed.fr/Emplois-Ing%C3%A9nieur>
{'company': '',
 'crawl_url': 'https://www.indeed.fr/Emplois-Ing%C3%A9nieur',
 'job_title': 'Ingénieur REACH H/F',
 'link_url': '/pagead/clk?mo=r&ad=-6NYlbfkN0DUN2b5WQb1EDIJ1VOcXkP2btY8_Jwn5DWOsultnYr2G_N_i2W0F2YhhbmE6xOyA7kuTX3aV-9RXTJFO05ZnRPle1mkrVKFBprOSMqCAjyalkhLnR9p5ihDoC9lmiJHKGLoWuXkSAfbY6s1jLthruOPRJwL3rWC1q1mKSkYrQujA7VRcjDWfk2P8BmJh9kKheW_m2aqlZZcdyEoMSFF4Dc50EDkWUxHCYiFModksKOLuIQlnvdr3EPka4l8xFZ5g23CC6EjWvy0KJ-ESofldGwSyOb1DrFEkrpvrK47EN05s_01UnBMx0eqW5SHyLrFPQv07-uVYfzUFSKnYSwMqHgsfp79VO602WyioiBLE82EztqmReO-T4_4MNuM2Qbl9tclUtGV53BmgaOoDNxANixRIN6eBgpTUu5yLCakmwfG2vxDzpgNeZzkqbGFlcHoL7UAJheN3-6IQXwoUxn10cR_qrx7UNIamZt2caAqCpvSNQ==&p=1&fvj=0&vjs=3',
 'location': 'Saint-Dizier (52)',
 'salary': None,
 'site': 'Indeed',
 'summary': 'Dans le cadre de nouveaux projets, nous recherchons un'}
2020-02-19 16:07:56 [scrapy] DEBUG: Scraped from <200 https://www.indeed.fr/Emplois-Ing%C3%A9nieur>
{'company': 'CANON',
 'crawl_url': 'https://www.indeed.fr/Emplois-Ing%C3%A9nieur',
 'job_title': "Ingénieur d'affaire H/F",
 'link_url': '/pagead/clk?mo=r&ad=-6NYlbfkN0D8ug2A1gI-D5PoSB-Z4oRM_Cnu0yE0dFauHuLvirspjCVCnEoapHKnEBieo3X3eNmGZylpOAH96JKA5fZcajdZKug108wNicfqRMDOwy20EXQIu0tcylJXka8abGyHyr3SA9Ozo5R7CRHdQI2AwG-JKe5qhkyEsyq-dITjlGO5utNThtrxOGNsuNMLb84YsWet6nPxQMycrs3inyVRxCuH7mrxTcPp0rQUIpmpXOKF5wA4buq-1-2oTxM1AkMSzOCsj9rUP4KG2oT_TG3aMwzlXraNbql2fKdZjRfpYwdWx0zQQyT0HSDSMcd2p-EbnkgKTm9yIqgl51BBnaMCoypmoDgQfA_tYqp8DsaR6w2RSVNuBV0r60XeHSiN6AW6z6hBek1nAB-03pDRydA4rjW7xPGEU-PhpBJ0QJ21t5HPBtd6fkjr_lRaKm9onyta-20X2YrA6kPUu5A8jzs1NKuT&p=2&fvj=1&vjs=3',
 'location': 'Paris (75)',
 'salary': '60 000 € - 80 000 € par an',
 'site': 'Indeed',
 'summary': "Découvrez cette offre d'emploi en vidéo : "
            'https://youtu.be/Ya3z-wNGYSc.'}
2020-02-19 16:07:57 [scrapy] DEBUG: Scraped from <200 https://www.indeed.fr/Emplois-Ing%C3%A9nieur>
{'company': 'ILIOS CONFORT',
 'crawl_url': 'https://www.indeed.fr/Emplois-Ing%C3%A9nieur',
 'job_title': 'INGÉNIEUR ETUDE PHOTOVOLTAÏQUE - H/F',
 'link_url': '/pagead/clk?mo=r&ad=-6NYlbfkN0DoVxVWLfYFGsyTEKijx5Hav0VBsccIQE7ui7W7YjePrGpr0FsYuvK4baYqF4sb7UsV_sElzNaKQaMp4b7kEin_AkTUve6NrqYFxI-15AMjZlDxj5CoTSGnY2h4Vlc0epxLmIB8tOlEIpY7kvGHWPu0Wfuk6AdHSvs6dVoclXASO4tIy6ATwrHMgACYznM0lEg1AowELEsDAVf_0MbK_dFWJBxRNfOWnjKiwV0oSESdnaepdyFjRWc9WToW-dV4V_NROgwTs__Xa2TynHG4Sw8qqerA0sCaZA2TSutabOIG_ERiP4BV0vzSnxdmpBjbYQ4mHjhYVGiFRWOIr__0GFEyYSv9qvAKba0R55Gb0NKXeqiRR6oaquMKD-p7D3QxIZ5TRdTHOJScEiE5JQNnplEWl3a-hDYrt0FVlz1F4FdgN_pnM8HvuQ2tgKpVDLQbocLM9eGhhj1Uxg-SgUP_zavwUliCNMDsxFP9rhWbf6fU_0MLR6PieNRI&p=3&fvj=1&vjs=3',
 'location': 'Lattes (34)',
 'salary': '2 000 € - 3 000 € par mois',
 'site': 'Indeed',
 'summary': 'Le Groupe ILIOS CONFORT est né il y a 10 ans, à Montpellier, dans '
            'le département de l’Hérault..'}
2020-02-19 16:07:57 [scrapy] DEBUG: Scraped from <200 https://www.indeed.fr/Emplois-Ing%C3%A9nieur>
{'company': 'SOFALI',
 'crawl_url': 'https://www.indeed.fr/Emplois-Ing%C3%A9nieur',
 'job_title': "Ingénieur d'affaires ESN",
 'link_url': '/pagead/clk?mo=r&ad=-6NYlbfkN0DUwRMpguEI7DT0Tuz45XvOZN5jyjEGR-XH1n6J_PeQ0GTqy4JvT5XKCUFNrf8e7IMamOwLGcCKOXvc7zUOMDSZNnFgLnp8TvFL9E3xzYdk-vqEnf5-m-1RDCkMozfAB4uekoW7MsUs7EosFQCyBfSkrpEUT-LmsdraELntf05GS5E34UqN0PNq_8nwBXwrwmcll_V4xoAp_uG3dPU-kqHmX_7adE34LSrcyXM-NnHz9Bb7EZEvRjXhCEN3iZ7uS4CBCIwiB4JAIRRLWPH4Fx-vE7NYQpAhmvSa9cDjzIKpEj7eTUe8cKUUWJ_umd3lyaoVI6EWpmJ2RYm_Yyy6yh0X8qWtm58Iol1SiGS9tJAZLNFoZMC-BbVSeMrs65G-ieDNZF6qx5Fx82xKwc1Y9x82bO6FsxXKck5OjkHdqerALQIVKAcL5qfT0RF9sEyOOYNHrFDpx61_d9w4JycdyIS9&p=4&fvj=1&vjs=3',
 'location': 'Paris (75)',
 'salary': '35 000 € par an',
 'site': 'Indeed',
 'summary': "Ingénieur d'affaires ou similaire: 3 ans (Requis)."}
2020-02-19 16:07:57 [scrapy] DEBUG: Scraped from <200 https://www.indeed.fr/Emplois-Ing%C3%A9nieur>
{'company': '',
 'crawl_url': 'https://www.indeed.fr/Emplois-Ing%C3%A9nieur',
 'job_title': "Ingénieur Junior Marché de l'Energie (h/f)",
 'link_url': '/pagead/clk?mo=r&ad=-6NYlbfkN0CTNS0WgMHjtb0Nqr_GGWeKK0BdkbTlBPMLcGLeM92sfgz_Ee6-rOA__7SywUnizlRGH9MUrANh99DFWTY7LmhTZ_QQIjV0X-kfygYb0Y-bLjgzdSB8_iIJOPlPpifWAdVp17bs8kZNud5_nreGwvzaDpGwkhezAcQFYC5E3mk8ZsPpYktuhdzneSFqCXiGtBWKLAxgYPpvbQqXs2_zthdOr4PB3OphHHvXBsJ2ovdh7fVO1QtI7H7evSATBbmIHfWg7GSbOX90SIGsx4--YXoyRbYqCfFxUx7ryLjKh4kcjQaz1YlgSsJUcZEH3UVGmz2GV6yrAuuM0CNN2rWtq6N8gu_bnAlh385Rm0Oc-bLg72ihRXCBfAxNGNkQbhrdUCDT4f9bXXriXWy3Ac06MPTSb8EWGPsM8tD3U1_1lfU5fjmtQ1updJ6f9uy-Cc6uRLogBa2x4znS9-Qif-6k3I-LTa5iUnyH6k-DDRWbFCtt7rjMnHPQENB1xTUYG-uPNAMY4g2HVzUEfFIJZdenr0kouAKH1gnY8P0uH-sa3Fpt1w==&p=5&fvj=0&vjs=3',
 'location': 'Metz (57)',
 'salary': '38 000 € - 45 000 € par an',
 'site': 'Indeed',
 'summary': 'Titulaire d’un diplôme d’ingénieur de haut niveau avec un intérêt '
            'pour les marchés de l’énergie, vous êtes curieux et rigoureux.'}
2020-02-19 16:07:57 [scrapy] DEBUG: Scraped from <200 https://www.indeed.fr/Emplois-Ing%C3%A9nieur>
{'company': '',
 'crawl_url': 'https://www.indeed.fr/Emplois-Ing%C3%A9nieur',
 'job_title': 'Ingénieur Matériaux',
 'link_url': '/rc/clk?jk=16204fe10408dc3e&fccid=aaec0480e2e19692&vjs=3',
 'location': 'France',
 'salary': None,
 'site': 'Indeed',
 'summary': 'Master ou diplôme d’ingénieur en génie des matériaux ou '
            'équivalent avec une expérience de minimum 3/5 ans dans le '
            'domaine, avec un contact direct avec le client…'}
2020-02-19 16:07:57 [scrapy] DEBUG: Scraped from <200 https://www.indeed.fr/Emplois-Ing%C3%A9nieur>
{'company': 'Département du Lot',
 'crawl_url': 'https://www.indeed.fr/Emplois-Ing%C3%A9nieur',
 'job_title': 'Travailler au Département du Lot',
 'link_url': '/rc/clk?jk=63ed250bc209fd9d&fccid=2ab62c2c8f53a7a4&vjs=3',
 'location': 'Lot',
 'salary': None,
 'site': 'Indeed',
 'summary': 'Travailler au Département du Lot.'}
2020-02-19 16:07:57 [scrapy] DEBUG: Scraped from <200 https://www.indeed.fr/Emplois-Ing%C3%A9nieur>
{'company': '',
 'crawl_url': 'https://www.indeed.fr/Emplois-Ing%C3%A9nieur',
 'job_title': 'STAGE INGÉNIEUR MÉTHODES UAP',
 'link_url': '/rc/clk?jk=ef9f7e9cfee2c2fe&fccid=ffac1b3685b3c240&vjs=3',
 'location': 'Annemasse (74)',
 'salary': None,
 'site': 'Indeed',
 'summary': 'Envie de relever les défis du véhicule de demain ?'}
2020-02-19 16:07:58 [scrapy] DEBUG: Scraped from <200 https://www.indeed.fr/Emplois-Ing%C3%A9nieur>
{'company': '',
 'crawl_url': 'https://www.indeed.fr/Emplois-Ing%C3%A9nieur',
 'job_title': 'Ingénieur amélioration continue (F/H)',
 'link_url': '/rc/clk?jk=eb77cc4baf17541a&fccid=4c1dc7d9791a6941&vjs=3',
 'location': 'Marignier (74)',
 'salary': None,
 'site': 'Indeed',
 'summary': 'Formation supérieure de niveau Ecole d’ingénieur avec une '
            'expérience de 5.'}
2020-02-19 16:07:59 [scrapy] DEBUG: Scraped from <200 https://www.indeed.fr/Emplois-Ing%C3%A9nieur>
{'company': '',
 'crawl_url': 'https://www.indeed.fr/Emplois-Ing%C3%A9nieur',
 'job_title': 'Ingénieur (e) Qualité confirmé (e) H/F',
 'link_url': '/rc/clk?jk=434fd5dc76ca1a14&fccid=90f0cbc4a30f8dba&vjs=3',
 'location': 'Valenciennes (59)',
 'salary': None,
 'site': 'Indeed',
 'summary': "Au sein de la division Qualité, vous intégrerez l'équipe «Quality "
            'Engineering» composée de 7'}
2020-02-19 16:07:59 [scrapy] DEBUG: Scraped from <200 https://www.indeed.fr/Emplois-Ing%C3%A9nieur>
{'company': '',
 'crawl_url': 'https://www.indeed.fr/Emplois-Ing%C3%A9nieur',
 'job_title': 'Ingénieur de développement R&D Confirmé F/H',
 'link_url': '/rc/clk?jk=e92da656a8968d28&fccid=07661a4e5e3582cf&vjs=3',
 'location': 'La Roche-sur-Yon (85)',
 'salary': '35 000 € par an',
 'site': 'Indeed',
 'summary': 'Notre client est un éditeur de logiciels innovants dédiés au '
            'secteur de la restauration.'}
2020-02-19 16:07:59 [scrapy] DEBUG: Scraped from <200 https://www.indeed.fr/Emplois-Ing%C3%A9nieur>
{'company': '',
 'crawl_url': 'https://www.indeed.fr/Emplois-Ing%C3%A9nieur',
 'job_title': 'Ingénieur CI/CD H/F',
 'link_url': '/rc/clk?jk=68605d9baa683947&fccid=43c5b67847a9226c&vjs=3',
 'location': 'Pau (64)',
 'salary': None,
 'site': 'Indeed',
 'summary': "Diplômé-e d'une école d'ingénieur, vous êtes capables d’apporter "
            'des compétences en:'}
2020-02-19 16:08:00 [scrapy] DEBUG: Scraped from <200 https://www.indeed.fr/Emplois-Ing%C3%A9nieur>
{'company': '',
 'crawl_url': 'https://www.indeed.fr/Emplois-Ing%C3%A9nieur',
 'job_title': 'Alternant ingénieur méthode projets ou production',
 'link_url': '/company/Stanley-Black-&-Decker/jobs/Alternant-Ing%C3%A9nieur-M%C3%A9thode-Projets-Ou-Production-75ecd5ce26641058?fccid=d30328706976dba9&vjs=3',
 'location': 'Damparis (39)',
 'salary': None,
 'site': 'Indeed',
 'summary': 'La Société Stanley Black&Decker Manufacturing, *.'}
2020-02-19 16:08:00 [scrapy] DEBUG: Scraped from <200 https://www.indeed.fr/Emplois-Ing%C3%A9nieur>
{'company': '',
 'crawl_url': 'https://www.indeed.fr/Emplois-Ing%C3%A9nieur',
 'job_title': 'ORMES - Techniciens de production en conditionnement',
 'link_url': '/rc/clk?jk=cdcb1234b812a919&fccid=ec8a0bd60be9a6f5&vjs=3',
 'location': 'Orléans (45)',
 'salary': None,
 'site': 'Indeed',
 'summary': 'Technicien de production au sein de nos ateliers de '
            'conditionnement.'}
2020-02-19 16:08:00 [scrapy] DEBUG: Scraped from <200 https://www.indeed.fr/Emplois-Ing%C3%A9nieur>
{'company': '',
 'crawl_url': 'https://www.indeed.fr/Emplois-Ing%C3%A9nieur',
 'job_title': 'Ingénieur Energies Renouvelables - F/H',
 'link_url': '/company/Alterea/jobs/Ing%C3%A9nieur-Energies-Renouvelables-066360c837ec66bf?fccid=efe33954dfb411f8&vjs=3',
 'location': 'Nantes (44)',
 'salary': None,
 'site': 'Indeed',
 'summary': 'Ingénieur energies renouvelables - f/h ou similaire: 5 ans '
            '(Requis).'}
2020-02-19 16:08:00 [scrapy] DEBUG: Scraped from <200 https://www.indeed.fr/Emplois-Ing%C3%A9nieur>
{'company': '',
 'crawl_url': 'https://www.indeed.fr/Emplois-Ing%C3%A9nieur',
 'job_title': 'Ingénieur Etudes et Développement H/F',
 'link_url': '/pagead/clk?mo=r&ad=-6NYlbfkN0C4k4p-k5JzKkeZ2Lr19hfYmMp1S0DcJgPWWdbuG5E_sIArX6VRKNiqDukHdWSMqdSaXofdUfV4m5qo2zmyx-e7fDlIQJCB_TEy075U7HQWLVRnj50s_6kJ0NckY8JbjvawsvFJLqjlSNtMnmXna7r5QOoRF6LdPRrKprm_4-KqoLfsXEh2Ic_Soi60ZxCzVPC9BFvsHmCGIBDXCMMxbju_e3U-6RYIMSWNhvxa9ea5wQxs5U_6J3AQrfFEGRUzfhDs8zSawf3-GVAaeHaabIYyQIH8Dl4crYELBLpvH_boiU5osF6LpvBXEgTdRy_HKrsiw1qpS8peIZuNnI95s1tzbGzfwen6lI17otHl5b1rwwWBJpiwIe_LB3_HvYiiH0IyHt-tvB4aFInBy8LjbXOmVRMYOIUdjB_V2MwEap_2-j0CicZPKCjhFYjfDHeguZ4jGl3aQLkKVQ==&p=16&fvj=1&vjs=3',
 'location': "Villeneuve-d'Ascq (59)",
 'salary': None,
 'site': 'Indeed',
 'summary': 'Dans un contexte international et dans un environnement où la '
            'sécurité des systèmes d’information est une composante majeure, '
            'nous recrutons un'}
2020-02-19 16:08:00 [scrapy] DEBUG: Scraped from <200 https://www.indeed.fr/Emplois-Ing%C3%A9nieur>
{'company': 'SEAC',
 'crawl_url': 'https://www.indeed.fr/Emplois-Ing%C3%A9nieur',
 'job_title': "Ingénieur bureau d'études H/F",
 'link_url': '/pagead/clk?mo=r&ad=-6NYlbfkN0CyvmtQexVzx1pixriGlN6W2hH9gkfVFJY8U9CZ34K6-rN36WUcIhek7DViQRM5dn0ihYofntzToGcjiJNRX1qoptK23v6WRL2Fjzvmip0FkXqQtDZfovyHn_YXRlJH7cq0xbcWE3KqXSPNh5Xpy04Xmgf7YXOzha3qvGIzvkWJ1XpdOpfi416K7dtr0MLMdhjRhbQ24H1wAc8XGMgVeyKfkLblvj8bkSo8GiZU06BgTfdLSergg4xRnFNZ3v19bKTmwdyIfAcdwrhlVt2dHhKBdiShRRKqKO75EVbYOOS0JAEE1LLNRHSXVebxoVhu1IPH9QEiCFc9IKGauK168q9HtlHU4wzkK5IdAuwA7gyEbWq34WSoF4F8v5WmzWwJlN5CkGRDUXtLKmYaah4I7ueN36EulCKL9UauQNegEXZq43bAkTiFQ2QT0F7HhXhnpB793wFx8KfL7g==&p=17&fvj=1&vjs=3',
 'location': 'Gard',
 'salary': '24 000 € - 28 000 € par an',
 'site': 'Indeed',
 'summary': "Ingénieur bureau d'études h/f ou similaire: 1 an (Requis)."}
2020-02-19 16:08:01 [scrapy] DEBUG: Crawled (200) <GET https://www.indeed.fr/jobs?q=Ing%C3%A9nieur&start=10> (referer: https://www.indeed.fr/Emplois-Ing%C3%A9nieur)
2020-02-19 16:08:01 [indeed2] DEBUG: 

 Crawling  https://www.indeed.fr/jobs?q=Ing%C3%A9nieur&start=10

2020-02-19 16:08:01 [scrapy] DEBUG: Scraped from <200 https://www.indeed.fr/jobs?q=Ing%C3%A9nieur&start=10>
{'company': 'CANON',
 'crawl_url': 'https://www.indeed.fr/jobs?q=Ing%C3%A9nieur&start=10',
 'job_title': "Ingénieur d'affaire H/F",
 'link_url': '/pagead/clk?mo=r&ad=-6NYlbfkN0D8ug2A1gI-D5PoSB-Z4oRM_Cnu0yE0dFauHuLvirspjCVCnEoapHKnEBieo3X3eNmGZylpOAH96JKA5fZcajdZKug108wNicfqRMDOwy20EXQIu0tcylJXka8abGyHyr3SA9Ozo5R7CRHdQI2AwG-JKe5qhkyEsyq-dITjlGO5utNThtrxOGNsNi8qIBIX_GmZh49hPrvrdVFkDhl0mgrOGpOK42UzY9F5ji8rFSH2Qsgd4VfQjbNY2VsfE7tP6vVCKWNqk_lsUJOmdB_EZVrfAlVQodyJY2UtDFqXn8x_PAj5Vxz7y8QyPs62JOlCzfhn5yGW6q2IZtqDBzmtH-4ETnlT0uZNR27bPdujLx3CGqxIKEf8TSW0srIi4c4cXgeBnCz21VqeUbsK7K7r00UuLkUrfu1qyhJsUjKQ4m6peX8z1sLaBh7rKm_SVrPUaSgiMbZ9IYi2j9R44yXidwYy&p=0&fvj=1&vjs=3',
 'location': 'Paris (75)',
 'salary': '60 000 € - 80 000 € par an',
 'site': 'Indeed',
 'summary': "Découvrez cette offre d'emploi en vidéo : "
            'https://youtu.be/Ya3z-wNGYSc.'}
2020-02-19 16:08:01 [scrapy] DEBUG: Scraped from <200 https://www.indeed.fr/jobs?q=Ing%C3%A9nieur&start=10>
{'company': '',
 'crawl_url': 'https://www.indeed.fr/jobs?q=Ing%C3%A9nieur&start=10',
 'job_title': 'Ingénieur REACH H/F',
 'link_url': '/pagead/clk?mo=r&ad=-6NYlbfkN0DUN2b5WQb1EDIJ1VOcXkP2btY8_Jwn5DWOsultnYr2G_N_i2W0F2YhhbmE6xOyA7kuTX3aV-9RXTJFO05ZnRPle1mkrVKFBprOSMqCAjyalkhLnR9p5ihDoC9lmiJHKGLoWuXkSAfbY6s1jLthruOPRJwL3rWC1q1mKSkYrQujA7VRcjDWfk2PEregcOoGQ3DZCJ8nPtXH3U3MMpwOD9xUhthZYimQDWKo7u9vbz0dUl-vVWcrOA7ZhX12-xqzUXHgx701j7ZSQ2bJy65-4KAK-nTiap2ZKQoe_9yg-WhG9N-R670zmoQCNrvWibqz4AEn_ljcZd6GIupVe7-ta807zxHDOCfRq07zJI5XDdbOYGeVVEANBx7RFwI-V0F_s0VxE3OzcCgyGprttx9Q8qsqrNpQ3ZcjjLyKTLS5xIDm_LCcMmjksyz2ERrqorgRVbLxlgGdYCLXOqHVjqNpK1aWnFXoAlk7BIZICaVq3QhA1A==&p=1&fvj=0&vjs=3',
 'location': 'Saint-Dizier (52)',
 'salary': None,
 'site': 'Indeed',
 'summary': 'Dans le cadre de nouveaux projets, nous recherchons un'}
2020-02-19 16:08:01 [scrapy] DEBUG: Scraped from <200 https://www.indeed.fr/jobs?q=Ing%C3%A9nieur&start=10>
{'company': 'ILIOS CONFORT',
 'crawl_url': 'https://www.indeed.fr/jobs?q=Ing%C3%A9nieur&start=10',
 'job_title': 'INGÉNIEUR ETUDE PHOTOVOLTAÏQUE - H/F',
 'link_url': '/pagead/clk?mo=r&ad=-6NYlbfkN0DoVxVWLfYFGsyTEKijx5Hav0VBsccIQE7ui7W7YjePrGpr0FsYuvK4baYqF4sb7UsV_sElzNaKQaMp4b7kEin_AkTUve6NrqYFxI-15AMjZlDxj5CoTSGnY2h4Vlc0epxLmIB8tOlEIpY7kvGHWPu0Wfuk6AdHSvs6dVoclXASO4tIy6ATwrHMLt16iGAwPQEcF0hgnPAPokgWBUpNa7FYUAZWuC10bUgJtc36RLErQBjsuImltfRGuwYRsn0NDyPnxfbbGjSPUfPB1vz1bCxAI3Oyhd0vvlhj2nfpY8fYwkBrUOkXR12Xr9vw0v9gQ9VVE-0LByOEsEJ9wMNDBngjM8yYYvnFJ9crnTqZdjg9llX1DQWclapAG1XEUEiQ-MVeo8hbSLCqkn9dhYDJNmxTElIqGkuHIzFUjU0x3wFhM9GKCsxfPEJgsSu4O92tykH5eGwKWrgpg5cQAS6Td_OE_9skvGP2mOZNaTsinqcbOXZm_8sFappx&p=2&fvj=1&vjs=3',
 'location': 'Lattes (34)',
 'salary': '2 000 € - 3 000 € par mois',
 'site': 'Indeed',
 'summary': 'Le Groupe ILIOS CONFORT est né il y a 10 ans, à Montpellier, dans '
            'le département de l’Hérault..'}
2020-02-19 16:08:02 [scrapy] DEBUG: Scraped from <200 https://www.indeed.fr/jobs?q=Ing%C3%A9nieur&start=10>
{'company': 'SOFALI',
 'crawl_url': 'https://www.indeed.fr/jobs?q=Ing%C3%A9nieur&start=10',
 'job_title': "Ingénieur d'affaires ESN",
 'link_url': '/pagead/clk?mo=r&ad=-6NYlbfkN0DUwRMpguEI7DT0Tuz45XvOZN5jyjEGR-XH1n6J_PeQ0GTqy4JvT5XKCUFNrf8e7IMamOwLGcCKOXvc7zUOMDSZNnFgLnp8TvFL9E3xzYdk-vqEnf5-m-1RDCkMozfAB4uekoW7MsUs7EosFQCyBfSkrpEUT-LmsdraELntf05GS5E34UqN0PNqD8ARBz-LwIyZFt2P7Tl7CU2Xw4xzxsWFXqb4Zcg1CuV0hQglPfaCq1AVeN1z4oD0r-BdlVLmJTKZXiyCOZqzr9NsotdMjsr3PAb3OCGS2kRDkgyLDnfhZMFhouNq8jnpSYchFBV_pV70Df6ENOk-UgyhhqoUIyctNK9jR86wgWaj3HVJd5wkRuBOV9m6k0Bft1yxdiKDhnob9SnTJn0La8_AtuFoHuvMRzV90b0t_RdTh_hKrR5Lh7cYRCkWldVOsdE9AeW_-YNZ7x22sDRz-YxgFDF5QG6O&p=3&fvj=1&vjs=3',
 'location': 'Paris (75)',
 'salary': '35 000 € par an',
 'site': 'Indeed',
 'summary': "Ingénieur d'affaires ou similaire: 3 ans (Requis)."}
2020-02-19 16:08:02 [scrapy] DEBUG: Scraped from <200 https://www.indeed.fr/jobs?q=Ing%C3%A9nieur&start=10>
{'company': 'APILOG Automatisme Industriel',
 'crawl_url': 'https://www.indeed.fr/jobs?q=Ing%C3%A9nieur&start=10',
 'job_title': 'Ingénieur Automatismes Industriels',
 'link_url': '/pagead/clk?mo=r&ad=-6NYlbfkN0DF6JVSXUO5BtyVCZTLdT-IfDPjih1FLGqn5AwuUaSI3bbekXVbQI-T0EKuhQQhtClh0SGGQTIrc4ASbo94CfBZ7-ncHKJi8Llh7COsD20xKthGiJGf-n9wOMGniLzUZhtoxef1LJIhYZqdbexbya8smKKjLrou0dRxKJIqBZP3kCaMco7rnNLHyC6JUgbfsFzoEWw9taKE1cSx1bsUpqvKWIJ9N1nhi5Wrf95PoZOBRUTIlfjT67U_ZiCwmDj-cuUQycLRp1CdNlEzpnixIgthEKhsqnmT-vfSRnkG0Stq-huvuG1XDZ3CJeLkNVcZHFdStp-5rVcmpeg9mnAn3WZCxvI974FpmnE-3rdN5PbaHd_obFl6lps-Q0AIQ9fOVLpSWouTddUtU2HB7GRcLxOkTJ5SOABfVcsHdBvoj7HdDU-ECwAxMpXh_U5fM0egFUZZdbEssZ7IHc6jew9TpUXAZ2zfGH00IAM=&p=4&fvj=1&vjs=3',
 'location': 'Chanteloup-les-Vignes (78)',
 'salary': '35 000 € - 50 000 € par an',
 'site': 'Indeed',
 'summary': 'Ingénieur automatismes industriels ou similaire: 2 ans '
            '(Souhaité).'}
2020-02-19 16:08:02 [scrapy] DEBUG: Scraped from <200 https://www.indeed.fr/jobs?q=Ing%C3%A9nieur&start=10>
{'company': '',
 'crawl_url': 'https://www.indeed.fr/jobs?q=Ing%C3%A9nieur&start=10',
 'job_title': 'Ingénieur Etudes et Développement H/F',
 'link_url': '/pagead/clk?mo=r&ad=-6NYlbfkN0C4k4p-k5JzKkeZ2Lr19hfYmMp1S0DcJgPWWdbuG5E_sIArX6VRKNiqDukHdWSMqdSaXofdUfV4m5qo2zmyx-e7fDlIQJCB_TEy075U7HQWLVRnj50s_6kJ0NckY8JbjvawsvFJLqjlSNtMnmXna7r5QOoRF6LdPRrKprm_4-KqoLfsXEh2Ic_SgGF9u9azEyBblMUYWOTyriQZ33SlNRJjzGhF607XeJDVvNShtE3wRGtod_B5jdgLdkBuKjGZozJvDAYa7xj12WTsghP4vkUd3FP9fZrOV6v1DbfooC82w2bkKxINGIu5V4T1FDruAGIJO6xQhgPnCL0xgbnnfVoyskKJ_eAqO3zZotWDGcOFCqV6Ibv4vWWxHYvwl2LkVnzV_VKagPPX-pQrPEbYgMK0cS_ShpXPXauMyri8XT8JYOXdIkCdKSY24_mNmU3iQrLZpjDRgHDQhg==&p=5&fvj=1&vjs=3',
 'location': "Villeneuve-d'Ascq (59)",
 'salary': None,
 'site': 'Indeed',
 'summary': 'Dans un contexte international et dans un environnement où la '
            'sécurité des systèmes d’information est une composante majeure, '
            'nous recrutons un'}
2020-02-19 16:08:03 [scrapy] DEBUG: Scraped from <200 https://www.indeed.fr/jobs?q=Ing%C3%A9nieur&start=10>
{'company': '',
 'crawl_url': 'https://www.indeed.fr/jobs?q=Ing%C3%A9nieur&start=10',
 'job_title': "Stage de 4 à 6 mois (H/F) - Préparation de l'industrialisation "
              "d'un projet automobile",
 'link_url': '/rc/clk?jk=f059c9ec497ddfed&fccid=90f0cbc4a30f8dba&vjs=3',
 'location': 'Valenciennes (59)',
 'salary': None,
 'site': 'Indeed',
 'summary': 'Élève'}
2020-02-19 16:08:04 [scrapy] DEBUG: Scraped from <200 https://www.indeed.fr/jobs?q=Ing%C3%A9nieur&start=10>
{'company': '',
 'crawl_url': 'https://www.indeed.fr/jobs?q=Ing%C3%A9nieur&start=10',
 'job_title': 'Ingénieur conception mécanique H/F',
 'link_url': '/company/ALTEN-SO/jobs/Ing%C3%A9nieur-Conception-M%C3%A9canique-ac97ce93c6717b89?fccid=ebf537736e70d959&vjs=3',
 'location': 'Gujan-Mestras (33)',
 'salary': '30 000 € - 40 000 € par an',
 'site': 'Indeed',
 'summary': 'Ingenieur concep ou similaire: 1 an (Requis).'}
2020-02-19 16:08:04 [scrapy] DEBUG: Scraped from <200 https://www.indeed.fr/jobs?q=Ing%C3%A9nieur&start=10>
{'company': 'Jifmar Offshore Services',
 'crawl_url': 'https://www.indeed.fr/jobs?q=Ing%C3%A9nieur&start=10',
 'job_title': 'Ingénieur Projets H/F',
 'link_url': '/company/JIFMAR-OFFSHORE-SERVICES/jobs/Ing%C3%A9nieur-Projets-7ae4e467751cae1d?fccid=37f032880b03ae75&vjs=3',
 'location': 'Sète (34)',
 'salary': None,
 'site': 'Indeed',
 'summary': 'Ingénieur projets h/f ou similaire: 1 an (Souhaité).'}
2020-02-19 16:08:04 [scrapy] DEBUG: Scraped from <200 https://www.indeed.fr/jobs?q=Ing%C3%A9nieur&start=10>
{'company': '',
 'crawl_url': 'https://www.indeed.fr/jobs?q=Ing%C3%A9nieur&start=10',
 'job_title': 'Ingénieur Méthodes Industrialisation H/F',
 'link_url': '/rc/clk?jk=83c066c256c92434&fccid=b3885ca934ed0066&vjs=3',
 'location': 'La Teste-de-Buch (33)',
 'salary': None,
 'site': 'Indeed',
 'summary': 'Le Groupe est en 4ème position du classement Universum des '
            'entreprises préférées des jeunes'}
2020-02-19 16:08:04 [scrapy] DEBUG: Scraped from <200 https://www.indeed.fr/jobs?q=Ing%C3%A9nieur&start=10>
{'company': 'SAMSON AGRO SASU',
 'crawl_url': 'https://www.indeed.fr/jobs?q=Ing%C3%A9nieur&start=10',
 'job_title': 'Ingénieur Méthodes Industrialisation H/F',
 'link_url': '/company/SAMSON-AGRO-SASU/jobs/Ing%C3%A9nieur-M%C3%A9thodes-Industrialisation-6b5a6ec9570d33e2?fccid=d9a1e68967e0205c&vjs=3',
 'location': 'Landivisiau (29)',
 'salary': '2 500 € - 3 000 € par mois',
 'site': 'Indeed',
 'summary': 'Ingénieur méthodes industrialisation ou similaire: 1 an '
            '(Souhaité).'}
2020-02-19 16:08:04 [scrapy] DEBUG: Scraped from <200 https://www.indeed.fr/jobs?q=Ing%C3%A9nieur&start=10>
{'company': 'Jifmar Offshore Services',
 'crawl_url': 'https://www.indeed.fr/jobs?q=Ing%C3%A9nieur&start=10',
 'job_title': 'Stagiaire Ingénieur projets F/H',
 'link_url': '/company/JIFMAR-OFFSHORE-SERVICES/jobs/Stagiaire-Ing%C3%A9nieur-Projets-F-H-8641666ef6a71e5f?fccid=37f032880b03ae75&vjs=3',
 'location': 'Sète (34)',
 'salary': '561 € par mois',
 'site': 'Indeed',
 'summary': "Dernière année de diplôme d'ingénieur ou équivalent en cours."}
2020-02-19 16:08:04 [scrapy] DEBUG: Scraped from <200 https://www.indeed.fr/jobs?q=Ing%C3%A9nieur&start=10>
{'company': '',
 'crawl_url': 'https://www.indeed.fr/jobs?q=Ing%C3%A9nieur&start=10',
 'job_title': 'Ingénieur généraliste polyvalent débutant H/F',
 'link_url': '/rc/clk?jk=b8fe007a9a93393b&fccid=e3ff72a6ad0d45a9&vjs=3',
 'location': 'Dijon (21)',
 'salary': None,
 'site': 'Indeed',
 'summary': 'Vous serez basé sur le secteur Bourgogne Franche Comté , vous '
            "occuperez un poste d'ingénieur débutant , vous pouvez être amené "
            'à travailler dans différents…'}
2020-02-19 16:08:04 [scrapy] DEBUG: Scraped from <200 https://www.indeed.fr/jobs?q=Ing%C3%A9nieur&start=10>
{'company': '',
 'crawl_url': 'https://www.indeed.fr/jobs?q=Ing%C3%A9nieur&start=10',
 'job_title': 'Assistant.e Ingénieur.e Qualité - Process critique (F / H)',
 'link_url': '/rc/clk?jk=797f0f5e65689546&fccid=1807e5727f702882&vjs=3',
 'location': 'Ducey (50)',
 'salary': None,
 'site': 'Indeed',
 'summary': "Issu d'une formation de niveau Bac+5, en université ou école "
            "d'ingénieur, spécialisé dans la gestion de la qualité "
            'industrielle, vous êtes motivé par l…'}
2020-02-19 16:08:04 [scrapy] DEBUG: Scraped from <200 https://www.indeed.fr/jobs?q=Ing%C3%A9nieur&start=10>
{'company': 'Glassolutions Centre Est Vitrage',
 'crawl_url': 'https://www.indeed.fr/jobs?q=Ing%C3%A9nieur&start=10',
 'job_title': 'Stagiaire ingénieur(e) Amélioration Continue',
 'link_url': '/company/Glassolutions-Centre-Est-Vitrage/jobs/Stagiaire-Ing%C3%A9nieur-Am%C3%A9lioration-Continue-d5ba0391aa90d72c?fccid=3662061c907a1ba3&vjs=3',
 'location': 'Crissey (71)',
 'salary': '800 € - 1 100 € par mois',
 'site': 'Indeed',
 'summary': 'Dans le cadre du programme SAINT-GOBAIN d’amélioration continue « '
            'WCM » (World Class Manufacturing), Glassolutions France propose '
            'des stages de fin d’études…'}
2020-02-19 16:08:04 [scrapy] DEBUG: Scraped from <200 https://www.indeed.fr/jobs?q=Ing%C3%A9nieur&start=10>
{'company': 'Abylsen STRA',
 'crawl_url': 'https://www.indeed.fr/jobs?q=Ing%C3%A9nieur&start=10',
 'job_title': 'Ingénieur Qualité',
 'link_url': '/company/Abylsen-STRA/jobs/Ing%C3%A9nieur-Qualit%C3%A9-41ee50da9afdbbd7?fccid=0468cef8de5290ac&vjs=3',
 'location': 'Annecy (74)',
 'salary': '32 000 € - 35 000 € par an',
 'site': 'Indeed',
 'summary': 'Ingénieur qualité ou similaire: 1 an (Souhaité).'}
2020-02-19 16:08:04 [scrapy] DEBUG: Scraped from <200 https://www.indeed.fr/jobs?q=Ing%C3%A9nieur&start=10>
{'company': '',
 'crawl_url': 'https://www.indeed.fr/jobs?q=Ing%C3%A9nieur&start=10',
 'job_title': "Ingénieur Junior Marché de l'Energie (h/f)",
 'link_url': '/pagead/clk?mo=r&ad=-6NYlbfkN0CTNS0WgMHjtb0Nqr_GGWeKK0BdkbTlBPMLcGLeM92sfgz_Ee6-rOA__7SywUnizlRGH9MUrANh99DFWTY7LmhTZ_QQIjV0X-kfygYb0Y-bLjgzdSB8_iIJOPlPpifWAdVp17bs8kZNud5_nreGwvzaDpGwkhezAcQFYC5E3mk8ZsPpYktuhdzneSFqCXiGtBWKLAxgYPpvbQqXs2_zthdOr4PB3OphHHvXBsJ2ovdh7fMS-9MFGlWe1U7DuIbrtc-dGi83fX6Aa3EWBJsuI0MvMvMML1pmmMi1HeF04fngGKh8iZ_WlAipgbpjBAj4HgqKw-V8f86-SPIqB5CvHCn960j7h-8w2mOJQpOAM6PvYqGlgOPSsLiK1vXqphCK83fyfOV9c4UTzAiLot8h8Z4G9IFjTtx_2p9CCjZkphzB8N7CKchRXDTcwZNNl2COiumyuoz0wIgpjGJEN7do3456Q5HLdkUeo3kLgWK4G2juMhlX2o3ZsY-s366DpHxNJFJTfM3IQB9KgEo73BiiXw-23_h9tetGuV947Sm9iYdwQw==&p=16&fvj=0&vjs=3',
 'location': 'Metz (57)',
 'salary': '38 000 € - 45 000 € par an',
 'site': 'Indeed',
 'summary': 'Titulaire d’un diplôme d’ingénieur de haut niveau avec un intérêt '
            'pour les marchés de l’énergie, vous êtes curieux et rigoureux.'}
2020-02-19 16:08:04 [scrapy] DEBUG: Scraped from <200 https://www.indeed.fr/jobs?q=Ing%C3%A9nieur&start=10>
{'company': 'SEAC',
 'crawl_url': 'https://www.indeed.fr/jobs?q=Ing%C3%A9nieur&start=10',
 'job_title': "Ingénieur bureau d'études H/F",
 'link_url': '/pagead/clk?mo=r&ad=-6NYlbfkN0CyvmtQexVzx1pixriGlN6W2hH9gkfVFJY8U9CZ34K6-rN36WUcIhek7DViQRM5dn0ihYofntzToGcjiJNRX1qoptK23v6WRL2Fjzvmip0FkXqQtDZfovyHn_YXRlJH7cq0xbcWE3KqXSPNh5Xpy04Xmgf7YXOzha3qvGIzvkWJ1XpdOpfi416KgL94rElNNJrynx662Towq45wTkrXoQcrdWaRyh3DCKi8BmZx7CZYLuorwli8J5dE-AhkeQhrBUDhPSQ9XYI9bH6sxOAg5PW6wjuIm5PiDi4dZLC2BE64PsPcXhzEEORmGR8Y-6nGAgDswYvbNgoiA3bc-UAVNcXCqJ14eSYKwJQHW-SUhaV-sVFwdx62OQ415EeNkOMHQ475712qitpuoC9h-sT3RjjA2tvsgtk59EB78aVtNxHJHPXa6CYjrRk9SjaPnWa50FY8P-H0O239cQ==&p=17&fvj=1&vjs=3',
 'location': 'Gard',
 'salary': '24 000 € - 28 000 € par an',
 'site': 'Indeed',
 'summary': "Ingénieur bureau d'études h/f ou similaire: 1 an (Requis)."}
2020-02-19 16:08:05 [scrapy] DEBUG: Scraped from <200 https://www.indeed.fr/jobs?q=Ing%C3%A9nieur&start=10>
{'company': '',
 'crawl_url': 'https://www.indeed.fr/jobs?q=Ing%C3%A9nieur&start=10',
 'job_title': 'Ingénieur méthodes & Process H/F',
 'link_url': '/pagead/clk?mo=r&ad=-6NYlbfkN0CJQjIynK2A58ru0dyZMcOug4YnImVAtVGAQVWPfsPR2MSVccHjsg4vrxqs0pzJNxefrr5J92sypTYnGk9HoYW5s3ey5c1Iox6hfmPrg0WiALltidTGHuxuZgw3k7tZeRzS-ltKW9zCWlVn32BnYtw41hWkakPMsJTceQp4iMcCRSK9WkwpPcb4LjuXh4N7JRvJlGdegWwxAPPYwjGpe49aszV21PX2hoXwGE8oBRDi_Kc55qiyF7KOACwPX1jiZj9ZJQgxFYP5KXy0UAQ-KGy6lX_cbjEiRZf4liClszZhy7v8iZHFpDYPn-7RA4Jd3PzGKItBDfjZC_yWnWgdjOZnHwiqn8Ox4G8w5DllHI6u66aJdoYP0x8Xot9NUOQmymIinyOlaeLZep1WGIj-V9wJn8d--_-dQF1jLAhqont3mFnRLKFPzq7ph4aMyxpp1vrfFY8x1LldyEBY7s84ZKK58VQ_ygsvJnI0Z4skVe_7qg==&p=18&fvj=1&vjs=3',
 'location': 'Nantes (44)',
 'salary': None,
 'site': 'Indeed',
 'summary': 'Ingénieur méthodes & process h/f ou similaire: 1 an (Souhaité).'}
2020-02-19 16:08:05 [scrapy] DEBUG: Crawled (200) <GET https://www.indeed.fr/jobs?q=Ing%C3%A9nieur&start=20> (referer: https://www.indeed.fr/jobs?q=Ing%C3%A9nieur&start=10)
2020-02-19 16:08:05 [indeed2] DEBUG: 

 Crawling  https://www.indeed.fr/jobs?q=Ing%C3%A9nieur&start=20

2020-02-19 16:08:07 [scrapy] DEBUG: Scraped from <200 https://www.indeed.fr/jobs?q=Ing%C3%A9nieur&start=20>
{'company': '',
 'crawl_url': 'https://www.indeed.fr/jobs?q=Ing%C3%A9nieur&start=20',
 'job_title': 'Ingénieur Commercial B to B H/F',
 'link_url': '/pagead/clk?mo=r&ad=-6NYlbfkN0D6b6aVIy2J_FPu3UNxPlDvigZM-IMdydOQiETL7D0i5oItLTKnsUJoDrl52TYe3-F0xSEfnV9cYbCV7XOI4N9avIWoim_xc2iaMYUnzqty1MLzpOEXP19AZrMok3xkw4IjYakLTaecVC9xr8FnFGSh4osgaCn9CfDETwaB-H4Pi-sXyTPrDmfderrbqcmNTvVZ-SHIi0PmDZxaw0uw_GOLRQeXgimdtN2QokbwwYJTW5xgHIGOFFsqrSVHdNHUi5eMprJkXlAk8kyxtDPzJswiIqwVPaI5PLIpOWzEi0W6222POGZyvg4vfrD_m68IuIvosWBh3y7iXB7wloq4T3sZZkj3UkHn0pQq18hIsqrx_4igJFEjZ3G9uh_JCToGx_xHYU5b8TbvLSJnI3VQ1lzzwUo1MxgedZIGQPMfJLNo5tYv4PbhXc1DeVybOwwLt-StXSWGIw1mcnV9WFJuKU8oQA4eEm0_pY8=&p=0&fvj=1&vjs=3',
 'location': 'Lille (59)',
 'salary': None,
 'site': 'Indeed',
 'summary': 'Ingénieur commercial b to b h/f ou similaire: 3 ans (Souhaité).'}
2020-02-19 16:08:07 [scrapy] DEBUG: Scraped from <200 https://www.indeed.fr/jobs?q=Ing%C3%A9nieur&start=20>
{'company': '',
 'crawl_url': 'https://www.indeed.fr/jobs?q=Ing%C3%A9nieur&start=20',
 'job_title': "Ingénieur Junior Marché de l'Energie (h/f)",
 'link_url': '/pagead/clk?mo=r&ad=-6NYlbfkN0CTNS0WgMHjtb0Nqr_GGWeKK0BdkbTlBPMLcGLeM92sfgz_Ee6-rOA__7SywUnizlRGH9MUrANh99DFWTY7LmhTZ_QQIjV0X-kfygYb0Y-bLjgzdSB8_iIJOPlPpifWAdVp17bs8kZNud5_nreGwvzaDpGwkhezAcQFYC5E3mk8ZsPpYktuhdzneSFqCXiGtBWKLAxgYPpvbQqXs2_zthdOr4PB3OphHHvXBsJ2ovdh7d90j9roVOQ8dCAD2hdxDQ9vdZ58-NWkjzjfPvjxVsxDmKn-0c0oH3nnNpwrNibCp5QC7jwtzQ5KyvYlke5Tb2HUFL3LSKVAxLArMen9d3lvjWJmKWLZwtisrvD0_8mO5wIgunFfQFZKfnAVm-ClcRXmZTNv8EPK2ObMM1yrrP8umDVAbq2asdcx7zekcTC20NuMn0ChId_rute3HVnekHJ8_5Yvz7sy7jjJL_4bPtE353OyWkkVDX3bzESJRCXbZpYacw-b1ypCVk6mv3lcpnu8zh2hgqKqkG1MQI6RUWZ5rx9_C41fPWEWntu60EBHHg==&p=1&fvj=0&vjs=3',
 'location': 'Metz (57)',
 'salary': '38 000 € - 45 000 € par an',
 'site': 'Indeed',
 'summary': 'Titulaire d’un diplôme d’ingénieur de haut niveau avec un intérêt '
            'pour les marchés de l’énergie, vous êtes curieux et rigoureux.'}
2020-02-19 16:08:07 [scrapy] DEBUG: Scraped from <200 https://www.indeed.fr/jobs?q=Ing%C3%A9nieur&start=20>
{'company': '',
 'crawl_url': 'https://www.indeed.fr/jobs?q=Ing%C3%A9nieur&start=20',
 'job_title': 'Ingénieur REACH H/F',
 'link_url': '/pagead/clk?mo=r&ad=-6NYlbfkN0DUN2b5WQb1EDIJ1VOcXkP2btY8_Jwn5DWOsultnYr2G_N_i2W0F2YhhbmE6xOyA7kuTX3aV-9RXTJFO05ZnRPle1mkrVKFBprOSMqCAjyalkhLnR9p5ihDoC9lmiJHKGLoWuXkSAfbY6s1jLthruOPRJwL3rWC1q1mKSkYrQujA7VRcjDWfk2PieVT-9PcnZoLEHCl8AMZdKVn1W3vhD6MAjgDll9OIx0Ocv1SugmJK-C-tih8F-w8kV7XVU8YPijEcDMfqk8xc_Fpz4Xs9a6BwTEsrEWvVUH2hObO61EMHRmlu6U0s92bUAK9F3UVEkHmIxK1yql6mj4onaaKoUSYF-ssxy4fwYh4Fq-cC0bu8fOWENmqqbg6g2VJsQo4S7UHbgpnBCayF_-QLpn92lP-_3fzpwigFfd0VGF3Q4eCV2tXUPC0RMXHRfgz47E2GpB6k9kfRR1SVAMVgN6M4XPavQfNoqKqRKi3oeLTXR7hvA==&p=2&fvj=0&vjs=3',
 'location': 'Saint-Dizier (52)',
 'salary': None,
 'site': 'Indeed',
 'summary': 'Dans le cadre de nouveaux projets, nous recherchons un'}
2020-02-19 16:08:07 [scrapy] DEBUG: Scraped from <200 https://www.indeed.fr/jobs?q=Ing%C3%A9nieur&start=20>
{'company': 'SEAC',
 'crawl_url': 'https://www.indeed.fr/jobs?q=Ing%C3%A9nieur&start=20',
 'job_title': "Ingénieur bureau d'études H/F",
 'link_url': '/pagead/clk?mo=r&ad=-6NYlbfkN0CyvmtQexVzx1pixriGlN6W2hH9gkfVFJY8U9CZ34K6-rN36WUcIhek7DViQRM5dn0ihYofntzToGcjiJNRX1qoptK23v6WRL2Fjzvmip0FkXqQtDZfovyHn_YXRlJH7cq0xbcWE3KqXSPNh5Xpy04Xmgf7YXOzha3qvGIzvkWJ1XpdOpfi416KU83mRrcPu549yRQz0MIsf18SX3NRkJQnWXvs9qYE43gtdMTMdY2f3iq2ZiwkM3BkIowzTKpTYoqmBw3i6QmKCO5icR_RAFwjmwUWXI5Y6wb35tMHCOO4IsakIA69yLIUz2_rK5SiUiO3CBgOdbcuUb50hvZ0gQU0BPZ_3alf83GcO55hgGH6O94UOyTGKQBnmL0l913AgNY2CtSZO5Tn5Wkeyh7YgS9KC1Uh98V7Ab2jB_YdZpb-ixnbcOjG_uZOXWCZQ6ZLF39EYAu_AefI5g==&p=3&fvj=1&vjs=3',
 'location': 'Gard',
 'salary': '24 000 € - 28 000 € par an',
 'site': 'Indeed',
 'summary': "Ingénieur bureau d'études h/f ou similaire: 1 an (Requis)."}
2020-02-19 16:08:07 [scrapy] DEBUG: Scraped from <200 https://www.indeed.fr/jobs?q=Ing%C3%A9nieur&start=20>
{'company': '',
 'crawl_url': 'https://www.indeed.fr/jobs?q=Ing%C3%A9nieur&start=20',
 'job_title': 'Ingénieur Etudes et Développement H/F',
 'link_url': '/pagead/clk?mo=r&ad=-6NYlbfkN0C4k4p-k5JzKkeZ2Lr19hfYmMp1S0DcJgPWWdbuG5E_sIArX6VRKNiqDukHdWSMqdSaXofdUfV4m5qo2zmyx-e7fDlIQJCB_TEy075U7HQWLVRnj50s_6kJ0NckY8JbjvawsvFJLqjlSNtMnmXna7r5QOoRF6LdPRrKprm_4-KqoLfsXEh2Ic_SedqDRe8vZWf5n4IUlIJxyXrPVHZg346PkeZPQpFf4stZzX8mg7zL2Wp5re4Hg9bWUVOB-LVvuYwFGuCxidRqet15uukLrVX0SQopC4_N4jEr5CBhpTG2E5Q0qZdrmBmuYiFaFINXHx7IQWjv02lFSKPfzmTyH3b9cN48D8Yq7I5wFawZboOGT9wFRqPITvzIyHLuqd3P351kIan6gndrAOFaxBO2dvdoy5y5tptl7cAIcwyhfgCJEKDHDe_0HuMAFyDl4G0zTbu9x3XiC_gi9g==&p=4&fvj=1&vjs=3',
 'location': "Villeneuve-d'Ascq (59)",
 'salary': None,
 'site': 'Indeed',
 'summary': 'Dans un contexte international et dans un environnement où la '
            'sécurité des systèmes d’information est une composante majeure, '
            'nous recrutons un'}
2020-02-19 16:08:07 [scrapy] DEBUG: Scraped from <200 https://www.indeed.fr/jobs?q=Ing%C3%A9nieur&start=20>
{'company': 'APILOG Automatisme Industriel',
 'crawl_url': 'https://www.indeed.fr/jobs?q=Ing%C3%A9nieur&start=20',
 'job_title': 'Ingénieur Automatismes Industriels',
 'link_url': '/pagead/clk?mo=r&ad=-6NYlbfkN0DF6JVSXUO5BtyVCZTLdT-IfDPjih1FLGqn5AwuUaSI3bbekXVbQI-T0EKuhQQhtClh0SGGQTIrc4ASbo94CfBZ7-ncHKJi8Llh7COsD20xKthGiJGf-n9wOMGniLzUZhtoxef1LJIhYZqdbexbya8smKKjLrou0dRxKJIqBZP3kH_szq-EOE5udSR9RJQUm0srFzCfX9LKFz9cRUf9r4cK76J4DZ6u28OhQB2SR4YS1LndVLGn7QHpUE58aTdfjCfJKXdXv7_OpKyp3kY_LoPE_CxT9y1Q8_P78C_wnCFibUiY73mKmwjm3g1GN_RIIhbX12TEeJ3tGljDHONJUjb0a06q5GcXYTl2oBVFHEBxqiYpKyMECzl_ReH8zfLYC1LQV7l9bbBfwiITwxhjK1aMec8lTaOerYbCfFB4yLgmE0pyeR-YesvQGCk8ERcoZN1x9Kf3MAcDABZl5yWWdrLLV8ovjDyoJsY=&p=5&fvj=1&vjs=3',
 'location': 'Chanteloup-les-Vignes (78)',
 'salary': '35 000 € - 50 000 € par an',
 'site': 'Indeed',
 'summary': 'Ingénieur automatismes industriels ou similaire: 2 ans '
            '(Souhaité).'}
2020-02-19 16:08:07 [scrapy] DEBUG: Scraped from <200 https://www.indeed.fr/jobs?q=Ing%C3%A9nieur&start=20>
{'company': '',
 'crawl_url': 'https://www.indeed.fr/jobs?q=Ing%C3%A9nieur&start=20',
 'job_title': '1 ingénieur(re) Suivi des Projets Packaging en CDD (H/F) de 12 '
              'mois',
 'link_url': '/rc/clk?jk=6d8306f589c62046&fccid=90f0cbc4a30f8dba&vjs=3',
 'location': 'Valenciennes (59)',
 'salary': None,
 'site': 'Indeed',
 'summary': 'Le packaging est un outil clé au centre du TPS (Toyota Production '
            "System) permettant l'application directe des principes "
            'fondamentaux du juste à temps, tout en…'}
2020-02-19 16:08:07 [scrapy] DEBUG: Scraped from <200 https://www.indeed.fr/jobs?q=Ing%C3%A9nieur&start=20>
{'company': 'BERT CONSULTANTS',
 'crawl_url': 'https://www.indeed.fr/jobs?q=Ing%C3%A9nieur&start=20',
 'job_title': 'Ingénieur généraliste - Eau / Environnement',
 'link_url': '/company/JEAN--RAPHAEL-BERT-CONSULTANT/jobs/Ing%C3%A9nieur-G%C3%A9n%C3%A9raliste-58e0681348c2deb6?fccid=ef34e78e94e38dc9&vjs=3',
 'location': 'Orléans (45)',
 'salary': None,
 'site': 'Indeed',
 'summary': 'Ingénieur généraliste - eau / environnement ou similaire: 1 an '
            '(Souhaité).'}
2020-02-19 16:08:07 [scrapy] DEBUG: Scraped from <200 https://www.indeed.fr/jobs?q=Ing%C3%A9nieur&start=20>
{'company': '',
 'crawl_url': 'https://www.indeed.fr/jobs?q=Ing%C3%A9nieur&start=20',
 'job_title': 'Assistant ingénieur optimisation des procédés H/F',
 'link_url': '/company/MINAKEM/jobs/Assistant-Ing%C3%A9nieur-Optimisation-Des-Proc%C3%A9d%C3%A9s-61c7e541d6db1616?fccid=6ff5f7dea088d65f&vjs=3',
 'location': 'Dunkerque (59)',
 'salary': None,
 'site': 'Indeed',
 'summary': 'Assistant'}
2020-02-19 16:08:07 [scrapy] DEBUG: Scraped from <200 https://www.indeed.fr/jobs?q=Ing%C3%A9nieur&start=20>
{'company': '',
 'crawl_url': 'https://www.indeed.fr/jobs?q=Ing%C3%A9nieur&start=20',
 'job_title': 'Ingénieur Spécialiste Méthodes Composites (H/F)',
 'link_url': '/rc/clk?jk=47b1d68943e6fb59&fccid=2d0740e02e80cf22&vjs=3',
 'location': 'Nantes (44)',
 'salary': None,
 'site': 'Indeed',
 'summary': "Bac + 5 - Type diplôme d'ingénieur."}
2020-02-19 16:08:08 [scrapy] DEBUG: Scraped from <200 https://www.indeed.fr/jobs?q=Ing%C3%A9nieur&start=20>
{'company': '',
 'crawl_url': 'https://www.indeed.fr/jobs?q=Ing%C3%A9nieur&start=20',
 'job_title': 'Ingénieur Etude H/F CDI',
 'link_url': '/rc/clk?jk=8dad375cb7c43e61&fccid=d29a3630d238085c&vjs=3',
 'location': 'Annecy (74)',
 'salary': None,
 'site': 'Indeed',
 'summary': 'Située au cœur des Alpes françaises, l’entreprise Pfeiffer Vacuum '
            'SAS, forte et fière de son histoire, est filiale d’un groupe '
            'international numéro 2 mondial…'}
2020-02-19 16:08:08 [scrapy] DEBUG: Scraped from <200 https://www.indeed.fr/jobs?q=Ing%C3%A9nieur&start=20>
{'company': '',
 'crawl_url': 'https://www.indeed.fr/jobs?q=Ing%C3%A9nieur&start=20',
 'job_title': 'Ingénieur.e méthodes F/H',
 'link_url': '/rc/clk?jk=e3e707cd1a6eafec&fccid=1807e5727f702882&vjs=3',
 'location': 'Ducey (50)',
 'salary': None,
 'site': 'Indeed',
 'summary': 'Vous maîtrisez le lean manufacturing et ses outils, et êtes '
            "issu.e d’une formation d'ingénieur spécialisée dans la production "
            'industrielle et l’amélioration…'}
2020-02-19 16:08:09 [scrapy] DEBUG: Scraped from <200 https://www.indeed.fr/jobs?q=Ing%C3%A9nieur&start=20>
{'company': '',
 'crawl_url': 'https://www.indeed.fr/jobs?q=Ing%C3%A9nieur&start=20',
 'job_title': 'Ingénieur(e) Supply Chain junior - Secteur Aéronautique F/H',
 'link_url': '/company/Altran/jobs/Ing%C3%A9nieur-Supply-Chain-Junior-ad880c8b29b9f3ec?fccid=397876ae47f9c1c3&vjs=3',
 'location': 'Aix-en-Provence (13)',
 'salary': None,
 'site': 'Indeed',
 'summary': 'Ingénieur(e) supply chain junior - secteur aéronautique f/h ou '
            'similaire: 1 an (Souhaité).'}
2020-02-19 16:08:09 [scrapy] DEBUG: Scraped from <200 https://www.indeed.fr/jobs?q=Ing%C3%A9nieur&start=20>
{'company': '',
 'crawl_url': 'https://www.indeed.fr/jobs?q=Ing%C3%A9nieur&start=20',
 'job_title': 'Travel Agent Worldwide (English-speaking)',
 'link_url': '/rc/clk?jk=0d634639b1f8b2dd&fccid=7adb2a64a1f812f2&vjs=3',
 'location': 'France',
 'salary': None,
 'site': 'Indeed',
 'summary': 'Founded by travel enthusiasts in 2009, Evaneos is the market '
            'leader in connecting travelers directly with local travel agents '
            'across the planet.'}
2020-02-19 16:08:10 [scrapy] DEBUG: Scraped from <200 https://www.indeed.fr/jobs?q=Ing%C3%A9nieur&start=20>
{'company': '',
 'crawl_url': 'https://www.indeed.fr/jobs?q=Ing%C3%A9nieur&start=20',
 'job_title': 'Ingénieur analytique stabilité R&D',
 'link_url': '/rc/clk?jk=92d729fa54eff0f5&fccid=824e86658e35aee4&vjs=3',
 'location': 'Haute-Savoie',
 'salary': None,
 'site': 'Indeed',
 'summary': 'Le site d’Allergan Industrie Annecy (74) recrute un'}
2020-02-19 16:08:10 [scrapy] DEBUG: Scraped from <200 https://www.indeed.fr/jobs?q=Ing%C3%A9nieur&start=20>
{'company': '',
 'crawl_url': 'https://www.indeed.fr/jobs?q=Ing%C3%A9nieur&start=20',
 'job_title': 'Ingénieur validation fabrication Gel',
 'link_url': '/rc/clk?jk=857721f6a7982c5a&fccid=824e86658e35aee4&vjs=3',
 'location': 'Haute-Savoie',
 'salary': None,
 'site': 'Indeed',
 'summary': 'Le site d’Allergan industrie recrute un'}
2020-02-19 16:08:10 [scrapy] DEBUG: Scraped from <200 https://www.indeed.fr/jobs?q=Ing%C3%A9nieur&start=20>
{'company': 'SOFALI',
 'crawl_url': 'https://www.indeed.fr/jobs?q=Ing%C3%A9nieur&start=20',
 'job_title': "Ingénieur d'affaires ESN",
 'link_url': '/pagead/clk?mo=r&ad=-6NYlbfkN0DUwRMpguEI7DT0Tuz45XvOZN5jyjEGR-XH1n6J_PeQ0GTqy4JvT5XKCUFNrf8e7IMamOwLGcCKOXvc7zUOMDSZNnFgLnp8TvFL9E3xzYdk-vqEnf5-m-1RDCkMozfAB4uekoW7MsUs7EosFQCyBfSkrpEUT-LmsdraELntf05GS5E34UqN0PNq16I5iSk3y88EeJHxFJmR5wiKAYapikZIgPSMODk89yahnyw6zOmPTS575GSkd_m1zCflyYYfXhDQJYx9DAmaLu3vQmsL0LraD2tHv8o32Mmx-mN21OjOgLidSCbKPKFyKeBlCcwTM58Os6wWlMnG3ebDZZdEPsSYgn_wKJYdTW_c-r55ASRhU1aFoaeMo66jES2TfljwYZ1oXwYTuwTBwp-6qy2RLROlMt0SQcauv5jucNlLPUrEbmtxmr3Y3fQ3NhBPkNy0C1aVRHcSvvHLKIsmyDjQbTPf&p=16&fvj=1&vjs=3',
 'location': 'Paris (75)',
 'salary': '35 000 € par an',
 'site': 'Indeed',
 'summary': "Ingénieur d'affaires ou similaire: 3 ans (Requis)."}
2020-02-19 16:08:10 [scrapy] DEBUG: Scraped from <200 https://www.indeed.fr/jobs?q=Ing%C3%A9nieur&start=20>
{'company': 'ILIOS CONFORT',
 'crawl_url': 'https://www.indeed.fr/jobs?q=Ing%C3%A9nieur&start=20',
 'job_title': 'INGÉNIEUR ETUDE PHOTOVOLTAÏQUE - H/F',
 'link_url': '/pagead/clk?mo=r&ad=-6NYlbfkN0DoVxVWLfYFGsyTEKijx5Hav0VBsccIQE7ui7W7YjePrGpr0FsYuvK4baYqF4sb7UsV_sElzNaKQaMp4b7kEin_AkTUve6NrqYFxI-15AMjZlDxj5CoTSGnY2h4Vlc0epxLmIB8tOlEIpY7kvGHWPu0Wfuk6AdHSvs6dVoclXASO4tIy6ATwrHMZNDQhuInulWQf8uA25ZBEmSzA6CEPNDo6VZ1Aa-u3SGNlsowbGslgzZgA-LB0651gwperXDj71-AnnyRDy2Y9vf5FYsJ0pyMIvamG2gmEAVjEIP3Cg4WdQeMwq8Bibh5qvdyeiJHQ-vYcy4794SQxZhSwTKhIs85syA45MBwmJdErD6zFh3RIg0Md9Vqh4Fkdui36MZeo49RgSGsWgusR1iobpj_meS9V8z3vDIthDaUmK6oI0rHOgXM3gGB6jvg8F9xP9QDFBOh6hUfWdiKR4dg6ro07BoW0B8dlrMuJMhaQsbCpRnR1BzeAgyALsGX&p=17&fvj=1&vjs=3',
 'location': 'Lattes (34)',
 'salary': '2 000 € - 3 000 € par mois',
 'site': 'Indeed',
 'summary': 'Le Groupe ILIOS CONFORT est né il y a 10 ans, à Montpellier, dans '
            'le département de l’Hérault..'}
2020-02-19 16:08:10 [scrapy] DEBUG: Scraped from <200 https://www.indeed.fr/jobs?q=Ing%C3%A9nieur&start=20>
{'company': '',
 'crawl_url': 'https://www.indeed.fr/jobs?q=Ing%C3%A9nieur&start=20',
 'job_title': 'Ingénieur méthodes & Process H/F',
 'link_url': '/pagead/clk?mo=r&ad=-6NYlbfkN0CJQjIynK2A58ru0dyZMcOug4YnImVAtVGAQVWPfsPR2MSVccHjsg4vrxqs0pzJNxefrr5J92sypTYnGk9HoYW5s3ey5c1Iox6hfmPrg0WiALltidTGHuxuZgw3k7tZeRzS-ltKW9zCWlVn32BnYtw41hWkakPMsJTceQp4iMcCRSK9WkwpPcb4D6D4qvhoORurX2acL8BHpuj7SxUrjvOuZUFylpoM5c1mtOBHOODfjN-eyOAKGC0HT4ZhZIfiXICEpeFm3qj07CJSpcvHwMr0h5uUaYTkXKIHthTH6aP2xGZ-tMZAdZjBro09wU9BgxL4f_ywdCnTui5X5nPZ_LBzjs2hSCqUiTaNoLQ3IpvwnMz0DaicBvRHGVkd8PiqNIzPccX2e3twn7dkdVj0xoL7_2rKllHBdx_Dm5AsykmEc8WTfvKSYr4utJY_hr6mJGLn-wkPtpUJp7ENPLe7I_JAX6yAA3VkUJyyEJPEAKsTlA==&p=18&fvj=1&vjs=3',
 'location': 'Nantes (44)',
 'salary': None,
 'site': 'Indeed',
 'summary': 'Ingénieur méthodes & process h/f ou similaire: 1 an (Souhaité).'}
2020-02-19 16:08:11 [scrapy] DEBUG: Crawled (200) <GET https://www.indeed.fr/jobs?q=Ing%C3%A9nieur&start=30> (referer: https://www.indeed.fr/jobs?q=Ing%C3%A9nieur&start=20)
2020-02-19 16:08:11 [indeed2] DEBUG: 

 Crawling  https://www.indeed.fr/jobs?q=Ing%C3%A9nieur&start=30

2020-02-19 16:08:11 [scrapy] DEBUG: Scraped from <200 https://www.indeed.fr/jobs?q=Ing%C3%A9nieur&start=30>
{'company': 'CANON',
 'crawl_url': 'https://www.indeed.fr/jobs?q=Ing%C3%A9nieur&start=30',
 'job_title': "Ingénieur d'affaire H/F",
 'link_url': '/pagead/clk?mo=r&ad=-6NYlbfkN0D8ug2A1gI-D5PoSB-Z4oRM_Cnu0yE0dFauHuLvirspjCVCnEoapHKnEBieo3X3eNmGZylpOAH96JKA5fZcajdZKug108wNicfqRMDOwy20EXQIu0tcylJXka8abGyHyr3SA9Ozo5R7CRHdQI2AwG-JKe5qhkyEsyq-dITjlGO5utNThtrxOGNsTY8Yb1hoU8M2KrdhXuxzOLvP_H8EMabOBwbhZak6AYwiRKcg0ZX7i2xlL719DrIkNcXf_3su1ONlKDJCZYULetdjE6v3lqBe3rAu5zVr8KuExGNwnMnNTWN6QD0wyAoJNFkkoxhYc9iG-2Sp0snhd8Uub2UGFsXEA09ZFKXY7QrN1QX_7w0ped280YGdrfuJjoBEf3KNnT0tmWoNUNxDIZGKl1BcAZ7Tf9u-xFAC6hWqsihb0QJJ_ZivE1shpbY5RzwKjOEH1tIArSU_SwyXOMySL5rzAWMs&p=0&fvj=1&vjs=3',
 'location': 'Paris (75)',
 'salary': '60 000 € - 80 000 € par an',
 'site': 'Indeed',
 'summary': "Découvrez cette offre d'emploi en vidéo : "
            'https://youtu.be/Ya3z-wNGYSc.'}
2020-02-19 16:08:13 [scrapy] DEBUG: Scraped from <200 https://www.indeed.fr/jobs?q=Ing%C3%A9nieur&start=30>
{'company': 'ILIOS CONFORT',
 'crawl_url': 'https://www.indeed.fr/jobs?q=Ing%C3%A9nieur&start=30',
 'job_title': 'INGÉNIEUR ETUDE PHOTOVOLTAÏQUE - H/F',
 'link_url': '/pagead/clk?mo=r&ad=-6NYlbfkN0DoVxVWLfYFGsyTEKijx5Hav0VBsccIQE7ui7W7YjePrGpr0FsYuvK4baYqF4sb7UsV_sElzNaKQaMp4b7kEin_AkTUve6NrqYFxI-15AMjZlDxj5CoTSGnY2h4Vlc0epxLmIB8tOlEIpY7kvGHWPu0Wfuk6AdHSvs6dVoclXASO4tIy6ATwrHMm6uWq9rmcLiSXbbrvniLMln07PIJqBQDDcBBRUDehtpG78cArrDRbsTocddreiW1gKqZQE9Eq7PGUEcQa3btbHdQoHuYsT8J4OIdtUGTRfAyyohPE4hTGcqqqXaSzBLdR3mfxPYnOzohTuhxRc1oIxpDWiDREC3Zaxn8Pd1YCTCbqKwq_R1qb9IMg9vrGcsmN2K3iroK0jHXxQWK3TG2Obl8996btR2NnY0yARDjJzeFHRLDzSuPC-LwWNUhEHlpVATTMDOjNBPLBVTs0sHu2y1S91y0ls_FHFW371CCoFs1defSn5OOr-NJ25A4sHqe&p=1&fvj=1&vjs=3',
 'location': 'Lattes (34)',
 'salary': '2 000 € - 3 000 € par mois',
 'site': 'Indeed',
 'summary': 'Le Groupe ILIOS CONFORT est né il y a 10 ans, à Montpellier, dans '
            'le département de l’Hérault..'}
2020-02-19 16:08:13 [scrapy] DEBUG: Scraped from <200 https://www.indeed.fr/jobs?q=Ing%C3%A9nieur&start=30>
{'company': 'SOFALI',
 'crawl_url': 'https://www.indeed.fr/jobs?q=Ing%C3%A9nieur&start=30',
 'job_title': "Ingénieur d'affaires ESN",
 'link_url': '/pagead/clk?mo=r&ad=-6NYlbfkN0DUwRMpguEI7DT0Tuz45XvOZN5jyjEGR-XH1n6J_PeQ0GTqy4JvT5XKCUFNrf8e7IMamOwLGcCKOXvc7zUOMDSZNnFgLnp8TvFL9E3xzYdk-vqEnf5-m-1RDCkMozfAB4uekoW7MsUs7EosFQCyBfSkrpEUT-LmsdraELntf05GS5E34UqN0PNqi2ryyTqjsRiprelJdmSjksEItvn4CEMvCt9iLMM4U9qL77SIEcRfK5yf7J1SFe5lStUxoSV7tuNzcL9gCm5tdSce5efqndBWg5jErXjbU57HLKWzEzgGtoghb_0jAkM4ONMwdmAXlOGPWGyzuMQB3NcUSNatM9nkoR9vAIwD22vugTVuLWqfjbyp0-svy2F_8D146n8ZDOTFP8b_rnwvQATg_1IIzV_-4zxXK2gXM9gDqgFoeMYKh-g6Movwzu5Ejskz7MuoOZzVdL4L6PapctLxLR-UNxac&p=2&fvj=1&vjs=3',
 'location': 'Paris (75)',
 'salary': '35 000 € par an',
 'site': 'Indeed',
 'summary': "Ingénieur d'affaires ou similaire: 3 ans (Requis)."}
2020-02-19 16:08:14 [scrapy] DEBUG: Scraped from <200 https://www.indeed.fr/jobs?q=Ing%C3%A9nieur&start=30>
{'company': '',
 'crawl_url': 'https://www.indeed.fr/jobs?q=Ing%C3%A9nieur&start=30',
 'job_title': "Ingénieur Junior Marché de l'Energie (h/f)",
 'link_url': '/pagead/clk?mo=r&ad=-6NYlbfkN0CTNS0WgMHjtb0Nqr_GGWeKK0BdkbTlBPMLcGLeM92sfgz_Ee6-rOA__7SywUnizlRGH9MUrANh99DFWTY7LmhTZ_QQIjV0X-kfygYb0Y-bLjgzdSB8_iIJOPlPpifWAdVp17bs8kZNud5_nreGwvzaDpGwkhezAcQFYC5E3mk8ZsPpYktuhdzneSFqCXiGtBWKLAxgYPpvbQqXs2_zthdOr4PB3OphHHvXBsJ2ovdh7QGqOMzthhYgjQufns5cRBDrxxz_CZv5ESSg772Q92oxQuv8PlhgcK6B_HuHQrX7xNSQAoPN7o5vrLs-QKjnoQMDODaHC-24xf_wE2fa6a7sFrRrZHiHhXQgkBti3gBKc-iVlTUlhvNnkL2bGRwApCbBqHnsBiTVRgqW77MRvKD_2BUhBD59GQOueI4LZRWSqcmboHWoKhM109HrMklT-zPABfU0frGdQnlR9QbMGcyxAY-Qk1G0-bi0D4tMmXRNgCkEQW4CTE6mr4d9futC-ZQfHAniDMBZ6_Rvy1Xyi3WD0K80D3iPIVRNDydxu2UCWg==&p=3&fvj=0&vjs=3',
 'location': 'Metz (57)',
 'salary': '38 000 € - 45 000 € par an',
 'site': 'Indeed',
 'summary': 'Titulaire d’un diplôme d’ingénieur de haut niveau avec un intérêt '
            'pour les marchés de l’énergie, vous êtes curieux et rigoureux.'}
2020-02-19 16:08:14 [scrapy] DEBUG: Scraped from <200 https://www.indeed.fr/jobs?q=Ing%C3%A9nieur&start=30>
{'company': '',
 'crawl_url': 'https://www.indeed.fr/jobs?q=Ing%C3%A9nieur&start=30',
 'job_title': 'Ingénieur Propriété Industrielle F/H',
 'link_url': '/rc/clk?jk=82f3780f0f3c23e6&fccid=1ab127ce70437af9&vjs=3',
 'location': 'La Chevrolière (44)',
 'salary': None,
 'site': 'Indeed',
 'summary': 'Profil recherché - Formation : Bac+5 en ingénierie ou formation '
            "d'ingénieur ;"}
2020-02-19 16:08:14 [scrapy] DEBUG: Scraped from <200 https://www.indeed.fr/jobs?q=Ing%C3%A9nieur&start=30>
{'company': '',
 'crawl_url': 'https://www.indeed.fr/jobs?q=Ing%C3%A9nieur&start=30',
 'job_title': 'Ingénieur Conception Mécanique H/F',
 'link_url': '/rc/clk?jk=4a33edafbc74a8a5&fccid=865214cc5e8fd92a&vjs=3',
 'location': 'Haute-Savoie',
 'salary': None,
 'site': 'Indeed',
 'summary': 'Issu(e) d’une formation BAC+5 ou'}
2020-02-19 16:08:14 [scrapy] DEBUG: Scraped from <200 https://www.indeed.fr/jobs?q=Ing%C3%A9nieur&start=30>
{'company': '',
 'crawl_url': 'https://www.indeed.fr/jobs?q=Ing%C3%A9nieur&start=30',
 'job_title': 'Ingénieur R&D Traitement de Surface',
 'link_url': '/rc/clk?jk=38e479bf49ecdf75&fccid=e01d53bb6b51f01b&vjs=3',
 'location': 'France',
 'salary': None,
 'site': 'Indeed',
 'summary': 'Ce service est composé de docteurs,'}
2020-02-19 16:08:14 [scrapy] DEBUG: Scraped from <200 https://www.indeed.fr/jobs?q=Ing%C3%A9nieur&start=30>
{'company': '',
 'crawl_url': 'https://www.indeed.fr/jobs?q=Ing%C3%A9nieur&start=30',
 'job_title': 'Ingénieur qualité projet F/H',
 'link_url': '/rc/clk?jk=e311c1b0eb1eb2dd&fccid=4c1dc7d9791a6941&vjs=3',
 'location': 'Marignier (74)',
 'salary': None,
 'site': 'Indeed',
 'summary': 'Formations de niveaux II et I (MST, DESS, DEA, diplômes '
            "d'ingénieur) avec."}
2020-02-19 16:08:14 [scrapy] DEBUG: Scraped from <200 https://www.indeed.fr/jobs?q=Ing%C3%A9nieur&start=30>
{'company': '',
 'crawl_url': 'https://www.indeed.fr/jobs?q=Ing%C3%A9nieur&start=30',
 'job_title': 'Ingénieur stagiaire Industrialisation Méthodes (F/H)',
 'link_url': '/rc/clk?jk=7be20208ecba0df0&fccid=afcbba7ca395f114&vjs=3',
 'location': 'La Gacilly (56)',
 'salary': None,
 'site': 'Indeed',
 'summary': 'Futur'}
2020-02-19 16:08:14 [scrapy] DEBUG: Scraped from <200 https://www.indeed.fr/jobs?q=Ing%C3%A9nieur&start=30>
{'company': 'MROD',
 'crawl_url': 'https://www.indeed.fr/jobs?q=Ing%C3%A9nieur&start=30',
 'job_title': 'Ingénieur matériaux (H/F)',
 'link_url': '/rc/clk?jk=6ade66e7d0f6faa4&fccid=9b9ed73b9bf9e9ba&vjs=3',
 'location': 'Loire-Atlantique',
 'salary': None,
 'site': 'Indeed',
 'summary': "MROD, société de conseil en ingénierie recherche pour l'un de ses "
            'clients un'}
2020-02-19 16:08:14 [scrapy] DEBUG: Scraped from <200 https://www.indeed.fr/jobs?q=Ing%C3%A9nieur&start=30>
{'company': '',
 'crawl_url': 'https://www.indeed.fr/jobs?q=Ing%C3%A9nieur&start=30',
 'job_title': 'Ingénieur conception mécanique - Systèmes antennes H/F',
 'link_url': '/rc/clk?jk=9006936896299a8a&fccid=b3885ca934ed0066&vjs=3',
 'location': 'La Teste-de-Buch (33)',
 'salary': None,
 'site': 'Indeed',
 'summary': "Vous êtes titulaire d'un diplôme d'ingénieur à dominante "
            'mécanique ou master équivalent.'}
2020-02-19 16:08:14 [scrapy] DEBUG: Scraped from <200 https://www.indeed.fr/jobs?q=Ing%C3%A9nieur&start=30>
{'company': '',
 'crawl_url': 'https://www.indeed.fr/jobs?q=Ing%C3%A9nieur&start=30',
 'job_title': 'Assistant(e) Chef de Projets Site',
 'link_url': '/rc/clk?jk=27d28c1b513a05b2&fccid=1807e5727f702882&vjs=3',
 'location': 'Saint-Pourçain-sur-Sioule (03)',
 'salary': None,
 'site': 'Indeed',
 'summary': 'Sous la responsabilité d’un Chef de Projets, Vous pilotez un '
            'projet de développement d’un Nouveau Produit (Qualité / Coût / '
            'Délai).'}
2020-02-19 16:08:14 [scrapy] DEBUG: Scraped from <200 https://www.indeed.fr/jobs?q=Ing%C3%A9nieur&start=30>
{'company': '',
 'crawl_url': 'https://www.indeed.fr/jobs?q=Ing%C3%A9nieur&start=30',
 'job_title': 'Ingénieur assurance qualité fournisseurs H/F',
 'link_url': '/rc/clk?jk=9db699688e446a07&fccid=b3885ca934ed0066&vjs=3',
 'location': 'La Teste-de-Buch (33)',
 'salary': None,
 'site': 'Indeed',
 'summary': 'Le Groupe est en 4ème position du classement Universum des '
            'entreprises préférées des jeunes'}
2020-02-19 16:08:15 [scrapy] DEBUG: Scraped from <200 https://www.indeed.fr/jobs?q=Ing%C3%A9nieur&start=30>
{'company': 'Compagnie Européenne des Bains',
 'crawl_url': 'https://www.indeed.fr/jobs?q=Ing%C3%A9nieur&start=30',
 'job_title': 'Ingénieur HSE H/F',
 'link_url': '/company/VALVITAL/jobs/Ing%C3%A9nieur-HSE-db7e0dfc0e186729?fccid=a22a275db17a13e0&vjs=3',
 'location': 'Aix-les-Bains (73)',
 'salary': '3 000 € par mois',
 'site': 'Indeed',
 'summary': 'Formation minimale exigée : Formations techniques supérieures de '
            'niveau I (écoles d’ingénieurs, masters universitaires) ou bac+2 '
            'avec expérience en matière de…'}
2020-02-19 16:08:15 [scrapy] DEBUG: Scraped from <200 https://www.indeed.fr/jobs?q=Ing%C3%A9nieur&start=30>
{'company': '',
 'crawl_url': 'https://www.indeed.fr/jobs?q=Ing%C3%A9nieur&start=30',
 'job_title': 'Ingénieur REACH H/F',
 'link_url': '/pagead/clk?mo=r&ad=-6NYlbfkN0DUN2b5WQb1EDIJ1VOcXkP2btY8_Jwn5DWOsultnYr2G_N_i2W0F2YhhbmE6xOyA7kuTX3aV-9RXTJFO05ZnRPle1mkrVKFBprOSMqCAjyalkhLnR9p5ihDoC9lmiJHKGLoWuXkSAfbY6s1jLthruOPRJwL3rWC1q1mKSkYrQujA7VRcjDWfk2PCN3K8Gq-WoYsRTfn0i0Qwk9B85cehDn7dU8fR0p_DMinY26kk-OSzVJHUYnGcx1LmGW899zyyafzkidmlDtaxhxSECv6PEKsvWDBd5ryA7fr-KRe6EV0vtdii6bA-IHziAKupmvAZl_NyRzUxjlDkS2_9-cgAx9CD0IT7S-fR-aYLydnmxLgO9UTighkfAznc64G5Ib7IvnnQnTnI53YmsPvVkM1lR7Ug5Lqv_T8N6mttGq8XcuuRty_IG8ywC1aDQUxDrQTNJ3BRv4C1yHKcrOT_vwvK4w0hJ1Rtv-9hxuUFZx2ZKwdEw==&p=14&fvj=0&vjs=3',
 'location': 'Saint-Dizier (52)',
 'salary': None,
 'site': 'Indeed',
 'summary': 'Dans le cadre de nouveaux projets, nous recherchons un'}
2020-02-19 16:08:15 [scrapy] DEBUG: Scraped from <200 https://www.indeed.fr/jobs?q=Ing%C3%A9nieur&start=30>
{'company': 'SEAC',
 'crawl_url': 'https://www.indeed.fr/jobs?q=Ing%C3%A9nieur&start=30',
 'job_title': "Ingénieur bureau d'études H/F",
 'link_url': '/pagead/clk?mo=r&ad=-6NYlbfkN0CyvmtQexVzx1pixriGlN6W2hH9gkfVFJY8U9CZ34K6-rN36WUcIhek7DViQRM5dn0ihYofntzToGcjiJNRX1qoptK23v6WRL2Fjzvmip0FkXqQtDZfovyHn_YXRlJH7cq0xbcWE3KqXSPNh5Xpy04Xmgf7YXOzha3qvGIzvkWJ1XpdOpfi416KSF4MwoNrGRhd2H6DByXeDhywWnC6-hxExlUdTd8acLFpzv4BgMq5YO53qwI8Y7DcZ0S1v-z5z3UpT6_dXf8XZoj4H56CBamshIRN2p97_CaXcoIdMyoMoiQHkuMkwBkOOAYvGhuPVZcC8ujFjQxwiS1opn7qjo3Cmd1urzbxfN71TN9o7s5_NHLRzAmG8-ohYuzyb6sl2c7Mpm0s2X-fp-T1e1L4t-4Tbik46GrNW6dVLz1x--1aWvRMlDTnsVuQh0_5VQG7onn3_3IRmfnyCg==&p=15&fvj=1&vjs=3',
 'location': 'Gard',
 'salary': '24 000 € - 28 000 € par an',
 'site': 'Indeed',
 'summary': "Ingénieur bureau d'études h/f ou similaire: 1 an (Requis)."}
2020-02-19 16:08:16 [scrapy] DEBUG: Scraped from <200 https://www.indeed.fr/jobs?q=Ing%C3%A9nieur&start=30>
{'company': '',
 'crawl_url': 'https://www.indeed.fr/jobs?q=Ing%C3%A9nieur&start=30',
 'job_title': 'Ingénieur Etudes et Développement H/F',
 'link_url': '/pagead/clk?mo=r&ad=-6NYlbfkN0C4k4p-k5JzKkeZ2Lr19hfYmMp1S0DcJgPWWdbuG5E_sIArX6VRKNiqDukHdWSMqdSaXofdUfV4m5qo2zmyx-e7fDlIQJCB_TEy075U7HQWLVRnj50s_6kJ0NckY8JbjvawsvFJLqjlSNtMnmXna7r5QOoRF6LdPRrKprm_4-KqoLfsXEh2Ic_SdimlVhQbgTCvHfw2PVHS1M0d0rWzKOWiUsOs6i9CoUlEJ0EoHyPv3pTlYXZPOmh9duH6QbT4MLRy1Wj238ZVDvO3Spnz2h2zJuHhaFOarOCJ-cbzGsw0GO9CbnIdPkTbe7XZ2eU2bb_9GpG1Pc9XEJFBxW5h7UK9aGHj5CS4fY3ZfOBZD5dGGstZzZIYKHDDLCkSlMxr0nhRPkniClB4op_y57yT58EhiUFm4HpL1CcEfurIlyyEiNGyptLt10bIcdOhaae3DdFywQ0amN9JaQ==&p=16&fvj=1&vjs=3',
 'location': "Villeneuve-d'Ascq (59)",
 'salary': None,
 'site': 'Indeed',
 'summary': 'Dans un contexte international et dans un environnement où la '
            'sécurité des systèmes d’information est une composante majeure, '
            'nous recrutons un'}
2020-02-19 16:08:16 [scrapy] DEBUG: Scraped from <200 https://www.indeed.fr/jobs?q=Ing%C3%A9nieur&start=30>
{'company': 'APILOG Automatisme Industriel',
 'crawl_url': 'https://www.indeed.fr/jobs?q=Ing%C3%A9nieur&start=30',
 'job_title': 'Ingénieur Automatismes Industriels',
 'link_url': '/pagead/clk?mo=r&ad=-6NYlbfkN0DF6JVSXUO5BtyVCZTLdT-IfDPjih1FLGqn5AwuUaSI3bbekXVbQI-T0EKuhQQhtClh0SGGQTIrc4ASbo94CfBZ7-ncHKJi8Llh7COsD20xKthGiJGf-n9wOMGniLzUZhtoxef1LJIhYZqdbexbya8smKKjLrou0dRxKJIqBZP3kKG1QBO7b3xwXLn5ZP3RslJlcjpLULFxXDOhx8aEj7Y-wVsftuEjMZt-_QDfO-U9gMdPfjdF9T6XWXatH2rO0yaIUZjTZNb3b3-wOiItf8OOvGdV7cluIQx7SjjmaZabTqq8WUiwENcB4kQvPelk9wmIm4m1RrDAxRSKZpH_oO5u3Tv8k-kRGBIKWRrX1701yrib3RvH43hQGRpOXtG5BJaI5czB0yWh6hOtffFTRoYwavW-XeX936KV8GYt-IvtpCwBXL_IH1InPTTltBGWEcc0JUN8o3-FdIwaAcS1LtE6pXezyA1f0wE=&p=17&fvj=1&vjs=3',
 'location': 'Chanteloup-les-Vignes (78)',
 'salary': '35 000 € - 50 000 € par an',
 'site': 'Indeed',
 'summary': 'Ingénieur automatismes industriels ou similaire: 2 ans '
            '(Souhaité).'}
2020-02-19 16:08:16 [scrapy] DEBUG: Scraped from <200 https://www.indeed.fr/jobs?q=Ing%C3%A9nieur&start=30>
{'company': '',
 'crawl_url': 'https://www.indeed.fr/jobs?q=Ing%C3%A9nieur&start=30',
 'job_title': 'Ingénieur méthodes & Process H/F',
 'link_url': '/pagead/clk?mo=r&ad=-6NYlbfkN0CJQjIynK2A58ru0dyZMcOug4YnImVAtVGAQVWPfsPR2MSVccHjsg4vrxqs0pzJNxefrr5J92sypTYnGk9HoYW5s3ey5c1Iox6hfmPrg0WiALltidTGHuxuZgw3k7tZeRzS-ltKW9zCWlVn32BnYtw41hWkakPMsJTceQp4iMcCRSK9WkwpPcb44kz-xp5xxzahAHDb7jI-igP1ohRK2Bn_E-1SLcbJPcS5qhXlinvrOUO3MDM5-2eyE3Np8lsMQgOhNZDuoirTn5_D-1Wh4weE3peJLTMQrY00nxNduwAzKNdDDe0gjIaU25gVrKQcymcaB_c98DWg4d1e8gjyl3BAIFHSLITKBNni3dr7gmkWMqeYDAATalZpK2GWCO3Jn2ctdB0cwRP-2J7YfWpHOiPxTIxtS8QoBG1K1B57S_sMIrIj4o-Kiy6Nkr4ARhiq85lzbdhtjopRNAie0vmjU_cOUGF-k2-ZjRXbIllMFrW4Pg==&p=18&fvj=1&vjs=3',
 'location': 'Nantes (44)',
 'salary': None,
 'site': 'Indeed',
 'summary': 'Ingénieur méthodes & process h/f ou similaire: 1 an (Souhaité).'}
2020-02-19 16:08:16 [scrapy] INFO: Closing spider (stop generating requests, only 5 requests allowed)
2020-02-19 16:08:16 [scrapy] INFO: Dumping Scrapy stats:
{'downloader/request_bytes': 2822,
 'downloader/request_count': 6,
 'downloader/request_method_count/GET': 6,
 'downloader/response_bytes': 413196,
 'downloader/response_count': 6,
 'downloader/response_status_count/200': 5,
 'downloader/response_status_count/301': 1,
 'elapsed_time_seconds': 22.407913,
 'finish_reason': 'stop generating requests, only 5 requests allowed',
 'finish_time': datetime.datetime(2020, 2, 19, 16, 8, 16, 395870),
 'item_scraped_count': 75,
 'log_count/DEBUG': 311,
 'log_count/INFO': 82,
 'memusage/max': 80584704,
 'memusage/startup': 80584704,
 'request_depth_max': 4,
 'response_received_count': 5,
 'robotstxt/request_count': 1,
 'robotstxt/response_count': 1,
 'robotstxt/response_status_count/200': 1,
 'scheduler/dequeued': 5,
 'scheduler/dequeued/memory': 5,
 'scheduler/enqueued': 6,
 'scheduler/enqueued/memory': 6,
 'start_time': datetime.datetime(2020, 2, 19, 16, 7, 53, 987957)}
2020-02-19 16:08:16 [scrapy] INFO: Spider closed (stop generating requests, only 5 requests allowed)
