2020-02-19 16:05:50 [scrapy] DEBUG: Crawled (200) <GET https://www.indeed.fr/robots.txt> (referer: None)
2020-02-19 16:05:50 [scrapy] DEBUG: Redirecting (301) to <GET https://www.indeed.fr/Emplois-Ing%C3%A9nieur> from <GET https://www.indeed.fr/jobs?q=Ing%C3%A9nieur>
2020-02-19 16:05:50 [scrapy] DEBUG: Crawled (200) <GET https://www.indeed.fr/Emplois-Ing%C3%A9nieur> (referer: None)
2020-02-19 16:05:50 [indeed2] DEBUG: 

 Crawling  https://www.indeed.fr/Emplois-Ing%C3%A9nieur

2020-02-19 16:05:51 [scrapy] DEBUG: Scraped from <200 https://www.indeed.fr/Emplois-Ing%C3%A9nieur>
{'company': '',
 'crawl_url': 'https://www.indeed.fr/Emplois-Ing%C3%A9nieur',
 'job_title': 'Ingénieur méthodes & Process H/F',
 'link_url': '/pagead/clk?mo=r&ad=-6NYlbfkN0CJQjIynK2A58ru0dyZMcOug4YnImVAtVGAQVWPfsPR2MSVccHjsg4vrxqs0pzJNxefrr5J92sypTYnGk9HoYW5s3ey5c1Iox6hfmPrg0WiALltidTGHuxuZgw3k7tZeRzS-ltKW9zCWlVn32BnYtw41hWkakPMsJTceQp4iMcCRSK9WkwpPcb4rolrlwkTvtiHMkPJrbryKZPquGpVYx5BzySGuFOXScf2zk-p-B7lB1Z0h9ML_h6pC9fG8c5CRnBtx1Ywp2Of_4SyD_-vZIQXdfshcujHEeeY873WcU_TJETww-bFhIIm2UQTc0o9_1socsnIqZ43zobb7uVXsE8NZLothHVLkM4-7rSXZyXmJr4By5OiokA_fcdmpxc6iHpEApRdaigYsPQWm9ZlrqXUA95zHH2i2IDpKAnNxldT-cUwB5KYBhN4vZGKc5Bl0gAOIWiD7_Amf0IGFjnzntQVooj8S0TpuGlIL3iuV_smuw==&p=0&fvj=1&vjs=3',
 'location': 'Nantes (44)',
 'salary': None,
 'site': 'Indeed',
 'summary': 'Ingénieur méthodes & process h/f ou similaire: 1 an (Souhaité).'}
2020-02-19 16:05:51 [scrapy] DEBUG: Scraped from <200 https://www.indeed.fr/Emplois-Ing%C3%A9nieur>
{'company': '',
 'crawl_url': 'https://www.indeed.fr/Emplois-Ing%C3%A9nieur',
 'job_title': 'Ingénieur REACH H/F',
 'link_url': '/pagead/clk?mo=r&ad=-6NYlbfkN0DUN2b5WQb1EDIJ1VOcXkP2btY8_Jwn5DWOsultnYr2G_N_i2W0F2YhhbmE6xOyA7kuTX3aV-9RXTJFO05ZnRPle1mkrVKFBprOSMqCAjyalkhLnR9p5ihDoC9lmiJHKGLoWuXkSAfbY6s1jLthruOPRJwL3rWC1q1mKSkYrQujA7VRcjDWfk2P5R-9TbcguN6cbMvDthBlV-jD5OSU3HAFV44MPUvwieIPm2rWsMrUdehhKEDQqJ0iAWhkN0DSyScpHv7hYxBlL8HY9mAq7myM_4VVKa2KWHytq5uGS9MFMhGr3vrQujYyh5Xo1ikp_gn0pJc9ot7kLypPc7dLAnVH-0Y_KA9_-FUoT7LCGImOoEqgT8gD7zsbS4DMNB_QQavukpHgjSShUJ2DEgN1dd1mJlUgqEZtlpLKx9esGU8EwyU1vrawnoIPfKWuYjoLRL_nilI3w-kA1IgRrlGbsoP0aMXqyL8qpBMyf4bHCJ_w2g==&p=1&fvj=0&vjs=3',
 'location': 'Saint-Dizier (52)',
 'salary': None,
 'site': 'Indeed',
 'summary': 'Dans le cadre de nouveaux projets, nous recherchons un'}
2020-02-19 16:05:51 [scrapy] DEBUG: Scraped from <200 https://www.indeed.fr/Emplois-Ing%C3%A9nieur>
{'company': 'CANON',
 'crawl_url': 'https://www.indeed.fr/Emplois-Ing%C3%A9nieur',
 'job_title': "Ingénieur d'affaire H/F",
 'link_url': '/pagead/clk?mo=r&ad=-6NYlbfkN0D8ug2A1gI-D5PoSB-Z4oRM_Cnu0yE0dFauHuLvirspjCVCnEoapHKnEBieo3X3eNmGZylpOAH96JKA5fZcajdZKug108wNicfqRMDOwy20EXQIu0tcylJXka8abGyHyr3SA9Ozo5R7CRHdQI2AwG-JKe5qhkyEsyq-dITjlGO5utNThtrxOGNsDPA9sv-XK3-Grjr2M0fRESntKezYrFJSejMd1YLtnuhoDyYilwvDx8fWYV5-Jb9aUW1vrdcoJfWc1xhHYxBPYiyt6e980A9Kd6Ax-4BQ4bpikwmnv0u2jxbZIC7X_hIZXD-9qDFbJ6b_dSQ0ayz-W_G-ZydnJABcLZepU1iFc0_Qd_QvtxzNMPV9agLGKSlkTA7673g1eIDGnAeOm2NaSPrIKmAigBDbut4DrswDy80LHv3VtSHtmsXQsfL0rXhSRMoQAe0XdZ2PiCvVnRzuMypTUgV9sXS2&p=2&fvj=1&vjs=3',
 'location': 'Paris (75)',
 'salary': '60 000 € - 80 000 € par an',
 'site': 'Indeed',
 'summary': "Découvrez cette offre d'emploi en vidéo : "
            'https://youtu.be/Ya3z-wNGYSc.'}
2020-02-19 16:05:51 [scrapy] DEBUG: Scraped from <200 https://www.indeed.fr/Emplois-Ing%C3%A9nieur>
{'company': 'ILIOS CONFORT',
 'crawl_url': 'https://www.indeed.fr/Emplois-Ing%C3%A9nieur',
 'job_title': 'INGÉNIEUR ETUDE PHOTOVOLTAÏQUE - H/F',
 'link_url': '/pagead/clk?mo=r&ad=-6NYlbfkN0DoVxVWLfYFGsyTEKijx5Hav0VBsccIQE7ui7W7YjePrGpr0FsYuvK4baYqF4sb7UsV_sElzNaKQaMp4b7kEin_AkTUve6NrqYFxI-15AMjZlDxj5CoTSGnY2h4Vlc0epxLmIB8tOlEIpY7kvGHWPu0Wfuk6AdHSvs6dVoclXASO4tIy6ATwrHMuXIqGpi0QHWnKpsV3G3LIdXPrHKFbjhFpjobftcVp7sOPv2NZ5z7GVZexrXOheQT3LI7tRh4YIz9vAKxHGExqAZHOd9fW-gZ7P6_vBymy4ZQVf6d26nvRIOk6EMSlkkzL4HZeaB3UTp86RN8_wkkBrq58vvaIi-F22i-Q1pn2PoJCG-MlZzpP2PUxpsXS7XTR3MKB5F3pco_LIcVsRuPCE_fP2DwAf1M48SV3CNM8s2IWO9Yq_DmpW1FeEDZa1UDF5EAEshRoNAtlyXqG44RRf5GzEhHzlPe4d40q5kJQ7mUwxdxQDeILWCDoD2VsEPv&p=3&fvj=1&vjs=3',
 'location': 'Lattes (34)',
 'salary': '2 000 € - 3 000 € par mois',
 'site': 'Indeed',
 'summary': 'Le Groupe ILIOS CONFORT est né il y a 10 ans, à Montpellier, dans '
            'le département de l’Hérault..'}
2020-02-19 16:05:51 [scrapy] DEBUG: Scraped from <200 https://www.indeed.fr/Emplois-Ing%C3%A9nieur>
{'company': 'SOFALI',
 'crawl_url': 'https://www.indeed.fr/Emplois-Ing%C3%A9nieur',
 'job_title': "Ingénieur d'affaires ESN",
 'link_url': '/pagead/clk?mo=r&ad=-6NYlbfkN0DUwRMpguEI7DT0Tuz45XvOZN5jyjEGR-XH1n6J_PeQ0GTqy4JvT5XKCUFNrf8e7IMamOwLGcCKOXvc7zUOMDSZNnFgLnp8TvFL9E3xzYdk-vqEnf5-m-1RDCkMozfAB4uekoW7MsUs7EosFQCyBfSkrpEUT-LmsdraELntf05GS0RvoxfE84p0Xr8ZHNzadAfkbFKGHmPAoELBbnnE0bi2u5A-S_TVHw7odr7QP-KXaNCOAGfxbR0BjkDYijoaOqqQLIQ_FK77Ylxx2zbJ-_Of8_T30H8XuSPO7mIaDvnmalk3FyB-djADsdw_qRA2HFK3IgOhcgg3Jt29_jJYTvg5iEnxJJOIfDrf4dG5mkzTu-Slm9mjkon_bw7NFfNeHNCaizdQ0PiG7Hglh-TiCBmrxppOhsVzE8SNRI73YGGqMLR_YxNfiZNtMLnz154IFfBILYYvCsvBFRG79AFPMx1x&p=4&fvj=1&vjs=3',
 'location': 'Paris (75)',
 'salary': '35 000 € par an',
 'site': 'Indeed',
 'summary': "Ingénieur d'affaires ou similaire: 3 ans (Requis)."}
2020-02-19 16:05:51 [scrapy] DEBUG: Scraped from <200 https://www.indeed.fr/Emplois-Ing%C3%A9nieur>
{'company': '',
 'crawl_url': 'https://www.indeed.fr/Emplois-Ing%C3%A9nieur',
 'job_title': "Ingénieur Junior Marché de l'Energie (h/f)",
 'link_url': '/pagead/clk?mo=r&ad=-6NYlbfkN0CTNS0WgMHjtb0Nqr_GGWeKK0BdkbTlBPMLcGLeM92sfgz_Ee6-rOA__7SywUnizlRGH9MUrANh99DFWTY7LmhTZ_QQIjV0X-kfygYb0Y-bLjgzdSB8_iIJOPlPpifWAdVp17bs8kZNud5_nreGwvzaDpGwkhezAcQFYC5E3mk8ZsPpYktuhdzneSFqCXiGtBWKLAxgYPpvbQqXs2_zthdOr4PB3OphHHv579pkK-7F73kHDAbDmFBRX43fVcvl9DbSnl6XCphhiO8eYtiQr3UyiNy0nT9tfRiJez_wqheQJ6AgGQ82RlEG2GlS02LAPrFbPcbHLyvHlxhtlHRbMt3Zp3UlUEwLudVYT4Y_JBdk8XMf3-QPBvJBVJWbolxGk0p1f8AOdtI6rgpAR85fiXC4v4MshCTZooOC6Sklp1y1CrlhidFwbWRQ3LO781YxHz7n3AID5bOhwj42FJ3fT5PiT1592M8Jc1g1oGQy2y-xso_CD86QFy1Py-5nhFkZuvLsfFQd-0OeIFSe1BKneLXTqTrT4ESh9d67GGpFh8d60g==&p=5&fvj=0&vjs=3',
 'location': 'Metz (57)',
 'salary': '38 000 € - 45 000 € par an',
 'site': 'Indeed',
 'summary': 'Titulaire d’un diplôme d’ingénieur de haut niveau avec un intérêt '
            'pour les marchés de l’énergie, vous êtes curieux et rigoureux.'}
2020-02-19 16:05:52 [scrapy] DEBUG: Scraped from <200 https://www.indeed.fr/Emplois-Ing%C3%A9nieur>
{'company': '',
 'crawl_url': 'https://www.indeed.fr/Emplois-Ing%C3%A9nieur',
 'job_title': 'Ingénieur Matériaux',
 'link_url': '/rc/clk?jk=16204fe10408dc3e&fccid=aaec0480e2e19692&vjs=3',
 'location': 'France',
 'salary': None,
 'site': 'Indeed',
 'summary': 'Master ou diplôme d’ingénieur en génie des matériaux ou '
            'équivalent avec une expérience de minimum 3/5 ans dans le '
            'domaine, avec un contact direct avec le client…'}
2020-02-19 16:05:52 [scrapy] DEBUG: Scraped from <200 https://www.indeed.fr/Emplois-Ing%C3%A9nieur>
{'company': 'Département du Lot',
 'crawl_url': 'https://www.indeed.fr/Emplois-Ing%C3%A9nieur',
 'job_title': 'Travailler au Département du Lot',
 'link_url': '/rc/clk?jk=63ed250bc209fd9d&fccid=2ab62c2c8f53a7a4&vjs=3',
 'location': 'Lot',
 'salary': None,
 'site': 'Indeed',
 'summary': 'Travailler au Département du Lot.'}
2020-02-19 16:05:52 [scrapy] DEBUG: Scraped from <200 https://www.indeed.fr/Emplois-Ing%C3%A9nieur>
{'company': '',
 'crawl_url': 'https://www.indeed.fr/Emplois-Ing%C3%A9nieur',
 'job_title': 'STAGE INGÉNIEUR MÉTHODES UAP',
 'link_url': '/rc/clk?jk=ef9f7e9cfee2c2fe&fccid=ffac1b3685b3c240&vjs=3',
 'location': 'Annemasse (74)',
 'salary': None,
 'site': 'Indeed',
 'summary': 'Envie de relever les défis du véhicule de demain ?'}
2020-02-19 16:05:52 [scrapy] DEBUG: Scraped from <200 https://www.indeed.fr/Emplois-Ing%C3%A9nieur>
{'company': '',
 'crawl_url': 'https://www.indeed.fr/Emplois-Ing%C3%A9nieur',
 'job_title': 'Ingénieur amélioration continue (F/H)',
 'link_url': '/rc/clk?jk=eb77cc4baf17541a&fccid=4c1dc7d9791a6941&vjs=3',
 'location': 'Marignier (74)',
 'salary': None,
 'site': 'Indeed',
 'summary': 'Formation supérieure de niveau Ecole d’ingénieur avec une '
            'expérience de 5.'}
2020-02-19 16:05:52 [scrapy] DEBUG: Scraped from <200 https://www.indeed.fr/Emplois-Ing%C3%A9nieur>
{'company': '',
 'crawl_url': 'https://www.indeed.fr/Emplois-Ing%C3%A9nieur',
 'job_title': 'Ingénieur (e) Qualité confirmé (e) H/F',
 'link_url': '/rc/clk?jk=434fd5dc76ca1a14&fccid=90f0cbc4a30f8dba&vjs=3',
 'location': 'Valenciennes (59)',
 'salary': None,
 'site': 'Indeed',
 'summary': "Au sein de la division Qualité, vous intégrerez l'équipe «Quality "
            'Engineering» composée de 7'}
2020-02-19 16:05:52 [scrapy] DEBUG: Scraped from <200 https://www.indeed.fr/Emplois-Ing%C3%A9nieur>
{'company': '',
 'crawl_url': 'https://www.indeed.fr/Emplois-Ing%C3%A9nieur',
 'job_title': 'Ingénieur de développement R&D Confirmé F/H',
 'link_url': '/rc/clk?jk=e92da656a8968d28&fccid=07661a4e5e3582cf&vjs=3',
 'location': 'La Roche-sur-Yon (85)',
 'salary': '35 000 € par an',
 'site': 'Indeed',
 'summary': 'Notre client est un éditeur de logiciels innovants dédiés au '
            'secteur de la restauration.'}
2020-02-19 16:05:52 [scrapy] DEBUG: Scraped from <200 https://www.indeed.fr/Emplois-Ing%C3%A9nieur>
{'company': '',
 'crawl_url': 'https://www.indeed.fr/Emplois-Ing%C3%A9nieur',
 'job_title': 'Ingénieur CI/CD H/F',
 'link_url': '/rc/clk?jk=68605d9baa683947&fccid=43c5b67847a9226c&vjs=3',
 'location': 'Pau (64)',
 'salary': None,
 'site': 'Indeed',
 'summary': "Diplômé-e d'une école d'ingénieur, vous êtes capables d’apporter "
            'des compétences en:'}
2020-02-19 16:05:52 [scrapy] DEBUG: Scraped from <200 https://www.indeed.fr/Emplois-Ing%C3%A9nieur>
{'company': '',
 'crawl_url': 'https://www.indeed.fr/Emplois-Ing%C3%A9nieur',
 'job_title': 'Alternant ingénieur méthode projets ou production',
 'link_url': '/company/Stanley-Black-&-Decker/jobs/Alternant-Ing%C3%A9nieur-M%C3%A9thode-Projets-Ou-Production-75ecd5ce26641058?fccid=d30328706976dba9&vjs=3',
 'location': 'Damparis (39)',
 'salary': None,
 'site': 'Indeed',
 'summary': 'La Société Stanley Black&Decker Manufacturing, *.'}
2020-02-19 16:05:53 [scrapy] DEBUG: Scraped from <200 https://www.indeed.fr/Emplois-Ing%C3%A9nieur>
{'company': '',
 'crawl_url': 'https://www.indeed.fr/Emplois-Ing%C3%A9nieur',
 'job_title': 'ORMES - Techniciens de production en conditionnement',
 'link_url': '/rc/clk?jk=cdcb1234b812a919&fccid=ec8a0bd60be9a6f5&vjs=3',
 'location': 'Orléans (45)',
 'salary': None,
 'site': 'Indeed',
 'summary': 'Technicien de production au sein de nos ateliers de '
            'conditionnement.'}
2020-02-19 16:05:53 [scrapy] DEBUG: Scraped from <200 https://www.indeed.fr/Emplois-Ing%C3%A9nieur>
{'company': '',
 'crawl_url': 'https://www.indeed.fr/Emplois-Ing%C3%A9nieur',
 'job_title': 'Ingénieur Energies Renouvelables - F/H',
 'link_url': '/company/Alterea/jobs/Ing%C3%A9nieur-Energies-Renouvelables-066360c837ec66bf?fccid=efe33954dfb411f8&vjs=3',
 'location': 'Nantes (44)',
 'salary': None,
 'site': 'Indeed',
 'summary': 'Ingénieur energies renouvelables - f/h ou similaire: 5 ans '
            '(Requis).'}
2020-02-19 16:05:54 [scrapy] DEBUG: Scraped from <200 https://www.indeed.fr/Emplois-Ing%C3%A9nieur>
{'company': '',
 'crawl_url': 'https://www.indeed.fr/Emplois-Ing%C3%A9nieur',
 'job_title': 'Ingénieur Etudes et Développement H/F',
 'link_url': '/pagead/clk?mo=r&ad=-6NYlbfkN0C4k4p-k5JzKkeZ2Lr19hfYmMp1S0DcJgPWWdbuG5E_sIArX6VRKNiqDukHdWSMqdSaXofdUfV4m5qo2zmyx-e7fDlIQJCB_TEy075U7HQWLVRnj50s_6kJ0NckY8JbjvawsvFJLqjlSNtMnmXna7r5QOoRF6LdPRrKprm_4-KqoLfsXEh2Ic_SwjAPQHN1QVp59bvP_ab8DQFpeEtJv1ue73zJnuLETBSbk53PUXzsJwoc0tW77_ZnBL60l8jfdKG3u1UYrZhJOhBp88cA8gXHzeCnF7J0L4I8vU24e-_Iiv5-KNQ6oyjgxJWwQHi-Nek-qbzp7jm2NG_Sey9j4l1X5lCMvcEIabcsuN1IbmdGOIL-td_Sb7_ftPK2Q5H2I-Zo8B0gMlqPQoL6vn154xqFNGCCHx3vw-ZNWF6igYd5ENOMHdD7vhBvn07oj-3AzmXytY6jpvgljg==&p=16&fvj=1&vjs=3',
 'location': "Villeneuve-d'Ascq (59)",
 'salary': None,
 'site': 'Indeed',
 'summary': 'Dans un contexte international et dans un environnement où la '
            'sécurité des systèmes d’information est une composante majeure, '
            'nous recrutons un'}
2020-02-19 16:05:54 [scrapy] DEBUG: Scraped from <200 https://www.indeed.fr/Emplois-Ing%C3%A9nieur>
{'company': 'SEAC',
 'crawl_url': 'https://www.indeed.fr/Emplois-Ing%C3%A9nieur',
 'job_title': "Ingénieur bureau d'études H/F",
 'link_url': '/pagead/clk?mo=r&ad=-6NYlbfkN0CyvmtQexVzx1pixriGlN6W2hH9gkfVFJY8U9CZ34K6-rN36WUcIhek7DViQRM5dn0ihYofntzToGcjiJNRX1qoptK23v6WRL2Fjzvmip0FkXqQtDZfovyHn_YXRlJH7cq0xbcWE3KqXSPNh5Xpy04Xmgf7YXOzha3qvGIzvkWJ1XpdOpfi416KFR5IEWFkil7j0KSWmy2FC_bqMi0t_ihSjf_l7f71qwlaEr0kHd_N_J_PVMuLW3GAgIEzm0k4ipib_WQuLoXVg4ZP5l15-QbaUyK3r-2tlzPEF76YoImNinnpdC7NwMurIdDinyjKJDsn762VTV-cR4sr1aPyCx8Q6G8e_KYuqGORTDY2jYiJ_V_fCgjxq1YS-eO1r_a_Mr5NAubf3bk_aRk4cm6OUdGTiXZD3zVf3IUHnXdyB-e82ROrvh6WM2Es0-cU0oYIuvKHdCFHXKY6_A==&p=17&fvj=1&vjs=3',
 'location': 'Gard',
 'salary': '24 000 € - 28 000 € par an',
 'site': 'Indeed',
 'summary': "Ingénieur bureau d'études h/f ou similaire: 1 an (Requis)."}
2020-02-19 16:05:54 [scrapy] DEBUG: Crawled (200) <GET https://www.indeed.fr/jobs?q=Ing%C3%A9nieur&start=10> (referer: https://www.indeed.fr/Emplois-Ing%C3%A9nieur)
2020-02-19 16:05:55 [indeed2] DEBUG: 

 Crawling  https://www.indeed.fr/jobs?q=Ing%C3%A9nieur&start=10

2020-02-19 16:05:55 [scrapy] DEBUG: Scraped from <200 https://www.indeed.fr/jobs?q=Ing%C3%A9nieur&start=10>
{'company': 'CANON',
 'crawl_url': 'https://www.indeed.fr/jobs?q=Ing%C3%A9nieur&start=10',
 'job_title': "Ingénieur d'affaire H/F",
 'link_url': '/pagead/clk?mo=r&ad=-6NYlbfkN0D8ug2A1gI-D5PoSB-Z4oRM_Cnu0yE0dFauHuLvirspjCVCnEoapHKnEBieo3X3eNmGZylpOAH96JKA5fZcajdZKug108wNicfqRMDOwy20EXQIu0tcylJXka8abGyHyr3SA9Ozo5R7CRHdQI2AwG-JKe5qhkyEsyq-dITjlGO5utNThtrxOGNs5ysi86r_-3515Frk-CzpKoMcOEhp-QeVAMZQQDsVENhKEgpA4Sx4Q182HdXAFz_wEFttvBNhEMK1Rx3ZHyY7yB4hYeOgAMSGRsJLUHhb7rhTen3RS8zGtXH5N1LbROjMsYxxBjy1GRqUDB54e4GvtLdfkiaj8Af0JDWD634_XxT7ZDPIiHHmGknH6xZe2PHN99ELM2fsPtQ6GccZRa0uPcDJccXeHFzkAYmHlUwz5arPx8OTbGIuHRWLvMmxQNc3s3Rc0Vzi5A1TjJrJxV3bJqV1OZccsHCX&p=0&fvj=1&vjs=3',
 'location': 'Paris (75)',
 'salary': '60 000 € - 80 000 € par an',
 'site': 'Indeed',
 'summary': "Découvrez cette offre d'emploi en vidéo : "
            'https://youtu.be/Ya3z-wNGYSc.'}
2020-02-19 16:05:55 [scrapy] DEBUG: Scraped from <200 https://www.indeed.fr/jobs?q=Ing%C3%A9nieur&start=10>
{'company': '',
 'crawl_url': 'https://www.indeed.fr/jobs?q=Ing%C3%A9nieur&start=10',
 'job_title': 'Ingénieur REACH H/F',
 'link_url': '/pagead/clk?mo=r&ad=-6NYlbfkN0DUN2b5WQb1EDIJ1VOcXkP2btY8_Jwn5DWOsultnYr2G_N_i2W0F2YhhbmE6xOyA7kuTX3aV-9RXTJFO05ZnRPle1mkrVKFBprOSMqCAjyalkhLnR9p5ihDoC9lmiJHKGLoWuXkSAfbY6s1jLthruOPRJwL3rWC1q1mKSkYrQujA7VRcjDWfk2Pw8rpheIM0xohopZmTzK06038BZ3AxQXiV_c33LQ_Y9P-t0lJskc_dsCZ5Z6jaqklOewNTj91Tb17t9D3Q6WsakgF7FafVCYz5CuKVZnUP44EndZk0CZzYf3KKFd3J-776KaifvcrNondB8sje71rwe7RFvO5IvttH-68VlYld6951tt1P9LJaYwZpJDRVacZccPT4eTzufnD0tirtqSKL99gVPu32kVaBbDUcr4bEp2ImxVV5AVSbQDas-hz0Hb1keTMCggJiNF_PTIFEA12YUOyhxjNMw9b1cKfvdRDPz14G9c9GsDYJQ==&p=1&fvj=0&vjs=3',
 'location': 'Saint-Dizier (52)',
 'salary': None,
 'site': 'Indeed',
 'summary': 'Dans le cadre de nouveaux projets, nous recherchons un'}
2020-02-19 16:05:55 [scrapy] DEBUG: Scraped from <200 https://www.indeed.fr/jobs?q=Ing%C3%A9nieur&start=10>
{'company': 'ILIOS CONFORT',
 'crawl_url': 'https://www.indeed.fr/jobs?q=Ing%C3%A9nieur&start=10',
 'job_title': 'INGÉNIEUR ETUDE PHOTOVOLTAÏQUE - H/F',
 'link_url': '/pagead/clk?mo=r&ad=-6NYlbfkN0DoVxVWLfYFGsyTEKijx5Hav0VBsccIQE7ui7W7YjePrGpr0FsYuvK4baYqF4sb7UsV_sElzNaKQaMp4b7kEin_AkTUve6NrqYFxI-15AMjZlDxj5CoTSGnY2h4Vlc0epxLmIB8tOlEIpY7kvGHWPu0Wfuk6AdHSvs6dVoclXASO4tIy6ATwrHM-1ZiP2GJIQwASRnovlf3y5D1SwCFkJoXd6WPcYofLVXL9tV-no3UAcX8pK8ZIAJuL8JwaEKPYiR9iIbbWeiKHEirnMeeBkIGeZqHS0lXLgd_4UxEHplfIIkzqw-62lcm4ifsLn8iXzUL3ND4-X6Gx1rHIq9RNq2aofkVtQg7h-g_PqqSRhhFRPHz-vM7EyiA_-tTJUquLoMq3GJjKsLWbZFRe_Af0cfYaHq0GSTzv97WRBBwDoPk1uAorJ7ZVpiZMKuO96L9xD1nhVUiJootGCfcjChc36OLuKbCwSuEgFiTjsYp2bF9RuUTjoM-RaWr&p=2&fvj=1&vjs=3',
 'location': 'Lattes (34)',
 'salary': '2 000 € - 3 000 € par mois',
 'site': 'Indeed',
 'summary': 'Le Groupe ILIOS CONFORT est né il y a 10 ans, à Montpellier, dans '
            'le département de l’Hérault..'}
2020-02-19 16:05:55 [scrapy] DEBUG: Scraped from <200 https://www.indeed.fr/jobs?q=Ing%C3%A9nieur&start=10>
{'company': 'SOFALI',
 'crawl_url': 'https://www.indeed.fr/jobs?q=Ing%C3%A9nieur&start=10',
 'job_title': "Ingénieur d'affaires ESN",
 'link_url': '/pagead/clk?mo=r&ad=-6NYlbfkN0DUwRMpguEI7DT0Tuz45XvOZN5jyjEGR-XH1n6J_PeQ0GTqy4JvT5XKCUFNrf8e7IMamOwLGcCKOXvc7zUOMDSZNnFgLnp8TvFL9E3xzYdk-vqEnf5-m-1RDCkMozfAB4uekoW7MsUs7EosFQCyBfSkrpEUT-LmsdraELntf05GS0RvoxfE84p0TDdCAlNsAi5KldhmvdDxpMM4lngC2T32A4KYVmnytLfJsVACvGRBfFxqW7mJlHSOq8-wdXBe-knLmdrd7r8GbRIrh_ALYbFKJ1Pn6yh7rZ38Oc2GkUGdj1THkqR5_XMYfC_43UsHfXVpWlnqfkl0yPvyLvae_GB2xGjDa1soEtvcVf6JRBGr5QTTMzONOFgc3-TzOtFr9EVFlv0v6y_AYA5e2vC3jONRxPP4bn9T6ZW9vs9YaG-WzsMQejQaUaMEfEDrJvguiTdBuQhaMtDTgnyTHDOqyZr3&p=3&fvj=1&vjs=3',
 'location': 'Paris (75)',
 'salary': '35 000 € par an',
 'site': 'Indeed',
 'summary': "Ingénieur d'affaires ou similaire: 3 ans (Requis)."}
2020-02-19 16:05:56 [scrapy] DEBUG: Scraped from <200 https://www.indeed.fr/jobs?q=Ing%C3%A9nieur&start=10>
{'company': 'APILOG Automatisme Industriel',
 'crawl_url': 'https://www.indeed.fr/jobs?q=Ing%C3%A9nieur&start=10',
 'job_title': 'Ingénieur Automatismes Industriels',
 'link_url': '/pagead/clk?mo=r&ad=-6NYlbfkN0DF6JVSXUO5BtyVCZTLdT-IfDPjih1FLGqn5AwuUaSI3bbekXVbQI-T0EKuhQQhtClh0SGGQTIrc4ASbo94CfBZ7-ncHKJi8Llh7COsD20xKthGiJGf-n9wOMGniLzUZhtoxef1LJIhYZqdbexbya8smKKjLrou0dRxKJIqBZP3kGb0oUDAwLrMyddQ-rouYidz7pH0jvAuwjnhDAPdNeP6QcIdoZzUkBbHCvos67U05tHpTmuq8fqyN5PZ0GGHup-84OZjEsWt0i1B5AG-zwMVAvgi70_AV5u0OqzLkKTB-d5do8O8F3I8gtEY9wlAU7dqjQg7PBTq5rQ85rB9liULjoZXFBE1KZ0HHGPJSMQ2BtTlZX3P6aXejpbl6FeKmqNLXF9KxCm5pRsUOfcAetdrkuFZ1QdAYRj7SCl2SnCZNntnXuqu_xwyupMenPyaNBtxQiwOmKamBAVoOnkWRwdfzpshiAk87do=&p=4&fvj=1&vjs=3',
 'location': 'Chanteloup-les-Vignes (78)',
 'salary': '35 000 € - 50 000 € par an',
 'site': 'Indeed',
 'summary': 'Ingénieur automatismes industriels ou similaire: 2 ans '
            '(Souhaité).'}
2020-02-19 16:05:56 [scrapy] DEBUG: Scraped from <200 https://www.indeed.fr/jobs?q=Ing%C3%A9nieur&start=10>
{'company': '',
 'crawl_url': 'https://www.indeed.fr/jobs?q=Ing%C3%A9nieur&start=10',
 'job_title': 'Ingénieur Etudes et Développement H/F',
 'link_url': '/pagead/clk?mo=r&ad=-6NYlbfkN0C4k4p-k5JzKkeZ2Lr19hfYmMp1S0DcJgPWWdbuG5E_sIArX6VRKNiqDukHdWSMqdSaXofdUfV4m5qo2zmyx-e7fDlIQJCB_TEy075U7HQWLVRnj50s_6kJ0NckY8JbjvawsvFJLqjlSNtMnmXna7r5QOoRF6LdPRrKprm_4-KqoLfsXEh2Ic_SQWN3L4-JSK2nAIYuJHFBFPwu-MY83iJ6t6PB1WNunFUa2ACj7w4wg5o1tse-b3qMMgZA6pM9JHrBlNnqoBy3kw0zaHlqmMk3Eg8zlzSGf0pARWDwV5b0mLQwhWQYmsLF8qmpaxvQYUqnO90geeW8GNeQnrMpOWhyuwqT_p3y6EczxbzPGlWsp-XPJNAYFjmmjpj3wXAJ2luriI6tvUlNNRTjrneW8kuoz4cTl9kEZpG7C8WA5VyikA3ceAu81HoZdc5oFv5E161SHCB1Ykz30A==&p=5&fvj=1&vjs=3',
 'location': "Villeneuve-d'Ascq (59)",
 'salary': None,
 'site': 'Indeed',
 'summary': 'Dans un contexte international et dans un environnement où la '
            'sécurité des systèmes d’information est une composante majeure, '
            'nous recrutons un'}
2020-02-19 16:05:56 [scrapy] DEBUG: Scraped from <200 https://www.indeed.fr/jobs?q=Ing%C3%A9nieur&start=10>
{'company': '',
 'crawl_url': 'https://www.indeed.fr/jobs?q=Ing%C3%A9nieur&start=10',
 'job_title': "Stage de 4 à 6 mois (H/F) - Préparation de l'industrialisation "
              "d'un projet automobile",
 'link_url': '/rc/clk?jk=f059c9ec497ddfed&fccid=90f0cbc4a30f8dba&vjs=3',
 'location': 'Valenciennes (59)',
 'salary': None,
 'site': 'Indeed',
 'summary': 'Élève'}
2020-02-19 16:05:56 [scrapy] DEBUG: Scraped from <200 https://www.indeed.fr/jobs?q=Ing%C3%A9nieur&start=10>
{'company': '',
 'crawl_url': 'https://www.indeed.fr/jobs?q=Ing%C3%A9nieur&start=10',
 'job_title': 'Ingénieur conception mécanique H/F',
 'link_url': '/company/ALTEN-SO/jobs/Ing%C3%A9nieur-Conception-M%C3%A9canique-ac97ce93c6717b89?fccid=ebf537736e70d959&vjs=3',
 'location': 'Gujan-Mestras (33)',
 'salary': '30 000 € - 40 000 € par an',
 'site': 'Indeed',
 'summary': 'Ingenieur concep ou similaire: 1 an (Requis).'}
2020-02-19 16:05:56 [scrapy] DEBUG: Scraped from <200 https://www.indeed.fr/jobs?q=Ing%C3%A9nieur&start=10>
{'company': 'Jifmar Offshore Services',
 'crawl_url': 'https://www.indeed.fr/jobs?q=Ing%C3%A9nieur&start=10',
 'job_title': 'Ingénieur Projets H/F',
 'link_url': '/company/JIFMAR-OFFSHORE-SERVICES/jobs/Ing%C3%A9nieur-Projets-7ae4e467751cae1d?fccid=37f032880b03ae75&vjs=3',
 'location': 'Sète (34)',
 'salary': None,
 'site': 'Indeed',
 'summary': 'Ingénieur projets h/f ou similaire: 1 an (Souhaité).'}
2020-02-19 16:05:56 [scrapy] DEBUG: Scraped from <200 https://www.indeed.fr/jobs?q=Ing%C3%A9nieur&start=10>
{'company': '',
 'crawl_url': 'https://www.indeed.fr/jobs?q=Ing%C3%A9nieur&start=10',
 'job_title': 'Ingénieur Méthodes Industrialisation H/F',
 'link_url': '/rc/clk?jk=83c066c256c92434&fccid=b3885ca934ed0066&vjs=3',
 'location': 'La Teste-de-Buch (33)',
 'salary': None,
 'site': 'Indeed',
 'summary': 'Le Groupe est en 4ème position du classement Universum des '
            'entreprises préférées des jeunes'}
2020-02-19 16:05:56 [scrapy] DEBUG: Scraped from <200 https://www.indeed.fr/jobs?q=Ing%C3%A9nieur&start=10>
{'company': 'SAMSON AGRO SASU',
 'crawl_url': 'https://www.indeed.fr/jobs?q=Ing%C3%A9nieur&start=10',
 'job_title': 'Ingénieur Méthodes Industrialisation H/F',
 'link_url': '/company/SAMSON-AGRO-SASU/jobs/Ing%C3%A9nieur-M%C3%A9thodes-Industrialisation-6b5a6ec9570d33e2?fccid=d9a1e68967e0205c&vjs=3',
 'location': 'Landivisiau (29)',
 'salary': '2 500 € - 3 000 € par mois',
 'site': 'Indeed',
 'summary': 'Ingénieur méthodes industrialisation ou similaire: 1 an '
            '(Souhaité).'}
2020-02-19 16:05:57 [scrapy] DEBUG: Scraped from <200 https://www.indeed.fr/jobs?q=Ing%C3%A9nieur&start=10>
{'company': 'Jifmar Offshore Services',
 'crawl_url': 'https://www.indeed.fr/jobs?q=Ing%C3%A9nieur&start=10',
 'job_title': 'Stagiaire Ingénieur projets F/H',
 'link_url': '/company/JIFMAR-OFFSHORE-SERVICES/jobs/Stagiaire-Ing%C3%A9nieur-Projets-F-H-8641666ef6a71e5f?fccid=37f032880b03ae75&vjs=3',
 'location': 'Sète (34)',
 'salary': '561 € par mois',
 'site': 'Indeed',
 'summary': "Dernière année de diplôme d'ingénieur ou équivalent en cours."}
2020-02-19 16:05:57 [scrapy] DEBUG: Scraped from <200 https://www.indeed.fr/jobs?q=Ing%C3%A9nieur&start=10>
{'company': '',
 'crawl_url': 'https://www.indeed.fr/jobs?q=Ing%C3%A9nieur&start=10',
 'job_title': 'Ingénieur généraliste polyvalent débutant H/F',
 'link_url': '/rc/clk?jk=b8fe007a9a93393b&fccid=e3ff72a6ad0d45a9&vjs=3',
 'location': 'Dijon (21)',
 'salary': None,
 'site': 'Indeed',
 'summary': 'Vous serez basé sur le secteur Bourgogne Franche Comté , vous '
            "occuperez un poste d'ingénieur débutant , vous pouvez être amené "
            'à travailler dans différents…'}
2020-02-19 16:05:57 [scrapy] DEBUG: Scraped from <200 https://www.indeed.fr/jobs?q=Ing%C3%A9nieur&start=10>
{'company': '',
 'crawl_url': 'https://www.indeed.fr/jobs?q=Ing%C3%A9nieur&start=10',
 'job_title': 'Assistant.e Ingénieur.e Qualité - Process critique (F / H)',
 'link_url': '/rc/clk?jk=797f0f5e65689546&fccid=1807e5727f702882&vjs=3',
 'location': 'Ducey (50)',
 'salary': None,
 'site': 'Indeed',
 'summary': "Issu d'une formation de niveau Bac+5, en université ou école "
            "d'ingénieur, spécialisé dans la gestion de la qualité "
            'industrielle, vous êtes motivé par l…'}
2020-02-19 16:05:57 [scrapy] DEBUG: Scraped from <200 https://www.indeed.fr/jobs?q=Ing%C3%A9nieur&start=10>
{'company': 'Glassolutions Centre Est Vitrage',
 'crawl_url': 'https://www.indeed.fr/jobs?q=Ing%C3%A9nieur&start=10',
 'job_title': 'Stagiaire ingénieur(e) Amélioration Continue',
 'link_url': '/company/Glassolutions-Centre-Est-Vitrage/jobs/Stagiaire-Ing%C3%A9nieur-Am%C3%A9lioration-Continue-d5ba0391aa90d72c?fccid=3662061c907a1ba3&vjs=3',
 'location': 'Crissey (71)',
 'salary': '800 € - 1 100 € par mois',
 'site': 'Indeed',
 'summary': 'Dans le cadre du programme SAINT-GOBAIN d’amélioration continue « '
            'WCM » (World Class Manufacturing), Glassolutions France propose '
            'des stages de fin d’études…'}
2020-02-19 16:05:58 [scrapy] DEBUG: Scraped from <200 https://www.indeed.fr/jobs?q=Ing%C3%A9nieur&start=10>
{'company': 'Abylsen STRA',
 'crawl_url': 'https://www.indeed.fr/jobs?q=Ing%C3%A9nieur&start=10',
 'job_title': 'Ingénieur Qualité',
 'link_url': '/company/Abylsen-STRA/jobs/Ing%C3%A9nieur-Qualit%C3%A9-41ee50da9afdbbd7?fccid=0468cef8de5290ac&vjs=3',
 'location': 'Annecy (74)',
 'salary': '32 000 € - 35 000 € par an',
 'site': 'Indeed',
 'summary': 'Ingénieur qualité ou similaire: 1 an (Souhaité).'}
2020-02-19 16:05:58 [scrapy] DEBUG: Scraped from <200 https://www.indeed.fr/jobs?q=Ing%C3%A9nieur&start=10>
{'company': '',
 'crawl_url': 'https://www.indeed.fr/jobs?q=Ing%C3%A9nieur&start=10',
 'job_title': "Ingénieur Junior Marché de l'Energie (h/f)",
 'link_url': '/pagead/clk?mo=r&ad=-6NYlbfkN0CTNS0WgMHjtb0Nqr_GGWeKK0BdkbTlBPMLcGLeM92sfgz_Ee6-rOA__7SywUnizlRGH9MUrANh99DFWTY7LmhTZ_QQIjV0X-kfygYb0Y-bLjgzdSB8_iIJOPlPpifWAdVp17bs8kZNud5_nreGwvzaDpGwkhezAcQFYC5E3mk8ZsPpYktuhdzneSFqCXiGtBWKLAxgYPpvbQqXs2_zthdOr4PB3OphHHv579pkK-7F75uFEyQQBrNqHmQlf09qjeJZqDaR4Gzb6Kjdk_ZqqeeAEcvVPFEOATlTWadzXNpWyS88TzaA6DMBsdHR-RuWIIRgfFeI50Qd6Eui11gVpWUHIJ2fJwyrno-4i55JTFC1mkyhjTjMMkU_ZEk6zAvuU72VBtE86K11C8AeCBpJQle11zOlK4tcv1W7AxpExlOusSp1DJEuFvLZ1rh7r9zxB0ersZoWz5kV2Hli_XQYntcjKJrozZdcFd-Q5Tj61QmVBZqKj3NZBfZYTiTsHVUcV5l12QbYDT8hDNJGOnYAsD77tzAsmaR8fydvg2cnKUxQ8w==&p=16&fvj=0&vjs=3',
 'location': 'Metz (57)',
 'salary': '38 000 € - 45 000 € par an',
 'site': 'Indeed',
 'summary': 'Titulaire d’un diplôme d’ingénieur de haut niveau avec un intérêt '
            'pour les marchés de l’énergie, vous êtes curieux et rigoureux.'}
2020-02-19 16:05:58 [scrapy] DEBUG: Scraped from <200 https://www.indeed.fr/jobs?q=Ing%C3%A9nieur&start=10>
{'company': 'SEAC',
 'crawl_url': 'https://www.indeed.fr/jobs?q=Ing%C3%A9nieur&start=10',
 'job_title': "Ingénieur bureau d'études H/F",
 'link_url': '/pagead/clk?mo=r&ad=-6NYlbfkN0CyvmtQexVzx1pixriGlN6W2hH9gkfVFJY8U9CZ34K6-rN36WUcIhek7DViQRM5dn0ihYofntzToGcjiJNRX1qoptK23v6WRL2Fjzvmip0FkXqQtDZfovyHn_YXRlJH7cq0xbcWE3KqXSPNh5Xpy04Xmgf7YXOzha3qvGIzvkWJ1XpdOpfi416K79TJ1I0TNDmJcLqDx-d6lalXe1U2hkeeh3MLVetRVFC8BuZfutXkgXa7oZ2Xt__KA9mzWpVf2VjQiQ1d6gl4AYdPIvqiWWbsx_4U8YK6F51Cs3ATyxbV2RZWeSfjOZDc-y_klzA_gFthXqXK7tEg7gSpXT-uAgOfRpttV62IrAPk-KpNZgTEA54sAiDjz-ldOANlaYBSTpK6JOqu7HY4iVEbwQ_rDsy0ZckGQFxYGJde3j8NFCuZEzwr9rupuxbRyNkj9X4Mmo7TrGozeeoXqw==&p=17&fvj=1&vjs=3',
 'location': 'Gard',
 'salary': '24 000 € - 28 000 € par an',
 'site': 'Indeed',
 'summary': "Ingénieur bureau d'études h/f ou similaire: 1 an (Requis)."}
2020-02-19 16:05:58 [scrapy] DEBUG: Scraped from <200 https://www.indeed.fr/jobs?q=Ing%C3%A9nieur&start=10>
{'company': '',
 'crawl_url': 'https://www.indeed.fr/jobs?q=Ing%C3%A9nieur&start=10',
 'job_title': 'Ingénieur méthodes & Process H/F',
 'link_url': '/pagead/clk?mo=r&ad=-6NYlbfkN0CJQjIynK2A58ru0dyZMcOug4YnImVAtVGAQVWPfsPR2MSVccHjsg4vrxqs0pzJNxefrr5J92sypTYnGk9HoYW5s3ey5c1Iox6hfmPrg0WiALltidTGHuxuZgw3k7tZeRzS-ltKW9zCWlVn32BnYtw41hWkakPMsJTceQp4iMcCRSK9WkwpPcb4KgZGX_AOa1e3RnYDygcU0RTRbVxFJbcChky6hD4x9ZrzOxdSbX8tmiim4wxeQtPeVPH2JvynsBCxwpW_Wo7zmL8c55AxgV95daU4xmd5dt_qBmAwbL-czNrMfwVU6sfQf3AYFBYxm_AJ04hI_jXs5XqncBP6vEWy6upThHoC0ObZjMYNkFSa1Hw-tnir8exQknuCpLmGt56lSMvbc_L9iFup_HrLJjTcyNOBQC1Z3VuWX83v4jwTq8z78F-IPpHh_ltz3c8joDNF7gz8b7u4qFN3fNXoLxB-uCIujuSsVokvbFT47euBkw==&p=18&fvj=1&vjs=3',
 'location': 'Nantes (44)',
 'salary': None,
 'site': 'Indeed',
 'summary': 'Ingénieur méthodes & process h/f ou similaire: 1 an (Souhaité).'}
2020-02-19 16:05:59 [scrapy] DEBUG: Crawled (200) <GET https://www.indeed.fr/jobs?q=Ing%C3%A9nieur&start=20> (referer: https://www.indeed.fr/jobs?q=Ing%C3%A9nieur&start=10)
2020-02-19 16:05:59 [indeed2] DEBUG: 

 Crawling  https://www.indeed.fr/jobs?q=Ing%C3%A9nieur&start=20

2020-02-19 16:05:59 [scrapy] DEBUG: Scraped from <200 https://www.indeed.fr/jobs?q=Ing%C3%A9nieur&start=20>
{'company': 'SOFALI',
 'crawl_url': 'https://www.indeed.fr/jobs?q=Ing%C3%A9nieur&start=20',
 'job_title': "Ingénieur d'affaires ESN",
 'link_url': '/pagead/clk?mo=r&ad=-6NYlbfkN0DUwRMpguEI7DT0Tuz45XvOZN5jyjEGR-XH1n6J_PeQ0GTqy4JvT5XKCUFNrf8e7IMamOwLGcCKOXvc7zUOMDSZNnFgLnp8TvFL9E3xzYdk-vqEnf5-m-1RDCkMozfAB4uekoW7MsUs7EosFQCyBfSkrpEUT-LmsdraELntf05GS0RvoxfE84p0lLluG31-H_SXV2ho09bbJ3RVO4u1-FI4QIpNLxdpDqxNuIh5q8tYmZo5-kTOhBGItz5TXvKS_xt6jtJggWcTmAc93qvD38XeiUlxVf4yVOv2tBdcU1mzF7_oF1LVHK49Q6s2AWbvOySF1f39GejxVmaJeVgNLk1v9vhyBUw4lxq1XLO7JPVQJJKNwbZqFES_C1hkvJJgQT8PMDzf6RcKzmvI3buyHAx2L_7SS0A2AZs7MsBXO_73TMBOhdmm_eWYUGlK7BPrYycTKg-jBZccfVD55rlQASff&p=0&fvj=1&vjs=3',
 'location': 'Paris (75)',
 'salary': '35 000 € par an',
 'site': 'Indeed',
 'summary': "Ingénieur d'affaires ou similaire: 3 ans (Requis)."}
2020-02-19 16:05:59 [scrapy] DEBUG: Scraped from <200 https://www.indeed.fr/jobs?q=Ing%C3%A9nieur&start=20>
{'company': 'CANON',
 'crawl_url': 'https://www.indeed.fr/jobs?q=Ing%C3%A9nieur&start=20',
 'job_title': "Ingénieur d'affaire H/F",
 'link_url': '/pagead/clk?mo=r&ad=-6NYlbfkN0D8ug2A1gI-D5PoSB-Z4oRM_Cnu0yE0dFauHuLvirspjCVCnEoapHKnEBieo3X3eNmGZylpOAH96JKA5fZcajdZKug108wNicfqRMDOwy20EXQIu0tcylJXka8abGyHyr3SA9Ozo5R7CRHdQI2AwG-JKe5qhkyEsyq-dITjlGO5utNThtrxOGNsqjGDh77z3rEi5o9V33Q3rMB-84Mh2k-GUkClHSbkqyNnAk05fCyFMkrLjkBuN-RJ7EYu6PcNpvrHGM6daFjzCOSfovlQAGxGQUVXZHzkSo9CI5mDwdIaFFd8WLM4Mv2RMMKNAhYGhB6g-ia144KECC53v-FXU6FOEjVoz4lPHtQJUsuH6p9ojhgifyvsoPSm_33Ly273NRcxPKANKcuhuMTAa5viUaKV7MkLTa2T1WQZ_BRMbt1bclrOX1GtMbF9E6mS-IqS17kRnXIhGoO4h4qO8H4HaQLK&p=1&fvj=1&vjs=3',
 'location': 'Paris (75)',
 'salary': '60 000 € - 80 000 € par an',
 'site': 'Indeed',
 'summary': "Découvrez cette offre d'emploi en vidéo : "
            'https://youtu.be/Ya3z-wNGYSc.'}
2020-02-19 16:05:59 [scrapy] DEBUG: Scraped from <200 https://www.indeed.fr/jobs?q=Ing%C3%A9nieur&start=20>
{'company': '',
 'crawl_url': 'https://www.indeed.fr/jobs?q=Ing%C3%A9nieur&start=20',
 'job_title': 'Ingénieur REACH H/F',
 'link_url': '/pagead/clk?mo=r&ad=-6NYlbfkN0DUN2b5WQb1EDIJ1VOcXkP2btY8_Jwn5DWOsultnYr2G_N_i2W0F2YhhbmE6xOyA7kuTX3aV-9RXTJFO05ZnRPle1mkrVKFBprOSMqCAjyalkhLnR9p5ihDoC9lmiJHKGLoWuXkSAfbY6s1jLthruOPRJwL3rWC1q1mKSkYrQujA7VRcjDWfk2PQLK-IlimrQ2FNXrPatgjHWe0oaOGsgkzvMF2YQqvXSkhZ4K4x8AujzDCEQ0DlFoJOZ_3GIy-s7xFKiFZcSFt4IRKjMlAKgy5umQFTCEI2BXYXvPK7NiyvYby0c8IN6p48rwMX_ZmC8L5utAXTha68GdmytEp3a73x7Q3bYqdxNnf3ckFCnC958O38rr1uiZjqmYkRfzndTglRs-pmnQXq-gsBXLCoD1C-SMHYIJkpQ9nXlzL18RRMv1V7YV_cLj8pcd8BRQdBRWzwL3QwSb1VEeoU-oTUpODaub2Vkwfw_5ixWh0iqYavA==&p=2&fvj=0&vjs=3',
 'location': 'Saint-Dizier (52)',
 'salary': None,
 'site': 'Indeed',
 'summary': 'Dans le cadre de nouveaux projets, nous recherchons un'}
2020-02-19 16:06:00 [scrapy] DEBUG: Scraped from <200 https://www.indeed.fr/jobs?q=Ing%C3%A9nieur&start=20>
{'company': 'SEAC',
 'crawl_url': 'https://www.indeed.fr/jobs?q=Ing%C3%A9nieur&start=20',
 'job_title': "Ingénieur bureau d'études H/F",
 'link_url': '/pagead/clk?mo=r&ad=-6NYlbfkN0CyvmtQexVzx1pixriGlN6W2hH9gkfVFJY8U9CZ34K6-rN36WUcIhek7DViQRM5dn0ihYofntzToGcjiJNRX1qoptK23v6WRL2Fjzvmip0FkXqQtDZfovyHn_YXRlJH7cq0xbcWE3KqXSPNh5Xpy04Xmgf7YXOzha3qvGIzvkWJ1XpdOpfi416KIDlcLJsg-KpOTUOik8OVdD7CGUWmxRmSrxzK3QYOe5bSJ2gwDQ1TiuIirYDfHTqCWCN3iPdHa4EgRuRyuK6A6RsRVtpuQwvpTz0GPT0f2pMqKRYGY5TqCczKNRWY6REgQrFlsaRajsD-muaraPsgHq2lo7TTjr_zFvZ93WK7FUc3hhPq6Zhb-wtnAwKiNBP-P1liZ_zr0AFBVNeNTpIsFC-7oFyzmfnTXTUOsPQkBXOZnbpgM_X5EoH5-DG8vIB6FJWtsBEROVvgOWybo0T9NA==&p=3&fvj=1&vjs=3',
 'location': 'Gard',
 'salary': '24 000 € - 28 000 € par an',
 'site': 'Indeed',
 'summary': "Ingénieur bureau d'études h/f ou similaire: 1 an (Requis)."}
2020-02-19 16:06:00 [scrapy] DEBUG: Scraped from <200 https://www.indeed.fr/jobs?q=Ing%C3%A9nieur&start=20>
{'company': '',
 'crawl_url': 'https://www.indeed.fr/jobs?q=Ing%C3%A9nieur&start=20',
 'job_title': 'Ingénieur Etudes et Développement H/F',
 'link_url': '/pagead/clk?mo=r&ad=-6NYlbfkN0C4k4p-k5JzKkeZ2Lr19hfYmMp1S0DcJgPWWdbuG5E_sIArX6VRKNiqDukHdWSMqdSaXofdUfV4m5qo2zmyx-e7fDlIQJCB_TEy075U7HQWLVRnj50s_6kJ0NckY8JbjvawsvFJLqjlSNtMnmXna7r5QOoRF6LdPRrKprm_4-KqoLfsXEh2Ic_Sdts_BXffq0TtLxzaXJq5PTIG3yL9IZRYOTdRTMEavHBu2ctEQMxKya8qHjs5xX79jdt9Th8XCW6TzV4fNVF6a70rjGrZ12BVFmDMA-X_3XNQBcz9oV1zej3K6MbuPuEPwJY3HDLXWsBBIW5OEjkmg1dkziRBJ9TLcV8qqPvENldDOs-BoEPUDUZkmhFI2KWQRG8SyvGnlbjtihyLNSMmKn0hVMF8WYKNHahuzJL0zrz5gEa2wNvputRWHp9GcIPv-xT9OjMyeR_b85lTBAWynw==&p=4&fvj=1&vjs=3',
 'location': "Villeneuve-d'Ascq (59)",
 'salary': None,
 'site': 'Indeed',
 'summary': 'Dans un contexte international et dans un environnement où la '
            'sécurité des systèmes d’information est une composante majeure, '
            'nous recrutons un'}
2020-02-19 16:06:00 [scrapy] DEBUG: Scraped from <200 https://www.indeed.fr/jobs?q=Ing%C3%A9nieur&start=20>
{'company': 'APILOG Automatisme Industriel',
 'crawl_url': 'https://www.indeed.fr/jobs?q=Ing%C3%A9nieur&start=20',
 'job_title': 'Ingénieur Automatismes Industriels',
 'link_url': '/pagead/clk?mo=r&ad=-6NYlbfkN0DF6JVSXUO5BtyVCZTLdT-IfDPjih1FLGqn5AwuUaSI3bbekXVbQI-T0EKuhQQhtClh0SGGQTIrc4ASbo94CfBZ7-ncHKJi8Llh7COsD20xKthGiJGf-n9wOMGniLzUZhtoxef1LJIhYZqdbexbya8smKKjLrou0dRxKJIqBZP3kFz-UTwGZ0gONFUxnw-7wgYogiPGrgxssGOe1YTO3LaZheC-aeQt_ml2MeKw_8yYpbf6IDHGr5DaddwBi8aheg-w4jBEbxqbXzmlVltnE96iOarEjYmvxvoJlAIFFqy9XtcfmNVNtOnoUomrBrJl4XrwVPvMqokVcrItY0XngKcFp6NSO3ZjwQ315_GAsKuFegVJ1xqh-B4zEOukThxVbQfKksvKcA8rg2smQ8vl2pjmyET5iIQCU61KMWZ3hWt4_1mJP4810NnoUNtrdAKoOVz-3AbMJ1QJSyI5xWLfm9TaiBszCya0GI8=&p=5&fvj=1&vjs=3',
 'location': 'Chanteloup-les-Vignes (78)',
 'salary': '35 000 € - 50 000 € par an',
 'site': 'Indeed',
 'summary': 'Ingénieur automatismes industriels ou similaire: 2 ans '
            '(Souhaité).'}
2020-02-19 16:06:01 [scrapy] DEBUG: Scraped from <200 https://www.indeed.fr/jobs?q=Ing%C3%A9nieur&start=20>
{'company': '',
 'crawl_url': 'https://www.indeed.fr/jobs?q=Ing%C3%A9nieur&start=20',
 'job_title': '1 ingénieur(re) Suivi des Projets Packaging en CDD (H/F) de 12 '
              'mois',
 'link_url': '/rc/clk?jk=6d8306f589c62046&fccid=90f0cbc4a30f8dba&vjs=3',
 'location': 'Valenciennes (59)',
 'salary': None,
 'site': 'Indeed',
 'summary': 'Le packaging est un outil clé au centre du TPS (Toyota Production '
            "System) permettant l'application directe des principes "
            'fondamentaux du juste à temps, tout en…'}
2020-02-19 16:06:01 [scrapy] DEBUG: Scraped from <200 https://www.indeed.fr/jobs?q=Ing%C3%A9nieur&start=20>
{'company': 'BERT CONSULTANTS',
 'crawl_url': 'https://www.indeed.fr/jobs?q=Ing%C3%A9nieur&start=20',
 'job_title': 'Ingénieur généraliste - Eau / Environnement',
 'link_url': '/company/JEAN--RAPHAEL-BERT-CONSULTANT/jobs/Ing%C3%A9nieur-G%C3%A9n%C3%A9raliste-58e0681348c2deb6?fccid=ef34e78e94e38dc9&vjs=3',
 'location': 'Orléans (45)',
 'salary': None,
 'site': 'Indeed',
 'summary': 'Ingénieur généraliste - eau / environnement ou similaire: 1 an '
            '(Souhaité).'}
2020-02-19 16:06:01 [scrapy] DEBUG: Scraped from <200 https://www.indeed.fr/jobs?q=Ing%C3%A9nieur&start=20>
{'company': '',
 'crawl_url': 'https://www.indeed.fr/jobs?q=Ing%C3%A9nieur&start=20',
 'job_title': 'Assistant ingénieur optimisation des procédés H/F',
 'link_url': '/company/MINAKEM/jobs/Assistant-Ing%C3%A9nieur-Optimisation-Des-Proc%C3%A9d%C3%A9s-61c7e541d6db1616?fccid=6ff5f7dea088d65f&vjs=3',
 'location': 'Dunkerque (59)',
 'salary': None,
 'site': 'Indeed',
 'summary': 'Assistant'}
2020-02-19 16:06:01 [scrapy] DEBUG: Scraped from <200 https://www.indeed.fr/jobs?q=Ing%C3%A9nieur&start=20>
{'company': '',
 'crawl_url': 'https://www.indeed.fr/jobs?q=Ing%C3%A9nieur&start=20',
 'job_title': 'Ingénieur Spécialiste Méthodes Composites (H/F)',
 'link_url': '/rc/clk?jk=47b1d68943e6fb59&fccid=2d0740e02e80cf22&vjs=3',
 'location': 'Nantes (44)',
 'salary': None,
 'site': 'Indeed',
 'summary': "Bac + 5 - Type diplôme d'ingénieur."}
2020-02-19 16:06:01 [scrapy] DEBUG: Scraped from <200 https://www.indeed.fr/jobs?q=Ing%C3%A9nieur&start=20>
{'company': '',
 'crawl_url': 'https://www.indeed.fr/jobs?q=Ing%C3%A9nieur&start=20',
 'job_title': 'Ingénieur Etude H/F CDI',
 'link_url': '/rc/clk?jk=8dad375cb7c43e61&fccid=d29a3630d238085c&vjs=3',
 'location': 'Annecy (74)',
 'salary': None,
 'site': 'Indeed',
 'summary': 'Située au cœur des Alpes françaises, l’entreprise Pfeiffer Vacuum '
            'SAS, forte et fière de son histoire, est filiale d’un groupe '
            'international numéro 2 mondial…'}
2020-02-19 16:06:01 [scrapy] DEBUG: Scraped from <200 https://www.indeed.fr/jobs?q=Ing%C3%A9nieur&start=20>
{'company': '',
 'crawl_url': 'https://www.indeed.fr/jobs?q=Ing%C3%A9nieur&start=20',
 'job_title': 'Ingénieur.e méthodes F/H',
 'link_url': '/rc/clk?jk=e3e707cd1a6eafec&fccid=1807e5727f702882&vjs=3',
 'location': 'Ducey (50)',
 'salary': None,
 'site': 'Indeed',
 'summary': 'Vous maîtrisez le lean manufacturing et ses outils, et êtes '
            "issu.e d’une formation d'ingénieur spécialisée dans la production "
            'industrielle et l’amélioration…'}
2020-02-19 16:06:01 [scrapy] DEBUG: Scraped from <200 https://www.indeed.fr/jobs?q=Ing%C3%A9nieur&start=20>
{'company': '',
 'crawl_url': 'https://www.indeed.fr/jobs?q=Ing%C3%A9nieur&start=20',
 'job_title': 'Ingénieur(e) Supply Chain junior - Secteur Aéronautique F/H',
 'link_url': '/company/Altran/jobs/Ing%C3%A9nieur-Supply-Chain-Junior-ad880c8b29b9f3ec?fccid=397876ae47f9c1c3&vjs=3',
 'location': 'Aix-en-Provence (13)',
 'salary': None,
 'site': 'Indeed',
 'summary': 'Ingénieur(e) supply chain junior - secteur aéronautique f/h ou '
            'similaire: 1 an (Souhaité).'}
2020-02-19 16:06:01 [scrapy] DEBUG: Scraped from <200 https://www.indeed.fr/jobs?q=Ing%C3%A9nieur&start=20>
{'company': '',
 'crawl_url': 'https://www.indeed.fr/jobs?q=Ing%C3%A9nieur&start=20',
 'job_title': 'Travel Agent Worldwide (English-speaking)',
 'link_url': '/rc/clk?jk=0d634639b1f8b2dd&fccid=7adb2a64a1f812f2&vjs=3',
 'location': 'France',
 'salary': None,
 'site': 'Indeed',
 'summary': 'Founded by travel enthusiasts in 2009, Evaneos is the market '
            'leader in connecting travelers directly with local travel agents '
            'across the planet.'}
2020-02-19 16:06:02 [scrapy] DEBUG: Scraped from <200 https://www.indeed.fr/jobs?q=Ing%C3%A9nieur&start=20>
{'company': '',
 'crawl_url': 'https://www.indeed.fr/jobs?q=Ing%C3%A9nieur&start=20',
 'job_title': 'Ingénieur analytique stabilité R&D',
 'link_url': '/rc/clk?jk=92d729fa54eff0f5&fccid=824e86658e35aee4&vjs=3',
 'location': 'Haute-Savoie',
 'salary': None,
 'site': 'Indeed',
 'summary': 'Le site d’Allergan Industrie Annecy (74) recrute un'}
2020-02-19 16:06:02 [scrapy] DEBUG: Scraped from <200 https://www.indeed.fr/jobs?q=Ing%C3%A9nieur&start=20>
{'company': '',
 'crawl_url': 'https://www.indeed.fr/jobs?q=Ing%C3%A9nieur&start=20',
 'job_title': 'Ingénieur validation fabrication Gel',
 'link_url': '/rc/clk?jk=857721f6a7982c5a&fccid=824e86658e35aee4&vjs=3',
 'location': 'Haute-Savoie',
 'salary': None,
 'site': 'Indeed',
 'summary': 'Le site d’Allergan industrie recrute un'}
2020-02-19 16:06:02 [scrapy] DEBUG: Scraped from <200 https://www.indeed.fr/jobs?q=Ing%C3%A9nieur&start=20>
{'company': '',
 'crawl_url': 'https://www.indeed.fr/jobs?q=Ing%C3%A9nieur&start=20',
 'job_title': "Ingénieur Junior Marché de l'Energie (h/f)",
 'link_url': '/pagead/clk?mo=r&ad=-6NYlbfkN0CTNS0WgMHjtb0Nqr_GGWeKK0BdkbTlBPMLcGLeM92sfgz_Ee6-rOA__7SywUnizlRGH9MUrANh99DFWTY7LmhTZ_QQIjV0X-kfygYb0Y-bLjgzdSB8_iIJOPlPpifWAdVp17bs8kZNud5_nreGwvzaDpGwkhezAcQFYC5E3mk8ZsPpYktuhdzneSFqCXiGtBWKLAxgYPpvbQqXs2_zthdOr4PB3OphHHv579pkK-7F7wIrPi8k0o4kQIT_sKZvJsWqkhJ3ac3Zev81dvAd3cM4Z_-imOm5Fmz6MAfRBuQDhslzeSNdqy057bVs3886IDAhWEdX-SV7IR8RoqdSGhXH9ns8oqxRq9xeOQcboq8c5u1RMSvhDHTtdFVb9L4H1Y5q0iS0ccuOKEb3Td8rFeuoF6VoZ92tvO7lBwDO6o_VoOq7HRqC0pr44V1e_ZKOrd87f8qJrlpbz6LQ-z6Op-79PGgut1DvnnXr8lgXsnNhvyfnQZ9d8D4Co2Xm5Igatgu3d8dccKVq2OvN3-uuOttPI33p8CM9mtIUG446IvezTg==&p=16&fvj=0&vjs=3',
 'location': 'Metz (57)',
 'salary': '38 000 € - 45 000 € par an',
 'site': 'Indeed',
 'summary': 'Titulaire d’un diplôme d’ingénieur de haut niveau avec un intérêt '
            'pour les marchés de l’énergie, vous êtes curieux et rigoureux.'}
2020-02-19 16:06:02 [scrapy] DEBUG: Scraped from <200 https://www.indeed.fr/jobs?q=Ing%C3%A9nieur&start=20>
{'company': 'ILIOS CONFORT',
 'crawl_url': 'https://www.indeed.fr/jobs?q=Ing%C3%A9nieur&start=20',
 'job_title': 'INGÉNIEUR ETUDE PHOTOVOLTAÏQUE - H/F',
 'link_url': '/pagead/clk?mo=r&ad=-6NYlbfkN0DoVxVWLfYFGsyTEKijx5Hav0VBsccIQE7ui7W7YjePrGpr0FsYuvK4baYqF4sb7UsV_sElzNaKQaMp4b7kEin_AkTUve6NrqYFxI-15AMjZlDxj5CoTSGnY2h4Vlc0epxLmIB8tOlEIpY7kvGHWPu0Wfuk6AdHSvs6dVoclXASO4tIy6ATwrHMPSYX7HLmjU0-W_DAgaYGIF8sUzQhuo35v6iL_ZjbjLnmJSI61F1f2k5JD1QGpxwv_M3z25PYGqo_5GJ1oyE2WSKG17UVnSjnM9a8cpv6zp6gipfUlLMrp0Osiidowt5bWqV7t4GWujLOz5LrrWPSkWwAqkAcvklXM8ev8IL02aD-0CzCyzx_Yz2UxVr3sOpYhvbDEUGaS9Xd6scnrlpplNMOzbNr8fkLBfckug4vV93BC5qK2KWyhoqe17VA_Jc4zQrzIojQJgkg6av7JKTFw2rRQmY1OC8xYOkLH9znvcjfpjepLKRzsgwYki31r4-i&p=17&fvj=1&vjs=3',
 'location': 'Lattes (34)',
 'salary': '2 000 € - 3 000 € par mois',
 'site': 'Indeed',
 'summary': 'Le Groupe ILIOS CONFORT est né il y a 10 ans, à Montpellier, dans '
            'le département de l’Hérault..'}
2020-02-19 16:06:03 [scrapy] DEBUG: Scraped from <200 https://www.indeed.fr/jobs?q=Ing%C3%A9nieur&start=20>
{'company': '',
 'crawl_url': 'https://www.indeed.fr/jobs?q=Ing%C3%A9nieur&start=20',
 'job_title': 'Ingénieur méthodes & Process H/F',
 'link_url': '/pagead/clk?mo=r&ad=-6NYlbfkN0CJQjIynK2A58ru0dyZMcOug4YnImVAtVGAQVWPfsPR2MSVccHjsg4vrxqs0pzJNxefrr5J92sypTYnGk9HoYW5s3ey5c1Iox6hfmPrg0WiALltidTGHuxuZgw3k7tZeRzS-ltKW9zCWlVn32BnYtw41hWkakPMsJTceQp4iMcCRSK9WkwpPcb4FHsoqx7scUQ7_UGCKaGq4ZVya8lILy7khZInorY6LcEgcSe73Gq12Cdnyx5OVyQANUQI2M6c-atj2AOjjbC7-4w-idvtVOvon-yyLgQzpWD3lFG2T9GFUinj2phdDKcd0lCH1H_Whu8r4UiUTqy7qWR6x_vIkQKrXZw70dQW35efMWlAzKLStmHFM3ACaMep2eNJcP4nBnokj2U8dRLpPiB37eNywDo6SEz3DsVUnL2SU_dgJ9kHLvtwDXpv-SJxw6i3VvPOHW3-T1QQ0oOHCgkAW1Px30cOlG4hzwn0rkz-Dm8jF-8WAQ==&p=18&fvj=1&vjs=3',
 'location': 'Nantes (44)',
 'salary': None,
 'site': 'Indeed',
 'summary': 'Ingénieur méthodes & process h/f ou similaire: 1 an (Souhaité).'}
2020-02-19 16:06:04 [scrapy] DEBUG: Crawled (200) <GET https://www.indeed.fr/jobs?q=Ing%C3%A9nieur&start=30> (referer: https://www.indeed.fr/jobs?q=Ing%C3%A9nieur&start=20)
2020-02-19 16:06:04 [indeed2] DEBUG: 

 Crawling  https://www.indeed.fr/jobs?q=Ing%C3%A9nieur&start=30

2020-02-19 16:06:04 [scrapy] DEBUG: Scraped from <200 https://www.indeed.fr/jobs?q=Ing%C3%A9nieur&start=30>
{'company': '',
 'crawl_url': 'https://www.indeed.fr/jobs?q=Ing%C3%A9nieur&start=30',
 'job_title': "Ingénieur Junior Marché de l'Energie (h/f)",
 'link_url': '/pagead/clk?mo=r&ad=-6NYlbfkN0CTNS0WgMHjtb0Nqr_GGWeKK0BdkbTlBPMLcGLeM92sfgz_Ee6-rOA__7SywUnizlRGH9MUrANh99DFWTY7LmhTZ_QQIjV0X-kfygYb0Y-bLjgzdSB8_iIJOPlPpifWAdVp17bs8kZNud5_nreGwvzaDpGwkhezAcQFYC5E3mk8ZsPpYktuhdzneSFqCXiGtBWKLAxgYPpvbQqXs2_zthdOr4PB3OphHHv579pkK-7F7y9jgbvL3WS6jWE1pvLMsdtYgt2dKJUSpaD3k5ZF87JXhsI5Rr47G-qeTKk6nNXji2HvYrJ7ljhC2UEjQYQtpsGO-ZpJ4oforQ1ynAuqr3I2n1ht4LcpRHIlJHnt0_p_tV0odD3GNp3AO4RcZHoNejSoceblh57JoYpfSb905Z4cRQF1ZxSxIMP9eqRBPqGMR1tUn-cP8Knm4Ws1ILiVt0Uwq4G2Z44nl4T8aqwumISjQ9LV50_DVrVcoaf5cOKgVbc6lK9QXDz0E4eO_66H5vnd_FzjKD_S9CwhyRNDjXnYNOsZo7kkqz35hleoX0diPA==&p=0&fvj=0&vjs=3',
 'location': 'Metz (57)',
 'salary': '38 000 € - 45 000 € par an',
 'site': 'Indeed',
 'summary': 'Titulaire d’un diplôme d’ingénieur de haut niveau avec un intérêt '
            'pour les marchés de l’énergie, vous êtes curieux et rigoureux.'}
2020-02-19 16:06:04 [scrapy] DEBUG: Scraped from <200 https://www.indeed.fr/jobs?q=Ing%C3%A9nieur&start=30>
{'company': 'APILOG Automatisme Industriel',
 'crawl_url': 'https://www.indeed.fr/jobs?q=Ing%C3%A9nieur&start=30',
 'job_title': 'Ingénieur Automatismes Industriels',
 'link_url': '/pagead/clk?mo=r&ad=-6NYlbfkN0DF6JVSXUO5BtyVCZTLdT-IfDPjih1FLGqn5AwuUaSI3bbekXVbQI-T0EKuhQQhtClh0SGGQTIrc4ASbo94CfBZ7-ncHKJi8Llh7COsD20xKthGiJGf-n9wOMGniLzUZhtoxef1LJIhYZqdbexbya8smKKjLrou0dRxKJIqBZP3kIMVJGABGbObRqdGzxiZJ_ZLmnc62zo8DeUfTg7gYGJaErwVgrxghJpP31QAEa4x_WiP6QK4zv36WRR4IAk1WJP6ujpliSX1u0Fv5K2_537ZVXGo2igfHoqfB31aJxIYxy-mHYXHAUmpM6OF2AcpBrjMbqG0kbUMTzxg3OCTO1TJzWwyeBf9pQ-J89CvMXg3vA8HM7kavg52V2pg5hhaOTd5-DFy6n7-8Y8LybljN727o-AJj3YdqzVpaWwhOMDdZOSwZToqg7XOeNP0amkU9FosU0frFag44sGhKH75RVFQ84DqcIrKj3E=&p=1&fvj=1&vjs=3',
 'location': 'Chanteloup-les-Vignes (78)',
 'salary': '35 000 € - 50 000 € par an',
 'site': 'Indeed',
 'summary': 'Ingénieur automatismes industriels ou similaire: 2 ans '
            '(Souhaité).'}
2020-02-19 16:06:04 [scrapy] DEBUG: Scraped from <200 https://www.indeed.fr/jobs?q=Ing%C3%A9nieur&start=30>
{'company': 'ILIOS CONFORT',
 'crawl_url': 'https://www.indeed.fr/jobs?q=Ing%C3%A9nieur&start=30',
 'job_title': 'INGÉNIEUR ETUDE PHOTOVOLTAÏQUE - H/F',
 'link_url': '/pagead/clk?mo=r&ad=-6NYlbfkN0DoVxVWLfYFGsyTEKijx5Hav0VBsccIQE7ui7W7YjePrGpr0FsYuvK4baYqF4sb7UsV_sElzNaKQaMp4b7kEin_AkTUve6NrqYFxI-15AMjZlDxj5CoTSGnY2h4Vlc0epxLmIB8tOlEIpY7kvGHWPu0Wfuk6AdHSvs6dVoclXASO4tIy6ATwrHMaNneJzixVA1ilJF9Cgj-oBQZn_nTTQnrVhLywzK7XOWzZNY6nLtzrTohigfMbFc8a1jD3TflAtIzuVihcw72IqlRU8aiUBxOskW-F8n7PNzeWv8lgzG9tqLxJBii1Ki5rYJiMAQSUvxwF781qQlG4tMdt7Z_Rm3s7cVUIaW6-zU6Kh30z2s1-6UdsZgoLLv1AKynouLKO8pTuyANh0o3-PoeBldQdF_DM2cX3g_ldE6ItiZWBNCpFSBhjgV1it9BhAY9AGKx3R_Ek24OO7YH49cMOuUq7flttJ5YutWWlonxvjqdGw140X8fCe3s_O3B&p=2&fvj=1&vjs=3',
 'location': 'Lattes (34)',
 'salary': '2 000 € - 3 000 € par mois',
 'site': 'Indeed',
 'summary': 'Le Groupe ILIOS CONFORT est né il y a 10 ans, à Montpellier, dans '
            'le département de l’Hérault..'}
2020-02-19 16:06:04 [scrapy] DEBUG: Scraped from <200 https://www.indeed.fr/jobs?q=Ing%C3%A9nieur&start=30>
{'company': 'SOFALI',
 'crawl_url': 'https://www.indeed.fr/jobs?q=Ing%C3%A9nieur&start=30',
 'job_title': "Ingénieur d'affaires ESN",
 'link_url': '/pagead/clk?mo=r&ad=-6NYlbfkN0DUwRMpguEI7DT0Tuz45XvOZN5jyjEGR-XH1n6J_PeQ0GTqy4JvT5XKCUFNrf8e7IMamOwLGcCKOXvc7zUOMDSZNnFgLnp8TvFL9E3xzYdk-vqEnf5-m-1RDCkMozfAB4uekoW7MsUs7EosFQCyBfSkrpEUT-LmsdraELntf05GS0RvoxfE84p0NA25rrO_bhTLM6Oqs9LYRXHROwaM8tVS6z0uj7bJ5qFXCuDAWHV1GEECs6VNzqhuOWJUjvJT-PO3PwRnRSF5gAiuhrxrvFSXwDnHKWMBo3WSEz76t016fqCAPJ95Q0V78kzLg4ceiVDVNzC7dwVY_U-kmu_7xgU0KLDaIH3GlJ3PGiETccNvf8hUgwWzeDeWa4aXs8ZNlILoS2Df8Ib7ljZmGzh5K_LlbkgpCEZmwE2rcd9KJWa_8efmkPgXkdzMESYj8TWBzGvvQ6oOBNydJabZA_CHay_O&p=3&fvj=1&vjs=3',
 'location': 'Paris (75)',
 'salary': '35 000 € par an',
 'site': 'Indeed',
 'summary': "Ingénieur d'affaires ou similaire: 3 ans (Requis)."}
2020-02-19 16:06:05 [scrapy] DEBUG: Scraped from <200 https://www.indeed.fr/jobs?q=Ing%C3%A9nieur&start=30>
{'company': '',
 'crawl_url': 'https://www.indeed.fr/jobs?q=Ing%C3%A9nieur&start=30',
 'job_title': 'Ingénieur Propriété Industrielle F/H',
 'link_url': '/rc/clk?jk=82f3780f0f3c23e6&fccid=1ab127ce70437af9&vjs=3',
 'location': 'La Chevrolière (44)',
 'salary': None,
 'site': 'Indeed',
 'summary': 'Profil recherché - Formation : Bac+5 en ingénierie ou formation '
            "d'ingénieur ;"}
2020-02-19 16:06:05 [scrapy] DEBUG: Scraped from <200 https://www.indeed.fr/jobs?q=Ing%C3%A9nieur&start=30>
{'company': '',
 'crawl_url': 'https://www.indeed.fr/jobs?q=Ing%C3%A9nieur&start=30',
 'job_title': 'Ingénieur Conception Mécanique H/F',
 'link_url': '/rc/clk?jk=4a33edafbc74a8a5&fccid=865214cc5e8fd92a&vjs=3',
 'location': 'Haute-Savoie',
 'salary': None,
 'site': 'Indeed',
 'summary': 'Issu(e) d’une formation BAC+5 ou'}
2020-02-19 16:06:05 [scrapy] DEBUG: Scraped from <200 https://www.indeed.fr/jobs?q=Ing%C3%A9nieur&start=30>
{'company': '',
 'crawl_url': 'https://www.indeed.fr/jobs?q=Ing%C3%A9nieur&start=30',
 'job_title': 'Ingénieur R&D Traitement de Surface',
 'link_url': '/rc/clk?jk=38e479bf49ecdf75&fccid=e01d53bb6b51f01b&vjs=3',
 'location': 'France',
 'salary': None,
 'site': 'Indeed',
 'summary': 'Ce service est composé de docteurs,'}
2020-02-19 16:06:05 [scrapy] DEBUG: Scraped from <200 https://www.indeed.fr/jobs?q=Ing%C3%A9nieur&start=30>
{'company': '',
 'crawl_url': 'https://www.indeed.fr/jobs?q=Ing%C3%A9nieur&start=30',
 'job_title': 'Ingénieur qualité projet F/H',
 'link_url': '/rc/clk?jk=e311c1b0eb1eb2dd&fccid=4c1dc7d9791a6941&vjs=3',
 'location': 'Marignier (74)',
 'salary': None,
 'site': 'Indeed',
 'summary': 'Formations de niveaux II et I (MST, DESS, DEA, diplômes '
            "d'ingénieur) avec."}
2020-02-19 16:06:05 [scrapy] DEBUG: Scraped from <200 https://www.indeed.fr/jobs?q=Ing%C3%A9nieur&start=30>
{'company': '',
 'crawl_url': 'https://www.indeed.fr/jobs?q=Ing%C3%A9nieur&start=30',
 'job_title': 'Ingénieur stagiaire Industrialisation Méthodes (F/H)',
 'link_url': '/rc/clk?jk=7be20208ecba0df0&fccid=afcbba7ca395f114&vjs=3',
 'location': 'La Gacilly (56)',
 'salary': None,
 'site': 'Indeed',
 'summary': 'Futur'}
2020-02-19 16:06:05 [scrapy] DEBUG: Scraped from <200 https://www.indeed.fr/jobs?q=Ing%C3%A9nieur&start=30>
{'company': 'MROD',
 'crawl_url': 'https://www.indeed.fr/jobs?q=Ing%C3%A9nieur&start=30',
 'job_title': 'Ingénieur matériaux (H/F)',
 'link_url': '/rc/clk?jk=6ade66e7d0f6faa4&fccid=9b9ed73b9bf9e9ba&vjs=3',
 'location': 'Loire-Atlantique',
 'salary': None,
 'site': 'Indeed',
 'summary': "MROD, société de conseil en ingénierie recherche pour l'un de ses "
            'clients un'}
2020-02-19 16:06:06 [scrapy] DEBUG: Scraped from <200 https://www.indeed.fr/jobs?q=Ing%C3%A9nieur&start=30>
{'company': '',
 'crawl_url': 'https://www.indeed.fr/jobs?q=Ing%C3%A9nieur&start=30',
 'job_title': 'Ingénieur conception mécanique - Systèmes antennes H/F',
 'link_url': '/rc/clk?jk=9006936896299a8a&fccid=b3885ca934ed0066&vjs=3',
 'location': 'La Teste-de-Buch (33)',
 'salary': None,
 'site': 'Indeed',
 'summary': "Vous êtes titulaire d'un diplôme d'ingénieur à dominante "
            'mécanique ou master équivalent.'}
2020-02-19 16:06:06 [scrapy] DEBUG: Scraped from <200 https://www.indeed.fr/jobs?q=Ing%C3%A9nieur&start=30>
{'company': '',
 'crawl_url': 'https://www.indeed.fr/jobs?q=Ing%C3%A9nieur&start=30',
 'job_title': 'Assistant(e) Chef de Projets Site',
 'link_url': '/rc/clk?jk=27d28c1b513a05b2&fccid=1807e5727f702882&vjs=3',
 'location': 'Saint-Pourçain-sur-Sioule (03)',
 'salary': None,
 'site': 'Indeed',
 'summary': 'Sous la responsabilité d’un Chef de Projets, Vous pilotez un '
            'projet de développement d’un Nouveau Produit (Qualité / Coût / '
            'Délai).'}
2020-02-19 16:06:06 [scrapy] DEBUG: Scraped from <200 https://www.indeed.fr/jobs?q=Ing%C3%A9nieur&start=30>
{'company': '',
 'crawl_url': 'https://www.indeed.fr/jobs?q=Ing%C3%A9nieur&start=30',
 'job_title': 'Ingénieur assurance qualité fournisseurs H/F',
 'link_url': '/rc/clk?jk=9db699688e446a07&fccid=b3885ca934ed0066&vjs=3',
 'location': 'La Teste-de-Buch (33)',
 'salary': None,
 'site': 'Indeed',
 'summary': 'Le Groupe est en 4ème position du classement Universum des '
            'entreprises préférées des jeunes'}
2020-02-19 16:06:06 [scrapy] DEBUG: Scraped from <200 https://www.indeed.fr/jobs?q=Ing%C3%A9nieur&start=30>
{'company': 'Compagnie Européenne des Bains',
 'crawl_url': 'https://www.indeed.fr/jobs?q=Ing%C3%A9nieur&start=30',
 'job_title': 'Ingénieur HSE H/F',
 'link_url': '/company/VALVITAL/jobs/Ing%C3%A9nieur-HSE-db7e0dfc0e186729?fccid=a22a275db17a13e0&vjs=3',
 'location': 'Aix-les-Bains (73)',
 'salary': '3 000 € par mois',
 'site': 'Indeed',
 'summary': 'Formation minimale exigée : Formations techniques supérieures de '
            'niveau I (écoles d’ingénieurs, masters universitaires) ou bac+2 '
            'avec expérience en matière de…'}
2020-02-19 16:06:07 [scrapy] DEBUG: Scraped from <200 https://www.indeed.fr/jobs?q=Ing%C3%A9nieur&start=30>
{'company': '',
 'crawl_url': 'https://www.indeed.fr/jobs?q=Ing%C3%A9nieur&start=30',
 'job_title': 'Ingénieur méthodes & Process H/F',
 'link_url': '/pagead/clk?mo=r&ad=-6NYlbfkN0CJQjIynK2A58ru0dyZMcOug4YnImVAtVGAQVWPfsPR2MSVccHjsg4vrxqs0pzJNxefrr5J92sypTYnGk9HoYW5s3ey5c1Iox6hfmPrg0WiALltidTGHuxuZgw3k7tZeRzS-ltKW9zCWlVn32BnYtw41hWkakPMsJTceQp4iMcCRSK9WkwpPcb4507ynohLWu8EK6dnDhUuSOr7j4MFIHUO8B8tgih8Qsvoh-AcX7O0rOgngnN0oVt4lWN2lsVzqpM_moO65xxtuofzHUrErcJv0IbEMFLQ3tVp9yj55DDABBn6zBdALfrPhj9366tyQycGapaQU34ruTDKVsWBE6dWQoOvX0YnjypseOUCdxcyBou6-0jWjEFkQLT14iP0f1ZhnZfVJQXi5N2e7AKvOhPAFvJtHm6T-m0eLcDIVHlBjgsZf7Vq70RDh91QNo-JDiojyn3JqgYZthoh0MqvCUoBcSd1nFHr0T8KM1BheOlt7g==&p=14&fvj=1&vjs=3',
 'location': 'Nantes (44)',
 'salary': None,
 'site': 'Indeed',
 'summary': 'Ingénieur méthodes & process h/f ou similaire: 1 an (Souhaité).'}
2020-02-19 16:06:07 [scrapy] DEBUG: Scraped from <200 https://www.indeed.fr/jobs?q=Ing%C3%A9nieur&start=30>
{'company': '',
 'crawl_url': 'https://www.indeed.fr/jobs?q=Ing%C3%A9nieur&start=30',
 'job_title': 'Ingénieur REACH H/F',
 'link_url': '/pagead/clk?mo=r&ad=-6NYlbfkN0DUN2b5WQb1EDIJ1VOcXkP2btY8_Jwn5DWOsultnYr2G_N_i2W0F2YhhbmE6xOyA7kuTX3aV-9RXTJFO05ZnRPle1mkrVKFBprOSMqCAjyalkhLnR9p5ihDoC9lmiJHKGLoWuXkSAfbY6s1jLthruOPRJwL3rWC1q1mKSkYrQujA7VRcjDWfk2PnJzg0S43BVp_YLmNlcAXo9zcPYR3ZzwNpvMHM_Q0Tpgg3UERYsfqIbs-680NIpvvPDkRsZg9eFaZVzx4DCUtzh3xXc8ewCD-08mMDyD5ExgQn0yLweeV8rHexiGQcaK8pWazShMqKosTuy4d8GNu5Ew7jYSib1qARDTudjk2w9HbzkkmcH9le_2da0BCphZD6CiNZvOFVXiRk1elFr_ey-JEdjMefOhkSRRBIINJ6hfC_iSls4cJ_gLB8Nh8FT2vxHFcvMDs4J8PlT4m0EPj6Fdy6BNIOZWkhKPM5qMIgCVxwvUIrV0zSg==&p=15&fvj=0&vjs=3',
 'location': 'Saint-Dizier (52)',
 'salary': None,
 'site': 'Indeed',
 'summary': 'Dans le cadre de nouveaux projets, nous recherchons un'}
2020-02-19 16:06:07 [scrapy] DEBUG: Scraped from <200 https://www.indeed.fr/jobs?q=Ing%C3%A9nieur&start=30>
{'company': 'SEAC',
 'crawl_url': 'https://www.indeed.fr/jobs?q=Ing%C3%A9nieur&start=30',
 'job_title': "Ingénieur bureau d'études H/F",
 'link_url': '/pagead/clk?mo=r&ad=-6NYlbfkN0CyvmtQexVzx1pixriGlN6W2hH9gkfVFJY8U9CZ34K6-rN36WUcIhek7DViQRM5dn0ihYofntzToGcjiJNRX1qoptK23v6WRL2Fjzvmip0FkXqQtDZfovyHn_YXRlJH7cq0xbcWE3KqXSPNh5Xpy04Xmgf7YXOzha3qvGIzvkWJ1XpdOpfi416KjL6cnpdIOEoYt_O6-VrTkSYT8dAvlNnwmQpf8UGutObrW4Ij1sQJ5s1nDvq_vJVlnsqF4_Q01lqoEy-WoZbutRMs_XEpKNROXjFZi8GPBlg6t80n9m8jgak7E2_PAhtuPzZiHRN6fol8QIIyzd2pEyJnmaCwMZ63R_C4nxqxC-FIXTyKGzTV8-GcKTlz8WEX5QBsQ6YWNY_41KurGVVt6ztgWtF0ORoIV3LctZ9YYiEvJ786_HJJ1pCdtD4hEjNLr27r7uwmt6tFLzxhMTW5pw==&p=16&fvj=1&vjs=3',
 'location': 'Gard',
 'salary': '24 000 € - 28 000 € par an',
 'site': 'Indeed',
 'summary': "Ingénieur bureau d'études h/f ou similaire: 1 an (Requis)."}
2020-02-19 16:06:07 [scrapy] DEBUG: Scraped from <200 https://www.indeed.fr/jobs?q=Ing%C3%A9nieur&start=30>
{'company': '',
 'crawl_url': 'https://www.indeed.fr/jobs?q=Ing%C3%A9nieur&start=30',
 'job_title': 'Ingénieur Etudes et Développement H/F',
 'link_url': '/pagead/clk?mo=r&ad=-6NYlbfkN0C4k4p-k5JzKkeZ2Lr19hfYmMp1S0DcJgPWWdbuG5E_sIArX6VRKNiqDukHdWSMqdSaXofdUfV4m5qo2zmyx-e7fDlIQJCB_TEy075U7HQWLVRnj50s_6kJ0NckY8JbjvawsvFJLqjlSNtMnmXna7r5QOoRF6LdPRrKprm_4-KqoLfsXEh2Ic_S-n3yhhgUvNR5cOjyICWIvRZnZLOUJuxtigXFGwD9qNuQ16NI7_BukPkczAUI4j3tGWJlp1GZSQkV3GK4oN1PJ80Qqv6bqDSwBIWCerLqlMrKLAhkNQpN_TzbOYhD2daXtezOoCPs1EN-K4d9JCT8t8nmY2SLUqJ0PjMWg3xjuZQUorZNILNON13HOxQxDzlaHTEHDZ9Eu1gJHLYIaF_JhMApf1vUO2t3hCFXGU-Kvhb-Q58MaGd6qqNR4DVSIGMGV1zmGRivXOLp1fuggU7PyQ==&p=17&fvj=1&vjs=3',
 'location': "Villeneuve-d'Ascq (59)",
 'salary': None,
 'site': 'Indeed',
 'summary': 'Dans un contexte international et dans un environnement où la '
            'sécurité des systèmes d’information est une composante majeure, '
            'nous recrutons un'}
2020-02-19 16:06:07 [scrapy] DEBUG: Scraped from <200 https://www.indeed.fr/jobs?q=Ing%C3%A9nieur&start=30>
{'company': 'Kaena',
 'crawl_url': 'https://www.indeed.fr/jobs?q=Ing%C3%A9nieur&start=30',
 'job_title': 'Ingénieur, chargé de mission en géotechnique',
 'link_url': '/pagead/clk?mo=r&ad=-6NYlbfkN0AWE-SMiljBjtX1xaXrmbS4OOp_lC2nSr8JJ5QHSkpS94RUtAnCtU1mGMSGOGDa2QTC5hKcVOcxzyrdernuNWpMH7QDvG3p9lzbKggWByMGA4Hc0JU-4y7L3oJQRXJiPHly5-23T5hIlCiFIf7qxjfolV2wbDYliOGUX8hXHJZpG5vqi2omhoDfUZGYGdefT5JfZVHF5iqESmkG7NcZ134kYMmEX-mNnH4dZP2riJo54spFNaJpXmz1X7HCeNaFCno10HXWPfjIAb4nALrA21B9EN8c1NCwpabMvfiFFDMqxH0P76uA4KvtdfnG_P9rwiEKaRpPZTS388DdZAsxAkNv6DrTYmH5tIJqHwDTAHy-NncsB-vQWY3klYAO8pJMYEioPUzQYjs5c97DPpor85c19Ci6V-AAZ3rPw04xlEKER601pSUBJ2hPzhs0Db4uRV-tpwFjjtS-rD5WYfcZtEtao49T8_zAByU706iHHp9zDbD3rEqJbLtNCb0Bdm_utnp8HuKPgo_vdQ==&p=18&fvj=1&vjs=3',
 'location': 'Annecy (74)',
 'salary': '28 000 € - 40 000 € par an',
 'site': 'Indeed',
 'summary': 'Ingénieur, chargé de mission en géotechnique ou similaire: 1 an '
            '(Souhaité).'}
2020-02-19 16:06:07 [scrapy] INFO: Closing spider (stop generating requests, only 5 requests allowed)
2020-02-19 16:06:07 [scrapy] INFO: Dumping Scrapy stats:
{'downloader/request_bytes': 2822,
 'downloader/request_count': 6,
 'downloader/request_method_count/GET': 6,
 'downloader/response_bytes': 380605,
 'downloader/response_count': 6,
 'downloader/response_status_count/200': 5,
 'downloader/response_status_count/301': 1,
 'elapsed_time_seconds': 17.934755,
 'finish_reason': 'stop generating requests, only 5 requests allowed',
 'finish_time': datetime.datetime(2020, 2, 19, 16, 6, 7, 711966),
 'item_scraped_count': 75,
 'log_count/DEBUG': 311,
 'log_count/INFO': 82,
 'memusage/max': 77963264,
 'memusage/startup': 77963264,
 'request_depth_max': 4,
 'response_received_count': 5,
 'robotstxt/request_count': 1,
 'robotstxt/response_count': 1,
 'robotstxt/response_status_count/200': 1,
 'scheduler/dequeued': 5,
 'scheduler/dequeued/memory': 5,
 'scheduler/enqueued': 6,
 'scheduler/enqueued/memory': 6,
 'start_time': datetime.datetime(2020, 2, 19, 16, 5, 49, 777211)}
2020-02-19 16:06:07 [scrapy] INFO: Spider closed (stop generating requests, only 5 requests allowed)
