2020-02-19 16:14:02 [scrapy] DEBUG: Crawled (200) <GET https://www.indeed.fr/robots.txt> (referer: None)
2020-02-19 16:14:02 [scrapy] DEBUG: Redirecting (301) to <GET https://www.indeed.fr/Emplois-Ing%C3%A9nieur> from <GET https://www.indeed.fr/jobs?q=Ing%C3%A9nieur>
2020-02-19 16:14:03 [scrapy] DEBUG: Crawled (200) <GET https://www.indeed.fr/Emplois-Ing%C3%A9nieur> (referer: None)
2020-02-19 16:14:03 [indeed2] DEBUG: 

 Crawling  https://www.indeed.fr/Emplois-Ing%C3%A9nieur

2020-02-19 16:14:04 [scrapy] DEBUG: Scraped from <200 https://www.indeed.fr/Emplois-Ing%C3%A9nieur>
{'company': '',
 'crawl_url': 'https://www.indeed.fr/Emplois-Ing%C3%A9nieur',
 'job_title': 'Ingénieur REACH H/F',
 'link_url': '/pagead/clk?mo=r&ad=-6NYlbfkN0DUN2b5WQb1EDIJ1VOcXkP2btY8_Jwn5DWOsultnYr2G_N_i2W0F2YhhbmE6xOyA7kuTX3aV-9RXTJFO05ZnRPle1mkrVKFBprOSMqCAjyalkhLnR9p5ihDoC9lmiJHKGLoWuXkSAfbY6s1jLthruOPRJwL3rWC1q1mKSkYrQujA7VRcjDWfk2PHyedrL2Mclmd37M8zOUFa-1rKn-H7kW1D-2ayre-F9lEZHjhF1YVIGZ-EgV_JiQELvHzi0t0DgnugDbOCEou8djFhNcj_Q3tsS2_xw0zp51cadNfGDneXjcPVafh4oS0SCGRyhhss0oqtvLVQs_EtTh65I0kFbwc5Unt5Ib_kIIl2bXXsBDyAALCBJKaqlKOILGQVWbLnHk2x9vvZzU6AVB86-gBQMVJ3NxG5pigMmHvtjclw9N4DkWZgqDrwU2P80tFvBKcD-9M3MDiZrALIh9-RYeXTnUzxpTSqaj-1-JbqM96He-4kA==&p=0&fvj=0&vjs=3',
 'location': 'Saint-Dizier (52)',
 'salary': None,
 'site': 'Indeed',
 'summary': 'Dans le cadre de nouveaux projets, nous recherchons un'}
2020-02-19 16:14:04 [scrapy] DEBUG: Scraped from <200 https://www.indeed.fr/Emplois-Ing%C3%A9nieur>
{'company': '',
 'crawl_url': 'https://www.indeed.fr/Emplois-Ing%C3%A9nieur',
 'job_title': 'Ingénieur méthodes & Process H/F',
 'link_url': '/pagead/clk?mo=r&ad=-6NYlbfkN0CJQjIynK2A58ru0dyZMcOug4YnImVAtVGAQVWPfsPR2MSVccHjsg4vrxqs0pzJNxefrr5J92sypTYnGk9HoYW5s3ey5c1Iox6hfmPrg0WiALltidTGHuxuZgw3k7tZeRzS-ltKW9zCWlVn32BnYtw41hWkakPMsJTceQp4iMcCRSK9WkwpPcb44iBJoKG_wC1sTVbHkVB9MiFFiqKFPEeBfnRTLRmubBGfDsSk_CVFQfKRwNHAVOn_6SrZGXArSTDABxnSlVGECZL2lvhbmf94GbkKTolElUFe1EniwmgRjiAjKNXU6nbDr_qU3I9Pa4lNMLCHI39sXlob6NxtfAyuTAqn6CNp9uHhs7eSmMo77STujBw7psAKB4DK10i4CzXVohzqdWnUPXTewYNN5s4UJ7rDF1LxNYKhaUdhrb92jqRTImufPkPIVzKarcQ6aMTLcKGx5hHYCALh3y2vXIl8P92QJ_yJIvygOyJOa3PcPg==&p=1&fvj=1&vjs=3',
 'location': 'Nantes (44)',
 'salary': None,
 'site': 'Indeed',
 'summary': 'Ingénieur méthodes & process h/f ou similaire: 1 an (Souhaité).'}
2020-02-19 16:14:04 [scrapy] DEBUG: Scraped from <200 https://www.indeed.fr/Emplois-Ing%C3%A9nieur>
{'company': 'CANON',
 'crawl_url': 'https://www.indeed.fr/Emplois-Ing%C3%A9nieur',
 'job_title': "Ingénieur d'affaire H/F",
 'link_url': '/pagead/clk?mo=r&ad=-6NYlbfkN0D8ug2A1gI-D5PoSB-Z4oRM_Cnu0yE0dFauHuLvirspjCVCnEoapHKnEBieo3X3eNmGZylpOAH96JKA5fZcajdZKug108wNicfqRMDOwy20EXQIu0tcylJXka8abGyHyr3SA9Ozo5R7CRHdQI2AwG-JKe5qhkyEsyq-dITjlGO5utNThtrxOGNs7M-2kGh6qB56nW2N7pM1v1cfvuiAUXo0839aw5oetS8T7EkMKLkgKUUM44Y59xjqFZbRoHehYsn0sjaFIVg5yewLXfoKDMVCtyzcZlZoiBM7qXdRzBdSnTQGUXEZF4Uys3Kr1y3le_nvW5panHTFcyQp62hsDHiLWFXiOSWPqOtM16LzWfeUMV45yBO5NS1gnCR3uEpPzu5tyXi2vE8kk9Da4Pfd3CWlQ3ak_80VfuS09kZms-Ko6WwGv-6oa6KgCCc38RGDeaNDLO8Ae9mVHj_PZlv7r0y1&p=2&fvj=1&vjs=3',
 'location': 'Paris (75)',
 'salary': '60 000 € - 80 000 € par an',
 'site': 'Indeed',
 'summary': "Découvrez cette offre d'emploi en vidéo : "
            'https://youtu.be/Ya3z-wNGYSc.'}
2020-02-19 16:14:04 [scrapy] DEBUG: Scraped from <200 https://www.indeed.fr/Emplois-Ing%C3%A9nieur>
{'company': 'APILOG Automatisme Industriel',
 'crawl_url': 'https://www.indeed.fr/Emplois-Ing%C3%A9nieur',
 'job_title': 'Ingénieur Automatismes Industriels',
 'link_url': '/pagead/clk?mo=r&ad=-6NYlbfkN0DF6JVSXUO5BtyVCZTLdT-IfDPjih1FLGqn5AwuUaSI3bbekXVbQI-T0EKuhQQhtClh0SGGQTIrc4ASbo94CfBZ7-ncHKJi8Llh7COsD20xKthGiJGf-n9wOMGniLzUZhtoxef1LJIhYZqdbexbya8smKKjLrou0dRxKJIqBZP3kA7riOSRRr7gIqGN6w09uD6fvcXG7ucheQptYYPyqAv--BXz_dccIVQ7lI5pNCDplKaJj5s8pT6amD2fMMYJE0CnTek8ZVNqno6Vx3NMkWZMBIEr0fyuCYzMdoinztEk2DYqqbkkiy0uK2BRpOEpH1NDb1QjQmCpvoiwhXbd3KczO6sufbathH4Wu3tKwqvf_Bs9nNsgzU_C_kUJnpM8Gs2JYIfxc7vTK9wKrYyV1W6neuhMI9aRNy1BqWMapmikzLzRC1cHbRj6xHYIFtru16xdQyuYVS3jbjizGejfFx3AhiblpGAuP-E=&p=3&fvj=1&vjs=3',
 'location': 'Chanteloup-les-Vignes (78)',
 'salary': '35 000 € - 50 000 € par an',
 'site': 'Indeed',
 'summary': 'Ingénieur automatismes industriels ou similaire: 2 ans '
            '(Souhaité).'}
2020-02-19 16:14:04 [scrapy] DEBUG: Scraped from <200 https://www.indeed.fr/Emplois-Ing%C3%A9nieur>
{'company': 'ILIOS CONFORT',
 'crawl_url': 'https://www.indeed.fr/Emplois-Ing%C3%A9nieur',
 'job_title': 'INGÉNIEUR ETUDE PHOTOVOLTAÏQUE - H/F',
 'link_url': '/pagead/clk?mo=r&ad=-6NYlbfkN0DoVxVWLfYFGsyTEKijx5Hav0VBsccIQE7ui7W7YjePrGpr0FsYuvK4baYqF4sb7UsV_sElzNaKQaMp4b7kEin_AkTUve6NrqYFxI-15AMjZlDxj5CoTSGnY2h4Vlc0epxLmIB8tOlEIpY7kvGHWPu0Wfuk6AdHSvs6dVoclXASO4tIy6ATwrHMWYEc4YyWRWNo07-gAef9BOFs1nuf26KeVAjJWAZYxVC5HI0gWWwB-pexo15uKycYJ3fkoy9s51cTZ3oDydQo-iLl0a96e7rhxyX6XhvMyL0y_3219clR-2Pmr3wR811q6amJSgHszmbrB71oX8DMtT_rhCN59pmU4zlV9PiACt_sRohAZl9pdBTRH1BGVtMcastCL2R8ZXZcZR3shO4iR1Yqhs4eMfRqFQY7UacmhXUs8YnUr0_w483xXuWQx7Mm3dzBnj59MeyGxVIuHo-kn95Bny3YOfx6U629gIUK8z8N52uC7df28_7E8Ju131Ci&p=4&fvj=1&vjs=3',
 'location': 'Lattes (34)',
 'salary': '2 000 € - 3 000 € par mois',
 'site': 'Indeed',
 'summary': 'Le Groupe ILIOS CONFORT est né il y a 10 ans, à Montpellier, dans '
            'le département de l’Hérault..'}
2020-02-19 16:14:04 [scrapy] DEBUG: Scraped from <200 https://www.indeed.fr/Emplois-Ing%C3%A9nieur>
{'company': '',
 'crawl_url': 'https://www.indeed.fr/Emplois-Ing%C3%A9nieur',
 'job_title': "Ingénieur Junior Marché de l'Energie (h/f)",
 'link_url': '/pagead/clk?mo=r&ad=-6NYlbfkN0CTNS0WgMHjtb0Nqr_GGWeKK0BdkbTlBPMLcGLeM92sfgz_Ee6-rOA__7SywUnizlRGH9MUrANh99DFWTY7LmhTZ_QQIjV0X-kfygYb0Y-bLjgzdSB8_iIJOPlPpifWAdVp17bs8kZNud5_nreGwvzaDpGwkhezAcQFYC5E3mk8ZsPpYktuhdzneSFqCXiGtBWKLAxgYPpvbQqXs2_zthdOr4PB3OphHHu1KIut2zWR9OTEOqZ4q-lP65zX7uJPHLzCqPFn6xZEwGyeCINFRUu8Oa5b00qA1NoPlgXVX999SIUxbmyFDdPNm4ksuJxTQRmXZ10Jrikj_OwktjbnF-OY2Uq0r6Hf5ZJ7zAVEmwpqihnBTsQqKc4E_XcLX9z-SA3CQ4FmhxMKKmRdURvdOLH-jPXMIPJaMIewXhjecEwANfBKWHnLLCkCPYisgKmy3nAYImhMpmq1zuUhHMRAgOmeKwMdBZyg28gNT3bSXXGi2Xjjat7CeGD4m-8BYaajU0N3Ai1vg-PFozISpRFckQo_QxiN76dgNrFJwqA94wMjAg==&p=5&fvj=0&vjs=3',
 'location': 'Metz (57)',
 'salary': '38 000 € - 45 000 € par an',
 'site': 'Indeed',
 'summary': 'Titulaire d’un diplôme d’ingénieur de haut niveau avec un intérêt '
            'pour les marchés de l’énergie, vous êtes curieux et rigoureux.'}
2020-02-19 16:14:04 [scrapy] DEBUG: Scraped from <200 https://www.indeed.fr/Emplois-Ing%C3%A9nieur>
{'company': '',
 'crawl_url': 'https://www.indeed.fr/Emplois-Ing%C3%A9nieur',
 'job_title': 'Ingénieur Matériaux',
 'link_url': '/rc/clk?jk=16204fe10408dc3e&fccid=aaec0480e2e19692&vjs=3',
 'location': 'France',
 'salary': None,
 'site': 'Indeed',
 'summary': 'Master ou diplôme d’ingénieur en génie des matériaux ou '
            'équivalent avec une expérience de minimum 3/5 ans dans le '
            'domaine, avec un contact direct avec le client…'}
2020-02-19 16:14:04 [scrapy] DEBUG: Scraped from <200 https://www.indeed.fr/Emplois-Ing%C3%A9nieur>
{'company': 'Département du Lot',
 'crawl_url': 'https://www.indeed.fr/Emplois-Ing%C3%A9nieur',
 'job_title': 'Travailler au Département du Lot',
 'link_url': '/rc/clk?jk=63ed250bc209fd9d&fccid=2ab62c2c8f53a7a4&vjs=3',
 'location': 'Lot',
 'salary': None,
 'site': 'Indeed',
 'summary': 'Travailler au Département du Lot.'}
2020-02-19 16:14:04 [scrapy] DEBUG: Scraped from <200 https://www.indeed.fr/Emplois-Ing%C3%A9nieur>
{'company': '',
 'crawl_url': 'https://www.indeed.fr/Emplois-Ing%C3%A9nieur',
 'job_title': 'Ingénieur amélioration continue (F/H)',
 'link_url': '/rc/clk?jk=eb77cc4baf17541a&fccid=4c1dc7d9791a6941&vjs=3',
 'location': 'Marignier (74)',
 'salary': None,
 'site': 'Indeed',
 'summary': 'Formation supérieure de niveau Ecole d’ingénieur avec une '
            'expérience de 5.'}
2020-02-19 16:14:05 [scrapy] DEBUG: Scraped from <200 https://www.indeed.fr/Emplois-Ing%C3%A9nieur>
{'company': '',
 'crawl_url': 'https://www.indeed.fr/Emplois-Ing%C3%A9nieur',
 'job_title': 'STAGE INGÉNIEUR MÉTHODES UAP',
 'link_url': '/rc/clk?jk=ef9f7e9cfee2c2fe&fccid=ffac1b3685b3c240&vjs=3',
 'location': 'Annemasse (74)',
 'salary': None,
 'site': 'Indeed',
 'summary': 'Envie de relever les défis du véhicule de demain ?'}
2020-02-19 16:14:06 [scrapy] DEBUG: Scraped from <200 https://www.indeed.fr/Emplois-Ing%C3%A9nieur>
{'company': '',
 'crawl_url': 'https://www.indeed.fr/Emplois-Ing%C3%A9nieur',
 'job_title': 'Ingénieur (e) Qualité confirmé (e) H/F',
 'link_url': '/rc/clk?jk=434fd5dc76ca1a14&fccid=90f0cbc4a30f8dba&vjs=3',
 'location': 'Valenciennes (59)',
 'salary': None,
 'site': 'Indeed',
 'summary': "Au sein de la division Qualité, vous intégrerez l'équipe «Quality "
            'Engineering» composée de 7'}
2020-02-19 16:14:06 [scrapy] DEBUG: Scraped from <200 https://www.indeed.fr/Emplois-Ing%C3%A9nieur>
{'company': '',
 'crawl_url': 'https://www.indeed.fr/Emplois-Ing%C3%A9nieur',
 'job_title': 'Ingénieur de développement R&D Confirmé F/H',
 'link_url': '/rc/clk?jk=e92da656a8968d28&fccid=07661a4e5e3582cf&vjs=3',
 'location': 'La Roche-sur-Yon (85)',
 'salary': '35 000 € par an',
 'site': 'Indeed',
 'summary': 'Notre client est un éditeur de logiciels innovants dédiés au '
            'secteur de la restauration.'}
2020-02-19 16:14:06 [scrapy] DEBUG: Scraped from <200 https://www.indeed.fr/Emplois-Ing%C3%A9nieur>
{'company': '',
 'crawl_url': 'https://www.indeed.fr/Emplois-Ing%C3%A9nieur',
 'job_title': 'Ingénieur CI/CD H/F',
 'link_url': '/rc/clk?jk=68605d9baa683947&fccid=43c5b67847a9226c&vjs=3',
 'location': 'Pau (64)',
 'salary': None,
 'site': 'Indeed',
 'summary': "Diplômé-e d'une école d'ingénieur, vous êtes capables d’apporter "
            'des compétences en:'}
2020-02-19 16:14:06 [scrapy] DEBUG: Scraped from <200 https://www.indeed.fr/Emplois-Ing%C3%A9nieur>
{'company': '',
 'crawl_url': 'https://www.indeed.fr/Emplois-Ing%C3%A9nieur',
 'job_title': 'Alternant ingénieur méthode projets ou production',
 'link_url': '/company/Stanley-Black-&-Decker/jobs/Alternant-Ing%C3%A9nieur-M%C3%A9thode-Projets-Ou-Production-75ecd5ce26641058?fccid=d30328706976dba9&vjs=3',
 'location': 'Damparis (39)',
 'salary': None,
 'site': 'Indeed',
 'summary': 'La Société Stanley Black&Decker Manufacturing, *.'}
2020-02-19 16:14:06 [scrapy] DEBUG: Scraped from <200 https://www.indeed.fr/Emplois-Ing%C3%A9nieur>
{'company': '',
 'crawl_url': 'https://www.indeed.fr/Emplois-Ing%C3%A9nieur',
 'job_title': 'ORMES - Techniciens de production en conditionnement',
 'link_url': '/rc/clk?jk=cdcb1234b812a919&fccid=ec8a0bd60be9a6f5&vjs=3',
 'location': 'Orléans (45)',
 'salary': None,
 'site': 'Indeed',
 'summary': 'Technicien de production au sein de nos ateliers de '
            'conditionnement.'}
2020-02-19 16:14:06 [scrapy] DEBUG: Scraped from <200 https://www.indeed.fr/Emplois-Ing%C3%A9nieur>
{'company': '',
 'crawl_url': 'https://www.indeed.fr/Emplois-Ing%C3%A9nieur',
 'job_title': 'Ingénieur Energies Renouvelables - F/H',
 'link_url': '/company/Alterea/jobs/Ing%C3%A9nieur-Energies-Renouvelables-066360c837ec66bf?fccid=efe33954dfb411f8&vjs=3',
 'location': 'Nantes (44)',
 'salary': None,
 'site': 'Indeed',
 'summary': 'Ingénieur energies renouvelables - f/h ou similaire: 5 ans '
            '(Requis).'}
2020-02-19 16:14:06 [scrapy] DEBUG: Scraped from <200 https://www.indeed.fr/Emplois-Ing%C3%A9nieur>
{'company': '',
 'crawl_url': 'https://www.indeed.fr/Emplois-Ing%C3%A9nieur',
 'job_title': 'Ingénieur Etudes et Développement H/F',
 'link_url': '/pagead/clk?mo=r&ad=-6NYlbfkN0C4k4p-k5JzKkeZ2Lr19hfYmMp1S0DcJgPWWdbuG5E_sIArX6VRKNiqDukHdWSMqdSaXofdUfV4m5qo2zmyx-e7fDlIQJCB_TEy075U7HQWLVRnj50s_6kJ0NckY8JbjvawsvFJLqjlSNtMnmXna7r5QOoRF6LdPRrKprm_4-KqoLfsXEh2Ic_SdRYeWAYCOLXs5U28bMkkxDXdc0Iw1UVzvDS-EypsimnzokHmguD3RQkvlppFtyfHHdOUHu-6XVrP3Ju7hsFcbHBqoSd3M6JAhl6HYrahyfdi3aftI3gSbzzQQq97kM86JgZrp_4MxW1Bv3xDCE6dK93tSxaDsS2LugaJjQRXWv6vQGJS-t6OTQcAcpMR-t8JIvM2povOtmoTi-Z3IhZ2V3sXiZFVFrsqOH9PhU1AWdSaRRlQRZchS-eJScBsJf5qN_hs7Ygy1BeDYDX3oXRYoA==&p=16&fvj=1&vjs=3',
 'location': "Villeneuve-d'Ascq (59)",
 'salary': None,
 'site': 'Indeed',
 'summary': 'Dans un contexte international et dans un environnement où la '
            'sécurité des systèmes d’information est une composante majeure, '
            'nous recrutons un'}
2020-02-19 16:14:06 [scrapy] DEBUG: Scraped from <200 https://www.indeed.fr/Emplois-Ing%C3%A9nieur>
{'company': 'SEAC',
 'crawl_url': 'https://www.indeed.fr/Emplois-Ing%C3%A9nieur',
 'job_title': "Ingénieur bureau d'études H/F",
 'link_url': '/pagead/clk?mo=r&ad=-6NYlbfkN0CyvmtQexVzx1pixriGlN6W2hH9gkfVFJY8U9CZ34K6-rN36WUcIhek7DViQRM5dn0ihYofntzToGcjiJNRX1qoptK23v6WRL2Fjzvmip0FkXqQtDZfovyHn_YXRlJH7cq0xbcWE3KqXSPNh5Xpy04Xmgf7YXOzha3qvGIzvkWJ1XpdOpfi416KVRxxw6k8e0dmCL4GKgRSnP5fmTEYVlC_A6aPewDpB4ebh_wTbY-YT79SdWtYvy8FTk-dTNtioOEcfgVPbMBlvANzUMevwRCoBPzAZoA2e6Va8_5jFDATNLpxsbw7LRIDSOPqZl4fm0i7T2VxgDQkNW1ZExDY38VXC1XrKU2vMRG_liIh-oZkesRVfgkX5WToPfsJ3rZ5hD2hDCVfIeJctbZnoz2AiXoUKZJ0qTEKJZJv-TP3ZQuNBeGXzc7x2QS0_G3gl90ZiRdcMzM_XDPMBQ==&p=17&fvj=1&vjs=3',
 'location': 'Gard',
 'salary': '24 000 € - 28 000 € par an',
 'site': 'Indeed',
 'summary': "Ingénieur bureau d'études h/f ou similaire: 1 an (Requis)."}
2020-02-19 16:14:07 [scrapy] DEBUG: Crawled (200) <GET https://www.indeed.fr/jobs?q=Ing%C3%A9nieur&start=10> (referer: https://www.indeed.fr/Emplois-Ing%C3%A9nieur)
2020-02-19 16:14:07 [indeed2] DEBUG: 

 Crawling  https://www.indeed.fr/jobs?q=Ing%C3%A9nieur&start=10

2020-02-19 16:14:07 [scrapy] DEBUG: Scraped from <200 https://www.indeed.fr/jobs?q=Ing%C3%A9nieur&start=10>
{'company': 'CANON',
 'crawl_url': 'https://www.indeed.fr/jobs?q=Ing%C3%A9nieur&start=10',
 'job_title': "Ingénieur d'affaire H/F",
 'link_url': '/pagead/clk?mo=r&ad=-6NYlbfkN0D8ug2A1gI-D5PoSB-Z4oRM_Cnu0yE0dFauHuLvirspjCVCnEoapHKnEBieo3X3eNmGZylpOAH96JKA5fZcajdZKug108wNicfqRMDOwy20EXQIu0tcylJXka8abGyHyr3SA9Ozo5R7CRHdQI2AwG-JKe5qhkyEsyq-dITjlGO5utNThtrxOGNsWd6mIoUwkgnf_wK911mUnxX30UAYI85bPiwpMKV6Z4oZ5rQGEGykAE1h5MOTEEuZdR9hNJQpPbzsv-GcD7V3JBNmhZs3BB-0QK0li1IWOOTy-9p8_A3cE5yfJaskn1J4tZ6r22d7eEtnpllESnnDzMb9lCnoSWQ9BdC_AE9sDlhvhcqEYDmTyN8JuFYejuEFGvmVbMxGgnuz9agVVV_EB7-ikOpH40ENfazG6UJ1NKyxKdhUoc4iHzdn-Vot7ed8vppcl0HMlWx0MomSARTxB_6giHLcVzLf&p=0&fvj=1&vjs=3',
 'location': 'Paris (75)',
 'salary': '60 000 € - 80 000 € par an',
 'site': 'Indeed',
 'summary': "Découvrez cette offre d'emploi en vidéo : "
            'https://youtu.be/Ya3z-wNGYSc.'}
2020-02-19 16:14:08 [scrapy] DEBUG: Scraped from <200 https://www.indeed.fr/jobs?q=Ing%C3%A9nieur&start=10>
{'company': '',
 'crawl_url': 'https://www.indeed.fr/jobs?q=Ing%C3%A9nieur&start=10',
 'job_title': 'Ingénieur méthodes & Process H/F',
 'link_url': '/pagead/clk?mo=r&ad=-6NYlbfkN0CJQjIynK2A58ru0dyZMcOug4YnImVAtVGAQVWPfsPR2MSVccHjsg4vrxqs0pzJNxefrr5J92sypTYnGk9HoYW5s3ey5c1Iox6hfmPrg0WiALltidTGHuxuZgw3k7tZeRzS-ltKW9zCWlVn32BnYtw41hWkakPMsJTceQp4iMcCRSK9WkwpPcb47vZjNsiNU2nceP7lcZ-aaNuYjjnbXrNzjYle7dBQ44Hmfv3WymyIKkRWfBuQfLZP6HGW7ig2ePZSk5O5HFADsafQUSL3aWeH3Iy2bgkwBZEQRd-AwVM-G-h3-6JIrwjakoTDYTX4RtT3aRY5jJlHtBW1-cClOOXsme_agKdjo4HX3Rya1wJho_Vlt5h8ptykwjojrpeRMj8G8g4Rc8YxeDV4ONKwxzp9Xz9b-R-gD8ouG9AmcSNzibg3PulrvzJUyByu48TI9ya8dKrXu7XgYktRKa0oJAMlhXpKtT7xnHGvBwinUcoxMQ==&p=1&fvj=1&vjs=3',
 'location': 'Nantes (44)',
 'salary': None,
 'site': 'Indeed',
 'summary': 'Ingénieur méthodes & process h/f ou similaire: 1 an (Souhaité).'}
2020-02-19 16:14:08 [scrapy] DEBUG: Scraped from <200 https://www.indeed.fr/jobs?q=Ing%C3%A9nieur&start=10>
{'company': 'ILIOS CONFORT',
 'crawl_url': 'https://www.indeed.fr/jobs?q=Ing%C3%A9nieur&start=10',
 'job_title': 'INGÉNIEUR ETUDE PHOTOVOLTAÏQUE - H/F',
 'link_url': '/pagead/clk?mo=r&ad=-6NYlbfkN0DoVxVWLfYFGsyTEKijx5Hav0VBsccIQE7ui7W7YjePrGpr0FsYuvK4baYqF4sb7UsV_sElzNaKQaMp4b7kEin_AkTUve6NrqYFxI-15AMjZlDxj5CoTSGnY2h4Vlc0epxLmIB8tOlEIpY7kvGHWPu0Wfuk6AdHSvs6dVoclXASO4tIy6ATwrHMGTd4CrqI1ZdeE8NDSrXx2zwkpJ3LUBpl6uG5JqATkGhJXHTYSsMdlknb6SgSc6t8HpNCwyj-w10a-UBw1N1eNKF83CKnemxI3pgEnB4zwseW79xlROD-zzU6S8Jz0Jx888Jddp7kUyqNoxR9CgujRrm8TePUFEni63dNODqcRclCgSmGai1Fk5L8muIgjlN_kJFQuU9HID8bSwzryLQJtoWjXrIpXJsTcbf3zymlKubOaWu6Q51K5Q06qFHt40ZTIEML-CyFbPxzpSc-w_BdG8PkgZNpyjWRMv4qQ-HvQTeK17DQblgSoC7fRTdBe4q-&p=2&fvj=1&vjs=3',
 'location': 'Lattes (34)',
 'salary': '2 000 € - 3 000 € par mois',
 'site': 'Indeed',
 'summary': 'Le Groupe ILIOS CONFORT est né il y a 10 ans, à Montpellier, dans '
            'le département de l’Hérault..'}
2020-02-19 16:14:08 [scrapy] DEBUG: Scraped from <200 https://www.indeed.fr/jobs?q=Ing%C3%A9nieur&start=10>
{'company': '',
 'crawl_url': 'https://www.indeed.fr/jobs?q=Ing%C3%A9nieur&start=10',
 'job_title': "Ingénieur Junior Marché de l'Energie (h/f)",
 'link_url': '/pagead/clk?mo=r&ad=-6NYlbfkN0CTNS0WgMHjtb0Nqr_GGWeKK0BdkbTlBPMLcGLeM92sfgz_Ee6-rOA__7SywUnizlRGH9MUrANh99DFWTY7LmhTZ_QQIjV0X-kfygYb0Y-bLjgzdSB8_iIJOPlPpifWAdVp17bs8kZNud5_nreGwvzaDpGwkhezAcQFYC5E3mk8ZsPpYktuhdzneSFqCXiGtBWKLAxgYPpvbQqXs2_zthdOr4PB3OphHHu1KIut2zWR9BpD52Xfbjdw45bSpjFspTQuOefJKK5cr3PSko-1e-vi1Cr4QpST6N_TviWg8RM5eqE9gXoyDYHx_xbCWnwU6ZiI8sWaH6WV9GtrtzU4ZDDW9kN0ReJ-rpbJXrH-7Zw-X1cgFCGIedX4vjTA2bUH-IBnBZOUBvSL65yld-CJ1w_7S_bOx_kiYm7vP0kDE4BxWdihPeXDjXnLn9A24jb477zHadH9AoDFxR2YojgoZ_lFRFgr3CBHSMqvukTFEREKo5_qOexU_OZqR02JNfkBM-RNZOJOjq2shRYGjS-17-RVN9Jbs5sSs89cNm4vQfFmNw==&p=3&fvj=0&vjs=3',
 'location': 'Metz (57)',
 'salary': '38 000 € - 45 000 € par an',
 'site': 'Indeed',
 'summary': 'Titulaire d’un diplôme d’ingénieur de haut niveau avec un intérêt '
            'pour les marchés de l’énergie, vous êtes curieux et rigoureux.'}
2020-02-19 16:14:09 [scrapy] DEBUG: Scraped from <200 https://www.indeed.fr/jobs?q=Ing%C3%A9nieur&start=10>
{'company': 'APILOG Automatisme Industriel',
 'crawl_url': 'https://www.indeed.fr/jobs?q=Ing%C3%A9nieur&start=10',
 'job_title': 'Ingénieur Automatismes Industriels',
 'link_url': '/pagead/clk?mo=r&ad=-6NYlbfkN0DF6JVSXUO5BtyVCZTLdT-IfDPjih1FLGqn5AwuUaSI3bbekXVbQI-T0EKuhQQhtClh0SGGQTIrc4ASbo94CfBZ7-ncHKJi8Llh7COsD20xKthGiJGf-n9wOMGniLzUZhtoxef1LJIhYZqdbexbya8smKKjLrou0dRxKJIqBZP3kG8_OyqPUk2qxarFuZvJxNYs3s6R107ZZ0Zne6VkobWaAx2oviv61_2zK1XcjFncMkhoPcDyEZHGoiJaO9Ynq5v3z44zqbB9j5Rb8DgfLh6VYZR_Hp4ze5Gdby6DnZU3tb_CBNkksapcteUJShHwCF2mjDjWRlx9LtJLlThameL7ktTkGy9MM1SUZ_hxjwupmPekFmnquK_BqI5G-1JEQtHtF9wIvoJKe71bvrStnN3_LUzLKAPtUxZAEH4ViiyqDM3cuUEuLL90ESzyIAnlg4ddDnev6epu2SUqemYZK4OMCf4xfMZlntE=&p=4&fvj=1&vjs=3',
 'location': 'Chanteloup-les-Vignes (78)',
 'salary': '35 000 € - 50 000 € par an',
 'site': 'Indeed',
 'summary': 'Ingénieur automatismes industriels ou similaire: 2 ans '
            '(Souhaité).'}
2020-02-19 16:14:09 [scrapy] DEBUG: Scraped from <200 https://www.indeed.fr/jobs?q=Ing%C3%A9nieur&start=10>
{'company': '',
 'crawl_url': 'https://www.indeed.fr/jobs?q=Ing%C3%A9nieur&start=10',
 'job_title': 'Ingénieur Etudes et Développement H/F',
 'link_url': '/pagead/clk?mo=r&ad=-6NYlbfkN0C4k4p-k5JzKkeZ2Lr19hfYmMp1S0DcJgPWWdbuG5E_sIArX6VRKNiqDukHdWSMqdSaXofdUfV4m5qo2zmyx-e7fDlIQJCB_TEy075U7HQWLVRnj50s_6kJ0NckY8JbjvawsvFJLqjlSNtMnmXna7r5QOoRF6LdPRrKprm_4-KqoLfsXEh2Ic_Sr_r6N6-H80hCnMQuIAPKOMgCTI-PyLQpGB2eEiqukUWBewm4StyV365_ahPCHj8TyDocb7bl6SWgLSlhlQbYijyn3SC-6Y4BtD6zkuJ5de094sBMWmTsnhq46kcmLW5xjzweMSjJlMdPA3GsTR97GrNrqBae3DVn6Xxc3P7RpsTmSxJulyjY76GdwxxRXEedDjDK8XZGvj7f-Mqdqnl8Awq6caVPv9H8qEJjB-VzjYrmxN1DlHFw9NuC_p790tDvFWqLQE2hzyr69D4890OuFA==&p=5&fvj=1&vjs=3',
 'location': "Villeneuve-d'Ascq (59)",
 'salary': None,
 'site': 'Indeed',
 'summary': 'Dans un contexte international et dans un environnement où la '
            'sécurité des systèmes d’information est une composante majeure, '
            'nous recrutons un'}
2020-02-19 16:14:09 [scrapy] DEBUG: Scraped from <200 https://www.indeed.fr/jobs?q=Ing%C3%A9nieur&start=10>
{'company': '',
 'crawl_url': 'https://www.indeed.fr/jobs?q=Ing%C3%A9nieur&start=10',
 'job_title': "Stage de 4 à 6 mois (H/F) - Préparation de l'industrialisation "
              "d'un projet automobile",
 'link_url': '/rc/clk?jk=f059c9ec497ddfed&fccid=90f0cbc4a30f8dba&vjs=3',
 'location': 'Valenciennes (59)',
 'salary': None,
 'site': 'Indeed',
 'summary': 'Élève'}
2020-02-19 16:14:09 [scrapy] DEBUG: Scraped from <200 https://www.indeed.fr/jobs?q=Ing%C3%A9nieur&start=10>
{'company': '',
 'crawl_url': 'https://www.indeed.fr/jobs?q=Ing%C3%A9nieur&start=10',
 'job_title': 'Ingénieur conception mécanique H/F',
 'link_url': '/company/ALTEN-SO/jobs/Ing%C3%A9nieur-Conception-M%C3%A9canique-ac97ce93c6717b89?fccid=ebf537736e70d959&vjs=3',
 'location': 'Gujan-Mestras (33)',
 'salary': '30 000 € - 40 000 € par an',
 'site': 'Indeed',
 'summary': 'Ingenieur concep ou similaire: 1 an (Requis).'}
2020-02-19 16:14:09 [scrapy] DEBUG: Scraped from <200 https://www.indeed.fr/jobs?q=Ing%C3%A9nieur&start=10>
{'company': 'Jifmar Offshore Services',
 'crawl_url': 'https://www.indeed.fr/jobs?q=Ing%C3%A9nieur&start=10',
 'job_title': 'Ingénieur Projets H/F',
 'link_url': '/company/JIFMAR-OFFSHORE-SERVICES/jobs/Ing%C3%A9nieur-Projets-7ae4e467751cae1d?fccid=37f032880b03ae75&vjs=3',
 'location': 'Sète (34)',
 'salary': None,
 'site': 'Indeed',
 'summary': 'Ingénieur projets h/f ou similaire: 1 an (Souhaité).'}
2020-02-19 16:14:10 [scrapy] DEBUG: Scraped from <200 https://www.indeed.fr/jobs?q=Ing%C3%A9nieur&start=10>
{'company': '',
 'crawl_url': 'https://www.indeed.fr/jobs?q=Ing%C3%A9nieur&start=10',
 'job_title': 'Ingénieur Méthodes Industrialisation H/F',
 'link_url': '/rc/clk?jk=83c066c256c92434&fccid=b3885ca934ed0066&vjs=3',
 'location': 'La Teste-de-Buch (33)',
 'salary': None,
 'site': 'Indeed',
 'summary': 'Le Groupe est en 4ème position du classement Universum des '
            'entreprises préférées des jeunes'}
2020-02-19 16:14:10 [scrapy] DEBUG: Scraped from <200 https://www.indeed.fr/jobs?q=Ing%C3%A9nieur&start=10>
{'company': 'SAMSON AGRO SASU',
 'crawl_url': 'https://www.indeed.fr/jobs?q=Ing%C3%A9nieur&start=10',
 'job_title': 'Ingénieur Méthodes Industrialisation H/F',
 'link_url': '/company/SAMSON-AGRO-SASU/jobs/Ing%C3%A9nieur-M%C3%A9thodes-Industrialisation-6b5a6ec9570d33e2?fccid=d9a1e68967e0205c&vjs=3',
 'location': 'Landivisiau (29)',
 'salary': '2 500 € - 3 000 € par mois',
 'site': 'Indeed',
 'summary': 'Ingénieur méthodes industrialisation ou similaire: 1 an '
            '(Souhaité).'}
2020-02-19 16:14:10 [scrapy] DEBUG: Scraped from <200 https://www.indeed.fr/jobs?q=Ing%C3%A9nieur&start=10>
{'company': 'Jifmar Offshore Services',
 'crawl_url': 'https://www.indeed.fr/jobs?q=Ing%C3%A9nieur&start=10',
 'job_title': 'Stagiaire Ingénieur projets F/H',
 'link_url': '/company/JIFMAR-OFFSHORE-SERVICES/jobs/Stagiaire-Ing%C3%A9nieur-Projets-F-H-8641666ef6a71e5f?fccid=37f032880b03ae75&vjs=3',
 'location': 'Sète (34)',
 'salary': '561 € par mois',
 'site': 'Indeed',
 'summary': "Dernière année de diplôme d'ingénieur ou équivalent en cours."}
2020-02-19 16:14:10 [scrapy] DEBUG: Scraped from <200 https://www.indeed.fr/jobs?q=Ing%C3%A9nieur&start=10>
{'company': '',
 'crawl_url': 'https://www.indeed.fr/jobs?q=Ing%C3%A9nieur&start=10',
 'job_title': 'Ingénieur généraliste polyvalent débutant H/F',
 'link_url': '/rc/clk?jk=b8fe007a9a93393b&fccid=e3ff72a6ad0d45a9&vjs=3',
 'location': 'Dijon (21)',
 'salary': None,
 'site': 'Indeed',
 'summary': 'Vous serez basé sur le secteur Bourgogne Franche Comté , vous '
            "occuperez un poste d'ingénieur débutant , vous pouvez être amené "
            'à travailler dans différents…'}
2020-02-19 16:14:10 [scrapy] DEBUG: Scraped from <200 https://www.indeed.fr/jobs?q=Ing%C3%A9nieur&start=10>
{'company': '',
 'crawl_url': 'https://www.indeed.fr/jobs?q=Ing%C3%A9nieur&start=10',
 'job_title': 'Assistant.e Ingénieur.e Qualité - Process critique (F / H)',
 'link_url': '/rc/clk?jk=797f0f5e65689546&fccid=1807e5727f702882&vjs=3',
 'location': 'Ducey (50)',
 'salary': None,
 'site': 'Indeed',
 'summary': "Issu d'une formation de niveau Bac+5, en université ou école "
            "d'ingénieur, spécialisé dans la gestion de la qualité "
            'industrielle, vous êtes motivé par l…'}
2020-02-19 16:14:11 [scrapy] DEBUG: Scraped from <200 https://www.indeed.fr/jobs?q=Ing%C3%A9nieur&start=10>
{'company': 'Glassolutions Centre Est Vitrage',
 'crawl_url': 'https://www.indeed.fr/jobs?q=Ing%C3%A9nieur&start=10',
 'job_title': 'Stagiaire ingénieur(e) Amélioration Continue',
 'link_url': '/company/Glassolutions-Centre-Est-Vitrage/jobs/Stagiaire-Ing%C3%A9nieur-Am%C3%A9lioration-Continue-d5ba0391aa90d72c?fccid=3662061c907a1ba3&vjs=3',
 'location': 'Crissey (71)',
 'salary': '800 € - 1 100 € par mois',
 'site': 'Indeed',
 'summary': 'Dans le cadre du programme SAINT-GOBAIN d’amélioration continue « '
            'WCM » (World Class Manufacturing), Glassolutions France propose '
            'des stages de fin d’études…'}
2020-02-19 16:14:11 [scrapy] DEBUG: Scraped from <200 https://www.indeed.fr/jobs?q=Ing%C3%A9nieur&start=10>
{'company': 'Abylsen STRA',
 'crawl_url': 'https://www.indeed.fr/jobs?q=Ing%C3%A9nieur&start=10',
 'job_title': 'Ingénieur Qualité',
 'link_url': '/company/Abylsen-STRA/jobs/Ing%C3%A9nieur-Qualit%C3%A9-41ee50da9afdbbd7?fccid=0468cef8de5290ac&vjs=3',
 'location': 'Annecy (74)',
 'salary': '32 000 € - 35 000 € par an',
 'site': 'Indeed',
 'summary': 'Ingénieur qualité ou similaire: 1 an (Souhaité).'}
2020-02-19 16:14:11 [scrapy] DEBUG: Scraped from <200 https://www.indeed.fr/jobs?q=Ing%C3%A9nieur&start=10>
{'company': 'SOFALI',
 'crawl_url': 'https://www.indeed.fr/jobs?q=Ing%C3%A9nieur&start=10',
 'job_title': "Ingénieur d'affaires ESN",
 'link_url': '/pagead/clk?mo=r&ad=-6NYlbfkN0DUwRMpguEI7DT0Tuz45XvOZN5jyjEGR-XH1n6J_PeQ0GTqy4JvT5XKCUFNrf8e7IMamOwLGcCKOXvc7zUOMDSZNnFgLnp8TvFL9E3xzYdk-vqEnf5-m-1RDCkMozfAB4uekoW7MsUs7EosFQCyBfSkrpEUT-LmsdraELntf05GS_EFDBDNi1B4WMSgMbUqpj-na1ep1OVcpPxwPGa58vdtS_dZ-9LOESIOcaLm4R6EfhPNMEBgTghGvF2nJXwFFaq4db37lgasEQ7OwHM1t1TdRQCczo3mR3EcgrKBFMCV5nuv9pM5TI-2YL8-VBuXoGiGVDMtXp6Zyckk1zr-9U2Q9NbVjPRYgMZRhEaUAMzmK5LE1qS-vckYp-u1ONv9ThuVGw-jIVZ6xpF5X9recb70Q9JF6Re2oDdIwXYjeqt60AjhlJqIj2sq4-4RVFSSKOPz9HfAP7dV0EzUDNIBysu2&p=16&fvj=1&vjs=3',
 'location': 'Paris (75)',
 'salary': '35 000 € par an',
 'site': 'Indeed',
 'summary': "Ingénieur d'affaires ou similaire: 3 ans (Requis)."}
2020-02-19 16:14:11 [scrapy] DEBUG: Scraped from <200 https://www.indeed.fr/jobs?q=Ing%C3%A9nieur&start=10>
{'company': 'SEAC',
 'crawl_url': 'https://www.indeed.fr/jobs?q=Ing%C3%A9nieur&start=10',
 'job_title': "Ingénieur bureau d'études H/F",
 'link_url': '/pagead/clk?mo=r&ad=-6NYlbfkN0CyvmtQexVzx1pixriGlN6W2hH9gkfVFJY8U9CZ34K6-rN36WUcIhek7DViQRM5dn0ihYofntzToGcjiJNRX1qoptK23v6WRL2Fjzvmip0FkXqQtDZfovyHn_YXRlJH7cq0xbcWE3KqXSPNh5Xpy04Xmgf7YXOzha3qvGIzvkWJ1XpdOpfi416KwK6G2__ZXmLLD2ZLwf8BImcDDB-N4FPUdNZiLd6C85i8CZcs5S4Rd3c9pestbOG-tv648FJYiu3ajkkQ9PtUkplkXLJoxpI2T6-soPol5_skaaae16w_nYO1y7wTuN073W9OrfMCu-7UxSlks2OECITRiGP_ahYNsbX80nboUOvqjGpZbXrmI2AI6faCwZGDzSARDr8qcDSrpHwHpTAQmb7Us6ElhRObgx2EuhCgfw95fBAC3H4nc1rZPX5ImsKQE2dLt8vwvHN0tTCypuSnJA==&p=17&fvj=1&vjs=3',
 'location': 'Gard',
 'salary': '24 000 € - 28 000 € par an',
 'site': 'Indeed',
 'summary': "Ingénieur bureau d'études h/f ou similaire: 1 an (Requis)."}
2020-02-19 16:14:11 [scrapy] DEBUG: Scraped from <200 https://www.indeed.fr/jobs?q=Ing%C3%A9nieur&start=10>
{'company': '',
 'crawl_url': 'https://www.indeed.fr/jobs?q=Ing%C3%A9nieur&start=10',
 'job_title': 'Ingénieur REACH H/F',
 'link_url': '/pagead/clk?mo=r&ad=-6NYlbfkN0DUN2b5WQb1EDIJ1VOcXkP2btY8_Jwn5DWOsultnYr2G_N_i2W0F2YhhbmE6xOyA7kuTX3aV-9RXTJFO05ZnRPle1mkrVKFBprOSMqCAjyalkhLnR9p5ihDoC9lmiJHKGLoWuXkSAfbY6s1jLthruOPRJwL3rWC1q1mKSkYrQujA7VRcjDWfk2PP0lOyu57qvmlsjTJ9Vs6ovfaLKnWGUsmXa3b5ZrKmClGo5TjnVyNuGc6JsbMP5iXSQCQm6t-jgJdYqPH-T78ahpqt5ky5WSTuQEaB4HAEiToygbf1Utd-eQFCUgJQjes_M4h6e3Pr5KyV_qSdSmBtOKgDR7WKp3L4Q1iv6FPqdM6QSQOqoD59mrr8uhxW5-5u7p3oF9_B-imVgVEoI8BnhFSNsEtudZR3k9Vs_113xMtpeFQsnRCr8In0l8PjvraVC127s7b_ScIKjlOG4BeCty2u3eL7Q8Nh3mP4SZ9e1vyspl8Zy2BbA==&p=18&fvj=0&vjs=3',
 'location': 'Saint-Dizier (52)',
 'salary': None,
 'site': 'Indeed',
 'summary': 'Dans le cadre de nouveaux projets, nous recherchons un'}
2020-02-19 16:14:12 [scrapy] DEBUG: Crawled (200) <GET https://www.indeed.fr/jobs?q=Ing%C3%A9nieur&start=20> (referer: https://www.indeed.fr/jobs?q=Ing%C3%A9nieur&start=10)
2020-02-19 16:14:12 [indeed2] DEBUG: 

 Crawling  https://www.indeed.fr/jobs?q=Ing%C3%A9nieur&start=20

2020-02-19 16:14:12 [scrapy] DEBUG: Scraped from <200 https://www.indeed.fr/jobs?q=Ing%C3%A9nieur&start=20>
{'company': 'ILIOS CONFORT',
 'crawl_url': 'https://www.indeed.fr/jobs?q=Ing%C3%A9nieur&start=20',
 'job_title': 'INGÉNIEUR ETUDE PHOTOVOLTAÏQUE - H/F',
 'link_url': '/pagead/clk?mo=r&ad=-6NYlbfkN0DoVxVWLfYFGsyTEKijx5Hav0VBsccIQE7ui7W7YjePrGpr0FsYuvK4baYqF4sb7UsV_sElzNaKQaMp4b7kEin_AkTUve6NrqYFxI-15AMjZlDxj5CoTSGnY2h4Vlc0epxLmIB8tOlEIpY7kvGHWPu0Wfuk6AdHSvs6dVoclXASO4tIy6ATwrHM87mftepIwVU9a7mmNu73O09sBcw06nZgQbj8JyFul2k36IsnwEe8VtLQ3G3OQkgiZXMSMIg82sbWjGl9_xNEUo6gX1EDqKjBDtS4aJjH3mjg8letpLSf4AsbH5VNqAf02v8lgUvvt_JbLUk8cUCWOZnlBDLvihz_WozOIhNHZ-TGd2XpWNS0bS4G9WQBeWn_DD77OMr5UbgsliUAZ4bCIG_GHtNDjMRJoOqa_cyE_ELeFldD8KW46WT1SdhYZqQrH72Oa4IrSt-9KguGUMm5Irq6YJfHBFMzJ8VsCxg_CrgYFS51LWIBzRnE7baNIXZn&p=0&fvj=1&vjs=3',
 'location': 'Lattes (34)',
 'salary': '2 000 € - 3 000 € par mois',
 'site': 'Indeed',
 'summary': 'Le Groupe ILIOS CONFORT est né il y a 10 ans, à Montpellier, dans '
            'le département de l’Hérault..'}
2020-02-19 16:14:13 [scrapy] DEBUG: Scraped from <200 https://www.indeed.fr/jobs?q=Ing%C3%A9nieur&start=20>
{'company': '',
 'crawl_url': 'https://www.indeed.fr/jobs?q=Ing%C3%A9nieur&start=20',
 'job_title': 'Ingénieur Systèmes et Réseaux - H/F',
 'link_url': '/pagead/clk?mo=r&ad=-6NYlbfkN0Djw8SN3gNsoczWBTRibZQsSK83yu4hguPJOEkmqPjUFZsX-2D3uAv1NaXOM0e2gGM6UaHtEmPLvUZ-Xlxe4eMnjZ5NaKK-OHq73ZzQsjlIOtvcQiHZsYqhBwMVA_YdwW5GusaCaxZ6WJm0CiNG15bLDe4jt9YJieWhCjX_5RLvjZBQWMfpwODNioCpEt_vHM6JtPyTBAsA2cKRE23x86tk97nGlcAADnlzYGcT8DP27yU-XF1Tzj45FT-WOrG5sa8BB58YaYQ76642yr59bfiJtwvG6lWFYoaRmC6-EEU5IkD2dlA9UseVQnCo7uk9MyzBnWeWYrRZO0IUK-KMlauU0NzzfReX5rFSmlXL42xkuv2C338G1LYXH3kjnQ9WNdAxqMepPFkMobD2FkuL7oa-Sl-F8PpinuQVfjNu3_L4jTVXhAA7yrnuOL1E_EabpzoLi3QgVRBipHt9wzJcCs9E0NLcQjmyHSMJr3NQjDG38-lBJns_jKrY6PztjEZuXF7JBpN7EnLDuw==&p=1&fvj=0&vjs=3',
 'location': 'Glisy (80)',
 'salary': None,
 'site': 'Indeed',
 'summary': 'Assister les'}
2020-02-19 16:14:14 [scrapy] DEBUG: Scraped from <200 https://www.indeed.fr/jobs?q=Ing%C3%A9nieur&start=20>
{'company': '',
 'crawl_url': 'https://www.indeed.fr/jobs?q=Ing%C3%A9nieur&start=20',
 'job_title': 'Ingénieur méthodes & Process H/F',
 'link_url': '/pagead/clk?mo=r&ad=-6NYlbfkN0CJQjIynK2A58ru0dyZMcOug4YnImVAtVGAQVWPfsPR2MSVccHjsg4vrxqs0pzJNxefrr5J92sypTYnGk9HoYW5s3ey5c1Iox6hfmPrg0WiALltidTGHuxuZgw3k7tZeRzS-ltKW9zCWlVn32BnYtw41hWkakPMsJTceQp4iMcCRSK9WkwpPcb4r-TqryZSDEri_B74yqb5D2xLNTHVsvxGg3uiH1qfGaHrjIDUcRZU9yVA2SjrzhX_aYyJDg83R1u8ppKwCCkIIolx_V0tWlCrgtpA9RTy3-1TO29SdadCtCWvsGtH_pwmCvlYw9ujgdb7B_0uAbz1VtAp3wy2iaBtpnKO4yUWPRCYD1AopFnhr6u1CgtPxI6mcgiR6IazYj8Ubtr-G1EkGusSQaWUfvmZD-EAFnLHaC-tkSqdJyaomYTMJixtY8aHMM8SFZTRuuHjbUh-0EjpwTRuJskp5aYErS18o11_J1i3tyEL2zYrgA==&p=2&fvj=1&vjs=3',
 'location': 'Nantes (44)',
 'salary': None,
 'site': 'Indeed',
 'summary': 'Ingénieur méthodes & process h/f ou similaire: 1 an (Souhaité).'}
2020-02-19 16:14:14 [scrapy] DEBUG: Scraped from <200 https://www.indeed.fr/jobs?q=Ing%C3%A9nieur&start=20>
{'company': 'SEAC',
 'crawl_url': 'https://www.indeed.fr/jobs?q=Ing%C3%A9nieur&start=20',
 'job_title': "Ingénieur bureau d'études H/F",
 'link_url': '/pagead/clk?mo=r&ad=-6NYlbfkN0CyvmtQexVzx1pixriGlN6W2hH9gkfVFJY8U9CZ34K6-rN36WUcIhek7DViQRM5dn0ihYofntzToGcjiJNRX1qoptK23v6WRL2Fjzvmip0FkXqQtDZfovyHn_YXRlJH7cq0xbcWE3KqXSPNh5Xpy04Xmgf7YXOzha3qvGIzvkWJ1XpdOpfi416KaGGuxKns8Z4lau3aG74uX5G6m0LWFewdMdUITFXJsfqQ_A1YklDlAv-4m-qxSShey18kph72TnKR9Se00weadGOgOfZwsQ3-PoOTQX-gvdYpdz8bYJkZMhZYiCSoZb95TFQtylj6_w638ruO1mpV8Q1aSFdt3hDzqd1_brmh1UMSOg9l5KWk4Ijy_n_1BezDCbVVc-5nrkfJujA9h2BIcLeDrgdVAmZ5BtLPB7lKVDd0DK9oADiRyMyA8UFn248pf9Qd1eLv9_f9JtLCAw7QYg==&p=3&fvj=1&vjs=3',
 'location': 'Gard',
 'salary': '24 000 € - 28 000 € par an',
 'site': 'Indeed',
 'summary': "Ingénieur bureau d'études h/f ou similaire: 1 an (Requis)."}
2020-02-19 16:14:14 [scrapy] DEBUG: Scraped from <200 https://www.indeed.fr/jobs?q=Ing%C3%A9nieur&start=20>
{'company': '',
 'crawl_url': 'https://www.indeed.fr/jobs?q=Ing%C3%A9nieur&start=20',
 'job_title': 'Ingénieur Etudes et Développement H/F',
 'link_url': '/pagead/clk?mo=r&ad=-6NYlbfkN0C4k4p-k5JzKkeZ2Lr19hfYmMp1S0DcJgPWWdbuG5E_sIArX6VRKNiqDukHdWSMqdSaXofdUfV4m5qo2zmyx-e7fDlIQJCB_TEy075U7HQWLVRnj50s_6kJ0NckY8JbjvawsvFJLqjlSNtMnmXna7r5QOoRF6LdPRrKprm_4-KqoLfsXEh2Ic_SnT4G6vUh82ET30z0GGJixbDwViKFMaHXKNk1Mih90GEexlWq_QAh6Qq_aZz6x9byM1JyzQR3zn8pdUYXyt-mZTjfZ37ygusMvcUwW87oInhzlwNI0tGUkG5CiCzyyBPOiv_Ny3oCmrxgtOtRie18lODkNmRuzKW5x5g1733YdAzBYTpDyqHqbjnLUPksMHpWYjyKSyvZwuq2O0J7gCqUGdBgt7djYRWI8n_KnEUCG-_JsRygBj7qkynqcYgZgh75LdqxZt-BEInkM7YnZt0_UA==&p=4&fvj=1&vjs=3',
 'location': "Villeneuve-d'Ascq (59)",
 'salary': None,
 'site': 'Indeed',
 'summary': 'Dans un contexte international et dans un environnement où la '
            'sécurité des systèmes d’information est une composante majeure, '
            'nous recrutons un'}
2020-02-19 16:14:14 [scrapy] DEBUG: Scraped from <200 https://www.indeed.fr/jobs?q=Ing%C3%A9nieur&start=20>
{'company': 'APILOG Automatisme Industriel',
 'crawl_url': 'https://www.indeed.fr/jobs?q=Ing%C3%A9nieur&start=20',
 'job_title': 'Ingénieur Automatismes Industriels',
 'link_url': '/pagead/clk?mo=r&ad=-6NYlbfkN0DF6JVSXUO5BtyVCZTLdT-IfDPjih1FLGqn5AwuUaSI3bbekXVbQI-T0EKuhQQhtClh0SGGQTIrc4ASbo94CfBZ7-ncHKJi8Llh7COsD20xKthGiJGf-n9wOMGniLzUZhtoxef1LJIhYZqdbexbya8smKKjLrou0dRxKJIqBZP3kBHYoiAGyrnFldwICT7jT1jBNSwoKJQZAsAauMmBf9PG_5KdedjuRztyWq7j0EC3_SK3v7QTEF4pBVaiA9tQC-V2ZDYEVOuF0i4nq8AXePocgryLjk6AcO4N679EQk0yymC1TiV1bp_gFf3WThHdu32QthEjIowbGrLiHG2tcJiJj1ICMWHuWLzEQCyK6nEcW-C27SdFNdTSMAdDd3nb2Gs2gGWCJncjyjYBYMMDsv3lWzEJh1D4ZnE3888NI-Nkn-PNrJ1FbvIi1JA9yJvHt4XVtRJkeV58qLMax5IkLW6f3nzvESxS0OM=&p=5&fvj=1&vjs=3',
 'location': 'Chanteloup-les-Vignes (78)',
 'salary': '35 000 € - 50 000 € par an',
 'site': 'Indeed',
 'summary': 'Ingénieur automatismes industriels ou similaire: 2 ans '
            '(Souhaité).'}
2020-02-19 16:14:14 [scrapy] DEBUG: Scraped from <200 https://www.indeed.fr/jobs?q=Ing%C3%A9nieur&start=20>
{'company': '',
 'crawl_url': 'https://www.indeed.fr/jobs?q=Ing%C3%A9nieur&start=20',
 'job_title': '1 ingénieur(re) Suivi des Projets Packaging en CDD (H/F) de 12 '
              'mois',
 'link_url': '/rc/clk?jk=6d8306f589c62046&fccid=90f0cbc4a30f8dba&vjs=3',
 'location': 'Valenciennes (59)',
 'salary': None,
 'site': 'Indeed',
 'summary': 'Le packaging est un outil clé au centre du TPS (Toyota Production '
            "System) permettant l'application directe des principes "
            'fondamentaux du juste à temps, tout en…'}
2020-02-19 16:14:14 [scrapy] DEBUG: Scraped from <200 https://www.indeed.fr/jobs?q=Ing%C3%A9nieur&start=20>
{'company': 'BERT CONSULTANTS',
 'crawl_url': 'https://www.indeed.fr/jobs?q=Ing%C3%A9nieur&start=20',
 'job_title': 'Ingénieur généraliste - Eau / Environnement',
 'link_url': '/company/JEAN--RAPHAEL-BERT-CONSULTANT/jobs/Ing%C3%A9nieur-G%C3%A9n%C3%A9raliste-58e0681348c2deb6?fccid=ef34e78e94e38dc9&vjs=3',
 'location': 'Orléans (45)',
 'salary': None,
 'site': 'Indeed',
 'summary': 'Ingénieur généraliste - eau / environnement ou similaire: 1 an '
            '(Souhaité).'}
2020-02-19 16:14:14 [scrapy] DEBUG: Scraped from <200 https://www.indeed.fr/jobs?q=Ing%C3%A9nieur&start=20>
{'company': '',
 'crawl_url': 'https://www.indeed.fr/jobs?q=Ing%C3%A9nieur&start=20',
 'job_title': 'Assistant ingénieur optimisation des procédés H/F',
 'link_url': '/company/MINAKEM/jobs/Assistant-Ing%C3%A9nieur-Optimisation-Des-Proc%C3%A9d%C3%A9s-61c7e541d6db1616?fccid=6ff5f7dea088d65f&vjs=3',
 'location': 'Dunkerque (59)',
 'salary': None,
 'site': 'Indeed',
 'summary': 'Assistant'}
2020-02-19 16:14:14 [scrapy] DEBUG: Scraped from <200 https://www.indeed.fr/jobs?q=Ing%C3%A9nieur&start=20>
{'company': '',
 'crawl_url': 'https://www.indeed.fr/jobs?q=Ing%C3%A9nieur&start=20',
 'job_title': 'Ingénieur Spécialiste Méthodes Composites (H/F)',
 'link_url': '/rc/clk?jk=47b1d68943e6fb59&fccid=2d0740e02e80cf22&vjs=3',
 'location': 'Nantes (44)',
 'salary': None,
 'site': 'Indeed',
 'summary': "Bac + 5 - Type diplôme d'ingénieur."}
2020-02-19 16:14:15 [scrapy] DEBUG: Scraped from <200 https://www.indeed.fr/jobs?q=Ing%C3%A9nieur&start=20>
{'company': '',
 'crawl_url': 'https://www.indeed.fr/jobs?q=Ing%C3%A9nieur&start=20',
 'job_title': 'Ingénieur Etude H/F CDI',
 'link_url': '/rc/clk?jk=8dad375cb7c43e61&fccid=d29a3630d238085c&vjs=3',
 'location': 'Annecy (74)',
 'salary': None,
 'site': 'Indeed',
 'summary': 'Située au cœur des Alpes françaises, l’entreprise Pfeiffer Vacuum '
            'SAS, forte et fière de son histoire, est filiale d’un groupe '
            'international numéro 2 mondial…'}
2020-02-19 16:14:15 [scrapy] DEBUG: Scraped from <200 https://www.indeed.fr/jobs?q=Ing%C3%A9nieur&start=20>
{'company': '',
 'crawl_url': 'https://www.indeed.fr/jobs?q=Ing%C3%A9nieur&start=20',
 'job_title': 'Ingénieur.e méthodes F/H',
 'link_url': '/rc/clk?jk=e3e707cd1a6eafec&fccid=1807e5727f702882&vjs=3',
 'location': 'Ducey (50)',
 'salary': None,
 'site': 'Indeed',
 'summary': 'Vous maîtrisez le lean manufacturing et ses outils, et êtes '
            "issu.e d’une formation d'ingénieur spécialisée dans la production "
            'industrielle et l’amélioration…'}
2020-02-19 16:14:15 [scrapy] DEBUG: Scraped from <200 https://www.indeed.fr/jobs?q=Ing%C3%A9nieur&start=20>
{'company': '',
 'crawl_url': 'https://www.indeed.fr/jobs?q=Ing%C3%A9nieur&start=20',
 'job_title': 'Ingénieur(e) Supply Chain junior - Secteur Aéronautique F/H',
 'link_url': '/company/Altran/jobs/Ing%C3%A9nieur-Supply-Chain-Junior-ad880c8b29b9f3ec?fccid=397876ae47f9c1c3&vjs=3',
 'location': 'Aix-en-Provence (13)',
 'salary': None,
 'site': 'Indeed',
 'summary': 'Ingénieur(e) supply chain junior - secteur aéronautique f/h ou '
            'similaire: 1 an (Souhaité).'}
2020-02-19 16:14:16 [scrapy] DEBUG: Scraped from <200 https://www.indeed.fr/jobs?q=Ing%C3%A9nieur&start=20>
{'company': '',
 'crawl_url': 'https://www.indeed.fr/jobs?q=Ing%C3%A9nieur&start=20',
 'job_title': 'Travel Agent Worldwide (English-speaking)',
 'link_url': '/rc/clk?jk=0d634639b1f8b2dd&fccid=7adb2a64a1f812f2&vjs=3',
 'location': 'France',
 'salary': None,
 'site': 'Indeed',
 'summary': 'Founded by travel enthusiasts in 2009, Evaneos is the market '
            'leader in connecting travelers directly with local travel agents '
            'across the planet.'}
2020-02-19 16:14:16 [scrapy] DEBUG: Scraped from <200 https://www.indeed.fr/jobs?q=Ing%C3%A9nieur&start=20>
{'company': '',
 'crawl_url': 'https://www.indeed.fr/jobs?q=Ing%C3%A9nieur&start=20',
 'job_title': 'Ingénieur analytique stabilité R&D',
 'link_url': '/rc/clk?jk=92d729fa54eff0f5&fccid=824e86658e35aee4&vjs=3',
 'location': 'Haute-Savoie',
 'salary': None,
 'site': 'Indeed',
 'summary': 'Le site d’Allergan Industrie Annecy (74) recrute un'}
2020-02-19 16:14:16 [scrapy] DEBUG: Scraped from <200 https://www.indeed.fr/jobs?q=Ing%C3%A9nieur&start=20>
{'company': '',
 'crawl_url': 'https://www.indeed.fr/jobs?q=Ing%C3%A9nieur&start=20',
 'job_title': 'Ingénieur validation fabrication Gel',
 'link_url': '/rc/clk?jk=857721f6a7982c5a&fccid=824e86658e35aee4&vjs=3',
 'location': 'Haute-Savoie',
 'salary': None,
 'site': 'Indeed',
 'summary': 'Le site d’Allergan industrie recrute un'}
2020-02-19 16:14:16 [scrapy] DEBUG: Scraped from <200 https://www.indeed.fr/jobs?q=Ing%C3%A9nieur&start=20>
{'company': '',
 'crawl_url': 'https://www.indeed.fr/jobs?q=Ing%C3%A9nieur&start=20',
 'job_title': "Ingénieur Junior Marché de l'Energie (h/f)",
 'link_url': '/pagead/clk?mo=r&ad=-6NYlbfkN0CTNS0WgMHjtb0Nqr_GGWeKK0BdkbTlBPMLcGLeM92sfgz_Ee6-rOA__7SywUnizlRGH9MUrANh99DFWTY7LmhTZ_QQIjV0X-kfygYb0Y-bLjgzdSB8_iIJOPlPpifWAdVp17bs8kZNud5_nreGwvzaDpGwkhezAcQFYC5E3mk8ZsPpYktuhdzneSFqCXiGtBWKLAxgYPpvbQqXs2_zthdOr4PB3OphHHu1KIut2zWR9JyH7QHs3RaXeOwCZNpdAl4jPGQnrfXUab1_qHa6cHJWWUp6m9_GoTPeyFV68QA0ixtmBSIh_XOZBcwIoud3cyB7Z-OzRyr29j6tPlWzt5suhLly0j1FKAB9i3EvEIaS9eh3POd39ZGYNBPRLETw5xVIc7SoUAolLxaQPWzBxFbomA7AVhjvn9Utj08cEGzMyKqkKmhhlTEsCyPBNywoZN0ezcZXgNhbrPh4UGSY_0BcH_OOLCNTD2s9lg7G6kbYquDFTxkc7KuS-PR4pmrfgYNw39iO3abZS8uLGrmpP1Xhs7UsbO27YGffThXzQ-x1uA==&p=16&fvj=0&vjs=3',
 'location': 'Metz (57)',
 'salary': '38 000 € - 45 000 € par an',
 'site': 'Indeed',
 'summary': 'Titulaire d’un diplôme d’ingénieur de haut niveau avec un intérêt '
            'pour les marchés de l’énergie, vous êtes curieux et rigoureux.'}
2020-02-19 16:14:16 [scrapy] DEBUG: Scraped from <200 https://www.indeed.fr/jobs?q=Ing%C3%A9nieur&start=20>
{'company': 'OUTREMER TELECOM',
 'crawl_url': 'https://www.indeed.fr/jobs?q=Ing%C3%A9nieur&start=20',
 'job_title': 'Ingénieur Réseau Core & Vas (NSS) H/F',
 'link_url': '/pagead/clk?mo=r&ad=-6NYlbfkN0ANVR7qhJ2D3RLJwT2VKKKxIAtenSzWuHAexBhM6KtDoaBXZroVjMdsdNxpmHZ8xS0agr55qgzsjkOFlWdxyDRDVuY6je58IkWiuPGDC7IYciRsDtWCGjpOXh6VFI17_yBYIfe0uN-8xhuyGSvt_Fqs092slSytq20fJE8zZyT1Oh4woRbpE7U1gjoAulVvsldC5qJY7Rst6MKevfj31LeW4PLKJ-fmci8oIrCQH6hfeJwVJSx64Q9HN8pvtvDup-H7vi4KP-D_oQhNI0TfWRPuHmRtgHp6Rv1rWprquyAicfyst5dURTvyWCQz29cu-lJ_cgA9YSN5UttmF1daDPMIhF6smYEuY9cTG3tg2NoZmH3yQeJHwmqNljqO6COz4_zNoM1JUOfRmhjD6xtfxX9TOCGVeOz8BWe0sEofqw7KB13_VPO_ig_2kPYO2Sha7OE=&p=17&fvj=1&vjs=3',
 'location': 'Fort-de-France (MQ)',
 'salary': None,
 'site': 'Indeed',
 'summary': 'Ingénieur réseau core & vas (nss) ou similaire: 1 an (Souhaité).'}
2020-02-19 16:14:16 [scrapy] DEBUG: Scraped from <200 https://www.indeed.fr/jobs?q=Ing%C3%A9nieur&start=20>
{'company': '',
 'crawl_url': 'https://www.indeed.fr/jobs?q=Ing%C3%A9nieur&start=20',
 'job_title': 'Ingénieur REACH H/F',
 'link_url': '/pagead/clk?mo=r&ad=-6NYlbfkN0DUN2b5WQb1EDIJ1VOcXkP2btY8_Jwn5DWOsultnYr2G_N_i2W0F2YhhbmE6xOyA7kuTX3aV-9RXTJFO05ZnRPle1mkrVKFBprOSMqCAjyalkhLnR9p5ihDoC9lmiJHKGLoWuXkSAfbY6s1jLthruOPRJwL3rWC1q1mKSkYrQujA7VRcjDWfk2PyHaF7eGtN4VEAw-J_OjYo0wCPFtFvpNqs8f0FaUso8Ky691jc61wadfGYzY_-ZJSZrCuDIyS4NFuq02z63OHt9NtCxfKx3t7KQpB_MWQq8uCYsdERlOQ99oNwFncbF95pqso1TRuls1rf-a3nT6lLZ5926cKFzmwo9a0qDgEhHg3wC2KmzoJKzevFFK64DFIY7al50gR3AWgc94WYAPpBLENsbCqHzEVfw4WPc0WYKmOA8r0U0QGyAo_yqt3dmIXAj12xb2kSDN7K3phtWptqzYrS3ICCy5lzuFkefOIkuY05bj-gLwuOw==&p=18&fvj=0&vjs=3',
 'location': 'Saint-Dizier (52)',
 'salary': None,
 'site': 'Indeed',
 'summary': 'Dans le cadre de nouveaux projets, nous recherchons un'}
2020-02-19 16:14:17 [scrapy] DEBUG: Crawled (200) <GET https://www.indeed.fr/jobs?q=Ing%C3%A9nieur&start=30> (referer: https://www.indeed.fr/jobs?q=Ing%C3%A9nieur&start=20)
2020-02-19 16:14:17 [indeed2] DEBUG: 

 Crawling  https://www.indeed.fr/jobs?q=Ing%C3%A9nieur&start=30

2020-02-19 16:14:17 [scrapy] DEBUG: Scraped from <200 https://www.indeed.fr/jobs?q=Ing%C3%A9nieur&start=30>
{'company': 'SOFALI',
 'crawl_url': 'https://www.indeed.fr/jobs?q=Ing%C3%A9nieur&start=30',
 'job_title': "Ingénieur d'affaires ESN",
 'link_url': '/pagead/clk?mo=r&ad=-6NYlbfkN0DUwRMpguEI7DT0Tuz45XvOZN5jyjEGR-XH1n6J_PeQ0GTqy4JvT5XKCUFNrf8e7IMamOwLGcCKOXvc7zUOMDSZNnFgLnp8TvFL9E3xzYdk-vqEnf5-m-1RDCkMozfAB4uekoW7MsUs7EosFQCyBfSkrpEUT-LmsdraELntf05GS_EFDBDNi1B4bipwR3wSLtZQYHWy750qlrSx7x4J0tscVwYun2xwGDljVE3_HXmWm_F_GJNB2MPj-e9GHpJohX_Txxgf997uamQjbfOqGADv8Uxku-n6ZuqaLsSc7q6Wfl0CSxHjLkNYL9oBwSWx4HW7Twwrjf1mJvMGdfWC0y8JxwTLq_zky4trYfWQb386BgNlpMY3a0r33LpdBpjJFCXGsYWfAqFwI70uBT9nYsUC-RpU1VV7mLuGW22UEK2quMYHaMbhF3N78p4gCgPM9gYIJpwPwTCayntW4H8WKj7y&p=0&fvj=1&vjs=3',
 'location': 'Paris (75)',
 'salary': '35 000 € par an',
 'site': 'Indeed',
 'summary': "Ingénieur d'affaires ou similaire: 3 ans (Requis)."}
2020-02-19 16:14:18 [scrapy] DEBUG: Scraped from <200 https://www.indeed.fr/jobs?q=Ing%C3%A9nieur&start=30>
{'company': 'APILOG Automatisme Industriel',
 'crawl_url': 'https://www.indeed.fr/jobs?q=Ing%C3%A9nieur&start=30',
 'job_title': 'Ingénieur Automatismes Industriels',
 'link_url': '/pagead/clk?mo=r&ad=-6NYlbfkN0DF6JVSXUO5BtyVCZTLdT-IfDPjih1FLGqn5AwuUaSI3bbekXVbQI-T0EKuhQQhtClh0SGGQTIrc4ASbo94CfBZ7-ncHKJi8Llh7COsD20xKthGiJGf-n9wOMGniLzUZhtoxef1LJIhYZqdbexbya8smKKjLrou0dRxKJIqBZP3kAqRKewR-Xyfunh4aQEhG-ItlwmexFddHYYyqgANoxf958Gx8s834Kk-_4GCpsSGF_iXf8jzpKN2RbePALlKGdD83u5bFDnWfotaEDfnLNQU2Il2zyUIeWhXGrTlh0E0S9j-a4YgN5zNKf9t8t8hYGyVsi7xQQ6kKDK-3Al09AMEMokpdJ9R-DY3rHYWfN-ix4Yblq6PgDQSQHmA_Hly36DUbgh6HxaQ54yb1URpQ7RxUqZwdSPMKIxzlByCp0etsvsmS7tVyYNSHWC9tThaVZmhlCSAgY3iBPvKJyFdrh2ViLZx_DOq0Lw=&p=1&fvj=1&vjs=3',
 'location': 'Chanteloup-les-Vignes (78)',
 'salary': '35 000 € - 50 000 € par an',
 'site': 'Indeed',
 'summary': 'Ingénieur automatismes industriels ou similaire: 2 ans '
            '(Souhaité).'}
2020-02-19 16:14:18 [scrapy] DEBUG: Scraped from <200 https://www.indeed.fr/jobs?q=Ing%C3%A9nieur&start=30>
{'company': 'ILIOS CONFORT',
 'crawl_url': 'https://www.indeed.fr/jobs?q=Ing%C3%A9nieur&start=30',
 'job_title': 'INGÉNIEUR ETUDE PHOTOVOLTAÏQUE - H/F',
 'link_url': '/pagead/clk?mo=r&ad=-6NYlbfkN0DoVxVWLfYFGsyTEKijx5Hav0VBsccIQE7ui7W7YjePrGpr0FsYuvK4baYqF4sb7UsV_sElzNaKQaMp4b7kEin_AkTUve6NrqYFxI-15AMjZlDxj5CoTSGnY2h4Vlc0epxLmIB8tOlEIpY7kvGHWPu0Wfuk6AdHSvs6dVoclXASO4tIy6ATwrHMxfOh8sNOZVji7oP_o6feLkGhfJ2kx5wIvQhcjt6wcYnznmpq_3wZ9xS1_UTTkeiKM52G0vgTdhXAEHxX6XK2yP_l9ENe6jY7M9czmm_HnonFlpu5t9hEcLkEQBxqpYg8nEM4Q_rmnZ_VoLilpPkUih6jGQ0oLQbg1z98JTC_jLGM_-Ey31cxQR61zvUBAhOdmvvIuA-OGTU3p5l3Yl5f-eRrReHE4OkdIYSeNZbD3CwqPloArzzDfLCilI8wzy9m7YKmilD_Vq-8yzsJA1_ZhRtdR48rVOw15Q04crSrjWMzugxohZiW-ZIvPZbcTC8O&p=2&fvj=1&vjs=3',
 'location': 'Lattes (34)',
 'salary': '2 000 € - 3 000 € par mois',
 'site': 'Indeed',
 'summary': 'Le Groupe ILIOS CONFORT est né il y a 10 ans, à Montpellier, dans '
            'le département de l’Hérault..'}
2020-02-19 16:14:18 [scrapy] DEBUG: Scraped from <200 https://www.indeed.fr/jobs?q=Ing%C3%A9nieur&start=30>
{'company': '',
 'crawl_url': 'https://www.indeed.fr/jobs?q=Ing%C3%A9nieur&start=30',
 'job_title': "Ingénieur Junior Marché de l'Energie (h/f)",
 'link_url': '/pagead/clk?mo=r&ad=-6NYlbfkN0CTNS0WgMHjtb0Nqr_GGWeKK0BdkbTlBPMLcGLeM92sfgz_Ee6-rOA__7SywUnizlRGH9MUrANh99DFWTY7LmhTZ_QQIjV0X-kfygYb0Y-bLjgzdSB8_iIJOPlPpifWAdVp17bs8kZNud5_nreGwvzaDpGwkhezAcQFYC5E3mk8ZsPpYktuhdzneSFqCXiGtBWKLAxgYPpvbQqXs2_zthdOr4PB3OphHHu1KIut2zWR9ANPUcY-nT2-fE84j9-QqdDhnaArrKcfe3TsJ4wTprHln5VWwQJ6oteFIP_t5BoUr5h_u2GP33bkL7ukgPsVw6YBNkjtH5zWRrdxua6Aimghmqm5TH0fg68uvQAsOL48ue7p-Jr0s3dL7vF65RAA7f4guewLebVgktGM405Yrfym6VZvQD3khgOz71Q4-AchM2EbdLxP3qrLXe6SZ1OU8zZcOo1RXys0WNZJfUTtrL3cT8cVgm-48Y_S8Wjf6r54hhD-YtqyaBIJQ7HRhnAMTaHSZFmi3biWDxf0AUIAMAloFMdGpT4sBevsSusUgrC3gw==&p=3&fvj=0&vjs=3',
 'location': 'Metz (57)',
 'salary': '38 000 € - 45 000 € par an',
 'site': 'Indeed',
 'summary': 'Titulaire d’un diplôme d’ingénieur de haut niveau avec un intérêt '
            'pour les marchés de l’énergie, vous êtes curieux et rigoureux.'}
2020-02-19 16:14:18 [scrapy] DEBUG: Scraped from <200 https://www.indeed.fr/jobs?q=Ing%C3%A9nieur&start=30>
{'company': '',
 'crawl_url': 'https://www.indeed.fr/jobs?q=Ing%C3%A9nieur&start=30',
 'job_title': 'Ingénieur Propriété Industrielle F/H',
 'link_url': '/rc/clk?jk=82f3780f0f3c23e6&fccid=1ab127ce70437af9&vjs=3',
 'location': 'La Chevrolière (44)',
 'salary': None,
 'site': 'Indeed',
 'summary': 'Profil recherché - Formation : Bac+5 en ingénierie ou formation '
            "d'ingénieur ;"}
2020-02-19 16:14:19 [scrapy] DEBUG: Scraped from <200 https://www.indeed.fr/jobs?q=Ing%C3%A9nieur&start=30>
{'company': '',
 'crawl_url': 'https://www.indeed.fr/jobs?q=Ing%C3%A9nieur&start=30',
 'job_title': 'Ingénieur Conception Mécanique H/F',
 'link_url': '/rc/clk?jk=4a33edafbc74a8a5&fccid=865214cc5e8fd92a&vjs=3',
 'location': 'Haute-Savoie',
 'salary': None,
 'site': 'Indeed',
 'summary': 'Issu(e) d’une formation BAC+5 ou'}
2020-02-19 16:14:19 [scrapy] DEBUG: Scraped from <200 https://www.indeed.fr/jobs?q=Ing%C3%A9nieur&start=30>
{'company': '',
 'crawl_url': 'https://www.indeed.fr/jobs?q=Ing%C3%A9nieur&start=30',
 'job_title': 'Ingénieur R&D Traitement de Surface',
 'link_url': '/rc/clk?jk=38e479bf49ecdf75&fccid=e01d53bb6b51f01b&vjs=3',
 'location': 'France',
 'salary': None,
 'site': 'Indeed',
 'summary': 'Ce service est composé de docteurs,'}
2020-02-19 16:14:19 [scrapy] DEBUG: Scraped from <200 https://www.indeed.fr/jobs?q=Ing%C3%A9nieur&start=30>
{'company': '',
 'crawl_url': 'https://www.indeed.fr/jobs?q=Ing%C3%A9nieur&start=30',
 'job_title': 'Ingénieur qualité projet F/H',
 'link_url': '/rc/clk?jk=e311c1b0eb1eb2dd&fccid=4c1dc7d9791a6941&vjs=3',
 'location': 'Marignier (74)',
 'salary': None,
 'site': 'Indeed',
 'summary': 'Formations de niveaux II et I (MST, DESS, DEA, diplômes '
            "d'ingénieur) avec."}
2020-02-19 16:14:20 [scrapy] DEBUG: Scraped from <200 https://www.indeed.fr/jobs?q=Ing%C3%A9nieur&start=30>
{'company': '',
 'crawl_url': 'https://www.indeed.fr/jobs?q=Ing%C3%A9nieur&start=30',
 'job_title': 'Ingénieur stagiaire Industrialisation Méthodes (F/H)',
 'link_url': '/rc/clk?jk=7be20208ecba0df0&fccid=afcbba7ca395f114&vjs=3',
 'location': 'La Gacilly (56)',
 'salary': None,
 'site': 'Indeed',
 'summary': 'Futur'}
2020-02-19 16:14:20 [scrapy] DEBUG: Scraped from <200 https://www.indeed.fr/jobs?q=Ing%C3%A9nieur&start=30>
{'company': 'MROD',
 'crawl_url': 'https://www.indeed.fr/jobs?q=Ing%C3%A9nieur&start=30',
 'job_title': 'Ingénieur matériaux (H/F)',
 'link_url': '/rc/clk?jk=6ade66e7d0f6faa4&fccid=9b9ed73b9bf9e9ba&vjs=3',
 'location': 'Loire-Atlantique',
 'salary': None,
 'site': 'Indeed',
 'summary': "MROD, société de conseil en ingénierie recherche pour l'un de ses "
            'clients un'}
2020-02-19 16:14:20 [scrapy] DEBUG: Scraped from <200 https://www.indeed.fr/jobs?q=Ing%C3%A9nieur&start=30>
{'company': '',
 'crawl_url': 'https://www.indeed.fr/jobs?q=Ing%C3%A9nieur&start=30',
 'job_title': 'Ingénieur conception mécanique - Systèmes antennes H/F',
 'link_url': '/rc/clk?jk=9006936896299a8a&fccid=b3885ca934ed0066&vjs=3',
 'location': 'La Teste-de-Buch (33)',
 'salary': None,
 'site': 'Indeed',
 'summary': "Vous êtes titulaire d'un diplôme d'ingénieur à dominante "
            'mécanique ou master équivalent.'}
2020-02-19 16:14:20 [scrapy] DEBUG: Scraped from <200 https://www.indeed.fr/jobs?q=Ing%C3%A9nieur&start=30>
{'company': '',
 'crawl_url': 'https://www.indeed.fr/jobs?q=Ing%C3%A9nieur&start=30',
 'job_title': 'Assistant(e) Chef de Projets Site',
 'link_url': '/rc/clk?jk=27d28c1b513a05b2&fccid=1807e5727f702882&vjs=3',
 'location': 'Saint-Pourçain-sur-Sioule (03)',
 'salary': None,
 'site': 'Indeed',
 'summary': 'Sous la responsabilité d’un Chef de Projets, Vous pilotez un '
            'projet de développement d’un Nouveau Produit (Qualité / Coût / '
            'Délai).'}
2020-02-19 16:14:21 [scrapy] DEBUG: Scraped from <200 https://www.indeed.fr/jobs?q=Ing%C3%A9nieur&start=30>
{'company': '',
 'crawl_url': 'https://www.indeed.fr/jobs?q=Ing%C3%A9nieur&start=30',
 'job_title': 'Ingénieur assurance qualité fournisseurs H/F',
 'link_url': '/rc/clk?jk=9db699688e446a07&fccid=b3885ca934ed0066&vjs=3',
 'location': 'La Teste-de-Buch (33)',
 'salary': None,
 'site': 'Indeed',
 'summary': 'Le Groupe est en 4ème position du classement Universum des '
            'entreprises préférées des jeunes'}
2020-02-19 16:14:22 [scrapy] DEBUG: Scraped from <200 https://www.indeed.fr/jobs?q=Ing%C3%A9nieur&start=30>
{'company': 'Compagnie Européenne des Bains',
 'crawl_url': 'https://www.indeed.fr/jobs?q=Ing%C3%A9nieur&start=30',
 'job_title': 'Ingénieur HSE H/F',
 'link_url': '/company/VALVITAL/jobs/Ing%C3%A9nieur-HSE-db7e0dfc0e186729?fccid=a22a275db17a13e0&vjs=3',
 'location': 'Aix-les-Bains (73)',
 'salary': '3 000 € par mois',
 'site': 'Indeed',
 'summary': 'Formation minimale exigée : Formations techniques supérieures de '
            'niveau I (écoles d’ingénieurs, masters universitaires) ou bac+2 '
            'avec expérience en matière de…'}
2020-02-19 16:14:22 [scrapy] DEBUG: Scraped from <200 https://www.indeed.fr/jobs?q=Ing%C3%A9nieur&start=30>
{'company': '',
 'crawl_url': 'https://www.indeed.fr/jobs?q=Ing%C3%A9nieur&start=30',
 'job_title': 'Ingénieur REACH H/F',
 'link_url': '/pagead/clk?mo=r&ad=-6NYlbfkN0DUN2b5WQb1EDIJ1VOcXkP2btY8_Jwn5DWOsultnYr2G_N_i2W0F2YhhbmE6xOyA7kuTX3aV-9RXTJFO05ZnRPle1mkrVKFBprOSMqCAjyalkhLnR9p5ihDoC9lmiJHKGLoWuXkSAfbY6s1jLthruOPRJwL3rWC1q1mKSkYrQujA7VRcjDWfk2PvynVedA41nh-1odhNuHRdW_d1Uqycd9p0puRzVfaIKBWLJux07LYj2ekDmbRlQjCQBfG_WC6V0zTgmXKnP_uuPAtXcH8v00J7_BjSbo9Ec8pvzSRrBWeQMywv2u8UVZDtL883E1uSiOi-xqln9-YDa3_rl3gcAFwp6zbNOyhS4Cs4WPfhYUtoHr5MwupO3sCZ4ymusyjmShfnHm_Yask1Qnmu0IYZ_qQQPMZQY2XvF0xnW5TdHMVf2loYINutGf0rJFEb5kJHdEA_E21DEKAsttxe_OwtoT7KtHBTi-kK1pKWq1oWbWDOg==&p=14&fvj=0&vjs=3',
 'location': 'Saint-Dizier (52)',
 'salary': None,
 'site': 'Indeed',
 'summary': 'Dans le cadre de nouveaux projets, nous recherchons un'}
2020-02-19 16:14:23 [scrapy] DEBUG: Scraped from <200 https://www.indeed.fr/jobs?q=Ing%C3%A9nieur&start=30>
{'company': '',
 'crawl_url': 'https://www.indeed.fr/jobs?q=Ing%C3%A9nieur&start=30',
 'job_title': 'Ingénieur méthodes & Process H/F',
 'link_url': '/pagead/clk?mo=r&ad=-6NYlbfkN0CJQjIynK2A58ru0dyZMcOug4YnImVAtVGAQVWPfsPR2MSVccHjsg4vrxqs0pzJNxefrr5J92sypTYnGk9HoYW5s3ey5c1Iox6hfmPrg0WiALltidTGHuxuZgw3k7tZeRzS-ltKW9zCWlVn32BnYtw41hWkakPMsJTceQp4iMcCRSK9WkwpPcb4SCexXm5o6XNjhT3TYCgu4jcrhsnrFzXlJSo8Y3f59plwACgjZwCWYMZffLVGQ4LzQ07mW42KmtWBllPY4kYw9AgRrZwVYv-oaomXgPcLbdedN6rl65qEnf3cs44bCZcLIRlNN4NgqYqPXrRFuOWZTE91v1rWkRJjRLqxBqrQNsQu1HtuArogVU64_Y6BSakPsA4wxbpXb9UK92VUpzoa1szdQqNnEJtXNk7PTirMl7mBMfninbiyiM8nrWsI4mqftv-8MNxRm5wgLjQ2USTWZmr8PbMkgEHegpmF5BvYDr7hRypJP_2vhg==&p=15&fvj=1&vjs=3',
 'location': 'Nantes (44)',
 'salary': None,
 'site': 'Indeed',
 'summary': 'Ingénieur méthodes & process h/f ou similaire: 1 an (Souhaité).'}
2020-02-19 16:14:23 [scrapy] DEBUG: Scraped from <200 https://www.indeed.fr/jobs?q=Ing%C3%A9nieur&start=30>
{'company': 'SEAC',
 'crawl_url': 'https://www.indeed.fr/jobs?q=Ing%C3%A9nieur&start=30',
 'job_title': "Ingénieur bureau d'études H/F",
 'link_url': '/pagead/clk?mo=r&ad=-6NYlbfkN0CyvmtQexVzx1pixriGlN6W2hH9gkfVFJY8U9CZ34K6-rN36WUcIhek7DViQRM5dn0ihYofntzToGcjiJNRX1qoptK23v6WRL2Fjzvmip0FkXqQtDZfovyHn_YXRlJH7cq0xbcWE3KqXSPNh5Xpy04Xmgf7YXOzha3qvGIzvkWJ1XpdOpfi416KGDwa_FhITN8o0Y1OfftMSAGZmYVzaNDxosR0fFYcxgi4m2ZP5qqOSQ4bWauUf2DTS_1tjEFP87D0EYf4ensFNx6LtK0GyxjwTfQk5kmiDXcisTLvAE9z0SnKeB6WTy6I9WgSvE-322lVCWIz3npQQqY2Q9b2h1ILtj-rO8a-UzeyTTGH0nBx0FkjDfEwdP1WGJKebtryyh4eV33fHIofBMa9t9Cbh3nf-Cua0d5qnCnz-IWPFngolv6x8D-63BvWsyDWoX1Pq43I3Zh3Y8XQUA==&p=16&fvj=1&vjs=3',
 'location': 'Gard',
 'salary': '24 000 € - 28 000 € par an',
 'site': 'Indeed',
 'summary': "Ingénieur bureau d'études h/f ou similaire: 1 an (Requis)."}
2020-02-19 16:14:23 [scrapy] DEBUG: Scraped from <200 https://www.indeed.fr/jobs?q=Ing%C3%A9nieur&start=30>
{'company': '',
 'crawl_url': 'https://www.indeed.fr/jobs?q=Ing%C3%A9nieur&start=30',
 'job_title': 'Ingénieur Etudes et Développement H/F',
 'link_url': '/pagead/clk?mo=r&ad=-6NYlbfkN0C4k4p-k5JzKkeZ2Lr19hfYmMp1S0DcJgPWWdbuG5E_sIArX6VRKNiqDukHdWSMqdSaXofdUfV4m5qo2zmyx-e7fDlIQJCB_TEy075U7HQWLVRnj50s_6kJ0NckY8JbjvawsvFJLqjlSNtMnmXna7r5QOoRF6LdPRrKprm_4-KqoLfsXEh2Ic_SNPDgkGrpC6Ku42glGGXpogc1beFPcdM3AwRGwR8t169H2N-fTIvi8ls1Cnpmg9TCj3qBpSCJdI4lVIWy0E3g9C57O5fESuDmIKLb_ydFYl21O_FoRu2afkyi6TZp1ZnwMsiSTW_KB8jyFnUaZN0p38zfRJbVPrz5Tn-p5PDCQ3YLVvI1nTkbVfe3yfopEn5ZvyO-HP2b2B6Dy_7nwy6NiRIAe8ZKkTtx5nt5SZR933fvKDTkCNR2heMyg6h45eA031bd9_fND4aAQJaX--CV3w==&p=17&fvj=1&vjs=3',
 'location': "Villeneuve-d'Ascq (59)",
 'salary': None,
 'site': 'Indeed',
 'summary': 'Dans un contexte international et dans un environnement où la '
            'sécurité des systèmes d’information est une composante majeure, '
            'nous recrutons un'}
2020-02-19 16:14:23 [scrapy] DEBUG: Scraped from <200 https://www.indeed.fr/jobs?q=Ing%C3%A9nieur&start=30>
{'company': 'Groupe FONDASOL',
 'crawl_url': 'https://www.indeed.fr/jobs?q=Ing%C3%A9nieur&start=30',
 'job_title': 'Fondasolien(ne) Ingénieur études géotechniques H/F - NANCY (54)',
 'link_url': '/pagead/clk?mo=r&ad=-6NYlbfkN0CUDYoHFrKI_rCDjTbfjbwOGoXTOA__xkeyLkEi6s2wzorQny4EN-w-QN7oDKC55OnvBhpyDfnLRYwUsbJc11sUXVX859oDsV68ji-Cnvr6cm5YFT70Cz9i5exvw0GHYo_VbXLE11zREmu5ABElrdILErmOc4DqLzCNFYPKUMN_9Y-DqFrQj6DygJR9G8cEqQ-56QIKqNOwJEkJVAHo6cQmTrodWSicRsgEhMCFEkY_fM4wnmGyn2MrGJ-UDpcGJIfifd9aykpT3wRQR9T1xMXVPy-jZTw7j5aTgmAUkyCdvJ22MKTe7duBcwD223KWasAyRPR0FXspsPXK4lNsQS5q6iyud7jPzKlY1s1HmOVaMQ61mQEbYtsQoFP7zSisrNnpcAKs1d4EfEhJmEyq93s62rLWXcAQU_6z8rfI9cffEL96yLLMe5takYyNvu-l4E9qBEVMVMS9x-y6b5O7_1fW2mEj4Tdzf0pbQaKh4Kfu_GDwHPRLCp0AMQJ-pqzxf_itWXl5FhY9DVE1-S4bNlztm_BD-HoMjyQ=&p=18&fvj=1&vjs=3',
 'location': 'Nancy (54)',
 'salary': None,
 'site': 'Indeed',
 'summary': 'Ingénieur géotechnicien ou similaire: 2 ans (Souhaité).'}
2020-02-19 16:14:23 [scrapy] INFO: Closing spider (stop generating requests, only 5 requests allowed)
2020-02-19 16:14:23 [scrapy] INFO: Dumping Scrapy stats:
{'downloader/request_bytes': 2822,
 'downloader/request_count': 6,
 'downloader/request_method_count/GET': 6,
 'downloader/response_bytes': 412689,
 'downloader/response_count': 6,
 'downloader/response_status_count/200': 5,
 'downloader/response_status_count/301': 1,
 'elapsed_time_seconds': 21.279962,
 'finish_reason': 'stop generating requests, only 5 requests allowed',
 'finish_time': datetime.datetime(2020, 2, 19, 16, 14, 23, 604995),
 'item_scraped_count': 75,
 'log_count/DEBUG': 311,
 'log_count/INFO': 82,
 'memusage/max': 81113088,
 'memusage/startup': 81113088,
 'request_depth_max': 4,
 'response_received_count': 5,
 'robotstxt/request_count': 1,
 'robotstxt/response_count': 1,
 'robotstxt/response_status_count/200': 1,
 'scheduler/dequeued': 5,
 'scheduler/dequeued/memory': 5,
 'scheduler/enqueued': 6,
 'scheduler/enqueued/memory': 6,
 'start_time': datetime.datetime(2020, 2, 19, 16, 14, 2, 325033)}
2020-02-19 16:14:23 [scrapy] INFO: Spider closed (stop generating requests, only 5 requests allowed)
