2020-02-20 21:56:45 [scrapy] DEBUG: Crawled (200) <GET https://www.monster.fr/robots.txt> (referer: None)
2020-02-20 21:56:46 [scrapy] DEBUG: Crawled (200) <GET https://www.monster.fr/emploi/recherche/?q=Ing%C3%A9nieur> (referer: None)
2020-02-20 21:56:47 [monster] DEBUG: 

 Crawling  https://www.monster.fr/emploi/recherche/?q=Ing%C3%A9nieur

2020-02-20 21:56:47 [scrapy] ERROR: Error processing {'company': 'ESN',
 'crawl_url': 'https://www.monster.fr/emploi/recherche/?q=Ing%C3%A9nieur',
 'job_title': 'Ingénieur(e) Etudes et développement .NET Confirmé – Rennes H/F',
 'link_url': 'https://offre-demploi.monster.fr/ingénieur-e-etudes-et-développement-net-confirmé-–-rennes-h-f-rennes-ille-et-vilaine-bretagne-fr-esn/214365516',
 'location': 'Rennes, Bretagne',
 'site': 'Monster'}
Traceback (most recent call last):
  File "/usr/local/lib/python3.6/dist-packages/twisted/internet/defer.py", line 654, in _runCallbacks
    current.result = callback(current.result, *args, **kw)
  File "/scrapyrt/project/Scraper/pipelines.py", line 44, in process_item
    if not data or item['summary'] in self.collection.find({},{"site":0,"job_title":0,"company":0,"location":0,"salary":0,"link_url":0,"crawl_url":0}):
  File "/usr/local/lib/python3.6/dist-packages/scrapy/item.py", line 91, in __getitem__
    return self._values[key]
KeyError: 'summary'
2020-02-20 21:56:47 [scrapy] ERROR: Error processing {'company': None,
 'crawl_url': 'https://www.monster.fr/emploi/recherche/?q=Ing%C3%A9nieur',
 'job_title': None,
 'link_url': None,
 'location': None,
 'site': 'Monster'}
Traceback (most recent call last):
  File "/usr/local/lib/python3.6/dist-packages/twisted/internet/defer.py", line 654, in _runCallbacks
    current.result = callback(current.result, *args, **kw)
  File "/scrapyrt/project/Scraper/pipelines.py", line 44, in process_item
    if not data or item['summary'] in self.collection.find({},{"site":0,"job_title":0,"company":0,"location":0,"salary":0,"link_url":0,"crawl_url":0}):
  File "/usr/local/lib/python3.6/dist-packages/scrapy/item.py", line 91, in __getitem__
    return self._values[key]
KeyError: 'summary'
2020-02-20 21:56:47 [scrapy] ERROR: Error processing {'company': 'Dassault Aviation',
 'crawl_url': 'https://www.monster.fr/emploi/recherche/?q=Ing%C3%A9nieur',
 'job_title': 'Ingénieur spécialisé en électromagnétique / hyperfréquences '
              '(H/F)',
 'link_url': 'https://offre-demploi.monster.fr/ingénieur-spécialisé-en-électromagnétique-hyperfréquences-h-f-saint-cloud-hauts-de-seine-île-de-france-fr-dassault-aviation/215615157',
 'location': 'Saint-Cloud, Île-de-France',
 'site': 'Monster'}
Traceback (most recent call last):
  File "/usr/local/lib/python3.6/dist-packages/twisted/internet/defer.py", line 654, in _runCallbacks
    current.result = callback(current.result, *args, **kw)
  File "/scrapyrt/project/Scraper/pipelines.py", line 44, in process_item
    if not data or item['summary'] in self.collection.find({},{"site":0,"job_title":0,"company":0,"location":0,"salary":0,"link_url":0,"crawl_url":0}):
  File "/usr/local/lib/python3.6/dist-packages/scrapy/item.py", line 91, in __getitem__
    return self._values[key]
KeyError: 'summary'
2020-02-20 21:56:47 [scrapy] ERROR: Error processing {'company': 'ORANGE NRS OCEAN',
 'crawl_url': 'https://www.monster.fr/emploi/recherche/?q=Ing%C3%A9nieur',
 'job_title': 'Ingénieur Concepteur Développeur Java JEE F/H',
 'link_url': 'https://offre-demploi.monster.fr/ingénieur-concepteur-développeur-java-jee-f-h-clichy-hauts-de-seine-île-de-france-fr-orange-nrs-ocean/215782737',
 'location': 'Clichy, Île-de-France',
 'site': 'Monster'}
Traceback (most recent call last):
  File "/usr/local/lib/python3.6/dist-packages/twisted/internet/defer.py", line 654, in _runCallbacks
    current.result = callback(current.result, *args, **kw)
  File "/scrapyrt/project/Scraper/pipelines.py", line 44, in process_item
    if not data or item['summary'] in self.collection.find({},{"site":0,"job_title":0,"company":0,"location":0,"salary":0,"link_url":0,"crawl_url":0}):
  File "/usr/local/lib/python3.6/dist-packages/scrapy/item.py", line 91, in __getitem__
    return self._values[key]
KeyError: 'summary'
2020-02-20 21:56:47 [scrapy] ERROR: Error processing {'company': 'ORANGE NRS OCEAN',
 'crawl_url': 'https://www.monster.fr/emploi/recherche/?q=Ing%C3%A9nieur',
 'job_title': 'Ingénieur Concepteur Développeur Java/JEE H/F',
 'link_url': 'https://offre-demploi.monster.fr/ingénieur-concepteur-développeur-java-jee-h-f-saint-marc-jaumegarde-bouches-du-rhône-provence-alpes-côte-dazur-fr-orange-nrs-ocean/215551831',
 'location': "Saint-Marc-Jaumegarde, Provence-Alpes-Côte d'Azur",
 'site': 'Monster'}
Traceback (most recent call last):
  File "/usr/local/lib/python3.6/dist-packages/twisted/internet/defer.py", line 654, in _runCallbacks
    current.result = callback(current.result, *args, **kw)
  File "/scrapyrt/project/Scraper/pipelines.py", line 44, in process_item
    if not data or item['summary'] in self.collection.find({},{"site":0,"job_title":0,"company":0,"location":0,"salary":0,"link_url":0,"crawl_url":0}):
  File "/usr/local/lib/python3.6/dist-packages/scrapy/item.py", line 91, in __getitem__
    return self._values[key]
KeyError: 'summary'
2020-02-20 21:56:47 [scrapy] ERROR: Error processing {'company': 'Delane SI',
 'crawl_url': 'https://www.monster.fr/emploi/recherche/?q=Ing%C3%A9nieur',
 'job_title': 'Ingénieur Etudes et Développements C#.Net (H/F)',
 'link_url': 'https://offre-demploi.monster.fr/ingénieur-etudes-et-développements-c-net-h-f-paris-paris-île-de-france-fr-delane-si/215747947',
 'location': 'Paris, Île-de-France',
 'site': 'Monster'}
Traceback (most recent call last):
  File "/usr/local/lib/python3.6/dist-packages/twisted/internet/defer.py", line 654, in _runCallbacks
    current.result = callback(current.result, *args, **kw)
  File "/scrapyrt/project/Scraper/pipelines.py", line 44, in process_item
    if not data or item['summary'] in self.collection.find({},{"site":0,"job_title":0,"company":0,"location":0,"salary":0,"link_url":0,"crawl_url":0}):
  File "/usr/local/lib/python3.6/dist-packages/scrapy/item.py", line 91, in __getitem__
    return self._values[key]
KeyError: 'summary'
2020-02-20 21:56:47 [scrapy] ERROR: Error processing {'company': 'Expleo France South West',
 'crawl_url': 'https://www.monster.fr/emploi/recherche/?q=Ing%C3%A9nieur',
 'job_title': "Ingénieur d'études électrique et avionique H/F",
 'link_url': 'https://offre-demploi.monster.fr/ingénieur-détudes-électrique-et-avionique-h-f-gironde-nouvelle-aquitaine-fr-expleo-france-south-west/215684467',
 'location': 'Bordeaux, Nouvelle-Aquitaine',
 'site': 'Monster'}
Traceback (most recent call last):
  File "/usr/local/lib/python3.6/dist-packages/twisted/internet/defer.py", line 654, in _runCallbacks
    current.result = callback(current.result, *args, **kw)
  File "/scrapyrt/project/Scraper/pipelines.py", line 44, in process_item
    if not data or item['summary'] in self.collection.find({},{"site":0,"job_title":0,"company":0,"location":0,"salary":0,"link_url":0,"crawl_url":0}):
  File "/usr/local/lib/python3.6/dist-packages/scrapy/item.py", line 91, in __getitem__
    return self._values[key]
KeyError: 'summary'
2020-02-20 21:56:47 [scrapy] ERROR: Error processing {'company': None,
 'crawl_url': 'https://www.monster.fr/emploi/recherche/?q=Ing%C3%A9nieur',
 'job_title': None,
 'link_url': None,
 'location': None,
 'site': 'Monster'}
Traceback (most recent call last):
  File "/usr/local/lib/python3.6/dist-packages/twisted/internet/defer.py", line 654, in _runCallbacks
    current.result = callback(current.result, *args, **kw)
  File "/scrapyrt/project/Scraper/pipelines.py", line 44, in process_item
    if not data or item['summary'] in self.collection.find({},{"site":0,"job_title":0,"company":0,"location":0,"salary":0,"link_url":0,"crawl_url":0}):
  File "/usr/local/lib/python3.6/dist-packages/scrapy/item.py", line 91, in __getitem__
    return self._values[key]
KeyError: 'summary'
2020-02-20 21:56:47 [scrapy] ERROR: Error processing {'company': 'Novae',
 'crawl_url': 'https://www.monster.fr/emploi/recherche/?q=Ing%C3%A9nieur',
 'job_title': 'Ingénieur d\'études et ingénierie de projets "Génie Electrique" '
              '(H/F)',
 'link_url': 'https://offre-demploi.monster.fr/ingénieur-détudes-et-ingénierie-de-projets-génie-electrique-h-f-paris-paris-île-de-france-fr-novae/215851772',
 'location': 'Paris, Île-de-France',
 'site': 'Monster'}
Traceback (most recent call last):
  File "/usr/local/lib/python3.6/dist-packages/twisted/internet/defer.py", line 654, in _runCallbacks
    current.result = callback(current.result, *args, **kw)
  File "/scrapyrt/project/Scraper/pipelines.py", line 44, in process_item
    if not data or item['summary'] in self.collection.find({},{"site":0,"job_title":0,"company":0,"location":0,"salary":0,"link_url":0,"crawl_url":0}):
  File "/usr/local/lib/python3.6/dist-packages/scrapy/item.py", line 91, in __getitem__
    return self._values[key]
KeyError: 'summary'
2020-02-20 21:56:47 [scrapy] ERROR: Error processing {'company': 'Randstad Search',
 'crawl_url': 'https://www.monster.fr/emploi/recherche/?q=Ing%C3%A9nieur',
 'job_title': 'Senior Procurement Engineer (F/H)',
 'link_url': 'https://offre-demploi.monster.fr/senior-procurement-engineer-f-h-luxembourg-lu-randstad-search/215619828',
 'location': 'LUXEMBOURG',
 'site': 'Monster'}
Traceback (most recent call last):
  File "/usr/local/lib/python3.6/dist-packages/twisted/internet/defer.py", line 654, in _runCallbacks
    current.result = callback(current.result, *args, **kw)
  File "/scrapyrt/project/Scraper/pipelines.py", line 44, in process_item
    if not data or item['summary'] in self.collection.find({},{"site":0,"job_title":0,"company":0,"location":0,"salary":0,"link_url":0,"crawl_url":0}):
  File "/usr/local/lib/python3.6/dist-packages/scrapy/item.py", line 91, in __getitem__
    return self._values[key]
KeyError: 'summary'
2020-02-20 21:56:47 [scrapy] ERROR: Error processing {'company': 'Cegedim',
 'crawl_url': 'https://www.monster.fr/emploi/recherche/?q=Ing%C3%A9nieur',
 'job_title': 'Ingénieur Cyber-Sécurité (H/F)',
 'link_url': 'https://offre-demploi.monster.fr/ingénieur-cyber-sécurité-h-f-hauts-de-seine-île-de-france-fr-cegedim/216014266',
 'location': 'Boulogne-Billancourt, Île-de-France',
 'site': 'Monster'}
Traceback (most recent call last):
  File "/usr/local/lib/python3.6/dist-packages/twisted/internet/defer.py", line 654, in _runCallbacks
    current.result = callback(current.result, *args, **kw)
  File "/scrapyrt/project/Scraper/pipelines.py", line 44, in process_item
    if not data or item['summary'] in self.collection.find({},{"site":0,"job_title":0,"company":0,"location":0,"salary":0,"link_url":0,"crawl_url":0}):
  File "/usr/local/lib/python3.6/dist-packages/scrapy/item.py", line 91, in __getitem__
    return self._values[key]
KeyError: 'summary'
2020-02-20 21:56:47 [scrapy] ERROR: Error processing {'company': 'GFI',
 'crawl_url': 'https://www.monster.fr/emploi/recherche/?q=Ing%C3%A9nieur',
 'job_title': 'Ingénieur avant-vente H/F',
 'link_url': 'https://offre-demploi.monster.fr/ingénieur-avant-vente-h-f-seine-saint-denis-île-de-france-fr-gfi/215915179',
 'location': 'Saint-Ouen, Île-de-France',
 'site': 'Monster'}
Traceback (most recent call last):
  File "/usr/local/lib/python3.6/dist-packages/twisted/internet/defer.py", line 654, in _runCallbacks
    current.result = callback(current.result, *args, **kw)
  File "/scrapyrt/project/Scraper/pipelines.py", line 44, in process_item
    if not data or item['summary'] in self.collection.find({},{"site":0,"job_title":0,"company":0,"location":0,"salary":0,"link_url":0,"crawl_url":0}):
  File "/usr/local/lib/python3.6/dist-packages/scrapy/item.py", line 91, in __getitem__
    return self._values[key]
KeyError: 'summary'
2020-02-20 21:56:47 [scrapy] ERROR: Error processing {'company': 'GFI',
 'crawl_url': 'https://www.monster.fr/emploi/recherche/?q=Ing%C3%A9nieur',
 'job_title': 'Ingénieur réseaux et sécurité H/F',
 'link_url': 'https://offre-demploi.monster.fr/ingénieur-réseaux-et-sécurité-h-f-nord-hauts-de-france-fr-gfi/215410724',
 'location': 'Lille, Hauts-de-France',
 'site': 'Monster'}
Traceback (most recent call last):
  File "/usr/local/lib/python3.6/dist-packages/twisted/internet/defer.py", line 654, in _runCallbacks
    current.result = callback(current.result, *args, **kw)
  File "/scrapyrt/project/Scraper/pipelines.py", line 44, in process_item
    if not data or item['summary'] in self.collection.find({},{"site":0,"job_title":0,"company":0,"location":0,"salary":0,"link_url":0,"crawl_url":0}):
  File "/usr/local/lib/python3.6/dist-packages/scrapy/item.py", line 91, in __getitem__
    return self._values[key]
KeyError: 'summary'
2020-02-20 21:56:47 [scrapy] ERROR: Error processing {'company': 'Capgemini',
 'crawl_url': 'https://www.monster.fr/emploi/recherche/?q=Ing%C3%A9nieur',
 'job_title': 'INGENIEUR JAVA/JEE (H/F) Rennes',
 'link_url': 'https://offre-demploi.monster.fr/ingenieur-java-jee-h-f-rennes-bretagne-indre-centre-val-de-loire-fr-capgemini/216028638',
 'location': 'Bretagne, Centre-Val de Loire',
 'site': 'Monster'}
Traceback (most recent call last):
  File "/usr/local/lib/python3.6/dist-packages/twisted/internet/defer.py", line 654, in _runCallbacks
    current.result = callback(current.result, *args, **kw)
  File "/scrapyrt/project/Scraper/pipelines.py", line 44, in process_item
    if not data or item['summary'] in self.collection.find({},{"site":0,"job_title":0,"company":0,"location":0,"salary":0,"link_url":0,"crawl_url":0}):
  File "/usr/local/lib/python3.6/dist-packages/scrapy/item.py", line 91, in __getitem__
    return self._values[key]
KeyError: 'summary'
2020-02-20 21:56:47 [scrapy] ERROR: Error processing {'company': "RTE (Réseau de Transport d'Électricité)",
 'crawl_url': 'https://www.monster.fr/emploi/recherche/?q=Ing%C3%A9nieur',
 'job_title': 'Ingénieur R&D Electronique de Puissance (H/F)',
 'link_url': 'https://offre-demploi.monster.fr/ingénieur-r-d-electronique-de-puissance-h-f-jonage-rhône-auvergne-rhône-alpes-fr-rte-réseau-de-transport-délectricité/215914953',
 'location': 'Jonage, Auvergne-Rhône-Alpes',
 'site': 'Monster'}
Traceback (most recent call last):
  File "/usr/local/lib/python3.6/dist-packages/twisted/internet/defer.py", line 654, in _runCallbacks
    current.result = callback(current.result, *args, **kw)
  File "/scrapyrt/project/Scraper/pipelines.py", line 44, in process_item
    if not data or item['summary'] in self.collection.find({},{"site":0,"job_title":0,"company":0,"location":0,"salary":0,"link_url":0,"crawl_url":0}):
  File "/usr/local/lib/python3.6/dist-packages/scrapy/item.py", line 91, in __getitem__
    return self._values[key]
KeyError: 'summary'
2020-02-20 21:56:47 [scrapy] ERROR: Error processing {'company': 'Expleo Aerospace Sud Est',
 'crawl_url': 'https://www.monster.fr/emploi/recherche/?q=Ing%C3%A9nieur',
 'job_title': 'Ingénieur Développement Embarqué Temps Réel H/F',
 'link_url': 'https://offre-demploi.monster.fr/ingénieur-développement-embarqué-temps-réel-h-f-sophia-antipolis-provence-alpes-côte-dazur-fr-expleo-aerospace-sud-est/216024611',
 'location': "Sophia Antipolis, Provence-Alpes-Côte d'Azur",
 'site': 'Monster'}
Traceback (most recent call last):
  File "/usr/local/lib/python3.6/dist-packages/twisted/internet/defer.py", line 654, in _runCallbacks
    current.result = callback(current.result, *args, **kw)
  File "/scrapyrt/project/Scraper/pipelines.py", line 44, in process_item
    if not data or item['summary'] in self.collection.find({},{"site":0,"job_title":0,"company":0,"location":0,"salary":0,"link_url":0,"crawl_url":0}):
  File "/usr/local/lib/python3.6/dist-packages/scrapy/item.py", line 91, in __getitem__
    return self._values[key]
KeyError: 'summary'
2020-02-20 21:56:47 [scrapy] ERROR: Error processing {'company': 'MARTIN BELAYSOUD SA',
 'crawl_url': 'https://www.monster.fr/emploi/recherche/?q=Ing%C3%A9nieur',
 'job_title': "Ingénieur d'Etudes (h/f) Informatique",
 'link_url': 'https://offre-demploi.monster.fr/ingénieur-detudes-h-f-informatique-bourg-en-bresse-ain-auvergne-rhône-alpes-fr-martin-belaysoud-sa/215484046',
 'location': 'Bourg-en-Bresse, Auvergne-Rhône-Alpes',
 'site': 'Monster'}
Traceback (most recent call last):
  File "/usr/local/lib/python3.6/dist-packages/twisted/internet/defer.py", line 654, in _runCallbacks
    current.result = callback(current.result, *args, **kw)
  File "/scrapyrt/project/Scraper/pipelines.py", line 44, in process_item
    if not data or item['summary'] in self.collection.find({},{"site":0,"job_title":0,"company":0,"location":0,"salary":0,"link_url":0,"crawl_url":0}):
  File "/usr/local/lib/python3.6/dist-packages/scrapy/item.py", line 91, in __getitem__
    return self._values[key]
KeyError: 'summary'
2020-02-20 21:56:47 [scrapy] ERROR: Error processing {'company': 'GFI',
 'crawl_url': 'https://www.monster.fr/emploi/recherche/?q=Ing%C3%A9nieur',
 'job_title': 'Administrateurs / Ingénieurs Système H/F',
 'link_url': 'https://offre-demploi.monster.fr/administrateurs-ingénieurs-système-h-f-nord-hauts-de-france-fr-gfi/215413361',
 'location': 'Lille, Hauts-de-France',
 'site': 'Monster'}
Traceback (most recent call last):
  File "/usr/local/lib/python3.6/dist-packages/twisted/internet/defer.py", line 654, in _runCallbacks
    current.result = callback(current.result, *args, **kw)
  File "/scrapyrt/project/Scraper/pipelines.py", line 44, in process_item
    if not data or item['summary'] in self.collection.find({},{"site":0,"job_title":0,"company":0,"location":0,"salary":0,"link_url":0,"crawl_url":0}):
  File "/usr/local/lib/python3.6/dist-packages/scrapy/item.py", line 91, in __getitem__
    return self._values[key]
KeyError: 'summary'
2020-02-20 21:56:47 [scrapy] ERROR: Error processing {'company': None,
 'crawl_url': 'https://www.monster.fr/emploi/recherche/?q=Ing%C3%A9nieur',
 'job_title': None,
 'link_url': None,
 'location': None,
 'site': 'Monster'}
Traceback (most recent call last):
  File "/usr/local/lib/python3.6/dist-packages/twisted/internet/defer.py", line 654, in _runCallbacks
    current.result = callback(current.result, *args, **kw)
  File "/scrapyrt/project/Scraper/pipelines.py", line 44, in process_item
    if not data or item['summary'] in self.collection.find({},{"site":0,"job_title":0,"company":0,"location":0,"salary":0,"link_url":0,"crawl_url":0}):
  File "/usr/local/lib/python3.6/dist-packages/scrapy/item.py", line 91, in __getitem__
    return self._values[key]
KeyError: 'summary'
2020-02-20 21:56:47 [scrapy] ERROR: Error processing {'company': "RTE (Réseau de Transport d'Électricité)",
 'crawl_url': 'https://www.monster.fr/emploi/recherche/?q=Ing%C3%A9nieur',
 'job_title': 'Ingénieur Maintenance Equipements Electronique de Puissance '
              '(H/F)',
 'link_url': 'https://offre-demploi.monster.fr/ingénieur-maintenance-equipements-electronique-de-puissance-h-f-jonage-rhône-auvergne-rhône-alpes-fr-rte-réseau-de-transport-délectricité/215914803',
 'location': 'Jonage, Auvergne-Rhône-Alpes',
 'site': 'Monster'}
Traceback (most recent call last):
  File "/usr/local/lib/python3.6/dist-packages/twisted/internet/defer.py", line 654, in _runCallbacks
    current.result = callback(current.result, *args, **kw)
  File "/scrapyrt/project/Scraper/pipelines.py", line 44, in process_item
    if not data or item['summary'] in self.collection.find({},{"site":0,"job_title":0,"company":0,"location":0,"salary":0,"link_url":0,"crawl_url":0}):
  File "/usr/local/lib/python3.6/dist-packages/scrapy/item.py", line 91, in __getitem__
    return self._values[key]
KeyError: 'summary'
2020-02-20 21:56:47 [scrapy] ERROR: Error processing {'company': 'Cegedim',
 'crawl_url': 'https://www.monster.fr/emploi/recherche/?q=Ing%C3%A9nieur',
 'job_title': 'Ingénieur Développement SQL / BI (H/F)',
 'link_url': 'https://offre-demploi.monster.fr/ingénieur-développement-sql-bi-h-f-hauts-de-seine-île-de-france-fr-cegedim/216020150',
 'location': 'Boulogne-Billancourt, Île-de-France',
 'site': 'Monster'}
Traceback (most recent call last):
  File "/usr/local/lib/python3.6/dist-packages/twisted/internet/defer.py", line 654, in _runCallbacks
    current.result = callback(current.result, *args, **kw)
  File "/scrapyrt/project/Scraper/pipelines.py", line 44, in process_item
    if not data or item['summary'] in self.collection.find({},{"site":0,"job_title":0,"company":0,"location":0,"salary":0,"link_url":0,"crawl_url":0}):
  File "/usr/local/lib/python3.6/dist-packages/scrapy/item.py", line 91, in __getitem__
    return self._values[key]
KeyError: 'summary'
2020-02-20 21:56:47 [scrapy] ERROR: Error processing {'company': 'Cegedim',
 'crawl_url': 'https://www.monster.fr/emploi/recherche/?q=Ing%C3%A9nieur',
 'job_title': "Ingénieur d'exploitation (H/F)",
 'link_url': 'https://offre-demploi.monster.fr/ingénieur-dexploitation-h-f-hauts-de-seine-île-de-france-fr-cegedim/216016199',
 'location': 'Boulogne-Billancourt, Île-de-France',
 'site': 'Monster'}
Traceback (most recent call last):
  File "/usr/local/lib/python3.6/dist-packages/twisted/internet/defer.py", line 654, in _runCallbacks
    current.result = callback(current.result, *args, **kw)
  File "/scrapyrt/project/Scraper/pipelines.py", line 44, in process_item
    if not data or item['summary'] in self.collection.find({},{"site":0,"job_title":0,"company":0,"location":0,"salary":0,"link_url":0,"crawl_url":0}):
  File "/usr/local/lib/python3.6/dist-packages/scrapy/item.py", line 91, in __getitem__
    return self._values[key]
KeyError: 'summary'
2020-02-20 21:56:47 [scrapy] ERROR: Error processing {'company': 'CGC engineering S.à r.l.',
 'crawl_url': 'https://www.monster.fr/emploi/recherche/?q=Ing%C3%A9nieur',
 'job_title': 'Coordinateur Sécurité et Santé (m/f) ou Technicien ou Ouvrier '
              'qualifié (m/f)',
 'link_url': 'https://offre-demploi.monster.fr/coordinateur-sécurité-et-santé-m-f-ou-technicien-ou-ouvrier-qualifié-m-f-keispelt-luxembourg-lu-cgc-engineering-s-à-r-l/215192022',
 'location': 'Keispelt, Luxembourg',
 'site': 'Monster'}
Traceback (most recent call last):
  File "/usr/local/lib/python3.6/dist-packages/twisted/internet/defer.py", line 654, in _runCallbacks
    current.result = callback(current.result, *args, **kw)
  File "/scrapyrt/project/Scraper/pipelines.py", line 44, in process_item
    if not data or item['summary'] in self.collection.find({},{"site":0,"job_title":0,"company":0,"location":0,"salary":0,"link_url":0,"crawl_url":0}):
  File "/usr/local/lib/python3.6/dist-packages/scrapy/item.py", line 91, in __getitem__
    return self._values[key]
KeyError: 'summary'
2020-02-20 21:56:47 [scrapy] ERROR: Error processing {'company': 'GFI',
 'crawl_url': 'https://www.monster.fr/emploi/recherche/?q=Ing%C3%A9nieur',
 'job_title': 'Ingénieur Sécurité et Réseau H/F',
 'link_url': 'https://offre-demploi.monster.fr/ingénieur-sécurité-et-réseau-h-f-bouches-du-rhône-provence-alpes-côte-dazur-fr-gfi/215548729',
 'location': "Aix-en-Provence, Provence-Alpes-Côte d'Azur",
 'site': 'Monster'}
Traceback (most recent call last):
  File "/usr/local/lib/python3.6/dist-packages/twisted/internet/defer.py", line 654, in _runCallbacks
    current.result = callback(current.result, *args, **kw)
  File "/scrapyrt/project/Scraper/pipelines.py", line 44, in process_item
    if not data or item['summary'] in self.collection.find({},{"site":0,"job_title":0,"company":0,"location":0,"salary":0,"link_url":0,"crawl_url":0}):
  File "/usr/local/lib/python3.6/dist-packages/scrapy/item.py", line 91, in __getitem__
    return self._values[key]
KeyError: 'summary'
2020-02-20 21:56:47 [scrapy] ERROR: Error processing {'company': "Laboratoire National de Métrologie et d'essais",
 'crawl_url': 'https://www.monster.fr/emploi/recherche/?q=Ing%C3%A9nieur',
 'job_title': 'Ingénieur en métrologie mécanique - F/H (H/F)',
 'link_url': 'https://offre-demploi.monster.fr/ingénieur-en-métrologie-mécanique-f-h-h-f-paris-paris-île-de-france-fr-laboratoire-national-de-métrologie-et-dessais/215929055',
 'location': 'Paris, Île-de-France',
 'site': 'Monster'}
Traceback (most recent call last):
  File "/usr/local/lib/python3.6/dist-packages/twisted/internet/defer.py", line 654, in _runCallbacks
    current.result = callback(current.result, *args, **kw)
  File "/scrapyrt/project/Scraper/pipelines.py", line 44, in process_item
    if not data or item['summary'] in self.collection.find({},{"site":0,"job_title":0,"company":0,"location":0,"salary":0,"link_url":0,"crawl_url":0}):
  File "/usr/local/lib/python3.6/dist-packages/scrapy/item.py", line 91, in __getitem__
    return self._values[key]
KeyError: 'summary'
2020-02-20 21:56:47 [scrapy] ERROR: Error processing {'company': 'GFI',
 'crawl_url': 'https://www.monster.fr/emploi/recherche/?q=Ing%C3%A9nieur',
 'job_title': 'Ingénieur avant-vente H/F',
 'link_url': 'https://offre-demploi.monster.fr/ingénieur-avant-vente-h-f-deux-sèvres-nouvelle-aquitaine-fr-gfi/215915289',
 'location': 'Niort, Nouvelle-Aquitaine',
 'site': 'Monster'}
Traceback (most recent call last):
  File "/usr/local/lib/python3.6/dist-packages/twisted/internet/defer.py", line 654, in _runCallbacks
    current.result = callback(current.result, *args, **kw)
  File "/scrapyrt/project/Scraper/pipelines.py", line 44, in process_item
    if not data or item['summary'] in self.collection.find({},{"site":0,"job_title":0,"company":0,"location":0,"salary":0,"link_url":0,"crawl_url":0}):
  File "/usr/local/lib/python3.6/dist-packages/scrapy/item.py", line 91, in __getitem__
    return self._values[key]
KeyError: 'summary'
2020-02-20 21:56:47 [scrapy] ERROR: Error processing {'company': 'Segula technologies',
 'crawl_url': 'https://www.monster.fr/emploi/recherche/?q=Ing%C3%A9nieur',
 'job_title': 'Ingénieur méthode Industrialisation H/F',
 'link_url': 'https://offre-demploi.monster.fr/ingénieur-méthode-industrialisation-h-f-angers-maine-et-loire-pays-de-la-loire-fr-segula-technologies/216025514',
 'location': 'Angers, Pays-de-la-Loire',
 'site': 'Monster'}
Traceback (most recent call last):
  File "/usr/local/lib/python3.6/dist-packages/twisted/internet/defer.py", line 654, in _runCallbacks
    current.result = callback(current.result, *args, **kw)
  File "/scrapyrt/project/Scraper/pipelines.py", line 44, in process_item
    if not data or item['summary'] in self.collection.find({},{"site":0,"job_title":0,"company":0,"location":0,"salary":0,"link_url":0,"crawl_url":0}):
  File "/usr/local/lib/python3.6/dist-packages/scrapy/item.py", line 91, in __getitem__
    return self._values[key]
KeyError: 'summary'
2020-02-20 21:56:47 [scrapy] ERROR: Error processing {'company': 'GFI',
 'crawl_url': 'https://www.monster.fr/emploi/recherche/?q=Ing%C3%A9nieur',
 'job_title': 'Ingénieur avant-vente H/F',
 'link_url': 'https://offre-demploi.monster.fr/ingénieur-avant-vente-h-f-pyrénées-atlantiques-nouvelle-aquitaine-fr-gfi/215914858',
 'location': 'Orthez, Nouvelle-Aquitaine',
 'site': 'Monster'}
Traceback (most recent call last):
  File "/usr/local/lib/python3.6/dist-packages/twisted/internet/defer.py", line 654, in _runCallbacks
    current.result = callback(current.result, *args, **kw)
  File "/scrapyrt/project/Scraper/pipelines.py", line 44, in process_item
    if not data or item['summary'] in self.collection.find({},{"site":0,"job_title":0,"company":0,"location":0,"salary":0,"link_url":0,"crawl_url":0}):
  File "/usr/local/lib/python3.6/dist-packages/scrapy/item.py", line 91, in __getitem__
    return self._values[key]
KeyError: 'summary'
2020-02-20 21:56:47 [scrapy] ERROR: Error processing {'company': 'GFI',
 'crawl_url': 'https://www.monster.fr/emploi/recherche/?q=Ing%C3%A9nieur',
 'job_title': 'Ingénieur Sécurité H/F',
 'link_url': 'https://offre-demploi.monster.fr/ingénieur-sécurité-h-f-nord-hauts-de-france-fr-gfi/215411587',
 'location': 'Lille, Hauts-de-France',
 'site': 'Monster'}
Traceback (most recent call last):
  File "/usr/local/lib/python3.6/dist-packages/twisted/internet/defer.py", line 654, in _runCallbacks
    current.result = callback(current.result, *args, **kw)
  File "/scrapyrt/project/Scraper/pipelines.py", line 44, in process_item
    if not data or item['summary'] in self.collection.find({},{"site":0,"job_title":0,"company":0,"location":0,"salary":0,"link_url":0,"crawl_url":0}):
  File "/usr/local/lib/python3.6/dist-packages/scrapy/item.py", line 91, in __getitem__
    return self._values[key]
KeyError: 'summary'
2020-02-20 21:56:47 [scrapy] ERROR: Error processing {'company': 'GFI',
 'crawl_url': 'https://www.monster.fr/emploi/recherche/?q=Ing%C3%A9nieur',
 'job_title': 'Ingénieur Test / Validation H/F',
 'link_url': 'https://offre-demploi.monster.fr/ingénieur-test-validation-h-f-sarthe-pays-de-la-loire-fr-gfi/215818731',
 'location': 'Le Mans, Pays-de-la-Loire',
 'site': 'Monster'}
Traceback (most recent call last):
  File "/usr/local/lib/python3.6/dist-packages/twisted/internet/defer.py", line 654, in _runCallbacks
    current.result = callback(current.result, *args, **kw)
  File "/scrapyrt/project/Scraper/pipelines.py", line 44, in process_item
    if not data or item['summary'] in self.collection.find({},{"site":0,"job_title":0,"company":0,"location":0,"salary":0,"link_url":0,"crawl_url":0}):
  File "/usr/local/lib/python3.6/dist-packages/scrapy/item.py", line 91, in __getitem__
    return self._values[key]
KeyError: 'summary'
2020-02-20 21:56:47 [scrapy] INFO: Closing spider (finished)
2020-02-20 21:56:47 [scrapy] INFO: Dumping Scrapy stats:
{'downloader/request_bytes': 492,
 'downloader/request_count': 2,
 'downloader/request_method_count/GET': 2,
 'downloader/response_bytes': 67863,
 'downloader/response_count': 2,
 'downloader/response_status_count/200': 2,
 'elapsed_time_seconds': 2.0831,
 'finish_reason': 'finished',
 'finish_time': datetime.datetime(2020, 2, 20, 21, 56, 47, 195960),
 'log_count/DEBUG': 3,
 'log_count/ERROR': 30,
 'log_count/INFO': 7,
 'memusage/max': 72769536,
 'memusage/startup': 72769536,
 'response_received_count': 2,
 'robotstxt/request_count': 1,
 'robotstxt/response_count': 1,
 'robotstxt/response_status_count/200': 1,
 'scheduler/dequeued': 1,
 'scheduler/dequeued/memory': 1,
 'scheduler/enqueued': 1,
 'scheduler/enqueued/memory': 1,
 'start_time': datetime.datetime(2020, 2, 20, 21, 56, 45, 112860)}
2020-02-20 21:56:47 [scrapy] INFO: Spider closed (finished)
