2020-01-30 13:26:37 [scrapy] DEBUG: Crawled (200) <GET https://www.monster.fr/robots.txt> (referer: None)
2020-01-30 13:26:38 [scrapy] DEBUG: Crawled (200) <GET https://www.monster.fr/emploi/recherche/?q=Vendeur> (referer: None)
2020-01-30 13:26:38 [monster] DEBUG: 

 Crawling  https://www.monster.fr/emploi/recherche/?q=Vendeur

2020-01-30 13:26:38 [scrapy] ERROR: Error processing {'company': 'CRIT MEROUX',
 'crawl_url': 'https://www.monster.fr/emploi/recherche/?q=Vendeur',
 'job_title': 'VENDEUR CONSEILLER DE VENTE (H/F)',
 'link_url': 'https://offre-demploi.monster.fr/vendeur-conseiller-de-vente-h-f-montbéliard-doubs-bourgogne-franche-comté-fr-crit-meroux/214999169',
 'location': 'Montbéliard, Bourgogne-Franche-Comté',
 'site': 'Monster'}
Traceback (most recent call last):
  File "/usr/local/lib/python3.6/dist-packages/twisted/internet/defer.py", line 654, in _runCallbacks
    current.result = callback(current.result, *args, **kw)
  File "/scrapyrt/project/Scraper/pipelines.py", line 44, in process_item
    if not data or item['summary'] in self.collection.find({},{"site":0,"job_title":0,"company":0,"location":0,"salary":0,"link_url":0,"crawl_url":0}):
  File "/usr/local/lib/python3.6/dist-packages/scrapy/item.py", line 91, in __getitem__
    return self._values[key]
KeyError: 'summary'
2020-01-30 13:26:38 [scrapy] ERROR: Error processing {'company': None,
 'crawl_url': 'https://www.monster.fr/emploi/recherche/?q=Vendeur',
 'job_title': None,
 'link_url': None,
 'location': None,
 'site': 'Monster'}
Traceback (most recent call last):
  File "/usr/local/lib/python3.6/dist-packages/twisted/internet/defer.py", line 654, in _runCallbacks
    current.result = callback(current.result, *args, **kw)
  File "/scrapyrt/project/Scraper/pipelines.py", line 44, in process_item
    if not data or item['summary'] in self.collection.find({},{"site":0,"job_title":0,"company":0,"location":0,"salary":0,"link_url":0,"crawl_url":0}):
  File "/usr/local/lib/python3.6/dist-packages/scrapy/item.py", line 91, in __getitem__
    return self._values[key]
KeyError: 'summary'
2020-01-30 13:26:38 [scrapy] ERROR: Error processing {'company': 'IRRIJARDIN',
 'crawl_url': 'https://www.monster.fr/emploi/recherche/?q=Vendeur',
 'job_title': 'Vendeur polyvalent H/F',
 'link_url': 'https://offre-demploi.monster.fr/vendeur-polyvalent-h-f-emerainville-seine-et-marne-île-de-france-fr-irrijardin/215175944',
 'location': 'Emerainville, Île-de-France',
 'site': 'Monster'}
Traceback (most recent call last):
  File "/usr/local/lib/python3.6/dist-packages/twisted/internet/defer.py", line 654, in _runCallbacks
    current.result = callback(current.result, *args, **kw)
  File "/scrapyrt/project/Scraper/pipelines.py", line 44, in process_item
    if not data or item['summary'] in self.collection.find({},{"site":0,"job_title":0,"company":0,"location":0,"salary":0,"link_url":0,"crawl_url":0}):
  File "/usr/local/lib/python3.6/dist-packages/scrapy/item.py", line 91, in __getitem__
    return self._values[key]
KeyError: 'summary'
2020-01-30 13:26:38 [scrapy] ERROR: Error processing {'company': 'MDA Electromenager',
 'crawl_url': 'https://www.monster.fr/emploi/recherche/?q=Vendeur',
 'job_title': 'VENDEUR (h/f)',
 'link_url': 'https://offre-demploi.monster.fr/vendeur-h-f-moûtiers-savoie-auvergne-rhône-alpes-fr-mda-electromenager/214796032',
 'location': 'Moûtiers, Auvergne-Rhône-Alpes',
 'site': 'Monster'}
Traceback (most recent call last):
  File "/usr/local/lib/python3.6/dist-packages/twisted/internet/defer.py", line 654, in _runCallbacks
    current.result = callback(current.result, *args, **kw)
  File "/scrapyrt/project/Scraper/pipelines.py", line 44, in process_item
    if not data or item['summary'] in self.collection.find({},{"site":0,"job_title":0,"company":0,"location":0,"salary":0,"link_url":0,"crawl_url":0}):
  File "/usr/local/lib/python3.6/dist-packages/scrapy/item.py", line 91, in __getitem__
    return self._values[key]
KeyError: 'summary'
2020-01-30 13:26:38 [scrapy] ERROR: Error processing {'company': 'Page Personnel',
 'crawl_url': 'https://www.monster.fr/emploi/recherche/?q=Vendeur',
 'job_title': 'Vendeur Comptoir H/F',
 'link_url': 'https://offre-demploi.monster.fr/vendeur-comptoir-h-f-paris-paris-île-de-france-fr-page-personnel/215135180',
 'location': 'Paris, Île-de-France',
 'site': 'Monster'}
Traceback (most recent call last):
  File "/usr/local/lib/python3.6/dist-packages/twisted/internet/defer.py", line 654, in _runCallbacks
    current.result = callback(current.result, *args, **kw)
  File "/scrapyrt/project/Scraper/pipelines.py", line 44, in process_item
    if not data or item['summary'] in self.collection.find({},{"site":0,"job_title":0,"company":0,"location":0,"salary":0,"link_url":0,"crawl_url":0}):
  File "/usr/local/lib/python3.6/dist-packages/scrapy/item.py", line 91, in __getitem__
    return self._values[key]
KeyError: 'summary'
2020-01-30 13:26:38 [scrapy] ERROR: Error processing {'company': 'MDA Electromenager',
 'crawl_url': 'https://www.monster.fr/emploi/recherche/?q=Vendeur',
 'job_title': 'VENDEUR (h/f)',
 'link_url': 'https://offre-demploi.monster.fr/vendeur-h-f-saint-egrève-isère-auvergne-rhône-alpes-fr-mda-electromenager/214795986',
 'location': 'Saint-Egrève, Auvergne-Rhône-Alpes',
 'site': 'Monster'}
Traceback (most recent call last):
  File "/usr/local/lib/python3.6/dist-packages/twisted/internet/defer.py", line 654, in _runCallbacks
    current.result = callback(current.result, *args, **kw)
  File "/scrapyrt/project/Scraper/pipelines.py", line 44, in process_item
    if not data or item['summary'] in self.collection.find({},{"site":0,"job_title":0,"company":0,"location":0,"salary":0,"link_url":0,"crawl_url":0}):
  File "/usr/local/lib/python3.6/dist-packages/scrapy/item.py", line 91, in __getitem__
    return self._values[key]
KeyError: 'summary'
2020-01-30 13:26:38 [scrapy] ERROR: Error processing {'company': 'MDA Electromenager',
 'crawl_url': 'https://www.monster.fr/emploi/recherche/?q=Vendeur',
 'job_title': 'VENDEUR (h/f)',
 'link_url': 'https://offre-demploi.monster.fr/vendeur-h-f-chavanoz-isère-auvergne-rhône-alpes-fr-mda-electromenager/214796084',
 'location': 'Chavanoz, Auvergne-Rhône-Alpes',
 'site': 'Monster'}
Traceback (most recent call last):
  File "/usr/local/lib/python3.6/dist-packages/twisted/internet/defer.py", line 654, in _runCallbacks
    current.result = callback(current.result, *args, **kw)
  File "/scrapyrt/project/Scraper/pipelines.py", line 44, in process_item
    if not data or item['summary'] in self.collection.find({},{"site":0,"job_title":0,"company":0,"location":0,"salary":0,"link_url":0,"crawl_url":0}):
  File "/usr/local/lib/python3.6/dist-packages/scrapy/item.py", line 91, in __getitem__
    return self._values[key]
KeyError: 'summary'
2020-01-30 13:26:38 [scrapy] ERROR: Error processing {'company': None,
 'crawl_url': 'https://www.monster.fr/emploi/recherche/?q=Vendeur',
 'job_title': None,
 'link_url': None,
 'location': None,
 'site': 'Monster'}
Traceback (most recent call last):
  File "/usr/local/lib/python3.6/dist-packages/twisted/internet/defer.py", line 654, in _runCallbacks
    current.result = callback(current.result, *args, **kw)
  File "/scrapyrt/project/Scraper/pipelines.py", line 44, in process_item
    if not data or item['summary'] in self.collection.find({},{"site":0,"job_title":0,"company":0,"location":0,"salary":0,"link_url":0,"crawl_url":0}):
  File "/usr/local/lib/python3.6/dist-packages/scrapy/item.py", line 91, in __getitem__
    return self._values[key]
KeyError: 'summary'
2020-01-30 13:26:38 [scrapy] ERROR: Error processing {'company': 'UPTOO',
 'crawl_url': 'https://www.monster.fr/emploi/recherche/?q=Vendeur',
 'job_title': 'Vendeurs Comptoir / Commercial sédentaire - Distribution '
              '(Peinture / Second-Oeuvre) (H/F)',
 'link_url': 'https://offre-demploi.monster.fr/vendeurs-comptoir-commercial-sédentaire-distribution-peinture-second-oeuvre-h-f-paris-paris-île-de-france-fr-uptoo/214960291',
 'location': 'Paris, Île-de-France',
 'site': 'Monster'}
Traceback (most recent call last):
  File "/usr/local/lib/python3.6/dist-packages/twisted/internet/defer.py", line 654, in _runCallbacks
    current.result = callback(current.result, *args, **kw)
  File "/scrapyrt/project/Scraper/pipelines.py", line 44, in process_item
    if not data or item['summary'] in self.collection.find({},{"site":0,"job_title":0,"company":0,"location":0,"salary":0,"link_url":0,"crawl_url":0}):
  File "/usr/local/lib/python3.6/dist-packages/scrapy/item.py", line 91, in __getitem__
    return self._values[key]
KeyError: 'summary'
2020-01-30 13:26:38 [scrapy] ERROR: Error processing {'company': 'BUBBLE (URBAN MARKET)',
 'crawl_url': 'https://www.monster.fr/emploi/recherche/?q=Vendeur',
 'job_title': 'VENDEUR Textile confirmé (H/F)',
 'link_url': 'https://offre-demploi.monster.fr/vendeur-textile-confirmé-h-f-mérignac-gironde-nouvelle-aquitaine-fr-bubble-urban-market/214951077',
 'location': 'Mérignac, Nouvelle-Aquitaine',
 'site': 'Monster'}
Traceback (most recent call last):
  File "/usr/local/lib/python3.6/dist-packages/twisted/internet/defer.py", line 654, in _runCallbacks
    current.result = callback(current.result, *args, **kw)
  File "/scrapyrt/project/Scraper/pipelines.py", line 44, in process_item
    if not data or item['summary'] in self.collection.find({},{"site":0,"job_title":0,"company":0,"location":0,"salary":0,"link_url":0,"crawl_url":0}):
  File "/usr/local/lib/python3.6/dist-packages/scrapy/item.py", line 91, in __getitem__
    return self._values[key]
KeyError: 'summary'
2020-01-30 13:26:38 [scrapy] ERROR: Error processing {'company': 'INTERNIM',
 'crawl_url': 'https://www.monster.fr/emploi/recherche/?q=Vendeur',
 'job_title': 'VENDEUR / VENDEUSE Rayon Plomberie - Electricité H/F',
 'link_url': 'https://offre-demploi.monster.fr/vendeur-vendeuse-rayon-plomberie-electricité-h-f-nîmes-gard-occitanie-fr-internim/214536660',
 'location': 'Nîmes, Occitanie',
 'site': 'Monster'}
Traceback (most recent call last):
  File "/usr/local/lib/python3.6/dist-packages/twisted/internet/defer.py", line 654, in _runCallbacks
    current.result = callback(current.result, *args, **kw)
  File "/scrapyrt/project/Scraper/pipelines.py", line 44, in process_item
    if not data or item['summary'] in self.collection.find({},{"site":0,"job_title":0,"company":0,"location":0,"salary":0,"link_url":0,"crawl_url":0}):
  File "/usr/local/lib/python3.6/dist-packages/scrapy/item.py", line 91, in __getitem__
    return self._values[key]
KeyError: 'summary'
2020-01-30 13:26:38 [scrapy] ERROR: Error processing {'company': 'MDA Electromenager',
 'crawl_url': 'https://www.monster.fr/emploi/recherche/?q=Vendeur',
 'job_title': 'VENDEUR (H/F) LA TOUR DU PIN',
 'link_url': 'https://offre-demploi.monster.fr/vendeur-h-f-la-tour-du-pin-la-tour-du-pin-isère-auvergne-rhône-alpes-fr-mda-electromenager/214915121',
 'location': 'La Tour-du-Pin, Auvergne-Rhône-Alpes',
 'site': 'Monster'}
Traceback (most recent call last):
  File "/usr/local/lib/python3.6/dist-packages/twisted/internet/defer.py", line 654, in _runCallbacks
    current.result = callback(current.result, *args, **kw)
  File "/scrapyrt/project/Scraper/pipelines.py", line 44, in process_item
    if not data or item['summary'] in self.collection.find({},{"site":0,"job_title":0,"company":0,"location":0,"salary":0,"link_url":0,"crawl_url":0}):
  File "/usr/local/lib/python3.6/dist-packages/scrapy/item.py", line 91, in __getitem__
    return self._values[key]
KeyError: 'summary'
2020-01-30 13:26:38 [scrapy] ERROR: Error processing {'company': 'ROCHE BOBOIS',
 'crawl_url': 'https://www.monster.fr/emploi/recherche/?q=Vendeur',
 'job_title': 'Vendeur H/F',
 'link_url': 'https://offre-demploi.monster.fr/vendeur-h-f-versailles-yvelines-île-de-france-fr-roche-bobois/213611021',
 'location': 'Versailles, Île-de-France',
 'site': 'Monster'}
Traceback (most recent call last):
  File "/usr/local/lib/python3.6/dist-packages/twisted/internet/defer.py", line 654, in _runCallbacks
    current.result = callback(current.result, *args, **kw)
  File "/scrapyrt/project/Scraper/pipelines.py", line 44, in process_item
    if not data or item['summary'] in self.collection.find({},{"site":0,"job_title":0,"company":0,"location":0,"salary":0,"link_url":0,"crawl_url":0}):
  File "/usr/local/lib/python3.6/dist-packages/scrapy/item.py", line 91, in __getitem__
    return self._values[key]
KeyError: 'summary'
2020-01-30 13:26:38 [scrapy] ERROR: Error processing {'company': 'MDA Electromenager',
 'crawl_url': 'https://www.monster.fr/emploi/recherche/?q=Vendeur',
 'job_title': 'VENDEUR (H/F) ROYE',
 'link_url': 'https://offre-demploi.monster.fr/vendeur-h-f-roye-roye-somme-hauts-de-france-fr-mda-electromenager/215072505',
 'location': 'Roye, Hauts-de-France',
 'site': 'Monster'}
Traceback (most recent call last):
  File "/usr/local/lib/python3.6/dist-packages/twisted/internet/defer.py", line 654, in _runCallbacks
    current.result = callback(current.result, *args, **kw)
  File "/scrapyrt/project/Scraper/pipelines.py", line 44, in process_item
    if not data or item['summary'] in self.collection.find({},{"site":0,"job_title":0,"company":0,"location":0,"salary":0,"link_url":0,"crawl_url":0}):
  File "/usr/local/lib/python3.6/dist-packages/scrapy/item.py", line 91, in __getitem__
    return self._values[key]
KeyError: 'summary'
2020-01-30 13:26:38 [scrapy] ERROR: Error processing {'company': "ALP'EMPLOI",
 'crawl_url': 'https://www.monster.fr/emploi/recherche/?q=Vendeur',
 'job_title': 'VENDEUSE EN BOULANGERIE',
 'link_url': 'https://offre-demploi.monster.fr/vendeuse-en-boulangerie-la-ricamarie-loire-auvergne-rhône-alpes-fr-alpemploi/215242795',
 'location': 'La Ricamarie, Auvergne-Rhône-Alpes',
 'site': 'Monster'}
Traceback (most recent call last):
  File "/usr/local/lib/python3.6/dist-packages/twisted/internet/defer.py", line 654, in _runCallbacks
    current.result = callback(current.result, *args, **kw)
  File "/scrapyrt/project/Scraper/pipelines.py", line 44, in process_item
    if not data or item['summary'] in self.collection.find({},{"site":0,"job_title":0,"company":0,"location":0,"salary":0,"link_url":0,"crawl_url":0}):
  File "/usr/local/lib/python3.6/dist-packages/scrapy/item.py", line 91, in __getitem__
    return self._values[key]
KeyError: 'summary'
2020-01-30 13:26:38 [scrapy] ERROR: Error processing {'company': 'GROUPE RETIF',
 'crawl_url': 'https://www.monster.fr/emploi/recherche/?q=Vendeur',
 'job_title': 'VENDEUR AGENCEUR MERCHANDISEUR H/F',
 'link_url': 'https://offre-demploi.monster.fr/vendeur-agenceur-merchandiseur-h-f-strasbourg-bas-rhin-grand-est-fr-groupe-retif/215417053',
 'location': 'Strasbourg, Grand Est',
 'site': 'Monster'}
Traceback (most recent call last):
  File "/usr/local/lib/python3.6/dist-packages/twisted/internet/defer.py", line 654, in _runCallbacks
    current.result = callback(current.result, *args, **kw)
  File "/scrapyrt/project/Scraper/pipelines.py", line 44, in process_item
    if not data or item['summary'] in self.collection.find({},{"site":0,"job_title":0,"company":0,"location":0,"salary":0,"link_url":0,"crawl_url":0}):
  File "/usr/local/lib/python3.6/dist-packages/scrapy/item.py", line 91, in __getitem__
    return self._values[key]
KeyError: 'summary'
2020-01-30 13:26:38 [scrapy] ERROR: Error processing {'company': 'GROUPE RETIF',
 'crawl_url': 'https://www.monster.fr/emploi/recherche/?q=Vendeur',
 'job_title': 'VENDEUR AGENCEUR MERCHANDISEUR H/F',
 'link_url': 'https://offre-demploi.monster.fr/vendeur-agenceur-merchandiseur-h-f-vendenheim-bas-rhin-grand-est-fr-groupe-retif/214851700',
 'location': 'Vendenheim, Grand Est',
 'site': 'Monster'}
Traceback (most recent call last):
  File "/usr/local/lib/python3.6/dist-packages/twisted/internet/defer.py", line 654, in _runCallbacks
    current.result = callback(current.result, *args, **kw)
  File "/scrapyrt/project/Scraper/pipelines.py", line 44, in process_item
    if not data or item['summary'] in self.collection.find({},{"site":0,"job_title":0,"company":0,"location":0,"salary":0,"link_url":0,"crawl_url":0}):
  File "/usr/local/lib/python3.6/dist-packages/scrapy/item.py", line 91, in __getitem__
    return self._values[key]
KeyError: 'summary'
2020-01-30 13:26:38 [scrapy] ERROR: Error processing {'company': 'Descours et Cabaud',
 'crawl_url': 'https://www.monster.fr/emploi/recherche/?q=Vendeur',
 'job_title': 'Vendeur Magasin (H/F) CDI',
 'link_url': 'https://offre-demploi.monster.fr/vendeur-magasin-h-f-cdi-anglet-pyrénées-atlantiques-nouvelle-aquitaine-fr-descours-et-cabaud/215226939',
 'location': 'Anglet, Nouvelle-Aquitaine',
 'site': 'Monster'}
Traceback (most recent call last):
  File "/usr/local/lib/python3.6/dist-packages/twisted/internet/defer.py", line 654, in _runCallbacks
    current.result = callback(current.result, *args, **kw)
  File "/scrapyrt/project/Scraper/pipelines.py", line 44, in process_item
    if not data or item['summary'] in self.collection.find({},{"site":0,"job_title":0,"company":0,"location":0,"salary":0,"link_url":0,"crawl_url":0}):
  File "/usr/local/lib/python3.6/dist-packages/scrapy/item.py", line 91, in __getitem__
    return self._values[key]
KeyError: 'summary'
2020-01-30 13:26:38 [scrapy] ERROR: Error processing {'company': None,
 'crawl_url': 'https://www.monster.fr/emploi/recherche/?q=Vendeur',
 'job_title': None,
 'link_url': None,
 'location': None,
 'site': 'Monster'}
Traceback (most recent call last):
  File "/usr/local/lib/python3.6/dist-packages/twisted/internet/defer.py", line 654, in _runCallbacks
    current.result = callback(current.result, *args, **kw)
  File "/scrapyrt/project/Scraper/pipelines.py", line 44, in process_item
    if not data or item['summary'] in self.collection.find({},{"site":0,"job_title":0,"company":0,"location":0,"salary":0,"link_url":0,"crawl_url":0}):
  File "/usr/local/lib/python3.6/dist-packages/scrapy/item.py", line 91, in __getitem__
    return self._values[key]
KeyError: 'summary'
2020-01-30 13:26:38 [scrapy] ERROR: Error processing {'company': 'ATRIUM',
 'crawl_url': 'https://www.monster.fr/emploi/recherche/?q=Vendeur',
 'job_title': 'VENDEUR',
 'link_url': 'https://offre-demploi.monster.fr/vendeur-cabestany-pyrénées-orientales-occitanie-fr-atrium/215393504',
 'location': 'Cabestany, Occitanie',
 'site': 'Monster'}
Traceback (most recent call last):
  File "/usr/local/lib/python3.6/dist-packages/twisted/internet/defer.py", line 654, in _runCallbacks
    current.result = callback(current.result, *args, **kw)
  File "/scrapyrt/project/Scraper/pipelines.py", line 44, in process_item
    if not data or item['summary'] in self.collection.find({},{"site":0,"job_title":0,"company":0,"location":0,"salary":0,"link_url":0,"crawl_url":0}):
  File "/usr/local/lib/python3.6/dist-packages/scrapy/item.py", line 91, in __getitem__
    return self._values[key]
KeyError: 'summary'
2020-01-30 13:26:38 [scrapy] ERROR: Error processing {'company': 'CHAMPION ENTREPRISES',
 'crawl_url': 'https://www.monster.fr/emploi/recherche/?q=Vendeur',
 'job_title': 'VENDEUR QUINCAILLERIE H/F',
 'link_url': 'https://offre-demploi.monster.fr/vendeur-quincaillerie-h-f-savigny-sur-orge-essonne-île-de-france-fr-champion-entreprises/215392020',
 'location': 'Savigny-sur-Orge, Île-de-France',
 'site': 'Monster'}
Traceback (most recent call last):
  File "/usr/local/lib/python3.6/dist-packages/twisted/internet/defer.py", line 654, in _runCallbacks
    current.result = callback(current.result, *args, **kw)
  File "/scrapyrt/project/Scraper/pipelines.py", line 44, in process_item
    if not data or item['summary'] in self.collection.find({},{"site":0,"job_title":0,"company":0,"location":0,"salary":0,"link_url":0,"crawl_url":0}):
  File "/usr/local/lib/python3.6/dist-packages/scrapy/item.py", line 91, in __getitem__
    return self._values[key]
KeyError: 'summary'
2020-01-30 13:26:38 [scrapy] ERROR: Error processing {'company': 'FIC',
 'crawl_url': 'https://www.monster.fr/emploi/recherche/?q=Vendeur',
 'job_title': 'Vendeur Comptoir (H/F)',
 'link_url': 'https://offre-demploi.monster.fr/vendeur-comptoir-h-f-lunel-viel-hérault-occitanie-fr-fic/215166136',
 'location': 'Lunel-Viel, Occitanie',
 'site': 'Monster'}
Traceback (most recent call last):
  File "/usr/local/lib/python3.6/dist-packages/twisted/internet/defer.py", line 654, in _runCallbacks
    current.result = callback(current.result, *args, **kw)
  File "/scrapyrt/project/Scraper/pipelines.py", line 44, in process_item
    if not data or item['summary'] in self.collection.find({},{"site":0,"job_title":0,"company":0,"location":0,"salary":0,"link_url":0,"crawl_url":0}):
  File "/usr/local/lib/python3.6/dist-packages/scrapy/item.py", line 91, in __getitem__
    return self._values[key]
KeyError: 'summary'
2020-01-30 13:26:38 [scrapy] ERROR: Error processing {'company': 'Page Personnel',
 'crawl_url': 'https://www.monster.fr/emploi/recherche/?q=Vendeur',
 'job_title': 'Commercial Automobile/Vendeur Secteur H/F',
 'link_url': 'https://offre-demploi.monster.fr/commercial-automobile-vendeur-secteur-h-f-saint-denis-seine-saint-denis-île-de-france-fr-page-personnel/215188736',
 'location': 'Saint-Denis, Île-de-France',
 'site': 'Monster'}
Traceback (most recent call last):
  File "/usr/local/lib/python3.6/dist-packages/twisted/internet/defer.py", line 654, in _runCallbacks
    current.result = callback(current.result, *args, **kw)
  File "/scrapyrt/project/Scraper/pipelines.py", line 44, in process_item
    if not data or item['summary'] in self.collection.find({},{"site":0,"job_title":0,"company":0,"location":0,"salary":0,"link_url":0,"crawl_url":0}):
  File "/usr/local/lib/python3.6/dist-packages/scrapy/item.py", line 91, in __getitem__
    return self._values[key]
KeyError: 'summary'
2020-01-30 13:26:38 [scrapy] ERROR: Error processing {'company': 'Page Personnel',
 'crawl_url': 'https://www.monster.fr/emploi/recherche/?q=Vendeur',
 'job_title': 'Commercial Automobile/Vendeur Société H/F',
 'link_url': 'https://offre-demploi.monster.fr/commercial-automobile-vendeur-société-h-f-saint-denis-seine-saint-denis-île-de-france-fr-page-personnel/215188733',
 'location': 'Saint-Denis, Île-de-France',
 'site': 'Monster'}
Traceback (most recent call last):
  File "/usr/local/lib/python3.6/dist-packages/twisted/internet/defer.py", line 654, in _runCallbacks
    current.result = callback(current.result, *args, **kw)
  File "/scrapyrt/project/Scraper/pipelines.py", line 44, in process_item
    if not data or item['summary'] in self.collection.find({},{"site":0,"job_title":0,"company":0,"location":0,"salary":0,"link_url":0,"crawl_url":0}):
  File "/usr/local/lib/python3.6/dist-packages/scrapy/item.py", line 91, in __getitem__
    return self._values[key]
KeyError: 'summary'
2020-01-30 13:26:38 [scrapy] ERROR: Error processing {'company': 'UPTOO',
 'crawl_url': 'https://www.monster.fr/emploi/recherche/?q=Vendeur',
 'job_title': 'Vendeurs Comptoir / Commercial sédentaire - Second Oeuvre/ '
              'Fournitures BTP (H/F)',
 'link_url': 'https://offre-demploi.monster.fr/vendeurs-comptoir-commercial-sédentaire-second-oeuvre-fournitures-btp-h-f-paris-paris-île-de-france-fr-uptoo/215003073',
 'location': 'Paris, Île-de-France',
 'site': 'Monster'}
Traceback (most recent call last):
  File "/usr/local/lib/python3.6/dist-packages/twisted/internet/defer.py", line 654, in _runCallbacks
    current.result = callback(current.result, *args, **kw)
  File "/scrapyrt/project/Scraper/pipelines.py", line 44, in process_item
    if not data or item['summary'] in self.collection.find({},{"site":0,"job_title":0,"company":0,"location":0,"salary":0,"link_url":0,"crawl_url":0}):
  File "/usr/local/lib/python3.6/dist-packages/scrapy/item.py", line 91, in __getitem__
    return self._values[key]
KeyError: 'summary'
2020-01-30 13:26:38 [scrapy] ERROR: Error processing {'company': 'Page Personnel',
 'crawl_url': 'https://www.monster.fr/emploi/recherche/?q=Vendeur',
 'job_title': 'Premier Vendeur H/F',
 'link_url': 'https://offre-demploi.monster.fr/premier-vendeur-h-f-paris-paris-île-de-france-fr-page-personnel/215017440',
 'location': 'Paris, Île-de-France',
 'site': 'Monster'}
Traceback (most recent call last):
  File "/usr/local/lib/python3.6/dist-packages/twisted/internet/defer.py", line 654, in _runCallbacks
    current.result = callback(current.result, *args, **kw)
  File "/scrapyrt/project/Scraper/pipelines.py", line 44, in process_item
    if not data or item['summary'] in self.collection.find({},{"site":0,"job_title":0,"company":0,"location":0,"salary":0,"link_url":0,"crawl_url":0}):
  File "/usr/local/lib/python3.6/dist-packages/scrapy/item.py", line 91, in __getitem__
    return self._values[key]
KeyError: 'summary'
2020-01-30 13:26:38 [scrapy] ERROR: Error processing {'company': 'Page Personnel',
 'crawl_url': 'https://www.monster.fr/emploi/recherche/?q=Vendeur',
 'job_title': 'Commercial Automobile/Vendeur Société H/F',
 'link_url': 'https://offre-demploi.monster.fr/commercial-automobile-vendeur-société-h-f-chelles-seine-et-marne-île-de-france-fr-page-personnel/215188734',
 'location': 'Chelles, Île-de-France',
 'site': 'Monster'}
Traceback (most recent call last):
  File "/usr/local/lib/python3.6/dist-packages/twisted/internet/defer.py", line 654, in _runCallbacks
    current.result = callback(current.result, *args, **kw)
  File "/scrapyrt/project/Scraper/pipelines.py", line 44, in process_item
    if not data or item['summary'] in self.collection.find({},{"site":0,"job_title":0,"company":0,"location":0,"salary":0,"link_url":0,"crawl_url":0}):
  File "/usr/local/lib/python3.6/dist-packages/scrapy/item.py", line 91, in __getitem__
    return self._values[key]
KeyError: 'summary'
2020-01-30 13:26:38 [scrapy] ERROR: Error processing {'company': 'Page Personnel',
 'crawl_url': 'https://www.monster.fr/emploi/recherche/?q=Vendeur',
 'job_title': 'Commercial Automobile/Vendeur Secteur H/F',
 'link_url': 'https://offre-demploi.monster.fr/commercial-automobile-vendeur-secteur-h-f-chelles-seine-et-marne-île-de-france-fr-page-personnel/215170797',
 'location': 'Chelles, Île-de-France',
 'site': 'Monster'}
Traceback (most recent call last):
  File "/usr/local/lib/python3.6/dist-packages/twisted/internet/defer.py", line 654, in _runCallbacks
    current.result = callback(current.result, *args, **kw)
  File "/scrapyrt/project/Scraper/pipelines.py", line 44, in process_item
    if not data or item['summary'] in self.collection.find({},{"site":0,"job_title":0,"company":0,"location":0,"salary":0,"link_url":0,"crawl_url":0}):
  File "/usr/local/lib/python3.6/dist-packages/scrapy/item.py", line 91, in __getitem__
    return self._values[key]
KeyError: 'summary'
2020-01-30 13:26:38 [scrapy] INFO: Closing spider (finished)
2020-01-30 13:26:38 [scrapy] INFO: Dumping Scrapy stats:
{'downloader/request_bytes': 463,
 'downloader/request_count': 2,
 'downloader/request_method_count/GET': 2,
 'downloader/response_bytes': 41525,
 'downloader/response_count': 2,
 'downloader/response_status_count/200': 2,
 'elapsed_time_seconds': 1.390576,
 'finish_reason': 'finished',
 'finish_time': datetime.datetime(2020, 1, 30, 13, 26, 38, 795812),
 'log_count/DEBUG': 3,
 'log_count/ERROR': 28,
 'log_count/INFO': 7,
 'memusage/max': 70778880,
 'memusage/startup': 70778880,
 'response_received_count': 2,
 'robotstxt/request_count': 1,
 'robotstxt/response_count': 1,
 'robotstxt/response_status_count/200': 1,
 'scheduler/dequeued': 1,
 'scheduler/dequeued/memory': 1,
 'scheduler/enqueued': 1,
 'scheduler/enqueued/memory': 1,
 'start_time': datetime.datetime(2020, 1, 30, 13, 26, 37, 405236)}
2020-01-30 13:26:38 [scrapy] INFO: Spider closed (finished)
