2020-02-01 15:50:52 [scrapy] DEBUG: Crawled (200) <GET https://www.monster.fr/robots.txt> (referer: None)
2020-02-01 15:50:53 [scrapy] DEBUG: Crawled (200) <GET https://www.monster.fr/emploi/recherche/?q=Stage%20Ing%C3%A9nieur> (referer: None)
2020-02-01 15:50:54 [monster] DEBUG: 

 Crawling  https://www.monster.fr/emploi/recherche/?q=Stage%20Ing%C3%A9nieur

2020-02-01 15:50:54 [scrapy] ERROR: Error processing {'company': 'Expleo France South West',
 'crawl_url': 'https://www.monster.fr/emploi/recherche/?q=Stage%20Ing%C3%A9nieur',
 'job_title': 'Stage - Ingénieur Amélioration Continue – Lean Management H/F',
 'link_url': 'https://offre-demploi.monster.fr/stage-ingénieur-amélioration-continue-–-lean-management-h-f-haute-garonne-occitanie-fr-expleo-france-south-west/214957173',
 'location': 'Toulouse, Occitanie',
 'site': 'Monster'}
Traceback (most recent call last):
  File "/usr/local/lib/python3.6/dist-packages/twisted/internet/defer.py", line 654, in _runCallbacks
    current.result = callback(current.result, *args, **kw)
  File "/scrapyrt/project/Scraper/pipelines.py", line 44, in process_item
    if not data or item['summary'] in self.collection.find({},{"site":0,"job_title":0,"company":0,"location":0,"salary":0,"link_url":0,"crawl_url":0}):
  File "/usr/local/lib/python3.6/dist-packages/scrapy/item.py", line 91, in __getitem__
    return self._values[key]
KeyError: 'summary'
2020-02-01 15:50:54 [scrapy] ERROR: Error processing {'company': None,
 'crawl_url': 'https://www.monster.fr/emploi/recherche/?q=Stage%20Ing%C3%A9nieur',
 'job_title': None,
 'link_url': None,
 'location': None,
 'site': 'Monster'}
Traceback (most recent call last):
  File "/usr/local/lib/python3.6/dist-packages/twisted/internet/defer.py", line 654, in _runCallbacks
    current.result = callback(current.result, *args, **kw)
  File "/scrapyrt/project/Scraper/pipelines.py", line 44, in process_item
    if not data or item['summary'] in self.collection.find({},{"site":0,"job_title":0,"company":0,"location":0,"salary":0,"link_url":0,"crawl_url":0}):
  File "/usr/local/lib/python3.6/dist-packages/scrapy/item.py", line 91, in __getitem__
    return self._values[key]
KeyError: 'summary'
2020-02-01 15:50:54 [scrapy] ERROR: Error processing {'company': 'Technip France',
 'crawl_url': 'https://www.monster.fr/emploi/recherche/?q=Stage%20Ing%C3%A9nieur',
 'job_title': 'Stage Ingénieur - Systèmes de controle et sécurité (usine LNG) '
              '(H/F)',
 'link_url': 'https://offre-demploi.monster.fr/stage-ingénieur-systèmes-de-controle-et-sécurité-usine-lng-h-f-courbevoie-hauts-de-seine-île-de-france-fr-technip-france/212382138',
 'location': 'Courbevoie, Île-de-France',
 'site': 'Monster'}
Traceback (most recent call last):
  File "/usr/local/lib/python3.6/dist-packages/twisted/internet/defer.py", line 654, in _runCallbacks
    current.result = callback(current.result, *args, **kw)
  File "/scrapyrt/project/Scraper/pipelines.py", line 44, in process_item
    if not data or item['summary'] in self.collection.find({},{"site":0,"job_title":0,"company":0,"location":0,"salary":0,"link_url":0,"crawl_url":0}):
  File "/usr/local/lib/python3.6/dist-packages/scrapy/item.py", line 91, in __getitem__
    return self._values[key]
KeyError: 'summary'
2020-02-01 15:50:54 [scrapy] ERROR: Error processing {'company': 'Technip France',
 'crawl_url': 'https://www.monster.fr/emploi/recherche/?q=Stage%20Ing%C3%A9nieur',
 'job_title': 'Stage Ingénieur Projet – Projet Move (H/F)',
 'link_url': 'https://offre-demploi.monster.fr/stage-ingénieur-projet-–-projet-move-h-f-courbevoie-hauts-de-seine-île-de-france-fr-technip-france/215449607',
 'location': 'Courbevoie, Île-de-France',
 'site': 'Monster'}
Traceback (most recent call last):
  File "/usr/local/lib/python3.6/dist-packages/twisted/internet/defer.py", line 654, in _runCallbacks
    current.result = callback(current.result, *args, **kw)
  File "/scrapyrt/project/Scraper/pipelines.py", line 44, in process_item
    if not data or item['summary'] in self.collection.find({},{"site":0,"job_title":0,"company":0,"location":0,"salary":0,"link_url":0,"crawl_url":0}):
  File "/usr/local/lib/python3.6/dist-packages/scrapy/item.py", line 91, in __getitem__
    return self._values[key]
KeyError: 'summary'
2020-02-01 15:50:54 [scrapy] ERROR: Error processing {'company': 'Thales Services S.A.S.',
 'crawl_url': 'https://www.monster.fr/emploi/recherche/?q=Stage%20Ing%C3%A9nieur',
 'job_title': 'Stage Ingénieur(e) Développement Mobile',
 'link_url': 'https://offre-demploi.monster.fr/stage-ingénieur-e-développement-mobile-rennes-ille-et-vilaine-bretagne-fr-thales-services-s-a-s/215457376',
 'location': 'Rennes, Bretagne',
 'site': 'Monster'}
Traceback (most recent call last):
  File "/usr/local/lib/python3.6/dist-packages/twisted/internet/defer.py", line 654, in _runCallbacks
    current.result = callback(current.result, *args, **kw)
  File "/scrapyrt/project/Scraper/pipelines.py", line 44, in process_item
    if not data or item['summary'] in self.collection.find({},{"site":0,"job_title":0,"company":0,"location":0,"salary":0,"link_url":0,"crawl_url":0}):
  File "/usr/local/lib/python3.6/dist-packages/scrapy/item.py", line 91, in __getitem__
    return self._values[key]
KeyError: 'summary'
2020-02-01 15:50:54 [scrapy] ERROR: Error processing {'company': 'CGI France',
 'crawl_url': 'https://www.monster.fr/emploi/recherche/?q=Stage%20Ing%C3%A9nieur',
 'job_title': "Stage : Ingénieur en technologies de l'information ECM (H/F)",
 'link_url': 'https://offre-demploi.monster.fr/stage-ingénieur-en-technologies-de-linformation-ecm-h-f-nantes-loire-atlantique-pays-de-la-loire-fr-cgi-france/215044569',
 'location': 'Nantes, Pays-de-la-Loire',
 'site': 'Monster'}
Traceback (most recent call last):
  File "/usr/local/lib/python3.6/dist-packages/twisted/internet/defer.py", line 654, in _runCallbacks
    current.result = callback(current.result, *args, **kw)
  File "/scrapyrt/project/Scraper/pipelines.py", line 44, in process_item
    if not data or item['summary'] in self.collection.find({},{"site":0,"job_title":0,"company":0,"location":0,"salary":0,"link_url":0,"crawl_url":0}):
  File "/usr/local/lib/python3.6/dist-packages/scrapy/item.py", line 91, in __getitem__
    return self._values[key]
KeyError: 'summary'
2020-02-01 15:50:54 [scrapy] ERROR: Error processing {'company': 'CGI France',
 'crawl_url': 'https://www.monster.fr/emploi/recherche/?q=Stage%20Ing%C3%A9nieur',
 'job_title': 'Stage: Ingénieur Data Science & DataViz H/F',
 'link_url': 'https://offre-demploi.monster.fr/stage-ingénieur-data-science-dataviz-h-f-toulouse-haute-garonne-occitanie-fr-cgi-france/215045083',
 'location': 'Toulouse, Occitanie',
 'site': 'Monster'}
Traceback (most recent call last):
  File "/usr/local/lib/python3.6/dist-packages/twisted/internet/defer.py", line 654, in _runCallbacks
    current.result = callback(current.result, *args, **kw)
  File "/scrapyrt/project/Scraper/pipelines.py", line 44, in process_item
    if not data or item['summary'] in self.collection.find({},{"site":0,"job_title":0,"company":0,"location":0,"salary":0,"link_url":0,"crawl_url":0}):
  File "/usr/local/lib/python3.6/dist-packages/scrapy/item.py", line 91, in __getitem__
    return self._values[key]
KeyError: 'summary'
2020-02-01 15:50:54 [scrapy] ERROR: Error processing {'company': None,
 'crawl_url': 'https://www.monster.fr/emploi/recherche/?q=Stage%20Ing%C3%A9nieur',
 'job_title': None,
 'link_url': None,
 'location': None,
 'site': 'Monster'}
Traceback (most recent call last):
  File "/usr/local/lib/python3.6/dist-packages/twisted/internet/defer.py", line 654, in _runCallbacks
    current.result = callback(current.result, *args, **kw)
  File "/scrapyrt/project/Scraper/pipelines.py", line 44, in process_item
    if not data or item['summary'] in self.collection.find({},{"site":0,"job_title":0,"company":0,"location":0,"salary":0,"link_url":0,"crawl_url":0}):
  File "/usr/local/lib/python3.6/dist-packages/scrapy/item.py", line 91, in __getitem__
    return self._values[key]
KeyError: 'summary'
2020-02-01 15:50:54 [scrapy] ERROR: Error processing {'company': 'Trekea /',
 'crawl_url': 'https://www.monster.fr/emploi/recherche/?q=Stage%20Ing%C3%A9nieur',
 'job_title': 'Ingénieur Informaticien (H/F) plusieurs postes de stagiaires',
 'link_url': 'https://offre-demploi.monster.fr/ingénieur-informaticien-h-f-plusieurs-postes-de-stagiaires-paris-paris-île-de-france-fr-trekea/215501428',
 'location': 'Paris, Île-de-France',
 'site': 'Monster'}
Traceback (most recent call last):
  File "/usr/local/lib/python3.6/dist-packages/twisted/internet/defer.py", line 654, in _runCallbacks
    current.result = callback(current.result, *args, **kw)
  File "/scrapyrt/project/Scraper/pipelines.py", line 44, in process_item
    if not data or item['summary'] in self.collection.find({},{"site":0,"job_title":0,"company":0,"location":0,"salary":0,"link_url":0,"crawl_url":0}):
  File "/usr/local/lib/python3.6/dist-packages/scrapy/item.py", line 91, in __getitem__
    return self._values[key]
KeyError: 'summary'
2020-02-01 15:50:54 [scrapy] ERROR: Error processing {'company': 'International Fire Control SA',
 'crawl_url': 'https://www.monster.fr/emploi/recherche/?q=Stage%20Ing%C3%A9nieur',
 'job_title': 'Chargé d’affaires en Hydraulique DE-FR (H/F)',
 'link_url': 'https://offre-demploi.monster.fr/chargé-d’affaires-en-hydraulique-de-fr-h-f-ellange-grevenmacher-lu-international-fire-control-sa/214228240',
 'location': 'Ellange, Grevenmacher',
 'site': 'Monster'}
Traceback (most recent call last):
  File "/usr/local/lib/python3.6/dist-packages/twisted/internet/defer.py", line 654, in _runCallbacks
    current.result = callback(current.result, *args, **kw)
  File "/scrapyrt/project/Scraper/pipelines.py", line 44, in process_item
    if not data or item['summary'] in self.collection.find({},{"site":0,"job_title":0,"company":0,"location":0,"salary":0,"link_url":0,"crawl_url":0}):
  File "/usr/local/lib/python3.6/dist-packages/scrapy/item.py", line 91, in __getitem__
    return self._values[key]
KeyError: 'summary'
2020-02-01 15:50:54 [scrapy] ERROR: Error processing {'company': 'Thales Services S.A.S.',
 'crawl_url': 'https://www.monster.fr/emploi/recherche/?q=Stage%20Ing%C3%A9nieur',
 'job_title': 'Stagiaire Ingénieur(e) études et développement Java Angular IA '
              '(H/F)',
 'link_url': 'https://offre-demploi.monster.fr/stagiaire-ingénieur-e-études-et-développement-java-angular-ia-h-f-nantes-loire-atlantique-pays-de-la-loire-fr-thales-services-s-a-s/215457389',
 'location': 'Nantes, Pays-de-la-Loire',
 'site': 'Monster'}
Traceback (most recent call last):
  File "/usr/local/lib/python3.6/dist-packages/twisted/internet/defer.py", line 654, in _runCallbacks
    current.result = callback(current.result, *args, **kw)
  File "/scrapyrt/project/Scraper/pipelines.py", line 44, in process_item
    if not data or item['summary'] in self.collection.find({},{"site":0,"job_title":0,"company":0,"location":0,"salary":0,"link_url":0,"crawl_url":0}):
  File "/usr/local/lib/python3.6/dist-packages/scrapy/item.py", line 91, in __getitem__
    return self._values[key]
KeyError: 'summary'
2020-02-01 15:50:54 [scrapy] ERROR: Error processing {'company': 'Laboratoire Cotral',
 'crawl_url': 'https://www.monster.fr/emploi/recherche/?q=Stage%20Ing%C3%A9nieur',
 'job_title': 'STAGIAIRE INGENIEUR MACHINE LEARNING (H/F)',
 'link_url': 'https://offre-demploi.monster.fr/stagiaire-ingenieur-machine-learning-h-f-condé-sur-noireau-calvados-normandie-fr-laboratoire-cotral/215276429',
 'location': 'Condé-sur-Noireau, Normandie',
 'site': 'Monster'}
Traceback (most recent call last):
  File "/usr/local/lib/python3.6/dist-packages/twisted/internet/defer.py", line 654, in _runCallbacks
    current.result = callback(current.result, *args, **kw)
  File "/scrapyrt/project/Scraper/pipelines.py", line 44, in process_item
    if not data or item['summary'] in self.collection.find({},{"site":0,"job_title":0,"company":0,"location":0,"salary":0,"link_url":0,"crawl_url":0}):
  File "/usr/local/lib/python3.6/dist-packages/scrapy/item.py", line 91, in __getitem__
    return self._values[key]
KeyError: 'summary'
2020-02-01 15:50:54 [scrapy] ERROR: Error processing {'company': 'Laboratoire Cotral',
 'crawl_url': 'https://www.monster.fr/emploi/recherche/?q=Stage%20Ing%C3%A9nieur',
 'job_title': 'STAGIAIRE INGENIEUR TRAITEMENT DE DONNEES 3D (H/F)',
 'link_url': 'https://offre-demploi.monster.fr/stagiaire-ingenieur-traitement-de-donnees-3d-h-f-condé-sur-noireau-calvados-normandie-fr-laboratoire-cotral/215276376',
 'location': 'Condé-sur-Noireau, Normandie',
 'site': 'Monster'}
Traceback (most recent call last):
  File "/usr/local/lib/python3.6/dist-packages/twisted/internet/defer.py", line 654, in _runCallbacks
    current.result = callback(current.result, *args, **kw)
  File "/scrapyrt/project/Scraper/pipelines.py", line 44, in process_item
    if not data or item['summary'] in self.collection.find({},{"site":0,"job_title":0,"company":0,"location":0,"salary":0,"link_url":0,"crawl_url":0}):
  File "/usr/local/lib/python3.6/dist-packages/scrapy/item.py", line 91, in __getitem__
    return self._values[key]
KeyError: 'summary'
2020-02-01 15:50:54 [scrapy] ERROR: Error processing {'company': 'Thales Services S.A.S.',
 'crawl_url': 'https://www.monster.fr/emploi/recherche/?q=Stage%20Ing%C3%A9nieur',
 'job_title': 'Stagiaire Data Engineer / Machine Learning & Data Viz H/F',
 'link_url': 'https://offre-demploi.monster.fr/stagiaire-data-engineer-machine-learning-data-viz-h-f-brest-finistère-bretagne-fr-thales-services-s-a-s/215457402',
 'location': 'Brest, Bretagne',
 'site': 'Monster'}
Traceback (most recent call last):
  File "/usr/local/lib/python3.6/dist-packages/twisted/internet/defer.py", line 654, in _runCallbacks
    current.result = callback(current.result, *args, **kw)
  File "/scrapyrt/project/Scraper/pipelines.py", line 44, in process_item
    if not data or item['summary'] in self.collection.find({},{"site":0,"job_title":0,"company":0,"location":0,"salary":0,"link_url":0,"crawl_url":0}):
  File "/usr/local/lib/python3.6/dist-packages/scrapy/item.py", line 91, in __getitem__
    return self._values[key]
KeyError: 'summary'
2020-02-01 15:50:54 [scrapy] ERROR: Error processing {'company': 'Technip France',
 'crawl_url': 'https://www.monster.fr/emploi/recherche/?q=Stage%20Ing%C3%A9nieur',
 'job_title': 'Intern - Project Control Engineer (H/F)',
 'link_url': 'https://offre-demploi.monster.fr/intern-project-control-engineer-h-f-courbevoie-hauts-de-seine-île-de-france-fr-technip-france/215271896',
 'location': 'Courbevoie, Île-de-France',
 'site': 'Monster'}
Traceback (most recent call last):
  File "/usr/local/lib/python3.6/dist-packages/twisted/internet/defer.py", line 654, in _runCallbacks
    current.result = callback(current.result, *args, **kw)
  File "/scrapyrt/project/Scraper/pipelines.py", line 44, in process_item
    if not data or item['summary'] in self.collection.find({},{"site":0,"job_title":0,"company":0,"location":0,"salary":0,"link_url":0,"crawl_url":0}):
  File "/usr/local/lib/python3.6/dist-packages/scrapy/item.py", line 91, in __getitem__
    return self._values[key]
KeyError: 'summary'
2020-02-01 15:50:54 [scrapy] ERROR: Error processing {'company': 'Infotel',
 'crawl_url': 'https://www.monster.fr/emploi/recherche/?q=Stage%20Ing%C3%A9nieur',
 'job_title': 'Ingénieur études et développement en stage/alternance H/F',
 'link_url': 'https://offre-demploi.monster.fr/ingénieur-études-et-développement-en-stage-alternance-h-f-paris-île-de-france-fr-infotel/203657153',
 'location': 'Paris, Île-de-France',
 'site': 'Monster'}
Traceback (most recent call last):
  File "/usr/local/lib/python3.6/dist-packages/twisted/internet/defer.py", line 654, in _runCallbacks
    current.result = callback(current.result, *args, **kw)
  File "/scrapyrt/project/Scraper/pipelines.py", line 44, in process_item
    if not data or item['summary'] in self.collection.find({},{"site":0,"job_title":0,"company":0,"location":0,"salary":0,"link_url":0,"crawl_url":0}):
  File "/usr/local/lib/python3.6/dist-packages/scrapy/item.py", line 91, in __getitem__
    return self._values[key]
KeyError: 'summary'
2020-02-01 15:50:54 [scrapy] ERROR: Error processing {'company': 'Expleo France South West',
 'crawl_url': 'https://www.monster.fr/emploi/recherche/?q=Stage%20Ing%C3%A9nieur',
 'job_title': 'Ingénieur Gestion de Projet (Stage) H/F',
 'link_url': 'https://offre-demploi.monster.fr/ingénieur-gestion-de-projet-stage-h-f-haute-garonne-occitanie-fr-expleo-france-south-west/214988244',
 'location': 'Toulouse, Occitanie',
 'site': 'Monster'}
Traceback (most recent call last):
  File "/usr/local/lib/python3.6/dist-packages/twisted/internet/defer.py", line 654, in _runCallbacks
    current.result = callback(current.result, *args, **kw)
  File "/scrapyrt/project/Scraper/pipelines.py", line 44, in process_item
    if not data or item['summary'] in self.collection.find({},{"site":0,"job_title":0,"company":0,"location":0,"salary":0,"link_url":0,"crawl_url":0}):
  File "/usr/local/lib/python3.6/dist-packages/scrapy/item.py", line 91, in __getitem__
    return self._values[key]
KeyError: 'summary'
2020-02-01 15:50:54 [scrapy] ERROR: Error processing {'company': 'ABMI',
 'crawl_url': 'https://www.monster.fr/emploi/recherche/?q=Stage%20Ing%C3%A9nieur',
 'job_title': "Stage Ingénieur d'affaires/ Business Manager H/F",
 'link_url': 'https://offre-demploi.monster.fr/stage-ingénieur-daffaires-business-manager-h-f-yvelines-île-de-france-fr-abmi/214814012',
 'location': 'Guyancourt, Île-de-France',
 'site': 'Monster'}
Traceback (most recent call last):
  File "/usr/local/lib/python3.6/dist-packages/twisted/internet/defer.py", line 654, in _runCallbacks
    current.result = callback(current.result, *args, **kw)
  File "/scrapyrt/project/Scraper/pipelines.py", line 44, in process_item
    if not data or item['summary'] in self.collection.find({},{"site":0,"job_title":0,"company":0,"location":0,"salary":0,"link_url":0,"crawl_url":0}):
  File "/usr/local/lib/python3.6/dist-packages/scrapy/item.py", line 91, in __getitem__
    return self._values[key]
KeyError: 'summary'
2020-02-01 15:50:54 [scrapy] ERROR: Error processing {'company': None,
 'crawl_url': 'https://www.monster.fr/emploi/recherche/?q=Stage%20Ing%C3%A9nieur',
 'job_title': None,
 'link_url': None,
 'location': None,
 'site': 'Monster'}
Traceback (most recent call last):
  File "/usr/local/lib/python3.6/dist-packages/twisted/internet/defer.py", line 654, in _runCallbacks
    current.result = callback(current.result, *args, **kw)
  File "/scrapyrt/project/Scraper/pipelines.py", line 44, in process_item
    if not data or item['summary'] in self.collection.find({},{"site":0,"job_title":0,"company":0,"location":0,"salary":0,"link_url":0,"crawl_url":0}):
  File "/usr/local/lib/python3.6/dist-packages/scrapy/item.py", line 91, in __getitem__
    return self._values[key]
KeyError: 'summary'
2020-02-01 15:50:54 [scrapy] ERROR: Error processing {'company': 'Atos SE (Société Européenne)',
 'crawl_url': 'https://www.monster.fr/emploi/recherche/?q=Stage%20Ing%C3%A9nieur',
 'job_title': 'Ingenieur Devops Terraform (F/H) en Stage',
 'link_url': 'https://offre-demploi.monster.fr/ingenieur-devops-terraform-f-h-en-stage-seclin-nord-hauts-de-france-fr-atos-se-société-européenne/e8584d33-38dc-4790-ba6a-0fa4c3a581d4',
 'location': 'Seclin, Hauts-de-France',
 'site': 'Monster'}
Traceback (most recent call last):
  File "/usr/local/lib/python3.6/dist-packages/twisted/internet/defer.py", line 654, in _runCallbacks
    current.result = callback(current.result, *args, **kw)
  File "/scrapyrt/project/Scraper/pipelines.py", line 44, in process_item
    if not data or item['summary'] in self.collection.find({},{"site":0,"job_title":0,"company":0,"location":0,"salary":0,"link_url":0,"crawl_url":0}):
  File "/usr/local/lib/python3.6/dist-packages/scrapy/item.py", line 91, in __getitem__
    return self._values[key]
KeyError: 'summary'
2020-02-01 15:50:54 [scrapy] ERROR: Error processing {'company': 'Artelys',
 'crawl_url': 'https://www.monster.fr/emploi/recherche/?q=Stage%20Ing%C3%A9nieur',
 'job_title': 'Stage Ingénieur Logiciel Fullstack (H/F)',
 'link_url': 'https://offre-demploi.monster.fr/stage-ingénieur-logiciel-fullstack-h-f-paris-paris-île-de-france-fr-artelys/dbecd588-695f-4c3a-8f01-771d87c35f2d',
 'location': 'Paris, Île-de-France',
 'site': 'Monster'}
Traceback (most recent call last):
  File "/usr/local/lib/python3.6/dist-packages/twisted/internet/defer.py", line 654, in _runCallbacks
    current.result = callback(current.result, *args, **kw)
  File "/scrapyrt/project/Scraper/pipelines.py", line 44, in process_item
    if not data or item['summary'] in self.collection.find({},{"site":0,"job_title":0,"company":0,"location":0,"salary":0,"link_url":0,"crawl_url":0}):
  File "/usr/local/lib/python3.6/dist-packages/scrapy/item.py", line 91, in __getitem__
    return self._values[key]
KeyError: 'summary'
2020-02-01 15:50:54 [scrapy] ERROR: Error processing {'company': 'Atos SE (Société Européenne)',
 'crawl_url': 'https://www.monster.fr/emploi/recherche/?q=Stage%20Ing%C3%A9nieur',
 'job_title': 'Ingénieur Etude et Développement Devops (F/H) en Stage',
 'link_url': 'https://offre-demploi.monster.fr/ingénieur-etude-et-développement-devops-f-h-en-stage-seclin-nord-hauts-de-france-fr-atos-se-société-européenne/bdf83e34-0303-4f1c-b8b2-4de9ce838100',
 'location': 'Seclin, Hauts-de-France',
 'site': 'Monster'}
Traceback (most recent call last):
  File "/usr/local/lib/python3.6/dist-packages/twisted/internet/defer.py", line 654, in _runCallbacks
    current.result = callback(current.result, *args, **kw)
  File "/scrapyrt/project/Scraper/pipelines.py", line 44, in process_item
    if not data or item['summary'] in self.collection.find({},{"site":0,"job_title":0,"company":0,"location":0,"salary":0,"link_url":0,"crawl_url":0}):
  File "/usr/local/lib/python3.6/dist-packages/scrapy/item.py", line 91, in __getitem__
    return self._values[key]
KeyError: 'summary'
2020-02-01 15:50:54 [scrapy] ERROR: Error processing {'company': 'CGC engineering S.à r.l.',
 'crawl_url': 'https://www.monster.fr/emploi/recherche/?q=Stage%20Ing%C3%A9nieur',
 'job_title': 'Coordinateur Sécurité et Santé (m/f) ou Technicien ou Ouvrier '
              'qualifié (m/f)',
 'link_url': 'https://offre-demploi.monster.fr/coordinateur-sécurité-et-santé-m-f-ou-technicien-ou-ouvrier-qualifié-m-f-keispelt-luxembourg-lu-cgc-engineering-s-à-r-l/215192022',
 'location': 'Keispelt, Luxembourg',
 'site': 'Monster'}
Traceback (most recent call last):
  File "/usr/local/lib/python3.6/dist-packages/twisted/internet/defer.py", line 654, in _runCallbacks
    current.result = callback(current.result, *args, **kw)
  File "/scrapyrt/project/Scraper/pipelines.py", line 44, in process_item
    if not data or item['summary'] in self.collection.find({},{"site":0,"job_title":0,"company":0,"location":0,"salary":0,"link_url":0,"crawl_url":0}):
  File "/usr/local/lib/python3.6/dist-packages/scrapy/item.py", line 91, in __getitem__
    return self._values[key]
KeyError: 'summary'
2020-02-01 15:50:54 [scrapy] ERROR: Error processing {'company': 'ALTIMA',
 'crawl_url': 'https://www.monster.fr/emploi/recherche/?q=Stage%20Ing%C3%A9nieur',
 'job_title': 'Stage Ingénieur DevOps (H/F)',
 'link_url': 'https://offre-demploi.monster.fr/stage-ingénieur-devops-h-f-lille-nord-hauts-de-france-fr-altima/ab53d4cd-f74c-4f8f-9ed1-2a3b39f269de',
 'location': 'Lille, Hauts-de-France',
 'site': 'Monster'}
Traceback (most recent call last):
  File "/usr/local/lib/python3.6/dist-packages/twisted/internet/defer.py", line 654, in _runCallbacks
    current.result = callback(current.result, *args, **kw)
  File "/scrapyrt/project/Scraper/pipelines.py", line 44, in process_item
    if not data or item['summary'] in self.collection.find({},{"site":0,"job_title":0,"company":0,"location":0,"salary":0,"link_url":0,"crawl_url":0}):
  File "/usr/local/lib/python3.6/dist-packages/scrapy/item.py", line 91, in __getitem__
    return self._values[key]
KeyError: 'summary'
2020-02-01 15:50:54 [scrapy] ERROR: Error processing {'company': 'Thales Services - Thales Holding - Thales Group',
 'crawl_url': 'https://www.monster.fr/emploi/recherche/?q=Stage%20Ing%C3%A9nieur',
 'job_title': 'Stage - Ingénieur en Développement de Logiciel (H/F)',
 'link_url': 'https://offre-demploi.monster.fr/stage-ingénieur-en-développement-de-logiciel-h-f-bordeaux-gironde-nouvelle-aquitaine-fr-thales-services-thales-holding-thales-group/4a370c5e-8215-470a-abdd-d2311b2bd0f8',
 'location': 'Bordeaux, Nouvelle-Aquitaine',
 'site': 'Monster'}
Traceback (most recent call last):
  File "/usr/local/lib/python3.6/dist-packages/twisted/internet/defer.py", line 654, in _runCallbacks
    current.result = callback(current.result, *args, **kw)
  File "/scrapyrt/project/Scraper/pipelines.py", line 44, in process_item
    if not data or item['summary'] in self.collection.find({},{"site":0,"job_title":0,"company":0,"location":0,"salary":0,"link_url":0,"crawl_url":0}):
  File "/usr/local/lib/python3.6/dist-packages/scrapy/item.py", line 91, in __getitem__
    return self._values[key]
KeyError: 'summary'
2020-02-01 15:50:54 [scrapy] ERROR: Error processing {'company': 'Framatome',
 'crawl_url': 'https://www.monster.fr/emploi/recherche/?q=Stage%20Ing%C3%A9nieur',
 'job_title': "Stage - Ingénieur(e) Développement d'un logiciel de preuve "
              'inverse F/H',
 'link_url': 'https://offre-demploi.monster.fr/stage-ingénieur-e-développement-dun-logiciel-de-preuve-inverse-f-h-hauts-de-seine-île-de-france-fr-framatome/d45b1e0d-3faa-4783-ae59-f928cb3fdc37',
 'location': 'Hauts-de-Seine, Île-de-France',
 'site': 'Monster'}
Traceback (most recent call last):
  File "/usr/local/lib/python3.6/dist-packages/twisted/internet/defer.py", line 654, in _runCallbacks
    current.result = callback(current.result, *args, **kw)
  File "/scrapyrt/project/Scraper/pipelines.py", line 44, in process_item
    if not data or item['summary'] in self.collection.find({},{"site":0,"job_title":0,"company":0,"location":0,"salary":0,"link_url":0,"crawl_url":0}):
  File "/usr/local/lib/python3.6/dist-packages/scrapy/item.py", line 91, in __getitem__
    return self._values[key]
KeyError: 'summary'
2020-02-01 15:50:54 [scrapy] ERROR: Error processing {'company': 'Cordon S2MI',
 'crawl_url': 'https://www.monster.fr/emploi/recherche/?q=Stage%20Ing%C3%A9nieur',
 'job_title': 'Ingénieur Etudes et Développement – Stage Pré-Embauche (H/F) '
              '(Réf /) - Parue le 30/01/2020',
 'link_url': 'https://offre-demploi.monster.fr/ingénieur-etudes-et-développement-–-stage-pré-embauche-h-f-réf-parue-le-30-01-2020-dinan-côtes-darmor-bretagne-fr-cordon-s2mi/cb78ec51-0fa4-4566-aa40-a17197e77b35',
 'location': 'Dinan, Bretagne',
 'site': 'Monster'}
Traceback (most recent call last):
  File "/usr/local/lib/python3.6/dist-packages/twisted/internet/defer.py", line 654, in _runCallbacks
    current.result = callback(current.result, *args, **kw)
  File "/scrapyrt/project/Scraper/pipelines.py", line 44, in process_item
    if not data or item['summary'] in self.collection.find({},{"site":0,"job_title":0,"company":0,"location":0,"salary":0,"link_url":0,"crawl_url":0}):
  File "/usr/local/lib/python3.6/dist-packages/scrapy/item.py", line 91, in __getitem__
    return self._values[key]
KeyError: 'summary'
2020-02-01 15:50:54 [scrapy] ERROR: Error processing {'company': 'SINTEC',
 'crawl_url': 'https://www.monster.fr/emploi/recherche/?q=Stage%20Ing%C3%A9nieur',
 'job_title': 'Stage Ingénieur·e structure béton armé – à Lyon Agence SINTEC '
              '(H/F)',
 'link_url': 'https://offre-demploi.monster.fr/stage-ingénieur·e-structure-béton-armé-–-à-lyon-agence-sintec-h-f-lyon-rhône-auvergne-rhône-alpes-fr-sintec/6e192e3c-b75b-4140-ae53-49108f10a9af',
 'location': 'Lyon, Auvergne-Rhône-Alpes',
 'site': 'Monster'}
Traceback (most recent call last):
  File "/usr/local/lib/python3.6/dist-packages/twisted/internet/defer.py", line 654, in _runCallbacks
    current.result = callback(current.result, *args, **kw)
  File "/scrapyrt/project/Scraper/pipelines.py", line 44, in process_item
    if not data or item['summary'] in self.collection.find({},{"site":0,"job_title":0,"company":0,"location":0,"salary":0,"link_url":0,"crawl_url":0}):
  File "/usr/local/lib/python3.6/dist-packages/scrapy/item.py", line 91, in __getitem__
    return self._values[key]
KeyError: 'summary'
2020-02-01 15:50:54 [scrapy] ERROR: Error processing {'company': 'Atrix',
 'crawl_url': 'https://www.monster.fr/emploi/recherche/?q=Stage%20Ing%C3%A9nieur',
 'job_title': 'Ingénieur mécanique et calculs - Stage (H/F)',
 'link_url': 'https://offre-demploi.monster.fr/ingénieur-mécanique-et-calculs-stage-h-f-villeurbanne-rhône-auvergne-rhône-alpes-fr-atrix/5d9f111b-89ba-4d9c-a23f-022ef2fc88f0',
 'location': 'Villeurbanne, Auvergne-Rhône-Alpes',
 'site': 'Monster'}
Traceback (most recent call last):
  File "/usr/local/lib/python3.6/dist-packages/twisted/internet/defer.py", line 654, in _runCallbacks
    current.result = callback(current.result, *args, **kw)
  File "/scrapyrt/project/Scraper/pipelines.py", line 44, in process_item
    if not data or item['summary'] in self.collection.find({},{"site":0,"job_title":0,"company":0,"location":0,"salary":0,"link_url":0,"crawl_url":0}):
  File "/usr/local/lib/python3.6/dist-packages/scrapy/item.py", line 91, in __getitem__
    return self._values[key]
KeyError: 'summary'
2020-02-01 15:50:54 [scrapy] ERROR: Error processing {'company': 'Maison Boncolac',
 'crawl_url': 'https://www.monster.fr/emploi/recherche/?q=Stage%20Ing%C3%A9nieur',
 'job_title': 'Stage Ingénieur Production/Amélioration continue (H/F)',
 'link_url': 'https://offre-demploi.monster.fr/stage-ingénieur-production-amélioration-continue-h-f-bonloc-pyrénées-atlantiques-nouvelle-aquitaine-fr-maison-boncolac/4aba77ef-3cce-4952-b8e3-02aa96879c59',
 'location': 'Bonloc, Nouvelle-Aquitaine',
 'site': 'Monster'}
Traceback (most recent call last):
  File "/usr/local/lib/python3.6/dist-packages/twisted/internet/defer.py", line 654, in _runCallbacks
    current.result = callback(current.result, *args, **kw)
  File "/scrapyrt/project/Scraper/pipelines.py", line 44, in process_item
    if not data or item['summary'] in self.collection.find({},{"site":0,"job_title":0,"company":0,"location":0,"salary":0,"link_url":0,"crawl_url":0}):
  File "/usr/local/lib/python3.6/dist-packages/scrapy/item.py", line 91, in __getitem__
    return self._values[key]
KeyError: 'summary'
2020-02-01 15:50:54 [scrapy] INFO: Closing spider (finished)
2020-02-01 15:50:54 [scrapy] INFO: Dumping Scrapy stats:
{'downloader/request_bytes': 500,
 'downloader/request_count': 2,
 'downloader/request_method_count/GET': 2,
 'downloader/response_bytes': 50790,
 'downloader/response_count': 2,
 'downloader/response_status_count/200': 2,
 'elapsed_time_seconds': 1.612718,
 'finish_reason': 'finished',
 'finish_time': datetime.datetime(2020, 2, 1, 15, 50, 54, 121208),
 'log_count/DEBUG': 3,
 'log_count/ERROR': 30,
 'log_count/INFO': 7,
 'memusage/max': 73949184,
 'memusage/startup': 73949184,
 'response_received_count': 2,
 'robotstxt/request_count': 1,
 'robotstxt/response_count': 1,
 'robotstxt/response_status_count/200': 1,
 'scheduler/dequeued': 1,
 'scheduler/dequeued/memory': 1,
 'scheduler/enqueued': 1,
 'scheduler/enqueued/memory': 1,
 'start_time': datetime.datetime(2020, 2, 1, 15, 50, 52, 508490)}
2020-02-01 15:50:54 [scrapy] INFO: Spider closed (finished)
