2020-02-22 13:46:46 [scrapy] DEBUG: Crawled (200) <GET https://www.monster.fr/robots.txt> (referer: None)
2020-02-22 13:46:47 [scrapy] DEBUG: Crawled (200) <GET https://www.monster.fr/emploi/recherche/?q=Ing%C3%A9nieur%20> (referer: None)
2020-02-22 13:46:47 [monster] DEBUG: 

 Crawling  https://www.monster.fr/emploi/recherche/?q=Ing%C3%A9nieur%20

2020-02-22 13:46:48 [scrapy] DEBUG: Scraped from <200 https://www.monster.fr/emploi/recherche/?q=Ing%C3%A9nieur%20>
{'company': 'Alliance Concept Informatique',
 'crawl_url': 'https://www.monster.fr/emploi/recherche/?q=Ing%C3%A9nieur%20',
 'job_title': 'INGENIEUR ETUDES ET DEVELOPPEMENT CONFIRME JAVA FULLSTACK (H/F)',
 'link_url': 'https://offre-demploi.monster.fr/ingenieur-etudes-et-developpement-confirme-java-fullstack-h-f-paris-paris-île-de-france-fr-alliance-concept-informatique/210246475',
 'location': 'Paris, Île-de-France',
 'salary': None,
 'site': 'Monster',
 'summary': None}
2020-02-22 13:46:48 [scrapy] DEBUG: Scraped from <200 https://www.monster.fr/emploi/recherche/?q=Ing%C3%A9nieur%20>
{'company': None,
 'crawl_url': 'https://www.monster.fr/emploi/recherche/?q=Ing%C3%A9nieur%20',
 'job_title': None,
 'link_url': None,
 'location': None,
 'salary': None,
 'site': 'Monster',
 'summary': None}
2020-02-22 13:46:48 [scrapy] DEBUG: Scraped from <200 https://www.monster.fr/emploi/recherche/?q=Ing%C3%A9nieur%20>
{'company': 'Expleo France South West',
 'crawl_url': 'https://www.monster.fr/emploi/recherche/?q=Ing%C3%A9nieur%20',
 'job_title': "Ingénieur d'études électrique et avionique H/F",
 'link_url': 'https://offre-demploi.monster.fr/ingénieur-détudes-électrique-et-avionique-h-f-gironde-nouvelle-aquitaine-fr-expleo-france-south-west/215684467',
 'location': 'Bordeaux, Nouvelle-Aquitaine',
 'salary': None,
 'site': 'Monster',
 'summary': None}
2020-02-22 13:46:48 [scrapy] DEBUG: Scraped from <200 https://www.monster.fr/emploi/recherche/?q=Ing%C3%A9nieur%20>
{'company': 'Alliance Concept Informatique',
 'crawl_url': 'https://www.monster.fr/emploi/recherche/?q=Ing%C3%A9nieur%20',
 'job_title': 'INGENIEUR EN DEVELOPPEMENT FRONT/MOBILE (H/F)',
 'link_url': 'https://offre-demploi.monster.fr/ingenieur-en-developpement-front-mobile-h-f-paris-paris-île-de-france-fr-alliance-concept-informatique/199556882',
 'location': 'Paris, Île-de-France',
 'salary': None,
 'site': 'Monster',
 'summary': None}
2020-02-22 13:46:49 [scrapy] DEBUG: Scraped from <200 https://www.monster.fr/emploi/recherche/?q=Ing%C3%A9nieur%20>
{'company': 'UTI Group',
 'crawl_url': 'https://www.monster.fr/emploi/recherche/?q=Ing%C3%A9nieur%20',
 'job_title': 'Ingénieur Etudes et Développement C#/.Net (H/F)',
 'link_url': 'https://offre-demploi.monster.fr/ingénieur-etudes-et-développement-c-net-h-f-levallois-perret-hauts-de-seine-île-de-france-fr-uti-group/215336530',
 'location': 'Levallois-Perret, Île-de-France',
 'salary': None,
 'site': 'Monster',
 'summary': None}
2020-02-22 13:46:49 [scrapy] DEBUG: Scraped from <200 https://www.monster.fr/emploi/recherche/?q=Ing%C3%A9nieur%20>
{'company': 'Alliance Concept Informatique',
 'crawl_url': 'https://www.monster.fr/emploi/recherche/?q=Ing%C3%A9nieur%20',
 'job_title': 'INGÉNIEUR ETUDES ET DÉVELOPPEMENT C#.NET FULL STACK CONFIRME '
              '(H/F)',
 'link_url': 'https://offre-demploi.monster.fr/ingénieur-etudes-et-développement-c-net-full-stack-confirme-h-f-paris-île-de-france-fr-alliance-concept-informatique/214209618',
 'location': 'Paris, Île-de-France',
 'salary': None,
 'site': 'Monster',
 'summary': None}
2020-02-22 13:46:49 [scrapy] DEBUG: Scraped from <200 https://www.monster.fr/emploi/recherche/?q=Ing%C3%A9nieur%20>
{'company': 'BRIDGIN - LEPONT',
 'crawl_url': 'https://www.monster.fr/emploi/recherche/?q=Ing%C3%A9nieur%20',
 'job_title': 'Ingénieur Avant / Après-Vente Solutions Topographiques (H/F)',
 'link_url': 'https://offre-demploi.monster.fr/ingénieur-avant-après-vente-solutions-topographiques-h-f-le-mesnil-le-roi-yvelines-île-de-france-fr-bridgin-lepont/215657545',
 'location': 'Le Mesnil-le-Roi, Île-de-France',
 'salary': None,
 'site': 'Monster',
 'summary': None}
2020-02-22 13:46:49 [scrapy] DEBUG: Scraped from <200 https://www.monster.fr/emploi/recherche/?q=Ing%C3%A9nieur%20>
{'company': None,
 'crawl_url': 'https://www.monster.fr/emploi/recherche/?q=Ing%C3%A9nieur%20',
 'job_title': None,
 'link_url': None,
 'location': None,
 'salary': None,
 'site': 'Monster',
 'summary': None}
2020-02-22 13:46:49 [scrapy] DEBUG: Scraped from <200 https://www.monster.fr/emploi/recherche/?q=Ing%C3%A9nieur%20>
{'company': 'ESN',
 'crawl_url': 'https://www.monster.fr/emploi/recherche/?q=Ing%C3%A9nieur%20',
 'job_title': 'Ingénieur(e) Etudes et développement .NET Confirmé – Rennes H/F',
 'link_url': 'https://offre-demploi.monster.fr/ingénieur-e-etudes-et-développement-net-confirmé-–-rennes-h-f-rennes-ille-et-vilaine-bretagne-fr-esn/214365516',
 'location': 'Rennes, Bretagne',
 'salary': None,
 'site': 'Monster',
 'summary': None}
2020-02-22 13:46:49 [scrapy] DEBUG: Scraped from <200 https://www.monster.fr/emploi/recherche/?q=Ing%C3%A9nieur%20>
{'company': 'Randstad Search',
 'crawl_url': 'https://www.monster.fr/emploi/recherche/?q=Ing%C3%A9nieur%20',
 'job_title': 'Senior Procurement Engineer (F/H)',
 'link_url': 'https://offre-demploi.monster.fr/senior-procurement-engineer-f-h-luxembourg-lu-randstad-search/215619828',
 'location': 'LUXEMBOURG',
 'salary': None,
 'site': 'Monster',
 'summary': None}
2020-02-22 13:46:49 [scrapy] DEBUG: Scraped from <200 https://www.monster.fr/emploi/recherche/?q=Ing%C3%A9nieur%20>
{'company': 'ORANGE NRS OCEAN',
 'crawl_url': 'https://www.monster.fr/emploi/recherche/?q=Ing%C3%A9nieur%20',
 'job_title': 'Ingénieur Concepteur Développeur Java JEE F/H',
 'link_url': 'https://offre-demploi.monster.fr/ingénieur-concepteur-développeur-java-jee-f-h-clichy-hauts-de-seine-île-de-france-fr-orange-nrs-ocean/215782737',
 'location': 'Clichy, Île-de-France',
 'salary': None,
 'site': 'Monster',
 'summary': None}
2020-02-22 13:46:49 [scrapy] DEBUG: Scraped from <200 https://www.monster.fr/emploi/recherche/?q=Ing%C3%A9nieur%20>
{'company': 'ORANGE NRS OCEAN',
 'crawl_url': 'https://www.monster.fr/emploi/recherche/?q=Ing%C3%A9nieur%20',
 'job_title': 'Ingénieur Concepteur Développeur Java/JEE H/F',
 'link_url': 'https://offre-demploi.monster.fr/ingénieur-concepteur-développeur-java-jee-h-f-aix-en-provence-bouches-du-rhône-provence-alpes-côte-dazur-fr-orange-nrs-ocean/215551831',
 'location': "Aix-en-Provence, Provence-Alpes-Côte d'Azur",
 'salary': None,
 'site': 'Monster',
 'summary': None}
2020-02-22 13:46:49 [scrapy] DEBUG: Scraped from <200 https://www.monster.fr/emploi/recherche/?q=Ing%C3%A9nieur%20>
{'company': 'Delane SI',
 'crawl_url': 'https://www.monster.fr/emploi/recherche/?q=Ing%C3%A9nieur%20',
 'job_title': 'Ingénieur Etudes et Développements C#.Net (H/F)',
 'link_url': 'https://offre-demploi.monster.fr/ingénieur-etudes-et-développements-c-net-h-f-paris-paris-île-de-france-fr-delane-si/215747947',
 'location': 'Paris, Île-de-France',
 'salary': None,
 'site': 'Monster',
 'summary': None}
2020-02-22 13:46:49 [scrapy] DEBUG: Scraped from <200 https://www.monster.fr/emploi/recherche/?q=Ing%C3%A9nieur%20>
{'company': 'Novae',
 'crawl_url': 'https://www.monster.fr/emploi/recherche/?q=Ing%C3%A9nieur%20',
 'job_title': 'Ingénieur d\'études et ingénierie de projets "Génie Electrique" '
              '(H/F)',
 'link_url': 'https://offre-demploi.monster.fr/ingénieur-détudes-et-ingénierie-de-projets-génie-electrique-h-f-paris-paris-île-de-france-fr-novae/215851772',
 'location': 'Paris, Île-de-France',
 'salary': None,
 'site': 'Monster',
 'summary': None}
2020-02-22 13:46:49 [scrapy] DEBUG: Scraped from <200 https://www.monster.fr/emploi/recherche/?q=Ing%C3%A9nieur%20>
{'company': 'Artelia Industrie',
 'crawl_url': 'https://www.monster.fr/emploi/recherche/?q=Ing%C3%A9nieur%20',
 'job_title': 'Ingénieur Procédés - Process H/F',
 'link_url': 'https://offre-demploi.monster.fr/ingénieur-procédés-process-h-f-fontenay-sous-bois-val-de-marne-île-de-france-fr-artelia-industrie/215194944',
 'location': 'Fontenay-sous-Bois, Île-de-France',
 'salary': None,
 'site': 'Monster',
 'summary': None}
2020-02-22 13:46:49 [scrapy] DEBUG: Scraped from <200 https://www.monster.fr/emploi/recherche/?q=Ing%C3%A9nieur%20>
{'company': 'Sodifrance',
 'crawl_url': 'https://www.monster.fr/emploi/recherche/?q=Ing%C3%A9nieur%20',
 'job_title': 'Ingénieur(e) Concepteur(trice) JAVA H/F',
 'link_url': 'https://offre-demploi.monster.fr/ingénieur-e-concepteur-trice-java-h-f-nord-hauts-de-france-fr-sodifrance/215474386',
 'location': 'Lille, Hauts-de-France',
 'salary': None,
 'site': 'Monster',
 'summary': None}
2020-02-22 13:46:49 [scrapy] DEBUG: Scraped from <200 https://www.monster.fr/emploi/recherche/?q=Ing%C3%A9nieur%20>
{'company': 'GFI',
 'crawl_url': 'https://www.monster.fr/emploi/recherche/?q=Ing%C3%A9nieur%20',
 'job_title': 'Ingénieur réseaux et sécurité H/F',
 'link_url': 'https://offre-demploi.monster.fr/ingénieur-réseaux-et-sécurité-h-f-nord-hauts-de-france-fr-gfi/215410724',
 'location': 'Lille, Hauts-de-France',
 'salary': None,
 'site': 'Monster',
 'summary': None}
2020-02-22 13:46:49 [scrapy] DEBUG: Scraped from <200 https://www.monster.fr/emploi/recherche/?q=Ing%C3%A9nieur%20>
{'company': "RTE (Réseau de Transport d'Électricité)",
 'crawl_url': 'https://www.monster.fr/emploi/recherche/?q=Ing%C3%A9nieur%20',
 'job_title': 'Ingénieur R&D Electronique de Puissance (H/F)',
 'link_url': 'https://offre-demploi.monster.fr/ingénieur-r-d-electronique-de-puissance-h-f-jonage-rhône-auvergne-rhône-alpes-fr-rte-réseau-de-transport-délectricité/215914953',
 'location': 'Jonage, Auvergne-Rhône-Alpes',
 'salary': None,
 'site': 'Monster',
 'summary': None}
2020-02-22 13:46:49 [scrapy] DEBUG: Scraped from <200 https://www.monster.fr/emploi/recherche/?q=Ing%C3%A9nieur%20>
{'company': None,
 'crawl_url': 'https://www.monster.fr/emploi/recherche/?q=Ing%C3%A9nieur%20',
 'job_title': None,
 'link_url': None,
 'location': None,
 'salary': None,
 'site': 'Monster',
 'summary': None}
2020-02-22 13:46:50 [scrapy] DEBUG: Scraped from <200 https://www.monster.fr/emploi/recherche/?q=Ing%C3%A9nieur%20>
{'company': 'DOCARET',
 'crawl_url': 'https://www.monster.fr/emploi/recherche/?q=Ing%C3%A9nieur%20',
 'job_title': 'Ingénieur Soutien Logistique Intégré - SLI (H/F)',
 'link_url': 'https://offre-demploi.monster.fr/ingénieur-soutien-logistique-intégré-sli-h-f-le-plessis-robinson-hauts-de-seine-île-de-france-fr-docaret/215307822',
 'location': 'Le Plessis-Robinson, Île-de-France',
 'salary': None,
 'site': 'Monster',
 'summary': None}
2020-02-22 13:46:50 [scrapy] DEBUG: Scraped from <200 https://www.monster.fr/emploi/recherche/?q=Ing%C3%A9nieur%20>
{'company': 'Alliance Concept Informatique',
 'crawl_url': 'https://www.monster.fr/emploi/recherche/?q=Ing%C3%A9nieur%20',
 'job_title': "INGENIEUR D'ETUDES BIG DATA (F/H) (H/F)",
 'link_url': 'https://offre-demploi.monster.fr/ingenieur-detudes-big-data-f-h-h-f-paris-paris-île-de-france-fr-alliance-concept-informatique/215085544',
 'location': 'Paris, Île-de-France',
 'salary': None,
 'site': 'Monster',
 'summary': None}
2020-02-22 13:46:50 [scrapy] DEBUG: Scraped from <200 https://www.monster.fr/emploi/recherche/?q=Ing%C3%A9nieur%20>
{'company': 'MARTIN BELAYSOUD SA',
 'crawl_url': 'https://www.monster.fr/emploi/recherche/?q=Ing%C3%A9nieur%20',
 'job_title': "Ingénieur d'Etudes (h/f) Informatique",
 'link_url': 'https://offre-demploi.monster.fr/ingénieur-detudes-h-f-informatique-bourg-en-bresse-ain-auvergne-rhône-alpes-fr-martin-belaysoud-sa/215484046',
 'location': 'Bourg-en-Bresse, Auvergne-Rhône-Alpes',
 'salary': None,
 'site': 'Monster',
 'summary': None}
2020-02-22 13:46:50 [scrapy] DEBUG: Scraped from <200 https://www.monster.fr/emploi/recherche/?q=Ing%C3%A9nieur%20>
{'company': 'CGC engineering S.à r.l.',
 'crawl_url': 'https://www.monster.fr/emploi/recherche/?q=Ing%C3%A9nieur%20',
 'job_title': 'Coordinateur Sécurité et Santé (m/f) ou Technicien ou Ouvrier '
              'qualifié (m/f)',
 'link_url': 'https://offre-demploi.monster.fr/coordinateur-sécurité-et-santé-m-f-ou-technicien-ou-ouvrier-qualifié-m-f-keispelt-luxembourg-lu-cgc-engineering-s-à-r-l/215192022',
 'location': 'Keispelt, Luxembourg',
 'salary': None,
 'site': 'Monster',
 'summary': None}
2020-02-22 13:46:50 [scrapy] DEBUG: Scraped from <200 https://www.monster.fr/emploi/recherche/?q=Ing%C3%A9nieur%20>
{'company': 'GFI',
 'crawl_url': 'https://www.monster.fr/emploi/recherche/?q=Ing%C3%A9nieur%20',
 'job_title': 'Administrateurs / Ingénieurs Système H/F',
 'link_url': 'https://offre-demploi.monster.fr/administrateurs-ingénieurs-système-h-f-nord-hauts-de-france-fr-gfi/215413361',
 'location': 'Lille, Hauts-de-France',
 'salary': None,
 'site': 'Monster',
 'summary': None}
2020-02-22 13:46:50 [scrapy] DEBUG: Scraped from <200 https://www.monster.fr/emploi/recherche/?q=Ing%C3%A9nieur%20>
{'company': "RTE (Réseau de Transport d'Électricité)",
 'crawl_url': 'https://www.monster.fr/emploi/recherche/?q=Ing%C3%A9nieur%20',
 'job_title': 'Ingénieur Maintenance Equipements Electronique de Puissance '
              '(H/F)',
 'link_url': 'https://offre-demploi.monster.fr/ingénieur-maintenance-equipements-electronique-de-puissance-h-f-jonage-rhône-auvergne-rhône-alpes-fr-rte-réseau-de-transport-délectricité/215914803',
 'location': 'Jonage, Auvergne-Rhône-Alpes',
 'salary': None,
 'site': 'Monster',
 'summary': None}
2020-02-22 13:46:51 [scrapy] DEBUG: Scraped from <200 https://www.monster.fr/emploi/recherche/?q=Ing%C3%A9nieur%20>
{'company': 'UTI Group',
 'crawl_url': 'https://www.monster.fr/emploi/recherche/?q=Ing%C3%A9nieur%20',
 'job_title': 'Ingénieur Etudes et Développement JAVA JEE (H/F)',
 'link_url': 'https://offre-demploi.monster.fr/ingénieur-etudes-et-développement-java-jee-h-f-levallois-perret-hauts-de-seine-île-de-france-fr-uti-group/214223373',
 'location': 'Levallois-Perret, Île-de-France',
 'salary': None,
 'site': 'Monster',
 'summary': None}
2020-02-22 13:46:51 [scrapy] DEBUG: Scraped from <200 https://www.monster.fr/emploi/recherche/?q=Ing%C3%A9nieur%20>
{'company': 'Sodifrance',
 'crawl_url': 'https://www.monster.fr/emploi/recherche/?q=Ing%C3%A9nieur%20',
 'job_title': 'Ingénieur système (H/F)',
 'link_url': 'https://offre-demploi.monster.fr/ingénieur-système-h-f-paris-paris-île-de-france-fr-sodifrance/215890927',
 'location': 'Paris, Île-de-France',
 'salary': None,
 'site': 'Monster',
 'summary': None}
2020-02-22 13:46:51 [scrapy] DEBUG: Scraped from <200 https://www.monster.fr/emploi/recherche/?q=Ing%C3%A9nieur%20>
{'company': 'CNAMTS',
 'crawl_url': 'https://www.monster.fr/emploi/recherche/?q=Ing%C3%A9nieur%20',
 'job_title': 'Ingénieur infrastructure du SI / DevOps H/F',
 'link_url': 'https://offre-demploi.monster.fr/ingénieur-infrastructure-du-si-devops-h-f-angers-maine-et-loire-pays-de-la-loire-fr-cnamts/215503273',
 'location': 'Angers, Pays-de-la-Loire',
 'salary': None,
 'site': 'Monster',
 'summary': None}
2020-02-22 13:46:51 [scrapy] DEBUG: Scraped from <200 https://www.monster.fr/emploi/recherche/?q=Ing%C3%A9nieur%20>
{'company': 'Jean Schmit Engineering',
 'crawl_url': 'https://www.monster.fr/emploi/recherche/?q=Ing%C3%A9nieur%20',
 'job_title': 'Ingénieur électricité expérimenté (H/F) emploi basé au '
              'Luxembourg',
 'link_url': 'https://offre-demploi.monster.fr/ingénieur-électricité-expérimenté-h-f-emploi-basé-au-luxembourg-metz-moselle-grand-est-fr-jean-schmit-engineering/215645218',
 'location': 'Metz, Grand Est',
 'salary': None,
 'site': 'Monster',
 'summary': None}
2020-02-22 13:46:51 [scrapy] DEBUG: Scraped from <200 https://www.monster.fr/emploi/recherche/?q=Ing%C3%A9nieur%20>
{'company': 'Alliance Concept Informatique',
 'crawl_url': 'https://www.monster.fr/emploi/recherche/?q=Ing%C3%A9nieur%20',
 'job_title': 'INGENIEUR ETUDES ET DEVELOPPEMENT FRONT ANGULAR (H/F)',
 'link_url': 'https://offre-demploi.monster.fr/ingenieur-etudes-et-developpement-front-angular-h-f-paris-île-de-france-fr-alliance-concept-informatique/208846415',
 'location': 'Paris, Île-de-France',
 'salary': None,
 'site': 'Monster',
 'summary': None}
2020-02-22 13:46:51 [scrapy] INFO: Closing spider (finished)
2020-02-22 13:46:51 [scrapy] INFO: Dumping Scrapy stats:
{'downloader/request_bytes': 473,
 'downloader/request_count': 2,
 'downloader/request_method_count/GET': 2,
 'downloader/response_bytes': 50996,
 'downloader/response_count': 2,
 'downloader/response_status_count/200': 2,
 'elapsed_time_seconds': 6.062642,
 'finish_reason': 'finished',
 'finish_time': datetime.datetime(2020, 2, 22, 13, 46, 51, 548176),
 'item_scraped_count': 30,
 'log_count/DEBUG': 124,
 'log_count/INFO': 37,
 'memusage/max': 74067968,
 'memusage/startup': 74067968,
 'response_received_count': 2,
 'robotstxt/request_count': 1,
 'robotstxt/response_count': 1,
 'robotstxt/response_status_count/200': 1,
 'scheduler/dequeued': 1,
 'scheduler/dequeued/memory': 1,
 'scheduler/enqueued': 1,
 'scheduler/enqueued/memory': 1,
 'start_time': datetime.datetime(2020, 2, 22, 13, 46, 45, 485534)}
2020-02-22 13:46:51 [scrapy] INFO: Spider closed (finished)
